nohup: ignoring input
Couldn't import dot_parser, loading of dot files will not be possible.
WARNING (theano.sandbox.cuda): The cuda backend is deprecated and will be removed in the next release.  Please switch to the gpuarray backend. You can get more information about how to switch at this URL:
 https://github.com/Theano/Theano/wiki/Converting-to-the-new-gpu-back-end%28gpuarray%29

Using gpu device 1: GeForce GTX TITAN X (CNMeM is disabled, cuDNN 5103)
(93430, 300) (25000, 1100) (25000, 1085)
dec = True model = ours + lstm lambda = 0.0 share = False #class = 8 drop = 0.0 update = adam2
Compiling function
Compilation done 1
Compilation done 2
Epoch = 1
10/250  Train Acc = 0.400000
20/250  Train Acc = 0.190000
30/250  Train Acc = 0.420000
40/250  Train Acc = 0.340000
50/250  Train Acc = 0.440000
60/250  Train Acc = 0.460000
70/250  Train Acc = 0.450000
80/250  Train Acc = 0.370000
90/250  Train Acc = 0.390000
100/250  Train Acc = 0.310000
110/250  Train Acc = 0.420000
120/250  Train Acc = 0.400000
130/250  Train Acc = 0.380000
140/250  Train Acc = 0.430000
150/250  Train Acc = 0.440000
160/250  Train Acc = 0.440000
170/250  Train Acc = 0.380000
180/250  Train Acc = 0.470000
190/250  Train Acc = 0.530000
200/250  Train Acc = 0.360000
210/250  Train Acc = 0.420000
220/250  Train Acc = 0.400000
230/250  Train Acc = 0.500000
240/250  Train Acc = 0.430000
250/250  Train Acc = 0.390000
	Train cost = 1.593938,	Accuracy = 0.384360
10/250  Test Acc = 0.360000
20/250  Test Acc = 0.450000
30/250  Test Acc = 0.490000
40/250  Test Acc = 0.420000
50/250  Test Acc = 0.420000
60/250  Test Acc = 0.530000
70/250  Test Acc = 0.300000
80/250  Test Acc = 0.470000
90/250  Test Acc = 0.400000
100/250  Test Acc = 0.400000
110/250  Test Acc = 0.360000
120/250  Test Acc = 0.340000
130/250  Test Acc = 0.360000
140/250  Test Acc = 0.430000
150/250  Test Acc = 0.460000
160/250  Test Acc = 0.450000
170/250  Test Acc = 0.350000
180/250  Test Acc = 0.530000
190/250  Test Acc = 0.570000
200/250  Test Acc = 0.510000
210/250  Test Acc = 0.360000
220/250  Test Acc = 0.410000
230/250  Test Acc = 0.540000
240/250  Test Acc = 0.440000
250/250  Test Acc = 0.470000
	Test cost = 1.475357,	Accuracy = 0.423480
Epoch = 2
10/250  Train Acc = 0.480000
20/250  Train Acc = 0.370000
30/250  Train Acc = 0.480000
40/250  Train Acc = 0.430000
50/250  Train Acc = 0.490000
60/250  Train Acc = 0.500000
70/250  Train Acc = 0.510000
80/250  Train Acc = 0.390000
90/250  Train Acc = 0.450000
100/250  Train Acc = 0.420000
110/250  Train Acc = 0.460000
120/250  Train Acc = 0.410000
130/250  Train Acc = 0.380000
140/250  Train Acc = 0.460000
150/250  Train Acc = 0.410000
160/250  Train Acc = 0.500000
170/250  Train Acc = 0.400000
180/250  Train Acc = 0.510000
190/250  Train Acc = 0.570000
200/250  Train Acc = 0.370000
210/250  Train Acc = 0.430000
220/250  Train Acc = 0.390000
230/250  Train Acc = 0.510000
240/250  Train Acc = 0.420000
250/250  Train Acc = 0.440000
	Train cost = 1.426017,	Accuracy = 0.441360
10/250  Test Acc = 0.410000
20/250  Test Acc = 0.460000
30/250  Test Acc = 0.530000
40/250  Test Acc = 0.420000
50/250  Test Acc = 0.460000
60/250  Test Acc = 0.580000
70/250  Test Acc = 0.330000
80/250  Test Acc = 0.500000
90/250  Test Acc = 0.420000
100/250  Test Acc = 0.430000
110/250  Test Acc = 0.420000
120/250  Test Acc = 0.400000
130/250  Test Acc = 0.360000
140/250  Test Acc = 0.440000
150/250  Test Acc = 0.440000
160/250  Test Acc = 0.490000
170/250  Test Acc = 0.370000
180/250  Test Acc = 0.550000
190/250  Test Acc = 0.610000
200/250  Test Acc = 0.510000
210/250  Test Acc = 0.360000
220/250  Test Acc = 0.410000
230/250  Test Acc = 0.530000
240/250  Test Acc = 0.450000
250/250  Test Acc = 0.480000
	Test cost = 1.433493,	Accuracy = 0.439000
Epoch = 3
10/250  Train Acc = 0.480000
20/250  Train Acc = 0.430000
30/250  Train Acc = 0.490000
40/250  Train Acc = 0.450000
50/250  Train Acc = 0.490000
60/250  Train Acc = 0.450000
70/250  Train Acc = 0.530000
80/250  Train Acc = 0.420000
90/250  Train Acc = 0.460000
100/250  Train Acc = 0.410000
110/250  Train Acc = 0.470000
120/250  Train Acc = 0.430000
130/250  Train Acc = 0.390000
140/250  Train Acc = 0.500000
150/250  Train Acc = 0.420000
160/250  Train Acc = 0.530000
170/250  Train Acc = 0.460000
180/250  Train Acc = 0.500000
190/250  Train Acc = 0.580000
200/250  Train Acc = 0.380000
210/250  Train Acc = 0.430000
220/250  Train Acc = 0.420000
230/250  Train Acc = 0.500000
240/250  Train Acc = 0.470000
250/250  Train Acc = 0.480000
	Train cost = 1.373906,	Accuracy = 0.458000
10/250  Test Acc = 0.430000
20/250  Test Acc = 0.500000
30/250  Test Acc = 0.510000
40/250  Test Acc = 0.420000
50/250  Test Acc = 0.460000
60/250  Test Acc = 0.580000
70/250  Test Acc = 0.310000
80/250  Test Acc = 0.490000
90/250  Test Acc = 0.450000
100/250  Test Acc = 0.420000
110/250  Test Acc = 0.410000
120/250  Test Acc = 0.390000
130/250  Test Acc = 0.370000
140/250  Test Acc = 0.450000
150/250  Test Acc = 0.470000
160/250  Test Acc = 0.530000
170/250  Test Acc = 0.360000
180/250  Test Acc = 0.560000
190/250  Test Acc = 0.620000
200/250  Test Acc = 0.560000
210/250  Test Acc = 0.370000
220/250  Test Acc = 0.430000
230/250  Test Acc = 0.540000
240/250  Test Acc = 0.440000
250/250  Test Acc = 0.450000
	Test cost = 1.423751,	Accuracy = 0.443080
Epoch = 4
10/250  Train Acc = 0.500000
20/250  Train Acc = 0.450000
30/250  Train Acc = 0.520000
40/250  Train Acc = 0.470000
50/250  Train Acc = 0.510000
60/250  Train Acc = 0.470000
70/250  Train Acc = 0.490000
80/250  Train Acc = 0.450000
90/250  Train Acc = 0.500000
100/250  Train Acc = 0.460000
110/250  Train Acc = 0.450000
120/250  Train Acc = 0.420000
130/250  Train Acc = 0.430000
140/250  Train Acc = 0.530000
150/250  Train Acc = 0.450000
160/250  Train Acc = 0.530000
170/250  Train Acc = 0.500000
180/250  Train Acc = 0.530000
190/250  Train Acc = 0.610000
200/250  Train Acc = 0.400000
210/250  Train Acc = 0.450000
220/250  Train Acc = 0.450000
230/250  Train Acc = 0.540000
240/250  Train Acc = 0.490000
250/250  Train Acc = 0.480000
	Train cost = 1.330485,	Accuracy = 0.476320
10/250  Test Acc = 0.410000
20/250  Test Acc = 0.500000
30/250  Test Acc = 0.510000
40/250  Test Acc = 0.430000
50/250  Test Acc = 0.450000
60/250  Test Acc = 0.580000
70/250  Test Acc = 0.310000
80/250  Test Acc = 0.500000
90/250  Test Acc = 0.460000
100/250  Test Acc = 0.440000
110/250  Test Acc = 0.410000
120/250  Test Acc = 0.380000
130/250  Test Acc = 0.360000
140/250  Test Acc = 0.440000
150/250  Test Acc = 0.460000
160/250  Test Acc = 0.540000
170/250  Test Acc = 0.380000
180/250  Test Acc = 0.540000
190/250  Test Acc = 0.610000
200/250  Test Acc = 0.580000
210/250  Test Acc = 0.380000
220/250  Test Acc = 0.450000
230/250  Test Acc = 0.510000
240/250  Test Acc = 0.450000
250/250  Test Acc = 0.450000
	Test cost = 1.425860,	Accuracy = 0.445440
Epoch = 5
10/250  Train Acc = 0.510000
20/250  Train Acc = 0.430000
30/250  Train Acc = 0.550000
40/250  Train Acc = 0.450000
50/250  Train Acc = 0.510000
60/250  Train Acc = 0.480000
70/250  Train Acc = 0.500000
80/250  Train Acc = 0.460000
90/250  Train Acc = 0.540000
100/250  Train Acc = 0.470000
110/250  Train Acc = 0.460000
120/250  Train Acc = 0.420000
130/250  Train Acc = 0.430000
140/250  Train Acc = 0.570000
150/250  Train Acc = 0.450000
160/250  Train Acc = 0.550000
170/250  Train Acc = 0.520000
180/250  Train Acc = 0.570000
190/250  Train Acc = 0.630000
200/250  Train Acc = 0.410000
210/250  Train Acc = 0.500000
220/250  Train Acc = 0.460000
230/250  Train Acc = 0.540000
240/250  Train Acc = 0.510000
250/250  Train Acc = 0.500000
	Train cost = 1.287080,	Accuracy = 0.493400
10/250  Test Acc = 0.420000
20/250  Test Acc = 0.510000
30/250  Test Acc = 0.530000
40/250  Test Acc = 0.450000
50/250  Test Acc = 0.460000
60/250  Test Acc = 0.590000
70/250  Test Acc = 0.340000
80/250  Test Acc = 0.500000
90/250  Test Acc = 0.490000
100/250  Test Acc = 0.450000
110/250  Test Acc = 0.420000
120/250  Test Acc = 0.420000
130/250  Test Acc = 0.360000
140/250  Test Acc = 0.450000
150/250  Test Acc = 0.460000
160/250  Test Acc = 0.530000
170/250  Test Acc = 0.400000
180/250  Test Acc = 0.530000
190/250  Test Acc = 0.610000
200/250  Test Acc = 0.610000
210/250  Test Acc = 0.390000
220/250  Test Acc = 0.450000
230/250  Test Acc = 0.520000
240/250  Test Acc = 0.450000
250/250  Test Acc = 0.430000
	Test cost = 1.432370,	Accuracy = 0.447400
Epoch = 6
10/250  Train Acc = 0.500000
20/250  Train Acc = 0.450000
30/250  Train Acc = 0.540000
40/250  Train Acc = 0.490000
50/250  Train Acc = 0.530000
60/250  Train Acc = 0.540000
70/250  Train Acc = 0.500000
80/250  Train Acc = 0.470000
90/250  Train Acc = 0.530000
100/250  Train Acc = 0.500000
110/250  Train Acc = 0.500000
120/250  Train Acc = 0.450000
130/250  Train Acc = 0.450000
140/250  Train Acc = 0.600000
150/250  Train Acc = 0.490000
160/250  Train Acc = 0.560000
170/250  Train Acc = 0.530000
180/250  Train Acc = 0.590000
190/250  Train Acc = 0.630000
200/250  Train Acc = 0.420000
210/250  Train Acc = 0.520000
220/250  Train Acc = 0.470000
230/250  Train Acc = 0.570000
240/250  Train Acc = 0.570000
250/250  Train Acc = 0.490000
	Train cost = 1.238888,	Accuracy = 0.509000
10/250  Test Acc = 0.410000
20/250  Test Acc = 0.530000
30/250  Test Acc = 0.510000
40/250  Test Acc = 0.470000
50/250  Test Acc = 0.500000
60/250  Test Acc = 0.570000
70/250  Test Acc = 0.340000
80/250  Test Acc = 0.490000
90/250  Test Acc = 0.470000
100/250  Test Acc = 0.480000
110/250  Test Acc = 0.450000
120/250  Test Acc = 0.430000
130/250  Test Acc = 0.340000
140/250  Test Acc = 0.420000
150/250  Test Acc = 0.430000
160/250  Test Acc = 0.510000
170/250  Test Acc = 0.390000
180/250  Test Acc = 0.550000
190/250  Test Acc = 0.580000
200/250  Test Acc = 0.570000
210/250  Test Acc = 0.370000
220/250  Test Acc = 0.450000
230/250  Test Acc = 0.520000
240/250  Test Acc = 0.480000
250/250  Test Acc = 0.430000
	Test cost = 1.448192,	Accuracy = 0.447760
Epoch = 7
10/250  Train Acc = 0.530000
20/250  Train Acc = 0.520000
30/250  Train Acc = 0.570000
40/250  Train Acc = 0.500000
50/250  Train Acc = 0.530000
60/250  Train Acc = 0.520000
70/250  Train Acc = 0.510000
80/250  Train Acc = 0.500000
90/250  Train Acc = 0.560000
100/250  Train Acc = 0.520000
110/250  Train Acc = 0.540000
120/250  Train Acc = 0.500000
130/250  Train Acc = 0.430000
140/250  Train Acc = 0.600000
150/250  Train Acc = 0.490000
160/250  Train Acc = 0.550000
170/250  Train Acc = 0.510000
180/250  Train Acc = 0.640000
190/250  Train Acc = 0.640000
200/250  Train Acc = 0.470000
210/250  Train Acc = 0.550000
220/250  Train Acc = 0.520000
230/250  Train Acc = 0.610000
240/250  Train Acc = 0.580000
250/250  Train Acc = 0.490000
	Train cost = 1.186897,	Accuracy = 0.526880
10/250  Test Acc = 0.380000
20/250  Test Acc = 0.520000
30/250  Test Acc = 0.470000
40/250  Test Acc = 0.450000
50/250  Test Acc = 0.480000
60/250  Test Acc = 0.560000
70/250  Test Acc = 0.340000
80/250  Test Acc = 0.490000
90/250  Test Acc = 0.470000
100/250  Test Acc = 0.470000
110/250  Test Acc = 0.460000
120/250  Test Acc = 0.390000
130/250  Test Acc = 0.280000
140/250  Test Acc = 0.400000
150/250  Test Acc = 0.430000
160/250  Test Acc = 0.460000
170/250  Test Acc = 0.390000
180/250  Test Acc = 0.510000
190/250  Test Acc = 0.600000
200/250  Test Acc = 0.560000
210/250  Test Acc = 0.390000
220/250  Test Acc = 0.440000
230/250  Test Acc = 0.520000
240/250  Test Acc = 0.450000
250/250  Test Acc = 0.450000
	Test cost = 1.478281,	Accuracy = 0.444160
Epoch = 8
10/250  Train Acc = 0.530000
20/250  Train Acc = 0.550000
30/250  Train Acc = 0.610000
40/250  Train Acc = 0.530000
50/250  Train Acc = 0.550000
60/250  Train Acc = 0.540000
70/250  Train Acc = 0.510000
80/250  Train Acc = 0.530000
90/250  Train Acc = 0.560000
100/250  Train Acc = 0.480000
110/250  Train Acc = 0.610000
120/250  Train Acc = 0.540000
130/250  Train Acc = 0.460000
140/250  Train Acc = 0.630000
150/250  Train Acc = 0.550000
160/250  Train Acc = 0.600000
170/250  Train Acc = 0.550000
180/250  Train Acc = 0.650000
190/250  Train Acc = 0.640000
200/250  Train Acc = 0.520000
210/250  Train Acc = 0.560000
220/250  Train Acc = 0.540000
230/250  Train Acc = 0.610000
240/250  Train Acc = 0.590000
250/250  Train Acc = 0.500000
	Train cost = 1.132678,	Accuracy = 0.547240
10/250  Test Acc = 0.390000
20/250  Test Acc = 0.550000
30/250  Test Acc = 0.460000
40/250  Test Acc = 0.440000
50/250  Test Acc = 0.450000
60/250  Test Acc = 0.560000
70/250  Test Acc = 0.350000
80/250  Test Acc = 0.530000
90/250  Test Acc = 0.470000
100/250  Test Acc = 0.500000
110/250  Test Acc = 0.470000
120/250  Test Acc = 0.380000
130/250  Test Acc = 0.290000
140/250  Test Acc = 0.400000
150/250  Test Acc = 0.420000
160/250  Test Acc = 0.470000
170/250  Test Acc = 0.370000
180/250  Test Acc = 0.520000
190/250  Test Acc = 0.620000
200/250  Test Acc = 0.580000
210/250  Test Acc = 0.390000
220/250  Test Acc = 0.460000
230/250  Test Acc = 0.530000
240/250  Test Acc = 0.420000
250/250  Test Acc = 0.470000
	Test cost = 1.526843,	Accuracy = 0.437960
Epoch = 9
10/250  Train Acc = 0.570000
20/250  Train Acc = 0.540000
30/250  Train Acc = 0.600000
40/250  Train Acc = 0.530000
50/250  Train Acc = 0.580000
60/250  Train Acc = 0.550000
70/250  Train Acc = 0.540000
80/250  Train Acc = 0.630000
90/250  Train Acc = 0.570000
100/250  Train Acc = 0.560000
110/250  Train Acc = 0.590000
120/250  Train Acc = 0.600000
130/250  Train Acc = 0.490000
140/250  Train Acc = 0.660000
150/250  Train Acc = 0.520000
160/250  Train Acc = 0.580000
170/250  Train Acc = 0.560000
180/250  Train Acc = 0.670000
190/250  Train Acc = 0.630000
200/250  Train Acc = 0.540000
210/250  Train Acc = 0.590000
220/250  Train Acc = 0.550000
230/250  Train Acc = 0.620000
240/250  Train Acc = 0.550000
250/250  Train Acc = 0.500000
	Train cost = 1.078002,	Accuracy = 0.569960
10/250  Test Acc = 0.360000
20/250  Test Acc = 0.510000
30/250  Test Acc = 0.430000
40/250  Test Acc = 0.410000
50/250  Test Acc = 0.430000
60/250  Test Acc = 0.580000
70/250  Test Acc = 0.400000
80/250  Test Acc = 0.510000
90/250  Test Acc = 0.460000
100/250  Test Acc = 0.470000
110/250  Test Acc = 0.450000
120/250  Test Acc = 0.350000
130/250  Test Acc = 0.280000
140/250  Test Acc = 0.370000
150/250  Test Acc = 0.360000
160/250  Test Acc = 0.480000
170/250  Test Acc = 0.390000
180/250  Test Acc = 0.510000
190/250  Test Acc = 0.590000
200/250  Test Acc = 0.580000
210/250  Test Acc = 0.390000
220/250  Test Acc = 0.460000
230/250  Test Acc = 0.540000
240/250  Test Acc = 0.410000
250/250  Test Acc = 0.500000
	Test cost = 1.593560,	Accuracy = 0.430480
Best Epoch = 6, Best MAE/ACC in Test = 0.447760
Written to results/ours_drop_0.0_lamb_0.0_fine.txt
Dump attention to att.pkl
