nohup: ignoring input
Couldn't import dot_parser, loading of dot files will not be possible.
WARNING (theano.sandbox.cuda): The cuda backend is deprecated and will be removed in the next release.  Please switch to the gpuarray backend. You can get more information about how to switch at this URL:
 https://github.com/Theano/Theano/wiki/Converting-to-the-new-gpu-back-end%28gpuarray%29

Using gpu device 1: GeForce GTX TITAN X (CNMeM is disabled, cuDNN 5103)
(93430, 300) (25000, 1100) (25000, 1085)
dec = True model = ours + lstm lambda = 0.0 share = False #class = 2 drop = 0.0 update = adam2
Compiling function
Compilation done 1
Compilation done 2
Epoch = 1
10/250  Train Acc = 0.710000
20/250  Train Acc = 0.710000
30/250  Train Acc = 0.860000
40/250  Train Acc = 0.850000
50/250  Train Acc = 0.820000
60/250  Train Acc = 0.840000
70/250  Train Acc = 0.880000
80/250  Train Acc = 0.820000
90/250  Train Acc = 0.870000
100/250  Train Acc = 0.850000
110/250  Train Acc = 0.850000
120/250  Train Acc = 0.880000
130/250  Train Acc = 0.850000
140/250  Train Acc = 0.800000
150/250  Train Acc = 0.900000
160/250  Train Acc = 0.920000
170/250  Train Acc = 0.870000
180/250  Train Acc = 0.910000
190/250  Train Acc = 0.850000
200/250  Train Acc = 0.880000
210/250  Train Acc = 0.850000
220/250  Train Acc = 0.860000
230/250  Train Acc = 0.850000
240/250  Train Acc = 0.910000
250/250  Train Acc = 0.910000
	Train cost = 0.346337,	Accuracy = 0.847960
10/250  Test Acc = 0.860000
20/250  Test Acc = 0.880000
30/250  Test Acc = 0.900000
40/250  Test Acc = 0.850000
50/250  Test Acc = 0.920000
60/250  Test Acc = 0.860000
70/250  Test Acc = 0.870000
80/250  Test Acc = 0.930000
90/250  Test Acc = 0.930000
100/250  Test Acc = 0.810000
110/250  Test Acc = 0.900000
120/250  Test Acc = 0.910000
130/250  Test Acc = 0.910000
140/250  Test Acc = 0.930000
150/250  Test Acc = 0.910000
160/250  Test Acc = 0.910000
170/250  Test Acc = 0.890000
180/250  Test Acc = 0.850000
190/250  Test Acc = 0.910000
200/250  Test Acc = 0.970000
210/250  Test Acc = 0.890000
220/250  Test Acc = 0.870000
230/250  Test Acc = 0.850000
240/250  Test Acc = 0.860000
250/250  Test Acc = 0.870000
	Test cost = 0.278693,	Accuracy = 0.884240
Epoch = 2
10/250  Train Acc = 0.840000
20/250  Train Acc = 0.950000
30/250  Train Acc = 0.920000
40/250  Train Acc = 0.960000
50/250  Train Acc = 0.890000
60/250  Train Acc = 0.870000
70/250  Train Acc = 0.890000
80/250  Train Acc = 0.860000
90/250  Train Acc = 0.870000
100/250  Train Acc = 0.860000
110/250  Train Acc = 0.840000
120/250  Train Acc = 0.910000
130/250  Train Acc = 0.890000
140/250  Train Acc = 0.860000
150/250  Train Acc = 0.890000
160/250  Train Acc = 0.920000
170/250  Train Acc = 0.890000
180/250  Train Acc = 0.920000
190/250  Train Acc = 0.890000
200/250  Train Acc = 0.860000
210/250  Train Acc = 0.910000
220/250  Train Acc = 0.860000
230/250  Train Acc = 0.860000
240/250  Train Acc = 0.910000
250/250  Train Acc = 0.920000
	Train cost = 0.263797,	Accuracy = 0.892160
10/250  Test Acc = 0.860000
20/250  Test Acc = 0.880000
30/250  Test Acc = 0.910000
40/250  Test Acc = 0.860000
50/250  Test Acc = 0.930000
60/250  Test Acc = 0.880000
70/250  Test Acc = 0.870000
80/250  Test Acc = 0.930000
90/250  Test Acc = 0.920000
100/250  Test Acc = 0.820000
110/250  Test Acc = 0.910000
120/250  Test Acc = 0.920000
130/250  Test Acc = 0.930000
140/250  Test Acc = 0.920000
150/250  Test Acc = 0.910000
160/250  Test Acc = 0.930000
170/250  Test Acc = 0.890000
180/250  Test Acc = 0.850000
190/250  Test Acc = 0.900000
200/250  Test Acc = 0.980000
210/250  Test Acc = 0.910000
220/250  Test Acc = 0.880000
230/250  Test Acc = 0.860000
240/250  Test Acc = 0.870000
250/250  Test Acc = 0.840000
	Test cost = 0.259851,	Accuracy = 0.895160
Epoch = 3
10/250  Train Acc = 0.880000
20/250  Train Acc = 0.960000
30/250  Train Acc = 0.940000
40/250  Train Acc = 0.950000
50/250  Train Acc = 0.910000
60/250  Train Acc = 0.890000
70/250  Train Acc = 0.910000
80/250  Train Acc = 0.900000
90/250  Train Acc = 0.900000
100/250  Train Acc = 0.910000
110/250  Train Acc = 0.870000
120/250  Train Acc = 0.920000
130/250  Train Acc = 0.940000
140/250  Train Acc = 0.870000
150/250  Train Acc = 0.910000
160/250  Train Acc = 0.940000
170/250  Train Acc = 0.900000
180/250  Train Acc = 0.930000
190/250  Train Acc = 0.900000
200/250  Train Acc = 0.880000
210/250  Train Acc = 0.930000
220/250  Train Acc = 0.880000
230/250  Train Acc = 0.900000
240/250  Train Acc = 0.930000
250/250  Train Acc = 0.920000
	Train cost = 0.238455,	Accuracy = 0.905200
10/250  Test Acc = 0.840000
20/250  Test Acc = 0.890000
30/250  Test Acc = 0.910000
40/250  Test Acc = 0.880000
50/250  Test Acc = 0.910000
60/250  Test Acc = 0.890000
70/250  Test Acc = 0.900000
80/250  Test Acc = 0.920000
90/250  Test Acc = 0.900000
100/250  Test Acc = 0.810000
110/250  Test Acc = 0.910000
120/250  Test Acc = 0.920000
130/250  Test Acc = 0.920000
140/250  Test Acc = 0.920000
150/250  Test Acc = 0.920000
160/250  Test Acc = 0.900000
170/250  Test Acc = 0.910000
180/250  Test Acc = 0.870000
190/250  Test Acc = 0.900000
200/250  Test Acc = 0.980000
210/250  Test Acc = 0.900000
220/250  Test Acc = 0.890000
230/250  Test Acc = 0.870000
240/250  Test Acc = 0.870000
250/250  Test Acc = 0.850000
	Test cost = 0.254562,	Accuracy = 0.898640
Epoch = 4
10/250  Train Acc = 0.910000
20/250  Train Acc = 0.970000
30/250  Train Acc = 0.950000
40/250  Train Acc = 0.940000
50/250  Train Acc = 0.910000
60/250  Train Acc = 0.900000
70/250  Train Acc = 0.910000
80/250  Train Acc = 0.890000
90/250  Train Acc = 0.930000
100/250  Train Acc = 0.900000
110/250  Train Acc = 0.930000
120/250  Train Acc = 0.920000
130/250  Train Acc = 0.930000
140/250  Train Acc = 0.880000
150/250  Train Acc = 0.930000
160/250  Train Acc = 0.960000
170/250  Train Acc = 0.910000
180/250  Train Acc = 0.930000
190/250  Train Acc = 0.910000
200/250  Train Acc = 0.880000
210/250  Train Acc = 0.940000
220/250  Train Acc = 0.870000
230/250  Train Acc = 0.910000
240/250  Train Acc = 0.930000
250/250  Train Acc = 0.950000
	Train cost = 0.216866,	Accuracy = 0.915560
10/250  Test Acc = 0.850000
20/250  Test Acc = 0.890000
30/250  Test Acc = 0.900000
40/250  Test Acc = 0.890000
50/250  Test Acc = 0.890000
60/250  Test Acc = 0.870000
70/250  Test Acc = 0.880000
80/250  Test Acc = 0.920000
90/250  Test Acc = 0.930000
100/250  Test Acc = 0.820000
110/250  Test Acc = 0.910000
120/250  Test Acc = 0.940000
130/250  Test Acc = 0.940000
140/250  Test Acc = 0.930000
150/250  Test Acc = 0.920000
160/250  Test Acc = 0.890000
170/250  Test Acc = 0.920000
180/250  Test Acc = 0.870000
190/250  Test Acc = 0.910000
200/250  Test Acc = 0.980000
210/250  Test Acc = 0.890000
220/250  Test Acc = 0.890000
230/250  Test Acc = 0.860000
240/250  Test Acc = 0.880000
250/250  Test Acc = 0.850000
	Test cost = 0.255298,	Accuracy = 0.899720
Epoch = 5
10/250  Train Acc = 0.910000
20/250  Train Acc = 0.970000
30/250  Train Acc = 0.960000
40/250  Train Acc = 0.940000
50/250  Train Acc = 0.930000
60/250  Train Acc = 0.900000
70/250  Train Acc = 0.930000
80/250  Train Acc = 0.910000
90/250  Train Acc = 0.940000
100/250  Train Acc = 0.910000
110/250  Train Acc = 0.940000
120/250  Train Acc = 0.940000
130/250  Train Acc = 0.950000
140/250  Train Acc = 0.900000
150/250  Train Acc = 0.930000
160/250  Train Acc = 0.970000
170/250  Train Acc = 0.900000
180/250  Train Acc = 0.940000
190/250  Train Acc = 0.930000
200/250  Train Acc = 0.870000
210/250  Train Acc = 0.950000
220/250  Train Acc = 0.900000
230/250  Train Acc = 0.910000
240/250  Train Acc = 0.930000
250/250  Train Acc = 0.950000
	Train cost = 0.194007,	Accuracy = 0.924560
10/250  Test Acc = 0.860000
20/250  Test Acc = 0.880000
30/250  Test Acc = 0.900000
40/250  Test Acc = 0.910000
50/250  Test Acc = 0.890000
60/250  Test Acc = 0.890000
70/250  Test Acc = 0.870000
80/250  Test Acc = 0.920000
90/250  Test Acc = 0.920000
100/250  Test Acc = 0.860000
110/250  Test Acc = 0.920000
120/250  Test Acc = 0.950000
130/250  Test Acc = 0.920000
140/250  Test Acc = 0.930000
150/250  Test Acc = 0.910000
160/250  Test Acc = 0.890000
170/250  Test Acc = 0.910000
180/250  Test Acc = 0.880000
190/250  Test Acc = 0.910000
200/250  Test Acc = 0.980000
210/250  Test Acc = 0.890000
220/250  Test Acc = 0.890000
230/250  Test Acc = 0.860000
240/250  Test Acc = 0.890000
250/250  Test Acc = 0.840000
	Test cost = 0.264658,	Accuracy = 0.898720
Epoch = 6
10/250  Train Acc = 0.930000
20/250  Train Acc = 0.970000
30/250  Train Acc = 0.980000
40/250  Train Acc = 0.950000
50/250  Train Acc = 0.920000
60/250  Train Acc = 0.900000
70/250  Train Acc = 0.940000
80/250  Train Acc = 0.930000
90/250  Train Acc = 0.930000
100/250  Train Acc = 0.920000
110/250  Train Acc = 0.930000
120/250  Train Acc = 0.940000
130/250  Train Acc = 0.970000
140/250  Train Acc = 0.930000
150/250  Train Acc = 0.930000
160/250  Train Acc = 0.970000
170/250  Train Acc = 0.900000
180/250  Train Acc = 0.970000
190/250  Train Acc = 0.950000
200/250  Train Acc = 0.880000
210/250  Train Acc = 0.980000
220/250  Train Acc = 0.930000
230/250  Train Acc = 0.920000
240/250  Train Acc = 0.930000
250/250  Train Acc = 0.950000
	Train cost = 0.171073,	Accuracy = 0.936440
10/250  Test Acc = 0.870000
20/250  Test Acc = 0.880000
30/250  Test Acc = 0.900000
40/250  Test Acc = 0.910000
50/250  Test Acc = 0.890000
60/250  Test Acc = 0.910000
70/250  Test Acc = 0.880000
80/250  Test Acc = 0.920000
90/250  Test Acc = 0.920000
100/250  Test Acc = 0.850000
110/250  Test Acc = 0.900000
120/250  Test Acc = 0.930000
130/250  Test Acc = 0.900000
140/250  Test Acc = 0.950000
150/250  Test Acc = 0.910000
160/250  Test Acc = 0.890000
170/250  Test Acc = 0.910000
180/250  Test Acc = 0.890000
190/250  Test Acc = 0.900000
200/250  Test Acc = 0.970000
210/250  Test Acc = 0.890000
220/250  Test Acc = 0.900000
230/250  Test Acc = 0.860000
240/250  Test Acc = 0.860000
250/250  Test Acc = 0.840000
	Test cost = 0.278335,	Accuracy = 0.895760
Epoch = 7
10/250  Train Acc = 0.920000
20/250  Train Acc = 0.970000
30/250  Train Acc = 0.980000
40/250  Train Acc = 0.930000
50/250  Train Acc = 0.890000
60/250  Train Acc = 0.920000
70/250  Train Acc = 0.980000
80/250  Train Acc = 0.890000
90/250  Train Acc = 0.920000
100/250  Train Acc = 0.900000
110/250  Train Acc = 0.920000
120/250  Train Acc = 0.970000
130/250  Train Acc = 0.970000
140/250  Train Acc = 0.930000
150/250  Train Acc = 0.960000
160/250  Train Acc = 0.970000
170/250  Train Acc = 0.920000
180/250  Train Acc = 0.970000
190/250  Train Acc = 0.950000
200/250  Train Acc = 0.900000
210/250  Train Acc = 0.980000
220/250  Train Acc = 0.950000
230/250  Train Acc = 0.920000
240/250  Train Acc = 0.940000
250/250  Train Acc = 0.960000
	Train cost = 0.151109,	Accuracy = 0.943600
10/250  Test Acc = 0.860000
20/250  Test Acc = 0.850000
30/250  Test Acc = 0.890000
40/250  Test Acc = 0.900000
50/250  Test Acc = 0.910000
60/250  Test Acc = 0.880000
70/250  Test Acc = 0.860000
80/250  Test Acc = 0.910000
90/250  Test Acc = 0.900000
100/250  Test Acc = 0.860000
110/250  Test Acc = 0.920000
120/250  Test Acc = 0.930000
130/250  Test Acc = 0.910000
140/250  Test Acc = 0.940000
150/250  Test Acc = 0.910000
160/250  Test Acc = 0.890000
170/250  Test Acc = 0.900000
180/250  Test Acc = 0.880000
190/250  Test Acc = 0.900000
200/250  Test Acc = 0.960000
210/250  Test Acc = 0.860000
220/250  Test Acc = 0.890000
230/250  Test Acc = 0.860000
240/250  Test Acc = 0.850000
250/250  Test Acc = 0.840000
	Test cost = 0.300048,	Accuracy = 0.893000
Best Epoch = 4, Best MAE/ACC in Test = 0.899720
Written to results/ours_drop_0.0_lamb_0.0_hid_128.txt
Dump attention to att.pkl
