nohup: ignoring input
Couldn't import dot_parser, loading of dot files will not be possible.
WARNING (theano.sandbox.cuda): The cuda backend is deprecated and will be removed in the next release.  Please switch to the gpuarray backend. You can get more information about how to switch at this URL:
 https://github.com/Theano/Theano/wiki/Converting-to-the-new-gpu-back-end%28gpuarray%29

Using gpu device 1: GeForce GTX TITAN X (CNMeM is disabled, cuDNN 5103)
(93430, 300) (25000, 1100) (25000, 1085)
dec = True model = parnn + lstm lambda = 0.1 share = False #class = 2 drop = 0.0 update = adam2
Compiling function
Compilation done 1
Compilation done 2
Epoch = 1
10/250  Train Acc = 0.560000
0.708127915859 0.66296184063
20/250  Train Acc = 0.860000
0.533184051514 0.498598188162
30/250  Train Acc = 0.790000
0.476662069559 0.443623304367
40/250  Train Acc = 0.840000
0.43570291996 0.406151115894
50/250  Train Acc = 0.800000
0.50289106369 0.477495759726
60/250  Train Acc = 0.840000
0.372876703739 0.348640650511
70/250  Train Acc = 0.830000
0.377789855003 0.359571248293
80/250  Train Acc = 0.800000
0.4108286798 0.39248034358
90/250  Train Acc = 0.830000
0.404706716537 0.383898794651
100/250  Train Acc = 0.850000
0.324332594872 0.302123606205
110/250  Train Acc = 0.860000
0.309489876032 0.288683652878
120/250  Train Acc = 0.880000
0.281124591827 0.263021737337
130/250  Train Acc = 0.890000
0.318624138832 0.300745993853
140/250  Train Acc = 0.860000
0.266094148159 0.249884739518
150/250  Train Acc = 0.890000
0.304114371538 0.289903819561
160/250  Train Acc = 0.920000
0.231139287353 0.217789933085
170/250  Train Acc = 0.860000
0.251949965954 0.238954946399
180/250  Train Acc = 0.890000
0.293151557446 0.281007766724
190/250  Train Acc = 0.870000
0.367246717215 0.353902310133
200/250  Train Acc = 0.860000
0.342618077993 0.327418386936
210/250  Train Acc = 0.910000
0.294660776854 0.279219597578
220/250  Train Acc = 0.800000
0.387392103672 0.375448077917
230/250  Train Acc = 0.890000
0.360449790955 0.348851889372
240/250  Train Acc = 0.860000
0.340854734182 0.33020183444
250/250  Train Acc = 0.860000
0.353599369526 0.343340337276
	Train cost = 0.369266,	Accuracy = 0.843400
10/250  Test Acc = 0.960000
20/250  Test Acc = 0.920000
30/250  Test Acc = 0.890000
40/250  Test Acc = 0.870000
50/250  Test Acc = 0.900000
60/250  Test Acc = 0.910000
70/250  Test Acc = 0.900000
80/250  Test Acc = 0.900000
90/250  Test Acc = 0.930000
100/250  Test Acc = 0.830000
110/250  Test Acc = 0.980000
120/250  Test Acc = 0.920000
130/250  Test Acc = 0.840000
140/250  Test Acc = 0.890000
150/250  Test Acc = 0.880000
160/250  Test Acc = 0.900000
170/250  Test Acc = 0.910000
180/250  Test Acc = 0.920000
190/250  Test Acc = 0.880000
200/250  Test Acc = 0.890000
210/250  Test Acc = 0.870000
220/250  Test Acc = 0.860000
230/250  Test Acc = 0.910000
240/250  Test Acc = 0.940000
250/250  Test Acc = 0.900000
	Test cost = 0.282872,	Accuracy = 0.888000
Epoch = 2
10/250  Train Acc = 0.900000
0.267845898867 0.259583979845
20/250  Train Acc = 0.940000
0.194079235196 0.186783075333
30/250  Train Acc = 0.880000
0.295911937952 0.28944081068
40/250  Train Acc = 0.890000
0.288164436817 0.281304955482
50/250  Train Acc = 0.890000
0.312128126621 0.305557817221
60/250  Train Acc = 0.890000
0.262258499861 0.256149828434
70/250  Train Acc = 0.830000
0.31308349967 0.304928302765
80/250  Train Acc = 0.840000
0.330572545528 0.324227064848
90/250  Train Acc = 0.870000
0.272588074207 0.267085075378
100/250  Train Acc = 0.890000
0.241701960564 0.234508469701
110/250  Train Acc = 0.980000
0.21078132093 0.203797489405
120/250  Train Acc = 0.900000
0.241468474269 0.234894573689
130/250  Train Acc = 0.930000
0.269799768925 0.261831343174
140/250  Train Acc = 0.930000
0.187339156866 0.179992437363
150/250  Train Acc = 0.890000
0.256944954395 0.248922765255
160/250  Train Acc = 0.950000
0.201014637947 0.193178936839
170/250  Train Acc = 0.890000
0.203827232122 0.196311846375
180/250  Train Acc = 0.890000
0.26299571991 0.256667017937
190/250  Train Acc = 0.870000
0.329903244972 0.323578774929
200/250  Train Acc = 0.910000
0.236288309097 0.22900813818
210/250  Train Acc = 0.930000
0.231667175889 0.225015938282
220/250  Train Acc = 0.840000
0.324625939131 0.316652029753
230/250  Train Acc = 0.920000
0.340154498816 0.333427459002
240/250  Train Acc = 0.870000
0.277655541897 0.271514862776
250/250  Train Acc = 0.850000
0.305991441011 0.300519794226
	Train cost = 0.266126,	Accuracy = 0.896280
10/250  Test Acc = 0.970000
20/250  Test Acc = 0.950000
30/250  Test Acc = 0.920000
40/250  Test Acc = 0.880000
50/250  Test Acc = 0.920000
60/250  Test Acc = 0.930000
70/250  Test Acc = 0.920000
80/250  Test Acc = 0.910000
90/250  Test Acc = 0.930000
100/250  Test Acc = 0.850000
110/250  Test Acc = 0.980000
120/250  Test Acc = 0.940000
130/250  Test Acc = 0.870000
140/250  Test Acc = 0.920000
150/250  Test Acc = 0.850000
160/250  Test Acc = 0.890000
170/250  Test Acc = 0.910000
180/250  Test Acc = 0.930000
190/250  Test Acc = 0.890000
200/250  Test Acc = 0.890000
210/250  Test Acc = 0.850000
220/250  Test Acc = 0.880000
230/250  Test Acc = 0.930000
240/250  Test Acc = 0.940000
250/250  Test Acc = 0.900000
	Test cost = 0.259575,	Accuracy = 0.897440
Epoch = 3
10/250  Train Acc = 0.950000
0.24317856133 0.236517354846
20/250  Train Acc = 0.950000
0.174090981483 0.167632326484
30/250  Train Acc = 0.880000
0.282123267651 0.276200294495
40/250  Train Acc = 0.890000
0.284119963646 0.277649521828
50/250  Train Acc = 0.910000
0.286519765854 0.280185729265
60/250  Train Acc = 0.930000
0.212409079075 0.206330612302
70/250  Train Acc = 0.850000
0.279033154249 0.271375119686
80/250  Train Acc = 0.860000
0.311604857445 0.305194407701
90/250  Train Acc = 0.890000
0.242881730199 0.237128481269
100/250  Train Acc = 0.920000
0.190123975277 0.183182865381
110/250  Train Acc = 0.970000
0.18686491251 0.179370746017
120/250  Train Acc = 0.920000
0.226385891438 0.219716653228
130/250  Train Acc = 0.930000
0.2328568995 0.224662616849
140/250  Train Acc = 0.950000
0.153479471803 0.145908653736
150/250  Train Acc = 0.890000
0.22525177896 0.216679796576
160/250  Train Acc = 0.940000
0.189568251371 0.180696219206
170/250  Train Acc = 0.920000
0.178929775953 0.170138508081
180/250  Train Acc = 0.930000
0.215203359723 0.207882374525
190/250  Train Acc = 0.870000
0.302144825459 0.295012652874
200/250  Train Acc = 0.930000
0.200901582837 0.193104460835
210/250  Train Acc = 0.940000
0.202831462026 0.195694163442
220/250  Train Acc = 0.900000
0.291252613068 0.282629311085
230/250  Train Acc = 0.920000
0.329366564751 0.321353107691
240/250  Train Acc = 0.880000
0.251106321812 0.243510946631
250/250  Train Acc = 0.860000
0.280782580376 0.27400931716
	Train cost = 0.236366,	Accuracy = 0.909760
10/250  Test Acc = 0.960000
20/250  Test Acc = 0.970000
30/250  Test Acc = 0.920000
40/250  Test Acc = 0.890000
50/250  Test Acc = 0.920000
60/250  Test Acc = 0.930000
70/250  Test Acc = 0.920000
80/250  Test Acc = 0.900000
90/250  Test Acc = 0.930000
100/250  Test Acc = 0.870000
110/250  Test Acc = 0.970000
120/250  Test Acc = 0.930000
130/250  Test Acc = 0.860000
140/250  Test Acc = 0.910000
150/250  Test Acc = 0.850000
160/250  Test Acc = 0.890000
170/250  Test Acc = 0.900000
180/250  Test Acc = 0.930000
190/250  Test Acc = 0.890000
200/250  Test Acc = 0.850000
210/250  Test Acc = 0.850000
220/250  Test Acc = 0.890000
230/250  Test Acc = 0.950000
240/250  Test Acc = 0.890000
250/250  Test Acc = 0.910000
	Test cost = 0.256815,	Accuracy = 0.898320
Epoch = 4
10/250  Train Acc = 0.940000
0.23521630466 0.228089362383
20/250  Train Acc = 0.950000
0.15938423574 0.152177542448
30/250  Train Acc = 0.880000
0.264877736568 0.258512109518
40/250  Train Acc = 0.890000
0.295320093632 0.288021653891
50/250  Train Acc = 0.940000
0.265997111797 0.258771777153
60/250  Train Acc = 0.940000
0.181045919657 0.174238607287
70/250  Train Acc = 0.880000
0.255504190922 0.247567176819
80/250  Train Acc = 0.870000
0.293826699257 0.286491543055
90/250  Train Acc = 0.910000
0.207178905606 0.200245603919
100/250  Train Acc = 0.940000
0.14830249548 0.140749797225
110/250  Train Acc = 0.970000
0.167109876871 0.158341690898
120/250  Train Acc = 0.910000
0.203739389777 0.195836409926
130/250  Train Acc = 0.930000
0.21162353456 0.203068733215
140/250  Train Acc = 0.960000
0.136823907495 0.129051655531
150/250  Train Acc = 0.930000
0.196052849293 0.187334641814
160/250  Train Acc = 0.940000
0.179047316313 0.169896811247
170/250  Train Acc = 0.930000
0.165437415242 0.15447089076
180/250  Train Acc = 0.930000
0.184081584215 0.175162002444
190/250  Train Acc = 0.900000
0.270388126373 0.262617707253
200/250  Train Acc = 0.930000
0.169795066118 0.16154524684
210/250  Train Acc = 0.940000
0.170289352536 0.161862030625
220/250  Train Acc = 0.900000
0.253883183002 0.244585007429
230/250  Train Acc = 0.920000
0.320830464363 0.310725897551
240/250  Train Acc = 0.910000
0.235302269459 0.225505366921
250/250  Train Acc = 0.890000
0.270022183657 0.261265993118
	Train cost = 0.210881,	Accuracy = 0.920360
10/250  Test Acc = 0.940000
20/250  Test Acc = 0.960000
30/250  Test Acc = 0.930000
40/250  Test Acc = 0.900000
50/250  Test Acc = 0.920000
60/250  Test Acc = 0.920000
70/250  Test Acc = 0.900000
80/250  Test Acc = 0.920000
90/250  Test Acc = 0.940000
100/250  Test Acc = 0.870000
110/250  Test Acc = 0.960000
120/250  Test Acc = 0.920000
130/250  Test Acc = 0.850000
140/250  Test Acc = 0.910000
150/250  Test Acc = 0.880000
160/250  Test Acc = 0.880000
170/250  Test Acc = 0.890000
180/250  Test Acc = 0.930000
190/250  Test Acc = 0.880000
200/250  Test Acc = 0.850000
210/250  Test Acc = 0.840000
220/250  Test Acc = 0.880000
230/250  Test Acc = 0.930000
240/250  Test Acc = 0.890000
250/250  Test Acc = 0.920000
	Test cost = 0.265058,	Accuracy = 0.897480
Epoch = 5
10/250  Train Acc = 0.940000
0.23525197804 0.226891696453
20/250  Train Acc = 0.950000
0.14879308641 0.140391081572
30/250  Train Acc = 0.890000
0.243641972542 0.23655192554
40/250  Train Acc = 0.910000
0.29553720355 0.287013590336
50/250  Train Acc = 0.940000
0.243025109172 0.234614923596
60/250  Train Acc = 0.960000
0.146673589945 0.138752698898
70/250  Train Acc = 0.890000
0.229091003537 0.220493853092
80/250  Train Acc = 0.880000
0.247542262077 0.23898100853
90/250  Train Acc = 0.900000
0.165898486972 0.157186642289
100/250  Train Acc = 0.970000
0.11507358402 0.106495432556
110/250  Train Acc = 0.960000
0.142694205046 0.133038535714
120/250  Train Acc = 0.920000
0.183008864522 0.17386238277
130/250  Train Acc = 0.920000
0.18213377893 0.172782167792
140/250  Train Acc = 0.970000
0.107211351395 0.0987404957414
150/250  Train Acc = 0.950000
0.14566925168 0.136911466718
160/250  Train Acc = 0.960000
0.120972596109 0.111417688429
170/250  Train Acc = 0.960000
0.152349755168 0.139785990119
180/250  Train Acc = 0.950000
0.165312230587 0.153374925256
190/250  Train Acc = 0.930000
0.242056339979 0.23261731863
200/250  Train Acc = 0.930000
0.140921056271 0.131357401609
210/250  Train Acc = 0.950000
0.147261604667 0.137613132596
220/250  Train Acc = 0.910000
0.201655462384 0.191799670458
230/250  Train Acc = 0.930000
0.294038742781 0.282920837402
240/250  Train Acc = 0.890000
0.220735803246 0.209009379148
250/250  Train Acc = 0.900000
0.241723150015 0.23029704392
	Train cost = 0.181848,	Accuracy = 0.933280
10/250  Test Acc = 0.930000
20/250  Test Acc = 0.960000
30/250  Test Acc = 0.900000
40/250  Test Acc = 0.900000
50/250  Test Acc = 0.920000
60/250  Test Acc = 0.910000
70/250  Test Acc = 0.880000
80/250  Test Acc = 0.930000
90/250  Test Acc = 0.950000
100/250  Test Acc = 0.840000
110/250  Test Acc = 0.950000
120/250  Test Acc = 0.910000
130/250  Test Acc = 0.830000
140/250  Test Acc = 0.910000
150/250  Test Acc = 0.880000
160/250  Test Acc = 0.900000
170/250  Test Acc = 0.870000
180/250  Test Acc = 0.930000
190/250  Test Acc = 0.860000
200/250  Test Acc = 0.820000
210/250  Test Acc = 0.820000
220/250  Test Acc = 0.900000
230/250  Test Acc = 0.930000
240/250  Test Acc = 0.890000
250/250  Test Acc = 0.900000
	Test cost = 0.291807,	Accuracy = 0.893080
Epoch = 6
10/250  Train Acc = 0.940000
0.233533963561 0.222726881504
20/250  Train Acc = 0.960000
0.138959765434 0.128669559956
30/250  Train Acc = 0.930000
0.201435908675 0.19316790998
40/250  Train Acc = 0.920000
0.252517700195 0.242350235581
50/250  Train Acc = 0.950000
0.21645693481 0.207043454051
60/250  Train Acc = 0.960000
0.118850558996 0.110102899373
70/250  Train Acc = 0.920000
0.188640326262 0.179704904556
80/250  Train Acc = 0.910000
0.210984066129 0.201516285539
90/250  Train Acc = 0.930000
0.143822714686 0.132903054357
100/250  Train Acc = 0.960000
0.102896220982 0.0921732485294
110/250  Train Acc = 0.950000
0.136818557978 0.126638710499
120/250  Train Acc = 0.940000
0.15680629015 0.145396783948
130/250  Train Acc = 0.940000
0.149934843183 0.138835310936
140/250  Train Acc = 0.990000
0.0730127692223 0.0640438720584
150/250  Train Acc = 0.950000
0.0884585604072 0.0798286870122
160/250  Train Acc = 0.980000
0.0841804817319 0.0744030326605
170/250  Train Acc = 0.950000
0.143322139978 0.131385430694
180/250  Train Acc = 0.940000
0.118037261069 0.105712525547
190/250  Train Acc = 0.950000
0.207022249699 0.196023017168
200/250  Train Acc = 0.970000
0.0970231965184 0.0856695845723
210/250  Train Acc = 0.950000
0.124742105603 0.113285712898
220/250  Train Acc = 0.930000
0.154192253947 0.144121021032
230/250  Train Acc = 0.910000
0.24006190896 0.228457376361
240/250  Train Acc = 0.930000
0.181656420231 0.168748512864
250/250  Train Acc = 0.920000
0.215422034264 0.203086957335
	Train cost = 0.150009,	Accuracy = 0.947680
10/250  Test Acc = 0.930000
20/250  Test Acc = 0.950000
30/250  Test Acc = 0.890000
40/250  Test Acc = 0.890000
50/250  Test Acc = 0.910000
60/250  Test Acc = 0.890000
70/250  Test Acc = 0.870000
80/250  Test Acc = 0.930000
90/250  Test Acc = 0.920000
100/250  Test Acc = 0.840000
110/250  Test Acc = 0.950000
120/250  Test Acc = 0.920000
130/250  Test Acc = 0.820000
140/250  Test Acc = 0.890000
150/250  Test Acc = 0.870000
160/250  Test Acc = 0.900000
170/250  Test Acc = 0.880000
180/250  Test Acc = 0.930000
190/250  Test Acc = 0.840000
200/250  Test Acc = 0.810000
210/250  Test Acc = 0.800000
220/250  Test Acc = 0.890000
230/250  Test Acc = 0.920000
240/250  Test Acc = 0.870000
250/250  Test Acc = 0.890000
	Test cost = 0.355198,	Accuracy = 0.882160
Best Epoch = 3, Best MAE/ACC in Test = 0.898320
Written to results/parnn_drop_0.0_lamb_0.1_hid_256.txt
