nohup: ignoring input
Couldn't import dot_parser, loading of dot files will not be possible.
WARNING (theano.sandbox.cuda): The cuda backend is deprecated and will be removed in the next release.  Please switch to the gpuarray backend. You can get more information about how to switch at this URL:
 https://github.com/Theano/Theano/wiki/Converting-to-the-new-gpu-back-end%28gpuarray%29

Using gpu device 3: GeForce GTX TITAN X (CNMeM is disabled, cuDNN 5103)
(93430, 300) (25000, 1100) (25000, 1085)
dec = True model = parnn + lstm lambda = 0.1 share = False #class = 2 drop = 0.0 update = adam2
Compiling function
Compilation done 1
Compilation done 2
Epoch = 1
10/250  Train Acc = 0.640000
0.662293374538 0.614092826843
20/250  Train Acc = 0.710000
0.555639386177 0.51044356823
30/250  Train Acc = 0.780000
0.504104852676 0.471116214991
40/250  Train Acc = 0.820000
0.458341658115 0.432007968426
50/250  Train Acc = 0.810000
0.415805697441 0.393248349428
60/250  Train Acc = 0.810000
0.418658226728 0.394700527191
70/250  Train Acc = 0.860000
0.355990678072 0.333130091429
80/250  Train Acc = 0.810000
0.388212889433 0.369787067175
90/250  Train Acc = 0.890000
0.256295442581 0.237523242831
100/250  Train Acc = 0.820000
0.428573846817 0.410626351833
110/250  Train Acc = 0.870000
0.345436662436 0.328471660614
120/250  Train Acc = 0.910000
0.229829832911 0.214043989778
130/250  Train Acc = 0.880000
0.300480127335 0.285933166742
140/250  Train Acc = 0.890000
0.333657979965 0.31937083602
150/250  Train Acc = 0.880000
0.329833716154 0.313580214977
160/250  Train Acc = 0.890000
0.368855148554 0.351390749216
170/250  Train Acc = 0.890000
0.313125729561 0.301206290722
180/250  Train Acc = 0.910000
0.210382908583 0.197063371539
190/250  Train Acc = 0.880000
0.339666187763 0.32526627183
200/250  Train Acc = 0.850000
0.345631986856 0.329668223858
210/250  Train Acc = 0.920000
0.202308028936 0.188941419125
220/250  Train Acc = 0.900000
0.240086808801 0.22673343122
230/250  Train Acc = 0.910000
0.235858663917 0.222854197025
240/250  Train Acc = 0.870000
0.243477329612 0.23062556982
250/250  Train Acc = 0.860000
0.33082100749 0.319275021553
	Train cost = 0.369481,	Accuracy = 0.845240
10/250  Test Acc = 0.860000
20/250  Test Acc = 0.920000
30/250  Test Acc = 0.880000
40/250  Test Acc = 0.950000
50/250  Test Acc = 0.860000
60/250  Test Acc = 0.870000
70/250  Test Acc = 0.940000
80/250  Test Acc = 0.880000
90/250  Test Acc = 0.860000
100/250  Test Acc = 0.920000
110/250  Test Acc = 0.870000
120/250  Test Acc = 0.950000
130/250  Test Acc = 0.870000
140/250  Test Acc = 0.890000
150/250  Test Acc = 0.930000
160/250  Test Acc = 0.920000
170/250  Test Acc = 0.890000
180/250  Test Acc = 0.950000
190/250  Test Acc = 0.860000
200/250  Test Acc = 0.900000
210/250  Test Acc = 0.880000
220/250  Test Acc = 0.920000
230/250  Test Acc = 0.900000
240/250  Test Acc = 0.880000
250/250  Test Acc = 0.920000
	Test cost = 0.288816,	Accuracy = 0.886760
Epoch = 2
10/250  Train Acc = 0.880000
0.248270690441 0.239422678947
20/250  Train Acc = 0.850000
0.391311466694 0.384418338537
30/250  Train Acc = 0.900000
0.247831702232 0.241644084454
40/250  Train Acc = 0.880000
0.315063297749 0.307500958443
50/250  Train Acc = 0.890000
0.285991728306 0.279234856367
60/250  Train Acc = 0.890000
0.260274261236 0.253801941872
70/250  Train Acc = 0.900000
0.254433184862 0.247164487839
80/250  Train Acc = 0.850000
0.346570730209 0.339779108763
90/250  Train Acc = 0.960000
0.157081127167 0.150271907449
100/250  Train Acc = 0.880000
0.378940731287 0.3708986938
110/250  Train Acc = 0.900000
0.271095633507 0.262183308601
120/250  Train Acc = 0.930000
0.190906971693 0.184005469084
130/250  Train Acc = 0.930000
0.232627093792 0.226346418262
140/250  Train Acc = 0.920000
0.250667124987 0.24407042563
150/250  Train Acc = 0.890000
0.237352356315 0.230054318905
160/250  Train Acc = 0.870000
0.361397266388 0.353509634733
170/250  Train Acc = 0.890000
0.265406250954 0.258649468422
180/250  Train Acc = 0.890000
0.203081056476 0.196379289031
190/250  Train Acc = 0.850000
0.325835257769 0.318942070007
200/250  Train Acc = 0.850000
0.302643209696 0.295073568821
210/250  Train Acc = 0.920000
0.171344235539 0.164134845138
220/250  Train Acc = 0.920000
0.205980733037 0.199017211795
230/250  Train Acc = 0.930000
0.190528512001 0.183687016368
240/250  Train Acc = 0.890000
0.212110608816 0.205087959766
250/250  Train Acc = 0.880000
0.303190529346 0.29685395956
	Train cost = 0.267429,	Accuracy = 0.894720
10/250  Test Acc = 0.890000
20/250  Test Acc = 0.920000
30/250  Test Acc = 0.890000
40/250  Test Acc = 0.940000
50/250  Test Acc = 0.870000
60/250  Test Acc = 0.880000
70/250  Test Acc = 0.940000
80/250  Test Acc = 0.890000
90/250  Test Acc = 0.880000
100/250  Test Acc = 0.950000
110/250  Test Acc = 0.880000
120/250  Test Acc = 0.930000
130/250  Test Acc = 0.870000
140/250  Test Acc = 0.920000
150/250  Test Acc = 0.930000
160/250  Test Acc = 0.960000
170/250  Test Acc = 0.920000
180/250  Test Acc = 0.960000
190/250  Test Acc = 0.870000
200/250  Test Acc = 0.890000
210/250  Test Acc = 0.850000
220/250  Test Acc = 0.940000
230/250  Test Acc = 0.910000
240/250  Test Acc = 0.870000
250/250  Test Acc = 0.930000
	Test cost = 0.264189,	Accuracy = 0.897680
Epoch = 3
10/250  Train Acc = 0.900000
0.23612113297 0.228900179267
20/250  Train Acc = 0.870000
0.345388799906 0.33840662241
30/250  Train Acc = 0.920000
0.204386696219 0.198049649596
40/250  Train Acc = 0.870000
0.32535046339 0.317882835865
50/250  Train Acc = 0.930000
0.241901412606 0.234946593642
60/250  Train Acc = 0.870000
0.247240796685 0.240109592676
70/250  Train Acc = 0.930000
0.196408122778 0.188926309347
80/250  Train Acc = 0.840000
0.313003659248 0.305915147066
90/250  Train Acc = 0.980000
0.124853499234 0.11770812422
100/250  Train Acc = 0.860000
0.351024419069 0.342607289553
110/250  Train Acc = 0.920000
0.259521305561 0.249593004584
120/250  Train Acc = 0.920000
0.167238309979 0.159468621016
130/250  Train Acc = 0.910000
0.200972661376 0.194024667144
140/250  Train Acc = 0.920000
0.190341025591 0.183670789003
150/250  Train Acc = 0.900000
0.188585281372 0.181307330728
160/250  Train Acc = 0.920000
0.338855296373 0.329849034548
170/250  Train Acc = 0.900000
0.246844723821 0.239022091031
180/250  Train Acc = 0.930000
0.210989922285 0.204022973776
190/250  Train Acc = 0.880000
0.289030909538 0.282249808311
200/250  Train Acc = 0.900000
0.283614248037 0.276214331388
210/250  Train Acc = 0.920000
0.164762854576 0.156120702624
220/250  Train Acc = 0.920000
0.202759087086 0.194111630321
230/250  Train Acc = 0.950000
0.163188576698 0.155518531799
240/250  Train Acc = 0.900000
0.202905401587 0.194894865155
250/250  Train Acc = 0.880000
0.291025072336 0.283290356398
	Train cost = 0.237833,	Accuracy = 0.908120
10/250  Test Acc = 0.900000
20/250  Test Acc = 0.940000
30/250  Test Acc = 0.880000
40/250  Test Acc = 0.910000
50/250  Test Acc = 0.890000
60/250  Test Acc = 0.880000
70/250  Test Acc = 0.940000
80/250  Test Acc = 0.880000
90/250  Test Acc = 0.900000
100/250  Test Acc = 0.950000
110/250  Test Acc = 0.860000
120/250  Test Acc = 0.930000
130/250  Test Acc = 0.870000
140/250  Test Acc = 0.920000
150/250  Test Acc = 0.930000
160/250  Test Acc = 0.940000
170/250  Test Acc = 0.900000
180/250  Test Acc = 0.940000
190/250  Test Acc = 0.890000
200/250  Test Acc = 0.910000
210/250  Test Acc = 0.850000
220/250  Test Acc = 0.930000
230/250  Test Acc = 0.910000
240/250  Test Acc = 0.900000
250/250  Test Acc = 0.930000
	Test cost = 0.264481,	Accuracy = 0.897480
Epoch = 4
10/250  Train Acc = 0.910000
0.209584370255 0.201709777117
20/250  Train Acc = 0.870000
0.316315829754 0.308370262384
30/250  Train Acc = 0.920000
0.185312703252 0.177978351712
40/250  Train Acc = 0.900000
0.258012861013 0.250079900026
50/250  Train Acc = 0.940000
0.209184378386 0.201854243875
60/250  Train Acc = 0.880000
0.184670180082 0.176921635866
70/250  Train Acc = 0.930000
0.170856282115 0.161587789655
80/250  Train Acc = 0.870000
0.253506660461 0.245015978813
90/250  Train Acc = 0.980000
0.111075185239 0.103445872664
100/250  Train Acc = 0.880000
0.296219736338 0.28807631135
110/250  Train Acc = 0.910000
0.256785660982 0.246357649565
120/250  Train Acc = 0.920000
0.163199603558 0.153187379241
130/250  Train Acc = 0.950000
0.172000914812 0.163197010756
140/250  Train Acc = 0.940000
0.139149099588 0.131438970566
150/250  Train Acc = 0.950000
0.154809266329 0.147043332458
160/250  Train Acc = 0.930000
0.307309031487 0.29717540741
170/250  Train Acc = 0.920000
0.206095799804 0.195828735828
180/250  Train Acc = 0.950000
0.178773507476 0.169970721006
190/250  Train Acc = 0.910000
0.261715054512 0.253679096699
200/250  Train Acc = 0.910000
0.240401417017 0.232305631042
210/250  Train Acc = 0.930000
0.152436241508 0.142644062638
220/250  Train Acc = 0.920000
0.184681177139 0.17419719696
230/250  Train Acc = 0.950000
0.16921697557 0.159920275211
240/250  Train Acc = 0.940000
0.162436485291 0.153282418847
250/250  Train Acc = 0.880000
0.289340019226 0.280455857515
	Train cost = 0.209231,	Accuracy = 0.921200
10/250  Test Acc = 0.900000
20/250  Test Acc = 0.950000
30/250  Test Acc = 0.870000
40/250  Test Acc = 0.900000
50/250  Test Acc = 0.890000
60/250  Test Acc = 0.880000
70/250  Test Acc = 0.950000
80/250  Test Acc = 0.900000
90/250  Test Acc = 0.920000
100/250  Test Acc = 0.940000
110/250  Test Acc = 0.870000
120/250  Test Acc = 0.930000
130/250  Test Acc = 0.870000
140/250  Test Acc = 0.910000
150/250  Test Acc = 0.950000
160/250  Test Acc = 0.950000
170/250  Test Acc = 0.870000
180/250  Test Acc = 0.930000
190/250  Test Acc = 0.870000
200/250  Test Acc = 0.900000
210/250  Test Acc = 0.860000
220/250  Test Acc = 0.930000
230/250  Test Acc = 0.920000
240/250  Test Acc = 0.910000
250/250  Test Acc = 0.910000
	Test cost = 0.279777,	Accuracy = 0.893720
Epoch = 5
10/250  Train Acc = 0.920000
0.201741591096 0.19266654551
20/250  Train Acc = 0.900000
0.241824686527 0.23288077116
30/250  Train Acc = 0.940000
0.180747225881 0.172427996993
40/250  Train Acc = 0.950000
0.18766708672 0.178437188268
50/250  Train Acc = 0.940000
0.183990254998 0.175941437483
60/250  Train Acc = 0.950000
0.133267000318 0.124458447099
70/250  Train Acc = 0.930000
0.159098759294 0.150113388896
80/250  Train Acc = 0.950000
0.155844599009 0.145015016198
90/250  Train Acc = 0.960000
0.0887690931559 0.0794921293855
100/250  Train Acc = 0.910000
0.246883884072 0.236653089523
110/250  Train Acc = 0.920000
0.227520823479 0.216029107571
120/250  Train Acc = 0.940000
0.133528530598 0.121364064515
130/250  Train Acc = 0.960000
0.150756031275 0.140282079577
140/250  Train Acc = 0.970000
0.109395392239 0.099455460906
150/250  Train Acc = 0.960000
0.121811531484 0.112355649471
160/250  Train Acc = 0.910000
0.297349572182 0.28579929471
170/250  Train Acc = 0.930000
0.176240712404 0.164589956403
180/250  Train Acc = 0.960000
0.144880741835 0.134123638272
190/250  Train Acc = 0.930000
0.229728668928 0.220231205225
200/250  Train Acc = 0.940000
0.214103728533 0.204639464617
210/250  Train Acc = 0.950000
0.132716864347 0.122550792992
220/250  Train Acc = 0.930000
0.165102601051 0.151961386204
230/250  Train Acc = 0.940000
0.174760684371 0.162387534976
240/250  Train Acc = 0.940000
0.134277850389 0.122275330126
250/250  Train Acc = 0.910000
0.24714975059 0.237646341324
	Train cost = 0.178561,	Accuracy = 0.934720
10/250  Test Acc = 0.890000
20/250  Test Acc = 0.960000
30/250  Test Acc = 0.860000
40/250  Test Acc = 0.890000
50/250  Test Acc = 0.870000
60/250  Test Acc = 0.870000
70/250  Test Acc = 0.930000
80/250  Test Acc = 0.910000
90/250  Test Acc = 0.910000
100/250  Test Acc = 0.940000
110/250  Test Acc = 0.850000
120/250  Test Acc = 0.950000
130/250  Test Acc = 0.850000
140/250  Test Acc = 0.910000
150/250  Test Acc = 0.930000
160/250  Test Acc = 0.950000
170/250  Test Acc = 0.870000
180/250  Test Acc = 0.900000
190/250  Test Acc = 0.860000
200/250  Test Acc = 0.890000
210/250  Test Acc = 0.870000
220/250  Test Acc = 0.930000
230/250  Test Acc = 0.900000
240/250  Test Acc = 0.890000
250/250  Test Acc = 0.940000
	Test cost = 0.297786,	Accuracy = 0.889400
Epoch = 6
10/250  Train Acc = 0.920000
0.192405223846 0.183126375079
20/250  Train Acc = 0.930000
0.189364239573 0.17954556644
30/250  Train Acc = 0.930000
0.155101716518 0.14577279985
40/250  Train Acc = 0.970000
0.143771529198 0.133445948362
50/250  Train Acc = 0.950000
0.155323863029 0.146735429764
60/250  Train Acc = 0.970000
0.111133523285 0.102243870497
70/250  Train Acc = 0.930000
0.149011015892 0.138341009617
80/250  Train Acc = 0.940000
0.142223775387 0.130306631327
90/250  Train Acc = 0.950000
0.088788934052 0.077683635056
100/250  Train Acc = 0.940000
0.220197364688 0.208625718951
110/250  Train Acc = 0.910000
0.200855210423 0.1887229532
120/250  Train Acc = 0.970000
0.0916068926454 0.0796785503626
130/250  Train Acc = 0.990000
0.107298448682 0.0955486819148
140/250  Train Acc = 0.970000
0.0850760862231 0.074268758297
150/250  Train Acc = 0.980000
0.114522464573 0.102212503552
160/250  Train Acc = 0.930000
0.252134770155 0.239928603172
170/250  Train Acc = 0.930000
0.154306098819 0.140056222677
180/250  Train Acc = 0.940000
0.127094790339 0.113512791693
190/250  Train Acc = 0.930000
0.202174380422 0.190896704793
200/250  Train Acc = 0.960000
0.184941872954 0.174971044064
210/250  Train Acc = 0.950000
0.104329586029 0.0941345766187
220/250  Train Acc = 0.940000
0.133245378733 0.122215770185
230/250  Train Acc = 0.940000
0.137338280678 0.122910209
240/250  Train Acc = 0.930000
0.159113153815 0.14369353652
250/250  Train Acc = 0.920000
0.224008128047 0.209001243114
	Train cost = 0.144321,	Accuracy = 0.950200
10/250  Test Acc = 0.880000
20/250  Test Acc = 0.950000
30/250  Test Acc = 0.900000
40/250  Test Acc = 0.910000
50/250  Test Acc = 0.850000
60/250  Test Acc = 0.870000
70/250  Test Acc = 0.910000
80/250  Test Acc = 0.860000
90/250  Test Acc = 0.930000
100/250  Test Acc = 0.940000
110/250  Test Acc = 0.830000
120/250  Test Acc = 0.930000
130/250  Test Acc = 0.860000
140/250  Test Acc = 0.910000
150/250  Test Acc = 0.930000
160/250  Test Acc = 0.930000
170/250  Test Acc = 0.900000
180/250  Test Acc = 0.930000
190/250  Test Acc = 0.880000
200/250  Test Acc = 0.890000
210/250  Test Acc = 0.860000
220/250  Test Acc = 0.930000
230/250  Test Acc = 0.900000
240/250  Test Acc = 0.920000
250/250  Test Acc = 0.910000
	Test cost = 0.329138,	Accuracy = 0.889320
Epoch = 7
10/250  Train Acc = 0.930000
0.171093121171 0.158148944378
20/250  Train Acc = 0.970000
0.142791122198 0.131175413728
30/250  Train Acc = 0.960000
0.136305734515 0.126292347908
40/250  Train Acc = 0.970000
0.140300288796 0.130628913641
50/250  Train Acc = 0.950000
0.142011508346 0.13296328485
60/250  Train Acc = 0.960000
0.112888403237 0.103948742151
70/250  Train Acc = 0.950000
0.124555081129 0.115875571966
80/250  Train Acc = 0.960000
0.111539766192 0.0993089973927
90/250  Train Acc = 0.970000
0.0653082281351 0.05470585078
100/250  Train Acc = 0.920000
0.220504015684 0.207979887724
110/250  Train Acc = 0.970000
0.1244706586 0.108304165304
120/250  Train Acc = 1.000000
0.0581728443503 0.0413746759295
130/250  Train Acc = 0.980000
0.064019754529 0.0504309497774
140/250  Train Acc = 0.990000
0.0634718760848 0.0517723076046
150/250  Train Acc = 0.970000
0.0827980861068 0.070327848196
160/250  Train Acc = 0.950000
0.219476938248 0.205674037337
170/250  Train Acc = 0.960000
0.106780312955 0.0904316678643
180/250  Train Acc = 0.990000
0.0906797498465 0.0748287588358
190/250  Train Acc = 0.940000
0.202441900969 0.189418032765
200/250  Train Acc = 0.950000
0.171090066433 0.159333661199
210/250  Train Acc = 0.980000
0.0902709364891 0.0785894244909
220/250  Train Acc = 0.960000
0.110391966999 0.0986622869968
230/250  Train Acc = 0.960000
0.0942726433277 0.0818676799536
240/250  Train Acc = 0.980000
0.064524948597 0.0538978092372
250/250  Train Acc = 0.950000
0.176826640964 0.163464412093
	Train cost = 0.118180,	Accuracy = 0.961320
10/250  Test Acc = 0.880000
20/250  Test Acc = 0.940000
30/250  Test Acc = 0.900000
40/250  Test Acc = 0.900000
50/250  Test Acc = 0.880000
60/250  Test Acc = 0.840000
70/250  Test Acc = 0.910000
80/250  Test Acc = 0.880000
90/250  Test Acc = 0.900000
100/250  Test Acc = 0.940000
110/250  Test Acc = 0.830000
120/250  Test Acc = 0.960000
130/250  Test Acc = 0.870000
140/250  Test Acc = 0.910000
150/250  Test Acc = 0.910000
160/250  Test Acc = 0.910000
170/250  Test Acc = 0.910000
180/250  Test Acc = 0.870000
190/250  Test Acc = 0.830000
200/250  Test Acc = 0.810000
210/250  Test Acc = 0.850000
220/250  Test Acc = 0.930000
230/250  Test Acc = 0.870000
240/250  Test Acc = 0.920000
250/250  Test Acc = 0.890000
	Test cost = 0.414817,	Accuracy = 0.881600
Epoch = 8
10/250  Train Acc = 0.970000
0.0894079878926 0.074530698359
20/250  Train Acc = 0.970000
0.100711598992 0.0859095528722
30/250  Train Acc = 0.950000
0.13250502944 0.122789330781
40/250  Train Acc = 0.990000
0.0804862976074 0.0712888687849
50/250  Train Acc = 0.970000
0.14424803853 0.13565762341
60/250  Train Acc = 0.920000
0.123547963798 0.11313405633
70/250  Train Acc = 0.950000
0.109731845558 0.0988559424877
80/250  Train Acc = 0.960000
0.105789199471 0.0925730764866
90/250  Train Acc = 0.990000
0.0512937940657 0.039375577122
100/250  Train Acc = 0.950000
0.147668525577 0.135052576661
110/250  Train Acc = 0.960000
0.181325361133 0.165870055556
120/250  Train Acc = 0.980000
0.0510003976524 0.035880446434
130/250  Train Acc = 1.000000
0.0434776879847 0.0314186625183
140/250  Train Acc = 0.990000
0.0722262486815 0.0608937218785
150/250  Train Acc = 0.980000
0.0556652359664 0.0450024344027
160/250  Train Acc = 0.960000
0.135175853968 0.122130870819
170/250  Train Acc = 0.970000
0.0760517194867 0.0632027238607
180/250  Train Acc = 1.000000
0.0513195767999 0.0381967648864
190/250  Train Acc = 0.960000
0.146406114101 0.13512685895
200/250  Train Acc = 0.960000
0.1494923383 0.137036934495
210/250  Train Acc = 0.990000
0.0519953556359 0.0403746888041
220/250  Train Acc = 0.970000
0.0916141569614 0.0826804935932
230/250  Train Acc = 0.980000
0.0773165225983 0.0684742256999
240/250  Train Acc = 1.000000
0.038539942354 0.0276714228094
250/250  Train Acc = 0.950000
0.110883660614 0.100979030132
	Train cost = 0.091421,	Accuracy = 0.971000
10/250  Test Acc = 0.850000
20/250  Test Acc = 0.920000
30/250  Test Acc = 0.890000
40/250  Test Acc = 0.900000
50/250  Test Acc = 0.900000
60/250  Test Acc = 0.860000
70/250  Test Acc = 0.900000
80/250  Test Acc = 0.880000
90/250  Test Acc = 0.900000
100/250  Test Acc = 0.940000
110/250  Test Acc = 0.840000
120/250  Test Acc = 0.950000
130/250  Test Acc = 0.840000
140/250  Test Acc = 0.900000
150/250  Test Acc = 0.930000
160/250  Test Acc = 0.910000
170/250  Test Acc = 0.890000
180/250  Test Acc = 0.900000
190/250  Test Acc = 0.830000
200/250  Test Acc = 0.840000
210/250  Test Acc = 0.860000
220/250  Test Acc = 0.920000
230/250  Test Acc = 0.850000
240/250  Test Acc = 0.880000
250/250  Test Acc = 0.910000
	Test cost = 0.451490,	Accuracy = 0.881720
Epoch = 9
10/250  Train Acc = 0.980000
0.0644681751728 0.0510092228651
20/250  Train Acc = 0.980000
0.0909297466278 0.0764068514109
30/250  Train Acc = 0.980000
0.0730116888881 0.0627636238933
40/250  Train Acc = 0.990000
0.0667249932885 0.0549729801714
50/250  Train Acc = 0.980000
0.0511879362166 0.042463131249
60/250  Train Acc = 0.970000
0.0777863115072 0.0689484328032
70/250  Train Acc = 0.990000
0.0491899996996 0.0385946035385
80/250  Train Acc = 0.980000
0.0700587108731 0.0573439486325
90/250  Train Acc = 0.980000
0.0604050718248 0.0439646728337
100/250  Train Acc = 0.940000
0.12718051672 0.114585012197
110/250  Train Acc = 0.950000
0.0992338135839 0.0874434038997
120/250  Train Acc = 0.990000
0.0405827909708 0.0304582342505
130/250  Train Acc = 0.980000
0.0464293472469 0.0375935547054
140/250  Train Acc = 0.980000
0.0679687410593 0.0593244917691
150/250  Train Acc = 0.990000
0.0419139303267 0.0285567436367
160/250  Train Acc = 0.980000
0.102518729866 0.091994844377
170/250  Train Acc = 0.990000
0.0480758138001 0.0357778742909
180/250  Train Acc = 0.970000
0.0855919793248 0.0716826692224
190/250  Train Acc = 0.980000
0.107518419623 0.0910456553102
200/250  Train Acc = 0.990000
0.0666409060359 0.053519628942
210/250  Train Acc = 1.000000
0.0356788896024 0.0230377390981
220/250  Train Acc = 0.970000
0.0592335425317 0.0497587248683
230/250  Train Acc = 0.980000
0.0536998212337 0.0429166741669
240/250  Train Acc = 0.990000
0.0536412671208 0.041946478188
250/250  Train Acc = 0.970000
0.0679216384888 0.0536988861859
	Train cost = 0.069578,	Accuracy = 0.979520
10/250  Test Acc = 0.830000
20/250  Test Acc = 0.900000
30/250  Test Acc = 0.900000
40/250  Test Acc = 0.920000
50/250  Test Acc = 0.900000
60/250  Test Acc = 0.860000
70/250  Test Acc = 0.910000
80/250  Test Acc = 0.900000
90/250  Test Acc = 0.910000
100/250  Test Acc = 0.940000
110/250  Test Acc = 0.820000
120/250  Test Acc = 0.950000
130/250  Test Acc = 0.860000
140/250  Test Acc = 0.890000
150/250  Test Acc = 0.940000
160/250  Test Acc = 0.900000
170/250  Test Acc = 0.880000
180/250  Test Acc = 0.900000
190/250  Test Acc = 0.860000
200/250  Test Acc = 0.870000
210/250  Test Acc = 0.860000
220/250  Test Acc = 0.920000
230/250  Test Acc = 0.900000
240/250  Test Acc = 0.910000
250/250  Test Acc = 0.900000
	Test cost = 0.496849,	Accuracy = 0.884440
Epoch = 10
10/250  Train Acc = 1.000000
0.0422739759088 0.0306140035391
20/250  Train Acc = 1.000000
0.0290918778628 0.0170376840979
30/250  Train Acc = 0.980000
0.0523481965065 0.04308174178
40/250  Train Acc = 0.990000
0.0736014395952 0.0624059662223
50/250  Train Acc = 0.990000
0.0487975440919 0.0394256524742
60/250  Train Acc = 1.000000
0.0400845296681 0.0325401313603
70/250  Train Acc = 0.980000
0.0433296300471 0.0371322110295
80/250  Train Acc = 0.990000
0.0245164036751 0.0175176858902
90/250  Train Acc = 0.990000
0.0408051870763 0.0335320457816
100/250  Train Acc = 0.950000
0.125631153584 0.117987245321
110/250  Train Acc = 0.990000
0.0500193461776 0.0394630916417
120/250  Train Acc = 1.000000
0.022988665849 0.0129937045276
130/250  Train Acc = 1.000000
0.0260117538273 0.0160875897855
140/250  Train Acc = 1.000000
0.0188102703542 0.0111118769273
150/250  Train Acc = 0.980000
0.0674311369658 0.0584031529725
160/250  Train Acc = 0.960000
0.117908321321 0.104364737868
170/250  Train Acc = 0.980000
0.0618381649256 0.0475763007998
180/250  Train Acc = 0.990000
0.0292355995625 0.0148571478203
190/250  Train Acc = 1.000000
0.041533023119 0.0291145555675
200/250  Train Acc = 0.970000
0.11302805692 0.0975975319743
210/250  Train Acc = 0.960000
0.098436653614 0.0816382467747
220/250  Train Acc = 0.930000
0.178547367454 0.161983385682
230/250  Train Acc = 0.960000
0.0810619965196 0.0587643757463
240/250  Train Acc = 0.980000
0.0494672767818 0.0315504409373
250/250  Train Acc = 0.960000
0.096076220274 0.0764850229025
	Train cost = 0.058058,	Accuracy = 0.984560
10/250  Test Acc = 0.830000
20/250  Test Acc = 0.890000
30/250  Test Acc = 0.890000
40/250  Test Acc = 0.860000
50/250  Test Acc = 0.880000
60/250  Test Acc = 0.840000
70/250  Test Acc = 0.920000
80/250  Test Acc = 0.890000
90/250  Test Acc = 0.920000
100/250  Test Acc = 0.950000
110/250  Test Acc = 0.850000
120/250  Test Acc = 0.900000
130/250  Test Acc = 0.860000
140/250  Test Acc = 0.910000
150/250  Test Acc = 0.900000
160/250  Test Acc = 0.900000
170/250  Test Acc = 0.870000
180/250  Test Acc = 0.890000
190/250  Test Acc = 0.810000
200/250  Test Acc = 0.860000
210/250  Test Acc = 0.860000
220/250  Test Acc = 0.930000
230/250  Test Acc = 0.900000
240/250  Test Acc = 0.900000
250/250  Test Acc = 0.920000
	Test cost = 0.547595,	Accuracy = 0.883640
Best Epoch = 2, Best MAE/ACC in Test = 0.897680
Written to results/parnn_drop_0.0_lamb_0.1_hid_512.txt
