nohup: ignoring input
Couldn't import dot_parser, loading of dot files will not be possible.
WARNING (theano.sandbox.cuda): The cuda backend is deprecated and will be removed in the next release.  Please switch to the gpuarray backend. You can get more information about how to switch at this URL:
 https://github.com/Theano/Theano/wiki/Converting-to-the-new-gpu-back-end%28gpuarray%29

Using gpu device 1: GeForce GTX TITAN X (CNMeM is disabled, cuDNN 5103)
(93430, 300) (25000, 1100) (25000, 1085)
dec = True model = ours + lstm lambda = 0.0 share = False #class = 2 drop = 0.0 update = adam2
Compiling function
Compilation done 1
Compilation done 2
Epoch = 1
10/250  Train Acc = 0.520000
20/250  Train Acc = 0.770000
30/250  Train Acc = 0.860000
40/250  Train Acc = 0.860000
50/250  Train Acc = 0.850000
60/250  Train Acc = 0.840000
70/250  Train Acc = 0.870000
80/250  Train Acc = 0.840000
90/250  Train Acc = 0.850000
100/250  Train Acc = 0.870000
110/250  Train Acc = 0.870000
120/250  Train Acc = 0.910000
130/250  Train Acc = 0.870000
140/250  Train Acc = 0.900000
150/250  Train Acc = 0.920000
160/250  Train Acc = 0.870000
170/250  Train Acc = 0.900000
180/250  Train Acc = 0.870000
190/250  Train Acc = 0.900000
200/250  Train Acc = 0.870000
210/250  Train Acc = 0.880000
220/250  Train Acc = 0.910000
230/250  Train Acc = 0.900000
240/250  Train Acc = 0.900000
250/250  Train Acc = 0.860000
	Train cost = 0.313447,	Accuracy = 0.863040
10/250  Test Acc = 0.850000
20/250  Test Acc = 0.870000
30/250  Test Acc = 0.940000
40/250  Test Acc = 0.920000
50/250  Test Acc = 0.850000
60/250  Test Acc = 0.880000
70/250  Test Acc = 0.920000
80/250  Test Acc = 0.900000
90/250  Test Acc = 0.850000
100/250  Test Acc = 0.870000
110/250  Test Acc = 0.910000
120/250  Test Acc = 0.930000
130/250  Test Acc = 0.930000
140/250  Test Acc = 0.910000
150/250  Test Acc = 0.870000
160/250  Test Acc = 0.880000
170/250  Test Acc = 0.880000
180/250  Test Acc = 0.890000
190/250  Test Acc = 0.910000
200/250  Test Acc = 0.950000
210/250  Test Acc = 0.880000
220/250  Test Acc = 0.900000
230/250  Test Acc = 0.910000
240/250  Test Acc = 0.880000
250/250  Test Acc = 0.910000
	Test cost = 0.251227,	Accuracy = 0.898400
Epoch = 2
10/250  Train Acc = 0.900000
20/250  Train Acc = 0.980000
30/250  Train Acc = 0.910000
40/250  Train Acc = 0.920000
50/250  Train Acc = 0.950000
60/250  Train Acc = 0.920000
70/250  Train Acc = 0.910000
80/250  Train Acc = 0.930000
90/250  Train Acc = 0.950000
100/250  Train Acc = 0.880000
110/250  Train Acc = 0.940000
120/250  Train Acc = 0.960000
130/250  Train Acc = 0.940000
140/250  Train Acc = 0.910000
150/250  Train Acc = 0.990000
160/250  Train Acc = 0.920000
170/250  Train Acc = 0.920000
180/250  Train Acc = 0.930000
190/250  Train Acc = 0.920000
200/250  Train Acc = 0.940000
210/250  Train Acc = 0.970000
220/250  Train Acc = 0.950000
230/250  Train Acc = 0.940000
240/250  Train Acc = 0.950000
250/250  Train Acc = 0.890000
	Train cost = 0.186727,	Accuracy = 0.929360
10/250  Test Acc = 0.840000
20/250  Test Acc = 0.880000
30/250  Test Acc = 0.940000
40/250  Test Acc = 0.910000
50/250  Test Acc = 0.860000
60/250  Test Acc = 0.870000
70/250  Test Acc = 0.930000
80/250  Test Acc = 0.900000
90/250  Test Acc = 0.840000
100/250  Test Acc = 0.860000
110/250  Test Acc = 0.890000
120/250  Test Acc = 0.940000
130/250  Test Acc = 0.940000
140/250  Test Acc = 0.920000
150/250  Test Acc = 0.880000
160/250  Test Acc = 0.900000
170/250  Test Acc = 0.870000
180/250  Test Acc = 0.890000
190/250  Test Acc = 0.910000
200/250  Test Acc = 0.940000
210/250  Test Acc = 0.900000
220/250  Test Acc = 0.900000
230/250  Test Acc = 0.930000
240/250  Test Acc = 0.880000
250/250  Test Acc = 0.890000
	Test cost = 0.250053,	Accuracy = 0.901840
Epoch = 3
10/250  Train Acc = 0.970000
20/250  Train Acc = 0.980000
30/250  Train Acc = 0.970000
40/250  Train Acc = 0.970000
50/250  Train Acc = 1.000000
60/250  Train Acc = 0.920000
70/250  Train Acc = 0.930000
80/250  Train Acc = 0.950000
90/250  Train Acc = 0.950000
100/250  Train Acc = 0.940000
110/250  Train Acc = 0.980000
120/250  Train Acc = 0.990000
130/250  Train Acc = 0.960000
140/250  Train Acc = 0.950000
150/250  Train Acc = 0.990000
160/250  Train Acc = 0.950000
170/250  Train Acc = 0.950000
180/250  Train Acc = 0.980000
190/250  Train Acc = 0.970000
200/250  Train Acc = 0.950000
210/250  Train Acc = 0.970000
220/250  Train Acc = 0.970000
230/250  Train Acc = 0.940000
240/250  Train Acc = 0.890000
250/250  Train Acc = 0.910000
	Train cost = 0.127473,	Accuracy = 0.956880
10/250  Test Acc = 0.860000
20/250  Test Acc = 0.870000
30/250  Test Acc = 0.960000
40/250  Test Acc = 0.890000
50/250  Test Acc = 0.850000
60/250  Test Acc = 0.860000
70/250  Test Acc = 0.920000
80/250  Test Acc = 0.880000
90/250  Test Acc = 0.850000
100/250  Test Acc = 0.880000
110/250  Test Acc = 0.910000
120/250  Test Acc = 0.930000
130/250  Test Acc = 0.950000
140/250  Test Acc = 0.910000
150/250  Test Acc = 0.880000
160/250  Test Acc = 0.900000
170/250  Test Acc = 0.880000
180/250  Test Acc = 0.900000
190/250  Test Acc = 0.900000
200/250  Test Acc = 0.960000
210/250  Test Acc = 0.890000
220/250  Test Acc = 0.900000
230/250  Test Acc = 0.950000
240/250  Test Acc = 0.860000
250/250  Test Acc = 0.910000
	Test cost = 0.270275,	Accuracy = 0.900440
Epoch = 4
10/250  Train Acc = 0.990000
20/250  Train Acc = 1.000000
30/250  Train Acc = 0.960000
40/250  Train Acc = 0.980000
50/250  Train Acc = 0.990000
60/250  Train Acc = 0.950000
70/250  Train Acc = 0.980000
80/250  Train Acc = 0.990000
90/250  Train Acc = 0.970000
100/250  Train Acc = 0.960000
110/250  Train Acc = 0.990000
120/250  Train Acc = 1.000000
130/250  Train Acc = 0.960000
140/250  Train Acc = 0.960000
150/250  Train Acc = 0.990000
160/250  Train Acc = 0.960000
170/250  Train Acc = 0.970000
180/250  Train Acc = 1.000000
190/250  Train Acc = 0.990000
200/250  Train Acc = 0.970000
210/250  Train Acc = 0.990000
220/250  Train Acc = 0.970000
230/250  Train Acc = 0.990000
240/250  Train Acc = 0.960000
250/250  Train Acc = 0.920000
	Train cost = 0.073436,	Accuracy = 0.977440
10/250  Test Acc = 0.880000
20/250  Test Acc = 0.890000
30/250  Test Acc = 0.910000
40/250  Test Acc = 0.890000
50/250  Test Acc = 0.850000
60/250  Test Acc = 0.850000
70/250  Test Acc = 0.910000
80/250  Test Acc = 0.910000
90/250  Test Acc = 0.860000
100/250  Test Acc = 0.910000
110/250  Test Acc = 0.900000
120/250  Test Acc = 0.880000
130/250  Test Acc = 0.950000
140/250  Test Acc = 0.920000
150/250  Test Acc = 0.830000
160/250  Test Acc = 0.880000
170/250  Test Acc = 0.900000
180/250  Test Acc = 0.900000
190/250  Test Acc = 0.890000
200/250  Test Acc = 0.940000
210/250  Test Acc = 0.900000
220/250  Test Acc = 0.900000
230/250  Test Acc = 0.950000
240/250  Test Acc = 0.860000
250/250  Test Acc = 0.960000
	Test cost = 0.321456,	Accuracy = 0.899160
Epoch = 5
10/250  Train Acc = 1.000000
20/250  Train Acc = 1.000000
30/250  Train Acc = 0.990000
40/250  Train Acc = 0.990000
50/250  Train Acc = 1.000000
60/250  Train Acc = 0.960000
70/250  Train Acc = 0.990000
80/250  Train Acc = 1.000000
90/250  Train Acc = 1.000000
100/250  Train Acc = 0.980000
110/250  Train Acc = 0.990000
120/250  Train Acc = 1.000000
130/250  Train Acc = 0.980000
140/250  Train Acc = 1.000000
150/250  Train Acc = 0.990000
160/250  Train Acc = 0.980000
170/250  Train Acc = 0.980000
180/250  Train Acc = 1.000000
190/250  Train Acc = 0.990000
200/250  Train Acc = 0.990000
210/250  Train Acc = 0.990000
220/250  Train Acc = 0.950000
230/250  Train Acc = 1.000000
240/250  Train Acc = 0.990000
250/250  Train Acc = 0.950000
	Train cost = 0.040768,	Accuracy = 0.988600
10/250  Test Acc = 0.880000
20/250  Test Acc = 0.870000
30/250  Test Acc = 0.940000
40/250  Test Acc = 0.870000
50/250  Test Acc = 0.840000
60/250  Test Acc = 0.820000
70/250  Test Acc = 0.910000
80/250  Test Acc = 0.890000
90/250  Test Acc = 0.840000
100/250  Test Acc = 0.870000
110/250  Test Acc = 0.910000
120/250  Test Acc = 0.870000
130/250  Test Acc = 0.940000
140/250  Test Acc = 0.900000
150/250  Test Acc = 0.860000
160/250  Test Acc = 0.890000
170/250  Test Acc = 0.900000
180/250  Test Acc = 0.840000
190/250  Test Acc = 0.870000
200/250  Test Acc = 0.920000
210/250  Test Acc = 0.910000
220/250  Test Acc = 0.880000
230/250  Test Acc = 0.910000
240/250  Test Acc = 0.840000
250/250  Test Acc = 0.930000
	Test cost = 0.396222,	Accuracy = 0.890080
Epoch = 6
10/250  Train Acc = 1.000000
20/250  Train Acc = 1.000000
30/250  Train Acc = 0.990000
40/250  Train Acc = 0.990000
50/250  Train Acc = 1.000000
60/250  Train Acc = 0.990000
70/250  Train Acc = 1.000000
80/250  Train Acc = 0.980000
90/250  Train Acc = 1.000000
100/250  Train Acc = 0.990000
110/250  Train Acc = 1.000000
120/250  Train Acc = 1.000000
130/250  Train Acc = 1.000000
140/250  Train Acc = 1.000000
150/250  Train Acc = 1.000000
160/250  Train Acc = 0.990000
170/250  Train Acc = 0.990000
180/250  Train Acc = 0.990000
190/250  Train Acc = 0.990000
200/250  Train Acc = 1.000000
210/250  Train Acc = 0.990000
220/250  Train Acc = 1.000000
230/250  Train Acc = 1.000000
240/250  Train Acc = 1.000000
250/250  Train Acc = 0.980000
	Train cost = 0.023954,	Accuracy = 0.993800
10/250  Test Acc = 0.870000
20/250  Test Acc = 0.850000
30/250  Test Acc = 0.940000
40/250  Test Acc = 0.870000
50/250  Test Acc = 0.850000
60/250  Test Acc = 0.820000
70/250  Test Acc = 0.930000
80/250  Test Acc = 0.890000
90/250  Test Acc = 0.830000
100/250  Test Acc = 0.870000
110/250  Test Acc = 0.900000
120/250  Test Acc = 0.870000
130/250  Test Acc = 0.940000
140/250  Test Acc = 0.910000
150/250  Test Acc = 0.840000
160/250  Test Acc = 0.880000
170/250  Test Acc = 0.900000
180/250  Test Acc = 0.860000
190/250  Test Acc = 0.890000
200/250  Test Acc = 0.910000
210/250  Test Acc = 0.890000
220/250  Test Acc = 0.870000
230/250  Test Acc = 0.920000
240/250  Test Acc = 0.860000
250/250  Test Acc = 0.930000
	Test cost = 0.440048,	Accuracy = 0.889960
Epoch = 7
10/250  Train Acc = 1.000000
20/250  Train Acc = 0.990000
30/250  Train Acc = 1.000000
40/250  Train Acc = 1.000000
50/250  Train Acc = 1.000000
60/250  Train Acc = 0.990000
70/250  Train Acc = 0.990000
80/250  Train Acc = 1.000000
90/250  Train Acc = 1.000000
100/250  Train Acc = 0.990000
110/250  Train Acc = 1.000000
120/250  Train Acc = 0.990000
130/250  Train Acc = 1.000000
140/250  Train Acc = 1.000000
150/250  Train Acc = 1.000000
160/250  Train Acc = 1.000000
170/250  Train Acc = 1.000000
180/250  Train Acc = 1.000000
190/250  Train Acc = 0.990000
200/250  Train Acc = 1.000000
210/250  Train Acc = 1.000000
220/250  Train Acc = 1.000000
230/250  Train Acc = 0.990000
240/250  Train Acc = 0.990000
250/250  Train Acc = 0.970000
	Train cost = 0.013324,	Accuracy = 0.996520
10/250  Test Acc = 0.880000
20/250  Test Acc = 0.900000
30/250  Test Acc = 0.920000
40/250  Test Acc = 0.870000
50/250  Test Acc = 0.830000
60/250  Test Acc = 0.830000
70/250  Test Acc = 0.910000
80/250  Test Acc = 0.930000
90/250  Test Acc = 0.860000
100/250  Test Acc = 0.930000
110/250  Test Acc = 0.900000
120/250  Test Acc = 0.860000
130/250  Test Acc = 0.930000
140/250  Test Acc = 0.910000
150/250  Test Acc = 0.850000
160/250  Test Acc = 0.860000
170/250  Test Acc = 0.900000
180/250  Test Acc = 0.860000
190/250  Test Acc = 0.910000
200/250  Test Acc = 0.900000
210/250  Test Acc = 0.870000
220/250  Test Acc = 0.890000
230/250  Test Acc = 0.920000
240/250  Test Acc = 0.860000
250/250  Test Acc = 0.940000
	Test cost = 0.503060,	Accuracy = 0.886720
Epoch = 8
10/250  Train Acc = 1.000000
20/250  Train Acc = 1.000000
30/250  Train Acc = 1.000000
40/250  Train Acc = 1.000000
50/250  Train Acc = 1.000000
60/250  Train Acc = 1.000000
70/250  Train Acc = 1.000000
80/250  Train Acc = 1.000000
90/250  Train Acc = 1.000000
100/250  Train Acc = 1.000000
110/250  Train Acc = 1.000000
120/250  Train Acc = 1.000000
130/250  Train Acc = 1.000000
140/250  Train Acc = 1.000000
150/250  Train Acc = 1.000000
160/250  Train Acc = 1.000000
170/250  Train Acc = 1.000000
180/250  Train Acc = 1.000000
190/250  Train Acc = 1.000000
200/250  Train Acc = 1.000000
210/250  Train Acc = 1.000000
220/250  Train Acc = 1.000000
230/250  Train Acc = 0.990000
240/250  Train Acc = 1.000000
250/250  Train Acc = 0.990000
	Train cost = 0.007353,	Accuracy = 0.998360
10/250  Test Acc = 0.860000
20/250  Test Acc = 0.850000
30/250  Test Acc = 0.870000
40/250  Test Acc = 0.870000
50/250  Test Acc = 0.850000
60/250  Test Acc = 0.800000
70/250  Test Acc = 0.900000
80/250  Test Acc = 0.890000
90/250  Test Acc = 0.840000
100/250  Test Acc = 0.890000
110/250  Test Acc = 0.890000
120/250  Test Acc = 0.820000
130/250  Test Acc = 0.940000
140/250  Test Acc = 0.910000
150/250  Test Acc = 0.850000
160/250  Test Acc = 0.860000
170/250  Test Acc = 0.880000
180/250  Test Acc = 0.850000
190/250  Test Acc = 0.870000
200/250  Test Acc = 0.930000
210/250  Test Acc = 0.860000
220/250  Test Acc = 0.890000
230/250  Test Acc = 0.900000
240/250  Test Acc = 0.840000
250/250  Test Acc = 0.910000
	Test cost = 0.565427,	Accuracy = 0.878280
Epoch = 9
10/250  Train Acc = 1.000000
20/250  Train Acc = 1.000000
30/250  Train Acc = 1.000000
40/250  Train Acc = 1.000000
50/250  Train Acc = 1.000000
60/250  Train Acc = 1.000000
70/250  Train Acc = 1.000000
80/250  Train Acc = 1.000000
90/250  Train Acc = 1.000000
100/250  Train Acc = 1.000000
110/250  Train Acc = 1.000000
120/250  Train Acc = 0.990000
130/250  Train Acc = 1.000000
140/250  Train Acc = 1.000000
150/250  Train Acc = 1.000000
160/250  Train Acc = 1.000000
170/250  Train Acc = 1.000000
180/250  Train Acc = 1.000000
190/250  Train Acc = 1.000000
200/250  Train Acc = 1.000000
210/250  Train Acc = 1.000000
220/250  Train Acc = 1.000000
230/250  Train Acc = 1.000000
240/250  Train Acc = 1.000000
250/250  Train Acc = 1.000000
	Train cost = 0.005317,	Accuracy = 0.998880
10/250  Test Acc = 0.850000
20/250  Test Acc = 0.900000
30/250  Test Acc = 0.940000
40/250  Test Acc = 0.880000
50/250  Test Acc = 0.820000
60/250  Test Acc = 0.830000
70/250  Test Acc = 0.920000
80/250  Test Acc = 0.910000
90/250  Test Acc = 0.840000
100/250  Test Acc = 0.860000
110/250  Test Acc = 0.890000
120/250  Test Acc = 0.870000
130/250  Test Acc = 0.940000
140/250  Test Acc = 0.900000
150/250  Test Acc = 0.850000
160/250  Test Acc = 0.890000
170/250  Test Acc = 0.930000
180/250  Test Acc = 0.910000
190/250  Test Acc = 0.900000
200/250  Test Acc = 0.940000
210/250  Test Acc = 0.890000
220/250  Test Acc = 0.880000
230/250  Test Acc = 0.890000
240/250  Test Acc = 0.860000
250/250  Test Acc = 0.910000
	Test cost = 0.640226,	Accuracy = 0.886920
Epoch = 10
10/250  Train Acc = 1.000000
20/250  Train Acc = 1.000000
30/250  Train Acc = 1.000000
40/250  Train Acc = 1.000000
50/250  Train Acc = 1.000000
60/250  Train Acc = 1.000000
70/250  Train Acc = 1.000000
80/250  Train Acc = 1.000000
90/250  Train Acc = 1.000000
100/250  Train Acc = 1.000000
110/250  Train Acc = 1.000000
120/250  Train Acc = 1.000000
130/250  Train Acc = 1.000000
140/250  Train Acc = 1.000000
150/250  Train Acc = 1.000000
160/250  Train Acc = 1.000000
170/250  Train Acc = 1.000000
180/250  Train Acc = 1.000000
190/250  Train Acc = 1.000000
200/250  Train Acc = 1.000000
210/250  Train Acc = 1.000000
220/250  Train Acc = 1.000000
230/250  Train Acc = 1.000000
240/250  Train Acc = 1.000000
250/250  Train Acc = 1.000000
	Train cost = 0.001526,	Accuracy = 0.999840
10/250  Test Acc = 0.850000
20/250  Test Acc = 0.900000
30/250  Test Acc = 0.930000
40/250  Test Acc = 0.890000
50/250  Test Acc = 0.820000
60/250  Test Acc = 0.830000
70/250  Test Acc = 0.910000
80/250  Test Acc = 0.910000
90/250  Test Acc = 0.840000
100/250  Test Acc = 0.840000
110/250  Test Acc = 0.910000
120/250  Test Acc = 0.860000
130/250  Test Acc = 0.940000
140/250  Test Acc = 0.900000
150/250  Test Acc = 0.840000
160/250  Test Acc = 0.870000
170/250  Test Acc = 0.900000
180/250  Test Acc = 0.890000
190/250  Test Acc = 0.880000
200/250  Test Acc = 0.940000
210/250  Test Acc = 0.880000
220/250  Test Acc = 0.870000
230/250  Test Acc = 0.900000
240/250  Test Acc = 0.860000
250/250  Test Acc = 0.930000
	Test cost = 0.678346,	Accuracy = 0.887800
Best Epoch = 2, Best MAE/ACC in Test = 0.901840
Written to results/parnn_drop_0.0_lamb_0.0_hid_256.txt
