nohup: ignoring input
Couldn't import dot_parser, loading of dot files will not be possible.
WARNING (theano.sandbox.cuda): The cuda backend is deprecated and will be removed in the next release.  Please switch to the gpuarray backend. You can get more information about how to switch at this URL:
 https://github.com/Theano/Theano/wiki/Converting-to-the-new-gpu-back-end%28gpuarray%29

Using gpu device 0: GeForce GTX TITAN X (CNMeM is disabled, cuDNN 5103)
(93430, 300) (25000, 1100) (25000, 1085)
dec = True model = parnn + lstm lambda = 0.1 share = False #class = 2 drop = 0.0 update = adam2
Compiling function
Compilation done 1
Compilation done 2
Epoch = 1
10/250  Train Acc = 0.690000
0.682662189007 0.64029353857
20/250  Train Acc = 0.750000
0.567985296249 0.527885258198
30/250  Train Acc = 0.780000
0.47681760788 0.442360520363
40/250  Train Acc = 0.830000
0.398938506842 0.372367531061
50/250  Train Acc = 0.890000
0.414303064346 0.386316478252
60/250  Train Acc = 0.860000
0.391004830599 0.368727445602
70/250  Train Acc = 0.880000
0.302706092596 0.282785624266
80/250  Train Acc = 0.860000
0.356498211622 0.333097904921
90/250  Train Acc = 0.900000
0.322852611542 0.299823671579
100/250  Train Acc = 0.880000
0.338062107563 0.318713098764
110/250  Train Acc = 0.810000
0.345424890518 0.324218183756
120/250  Train Acc = 0.840000
0.277243167162 0.260820299387
130/250  Train Acc = 0.910000
0.347605019808 0.327747821808
140/250  Train Acc = 0.890000
0.334437668324 0.314835965633
150/250  Train Acc = 0.900000
0.266741275787 0.251035690308
160/250  Train Acc = 0.880000
0.245049491525 0.230055704713
170/250  Train Acc = 0.790000
0.393251001835 0.378829479218
180/250  Train Acc = 0.850000
0.342035919428 0.328895002604
190/250  Train Acc = 0.820000
0.380232781172 0.366505563259
200/250  Train Acc = 0.820000
0.403143137693 0.390391945839
210/250  Train Acc = 0.870000
0.344753146172 0.333127498627
220/250  Train Acc = 0.910000
0.226320743561 0.21454757452
230/250  Train Acc = 0.900000
0.221429377794 0.210292875767
240/250  Train Acc = 0.900000
0.277341276407 0.265530586243
250/250  Train Acc = 0.890000
0.314513802528 0.30269575119
	Train cost = 0.365511,	Accuracy = 0.845920
10/250  Test Acc = 0.910000
20/250  Test Acc = 0.900000
30/250  Test Acc = 0.880000
40/250  Test Acc = 0.880000
50/250  Test Acc = 0.910000
60/250  Test Acc = 0.920000
70/250  Test Acc = 0.870000
80/250  Test Acc = 0.730000
90/250  Test Acc = 0.890000
100/250  Test Acc = 0.890000
110/250  Test Acc = 0.860000
120/250  Test Acc = 0.940000
130/250  Test Acc = 0.870000
140/250  Test Acc = 0.940000
150/250  Test Acc = 0.870000
160/250  Test Acc = 0.910000
170/250  Test Acc = 0.860000
180/250  Test Acc = 0.870000
190/250  Test Acc = 0.890000
200/250  Test Acc = 0.920000
210/250  Test Acc = 0.890000
220/250  Test Acc = 0.900000
230/250  Test Acc = 0.920000
240/250  Test Acc = 0.900000
250/250  Test Acc = 0.910000
	Test cost = 0.289602,	Accuracy = 0.887560
Epoch = 2
10/250  Train Acc = 0.850000
0.373763561249 0.365651994944
20/250  Train Acc = 0.920000
0.251689732075 0.243316039443
30/250  Train Acc = 0.880000
0.32406821847 0.31628960371
40/250  Train Acc = 0.910000
0.297589600086 0.29084032774
50/250  Train Acc = 0.910000
0.332725137472 0.326457560062
60/250  Train Acc = 0.860000
0.32490465045 0.318638712168
70/250  Train Acc = 0.890000
0.248578846455 0.242751419544
80/250  Train Acc = 0.940000
0.267161816359 0.260724455118
90/250  Train Acc = 0.880000
0.289023369551 0.281300514936
100/250  Train Acc = 0.870000
0.309337377548 0.300336480141
110/250  Train Acc = 0.880000
0.242817029357 0.236841842532
120/250  Train Acc = 0.880000
0.203989088535 0.198616102338
130/250  Train Acc = 0.930000
0.272492676973 0.26659438014
140/250  Train Acc = 0.950000
0.221982896328 0.215147808194
150/250  Train Acc = 0.900000
0.224552795291 0.21812556684
160/250  Train Acc = 0.950000
0.147871017456 0.141395792365
170/250  Train Acc = 0.860000
0.327907413244 0.320266783237
180/250  Train Acc = 0.860000
0.290340363979 0.282987475395
190/250  Train Acc = 0.860000
0.314633846283 0.307856589556
200/250  Train Acc = 0.850000
0.344578266144 0.337962329388
210/250  Train Acc = 0.890000
0.299602627754 0.292988091707
220/250  Train Acc = 0.930000
0.170063510537 0.163581192493
230/250  Train Acc = 0.920000
0.180423155427 0.174240902066
240/250  Train Acc = 0.910000
0.258110314608 0.251165926456
250/250  Train Acc = 0.940000
0.26136547327 0.252993494272
	Train cost = 0.270968,	Accuracy = 0.894160
10/250  Test Acc = 0.920000
20/250  Test Acc = 0.910000
30/250  Test Acc = 0.890000
40/250  Test Acc = 0.900000
50/250  Test Acc = 0.890000
60/250  Test Acc = 0.940000
70/250  Test Acc = 0.900000
80/250  Test Acc = 0.740000
90/250  Test Acc = 0.880000
100/250  Test Acc = 0.920000
110/250  Test Acc = 0.860000
120/250  Test Acc = 0.930000
130/250  Test Acc = 0.880000
140/250  Test Acc = 0.950000
150/250  Test Acc = 0.880000
160/250  Test Acc = 0.920000
170/250  Test Acc = 0.860000
180/250  Test Acc = 0.890000
190/250  Test Acc = 0.910000
200/250  Test Acc = 0.930000
210/250  Test Acc = 0.910000
220/250  Test Acc = 0.900000
230/250  Test Acc = 0.920000
240/250  Test Acc = 0.880000
250/250  Test Acc = 0.930000
	Test cost = 0.265936,	Accuracy = 0.895760
Epoch = 3
10/250  Train Acc = 0.860000
0.335805922747 0.329665511847
20/250  Train Acc = 0.920000
0.216398358345 0.20899745822
30/250  Train Acc = 0.880000
0.30192810297 0.294307589531
40/250  Train Acc = 0.910000
0.278343200684 0.271554023027
50/250  Train Acc = 0.920000
0.310925066471 0.305137902498
60/250  Train Acc = 0.870000
0.322207093239 0.316145509481
70/250  Train Acc = 0.920000
0.230319559574 0.22462490201
80/250  Train Acc = 0.930000
0.24711202085 0.240865245461
90/250  Train Acc = 0.890000
0.245987772942 0.238894224167
100/250  Train Acc = 0.880000
0.289067834616 0.280383706093
110/250  Train Acc = 0.930000
0.208428367972 0.201743081212
120/250  Train Acc = 0.900000
0.181258171797 0.175385087729
130/250  Train Acc = 0.930000
0.24102447927 0.235030546784
140/250  Train Acc = 0.970000
0.198626667261 0.192090913653
150/250  Train Acc = 0.910000
0.206497400999 0.200268507004
160/250  Train Acc = 0.970000
0.113696411252 0.107127219439
170/250  Train Acc = 0.850000
0.299354225397 0.29137969017
180/250  Train Acc = 0.870000
0.258060246706 0.250317633152
190/250  Train Acc = 0.880000
0.283535242081 0.276155948639
200/250  Train Acc = 0.860000
0.305810809135 0.298644185066
210/250  Train Acc = 0.900000
0.27158010006 0.264606177807
220/250  Train Acc = 0.940000
0.134929567575 0.127859339118
230/250  Train Acc = 0.920000
0.161530435085 0.154846683145
240/250  Train Acc = 0.920000
0.232696935534 0.225566595793
250/250  Train Acc = 0.930000
0.233364716172 0.224680185318
	Train cost = 0.246005,	Accuracy = 0.904320
10/250  Test Acc = 0.930000
20/250  Test Acc = 0.920000
30/250  Test Acc = 0.920000
40/250  Test Acc = 0.920000
50/250  Test Acc = 0.890000
60/250  Test Acc = 0.940000
70/250  Test Acc = 0.900000
80/250  Test Acc = 0.730000
90/250  Test Acc = 0.890000
100/250  Test Acc = 0.920000
110/250  Test Acc = 0.880000
120/250  Test Acc = 0.930000
130/250  Test Acc = 0.880000
140/250  Test Acc = 0.940000
150/250  Test Acc = 0.880000
160/250  Test Acc = 0.920000
170/250  Test Acc = 0.880000
180/250  Test Acc = 0.890000
190/250  Test Acc = 0.920000
200/250  Test Acc = 0.940000
210/250  Test Acc = 0.910000
220/250  Test Acc = 0.920000
230/250  Test Acc = 0.920000
240/250  Test Acc = 0.870000
250/250  Test Acc = 0.910000
	Test cost = 0.261306,	Accuracy = 0.898280
Epoch = 4
10/250  Train Acc = 0.870000
0.309063673019 0.301983058453
20/250  Train Acc = 0.920000
0.198238641024 0.19001711905
30/250  Train Acc = 0.870000
0.286726474762 0.278210133314
40/250  Train Acc = 0.910000
0.278731971979 0.27091255784
50/250  Train Acc = 0.920000
0.29992967844 0.293401628733
60/250  Train Acc = 0.870000
0.323544293642 0.316599279642
70/250  Train Acc = 0.950000
0.207931295037 0.201747566462
80/250  Train Acc = 0.940000
0.237265601754 0.230667561293
90/250  Train Acc = 0.900000
0.222719088197 0.215376198292
100/250  Train Acc = 0.890000
0.257224977016 0.248263791203
110/250  Train Acc = 0.950000
0.175934493542 0.167723044753
120/250  Train Acc = 0.920000
0.166579961777 0.159475967288
130/250  Train Acc = 0.940000
0.211362674832 0.204427689314
140/250  Train Acc = 0.970000
0.19057649374 0.183520451188
150/250  Train Acc = 0.940000
0.19290086627 0.186180591583
160/250  Train Acc = 0.970000
0.0877303406596 0.0808648169041
170/250  Train Acc = 0.860000
0.274627864361 0.265868484974
180/250  Train Acc = 0.880000
0.218400374055 0.20996402204
190/250  Train Acc = 0.890000
0.257217794657 0.248861730099
200/250  Train Acc = 0.900000
0.265467703342 0.257518410683
210/250  Train Acc = 0.930000
0.246464759111 0.238853126764
220/250  Train Acc = 0.960000
0.114755243063 0.106340616941
230/250  Train Acc = 0.940000
0.145791724324 0.138024494052
240/250  Train Acc = 0.950000
0.207935646176 0.199675709009
250/250  Train Acc = 0.940000
0.217493459582 0.208004564047
	Train cost = 0.224398,	Accuracy = 0.915120
10/250  Test Acc = 0.910000
20/250  Test Acc = 0.900000
30/250  Test Acc = 0.910000
40/250  Test Acc = 0.920000
50/250  Test Acc = 0.920000
60/250  Test Acc = 0.940000
70/250  Test Acc = 0.900000
80/250  Test Acc = 0.730000
90/250  Test Acc = 0.880000
100/250  Test Acc = 0.900000
110/250  Test Acc = 0.890000
120/250  Test Acc = 0.960000
130/250  Test Acc = 0.890000
140/250  Test Acc = 0.940000
150/250  Test Acc = 0.880000
160/250  Test Acc = 0.920000
170/250  Test Acc = 0.870000
180/250  Test Acc = 0.910000
190/250  Test Acc = 0.920000
200/250  Test Acc = 0.930000
210/250  Test Acc = 0.890000
220/250  Test Acc = 0.890000
230/250  Test Acc = 0.920000
240/250  Test Acc = 0.880000
250/250  Test Acc = 0.900000
	Test cost = 0.267356,	Accuracy = 0.897520
Epoch = 5
10/250  Train Acc = 0.880000
0.287457704544 0.279077351093
20/250  Train Acc = 0.940000
0.184703022242 0.174681544304
30/250  Train Acc = 0.880000
0.275840580463 0.265813738108
40/250  Train Acc = 0.910000
0.263232111931 0.254020065069
50/250  Train Acc = 0.920000
0.299051254988 0.291236370802
60/250  Train Acc = 0.880000
0.327234983444 0.318785250187
70/250  Train Acc = 0.960000
0.189776495099 0.182379379869
80/250  Train Acc = 0.950000
0.228481009603 0.221147701144
90/250  Train Acc = 0.900000
0.203879669309 0.195782154799
100/250  Train Acc = 0.900000
0.217200994492 0.207445919514
110/250  Train Acc = 0.970000
0.148798391223 0.138439312577
120/250  Train Acc = 0.930000
0.162641629577 0.154023543
130/250  Train Acc = 0.940000
0.178219228983 0.169695243239
140/250  Train Acc = 0.960000
0.183775886893 0.175564184785
150/250  Train Acc = 0.940000
0.178341791034 0.170517399907
160/250  Train Acc = 0.980000
0.0713249966502 0.0639068856835
170/250  Train Acc = 0.870000
0.250281512737 0.240441143513
180/250  Train Acc = 0.930000
0.174849778414 0.165772244334
190/250  Train Acc = 0.890000
0.232095107436 0.223082214594
200/250  Train Acc = 0.940000
0.22305944562 0.214397698641
210/250  Train Acc = 0.920000
0.21378223598 0.205413848162
220/250  Train Acc = 0.980000
0.102161727846 0.0928864553571
230/250  Train Acc = 0.960000
0.133616536856 0.124943196774
240/250  Train Acc = 0.940000
0.189460873604 0.179950401187
250/250  Train Acc = 0.950000
0.19552347064 0.184784621
	Train cost = 0.202596,	Accuracy = 0.925120
10/250  Test Acc = 0.910000
20/250  Test Acc = 0.890000
30/250  Test Acc = 0.900000
40/250  Test Acc = 0.920000
50/250  Test Acc = 0.910000
60/250  Test Acc = 0.940000
70/250  Test Acc = 0.900000
80/250  Test Acc = 0.750000
90/250  Test Acc = 0.910000
100/250  Test Acc = 0.880000
110/250  Test Acc = 0.900000
120/250  Test Acc = 0.950000
130/250  Test Acc = 0.900000
140/250  Test Acc = 0.930000
150/250  Test Acc = 0.870000
160/250  Test Acc = 0.910000
170/250  Test Acc = 0.870000
180/250  Test Acc = 0.890000
190/250  Test Acc = 0.920000
200/250  Test Acc = 0.920000
210/250  Test Acc = 0.890000
220/250  Test Acc = 0.880000
230/250  Test Acc = 0.890000
240/250  Test Acc = 0.900000
250/250  Test Acc = 0.900000
	Test cost = 0.282637,	Accuracy = 0.895440
Epoch = 6
10/250  Train Acc = 0.920000
0.260348290205 0.249973461032
20/250  Train Acc = 0.950000
0.159431174397 0.148065894842
30/250  Train Acc = 0.880000
0.267375767231 0.256127536297
40/250  Train Acc = 0.940000
0.245270237327 0.234520122409
50/250  Train Acc = 0.920000
0.261073678732 0.252022355795
60/250  Train Acc = 0.900000
0.32249891758 0.312535345554
70/250  Train Acc = 0.960000
0.161226585507 0.152290374041
80/250  Train Acc = 0.950000
0.223136648536 0.214763700962
90/250  Train Acc = 0.930000
0.187748447061 0.179120481014
100/250  Train Acc = 0.920000
0.175274133682 0.166040092707
110/250  Train Acc = 0.970000
0.117216460407 0.106528013945
120/250  Train Acc = 0.940000
0.129915595055 0.120425470173
130/250  Train Acc = 0.950000
0.156203567982 0.146379873157
140/250  Train Acc = 0.950000
0.178791046143 0.169011458755
150/250  Train Acc = 0.940000
0.163520947099 0.154000669718
160/250  Train Acc = 0.980000
0.0613170228899 0.0530334562063
170/250  Train Acc = 0.900000
0.221035793424 0.210705369711
180/250  Train Acc = 0.950000
0.143854916096 0.13402326405
190/250  Train Acc = 0.900000
0.220603838563 0.210756704211
200/250  Train Acc = 0.940000
0.20245167613 0.192622214556
210/250  Train Acc = 0.960000
0.174480855465 0.165275037289
220/250  Train Acc = 0.980000
0.0943495035172 0.0844892114401
230/250  Train Acc = 0.960000
0.11366071552 0.104053467512
240/250  Train Acc = 0.930000
0.174206092954 0.16434840858
250/250  Train Acc = 0.950000
0.170038670301 0.158499211073
	Train cost = 0.178823,	Accuracy = 0.935800
10/250  Test Acc = 0.890000
20/250  Test Acc = 0.860000
30/250  Test Acc = 0.890000
40/250  Test Acc = 0.910000
50/250  Test Acc = 0.920000
60/250  Test Acc = 0.920000
70/250  Test Acc = 0.880000
80/250  Test Acc = 0.740000
90/250  Test Acc = 0.920000
100/250  Test Acc = 0.890000
110/250  Test Acc = 0.910000
120/250  Test Acc = 0.930000
130/250  Test Acc = 0.880000
140/250  Test Acc = 0.940000
150/250  Test Acc = 0.870000
160/250  Test Acc = 0.890000
170/250  Test Acc = 0.870000
180/250  Test Acc = 0.890000
190/250  Test Acc = 0.900000
200/250  Test Acc = 0.900000
210/250  Test Acc = 0.890000
220/250  Test Acc = 0.860000
230/250  Test Acc = 0.890000
240/250  Test Acc = 0.920000
250/250  Test Acc = 0.880000
	Test cost = 0.316001,	Accuracy = 0.889200
Best Epoch = 3, Best MAE/ACC in Test = 0.898280
Written to results/parnn_drop_0.0_lamb_0.1_hid_128.txt
