nohup: ignoring input
Couldn't import dot_parser, loading of dot files will not be possible.
WARNING (theano.sandbox.cuda): The cuda backend is deprecated and will be removed in the next release.  Please switch to the gpuarray backend. You can get more information about how to switch at this URL:
 https://github.com/Theano/Theano/wiki/Converting-to-the-new-gpu-back-end%28gpuarray%29

Using gpu device 0: GeForce GTX TITAN X (CNMeM is disabled, cuDNN 5103)
audio
03bSnISJMiM.pkl
0h-zjBukYpk.pkl
1DmNV9C1hbY.pkl
1iG0909rllw.pkl
2WGyTLYerpo.pkl
2iD-tVS8NPw.pkl
5W7Z1C_fDaE.pkl
6Egk_28TtTM.pkl
6_0THN4chvY.pkl
73jzhE8R1TQ.pkl
7JsX8y1ysxY.pkl
8OtFthrtaJM.pkl
8d-gEyoeBzc.pkl
8qrpnFRGt2A.pkl
9J25DZhivz8.pkl
9T9Hf74oK10.pkl
9c67fiY0wGQ.pkl
9qR7uwkblbs.pkl
Af8D0E4ZXaw.pkl
BI97DNYfe5I.pkl
BXuRRbG0Ugk.pkl
Bfr499ggo-0.pkl
BioHAh1qJAQ.pkl
BvYR0L6f2Ig.pkl
Ci-AH39fi3Y.pkl
Clx4VXItLTE.pkl
Dg_0XKD0Mf4.pkl
G-xst2euQUc.pkl
G6GlGvlkxAQ.pkl
GWuJjcEuzt8.pkl
HEsqda8_d0Q.pkl
I5y0__X72p0.pkl
Iu2PFX3z_1s.pkl
IumbAb8q2dM.pkl
Jkswaaud0hk.pkl
LSi-o-IrDMs.pkl
MLal-t_vJPM.pkl
Njd1F0vZSm4.pkl
Nzq88NnDkEk.pkl
OQvJTdtJ2H4.pkl
OtBXNcAL_lE.pkl
Oz06ZWiO20M.pkl
POKffnXeBds.pkl
PZ-lDQFboO8.pkl
QN9ZIUWUXsY.pkl
Qr1Ca94K55A.pkl
Sqr0AcuoNnk.pkl
TvyZBvOMOTc.pkl
VCslbP0mgZI.pkl
VbQk4H8hgr0.pkl
Vj1wYRQjB-o.pkl
W8NXH0Djyww.pkl
WKA5OygbEKI.pkl
X3j2zQgwYgE.pkl
ZAIRrfG22O0.pkl
ZUXBRvtny7o.pkl
_dI--eQ6qVU.pkl
aiEXnCPZubE.pkl
atnd_PF-Lbs.pkl
bOL9jKpeJRs.pkl
bvLlb-M3UXU.pkl
c5xsKMxpXnc.pkl
c7UH_rxdZv4.pkl
cM3Yna7AavY.pkl
cW1FSBF59ik.pkl
cXypl4FnoZo.pkl
d3_k5Xpfmik.pkl
d6hH302o4v8.pkl
dq3Nf_lMPnE.pkl
etzxEpPuc6I.pkl
f9O3YtZ2VfI.pkl
f_pcplsH_V0.pkl
fvVhgmXxadc.pkl
iiK8YX8oH1E.pkl
jUzDDGyPkXU.pkl
k5Y_838nuGo.pkl
lXPQBPVc5Cw.pkl
nbWiPyCm4g0.pkl
nzpVDcQ0ywM.pkl
ob23OKe5a9Q.pkl
pLTX3ipuDJI.pkl
phBUpBr1hSo.pkl
rnaNMUZpvvg.pkl
tIrG4oNLFzE.pkl
tStelxIAHjw.pkl
tmZoasNr4rU.pkl
v0zCBqDeKcE.pkl
vvZ4IcEtiZc.pkl
vyB00TXsimI.pkl
wMbj6ajWbic.pkl
yDtzw_Y-7RU.pkl
yvsjCA6Y5Fc.pkl
zhpQhgha_KU.pkl
MAE of Average Prediction = 1.401523
(1743, 188, 74) (441, 186, 74)
dec = True model = gru lambda = 0.001 share = False #class = 1 drop = 0.5 update = adam2
Compiling function
Compilation done 1
Compilation done 2
Epoch = 1
100 / 109
	Train cost = 1.614230,	MAE = 1.969045
	Test cost = 1.274256,	MAE = 2.072224
Epoch = 2
100 / 109
	Train cost = 1.170222,	MAE = 2.057390
	Test cost = 1.023203,	MAE = 1.432951
Epoch = 3
100 / 109
	Train cost = 1.053429,	MAE = 1.674485
	Test cost = 1.033135,	MAE = 1.466602
Epoch = 4
100 / 109
	Train cost = 0.993331,	MAE = 1.570939
	Test cost = 1.030931,	MAE = 1.476247
Epoch = 5
100 / 109
	Train cost = 0.938226,	MAE = 1.534464
	Test cost = 1.009831,	MAE = 1.423284
Epoch = 6
100 / 109
	Train cost = 0.933108,	MAE = 1.566568
	Test cost = 0.981026,	MAE = 1.409612
Epoch = 7
100 / 109
	Train cost = 0.855634,	MAE = 1.459063
	Test cost = 0.987120,	MAE = 1.396251
Epoch = 8
100 / 109
	Train cost = 0.853469,	MAE = 1.459393
	Test cost = 0.986302,	MAE = 1.432374
Epoch = 9
100 / 109
	Train cost = 0.857304,	MAE = 1.486549
	Test cost = 0.966589,	MAE = 1.408381
Epoch = 10
100 / 109
	Train cost = 0.815551,	MAE = 1.471992
	Test cost = 0.972184,	MAE = 1.406575
Epoch = 11
100 / 109
	Train cost = 0.787835,	MAE = 1.413924
	Test cost = 1.015386,	MAE = 1.408369
Epoch = 12
100 / 109
	Train cost = 0.796758,	MAE = 1.402995
	Test cost = 1.016743,	MAE = 1.433643
Epoch = 13
100 / 109
	Train cost = 0.745021,	MAE = 1.342613
	Test cost = 1.021733,	MAE = 1.418693
Epoch = 14
100 / 109
	Train cost = 0.740790,	MAE = 1.362370
	Test cost = 1.012417,	MAE = 1.417273
