nohup: ignoring input
Couldn't import dot_parser, loading of dot files will not be possible.
WARNING (theano.sandbox.cuda): The cuda backend is deprecated and will be removed in the next release.  Please switch to the gpuarray backend. You can get more information about how to switch at this URL:
 https://github.com/Theano/Theano/wiki/Converting-to-the-new-gpu-back-end%28gpuarray%29

Using gpu device 0: GeForce GTX TITAN X (CNMeM is disabled, cuDNN 5103)
audio
03bSnISJMiM.pkl
0h-zjBukYpk.pkl
1DmNV9C1hbY.pkl
1iG0909rllw.pkl
2WGyTLYerpo.pkl
2iD-tVS8NPw.pkl
5W7Z1C_fDaE.pkl
6Egk_28TtTM.pkl
6_0THN4chvY.pkl
73jzhE8R1TQ.pkl
7JsX8y1ysxY.pkl
8OtFthrtaJM.pkl
8d-gEyoeBzc.pkl
8qrpnFRGt2A.pkl
9J25DZhivz8.pkl
9T9Hf74oK10.pkl
9c67fiY0wGQ.pkl
9qR7uwkblbs.pkl
Af8D0E4ZXaw.pkl
BI97DNYfe5I.pkl
BXuRRbG0Ugk.pkl
Bfr499ggo-0.pkl
BioHAh1qJAQ.pkl
BvYR0L6f2Ig.pkl
Ci-AH39fi3Y.pkl
Clx4VXItLTE.pkl
Dg_0XKD0Mf4.pkl
G-xst2euQUc.pkl
G6GlGvlkxAQ.pkl
GWuJjcEuzt8.pkl
HEsqda8_d0Q.pkl
I5y0__X72p0.pkl
Iu2PFX3z_1s.pkl
IumbAb8q2dM.pkl
Jkswaaud0hk.pkl
LSi-o-IrDMs.pkl
MLal-t_vJPM.pkl
Njd1F0vZSm4.pkl
Nzq88NnDkEk.pkl
OQvJTdtJ2H4.pkl
OtBXNcAL_lE.pkl
Oz06ZWiO20M.pkl
POKffnXeBds.pkl
PZ-lDQFboO8.pkl
QN9ZIUWUXsY.pkl
Qr1Ca94K55A.pkl
Sqr0AcuoNnk.pkl
TvyZBvOMOTc.pkl
VCslbP0mgZI.pkl
VbQk4H8hgr0.pkl
Vj1wYRQjB-o.pkl
W8NXH0Djyww.pkl
WKA5OygbEKI.pkl
X3j2zQgwYgE.pkl
ZAIRrfG22O0.pkl
ZUXBRvtny7o.pkl
_dI--eQ6qVU.pkl
aiEXnCPZubE.pkl
atnd_PF-Lbs.pkl
bOL9jKpeJRs.pkl
bvLlb-M3UXU.pkl
c5xsKMxpXnc.pkl
c7UH_rxdZv4.pkl
cM3Yna7AavY.pkl
cW1FSBF59ik.pkl
cXypl4FnoZo.pkl
d3_k5Xpfmik.pkl
d6hH302o4v8.pkl
dq3Nf_lMPnE.pkl
etzxEpPuc6I.pkl
f9O3YtZ2VfI.pkl
f_pcplsH_V0.pkl
fvVhgmXxadc.pkl
iiK8YX8oH1E.pkl
jUzDDGyPkXU.pkl
k5Y_838nuGo.pkl
lXPQBPVc5Cw.pkl
nbWiPyCm4g0.pkl
nzpVDcQ0ywM.pkl
ob23OKe5a9Q.pkl
pLTX3ipuDJI.pkl
phBUpBr1hSo.pkl
rnaNMUZpvvg.pkl
tIrG4oNLFzE.pkl
tStelxIAHjw.pkl
tmZoasNr4rU.pkl
v0zCBqDeKcE.pkl
vvZ4IcEtiZc.pkl
vyB00TXsimI.pkl
wMbj6ajWbic.pkl
yDtzw_Y-7RU.pkl
yvsjCA6Y5Fc.pkl
zhpQhgha_KU.pkl
Majority Accuracy = 0.528345, Majority Class = 0
(1743, 188, 74) (441, 186, 74)
dec = True model = gru lambda = 0.001 share = True #class = 2 drop = 0.5 update = adam2
Compiling function
Compilation done 1
Compilation done 2
Epoch = 1
100 / 109
	Train cost = 0.980547,	Accuracy = 0.504303
	Test cost = 0.808082,	Accuracy = 0.557823
Epoch = 2
100 / 109
	Train cost = 0.776509,	Accuracy = 0.554791
	Test cost = 0.765420,	Accuracy = 0.544218
Epoch = 3
100 / 109
	Train cost = 0.733812,	Accuracy = 0.591509
	Test cost = 0.754109,	Accuracy = 0.532880
Epoch = 4
100 / 109
	Train cost = 0.720156,	Accuracy = 0.588067
	Test cost = 0.750553,	Accuracy = 0.501134
Epoch = 5
100 / 109
	Train cost = 0.702850,	Accuracy = 0.596672
	Test cost = 0.764699,	Accuracy = 0.535147
Epoch = 6
100 / 109
	Train cost = 0.698731,	Accuracy = 0.606999
	Test cost = 0.786527,	Accuracy = 0.532880
Epoch = 7
100 / 109
	Train cost = 0.695760,	Accuracy = 0.605852
	Test cost = 0.772556,	Accuracy = 0.526077
Epoch = 8
100 / 109
	Train cost = 0.680567,	Accuracy = 0.617900
	Test cost = 0.786485,	Accuracy = 0.514739
Epoch = 9
100 / 109
	Train cost = 0.671764,	Accuracy = 0.648881
	Test cost = 0.786176,	Accuracy = 0.512472
Epoch = 10
100 / 109
	Train cost = 0.669200,	Accuracy = 0.636259
	Test cost = 0.797486,	Accuracy = 0.519274
Epoch = 11
100 / 109
	Train cost = 0.646874,	Accuracy = 0.660356
	Test cost = 0.798382,	Accuracy = 0.532880
Epoch = 12
100 / 109
	Train cost = 0.637454,	Accuracy = 0.680436
	Test cost = 0.816011,	Accuracy = 0.539683
Epoch = 13
100 / 109
	Train cost = 0.638137,	Accuracy = 0.681583
	Test cost = 0.845444,	Accuracy = 0.523810
Epoch = 14
100 / 109
	Train cost = 0.625540,	Accuracy = 0.694205
	Test cost = 0.846312,	Accuracy = 0.526077
Epoch = 15
100 / 109
	Train cost = 0.613611,	Accuracy = 0.723465
	Test cost = 0.874912,	Accuracy = 0.530612
Epoch = 16
100 / 109
	Train cost = 0.595062,	Accuracy = 0.728055
	Test cost = 0.911357,	Accuracy = 0.505669
Epoch = 17
100 / 109
