nohup: ignoring input
Couldn't import dot_parser, loading of dot files will not be possible.
WARNING (theano.sandbox.cuda): The cuda backend is deprecated and will be removed in the next release.  Please switch to the gpuarray backend. You can get more information about how to switch at this URL:
 https://github.com/Theano/Theano/wiki/Converting-to-the-new-gpu-back-end%28gpuarray%29

Using gpu device 1: GeForce GTX TITAN X (CNMeM is disabled, cuDNN 5103)
facet
03bSnISJMiM.pkl
0h-zjBukYpk.pkl
1DmNV9C1hbY.pkl
1iG0909rllw.pkl
2WGyTLYerpo.pkl
2iD-tVS8NPw.pkl
5W7Z1C_fDaE.pkl
6Egk_28TtTM.pkl
6_0THN4chvY.pkl
73jzhE8R1TQ.pkl
7JsX8y1ysxY.pkl
8OtFthrtaJM.pkl
8d-gEyoeBzc.pkl
8qrpnFRGt2A.pkl
9J25DZhivz8.pkl
9T9Hf74oK10.pkl
9c67fiY0wGQ.pkl
9qR7uwkblbs.pkl
Af8D0E4ZXaw.pkl
BI97DNYfe5I.pkl
BXuRRbG0Ugk.pkl
Bfr499ggo-0.pkl
BioHAh1qJAQ.pkl
BvYR0L6f2Ig.pkl
Ci-AH39fi3Y.pkl
Clx4VXItLTE.pkl
Dg_0XKD0Mf4.pkl
G-xst2euQUc.pkl
G6GlGvlkxAQ.pkl
GWuJjcEuzt8.pkl
HEsqda8_d0Q.pkl
I5y0__X72p0.pkl
Iu2PFX3z_1s.pkl
IumbAb8q2dM.pkl
Jkswaaud0hk.pkl
LSi-o-IrDMs.pkl
MLal-t_vJPM.pkl
Njd1F0vZSm4.pkl
Nzq88NnDkEk.pkl
OQvJTdtJ2H4.pkl
OtBXNcAL_lE.pkl
Oz06ZWiO20M.pkl
POKffnXeBds.pkl
PZ-lDQFboO8.pkl
QN9ZIUWUXsY.pkl
Qr1Ca94K55A.pkl
Sqr0AcuoNnk.pkl
TvyZBvOMOTc.pkl
VCslbP0mgZI.pkl
VbQk4H8hgr0.pkl
Vj1wYRQjB-o.pkl
W8NXH0Djyww.pkl
WKA5OygbEKI.pkl
X3j2zQgwYgE.pkl
ZAIRrfG22O0.pkl
ZUXBRvtny7o.pkl
_dI--eQ6qVU.pkl
aiEXnCPZubE.pkl
atnd_PF-Lbs.pkl
bOL9jKpeJRs.pkl
bvLlb-M3UXU.pkl
c5xsKMxpXnc.pkl
c7UH_rxdZv4.pkl
cM3Yna7AavY.pkl
cW1FSBF59ik.pkl
cXypl4FnoZo.pkl
d3_k5Xpfmik.pkl
d6hH302o4v8.pkl
dq3Nf_lMPnE.pkl
etzxEpPuc6I.pkl
f9O3YtZ2VfI.pkl
f_pcplsH_V0.pkl
fvVhgmXxadc.pkl
iiK8YX8oH1E.pkl
jUzDDGyPkXU.pkl
k5Y_838nuGo.pkl
lXPQBPVc5Cw.pkl
nbWiPyCm4g0.pkl
nzpVDcQ0ywM.pkl
ob23OKe5a9Q.pkl
pLTX3ipuDJI.pkl
phBUpBr1hSo.pkl
rnaNMUZpvvg.pkl
tIrG4oNLFzE.pkl
tStelxIAHjw.pkl
tmZoasNr4rU.pkl
v0zCBqDeKcE.pkl
vvZ4IcEtiZc.pkl
vyB00TXsimI.pkl
wMbj6ajWbic.pkl
yDtzw_Y-7RU.pkl
yvsjCA6Y5Fc.pkl
zhpQhgha_KU.pkl
Majority Accuracy = 0.528345, Majority Class = 0
(1743, 238, 48) (441, 196, 48)
dec = True model = lstm lambda = 0.001 share = False #class = 2 drop = 0.5 update = adam2
Compiling function
Compilation done 1
Compilation done 2
Epoch = 1
100 / 109
	Train cost = 1.062472,	Accuracy = 0.534453
	Test cost = 0.807452,	Accuracy = 0.521542
Epoch = 2
100 / 109
	Train cost = 0.744205,	Accuracy = 0.579039
	Test cost = 0.768691,	Accuracy = 0.517007
Epoch = 3
100 / 109
	Train cost = 0.712034,	Accuracy = 0.593515
	Test cost = 0.751414,	Accuracy = 0.512472
Epoch = 4
100 / 109
	Train cost = 0.697437,	Accuracy = 0.602779
	Test cost = 0.746297,	Accuracy = 0.523810
Epoch = 5
100 / 109
	Train cost = 0.679089,	Accuracy = 0.632310
	Test cost = 0.756754,	Accuracy = 0.514739
Epoch = 6
100 / 109
	Train cost = 0.670624,	Accuracy = 0.641575
	Test cost = 0.757709,	Accuracy = 0.517007
Epoch = 7
100 / 109
	Train cost = 0.659150,	Accuracy = 0.653735
	Test cost = 0.772576,	Accuracy = 0.521542
Epoch = 8
100 / 109
	Train cost = 0.653353,	Accuracy = 0.662420
	Test cost = 0.772442,	Accuracy = 0.532880
Epoch = 9
100 / 109
	Train cost = 0.648627,	Accuracy = 0.652577
	Test cost = 0.791712,	Accuracy = 0.535147
Epoch = 10
100 / 109
	Train cost = 0.629943,	Accuracy = 0.672264
	Test cost = 0.804004,	Accuracy = 0.521542
Epoch = 11
100 / 109
	Train cost = 0.619937,	Accuracy = 0.698321
	Test cost = 0.822400,	Accuracy = 0.523810
Epoch = 12
100 / 109
	Train cost = 0.598518,	Accuracy = 0.711060
	Test cost = 0.849097,	Accuracy = 0.514739
Epoch = 13
100 / 109
	Train cost = 0.603930,	Accuracy = 0.712218
	Test cost = 0.854144,	Accuracy = 0.514739
Epoch = 14
100 / 109
	Train cost = 0.588691,	Accuracy = 0.730747
	Test cost = 0.861708,	Accuracy = 0.514739
Epoch = 15
100 / 109
	Train cost = 0.592352,	Accuracy = 0.705269
	Test cost = 0.865402,	Accuracy = 0.467120
Epoch = 16
100 / 109
	Train cost = 0.584719,	Accuracy = 0.726115
	Test cost = 0.881459,	Accuracy = 0.496599
Epoch = 17
100 / 109
	Train cost = 0.580183,	Accuracy = 0.737116
	Test cost = 0.911107,	Accuracy = 0.514739
Epoch = 18
100 / 109
	Train cost = 0.562548,	Accuracy = 0.747539
	Test cost = 0.932035,	Accuracy = 0.517007
Epoch = 19
100 / 109
	Train cost = 0.548989,	Accuracy = 0.761436
	Test cost = 0.955765,	Accuracy = 0.496599
Epoch = 20
100 / 109
	Train cost = 0.546255,	Accuracy = 0.766647
	Test cost = 0.956500,	Accuracy = 0.521542
Epoch = 21
100 / 109
	Train cost = 0.524427,	Accuracy = 0.777070
	Test cost = 1.017816,	Accuracy = 0.546485
Epoch = 22
100 / 109
	Train cost = 0.523431,	Accuracy = 0.778228
	Test cost = 1.063098,	Accuracy = 0.530612
Epoch = 23
100 / 109
	Train cost = 0.494498,	Accuracy = 0.801969
	Test cost = 1.148627,	Accuracy = 0.514739
Epoch = 24
100 / 109
	Train cost = 0.491294,	Accuracy = 0.804864
	Test cost = 1.116519,	Accuracy = 0.544218
Epoch = 25
100 / 109
	Train cost = 0.479946,	Accuracy = 0.814129
	Test cost = 1.255328,	Accuracy = 0.512472
Epoch = 26
100 / 109
	Train cost = 0.461437,	Accuracy = 0.812391
	Test cost = 1.247919,	Accuracy = 0.532880
