nohup: ignoring input
Couldn't import dot_parser, loading of dot files will not be possible.
WARNING (theano.sandbox.cuda): The cuda backend is deprecated and will be removed in the next release.  Please switch to the gpuarray backend. You can get more information about how to switch at this URL:
 https://github.com/Theano/Theano/wiki/Converting-to-the-new-gpu-back-end%28gpuarray%29

Using gpu device 2: GeForce GTX TITAN X (CNMeM is disabled, cuDNN 5103)
openface
03bSnISJMiM.pkl
0h-zjBukYpk.pkl
1DmNV9C1hbY.pkl
1iG0909rllw.pkl
2WGyTLYerpo.pkl
2iD-tVS8NPw.pkl
5W7Z1C_fDaE.pkl
6Egk_28TtTM.pkl
6_0THN4chvY.pkl
73jzhE8R1TQ.pkl
7JsX8y1ysxY.pkl
8OtFthrtaJM.pkl
8d-gEyoeBzc.pkl
8qrpnFRGt2A.pkl
9J25DZhivz8.pkl
9T9Hf74oK10.pkl
9c67fiY0wGQ.pkl
9qR7uwkblbs.pkl
Af8D0E4ZXaw.pkl
BI97DNYfe5I.pkl
BXuRRbG0Ugk.pkl
Bfr499ggo-0.pkl
BioHAh1qJAQ.pkl
BvYR0L6f2Ig.pkl
Ci-AH39fi3Y.pkl
Clx4VXItLTE.pkl
Dg_0XKD0Mf4.pkl
G-xst2euQUc.pkl
G6GlGvlkxAQ.pkl
GWuJjcEuzt8.pkl
HEsqda8_d0Q.pkl
I5y0__X72p0.pkl
Iu2PFX3z_1s.pkl
IumbAb8q2dM.pkl
Jkswaaud0hk.pkl
LSi-o-IrDMs.pkl
MLal-t_vJPM.pkl
Njd1F0vZSm4.pkl
Nzq88NnDkEk.pkl
OQvJTdtJ2H4.pkl
OtBXNcAL_lE.pkl
Oz06ZWiO20M.pkl
POKffnXeBds.pkl
PZ-lDQFboO8.pkl
QN9ZIUWUXsY.pkl
Qr1Ca94K55A.pkl
Sqr0AcuoNnk.pkl
TvyZBvOMOTc.pkl
VCslbP0mgZI.pkl
VbQk4H8hgr0.pkl
Vj1wYRQjB-o.pkl
W8NXH0Djyww.pkl
WKA5OygbEKI.pkl
X3j2zQgwYgE.pkl
ZAIRrfG22O0.pkl
ZUXBRvtny7o.pkl
_dI--eQ6qVU.pkl
aiEXnCPZubE.pkl
atnd_PF-Lbs.pkl
bOL9jKpeJRs.pkl
bvLlb-M3UXU.pkl
c5xsKMxpXnc.pkl
c7UH_rxdZv4.pkl
cM3Yna7AavY.pkl
cW1FSBF59ik.pkl
cXypl4FnoZo.pkl
d3_k5Xpfmik.pkl
d6hH302o4v8.pkl
dq3Nf_lMPnE.pkl
etzxEpPuc6I.pkl
f9O3YtZ2VfI.pkl
f_pcplsH_V0.pkl
fvVhgmXxadc.pkl
iiK8YX8oH1E.pkl
jUzDDGyPkXU.pkl
k5Y_838nuGo.pkl
lXPQBPVc5Cw.pkl
nbWiPyCm4g0.pkl
nzpVDcQ0ywM.pkl
ob23OKe5a9Q.pkl
pLTX3ipuDJI.pkl
phBUpBr1hSo.pkl
rnaNMUZpvvg.pkl
tIrG4oNLFzE.pkl
tStelxIAHjw.pkl
tmZoasNr4rU.pkl
v0zCBqDeKcE.pkl
vvZ4IcEtiZc.pkl
vyB00TXsimI.pkl
wMbj6ajWbic.pkl
yDtzw_Y-7RU.pkl
yvsjCA6Y5Fc.pkl
zhpQhgha_KU.pkl
Majority Accuracy = 0.528345, Majority Class = 0
(1742, 241, 431) (441, 196, 431)
dec = True model = lstm lambda = 0.0001 share = False #class = 2 drop = 0.5 update = adam2
Compiling function
Compilation done 1
Compilation done 2
Epoch = 1
100 / 109
	Train cost = 1.476376,	Accuracy = 0.523536
	Test cost = 1.194992,	Accuracy = 0.485261
Epoch = 2
100 / 109
	Train cost = 1.077148,	Accuracy = 0.547646
	Test cost = 1.002238,	Accuracy = 0.537415
Epoch = 3
100 / 109
	Train cost = 0.931664,	Accuracy = 0.563720
	Test cost = 0.945104,	Accuracy = 0.494331
Epoch = 4
100 / 109
	Train cost = 0.873005,	Accuracy = 0.596441
	Test cost = 0.884545,	Accuracy = 0.485261
Epoch = 5
100 / 109
	Train cost = 0.823078,	Accuracy = 0.589552
	Test cost = 0.900443,	Accuracy = 0.503401
Epoch = 6
100 / 109
	Train cost = 0.803362,	Accuracy = 0.614237
	Test cost = 0.885638,	Accuracy = 0.492063
Epoch = 7
100 / 109
	Train cost = 0.775634,	Accuracy = 0.637773
	Test cost = 0.903233,	Accuracy = 0.487528
Epoch = 8
100 / 109
	Train cost = 0.752673,	Accuracy = 0.661309
	Test cost = 0.922271,	Accuracy = 0.487528
Epoch = 9
100 / 109
	Train cost = 0.728351,	Accuracy = 0.686567
	Test cost = 0.971984,	Accuracy = 0.469388
Epoch = 10
100 / 109
	Train cost = 0.697774,	Accuracy = 0.711825
	Test cost = 1.016503,	Accuracy = 0.453515
Epoch = 11
100 / 109
	Train cost = 0.667917,	Accuracy = 0.734788
	Test cost = 1.052525,	Accuracy = 0.433107
Epoch = 12
100 / 109
	Train cost = 0.677488,	Accuracy = 0.754305
	Test cost = 1.056548,	Accuracy = 0.478458
Epoch = 13
100 / 109
	Train cost = 0.642082,	Accuracy = 0.773249
	Test cost = 1.053400,	Accuracy = 0.471655
Epoch = 14
100 / 109
	Train cost = 0.588926,	Accuracy = 0.788749
	Test cost = 1.124531,	Accuracy = 0.448980
Epoch = 15
100 / 109
	Train cost = 0.577411,	Accuracy = 0.808266
	Test cost = 1.186572,	Accuracy = 0.458050
Epoch = 16
100 / 109
	Train cost = 0.587940,	Accuracy = 0.814581
	Test cost = 1.205249,	Accuracy = 0.455782
Epoch = 17
100 / 109
	Train cost = 0.567674,	Accuracy = 0.812285
	Test cost = 1.276342,	Accuracy = 0.458050
Epoch = 18
100 / 109
	Train cost = 0.560000,	Accuracy = 0.812859
	Test cost = 1.345094,	Accuracy = 0.455782
Epoch = 19
