nohup: ignoring input
Couldn't import dot_parser, loading of dot files will not be possible.
WARNING (theano.sandbox.cuda): The cuda backend is deprecated and will be removed in the next release.  Please switch to the gpuarray backend. You can get more information about how to switch at this URL:
 https://github.com/Theano/Theano/wiki/Converting-to-the-new-gpu-back-end%28gpuarray%29

Using gpu device 2: GeForce GTX TITAN X (CNMeM is disabled, cuDNN 5103)
openface
03bSnISJMiM.pkl
0h-zjBukYpk.pkl
1DmNV9C1hbY.pkl
1iG0909rllw.pkl
2WGyTLYerpo.pkl
2iD-tVS8NPw.pkl
5W7Z1C_fDaE.pkl
6Egk_28TtTM.pkl
6_0THN4chvY.pkl
73jzhE8R1TQ.pkl
7JsX8y1ysxY.pkl
8OtFthrtaJM.pkl
8d-gEyoeBzc.pkl
8qrpnFRGt2A.pkl
9J25DZhivz8.pkl
9T9Hf74oK10.pkl
9c67fiY0wGQ.pkl
9qR7uwkblbs.pkl
Af8D0E4ZXaw.pkl
BI97DNYfe5I.pkl
BXuRRbG0Ugk.pkl
Bfr499ggo-0.pkl
BioHAh1qJAQ.pkl
BvYR0L6f2Ig.pkl
Ci-AH39fi3Y.pkl
Clx4VXItLTE.pkl
Dg_0XKD0Mf4.pkl
G-xst2euQUc.pkl
G6GlGvlkxAQ.pkl
GWuJjcEuzt8.pkl
HEsqda8_d0Q.pkl
I5y0__X72p0.pkl
Iu2PFX3z_1s.pkl
IumbAb8q2dM.pkl
Jkswaaud0hk.pkl
LSi-o-IrDMs.pkl
MLal-t_vJPM.pkl
Njd1F0vZSm4.pkl
Nzq88NnDkEk.pkl
OQvJTdtJ2H4.pkl
OtBXNcAL_lE.pkl
Oz06ZWiO20M.pkl
POKffnXeBds.pkl
PZ-lDQFboO8.pkl
QN9ZIUWUXsY.pkl
Qr1Ca94K55A.pkl
Sqr0AcuoNnk.pkl
TvyZBvOMOTc.pkl
VCslbP0mgZI.pkl
VbQk4H8hgr0.pkl
Vj1wYRQjB-o.pkl
W8NXH0Djyww.pkl
WKA5OygbEKI.pkl
X3j2zQgwYgE.pkl
ZAIRrfG22O0.pkl
ZUXBRvtny7o.pkl
_dI--eQ6qVU.pkl
aiEXnCPZubE.pkl
atnd_PF-Lbs.pkl
bOL9jKpeJRs.pkl
bvLlb-M3UXU.pkl
c5xsKMxpXnc.pkl
c7UH_rxdZv4.pkl
cM3Yna7AavY.pkl
cW1FSBF59ik.pkl
cXypl4FnoZo.pkl
d3_k5Xpfmik.pkl
d6hH302o4v8.pkl
dq3Nf_lMPnE.pkl
etzxEpPuc6I.pkl
f9O3YtZ2VfI.pkl
f_pcplsH_V0.pkl
fvVhgmXxadc.pkl
iiK8YX8oH1E.pkl
jUzDDGyPkXU.pkl
k5Y_838nuGo.pkl
lXPQBPVc5Cw.pkl
nbWiPyCm4g0.pkl
nzpVDcQ0ywM.pkl
ob23OKe5a9Q.pkl
pLTX3ipuDJI.pkl
phBUpBr1hSo.pkl
rnaNMUZpvvg.pkl
tIrG4oNLFzE.pkl
tStelxIAHjw.pkl
tmZoasNr4rU.pkl
v0zCBqDeKcE.pkl
vvZ4IcEtiZc.pkl
vyB00TXsimI.pkl
wMbj6ajWbic.pkl
yDtzw_Y-7RU.pkl
yvsjCA6Y5Fc.pkl
zhpQhgha_KU.pkl
MAE of Average Prediction = 1.401520
(1742, 241, 431) (441, 196, 431)
dec = True model = gru lambda = 0.0001 share = False #class = 1 drop = 0.5 update = adam2
Compiling function
Compilation done 1
Compilation done 2
Epoch = 1
100 / 109
	Train cost = 1.335022,	MAE = 4.945379
	Test cost = 1.271505,	MAE = 2.933656
Epoch = 2
100 / 109
	Train cost = 1.295361,	MAE = 4.064230
	Test cost = 1.275540,	MAE = 2.992808
Epoch = 3
100 / 109
	Train cost = 1.215751,	MAE = 3.361402
	Test cost = 1.264474,	MAE = 2.965946
Epoch = 4
100 / 109
	Train cost = 1.173017,	MAE = 2.635057
	Test cost = 1.133098,	MAE = 1.971365
Epoch = 5
100 / 109
	Train cost = 1.166721,	MAE = 2.586801
	Test cost = 1.152533,	MAE = 1.778432
Epoch = 6
100 / 109
	Train cost = 1.110813,	MAE = 1.810469
	Test cost = 1.186665,	MAE = 1.707801
Epoch = 7
100 / 109
	Train cost = 1.139903,	MAE = 1.792579
	Test cost = 1.214772,	MAE = 1.764293
Epoch = 8
100 / 109
	Train cost = 1.045004,	MAE = 1.688636
	Test cost = 1.247138,	MAE = 1.579569
Epoch = 9
100 / 109
	Train cost = 1.021397,	MAE = 1.529812
	Test cost = 1.209933,	MAE = 1.553694
Epoch = 10
100 / 109
	Train cost = 0.932246,	MAE = 1.501581
	Test cost = 1.243552,	MAE = 1.509166
Epoch = 11
100 / 109
	Train cost = 0.883773,	MAE = 1.432230
	Test cost = 1.243583,	MAE = 1.557452
Epoch = 12
100 / 109
	Train cost = 0.853775,	MAE = 1.374103
	Test cost = 1.232203,	MAE = 1.516897
Epoch = 13
100 / 109
	Train cost = 0.800493,	MAE = 1.333990
	Test cost = 1.194733,	MAE = 1.476718
Epoch = 14
100 / 109
	Train cost = 0.781014,	MAE = 1.321505
	Test cost = 1.213013,	MAE = 1.530914
Epoch = 15
100 / 109
	Train cost = 0.733490,	MAE = 1.275698
	Test cost = 1.154902,	MAE = 1.490470
Epoch = 16
100 / 109
	Train cost = 0.718856,	MAE = 1.250784
	Test cost = 1.151268,	MAE = 1.429444
Epoch = 17
100 / 109
	Train cost = 0.698687,	MAE = 1.231387
	Test cost = 1.164554,	MAE = 1.460112
Epoch = 18
100 / 109
	Train cost = 0.692210,	MAE = 1.203026
	Test cost = 1.220339,	MAE = 1.525591
Epoch = 19
