nohup: ignoring input
Couldn't import dot_parser, loading of dot files will not be possible.
WARNING (theano.sandbox.cuda): The cuda backend is deprecated and will be removed in the next release.  Please switch to the gpuarray backend. You can get more information about how to switch at this URL:
 https://github.com/Theano/Theano/wiki/Converting-to-the-new-gpu-back-end%28gpuarray%29

Using gpu device 2: GeForce GTX TITAN X (CNMeM is disabled, cuDNN 5103)
openface
03bSnISJMiM.pkl
0h-zjBukYpk.pkl
1DmNV9C1hbY.pkl
1iG0909rllw.pkl
2WGyTLYerpo.pkl
2iD-tVS8NPw.pkl
5W7Z1C_fDaE.pkl
6Egk_28TtTM.pkl
6_0THN4chvY.pkl
73jzhE8R1TQ.pkl
7JsX8y1ysxY.pkl
8OtFthrtaJM.pkl
8d-gEyoeBzc.pkl
8qrpnFRGt2A.pkl
9J25DZhivz8.pkl
9T9Hf74oK10.pkl
9c67fiY0wGQ.pkl
9qR7uwkblbs.pkl
Af8D0E4ZXaw.pkl
BI97DNYfe5I.pkl
BXuRRbG0Ugk.pkl
Bfr499ggo-0.pkl
BioHAh1qJAQ.pkl
BvYR0L6f2Ig.pkl
Ci-AH39fi3Y.pkl
Clx4VXItLTE.pkl
Dg_0XKD0Mf4.pkl
G-xst2euQUc.pkl
G6GlGvlkxAQ.pkl
GWuJjcEuzt8.pkl
HEsqda8_d0Q.pkl
I5y0__X72p0.pkl
Iu2PFX3z_1s.pkl
IumbAb8q2dM.pkl
Jkswaaud0hk.pkl
LSi-o-IrDMs.pkl
MLal-t_vJPM.pkl
Njd1F0vZSm4.pkl
Nzq88NnDkEk.pkl
OQvJTdtJ2H4.pkl
OtBXNcAL_lE.pkl
Oz06ZWiO20M.pkl
POKffnXeBds.pkl
PZ-lDQFboO8.pkl
QN9ZIUWUXsY.pkl
Qr1Ca94K55A.pkl
Sqr0AcuoNnk.pkl
TvyZBvOMOTc.pkl
VCslbP0mgZI.pkl
VbQk4H8hgr0.pkl
Vj1wYRQjB-o.pkl
W8NXH0Djyww.pkl
WKA5OygbEKI.pkl
X3j2zQgwYgE.pkl
ZAIRrfG22O0.pkl
ZUXBRvtny7o.pkl
_dI--eQ6qVU.pkl
aiEXnCPZubE.pkl
atnd_PF-Lbs.pkl
bOL9jKpeJRs.pkl
bvLlb-M3UXU.pkl
c5xsKMxpXnc.pkl
c7UH_rxdZv4.pkl
cM3Yna7AavY.pkl
cW1FSBF59ik.pkl
cXypl4FnoZo.pkl
d3_k5Xpfmik.pkl
d6hH302o4v8.pkl
dq3Nf_lMPnE.pkl
etzxEpPuc6I.pkl
f9O3YtZ2VfI.pkl
f_pcplsH_V0.pkl
fvVhgmXxadc.pkl
iiK8YX8oH1E.pkl
jUzDDGyPkXU.pkl
k5Y_838nuGo.pkl
lXPQBPVc5Cw.pkl
nbWiPyCm4g0.pkl
nzpVDcQ0ywM.pkl
ob23OKe5a9Q.pkl
pLTX3ipuDJI.pkl
phBUpBr1hSo.pkl
rnaNMUZpvvg.pkl
tIrG4oNLFzE.pkl
tStelxIAHjw.pkl
tmZoasNr4rU.pkl
v0zCBqDeKcE.pkl
vvZ4IcEtiZc.pkl
vyB00TXsimI.pkl
wMbj6ajWbic.pkl
yDtzw_Y-7RU.pkl
yvsjCA6Y5Fc.pkl
zhpQhgha_KU.pkl
Majority Accuracy = 0.528345, Majority Class = 0
(1742, 241, 431) (441, 196, 431)
Compiling function
Compilation done 1
Compilation done 2
Epoch = 1
100 / 109
	Train cost = 0.771373,	Accuracy = 0.495982
	Test cost = 0.716568,	Accuracy = 0.571429
Epoch = 2
100 / 109
	Train cost = 0.752647,	Accuracy = 0.541332
	Test cost = 0.720103,	Accuracy = 0.573696
Epoch = 3
100 / 109
	Train cost = 0.755786,	Accuracy = 0.537887
	Test cost = 0.721727,	Accuracy = 0.546485
Epoch = 4
100 / 109
	Train cost = 0.735383,	Accuracy = 0.538462
	Test cost = 0.721552,	Accuracy = 0.578231
Epoch = 5
100 / 109
	Train cost = 0.727946,	Accuracy = 0.561424
	Test cost = 0.729352,	Accuracy = 0.566893
Epoch = 6
100 / 109
	Train cost = 0.731397,	Accuracy = 0.569460
	Test cost = 0.724228,	Accuracy = 0.564626
Epoch = 7
100 / 109
	Train cost = 0.730665,	Accuracy = 0.540184
	Test cost = 0.737007,	Accuracy = 0.544218
Epoch = 8
100 / 109
	Train cost = 0.730077,	Accuracy = 0.576349
	Test cost = 0.733246,	Accuracy = 0.510204
Epoch = 9
100 / 109
	Train cost = 0.720592,	Accuracy = 0.572905
	Test cost = 0.728166,	Accuracy = 0.541950
Epoch = 10
100 / 109
	Train cost = 0.729827,	Accuracy = 0.577497
	Test cost = 0.731556,	Accuracy = 0.537415
Epoch = 11
100 / 109
	Train cost = 0.716221,	Accuracy = 0.572331
	Test cost = 0.732109,	Accuracy = 0.544218
Epoch = 12
100 / 109
	Train cost = 0.712856,	Accuracy = 0.576349
	Test cost = 0.733588,	Accuracy = 0.537415
Epoch = 13
100 / 109
	Train cost = 0.705800,	Accuracy = 0.591274
	Test cost = 0.734196,	Accuracy = 0.541950
Epoch = 14
100 / 109
	Train cost = 0.708959,	Accuracy = 0.597015
	Test cost = 0.740622,	Accuracy = 0.544218
