nohup: ignoring input
Using gpu device 2: GeForce GTX TITAN X (CNMeM is disabled, cuDNN 5103)
/usr/local/lib/python2.7/dist-packages/theano/sandbox/cuda/__init__.py:600: UserWarning: Your cuDNN version is more recent than the one Theano officially supports. If you see any problems, try updating Theano or downgrading cuDNN to version 5.
  warnings.warn(warn)
au b
../data_info/AMT_Batch3_results_large.csv
../data_info/AMT_Batch1_results_large.csv
../data_info/AMT_Batch2_results_large.csv
../data_info/AMT_Batch4_results_large.csv
D10S1
D10S2
D11S1
D11S2
D12S1
D12S2
D16S2
D17S1
D18S1
D3S1
D3S2
D4S1
D4S2
D5S1
D5S2
D6S1
D6S2
D7S1
D7S2
D8S1
D8S2
D9S1
D9S2
Testing Dyad = 3
RMSE of Average Prediction = 1.143461
(1060, 76, 35) (165, 76, 35)
bi-naive
Compiling function
Compilation done 1
Compilation done 2
Epoch = 1
	Train cost = 1.000198,	RMSE = 4.017783
	Test cost = 1.000040,	RMSE = 3.953203
Epoch = 2
	Train cost = 1.000030,	RMSE = 4.043334
	Test cost = 0.999977,	RMSE = 3.937549
Epoch = 3
	Train cost = 0.999994,	RMSE = 4.024676
	Test cost = 0.999996,	RMSE = 4.038295
Epoch = 4
	Train cost = 0.999950,	RMSE = 4.080895
	Test cost = 1.000011,	RMSE = 4.030727
Epoch = 5
	Train cost = 0.999657,	RMSE = 4.089141
	Test cost = 0.999994,	RMSE = 4.063749
Epoch = 6
	Train cost = 0.999994,	RMSE = 4.104220
	Test cost = 0.999993,	RMSE = 4.071770
Epoch = 7
	Train cost = 0.998998,	RMSE = 4.117756
	Test cost = 1.000003,	RMSE = 4.120175
Epoch = 8
	Train cost = 1.000237,	RMSE = 4.075929
	Test cost = 0.999987,	RMSE = 3.895154
Epoch = 9
	Train cost = 1.000013,	RMSE = 3.903420
	Test cost = 0.999992,	RMSE = 3.830293
Epoch = 10
	Train cost = 0.999963,	RMSE = 3.817987
	Test cost = 1.000001,	RMSE = 3.750129
Epoch = 11
	Train cost = 0.998435,	RMSE = 3.769373
	Test cost = 0.999998,	RMSE = 3.686107
Epoch = 12
	Train cost = 0.999404,	RMSE = 3.700267
	Test cost = 0.999998,	RMSE = 3.611405
Epoch = 13
	Train cost = 0.998264,	RMSE = 3.670594
	Test cost = 1.000003,	RMSE = 3.597837
Epoch = 14
	Train cost = 1.001140,	RMSE = 3.676748
	Test cost = 0.999989,	RMSE = 3.668735
Epoch = 15
	Train cost = 1.000461,	RMSE = 3.826259
	Test cost = 0.999983,	RMSE = 3.785379
Epoch = 16
	Train cost = 1.000110,	RMSE = 3.834738
	Test cost = 0.999981,	RMSE = 3.827916
Epoch = 17
	Train cost = 1.000077,	RMSE = 3.980160
	Test cost = 0.999979,	RMSE = 4.033324
Epoch = 18
	Train cost = 0.999936,	RMSE = 3.846893
	Test cost = 0.999995,	RMSE = 3.620826
Epoch = 19
	Train cost = 0.999792,	RMSE = 3.660360
	Test cost = 1.000004,	RMSE = 3.665366
Epoch = 20
	Train cost = 0.997697,	RMSE = 3.644533
	Test cost = 0.999997,	RMSE = 3.567103
Epoch = 21
	Train cost = 1.000049,	RMSE = 3.617293
	Test cost = 0.999997,	RMSE = 3.559411
Epoch = 22
	Train cost = 0.999962,	RMSE = 3.632667
	Test cost = 1.000004,	RMSE = 3.617859
Epoch = 23
	Train cost = 1.001022,	RMSE = 3.665195
	Test cost = 1.000004,	RMSE = 3.628195
Epoch = 24
	Train cost = 1.000394,	RMSE = 3.880851
	Test cost = 0.999998,	RMSE = 4.089664
Epoch = 25
	Train cost = 0.997772,	RMSE = 4.329145
	Test cost = 1.000005,	RMSE = 4.224492
Epoch = 26
	Train cost = 0.999824,	RMSE = 4.301021
	Test cost = 1.000004,	RMSE = 4.256807
Epoch = 27
	Train cost = 0.999956,	RMSE = 4.236890
	Test cost = 1.000005,	RMSE = 4.156748
Epoch = 28
	Train cost = 0.999759,	RMSE = 4.319354
	Test cost = 1.000002,	RMSE = 4.332842
Epoch = 29
	Train cost = 0.998493,	RMSE = 4.401014
	Test cost = 0.999999,	RMSE = 4.361837
Epoch = 30
	Train cost = 1.001043,	RMSE = 4.430484
	Test cost = 0.999999,	RMSE = 4.379379
Epoch = 31
	Train cost = 1.000631,	RMSE = 4.430226
	Test cost = 0.999999,	RMSE = 4.325433
Epoch = 32
	Train cost = 0.999628,	RMSE = 4.379353
	Test cost = 0.999999,	RMSE = 4.353089
Epoch = 33
	Train cost = 1.001108,	RMSE = 4.432168
	Test cost = 1.000002,	RMSE = 4.331913
Epoch = 34
	Train cost = 0.998839,	RMSE = 4.329065
	Test cost = 1.000000,	RMSE = 4.355063
Epoch = 35
	Train cost = 0.998536,	RMSE = 4.428322
	Test cost = 1.000000,	RMSE = 4.394183
Epoch = 36
	Train cost = 1.000202,	RMSE = 4.453951
	Test cost = 1.000000,	RMSE = 4.402802
Epoch = 37
	Train cost = 1.001085,	RMSE = 4.372388
	Test cost = 0.999999,	RMSE = 4.248779
Epoch = 38
	Train cost = 1.000605,	RMSE = 4.221215
	Test cost = 0.999999,	RMSE = 4.093358
Epoch = 39
	Train cost = 0.999960,	RMSE = 4.264158
	Test cost = 0.999999,	RMSE = 4.320729
Epoch = 40
	Train cost = 1.000891,	RMSE = 4.389742
	Test cost = 0.999999,	RMSE = 4.336184
Epoch = 41
	Train cost = 1.000772,	RMSE = 4.341211
	Test cost = 0.999999,	RMSE = 4.216865
Epoch = 42
	Train cost = 0.998669,	RMSE = 4.351819
	Test cost = 1.000000,	RMSE = 4.335730
Epoch = 43
	Train cost = 1.001333,	RMSE = 4.377498
	Test cost = 1.000002,	RMSE = 4.247006
Epoch = 44
	Train cost = 1.000426,	RMSE = 4.055887
	Test cost = 1.000005,	RMSE = 3.878599
Epoch = 45
	Train cost = 0.999624,	RMSE = 3.763661
	Test cost = 1.000001,	RMSE = 3.595817
Epoch = 46
	Train cost = 1.001327,	RMSE = 3.662534
	Test cost = 0.999998,	RMSE = 3.651273
Epoch = 47
	Train cost = 1.001359,	RMSE = 3.917124
	Test cost = 0.999998,	RMSE = 4.073903
Epoch = 48
	Train cost = 1.000015,	RMSE = 4.198129
	Test cost = 1.000000,	RMSE = 4.209502
Epoch = 49
	Train cost = 1.000962,	RMSE = 4.203008
	Test cost = 0.999998,	RMSE = 4.053191
Epoch = 50
	Train cost = 1.000432,	RMSE = 4.090450
	Test cost = 0.999998,	RMSE = 3.960329
Testing Dyad = 4
RMSE of Average Prediction = 1.687663
(1178, 76, 35) (47, 76, 35)
bi-naive
Compiling function
Compilation done 1
Compilation done 2
Epoch = 1
	Train cost = 1.000183,	RMSE = 4.169440
	Test cost = 0.999949,	RMSE = 3.129742
Epoch = 2
	Train cost = 1.000181,	RMSE = 4.091019
	Test cost = 0.999903,	RMSE = 2.892403
Epoch = 3
	Train cost = 1.000027,	RMSE = 4.033953
	Test cost = 0.999942,	RMSE = 3.045232
Epoch = 4
	Train cost = 1.000046,	RMSE = 4.122429
	Test cost = 0.999946,	RMSE = 3.046945
Epoch = 5
	Train cost = 0.999642,	RMSE = 4.164492
	Test cost = 1.000007,	RMSE = 3.109267
Epoch = 6
	Train cost = 1.000087,	RMSE = 4.194967
	Test cost = 0.999971,	RMSE = 3.115059
Epoch = 7
	Train cost = 0.999523,	RMSE = 4.222451
	Test cost = 0.999995,	RMSE = 3.162520
Epoch = 8
	Train cost = 1.000028,	RMSE = 4.251332
	Test cost = 1.000010,	RMSE = 3.174784
Epoch = 9
	Train cost = 0.999376,	RMSE = 4.281222
	Test cost = 0.999990,	RMSE = 3.240196
Epoch = 10
	Train cost = 1.000479,	RMSE = 4.324702
	Test cost = 0.999992,	RMSE = 3.236598
Epoch = 11
	Train cost = 1.000210,	RMSE = 4.302262
	Test cost = 0.999963,	RMSE = 3.139166
Epoch = 12
	Train cost = 1.000164,	RMSE = 4.206883
	Test cost = 0.999961,	RMSE = 3.100391
Epoch = 13
	Train cost = 0.999546,	RMSE = 4.179140
	Test cost = 0.999972,	RMSE = 3.164454
Epoch = 14
	Train cost = 1.000355,	RMSE = 4.248426
	Test cost = 0.999972,	RMSE = 3.151404
Epoch = 15
	Train cost = 1.000546,	RMSE = 4.168926
	Test cost = 0.999931,	RMSE = 2.967247
Epoch = 16
	Train cost = 0.999606,	RMSE = 3.886631
	Test cost = 1.000039,	RMSE = 2.892033
Epoch = 17
	Train cost = 0.999900,	RMSE = 4.114391
	Test cost = 0.999995,	RMSE = 3.012509
Epoch = 18
	Train cost = 1.000030,	RMSE = 4.039443
	Test cost = 1.000000,	RMSE = 2.940521
Epoch = 19
	Train cost = 0.999912,	RMSE = 3.983094
	Test cost = 1.000001,	RMSE = 2.877124
Epoch = 20
	Train cost = 0.999354,	RMSE = 3.892689
	Test cost = 1.000002,	RMSE = 2.750600
Epoch = 21
	Train cost = 1.000991,	RMSE = 3.779481
	Test cost = 1.000002,	RMSE = 2.711793
Epoch = 22
	Train cost = 1.000330,	RMSE = 3.824663
	Test cost = 1.000002,	RMSE = 2.824776
Epoch = 23
	Train cost = 1.000659,	RMSE = 3.880103
	Test cost = 1.000001,	RMSE = 2.843302
Epoch = 24
	Train cost = 0.999978,	RMSE = 3.952981
	Test cost = 1.000001,	RMSE = 2.922236
Epoch = 25
	Train cost = 1.000069,	RMSE = 3.980585
	Test cost = 1.000001,	RMSE = 2.907879
Epoch = 26
	Train cost = 1.000013,	RMSE = 4.018196
	Test cost = 1.000000,	RMSE = 3.004194
Epoch = 27
	Train cost = 1.000083,	RMSE = 4.144434
	Test cost = 0.999997,	RMSE = 3.097210
Epoch = 28
	Train cost = 1.000252,	RMSE = 4.174442
	Test cost = 0.999998,	RMSE = 3.089438
Epoch = 29
	Train cost = 1.000008,	RMSE = 4.139574
	Test cost = 1.000000,	RMSE = 3.052133
Epoch = 30
	Train cost = 1.000199,	RMSE = 4.152641
	Test cost = 1.000000,	RMSE = 3.065199
Epoch = 31
	Train cost = 1.000216,	RMSE = 4.146121
	Test cost = 1.000000,	RMSE = 3.031627
Epoch = 32
	Train cost = 1.000120,	RMSE = 4.044736
	Test cost = 1.000001,	RMSE = 2.917813
Epoch = 33
	Train cost = 1.000020,	RMSE = 4.004004
	Test cost = 1.000001,	RMSE = 2.972683
Epoch = 34
	Train cost = 1.000155,	RMSE = 4.043449
	Test cost = 1.000001,	RMSE = 2.948434
Epoch = 35
	Train cost = 1.000009,	RMSE = 4.039422
	Test cost = 1.000001,	RMSE = 2.972809
Epoch = 36
	Train cost = 0.999948,	RMSE = 4.052546
	Test cost = 1.000001,	RMSE = 2.995743
Epoch = 37
	Train cost = 1.000300,	RMSE = 4.084458
	Test cost = 1.000001,	RMSE = 2.989834
Epoch = 38
	Train cost = 1.000037,	RMSE = 4.031336
	Test cost = 1.000001,	RMSE = 2.965835
Epoch = 39
	Train cost = 0.999980,	RMSE = 4.072126
	Test cost = 1.000001,	RMSE = 3.026495
Epoch = 40
	Train cost = 1.000256,	RMSE = 4.068011
	Test cost = 1.000001,	RMSE = 2.952467
Epoch = 41
	Train cost = 0.999705,	RMSE = 3.957934
	Test cost = 1.000001,	RMSE = 2.809189
Epoch = 42
	Train cost = 0.999109,	RMSE = 3.831532
	Test cost = 1.000001,	RMSE = 2.719397
Epoch = 43
	Train cost = 1.000346,	RMSE = 3.793834
	Test cost = 1.000001,	RMSE = 2.735686
Epoch = 44
	Train cost = 0.999782,	RMSE = 3.779409
	Test cost = 1.000001,	RMSE = 2.707219
Epoch = 45
	Train cost = 1.000734,	RMSE = 3.767683
	Test cost = 1.000001,	RMSE = 2.708592
Epoch = 46
	Train cost = 1.000316,	RMSE = 3.804741
	Test cost = 1.000001,	RMSE = 2.781524
Epoch = 47
	Train cost = 1.000343,	RMSE = 3.875074
	Test cost = 1.000001,	RMSE = 2.845682
Epoch = 48
	Train cost = 0.999885,	RMSE = 3.923996
	Test cost = 1.000001,	RMSE = 2.868091
Epoch = 49
	Train cost = 0.999952,	RMSE = 3.918823
	Test cost = 1.000001,	RMSE = 2.843571
Epoch = 50
	Train cost = 1.000239,	RMSE = 3.939458
	Test cost = 1.000001,	RMSE = 2.901560
Testing Dyad = 7
RMSE of Average Prediction = 1.200576
(1033, 76, 35) (192, 76, 35)
bi-naive
Compiling function
Compilation done 1
Compilation done 2
Epoch = 1
	Train cost = 1.000276,	RMSE = 3.972830
	Test cost = 0.999999,	RMSE = 4.328704
Epoch = 2
	Train cost = 0.999949,	RMSE = 3.967687
	Test cost = 1.000002,	RMSE = 4.238218
Epoch = 3
	Train cost = 0.999983,	RMSE = 3.911647
	Test cost = 1.000002,	RMSE = 4.215686
Epoch = 4
	Train cost = 1.000046,	RMSE = 3.907455
	Test cost = 1.000002,	RMSE = 4.239495
Epoch = 5
	Train cost = 0.999997,	RMSE = 3.935367
	Test cost = 1.000002,	RMSE = 4.268774
Epoch = 6
	Train cost = 1.000008,	RMSE = 3.971920
	Test cost = 1.000002,	RMSE = 4.272189
Epoch = 7
	Train cost = 0.999992,	RMSE = 3.918667
	Test cost = 1.000004,	RMSE = 4.240808
Epoch = 8
	Train cost = 0.999989,	RMSE = 3.928830
	Test cost = 1.000001,	RMSE = 4.270211
Epoch = 9
	Train cost = 1.000038,	RMSE = 3.923030
	Test cost = 1.000000,	RMSE = 4.209437
Epoch = 10
	Train cost = 1.000027,	RMSE = 3.932001
	Test cost = 1.000000,	RMSE = 4.209726
Epoch = 11
	Train cost = 0.999967,	RMSE = 3.827007
	Test cost = 1.000000,	RMSE = 4.092380
Epoch = 12
	Train cost = 0.999240,	RMSE = 3.772480
	Test cost = 1.000000,	RMSE = 4.066728
Epoch = 13
	Train cost = 1.000356,	RMSE = 3.761706
	Test cost = 1.000000,	RMSE = 4.075493
Epoch = 14
	Train cost = 0.999583,	RMSE = 3.729428
	Test cost = 1.000000,	RMSE = 4.014916
Epoch = 15
	Train cost = 1.001283,	RMSE = 3.674807
	Test cost = 1.000000,	RMSE = 3.961029
Epoch = 16
	Train cost = 0.999177,	RMSE = 3.655961
	Test cost = 1.000000,	RMSE = 3.971422
Epoch = 17
	Train cost = 0.998483,	RMSE = 3.653467
	Test cost = 1.000000,	RMSE = 3.925989
Epoch = 18
	Train cost = 0.999389,	RMSE = 3.595952
	Test cost = 1.000000,	RMSE = 3.862761
Epoch = 19
	Train cost = 0.998351,	RMSE = 3.530950
	Test cost = 1.000000,	RMSE = 3.798107
Epoch = 20
	Train cost = 0.998760,	RMSE = 3.469350
	Test cost = 1.000000,	RMSE = 3.731676
Epoch = 21
	Train cost = 0.996378,	RMSE = 3.409420
	Test cost = 1.000000,	RMSE = 3.646063
Epoch = 22
	Train cost = 0.995339,	RMSE = 3.299531
	Test cost = 1.000000,	RMSE = 3.527449
Epoch = 23
	Train cost = 1.002427,	RMSE = 3.253726
	Test cost = 1.000000,	RMSE = 3.524022
Epoch = 24
	Train cost = 0.996433,	RMSE = 3.254395
	Test cost = 1.000000,	RMSE = 3.551746
Epoch = 25
	Train cost = 1.004360,	RMSE = 3.298386
	Test cost = 1.000000,	RMSE = 3.601872
Epoch = 26
	Train cost = 1.004428,	RMSE = 3.367262
	Test cost = 1.000000,	RMSE = 3.696849
Epoch = 27
	Train cost = 1.003569,	RMSE = 3.444118
	Test cost = 1.000000,	RMSE = 3.755871
Epoch = 28
	Train cost = 0.998053,	RMSE = 3.454520
	Test cost = 1.000000,	RMSE = 3.753588
Epoch = 29
	Train cost = 0.998638,	RMSE = 3.432267
	Test cost = 1.000000,	RMSE = 3.673146
Epoch = 30
	Train cost = 1.001579,	RMSE = 3.386113
	Test cost = 1.000000,	RMSE = 3.684301
Epoch = 31
	Train cost = 1.001217,	RMSE = 3.381272
	Test cost = 1.000000,	RMSE = 3.647818
Epoch = 32
	Train cost = 0.999047,	RMSE = 3.353318
	Test cost = 1.000000,	RMSE = 3.649005
Epoch = 33
	Train cost = 0.999124,	RMSE = 3.355373
	Test cost = 1.000000,	RMSE = 3.612888
Epoch = 34
	Train cost = 1.000414,	RMSE = 3.352497
	Test cost = 1.000000,	RMSE = 3.651463
Epoch = 35
	Train cost = 1.002779,	RMSE = 3.391486
	Test cost = 1.000000,	RMSE = 3.695762
Epoch = 36
	Train cost = 1.002763,	RMSE = 3.455761
	Test cost = 1.000000,	RMSE = 3.775276
Epoch = 37
	Train cost = 0.999525,	RMSE = 3.510891
	Test cost = 1.000000,	RMSE = 3.854612
Epoch = 38
	Train cost = 1.001756,	RMSE = 3.544617
	Test cost = 1.000000,	RMSE = 3.867628
Epoch = 39
	Train cost = 0.998609,	RMSE = 3.560070
	Test cost = 1.000000,	RMSE = 3.859375
Epoch = 40
	Train cost = 0.999654,	RMSE = 3.521710
	Test cost = 1.000000,	RMSE = 3.788742
Epoch = 41
	Train cost = 1.002716,	RMSE = 3.514688
	Test cost = 1.000000,	RMSE = 3.839991
Epoch = 42
	Train cost = 0.998161,	RMSE = 3.547275
	Test cost = 1.000000,	RMSE = 3.851014
Epoch = 43
	Train cost = 0.999114,	RMSE = 3.499950
	Test cost = 1.000000,	RMSE = 3.768462
Epoch = 44
	Train cost = 0.999446,	RMSE = 3.450528
	Test cost = 1.000000,	RMSE = 3.721881
Epoch = 45
	Train cost = 1.001540,	RMSE = 3.436458
	Test cost = 1.000000,	RMSE = 3.755726
Epoch = 46
	Train cost = 0.998535,	RMSE = 3.447825
	Test cost = 1.000000,	RMSE = 3.708792
Epoch = 47
	Train cost = 0.996295,	RMSE = 3.413938
	Test cost = 1.000000,	RMSE = 3.697154
Epoch = 48
	Train cost = 1.000954,	RMSE = 3.397333
	Test cost = 1.000000,	RMSE = 3.699789
Epoch = 49
	Train cost = 1.001924,	RMSE = 3.423942
	Test cost = 1.000000,	RMSE = 3.736779
Epoch = 50
	Train cost = 0.999017,	RMSE = 3.459647
	Test cost = 1.000000,	RMSE = 3.751498
Testing Dyad = 8
RMSE of Average Prediction = 1.326581
(1157, 76, 35) (68, 76, 35)
bi-naive
Compiling function
Compilation done 1
Compilation done 2
Epoch = 1
	Train cost = 1.000060,	RMSE = 3.941104
	Test cost = 0.999759,	RMSE = 2.993575
Epoch = 2
	Train cost = 0.999868,	RMSE = 3.963090
	Test cost = 0.999899,	RMSE = 2.898193
Epoch = 3
	Train cost = 0.999771,	RMSE = 3.893840
	Test cost = 1.000034,	RMSE = 3.014566
Epoch = 4
	Train cost = 0.999319,	RMSE = 4.090270
	Test cost = 1.000064,	RMSE = 3.231480
Epoch = 5
	Train cost = 0.999909,	RMSE = 4.114413
	Test cost = 1.000109,	RMSE = 3.098064
Epoch = 6
	Train cost = 1.000044,	RMSE = 4.102017
	Test cost = 1.000078,	RMSE = 3.167688
Epoch = 7
	Train cost = 1.000356,	RMSE = 4.108979
	Test cost = 1.000091,	RMSE = 3.065842
Epoch = 8
	Train cost = 1.000096,	RMSE = 4.174638
	Test cost = 0.999987,	RMSE = 3.221130
Epoch = 9
	Train cost = 1.000271,	RMSE = 4.134243
	Test cost = 0.999982,	RMSE = 3.122531
Epoch = 10
	Train cost = 0.999881,	RMSE = 4.145721
	Test cost = 1.000002,	RMSE = 3.206264
Epoch = 11
	Train cost = 1.000440,	RMSE = 4.149287
	Test cost = 1.000025,	RMSE = 3.159375
Epoch = 12
	Train cost = 1.000477,	RMSE = 4.172471
	Test cost = 0.999985,	RMSE = 3.175633
Epoch = 13
	Train cost = 1.000003,	RMSE = 4.133233
	Test cost = 0.999984,	RMSE = 3.117860
Epoch = 14
	Train cost = 0.999617,	RMSE = 3.978414
	Test cost = 0.999999,	RMSE = 2.887799
Epoch = 15
	Train cost = 1.000260,	RMSE = 3.959437
	Test cost = 0.999966,	RMSE = 3.097280
Epoch = 16
	Train cost = 1.000026,	RMSE = 4.158259
	Test cost = 0.999979,	RMSE = 3.206294
Epoch = 17
	Train cost = 0.999759,	RMSE = 4.169191
	Test cost = 1.000023,	RMSE = 3.196088
Epoch = 18
	Train cost = 1.000404,	RMSE = 4.109180
	Test cost = 0.999976,	RMSE = 2.953358
Epoch = 19
	Train cost = 0.998893,	RMSE = 3.869262
	Test cost = 1.000001,	RMSE = 2.853636
Epoch = 20
	Train cost = 0.999929,	RMSE = 3.849876
	Test cost = 0.999982,	RMSE = 2.863707
Epoch = 21
	Train cost = 1.000515,	RMSE = 3.876408
	Test cost = 0.999976,	RMSE = 2.916533
Epoch = 22
	Train cost = 1.000507,	RMSE = 3.833194
	Test cost = 1.000000,	RMSE = 2.836308
Epoch = 23
	Train cost = 1.000592,	RMSE = 3.869758
	Test cost = 1.000002,	RMSE = 2.910458
Epoch = 24
	Train cost = 1.000424,	RMSE = 3.893125
	Test cost = 0.999999,	RMSE = 2.911866
Epoch = 25
	Train cost = 1.000917,	RMSE = 3.886603
	Test cost = 1.000001,	RMSE = 2.928922
Epoch = 26
	Train cost = 1.000281,	RMSE = 3.979922
	Test cost = 1.000007,	RMSE = 3.072426
Epoch = 27
	Train cost = 1.000081,	RMSE = 4.128851
	Test cost = 0.999999,	RMSE = 3.167103
Epoch = 28
	Train cost = 0.999820,	RMSE = 4.153185
	Test cost = 1.000000,	RMSE = 3.182595
Epoch = 29
	Train cost = 0.999327,	RMSE = 4.184182
	Test cost = 1.000000,	RMSE = 3.230091
Epoch = 30
	Train cost = 0.999724,	RMSE = 4.225561
	Test cost = 0.999999,	RMSE = 3.271579
Epoch = 31
	Train cost = 1.000184,	RMSE = 4.283634
	Test cost = 1.000000,	RMSE = 3.319010
Epoch = 32
	Train cost = 1.000692,	RMSE = 4.226430
	Test cost = 1.000026,	RMSE = 3.169657
Epoch = 33
	Train cost = 0.999770,	RMSE = 4.237347
	Test cost = 1.000000,	RMSE = 3.285328
Epoch = 34
	Train cost = 0.999414,	RMSE = 4.274728
	Test cost = 1.000000,	RMSE = 3.323177
Epoch = 35
	Train cost = 1.000550,	RMSE = 4.248918
	Test cost = 1.000007,	RMSE = 3.300520
Epoch = 36
	Train cost = 0.999942,	RMSE = 4.209724
	Test cost = 1.000012,	RMSE = 3.238344
Epoch = 37
	Train cost = 1.000146,	RMSE = 4.168914
	Test cost = 1.000007,	RMSE = 3.244433
Epoch = 38
	Train cost = 1.000126,	RMSE = 4.253745
	Test cost = 1.000018,	RMSE = 3.172093
Epoch = 39
	Train cost = 0.998967,	RMSE = 4.244092
	Test cost = 1.000000,	RMSE = 3.322073
Epoch = 40
	Train cost = 0.999591,	RMSE = 4.300154
	Test cost = 1.000004,	RMSE = 3.324518
Epoch = 41
	Train cost = 0.997741,	RMSE = 4.355570
	Test cost = 1.000007,	RMSE = 3.381595
Epoch = 42
	Train cost = 1.000494,	RMSE = 4.337618
	Test cost = 1.000022,	RMSE = 3.242993
Epoch = 43
	Train cost = 1.000526,	RMSE = 4.339362
	Test cost = 1.000004,	RMSE = 3.401325
Epoch = 44
	Train cost = 1.000080,	RMSE = 4.359650
	Test cost = 1.000008,	RMSE = 3.360360
Epoch = 45
	Train cost = 1.000739,	RMSE = 4.373149
	Test cost = 1.000000,	RMSE = 3.387943
Epoch = 46
	Train cost = 0.999383,	RMSE = 4.380685
	Test cost = 0.999999,	RMSE = 3.400263
Epoch = 47
	Train cost = 1.000192,	RMSE = 4.381388
	Test cost = 0.999999,	RMSE = 3.405860
Epoch = 48
	Train cost = 0.999264,	RMSE = 4.418681
	Test cost = 0.999999,	RMSE = 3.436265
Epoch = 49
	Train cost = 0.999885,	RMSE = 4.364162
	Test cost = 1.000000,	RMSE = 3.431070
Epoch = 50
	Train cost = 0.998819,	RMSE = 4.377141
	Test cost = 0.999999,	RMSE = 3.464418
Testing Dyad = 9
RMSE of Average Prediction = 0.934212
(1069, 76, 35) (156, 76, 35)
bi-naive
Compiling function
Compilation done 1
Compilation done 2
Epoch = 1
	Train cost = 0.999747,	RMSE = 4.088601
	Test cost = 0.999997,	RMSE = 4.069502
Epoch = 2
	Train cost = 1.000602,	RMSE = 4.125048
	Test cost = 0.999975,	RMSE = 3.940078
Epoch = 3
	Train cost = 1.000062,	RMSE = 3.979647
	Test cost = 0.999978,	RMSE = 3.920282
Epoch = 4
	Train cost = 1.000223,	RMSE = 4.031353
	Test cost = 0.999978,	RMSE = 3.843783
Epoch = 5
	Train cost = 1.000384,	RMSE = 3.915695
	Test cost = 0.999993,	RMSE = 3.813828
Epoch = 6
	Train cost = 1.000285,	RMSE = 4.000387
	Test cost = 0.999995,	RMSE = 3.949754
Epoch = 7
	Train cost = 1.000129,	RMSE = 4.014738
	Test cost = 0.999998,	RMSE = 3.898609
Epoch = 8
	Train cost = 1.000041,	RMSE = 3.990741
	Test cost = 0.999997,	RMSE = 3.896333
Epoch = 9
	Train cost = 1.000006,	RMSE = 3.994056
	Test cost = 0.999999,	RMSE = 3.895977
Epoch = 10
	Train cost = 1.000011,	RMSE = 3.987067
	Test cost = 0.999998,	RMSE = 3.886238
Epoch = 11
	Train cost = 0.999978,	RMSE = 3.982380
	Test cost = 0.999997,	RMSE = 3.885415
Epoch = 12
	Train cost = 1.000006,	RMSE = 3.982671
	Test cost = 0.999997,	RMSE = 3.885560
Epoch = 13
	Train cost = 1.000012,	RMSE = 3.980190
	Test cost = 0.999997,	RMSE = 3.882765
Epoch = 14
	Train cost = 0.999989,	RMSE = 3.983037
	Test cost = 0.999998,	RMSE = 3.884954
Epoch = 15
	Train cost = 1.000049,	RMSE = 3.981471
	Test cost = 0.999998,	RMSE = 3.889318
Epoch = 16
	Train cost = 1.000007,	RMSE = 3.990645
	Test cost = 0.999999,	RMSE = 3.898851
Epoch = 17
	Train cost = 0.999968,	RMSE = 3.997278
	Test cost = 0.999998,	RMSE = 3.908942
Epoch = 18
	Train cost = 1.000047,	RMSE = 4.009409
	Test cost = 0.999998,	RMSE = 3.913137
Epoch = 19
	Train cost = 0.999921,	RMSE = 4.010587
	Test cost = 0.999997,	RMSE = 3.925282
Epoch = 20
	Train cost = 0.999995,	RMSE = 4.031470
	Test cost = 0.999996,	RMSE = 3.943266
Epoch = 21
	Train cost = 1.000047,	RMSE = 4.029998
	Test cost = 0.999997,	RMSE = 3.925075
Epoch = 22
	Train cost = 0.999513,	RMSE = 4.031624
	Test cost = 0.999996,	RMSE = 3.976392
Epoch = 23
	Train cost = 0.999586,	RMSE = 4.106231
	Test cost = 0.999997,	RMSE = 4.047530
Epoch = 24
	Train cost = 0.999709,	RMSE = 4.161653
	Test cost = 0.999998,	RMSE = 4.098109
Epoch = 25
	Train cost = 0.999522,	RMSE = 4.194885
	Test cost = 0.999998,	RMSE = 4.135232
Epoch = 26
	Train cost = 0.999838,	RMSE = 4.215008
	Test cost = 0.999998,	RMSE = 4.152962
Epoch = 27
	Train cost = 1.000539,	RMSE = 4.214196
	Test cost = 0.999999,	RMSE = 4.032867
Epoch = 28
	Train cost = 0.999282,	RMSE = 4.196981
	Test cost = 0.999999,	RMSE = 4.154414
Epoch = 29
	Train cost = 0.999642,	RMSE = 4.239581
	Test cost = 0.999988,	RMSE = 4.104653
Epoch = 30
	Train cost = 0.999472,	RMSE = 4.218575
	Test cost = 0.999996,	RMSE = 4.210460
Epoch = 31
	Train cost = 0.999678,	RMSE = 4.317356
	Test cost = 0.999999,	RMSE = 4.237539
Epoch = 32
	Train cost = 1.000385,	RMSE = 4.306290
	Test cost = 1.000000,	RMSE = 4.192802
Epoch = 33
	Train cost = 1.000340,	RMSE = 4.289280
	Test cost = 0.999999,	RMSE = 4.176528
Epoch = 34
	Train cost = 1.001481,	RMSE = 4.254750
	Test cost = 0.999999,	RMSE = 4.103759
Epoch = 35
	Train cost = 1.000580,	RMSE = 4.048930
	Test cost = 1.000000,	RMSE = 3.824947
Epoch = 36
	Train cost = 0.999762,	RMSE = 3.913177
	Test cost = 0.999999,	RMSE = 3.753462
Epoch = 37
	Train cost = 0.999904,	RMSE = 3.838420
	Test cost = 1.000000,	RMSE = 3.735274
Epoch = 38
	Train cost = 0.999598,	RMSE = 3.813186
	Test cost = 1.000000,	RMSE = 3.733016
Epoch = 39
	Train cost = 1.000115,	RMSE = 3.894193
	Test cost = 1.000007,	RMSE = 3.946260
Epoch = 40
	Train cost = 0.999711,	RMSE = 4.215744
	Test cost = 0.999990,	RMSE = 4.137819
Epoch = 41
	Train cost = 1.000364,	RMSE = 4.147582
	Test cost = 0.999984,	RMSE = 3.958334
Epoch = 42
	Train cost = 1.000373,	RMSE = 4.130700
	Test cost = 0.999989,	RMSE = 4.044320
Epoch = 43
	Train cost = 1.000408,	RMSE = 4.107466
	Test cost = 0.999991,	RMSE = 3.973247
Epoch = 44
	Train cost = 1.000080,	RMSE = 3.964815
	Test cost = 0.999973,	RMSE = 3.778807
Epoch = 45
	Train cost = 1.000269,	RMSE = 3.846181
	Test cost = 1.000025,	RMSE = 3.786797
Epoch = 46
	Train cost = 0.999919,	RMSE = 3.852212
	Test cost = 0.999975,	RMSE = 3.798185
Epoch = 47
	Train cost = 0.999868,	RMSE = 3.886197
	Test cost = 0.999982,	RMSE = 3.758658
Epoch = 48
	Train cost = 0.999549,	RMSE = 3.833673
	Test cost = 1.000013,	RMSE = 3.716436
Epoch = 49
	Train cost = 0.999872,	RMSE = 3.801528
	Test cost = 0.999999,	RMSE = 3.688813
Epoch = 50
	Train cost = 1.000853,	RMSE = 3.804662
	Test cost = 1.000019,	RMSE = 3.730917
Testing Dyad = 10
RMSE of Average Prediction = 1.325452
(1074, 76, 35) (151, 76, 35)
bi-naive
Compiling function
Compilation done 1
Compilation done 2
Epoch = 1
	Train cost = 1.000234,	RMSE = 3.855346
	Test cost = 0.999988,	RMSE = 4.880014
Epoch = 2
	Train cost = 1.000253,	RMSE = 3.915581
	Test cost = 0.999985,	RMSE = 4.795601
Epoch = 3
	Train cost = 1.000098,	RMSE = 3.867143
	Test cost = 0.999991,	RMSE = 4.753468
Epoch = 4
	Train cost = 1.000051,	RMSE = 3.843431
	Test cost = 0.999995,	RMSE = 4.770755
Epoch = 5
	Train cost = 0.999950,	RMSE = 3.868234
	Test cost = 0.999995,	RMSE = 4.816512
Epoch = 6
	Train cost = 1.000141,	RMSE = 3.932628
	Test cost = 0.999997,	RMSE = 4.847139
Epoch = 7
	Train cost = 1.000172,	RMSE = 3.890422
	Test cost = 0.999999,	RMSE = 4.768437
Epoch = 8
	Train cost = 0.999967,	RMSE = 3.864748
	Test cost = 0.999997,	RMSE = 4.787811
Epoch = 9
	Train cost = 0.999914,	RMSE = 3.903815
	Test cost = 0.999997,	RMSE = 4.872722
Epoch = 10
	Train cost = 1.000326,	RMSE = 3.955009
	Test cost = 0.999997,	RMSE = 4.835006
Epoch = 11
	Train cost = 0.999490,	RMSE = 3.925968
	Test cost = 0.999998,	RMSE = 4.900346
Epoch = 12
	Train cost = 0.999923,	RMSE = 4.020278
	Test cost = 0.999998,	RMSE = 4.954276
Epoch = 13
	Train cost = 1.000659,	RMSE = 4.020559
	Test cost = 0.999998,	RMSE = 4.905036
Epoch = 14
	Train cost = 0.999509,	RMSE = 4.002744
	Test cost = 0.999998,	RMSE = 4.939186
Epoch = 15
	Train cost = 0.999525,	RMSE = 4.043325
	Test cost = 0.999998,	RMSE = 4.983023
Epoch = 16
	Train cost = 0.999369,	RMSE = 4.097126
	Test cost = 0.999999,	RMSE = 5.059677
Epoch = 17
	Train cost = 1.000864,	RMSE = 4.151355
	Test cost = 0.999999,	RMSE = 5.057391
Epoch = 18
	Train cost = 1.000281,	RMSE = 4.118060
	Test cost = 0.999999,	RMSE = 5.010904
Epoch = 19
	Train cost = 0.999328,	RMSE = 4.088562
	Test cost = 0.999999,	RMSE = 5.022468
Epoch = 20
	Train cost = 1.000133,	RMSE = 4.121085
	Test cost = 0.999999,	RMSE = 5.043066
Epoch = 21
	Train cost = 1.000419,	RMSE = 4.126110
	Test cost = 0.999999,	RMSE = 5.046898
Epoch = 22
	Train cost = 1.000369,	RMSE = 4.083666
	Test cost = 0.999998,	RMSE = 4.980149
Epoch = 23
	Train cost = 1.000716,	RMSE = 4.050931
	Test cost = 0.999998,	RMSE = 4.940721
Epoch = 24
	Train cost = 1.000080,	RMSE = 3.995936
	Test cost = 0.999998,	RMSE = 4.904498
Epoch = 25
	Train cost = 1.000235,	RMSE = 3.959249
	Test cost = 0.999998,	RMSE = 4.838416
Epoch = 26
	Train cost = 1.000026,	RMSE = 3.919974
	Test cost = 0.999997,	RMSE = 4.837734
Epoch = 27
	Train cost = 1.000197,	RMSE = 3.913099
	Test cost = 0.999997,	RMSE = 4.813735
Epoch = 28
	Train cost = 1.000056,	RMSE = 3.879824
	Test cost = 0.999996,	RMSE = 4.772032
Epoch = 29
	Train cost = 0.999962,	RMSE = 3.862763
	Test cost = 0.999995,	RMSE = 4.793829
Epoch = 30
	Train cost = 1.000086,	RMSE = 3.911267
	Test cost = 0.999997,	RMSE = 4.859627
Epoch = 31
	Train cost = 1.000298,	RMSE = 3.916074
	Test cost = 0.999997,	RMSE = 4.803829
Epoch = 32
	Train cost = 0.999944,	RMSE = 3.881408
	Test cost = 0.999996,	RMSE = 4.800816
Epoch = 33
	Train cost = 0.999637,	RMSE = 3.909370
	Test cost = 0.999993,	RMSE = 4.858493
Epoch = 34
	Train cost = 0.999910,	RMSE = 3.963459
	Test cost = 1.000000,	RMSE = 4.867024
Epoch = 35
	Train cost = 0.999733,	RMSE = 3.983188
	Test cost = 0.999996,	RMSE = 4.895948
Epoch = 36
	Train cost = 1.000523,	RMSE = 3.977853
	Test cost = 0.999988,	RMSE = 4.815188
Epoch = 37
	Train cost = 1.000182,	RMSE = 3.896439
	Test cost = 0.999992,	RMSE = 4.856492
Epoch = 38
	Train cost = 1.000059,	RMSE = 3.929653
	Test cost = 0.999991,	RMSE = 4.830009
Epoch = 39
	Train cost = 0.999985,	RMSE = 3.924016
	Test cost = 0.999996,	RMSE = 4.862074
Epoch = 40
	Train cost = 0.999882,	RMSE = 3.958775
	Test cost = 0.999996,	RMSE = 4.888023
Epoch = 41
	Train cost = 0.999926,	RMSE = 3.972050
	Test cost = 0.999996,	RMSE = 4.896290
Epoch = 42
	Train cost = 0.999812,	RMSE = 3.987548
	Test cost = 0.999997,	RMSE = 4.925235
Epoch = 43
	Train cost = 0.999926,	RMSE = 4.010494
	Test cost = 0.999996,	RMSE = 4.931665
Epoch = 44
	Train cost = 1.000189,	RMSE = 4.007511
	Test cost = 0.999996,	RMSE = 4.908902
Epoch = 45
	Train cost = 0.999314,	RMSE = 4.003639
	Test cost = 0.999996,	RMSE = 4.943158
Epoch = 46
	Train cost = 0.999849,	RMSE = 4.045282
	Test cost = 0.999997,	RMSE = 4.993890
Epoch = 47
	Train cost = 1.000459,	RMSE = 4.069683
	Test cost = 0.999996,	RMSE = 4.961169
Epoch = 48
	Train cost = 0.999865,	RMSE = 4.032417
	Test cost = 0.999997,	RMSE = 4.972592
Epoch = 49
	Train cost = 1.000010,	RMSE = 4.048308
	Test cost = 0.999997,	RMSE = 4.964965
Epoch = 50
	Train cost = 1.000202,	RMSE = 4.050022
	Test cost = 0.999995,	RMSE = 4.955190
Testing Dyad = 11
RMSE of Average Prediction = 1.222433
(1064, 76, 35) (161, 76, 35)
bi-naive
Compiling function
Compilation done 1
Compilation done 2
Epoch = 1
	Train cost = 1.000014,	RMSE = 3.881447
	Test cost = 0.999993,	RMSE = 4.450465
Epoch = 2
	Train cost = 1.000353,	RMSE = 3.800229
	Test cost = 0.999988,	RMSE = 4.448880
Epoch = 3
	Train cost = 0.999867,	RMSE = 3.898508
	Test cost = 0.999997,	RMSE = 4.596961
Epoch = 4
	Train cost = 1.000144,	RMSE = 3.960697
	Test cost = 0.999999,	RMSE = 4.621680
Epoch = 5
	Train cost = 0.999717,	RMSE = 3.997878
	Test cost = 0.999999,	RMSE = 4.662167
Epoch = 6
	Train cost = 0.999581,	RMSE = 4.038850
	Test cost = 1.000000,	RMSE = 4.699596
Epoch = 7
	Train cost = 0.999669,	RMSE = 4.080611
	Test cost = 0.999999,	RMSE = 4.723515
Epoch = 8
	Train cost = 0.999937,	RMSE = 4.102345
	Test cost = 0.999999,	RMSE = 4.685934
Epoch = 9
	Train cost = 1.000488,	RMSE = 3.972263
	Test cost = 0.999997,	RMSE = 4.495170
Epoch = 10
	Train cost = 1.000097,	RMSE = 3.994560
	Test cost = 1.000000,	RMSE = 4.751814
Epoch = 11
	Train cost = 1.000406,	RMSE = 4.114730
	Test cost = 1.000000,	RMSE = 4.744050
Epoch = 12
	Train cost = 0.999338,	RMSE = 4.119392
	Test cost = 1.000000,	RMSE = 4.780544
Epoch = 13
	Train cost = 1.000257,	RMSE = 4.131086
	Test cost = 1.000000,	RMSE = 4.774567
Epoch = 14
	Train cost = 1.000436,	RMSE = 4.115319
	Test cost = 1.000000,	RMSE = 4.748907
Epoch = 15
	Train cost = 0.999500,	RMSE = 4.107012
	Test cost = 1.000000,	RMSE = 4.756109
Epoch = 16
	Train cost = 1.000114,	RMSE = 4.101315
	Test cost = 0.999999,	RMSE = 4.682265
Epoch = 17
	Train cost = 0.999933,	RMSE = 4.092896
	Test cost = 0.999999,	RMSE = 4.709018
Epoch = 18
	Train cost = 1.000320,	RMSE = 4.016318
	Test cost = 0.999998,	RMSE = 4.561748
Epoch = 19
	Train cost = 1.000166,	RMSE = 3.836712
	Test cost = 0.999998,	RMSE = 4.375745
Epoch = 20
	Train cost = 0.999450,	RMSE = 3.705591
	Test cost = 1.000001,	RMSE = 4.309249
Epoch = 21
	Train cost = 0.998900,	RMSE = 3.669346
	Test cost = 0.999999,	RMSE = 4.279155
Epoch = 22
	Train cost = 1.001182,	RMSE = 3.652688
	Test cost = 0.999999,	RMSE = 4.280220
Epoch = 23
	Train cost = 1.000137,	RMSE = 3.672618
	Test cost = 0.999998,	RMSE = 4.334346
Epoch = 24
	Train cost = 0.999518,	RMSE = 3.686164
	Test cost = 0.999999,	RMSE = 4.301681
Epoch = 25
	Train cost = 1.000092,	RMSE = 3.679264
	Test cost = 1.000002,	RMSE = 4.382737
Epoch = 26
	Train cost = 1.000238,	RMSE = 3.865611
	Test cost = 1.000003,	RMSE = 4.613241
Epoch = 27
	Train cost = 1.000140,	RMSE = 3.868882
	Test cost = 1.000002,	RMSE = 4.357443
Epoch = 28
	Train cost = 1.001168,	RMSE = 3.715138
	Test cost = 1.000002,	RMSE = 4.375891
Epoch = 29
	Train cost = 1.000116,	RMSE = 3.850893
	Test cost = 1.000002,	RMSE = 4.554041
Epoch = 30
	Train cost = 1.000219,	RMSE = 3.952388
	Test cost = 1.000002,	RMSE = 4.624876
Epoch = 31
	Train cost = 1.000135,	RMSE = 3.849859
	Test cost = 1.000001,	RMSE = 4.369425
Epoch = 32
	Train cost = 0.999012,	RMSE = 3.703365
	Test cost = 0.999999,	RMSE = 4.310248
Epoch = 33
	Train cost = 0.999717,	RMSE = 3.652142
	Test cost = 1.000002,	RMSE = 4.279603
Epoch = 34
	Train cost = 1.000369,	RMSE = 3.702789
	Test cost = 1.000002,	RMSE = 4.380369
Epoch = 35
	Train cost = 1.000430,	RMSE = 3.967294
	Test cost = 1.000000,	RMSE = 4.794064
Epoch = 36
	Train cost = 1.000010,	RMSE = 4.149220
	Test cost = 1.000000,	RMSE = 4.783927
Epoch = 37
	Train cost = 1.000244,	RMSE = 4.137578
	Test cost = 0.999999,	RMSE = 4.769113
Epoch = 38
	Train cost = 1.000526,	RMSE = 4.080788
	Test cost = 0.999999,	RMSE = 4.688797
Epoch = 39
	Train cost = 0.999609,	RMSE = 4.027310
	Test cost = 0.999999,	RMSE = 4.703544
Epoch = 40
	Train cost = 1.000509,	RMSE = 4.048620
	Test cost = 0.999999,	RMSE = 4.649146
Epoch = 41
	Train cost = 1.000106,	RMSE = 3.983852
	Test cost = 0.999999,	RMSE = 4.641711
Epoch = 42
	Train cost = 1.000134,	RMSE = 4.046330
	Test cost = 1.000000,	RMSE = 4.685156
Epoch = 43
	Train cost = 1.000279,	RMSE = 4.013258
	Test cost = 1.000001,	RMSE = 4.660609
Epoch = 44
	Train cost = 1.000445,	RMSE = 4.034490
	Test cost = 1.000000,	RMSE = 4.682377
Epoch = 45
	Train cost = 1.000276,	RMSE = 4.002724
	Test cost = 1.000001,	RMSE = 4.569687
Epoch = 46
	Train cost = 1.000180,	RMSE = 3.831332
	Test cost = 1.000001,	RMSE = 4.400816
Epoch = 47
	Train cost = 1.000218,	RMSE = 3.784290
	Test cost = 1.000001,	RMSE = 4.495824
Epoch = 48
	Train cost = 1.000170,	RMSE = 3.834103
	Test cost = 1.000000,	RMSE = 4.417307
Epoch = 49
	Train cost = 1.000342,	RMSE = 3.814093
	Test cost = 1.000001,	RMSE = 4.525016
Epoch = 50
	Train cost = 1.000057,	RMSE = 3.897692
	Test cost = 1.000001,	RMSE = 4.573678
Testing Dyad = 12
RMSE of Average Prediction = 1.740798
(1212, 76, 35) (13, 76, 35)
bi-naive
Compiling function
Compilation done 1
Compilation done 2
Epoch = 1
	Train cost = 1.000114,	RMSE = 3.925561
	Test cost = 0.999980,	RMSE = 5.403679
Epoch = 2
	Train cost = 1.000126,	RMSE = 4.039321
	Test cost = 0.999993,	RMSE = 5.474113
Epoch = 3
	Train cost = 0.999920,	RMSE = 3.963393
	Test cost = 0.999999,	RMSE = 5.313800
Epoch = 4
	Train cost = 0.999672,	RMSE = 3.793445
	Test cost = 0.999999,	RMSE = 5.190620
Epoch = 5
	Train cost = 1.000564,	RMSE = 3.734408
	Test cost = 0.999999,	RMSE = 5.181043
Epoch = 6
	Train cost = 1.000665,	RMSE = 3.761032
	Test cost = 0.999999,	RMSE = 5.259324
Epoch = 7
	Train cost = 1.000581,	RMSE = 3.861912
	Test cost = 0.999999,	RMSE = 5.365943
Epoch = 8
	Train cost = 0.999958,	RMSE = 3.907159
	Test cost = 0.999999,	RMSE = 5.362666
Epoch = 9
	Train cost = 1.000036,	RMSE = 3.903343
	Test cost = 0.999999,	RMSE = 5.352501
Epoch = 10
	Train cost = 0.999989,	RMSE = 3.876973
	Test cost = 0.999999,	RMSE = 5.318321
Epoch = 11
	Train cost = 0.999963,	RMSE = 3.847385
	Test cost = 0.999999,	RMSE = 5.297397
Epoch = 12
	Train cost = 1.000477,	RMSE = 3.819823
	Test cost = 0.999999,	RMSE = 5.283370
Epoch = 13
	Train cost = 1.000199,	RMSE = 3.862797
	Test cost = 0.999999,	RMSE = 5.374459
Epoch = 14
	Train cost = 1.000039,	RMSE = 3.962068
	Test cost = 0.999999,	RMSE = 5.465221
Epoch = 15
	Train cost = 1.000042,	RMSE = 3.980018
	Test cost = 0.999999,	RMSE = 5.426440
Epoch = 16
	Train cost = 1.000032,	RMSE = 3.964584
	Test cost = 0.999999,	RMSE = 5.421083
Epoch = 17
	Train cost = 1.000015,	RMSE = 3.935895
	Test cost = 0.999999,	RMSE = 5.388124
Epoch = 18
	Train cost = 0.999917,	RMSE = 3.928929
	Test cost = 1.000000,	RMSE = 5.373806
Epoch = 19
	Train cost = 0.999866,	RMSE = 3.879654
	Test cost = 1.000000,	RMSE = 5.302647
Epoch = 20
	Train cost = 0.999888,	RMSE = 3.838043
	Test cost = 1.000000,	RMSE = 5.269350
Epoch = 21
	Train cost = 1.000778,	RMSE = 3.820679
	Test cost = 1.000000,	RMSE = 5.323627
Epoch = 22
	Train cost = 1.000028,	RMSE = 3.902242
	Test cost = 1.000000,	RMSE = 5.388791
Epoch = 23
	Train cost = 1.000013,	RMSE = 3.940438
	Test cost = 1.000000,	RMSE = 5.395361
Epoch = 24
	Train cost = 1.000038,	RMSE = 3.945113
	Test cost = 1.000000,	RMSE = 5.430410
Epoch = 25
	Train cost = 0.999992,	RMSE = 3.994577
	Test cost = 1.000000,	RMSE = 5.468592
Epoch = 26
	Train cost = 1.000087,	RMSE = 4.015438
	Test cost = 1.000000,	RMSE = 5.468594
Epoch = 27
	Train cost = 1.000077,	RMSE = 4.004688
	Test cost = 1.000000,	RMSE = 5.452898
Epoch = 28
	Train cost = 0.999694,	RMSE = 3.921196
	Test cost = 1.000000,	RMSE = 5.293337
Epoch = 29
	Train cost = 1.000553,	RMSE = 3.812373
	Test cost = 1.000000,	RMSE = 5.267030
Epoch = 30
	Train cost = 1.000535,	RMSE = 3.868577
	Test cost = 1.000000,	RMSE = 5.372342
Epoch = 31
	Train cost = 1.000018,	RMSE = 3.914210
	Test cost = 1.000000,	RMSE = 5.372720
Epoch = 32
	Train cost = 0.999868,	RMSE = 3.896995
	Test cost = 1.000000,	RMSE = 5.336151
Epoch = 33
	Train cost = 0.999320,	RMSE = 3.869032
	Test cost = 1.000000,	RMSE = 5.280645
Epoch = 34
	Train cost = 1.000475,	RMSE = 3.782236
	Test cost = 1.000000,	RMSE = 5.226433
Epoch = 35
	Train cost = 0.999964,	RMSE = 3.793389
	Test cost = 1.000000,	RMSE = 5.257614
Epoch = 36
	Train cost = 1.000215,	RMSE = 3.783474
	Test cost = 1.000000,	RMSE = 5.230394
Epoch = 37
	Train cost = 1.000137,	RMSE = 3.787680
	Test cost = 1.000000,	RMSE = 5.259750
Epoch = 38
	Train cost = 1.000757,	RMSE = 3.865201
	Test cost = 1.000000,	RMSE = 5.397443
Epoch = 39
	Train cost = 0.999978,	RMSE = 3.932405
	Test cost = 1.000000,	RMSE = 5.368080
Epoch = 40
	Train cost = 1.000056,	RMSE = 3.925315
	Test cost = 1.000001,	RMSE = 5.389516
Epoch = 41
	Train cost = 1.000117,	RMSE = 3.911487
	Test cost = 1.000000,	RMSE = 5.373904
Epoch = 42
	Train cost = 1.000027,	RMSE = 3.930243
	Test cost = 1.000001,	RMSE = 5.402324
Epoch = 43
	Train cost = 1.000061,	RMSE = 3.940972
	Test cost = 1.000000,	RMSE = 5.422315
Epoch = 44
	Train cost = 0.999929,	RMSE = 3.987265
	Test cost = 1.000000,	RMSE = 5.481976
Epoch = 45
	Train cost = 0.999995,	RMSE = 4.047140
	Test cost = 1.000000,	RMSE = 5.531281
Epoch = 46
	Train cost = 0.999934,	RMSE = 4.065066
	Test cost = 1.000001,	RMSE = 5.536391
Epoch = 47
	Train cost = 1.000138,	RMSE = 4.070939
	Test cost = 1.000001,	RMSE = 5.521682
Epoch = 48
	Train cost = 1.000327,	RMSE = 4.015911
	Test cost = 1.000001,	RMSE = 5.450150
Epoch = 49
	Train cost = 1.000024,	RMSE = 3.947980
	Test cost = 1.000001,	RMSE = 5.372689
Epoch = 50
	Train cost = 1.000546,	RMSE = 3.876317
	Test cost = 1.000001,	RMSE = 5.330393
Testing Dyad = 16
RMSE of Average Prediction = 1.226222
(1125, 76, 35) (100, 76, 35)
bi-naive
Compiling function
Compilation done 1
Compilation done 2
Epoch = 1
	Train cost = 0.998428,	RMSE = 3.859584
	Test cost = 0.999991,	RMSE = 3.153295
Epoch = 2
	Train cost = 1.000966,	RMSE = 3.824035
	Test cost = 0.999951,	RMSE = 3.301150
Epoch = 3
	Train cost = 1.001007,	RMSE = 4.186749
	Test cost = 0.999969,	RMSE = 3.574838
Epoch = 4
	Train cost = 0.999918,	RMSE = 4.113615
	Test cost = 0.999954,	RMSE = 3.400108
Epoch = 5
	Train cost = 1.000077,	RMSE = 4.149963
	Test cost = 0.999977,	RMSE = 3.578885
Epoch = 6
	Train cost = 0.999247,	RMSE = 4.209888
	Test cost = 1.000015,	RMSE = 3.517383
Epoch = 7
	Train cost = 0.999217,	RMSE = 4.204003
	Test cost = 0.999997,	RMSE = 3.687947
Epoch = 8
	Train cost = 0.999942,	RMSE = 4.193940
	Test cost = 0.999956,	RMSE = 3.441037
Epoch = 9
	Train cost = 0.999370,	RMSE = 3.819139
	Test cost = 1.000035,	RMSE = 3.126772
Epoch = 10
	Train cost = 0.999078,	RMSE = 3.703262
	Test cost = 0.999976,	RMSE = 3.092974
Epoch = 11
	Train cost = 0.999997,	RMSE = 3.686763
	Test cost = 0.999994,	RMSE = 3.042241
Epoch = 12
	Train cost = 0.998487,	RMSE = 3.669244
	Test cost = 0.999995,	RMSE = 3.020083
Epoch = 13
	Train cost = 0.999819,	RMSE = 3.680855
	Test cost = 0.999977,	RMSE = 3.036322
Epoch = 14
	Train cost = 1.000187,	RMSE = 3.656653
	Test cost = 1.000056,	RMSE = 3.215443
Epoch = 15
	Train cost = 0.999996,	RMSE = 4.081354
	Test cost = 1.000040,	RMSE = 3.613258
Epoch = 16
	Train cost = 0.999074,	RMSE = 4.395924
	Test cost = 0.999994,	RMSE = 3.813730
Epoch = 17
	Train cost = 1.000957,	RMSE = 4.462533
	Test cost = 0.999996,	RMSE = 3.839254
Epoch = 18
	Train cost = 1.000201,	RMSE = 4.461881
	Test cost = 1.000000,	RMSE = 3.822075
Epoch = 19
	Train cost = 0.998800,	RMSE = 4.442973
	Test cost = 1.000000,	RMSE = 3.825955
Epoch = 20
	Train cost = 0.998085,	RMSE = 4.491302
	Test cost = 0.999999,	RMSE = 3.919904
Epoch = 21
	Train cost = 0.999408,	RMSE = 4.560892
	Test cost = 0.999997,	RMSE = 3.958904
Epoch = 22
	Train cost = 1.000346,	RMSE = 4.592687
	Test cost = 1.000014,	RMSE = 3.938885
Epoch = 23
	Train cost = 0.999486,	RMSE = 4.545707
	Test cost = 1.000021,	RMSE = 3.880959
Epoch = 24
	Train cost = 0.999800,	RMSE = 4.581241
	Test cost = 0.999975,	RMSE = 3.911961
Epoch = 25
	Train cost = 0.998977,	RMSE = 4.529088
	Test cost = 0.999999,	RMSE = 3.995921
Epoch = 26
	Train cost = 1.000674,	RMSE = 4.604502
	Test cost = 1.000031,	RMSE = 3.829191
Epoch = 27
	Train cost = 0.998915,	RMSE = 4.564112
	Test cost = 1.000008,	RMSE = 3.986839
Epoch = 28
	Train cost = 1.000325,	RMSE = 4.649732
	Test cost = 0.999999,	RMSE = 3.998265
Epoch = 29
	Train cost = 1.001211,	RMSE = 4.643675
	Test cost = 1.000008,	RMSE = 3.964691
Epoch = 30
	Train cost = 0.999889,	RMSE = 4.619017
	Test cost = 0.999993,	RMSE = 3.962744
Epoch = 31
	Train cost = 1.000604,	RMSE = 4.609287
	Test cost = 1.000003,	RMSE = 3.951361
Epoch = 32
	Train cost = 1.000088,	RMSE = 4.573761
	Test cost = 1.000007,	RMSE = 3.912149
Epoch = 33
	Train cost = 1.000920,	RMSE = 4.507880
	Test cost = 1.000020,	RMSE = 3.787331
Epoch = 34
	Train cost = 0.999787,	RMSE = 4.430128
	Test cost = 1.000012,	RMSE = 3.826300
Epoch = 35
	Train cost = 0.999264,	RMSE = 4.490135
	Test cost = 0.999989,	RMSE = 3.875063
Epoch = 36
	Train cost = 0.999380,	RMSE = 4.527639
	Test cost = 1.000006,	RMSE = 3.897565
Epoch = 37
	Train cost = 1.001174,	RMSE = 4.349215
	Test cost = 1.000038,	RMSE = 3.425824
Epoch = 38
	Train cost = 0.999335,	RMSE = 3.702193
	Test cost = 0.999976,	RMSE = 3.078891
Epoch = 39
	Train cost = 1.000490,	RMSE = 3.872029
	Test cost = 0.999960,	RMSE = 3.253977
Epoch = 40
	Train cost = 1.001051,	RMSE = 3.789092
	Test cost = 0.999962,	RMSE = 3.239835
Epoch = 41
	Train cost = 0.999992,	RMSE = 4.236402
	Test cost = 1.000002,	RMSE = 3.891330
Epoch = 42
	Train cost = 0.999653,	RMSE = 4.482135
	Test cost = 1.000006,	RMSE = 3.839277
Epoch = 43
	Train cost = 1.000749,	RMSE = 4.320181
	Test cost = 1.000006,	RMSE = 3.665226
Epoch = 44
	Train cost = 0.999233,	RMSE = 4.417603
	Test cost = 0.999983,	RMSE = 3.850842
Epoch = 45
	Train cost = 0.999285,	RMSE = 4.497042
	Test cost = 1.000006,	RMSE = 3.805409
Epoch = 46
	Train cost = 0.999378,	RMSE = 4.472236
	Test cost = 1.000005,	RMSE = 3.911054
Epoch = 47
	Train cost = 1.000852,	RMSE = 4.514361
	Test cost = 1.000006,	RMSE = 3.876977
Epoch = 48
	Train cost = 1.000200,	RMSE = 4.476698
	Test cost = 1.000005,	RMSE = 3.822006
Epoch = 49
	Train cost = 1.000315,	RMSE = 4.439851
	Test cost = 1.000006,	RMSE = 3.715230
Epoch = 50
	Train cost = 1.000256,	RMSE = 4.292892
	Test cost = 1.000008,	RMSE = 3.658956
Testing Dyad = 17
RMSE of Average Prediction = 1.107895
(1136, 76, 35) (89, 76, 35)
bi-naive
Compiling function
Compilation done 1
Compilation done 2
Epoch = 1
	Train cost = 0.999621,	RMSE = 3.901404
	Test cost = 1.000077,	RMSE = 3.320289
Epoch = 2
	Train cost = 0.999692,	RMSE = 4.123038
	Test cost = 0.999965,	RMSE = 3.566806
Epoch = 3
	Train cost = 1.000298,	RMSE = 4.220403
	Test cost = 0.999978,	RMSE = 3.624473
Epoch = 4
	Train cost = 1.000497,	RMSE = 4.191560
	Test cost = 0.999978,	RMSE = 3.533094
Epoch = 5
	Train cost = 0.999726,	RMSE = 4.003028
	Test cost = 0.999988,	RMSE = 3.228566
Epoch = 6
	Train cost = 1.000977,	RMSE = 3.862823
	Test cost = 0.999996,	RMSE = 3.395519
Epoch = 7
	Train cost = 0.999822,	RMSE = 4.149490
	Test cost = 0.999998,	RMSE = 3.595436
Epoch = 8
	Train cost = 0.999817,	RMSE = 4.219791
	Test cost = 0.999995,	RMSE = 3.632153
Epoch = 9
	Train cost = 1.000335,	RMSE = 4.237019
	Test cost = 0.999992,	RMSE = 3.596705
Epoch = 10
	Train cost = 0.999894,	RMSE = 4.188931
	Test cost = 1.000006,	RMSE = 3.566743
Epoch = 11
	Train cost = 1.000059,	RMSE = 4.037931
	Test cost = 1.000010,	RMSE = 3.325273
Epoch = 12
	Train cost = 0.999303,	RMSE = 3.894394
	Test cost = 0.999978,	RMSE = 3.340341
Epoch = 13
	Train cost = 1.000362,	RMSE = 3.886247
	Test cost = 0.999977,	RMSE = 3.321765
Epoch = 14
	Train cost = 1.000072,	RMSE = 3.920324
	Test cost = 0.999978,	RMSE = 3.324882
Epoch = 15
	Train cost = 0.999770,	RMSE = 3.914339
	Test cost = 0.999979,	RMSE = 3.260326
Epoch = 16
	Train cost = 0.999740,	RMSE = 3.815212
	Test cost = 1.000002,	RMSE = 3.188481
Epoch = 17
	Train cost = 0.999563,	RMSE = 3.786407
	Test cost = 0.999981,	RMSE = 3.191775
Epoch = 18
	Train cost = 0.999583,	RMSE = 3.785065
	Test cost = 0.999997,	RMSE = 3.136942
Epoch = 19
	Train cost = 0.998809,	RMSE = 3.745887
	Test cost = 0.999971,	RMSE = 3.180415
Epoch = 20
	Train cost = 1.000836,	RMSE = 3.823250
	Test cost = 0.999974,	RMSE = 3.344989
Epoch = 21
	Train cost = 1.000056,	RMSE = 4.156547
	Test cost = 0.999987,	RMSE = 3.676294
Epoch = 22
	Train cost = 0.999464,	RMSE = 4.314261
	Test cost = 1.000004,	RMSE = 3.721705
Epoch = 23
	Train cost = 1.000782,	RMSE = 4.237712
	Test cost = 1.000014,	RMSE = 3.365937
Epoch = 24
	Train cost = 1.000247,	RMSE = 3.962668
	Test cost = 1.000009,	RMSE = 3.352193
Epoch = 25
	Train cost = 1.000044,	RMSE = 4.049605
	Test cost = 1.000014,	RMSE = 3.519819
Epoch = 26
	Train cost = 0.999977,	RMSE = 4.215468
	Test cost = 1.000002,	RMSE = 3.690625
Epoch = 27
	Train cost = 1.000904,	RMSE = 4.275974
	Test cost = 1.000003,	RMSE = 3.644027
Epoch = 28
	Train cost = 1.000570,	RMSE = 4.238376
	Test cost = 0.999987,	RMSE = 3.575362
Epoch = 29
	Train cost = 0.999424,	RMSE = 4.213028
	Test cost = 1.000008,	RMSE = 3.601834
Epoch = 30
	Train cost = 0.999677,	RMSE = 4.238930
	Test cost = 0.999996,	RMSE = 3.653664
Epoch = 31
	Train cost = 1.000046,	RMSE = 4.272684
	Test cost = 0.999997,	RMSE = 3.669091
Epoch = 32
	Train cost = 1.000531,	RMSE = 4.268784
	Test cost = 0.999995,	RMSE = 3.648009
Epoch = 33
	Train cost = 1.000380,	RMSE = 4.179710
	Test cost = 0.999988,	RMSE = 3.492731
Epoch = 34
	Train cost = 1.000157,	RMSE = 4.017585
	Test cost = 0.999989,	RMSE = 3.390765
Epoch = 35
	Train cost = 1.000069,	RMSE = 4.002399
	Test cost = 0.999991,	RMSE = 3.397050
Epoch = 36
	Train cost = 0.999936,	RMSE = 4.073612
	Test cost = 0.999988,	RMSE = 3.533342
Epoch = 37
	Train cost = 0.999076,	RMSE = 4.205488
	Test cost = 1.000002,	RMSE = 3.644535
Epoch = 38
	Train cost = 0.999641,	RMSE = 4.259878
	Test cost = 0.999988,	RMSE = 3.595758
Epoch = 39
	Train cost = 1.000328,	RMSE = 4.099292
	Test cost = 0.999984,	RMSE = 3.362529
Epoch = 40
	Train cost = 0.999631,	RMSE = 3.800838
	Test cost = 1.000003,	RMSE = 3.135905
Epoch = 41
	Train cost = 1.000809,	RMSE = 3.730674
	Test cost = 0.999999,	RMSE = 3.122884
Epoch = 42
	Train cost = 1.001174,	RMSE = 3.788383
	Test cost = 1.000007,	RMSE = 3.203649
Epoch = 43
	Train cost = 1.000069,	RMSE = 3.886670
	Test cost = 1.000005,	RMSE = 3.343396
Epoch = 44
	Train cost = 0.999252,	RMSE = 3.864947
	Test cost = 0.999987,	RMSE = 3.214480
Epoch = 45
	Train cost = 1.000452,	RMSE = 3.886573
	Test cost = 0.999984,	RMSE = 3.279104
Epoch = 46
	Train cost = 1.000118,	RMSE = 3.954523
	Test cost = 0.999989,	RMSE = 3.355997
Epoch = 47
	Train cost = 0.999857,	RMSE = 3.992968
	Test cost = 0.999991,	RMSE = 3.364428
Epoch = 48
	Train cost = 1.000380,	RMSE = 3.938504
	Test cost = 0.999990,	RMSE = 3.313111
Epoch = 49
	Train cost = 0.999934,	RMSE = 3.934496
	Test cost = 0.999993,	RMSE = 3.339748
Epoch = 50
	Train cost = 0.999912,	RMSE = 3.976169
	Test cost = 0.999994,	RMSE = 3.357977
Testing Dyad = 18
RMSE of Average Prediction = 1.632056
(1142, 76, 35) (83, 76, 35)
bi-naive
Compiling function
Compilation done 1
Compilation done 2
Epoch = 1
	Train cost = 0.999994,	RMSE = 4.074545
	Test cost = 0.999976,	RMSE = 2.944795
Epoch = 2
	Train cost = 1.000308,	RMSE = 4.047888
	Test cost = 1.000006,	RMSE = 2.767714
Epoch = 3
	Train cost = 1.000197,	RMSE = 4.031452
	Test cost = 0.999989,	RMSE = 2.807377
Epoch = 4
	Train cost = 1.000042,	RMSE = 4.051031
	Test cost = 0.999997,	RMSE = 2.825865
Epoch = 5
	Train cost = 1.000005,	RMSE = 4.062598
	Test cost = 0.999990,	RMSE = 2.860062
Epoch = 6
	Train cost = 0.999969,	RMSE = 4.093010
	Test cost = 0.999993,	RMSE = 2.871383
Epoch = 7
	Train cost = 1.000076,	RMSE = 4.075119
	Test cost = 0.999996,	RMSE = 2.834031
Epoch = 8
	Train cost = 1.000017,	RMSE = 4.034434
	Test cost = 1.000005,	RMSE = 2.767792
Epoch = 9
	Train cost = 1.000133,	RMSE = 4.031890
	Test cost = 1.000001,	RMSE = 2.861963
Epoch = 10
	Train cost = 1.000034,	RMSE = 4.066808
	Test cost = 0.999999,	RMSE = 2.829837
Epoch = 11
	Train cost = 0.999950,	RMSE = 4.043665
	Test cost = 0.999999,	RMSE = 2.795639
Epoch = 12
	Train cost = 0.999919,	RMSE = 3.997701
	Test cost = 1.000000,	RMSE = 2.746209
Epoch = 13
	Train cost = 1.000051,	RMSE = 3.981524
	Test cost = 1.000003,	RMSE = 2.747873
Epoch = 14
	Train cost = 1.000211,	RMSE = 3.983588
	Test cost = 0.999998,	RMSE = 2.785116
Epoch = 15
	Train cost = 1.000056,	RMSE = 4.039560
	Test cost = 0.999995,	RMSE = 2.831386
Epoch = 16
	Train cost = 1.000008,	RMSE = 4.054464
	Test cost = 0.999996,	RMSE = 2.827685
Epoch = 17
	Train cost = 0.999998,	RMSE = 4.050513
	Test cost = 0.999996,	RMSE = 2.824863
Epoch = 18
	Train cost = 0.999995,	RMSE = 4.046469
	Test cost = 0.999996,	RMSE = 2.819116
Epoch = 19
	Train cost = 1.000005,	RMSE = 4.044535
	Test cost = 0.999996,	RMSE = 2.821149
Epoch = 20
	Train cost = 0.999989,	RMSE = 4.044852
	Test cost = 0.999996,	RMSE = 2.819803
Epoch = 21
	Train cost = 0.999944,	RMSE = 4.031400
	Test cost = 0.999996,	RMSE = 2.790466
Epoch = 22
	Train cost = 0.999991,	RMSE = 3.948548
	Test cost = 1.000016,	RMSE = 2.711052
Epoch = 23
	Train cost = 1.000474,	RMSE = 4.070810
	Test cost = 1.000001,	RMSE = 2.930562
Epoch = 24
	Train cost = 1.000162,	RMSE = 4.139138
	Test cost = 1.000000,	RMSE = 2.880747
Epoch = 25
	Train cost = 0.999780,	RMSE = 4.113022
	Test cost = 0.999998,	RMSE = 2.918290
Epoch = 26
	Train cost = 1.000183,	RMSE = 4.162137
	Test cost = 1.000003,	RMSE = 2.910462
Epoch = 27
	Train cost = 1.000291,	RMSE = 4.051460
	Test cost = 1.000002,	RMSE = 2.831288
Epoch = 28
	Train cost = 1.000087,	RMSE = 4.056953
	Test cost = 1.000001,	RMSE = 2.810173
Epoch = 29
	Train cost = 1.000005,	RMSE = 4.018829
	Test cost = 1.000000,	RMSE = 2.794271
Epoch = 30
	Train cost = 1.000075,	RMSE = 4.021346
	Test cost = 1.000001,	RMSE = 2.828043
Epoch = 31
	Train cost = 0.999624,	RMSE = 4.109952
	Test cost = 0.999997,	RMSE = 2.934354
Epoch = 32
	Train cost = 0.999922,	RMSE = 4.200663
	Test cost = 1.000003,	RMSE = 2.984644
Epoch = 33
	Train cost = 0.999689,	RMSE = 4.232169
	Test cost = 0.999979,	RMSE = 2.856872
Epoch = 34
	Train cost = 1.000246,	RMSE = 3.965667
	Test cost = 0.999992,	RMSE = 2.725509
Epoch = 35
	Train cost = 1.000107,	RMSE = 3.965222
	Test cost = 0.999994,	RMSE = 2.733195
Epoch = 36
	Train cost = 1.000049,	RMSE = 3.881246
	Test cost = 1.000005,	RMSE = 2.696420
Epoch = 37
	Train cost = 0.999638,	RMSE = 3.939056
	Test cost = 1.000004,	RMSE = 2.663508
Epoch = 38
	Train cost = 0.998525,	RMSE = 3.871567
	Test cost = 0.999993,	RMSE = 2.692362
Epoch = 39
	Train cost = 0.999503,	RMSE = 3.837535
	Test cost = 0.999997,	RMSE = 2.537972
Epoch = 40
	Train cost = 0.999040,	RMSE = 3.754414
	Test cost = 1.000007,	RMSE = 2.619728
Epoch = 41
	Train cost = 1.000422,	RMSE = 4.096870
	Test cost = 1.000002,	RMSE = 3.016185
Epoch = 42
	Train cost = 0.999914,	RMSE = 4.259182
	Test cost = 1.000001,	RMSE = 3.049324
Epoch = 43
	Train cost = 1.000848,	RMSE = 4.141718
	Test cost = 1.000008,	RMSE = 2.679961
Epoch = 44
	Train cost = 0.999909,	RMSE = 3.845253
	Test cost = 1.000003,	RMSE = 2.544181
Epoch = 45
	Train cost = 0.999903,	RMSE = 3.734424
	Test cost = 0.999993,	RMSE = 2.532535
Epoch = 46
	Train cost = 1.000647,	RMSE = 3.898668
	Test cost = 0.999987,	RMSE = 2.948464
Epoch = 47
	Train cost = 0.999419,	RMSE = 4.290760
	Test cost = 1.000003,	RMSE = 3.073816
Epoch = 48
	Train cost = 1.000484,	RMSE = 4.244053
	Test cost = 1.000007,	RMSE = 2.983046
Epoch = 49
	Train cost = 1.000185,	RMSE = 4.135175
	Test cost = 1.000023,	RMSE = 2.812179
Epoch = 50
	Train cost = 0.998818,	RMSE = 3.829918
	Test cost = 0.999988,	RMSE = 2.594119
