nohup: ignoring input
Couldn't import dot_parser, loading of dot files will not be possible.
WARNING (theano.sandbox.cuda): The cuda backend is deprecated and will be removed in the next release.  Please switch to the gpuarray backend. You can get more information about how to switch at this URL:
 https://github.com/Theano/Theano/wiki/Converting-to-the-new-gpu-back-end%28gpuarray%29

Using gpu device 1: GeForce GTX TITAN X (CNMeM is disabled, cuDNN 5103)
au b
../data_info/AMT_Batch1_results_large.csv
../data_info/AMT_Batch2_results_large.csv
../data_info/AMT_Batch3_results_large.csv
../data_info/AMT_Batch4_results_large.csv
D10S1
D10S2
D11S1
D11S2
D12S1
D12S2
D16S2
D17S1
D18S1
D3S1
D3S2
D4S1
D4S2
D5S1
D5S2
D6S1
D6S2
D7S1
D7S2
D8S1
D8S2
D9S1
D9S2
Testing Dyad = 3
RMSE of Average Prediction = 1.143461
(1060, 76, 70) (165, 76, 70)
dec = True model = gru lambda = 0.0 share = False
Compiling function
Compilation done 1
Compilation done 2
Epoch = 1
	Train cost = 0.999999,	Krip Loss = 0.999999,	RMSE = 3.985788
	Test cost = 1.000001,	Krip Loss = 1.000001,	RMSE = 3.934670
Epoch = 2
	Train cost = 0.999999,	Krip Loss = 0.999999,	RMSE = 3.979486
	Test cost = 1.000000,	Krip Loss = 1.000000,	RMSE = 3.926567
Epoch = 3
	Train cost = 0.999998,	Krip Loss = 0.999998,	RMSE = 3.970732
	Test cost = 1.000000,	Krip Loss = 1.000000,	RMSE = 3.916908
Epoch = 4
	Train cost = 0.999998,	Krip Loss = 0.999998,	RMSE = 3.960542
	Test cost = 1.000000,	Krip Loss = 1.000000,	RMSE = 3.905976
Epoch = 5
	Train cost = 0.999997,	Krip Loss = 0.999997,	RMSE = 3.949265
	Test cost = 1.000000,	Krip Loss = 1.000000,	RMSE = 3.894042
Epoch = 6
	Train cost = 0.999997,	Krip Loss = 0.999997,	RMSE = 3.936964
	Test cost = 1.000000,	Krip Loss = 1.000000,	RMSE = 3.881077
Epoch = 7
	Train cost = 0.999996,	Krip Loss = 0.999996,	RMSE = 3.923648
	Test cost = 1.000000,	Krip Loss = 1.000000,	RMSE = 3.867071
Epoch = 8
	Train cost = 0.999996,	Krip Loss = 0.999996,	RMSE = 3.909228
	Test cost = 0.999999,	Krip Loss = 0.999999,	RMSE = 3.851933
Epoch = 9
