nohup: ignoring input
Couldn't import dot_parser, loading of dot files will not be possible.
WARNING (theano.sandbox.cuda): The cuda backend is deprecated and will be removed in the next release.  Please switch to the gpuarray backend. You can get more information about how to switch at this URL:
 https://github.com/Theano/Theano/wiki/Converting-to-the-new-gpu-back-end%28gpuarray%29

Using gpu device 0: GeForce GTX TITAN X (CNMeM is disabled, cuDNN 5103)
audio b
/usr0/home/hongliay/code/Rapport/data_info/AMT_Batch1_results_large.csv
/usr0/home/hongliay/code/Rapport/data_info/AMT_Batch2_results_large.csv
/usr0/home/hongliay/code/Rapport/data_info/AMT_Batch3_results_large.csv
/usr0/home/hongliay/code/Rapport/data_info/AMT_Batch4_results_large.csv
D10S1
D10S2
D11S1
D11S2
D12S1
D12S2
D16S2
D17S1
D18S1
D3S1
D3S2
D4S1
D4S2
D5S1
D5S2
D6S1
D6S2
D7S1
D7S2
D8S1
D8S2
D9S1
D9S2
[3, 4, 7, 8, 9, 10, 11, 12, 16, 17, 18]
Validation Dyad = 17 	Testing Dyad = 3
RMSE of Average Prediction = 1.113759
(2834, 300, 148) (196, 300, 148) (382, 300, 148)
TAGM
Compiling function
Compilation done 1
Compilation done 2
Compilation done 3
Epoch = 1
	Train cost = 0.998965,	Krip Loss = 0.998965,	RMSE = 3.567946
	Test cost = 0.997869,	Krip Loss = 0.997869,	RMSE = 3.012866
	Test cost = 0.999411,	Krip Loss = 0.999411,	RMSE = 3.657673
Epoch = 2
	Train cost = 0.997796,	Krip Loss = 0.997796,	RMSE = 3.549180
	Test cost = 0.997879,	Krip Loss = 0.997879,	RMSE = 2.997320
	Test cost = 0.999302,	Krip Loss = 0.999302,	RMSE = 3.641917
Epoch = 3
	Train cost = 0.997052,	Krip Loss = 0.997052,	RMSE = 3.515871
	Test cost = 0.997775,	Krip Loss = 0.997775,	RMSE = 2.965575
	Test cost = 0.999263,	Krip Loss = 0.999263,	RMSE = 3.603667
Epoch = 4
	Train cost = 0.996415,	Krip Loss = 0.996415,	RMSE = 3.468045
	Test cost = 0.997508,	Krip Loss = 0.997508,	RMSE = 2.921202
	Test cost = 0.999206,	Krip Loss = 0.999206,	RMSE = 3.553126
Epoch = 5
	Train cost = 0.995726,	Krip Loss = 0.995726,	RMSE = 3.406831
	Test cost = 0.997154,	Krip Loss = 0.997154,	RMSE = 2.865456
	Test cost = 0.999096,	Krip Loss = 0.999096,	RMSE = 3.492565
Epoch = 6
	Train cost = 0.994809,	Krip Loss = 0.994809,	RMSE = 3.327223
	Test cost = 0.996366,	Krip Loss = 0.996366,	RMSE = 2.793422
	Test cost = 0.998884,	Krip Loss = 0.998884,	RMSE = 3.417202
Epoch = 7
	Train cost = 0.993492,	Krip Loss = 0.993492,	RMSE = 3.219461
	Test cost = 0.994060,	Krip Loss = 0.994060,	RMSE = 2.700480
	Test cost = 0.998524,	Krip Loss = 0.998524,	RMSE = 3.315734
Epoch = 8
	Train cost = 0.992009,	Krip Loss = 0.992009,	RMSE = 3.095254
	Test cost = 0.991016,	Krip Loss = 0.991016,	RMSE = 2.601038
	Test cost = 0.998064,	Krip Loss = 0.998064,	RMSE = 3.192172
Epoch = 9
	Train cost = 0.990427,	Krip Loss = 0.990427,	RMSE = 2.966958
	Test cost = 0.987426,	Krip Loss = 0.987426,	RMSE = 2.492835
	Test cost = 0.997721,	Krip Loss = 0.997721,	RMSE = 3.038706
Epoch = 10
	Train cost = 0.988566,	Krip Loss = 0.988566,	RMSE = 2.839466
	Test cost = 0.983806,	Krip Loss = 0.983806,	RMSE = 2.379800
	Test cost = 0.997750,	Krip Loss = 0.997750,	RMSE = 2.871682
Epoch = 11
	Train cost = 0.986760,	Krip Loss = 0.986760,	RMSE = 2.727838
	Test cost = 0.981595,	Krip Loss = 0.981595,	RMSE = 2.287493
	Test cost = 0.997841,	Krip Loss = 0.997841,	RMSE = 2.748989
Epoch = 12
	Train cost = 0.984908,	Krip Loss = 0.984908,	RMSE = 2.631418
	Test cost = 0.980065,	Krip Loss = 0.980065,	RMSE = 2.206534
	Test cost = 0.997880,	Krip Loss = 0.997880,	RMSE = 2.649521
Epoch = 13
	Train cost = 0.982793,	Krip Loss = 0.982793,	RMSE = 2.540843
	Test cost = 0.978612,	Krip Loss = 0.978612,	RMSE = 2.128220
	Test cost = 0.997912,	Krip Loss = 0.997912,	RMSE = 2.555413
Epoch = 14
	Train cost = 0.980382,	Krip Loss = 0.980382,	RMSE = 2.452385
	Test cost = 0.977169,	Krip Loss = 0.977169,	RMSE = 2.051462
	Test cost = 0.997959,	Krip Loss = 0.997959,	RMSE = 2.464049
Epoch = 15
	Train cost = 0.977658,	Krip Loss = 0.977658,	RMSE = 2.365657
	Test cost = 0.975770,	Krip Loss = 0.975770,	RMSE = 1.976611
	Test cost = 0.998013,	Krip Loss = 0.998013,	RMSE = 2.375623
Epoch = 16
	Train cost = 0.974727,	Krip Loss = 0.974727,	RMSE = 2.281333
	Test cost = 0.974443,	Krip Loss = 0.974443,	RMSE = 1.904999
	Test cost = 0.998053,	Krip Loss = 0.998053,	RMSE = 2.291121
Epoch = 17
	Train cost = 0.971747,	Krip Loss = 0.971747,	RMSE = 2.200946
	Test cost = 0.973306,	Krip Loss = 0.973306,	RMSE = 1.837957
	Test cost = 0.998063,	Krip Loss = 0.998063,	RMSE = 2.210913
Epoch = 18
	Train cost = 0.968802,	Krip Loss = 0.968802,	RMSE = 2.125199
	Test cost = 0.972349,	Krip Loss = 0.972349,	RMSE = 1.775523
	Test cost = 0.998041,	Krip Loss = 0.998041,	RMSE = 2.135015
Epoch = 19
	Train cost = 0.966000,	Krip Loss = 0.966000,	RMSE = 2.056011
	Test cost = 0.971669,	Krip Loss = 0.971669,	RMSE = 1.720450
	Test cost = 0.997995,	Krip Loss = 0.997995,	RMSE = 2.066648
Epoch = 20
	Train cost = 0.963447,	Krip Loss = 0.963447,	RMSE = 1.996730
	Test cost = 0.971376,	Krip Loss = 0.971376,	RMSE = 1.676218
	Test cost = 0.997967,	Krip Loss = 0.997967,	RMSE = 2.009819
Epoch = 21
	Train cost = 0.961137,	Krip Loss = 0.961137,	RMSE = 1.947305
	Test cost = 0.971245,	Krip Loss = 0.971245,	RMSE = 1.640040
	Test cost = 0.998024,	Krip Loss = 0.998024,	RMSE = 1.961503
Epoch = 22
	Train cost = 0.958988,	Krip Loss = 0.958988,	RMSE = 1.905140
	Test cost = 0.971161,	Krip Loss = 0.971161,	RMSE = 1.608976
	Test cost = 0.998228,	Krip Loss = 0.998228,	RMSE = 1.918524
Epoch = 23
	Train cost = 0.956937,	Krip Loss = 0.956937,	RMSE = 1.868200
	Test cost = 0.971100,	Krip Loss = 0.971100,	RMSE = 1.581873
	Test cost = 0.998656,	Krip Loss = 0.998656,	RMSE = 1.879752
Epoch = 24
	Train cost = 0.954938,	Krip Loss = 0.954938,	RMSE = 1.835029
	Test cost = 0.971036,	Krip Loss = 0.971036,	RMSE = 1.557893
	Test cost = 0.999417,	Krip Loss = 0.999417,	RMSE = 1.844027
Epoch = 25
	Train cost = 0.952951,	Krip Loss = 0.952951,	RMSE = 1.804186
	Test cost = 0.970888,	Krip Loss = 0.970888,	RMSE = 1.536102
	Test cost = 1.000634,	Krip Loss = 1.000634,	RMSE = 1.809742
Epoch = 26
	Train cost = 0.950955,	Krip Loss = 0.950955,	RMSE = 1.774809
	Test cost = 0.970548,	Krip Loss = 0.970548,	RMSE = 1.516033
	Test cost = 1.002273,	Krip Loss = 1.002273,	RMSE = 1.775912
Epoch = 27
	Train cost = 0.948979,	Krip Loss = 0.948979,	RMSE = 1.747237
	Test cost = 0.969943,	Krip Loss = 0.969943,	RMSE = 1.497909
	Test cost = 1.003902,	Krip Loss = 1.003902,	RMSE = 1.743812
Epoch = 28
	Train cost = 0.947056,	Krip Loss = 0.947056,	RMSE = 1.722496
	Test cost = 0.969161,	Krip Loss = 0.969161,	RMSE = 1.481905
	Test cost = 1.005148,	Krip Loss = 1.005148,	RMSE = 1.715422
Epoch = 29
	Train cost = 0.945166,	Krip Loss = 0.945166,	RMSE = 1.700554
	Test cost = 0.968316,	Krip Loss = 0.968316,	RMSE = 1.467521
	Test cost = 1.006077,	Krip Loss = 1.006077,	RMSE = 1.690400
Epoch = 30
	Train cost = 0.943277,	Krip Loss = 0.943277,	RMSE = 1.680476
	Test cost = 0.967433,	Krip Loss = 0.967433,	RMSE = 1.454176
	Test cost = 1.006828,	Krip Loss = 1.006828,	RMSE = 1.667595
Epoch = 31
	Train cost = 0.941367,	Krip Loss = 0.941367,	RMSE = 1.661542
	Test cost = 0.966495,	Krip Loss = 0.966495,	RMSE = 1.441489
	Test cost = 1.007490,	Krip Loss = 1.007490,	RMSE = 1.646140
Epoch = 32
	Train cost = 0.939417,	Krip Loss = 0.939417,	RMSE = 1.643336
	Test cost = 0.965416,	Krip Loss = 0.965416,	RMSE = 1.429194
	Test cost = 1.008117,	Krip Loss = 1.008117,	RMSE = 1.625457
Epoch = 33
	Train cost = 0.937413,	Krip Loss = 0.937413,	RMSE = 1.625558
	Test cost = 0.964093,	Krip Loss = 0.964093,	RMSE = 1.417038
	Test cost = 1.008741,	Krip Loss = 1.008741,	RMSE = 1.605093
Epoch = 34
	Train cost = 0.935351,	Krip Loss = 0.935351,	RMSE = 1.607870
	Test cost = 0.962998,	Krip Loss = 0.962998,	RMSE = 1.405022
	Test cost = 1.009381,	Krip Loss = 1.009381,	RMSE = 1.584658
Epoch = 35
	Train cost = 0.933289,	Krip Loss = 0.933289,	RMSE = 1.589844
	Test cost = 0.962563,	Krip Loss = 0.962563,	RMSE = 1.393131
	Test cost = 1.010037,	Krip Loss = 1.010037,	RMSE = 1.563743
Epoch = 36
	Train cost = 0.931209,	Krip Loss = 0.931209,	RMSE = 1.571349
	Test cost = 0.962384,	Krip Loss = 0.962384,	RMSE = 1.381112
	Test cost = 1.010677,	Krip Loss = 1.010677,	RMSE = 1.542022
Epoch = 37
	Train cost = 0.929058,	Krip Loss = 0.929058,	RMSE = 1.552303
	Test cost = 0.962295,	Krip Loss = 0.962295,	RMSE = 1.368637
	Test cost = 1.011195,	Krip Loss = 1.011195,	RMSE = 1.519068
Epoch = 38
	Train cost = 0.926848,	Krip Loss = 0.926848,	RMSE = 1.532907
	Test cost = 0.962075,	Krip Loss = 0.962075,	RMSE = 1.355448
	Test cost = 1.011463,	Krip Loss = 1.011463,	RMSE = 1.494768
Epoch = 39
	Train cost = 0.924648,	Krip Loss = 0.924648,	RMSE = 1.513701
	Test cost = 0.961414,	Krip Loss = 0.961414,	RMSE = 1.341677
	Test cost = 1.011678,	Krip Loss = 1.011678,	RMSE = 1.470284
Epoch = 40
	Train cost = 0.922484,	Krip Loss = 0.922484,	RMSE = 1.494926
	Test cost = 0.960613,	Krip Loss = 0.960613,	RMSE = 1.327829
	Test cost = 1.012183,	Krip Loss = 1.012183,	RMSE = 1.447087
Epoch = 41
	Train cost = 0.920310,	Krip Loss = 0.920310,	RMSE = 1.476223
	Test cost = 0.959839,	Krip Loss = 0.959839,	RMSE = 1.313888
	Test cost = 1.012940,	Krip Loss = 1.012940,	RMSE = 1.424469
Epoch = 42
	Train cost = 0.918085,	Krip Loss = 0.918085,	RMSE = 1.457465
	Test cost = 0.959068,	Krip Loss = 0.959068,	RMSE = 1.299856
	Test cost = 1.013883,	Krip Loss = 1.013883,	RMSE = 1.402056
Epoch = 43
	Train cost = 0.915796,	Krip Loss = 0.915796,	RMSE = 1.438711
	Test cost = 0.958298,	Krip Loss = 0.958298,	RMSE = 1.285829
	Test cost = 1.014985,	Krip Loss = 1.014985,	RMSE = 1.379882
Epoch = 44
	Train cost = 0.913437,	Krip Loss = 0.913437,	RMSE = 1.420077
	Test cost = 0.957535,	Krip Loss = 0.957535,	RMSE = 1.271939
	Test cost = 1.016229,	Krip Loss = 1.016229,	RMSE = 1.358082
Epoch = 45
	Train cost = 0.911005,	Krip Loss = 0.911005,	RMSE = 1.401709
	Test cost = 0.956792,	Krip Loss = 0.956792,	RMSE = 1.258339
	Test cost = 1.017604,	Krip Loss = 1.017604,	RMSE = 1.336850
Epoch = 46
	Train cost = 0.908497,	Krip Loss = 0.908497,	RMSE = 1.383783
	Test cost = 0.956083,	Krip Loss = 0.956083,	RMSE = 1.245201
	Test cost = 1.019095,	Krip Loss = 1.019095,	RMSE = 1.316415
Epoch = 47
	Train cost = 0.905915,	Krip Loss = 0.905915,	RMSE = 1.366496
	Test cost = 0.955424,	Krip Loss = 0.955424,	RMSE = 1.232715
	Test cost = 1.020678,	Krip Loss = 1.020678,	RMSE = 1.297033
Epoch = 48
	Train cost = 0.903263,	Krip Loss = 0.903263,	RMSE = 1.350060
	Test cost = 0.954832,	Krip Loss = 0.954832,	RMSE = 1.221072
	Test cost = 1.022324,	Krip Loss = 1.022324,	RMSE = 1.278961
Epoch = 49
	Train cost = 0.900551,	Krip Loss = 0.900551,	RMSE = 1.334687
	Test cost = 0.954325,	Krip Loss = 0.954325,	RMSE = 1.210456
	Test cost = 1.023992,	Krip Loss = 1.023992,	RMSE = 1.262437
Epoch = 50
	Train cost = 0.897793,	Krip Loss = 0.897793,	RMSE = 1.320571
	Test cost = 0.953914,	Krip Loss = 0.953914,	RMSE = 1.201019
	Test cost = 1.025638,	Krip Loss = 1.025638,	RMSE = 1.247652
Epoch = 51
	Train cost = 0.895002,	Krip Loss = 0.895002,	RMSE = 1.307864
	Test cost = 0.953607,	Krip Loss = 0.953607,	RMSE = 1.192864
	Test cost = 1.027219,	Krip Loss = 1.027219,	RMSE = 1.234728
Epoch = 52
	Train cost = 0.892196,	Krip Loss = 0.892196,	RMSE = 1.296662
	Test cost = 0.953407,	Krip Loss = 0.953407,	RMSE = 1.186032
	Test cost = 1.028692,	Krip Loss = 1.028692,	RMSE = 1.223707
Epoch = 53
	Train cost = 0.889389,	Krip Loss = 0.889389,	RMSE = 1.286991
	Test cost = 0.953312,	Krip Loss = 0.953312,	RMSE = 1.180504
	Test cost = 1.030024,	Krip Loss = 1.030024,	RMSE = 1.214559
Epoch = 54
	Train cost = 0.886598,	Krip Loss = 0.886598,	RMSE = 1.278814
	Test cost = 0.953317,	Krip Loss = 0.953317,	RMSE = 1.176205
	Test cost = 1.031192,	Krip Loss = 1.031192,	RMSE = 1.207185
Epoch = 55
	Train cost = 0.883834,	Krip Loss = 0.883834,	RMSE = 1.272038
	Test cost = 0.953407,	Krip Loss = 0.953407,	RMSE = 1.173019
	Test cost = 1.032183,	Krip Loss = 1.032183,	RMSE = 1.201439
Epoch = 56
	Train cost = 0.881106,	Krip Loss = 0.881106,	RMSE = 1.266526
	Test cost = 0.953570,	Krip Loss = 0.953570,	RMSE = 1.170800
	Test cost = 1.032997,	Krip Loss = 1.032997,	RMSE = 1.197145
Epoch = 57
	Train cost = 0.878422,	Krip Loss = 0.878422,	RMSE = 1.262114
	Test cost = 0.953792,	Krip Loss = 0.953792,	RMSE = 1.169379
	Test cost = 1.033640,	Krip Loss = 1.033640,	RMSE = 1.194108
Epoch = 58
	Train cost = 0.875791,	Krip Loss = 0.875791,	RMSE = 1.258627
	Test cost = 0.954077,	Krip Loss = 0.954077,	RMSE = 1.168586
	Test cost = 1.034130,	Krip Loss = 1.034130,	RMSE = 1.192134
Validation Dyad = 8 	Testing Dyad = 4
RMSE of Average Prediction = 1.551682
(2870, 300, 148) (336, 300, 148) (206, 300, 148)
TAGM
Compiling function
Compilation done 1
Compilation done 2
Compilation done 3
Epoch = 1
	Train cost = 0.999790,	Krip Loss = 0.999790,	RMSE = 3.719481
	Test cost = 0.999427,	Krip Loss = 0.999427,	RMSE = 2.527254
	Test cost = 0.995971,	Krip Loss = 0.995971,	RMSE = 2.547119
Epoch = 2
	Train cost = 0.998757,	Krip Loss = 0.998757,	RMSE = 3.707455
	Test cost = 0.998835,	Krip Loss = 0.998835,	RMSE = 2.521202
	Test cost = 0.995341,	Krip Loss = 0.995341,	RMSE = 2.545811
Epoch = 3
	Train cost = 0.998079,	Krip Loss = 0.998079,	RMSE = 3.683222
	Test cost = 0.998729,	Krip Loss = 0.998729,	RMSE = 2.495056
	Test cost = 0.995117,	Krip Loss = 0.995117,	RMSE = 2.523030
Epoch = 4
	Train cost = 0.997522,	Krip Loss = 0.997522,	RMSE = 3.645245
	Test cost = 0.998533,	Krip Loss = 0.998533,	RMSE = 2.454747
	Test cost = 0.995114,	Krip Loss = 0.995114,	RMSE = 2.485705
Epoch = 5
	Train cost = 0.996991,	Krip Loss = 0.996991,	RMSE = 3.597025
	Test cost = 0.998320,	Krip Loss = 0.998320,	RMSE = 2.404764
	Test cost = 0.995245,	Krip Loss = 0.995245,	RMSE = 2.439375
Epoch = 6
	Train cost = 0.996439,	Krip Loss = 0.996439,	RMSE = 3.540045
	Test cost = 0.998167,	Krip Loss = 0.998167,	RMSE = 2.346781
	Test cost = 0.995518,	Krip Loss = 0.995518,	RMSE = 2.386458
Epoch = 7
	Train cost = 0.995803,	Krip Loss = 0.995803,	RMSE = 3.473679
	Test cost = 0.997998,	Krip Loss = 0.997998,	RMSE = 2.280061
	Test cost = 0.996017,	Krip Loss = 0.996017,	RMSE = 2.327394
Epoch = 8
	Train cost = 0.994916,	Krip Loss = 0.994916,	RMSE = 3.394767
	Test cost = 0.997542,	Krip Loss = 0.997542,	RMSE = 2.201494
	Test cost = 0.996771,	Krip Loss = 0.996771,	RMSE = 2.260572
Epoch = 9
	Train cost = 0.993644,	Krip Loss = 0.993644,	RMSE = 3.300040
	Test cost = 0.996238,	Krip Loss = 0.996238,	RMSE = 2.111247
	Test cost = 0.997418,	Krip Loss = 0.997418,	RMSE = 2.184195
Epoch = 10
	Train cost = 0.992260,	Krip Loss = 0.992260,	RMSE = 3.193389
	Test cost = 0.993676,	Krip Loss = 0.993676,	RMSE = 2.015824
	Test cost = 0.998008,	Krip Loss = 0.998008,	RMSE = 2.101067
Epoch = 11
	Train cost = 0.990936,	Krip Loss = 0.990936,	RMSE = 3.079698
	Test cost = 0.990063,	Krip Loss = 0.990063,	RMSE = 1.918410
	Test cost = 0.998688,	Krip Loss = 0.998688,	RMSE = 2.012976
Epoch = 12
	Train cost = 0.989618,	Krip Loss = 0.989618,	RMSE = 2.963109
	Test cost = 0.985650,	Krip Loss = 0.985650,	RMSE = 1.816760
	Test cost = 0.998466,	Krip Loss = 0.998466,	RMSE = 1.916970
Epoch = 13
	Train cost = 0.988188,	Krip Loss = 0.988188,	RMSE = 2.845713
	Test cost = 0.980864,	Krip Loss = 0.980864,	RMSE = 1.706700
	Test cost = 0.996385,	Krip Loss = 0.996385,	RMSE = 1.808353
Epoch = 14
	Train cost = 0.986543,	Krip Loss = 0.986543,	RMSE = 2.726540
	Test cost = 0.976530,	Krip Loss = 0.976530,	RMSE = 1.597256
	Test cost = 0.994587,	Krip Loss = 0.994587,	RMSE = 1.699881
Epoch = 15
	Train cost = 0.984730,	Krip Loss = 0.984730,	RMSE = 2.607889
	Test cost = 0.971761,	Krip Loss = 0.971761,	RMSE = 1.495229
	Test cost = 0.994317,	Krip Loss = 0.994317,	RMSE = 1.603422
Epoch = 16
	Train cost = 0.982863,	Krip Loss = 0.982863,	RMSE = 2.495738
	Test cost = 0.966145,	Krip Loss = 0.966145,	RMSE = 1.405179
	Test cost = 0.994856,	Krip Loss = 0.994856,	RMSE = 1.523933
Epoch = 17
	Train cost = 0.980943,	Krip Loss = 0.980943,	RMSE = 2.392915
	Test cost = 0.960343,	Krip Loss = 0.960343,	RMSE = 1.329010
	Test cost = 0.995383,	Krip Loss = 0.995383,	RMSE = 1.461007
Epoch = 18
	Train cost = 0.978941,	Krip Loss = 0.978941,	RMSE = 2.298036
	Test cost = 0.955101,	Krip Loss = 0.955101,	RMSE = 1.264496
	Test cost = 0.995676,	Krip Loss = 0.995676,	RMSE = 1.410637
Epoch = 19
	Train cost = 0.976867,	Krip Loss = 0.976867,	RMSE = 2.208512
	Test cost = 0.950971,	Krip Loss = 0.950971,	RMSE = 1.209637
	Test cost = 0.995722,	Krip Loss = 0.995722,	RMSE = 1.370081
Epoch = 20
	Train cost = 0.974745,	Krip Loss = 0.974745,	RMSE = 2.123302
	Test cost = 0.948202,	Krip Loss = 0.948202,	RMSE = 1.163791
	Test cost = 0.995532,	Krip Loss = 0.995532,	RMSE = 1.338347
Epoch = 21
	Train cost = 0.972581,	Krip Loss = 0.972581,	RMSE = 2.042374
	Test cost = 0.946688,	Krip Loss = 0.946688,	RMSE = 1.126607
	Test cost = 0.995169,	Krip Loss = 0.995169,	RMSE = 1.314965
Epoch = 22
	Train cost = 0.970366,	Krip Loss = 0.970366,	RMSE = 1.965471
	Test cost = 0.946170,	Krip Loss = 0.946170,	RMSE = 1.097705
	Test cost = 0.994729,	Krip Loss = 0.994729,	RMSE = 1.299510
Epoch = 23
	Train cost = 0.968081,	Krip Loss = 0.968081,	RMSE = 1.892064
	Test cost = 0.946376,	Krip Loss = 0.946376,	RMSE = 1.076872
	Test cost = 0.994302,	Krip Loss = 0.994302,	RMSE = 1.291665
Epoch = 24
	Train cost = 0.965702,	Krip Loss = 0.965702,	RMSE = 1.821623
	Test cost = 0.947047,	Krip Loss = 0.947047,	RMSE = 1.064086
	Test cost = 0.993955,	Krip Loss = 0.993955,	RMSE = 1.291217
Epoch = 25
	Train cost = 0.963207,	Krip Loss = 0.963207,	RMSE = 1.753777
	Test cost = 0.947972,	Krip Loss = 0.947972,	RMSE = 1.059423
	Test cost = 0.993724,	Krip Loss = 0.993724,	RMSE = 1.297968
Epoch = 26
	Train cost = 0.960576,	Krip Loss = 0.960576,	RMSE = 1.688409
	Test cost = 0.948999,	Krip Loss = 0.948999,	RMSE = 1.062879
	Test cost = 0.993612,	Krip Loss = 0.993612,	RMSE = 1.311634
Epoch = 27
	Train cost = 0.957793,	Krip Loss = 0.957793,	RMSE = 1.625627
	Test cost = 0.950032,	Krip Loss = 0.950032,	RMSE = 1.074256
	Test cost = 0.993598,	Krip Loss = 0.993598,	RMSE = 1.331797
Validation Dyad = 3 	Testing Dyad = 7
RMSE of Average Prediction = 1.099699
(2634, 300, 148) (382, 300, 148) (396, 300, 148)
TAGM
Compiling function
Compilation done 1
Compilation done 2
Compilation done 3
Epoch = 1
	Train cost = 0.999740,	Krip Loss = 0.999740,	RMSE = 3.493804
	Test cost = 0.999584,	Krip Loss = 0.999584,	RMSE = 3.674276
	Test cost = 0.995826,	Krip Loss = 0.995826,	RMSE = 3.995816
Epoch = 2
	Train cost = 0.998390,	Krip Loss = 0.998390,	RMSE = 3.485894
	Test cost = 0.999512,	Krip Loss = 0.999512,	RMSE = 3.663130
	Test cost = 0.996023,	Krip Loss = 0.996023,	RMSE = 3.979481
Epoch = 3
	Train cost = 0.997451,	Krip Loss = 0.997451,	RMSE = 3.458988
	Test cost = 0.999470,	Krip Loss = 0.999470,	RMSE = 3.631336
	Test cost = 0.996058,	Krip Loss = 0.996058,	RMSE = 3.946602
Epoch = 4
	Train cost = 0.996695,	Krip Loss = 0.996695,	RMSE = 3.417066
	Test cost = 0.999429,	Krip Loss = 0.999429,	RMSE = 3.585501
	Test cost = 0.995995,	Krip Loss = 0.995995,	RMSE = 3.899161
Epoch = 5
	Train cost = 0.996031,	Krip Loss = 0.996031,	RMSE = 3.363533
	Test cost = 0.999407,	Krip Loss = 0.999407,	RMSE = 3.530192
	Test cost = 0.995880,	Krip Loss = 0.995880,	RMSE = 3.841336
Epoch = 6
	Train cost = 0.995380,	Krip Loss = 0.995380,	RMSE = 3.301651
	Test cost = 0.999435,	Krip Loss = 0.999435,	RMSE = 3.467940
	Test cost = 0.995700,	Krip Loss = 0.995700,	RMSE = 3.776175
Epoch = 7
	Train cost = 0.994692,	Krip Loss = 0.994692,	RMSE = 3.233729
	Test cost = 0.999521,	Krip Loss = 0.999521,	RMSE = 3.400065
	Test cost = 0.995459,	Krip Loss = 0.995459,	RMSE = 3.705552
Epoch = 8
	Train cost = 0.993932,	Krip Loss = 0.993932,	RMSE = 3.160830
	Test cost = 0.999660,	Krip Loss = 0.999660,	RMSE = 3.327295
	Test cost = 0.995155,	Krip Loss = 0.995155,	RMSE = 3.630146
Epoch = 9
	Train cost = 0.993071,	Krip Loss = 0.993071,	RMSE = 3.083377
	Test cost = 0.999846,	Krip Loss = 0.999846,	RMSE = 3.249979
	Test cost = 0.994790,	Krip Loss = 0.994790,	RMSE = 3.550072
Epoch = 10
	Train cost = 0.992080,	Krip Loss = 0.992080,	RMSE = 3.001420
	Test cost = 1.000085,	Krip Loss = 1.000085,	RMSE = 3.168151
	Test cost = 0.994364,	Krip Loss = 0.994364,	RMSE = 3.465171
Epoch = 11
	Train cost = 0.990953,	Krip Loss = 0.990953,	RMSE = 2.915055
	Test cost = 1.000397,	Krip Loss = 1.000397,	RMSE = 3.081681
	Test cost = 0.993889,	Krip Loss = 0.993889,	RMSE = 3.375465
Epoch = 12
	Train cost = 0.989700,	Krip Loss = 0.989700,	RMSE = 2.824983
	Test cost = 1.000810,	Krip Loss = 1.000810,	RMSE = 2.990485
	Test cost = 0.993386,	Krip Loss = 0.993386,	RMSE = 3.281759
Epoch = 13
	Train cost = 0.988294,	Krip Loss = 0.988294,	RMSE = 2.732361
	Test cost = 1.001322,	Krip Loss = 1.001322,	RMSE = 2.894935
	Test cost = 0.992862,	Krip Loss = 0.992862,	RMSE = 3.185332
Epoch = 14
	Train cost = 0.986696,	Krip Loss = 0.986696,	RMSE = 2.638015
	Test cost = 1.001855,	Krip Loss = 1.001855,	RMSE = 2.796658
	Test cost = 0.992289,	Krip Loss = 0.992289,	RMSE = 3.087300
Epoch = 15
	Train cost = 0.984873,	Krip Loss = 0.984873,	RMSE = 2.542857
	Test cost = 1.002305,	Krip Loss = 1.002305,	RMSE = 2.698150
	Test cost = 0.991641,	Krip Loss = 0.991641,	RMSE = 2.988562
Epoch = 16
	Train cost = 0.982776,	Krip Loss = 0.982776,	RMSE = 2.447111
	Test cost = 1.002637,	Krip Loss = 1.002637,	RMSE = 2.600618
	Test cost = 0.990896,	Krip Loss = 0.990896,	RMSE = 2.888603
Validation Dyad = 16 	Testing Dyad = 8
RMSE of Average Prediction = 1.211513
(2872, 300, 148) (204, 300, 148) (336, 300, 148)
TAGM
Compiling function
Compilation done 1
Compilation done 2
Compilation done 3
Epoch = 1
	Train cost = 0.999290,	Krip Loss = 0.999290,	RMSE = 3.686612
	Test cost = 0.999064,	Krip Loss = 0.999064,	RMSE = 3.064443
	Test cost = 0.999788,	Krip Loss = 0.999788,	RMSE = 2.524593
Epoch = 2
	Train cost = 0.997962,	Krip Loss = 0.997962,	RMSE = 3.652494
	Test cost = 1.000620,	Krip Loss = 1.000620,	RMSE = 3.012605
	Test cost = 0.999479,	Krip Loss = 0.999479,	RMSE = 2.490549
Epoch = 3
	Train cost = 0.997116,	Krip Loss = 0.997116,	RMSE = 3.594203
	Test cost = 1.001816,	Krip Loss = 1.001816,	RMSE = 2.943054
	Test cost = 0.999644,	Krip Loss = 0.999644,	RMSE = 2.429934
Epoch = 4
	Train cost = 0.996118,	Krip Loss = 0.996118,	RMSE = 3.515004
	Test cost = 1.002889,	Krip Loss = 1.002889,	RMSE = 2.853719
	Test cost = 0.999243,	Krip Loss = 0.999243,	RMSE = 2.350682
Epoch = 5
	Train cost = 0.994777,	Krip Loss = 0.994777,	RMSE = 3.417706
	Test cost = 1.004252,	Krip Loss = 1.004252,	RMSE = 2.753742
	Test cost = 0.997966,	Krip Loss = 0.997966,	RMSE = 2.257800
Epoch = 6
	Train cost = 0.993280,	Krip Loss = 0.993280,	RMSE = 3.304295
	Test cost = 1.006165,	Krip Loss = 1.006165,	RMSE = 2.650244
	Test cost = 0.995669,	Krip Loss = 0.995669,	RMSE = 2.153073
Epoch = 7
	Train cost = 0.991699,	Krip Loss = 0.991699,	RMSE = 3.171389
	Test cost = 1.008842,	Krip Loss = 1.008842,	RMSE = 2.532149
	Test cost = 0.992498,	Krip Loss = 0.992498,	RMSE = 2.024417
Epoch = 8
	Train cost = 0.990024,	Krip Loss = 0.990024,	RMSE = 3.032501
	Test cost = 1.010599,	Krip Loss = 1.010599,	RMSE = 2.415330
	Test cost = 0.989679,	Krip Loss = 0.989679,	RMSE = 1.897563
Epoch = 9
	Train cost = 0.988529,	Krip Loss = 0.988529,	RMSE = 2.916432
	Test cost = 1.011931,	Krip Loss = 1.011931,	RMSE = 2.324908
	Test cost = 0.987018,	Krip Loss = 0.987018,	RMSE = 1.807905
Epoch = 10
	Train cost = 0.987046,	Krip Loss = 0.987046,	RMSE = 2.820391
	Test cost = 1.013038,	Krip Loss = 1.013038,	RMSE = 2.240252
	Test cost = 0.984377,	Krip Loss = 0.984377,	RMSE = 1.727663
Epoch = 11
	Train cost = 0.985461,	Krip Loss = 0.985461,	RMSE = 2.728747
	Test cost = 1.014369,	Krip Loss = 1.014369,	RMSE = 2.157735
	Test cost = 0.981515,	Krip Loss = 0.981515,	RMSE = 1.651020
Epoch = 12
	Train cost = 0.983744,	Krip Loss = 0.983744,	RMSE = 2.638543
	Test cost = 1.016028,	Krip Loss = 1.016028,	RMSE = 2.077241
	Test cost = 0.978376,	Krip Loss = 0.978376,	RMSE = 1.577105
Epoch = 13
	Train cost = 0.981860,	Krip Loss = 0.981860,	RMSE = 2.548751
	Test cost = 1.017990,	Krip Loss = 1.017990,	RMSE = 1.998237
	Test cost = 0.974865,	Krip Loss = 0.974865,	RMSE = 1.505788
Epoch = 14
	Train cost = 0.979798,	Krip Loss = 0.979798,	RMSE = 2.458580
	Test cost = 1.020264,	Krip Loss = 1.020264,	RMSE = 1.920175
	Test cost = 0.971160,	Krip Loss = 0.971160,	RMSE = 1.437337
Epoch = 15
	Train cost = 0.977544,	Krip Loss = 0.977544,	RMSE = 2.367936
	Test cost = 1.022871,	Krip Loss = 1.022871,	RMSE = 1.843309
	Test cost = 0.967473,	Krip Loss = 0.967473,	RMSE = 1.372556
Epoch = 16
	Train cost = 0.975109,	Krip Loss = 0.975109,	RMSE = 2.277068
	Test cost = 1.025862,	Krip Loss = 1.025862,	RMSE = 1.768359
	Test cost = 0.964257,	Krip Loss = 0.964257,	RMSE = 1.312676
Epoch = 17
	Train cost = 0.972528,	Krip Loss = 0.972528,	RMSE = 2.186988
	Test cost = 1.029271,	Krip Loss = 1.029271,	RMSE = 1.696654
	Test cost = 0.962086,	Krip Loss = 0.962086,	RMSE = 1.259374
Epoch = 18
	Train cost = 0.969851,	Krip Loss = 0.969851,	RMSE = 2.099267
	Test cost = 1.033187,	Krip Loss = 1.033187,	RMSE = 1.629925
	Test cost = 0.961293,	Krip Loss = 0.961293,	RMSE = 1.214415
Epoch = 19
	Train cost = 0.967129,	Krip Loss = 0.967129,	RMSE = 2.015713
	Test cost = 1.037715,	Krip Loss = 1.037715,	RMSE = 1.569830
	Test cost = 0.961567,	Krip Loss = 0.961567,	RMSE = 1.178788
Epoch = 20
	Train cost = 0.964415,	Krip Loss = 0.964415,	RMSE = 1.937646
	Test cost = 1.042650,	Krip Loss = 1.042650,	RMSE = 1.516775
	Test cost = 0.962530,	Krip Loss = 0.962530,	RMSE = 1.152161
Epoch = 21
	Train cost = 0.961747,	Krip Loss = 0.961747,	RMSE = 1.865628
	Test cost = 1.047014,	Krip Loss = 1.047014,	RMSE = 1.469783
	Test cost = 0.964242,	Krip Loss = 0.964242,	RMSE = 1.133527
Epoch = 22
	Train cost = 0.959109,	Krip Loss = 0.959109,	RMSE = 1.798937
	Test cost = 1.050744,	Krip Loss = 1.050744,	RMSE = 1.427978
	Test cost = 0.966486,	Krip Loss = 0.966486,	RMSE = 1.122249
Epoch = 23
	Train cost = 0.956463,	Krip Loss = 0.956463,	RMSE = 1.736470
	Test cost = 1.054191,	Krip Loss = 1.054191,	RMSE = 1.390971
	Test cost = 0.968968,	Krip Loss = 0.968968,	RMSE = 1.117886
Epoch = 24
	Train cost = 0.953771,	Krip Loss = 0.953771,	RMSE = 1.677481
	Test cost = 1.057506,	Krip Loss = 1.057506,	RMSE = 1.358522
	Test cost = 0.971505,	Krip Loss = 0.971505,	RMSE = 1.120016
Epoch = 25
	Train cost = 0.951001,	Krip Loss = 0.951001,	RMSE = 1.621511
	Test cost = 1.060743,	Krip Loss = 1.060743,	RMSE = 1.330487
	Test cost = 0.973962,	Krip Loss = 0.973962,	RMSE = 1.128283
Epoch = 26
	Train cost = 0.948117,	Krip Loss = 0.948117,	RMSE = 1.568323
	Test cost = 1.063910,	Krip Loss = 1.063910,	RMSE = 1.306837
	Test cost = 0.976217,	Krip Loss = 0.976217,	RMSE = 1.142354
Epoch = 27
	Train cost = 0.945079,	Krip Loss = 0.945079,	RMSE = 1.517897
	Test cost = 1.066944,	Krip Loss = 1.066944,	RMSE = 1.287615
	Test cost = 0.978148,	Krip Loss = 0.978148,	RMSE = 1.161837
Epoch = 28
	Train cost = 0.941884,	Krip Loss = 0.941884,	RMSE = 1.470398
	Test cost = 1.069688,	Krip Loss = 1.069688,	RMSE = 1.272871
	Test cost = 0.979686,	Krip Loss = 0.979686,	RMSE = 1.186313
Epoch = 29
	Train cost = 0.938566,	Krip Loss = 0.938566,	RMSE = 1.426155
	Test cost = 1.072077,	Krip Loss = 1.072077,	RMSE = 1.262684
	Test cost = 0.980887,	Krip Loss = 0.980887,	RMSE = 1.215361
Epoch = 30
	Train cost = 0.935147,	Krip Loss = 0.935147,	RMSE = 1.385635
	Test cost = 1.074127,	Krip Loss = 1.074127,	RMSE = 1.257073
	Test cost = 0.981826,	Krip Loss = 0.981826,	RMSE = 1.248293
Epoch = 31
	Train cost = 0.931651,	Krip Loss = 0.931651,	RMSE = 1.349364
	Test cost = 1.075737,	Krip Loss = 1.075737,	RMSE = 1.255824
	Test cost = 0.982574,	Krip Loss = 0.982574,	RMSE = 1.284072
Epoch = 32
	Train cost = 0.928099,	Krip Loss = 0.928099,	RMSE = 1.317763
	Test cost = 1.076661,	Krip Loss = 1.076661,	RMSE = 1.258434
	Test cost = 0.983235,	Krip Loss = 0.983235,	RMSE = 1.321507
Epoch = 33
	Train cost = 0.924509,	Krip Loss = 0.924509,	RMSE = 1.291017
	Test cost = 1.076540,	Krip Loss = 1.076540,	RMSE = 1.264126
	Test cost = 0.983920,	Krip Loss = 0.983920,	RMSE = 1.359688
Epoch = 34
	Train cost = 0.920918,	Krip Loss = 0.920918,	RMSE = 1.269028
	Test cost = 1.075502,	Krip Loss = 1.075502,	RMSE = 1.272291
	Test cost = 0.984633,	Krip Loss = 0.984633,	RMSE = 1.397995
Epoch = 35
	Train cost = 0.917380,	Krip Loss = 0.917380,	RMSE = 1.251572
	Test cost = 1.074149,	Krip Loss = 1.074149,	RMSE = 1.282318
	Test cost = 0.985253,	Krip Loss = 0.985253,	RMSE = 1.434867
Epoch = 36
	Train cost = 0.913962,	Krip Loss = 0.913962,	RMSE = 1.238248
	Test cost = 1.072801,	Krip Loss = 1.072801,	RMSE = 1.292951
	Test cost = 0.985796,	Krip Loss = 0.985796,	RMSE = 1.468021
Epoch = 37
	Train cost = 0.910721,	Krip Loss = 0.910721,	RMSE = 1.228440
	Test cost = 1.071709,	Krip Loss = 1.071709,	RMSE = 1.302938
	Test cost = 0.986379,	Krip Loss = 0.986379,	RMSE = 1.496203
Epoch = 38
	Train cost = 0.907754,	Krip Loss = 0.907754,	RMSE = 1.221464
	Test cost = 1.071014,	Krip Loss = 1.071014,	RMSE = 1.311637
	Test cost = 0.987039,	Krip Loss = 0.987039,	RMSE = 1.519166
Epoch = 39
	Train cost = 0.905060,	Krip Loss = 0.905060,	RMSE = 1.216496
	Test cost = 1.070660,	Krip Loss = 1.070660,	RMSE = 1.318786
	Test cost = 0.987732,	Krip Loss = 0.987732,	RMSE = 1.537271
Epoch = 40
	Train cost = 0.902579,	Krip Loss = 0.902579,	RMSE = 1.212800
	Test cost = 1.070449,	Krip Loss = 1.070449,	RMSE = 1.324250
	Test cost = 0.988383,	Krip Loss = 0.988383,	RMSE = 1.551136
Epoch = 41
	Train cost = 0.900239,	Krip Loss = 0.900239,	RMSE = 1.209874
	Test cost = 1.070199,	Krip Loss = 1.070199,	RMSE = 1.328201
	Test cost = 0.988939,	Krip Loss = 0.988939,	RMSE = 1.561660
Epoch = 42
	Train cost = 0.897986,	Krip Loss = 0.897986,	RMSE = 1.207420
	Test cost = 1.069839,	Krip Loss = 1.069839,	RMSE = 1.331001
	Test cost = 0.989388,	Krip Loss = 0.989388,	RMSE = 1.569757
Epoch = 43
	Train cost = 0.895790,	Krip Loss = 0.895790,	RMSE = 1.205277
	Test cost = 1.069370,	Krip Loss = 1.069370,	RMSE = 1.332974
	Test cost = 0.989740,	Krip Loss = 0.989740,	RMSE = 1.576114
Epoch = 44
	Train cost = 0.893633,	Krip Loss = 0.893633,	RMSE = 1.203354
	Test cost = 1.068814,	Krip Loss = 1.068814,	RMSE = 1.334363
	Test cost = 0.990011,	Krip Loss = 0.990011,	RMSE = 1.581198
Epoch = 45
	Train cost = 0.891506,	Krip Loss = 0.891506,	RMSE = 1.201596
	Test cost = 1.068197,	Krip Loss = 1.068197,	RMSE = 1.335339
	Test cost = 0.990214,	Krip Loss = 0.990214,	RMSE = 1.585331
Epoch = 46
	Train cost = 0.889401,	Krip Loss = 0.889401,	RMSE = 1.199965
	Test cost = 1.067539,	Krip Loss = 1.067539,	RMSE = 1.336020
	Test cost = 0.990362,	Krip Loss = 0.990362,	RMSE = 1.588734
Epoch = 47
	Train cost = 0.887312,	Krip Loss = 0.887312,	RMSE = 1.198432
	Test cost = 1.066857,	Krip Loss = 1.066857,	RMSE = 1.336489
	Test cost = 0.990466,	Krip Loss = 0.990466,	RMSE = 1.591560
Epoch = 48
	Train cost = 0.885234,	Krip Loss = 0.885234,	RMSE = 1.196977
	Test cost = 1.066161,	Krip Loss = 1.066161,	RMSE = 1.336799
	Test cost = 0.990534,	Krip Loss = 0.990534,	RMSE = 1.593914
Epoch = 49
	Train cost = 0.883164,	Krip Loss = 0.883164,	RMSE = 1.195583
	Test cost = 1.065460,	Krip Loss = 1.065460,	RMSE = 1.336990
	Test cost = 0.990571,	Krip Loss = 0.990571,	RMSE = 1.595872
Epoch = 50
	Train cost = 0.881101,	Krip Loss = 0.881101,	RMSE = 1.194241
	Test cost = 1.064765,	Krip Loss = 1.064765,	RMSE = 1.337088
	Test cost = 0.990585,	Krip Loss = 0.990585,	RMSE = 1.597491
Epoch = 51
	Train cost = 0.879040,	Krip Loss = 0.879040,	RMSE = 1.192935
	Test cost = 1.064078,	Krip Loss = 1.064078,	RMSE = 1.337109
	Test cost = 0.990579,	Krip Loss = 0.990579,	RMSE = 1.598805
Epoch = 52
	Train cost = 0.876982,	Krip Loss = 0.876982,	RMSE = 1.191658
	Test cost = 1.063407,	Krip Loss = 1.063407,	RMSE = 1.337065
	Test cost = 0.990557,	Krip Loss = 0.990557,	RMSE = 1.599844
Epoch = 53
	Train cost = 0.874925,	Krip Loss = 0.874925,	RMSE = 1.190411
	Test cost = 1.062755,	Krip Loss = 1.062755,	RMSE = 1.336971
	Test cost = 0.990520,	Krip Loss = 0.990520,	RMSE = 1.600643
Epoch = 54
	Train cost = 0.872867,	Krip Loss = 0.872867,	RMSE = 1.189188
	Test cost = 1.062123,	Krip Loss = 1.062123,	RMSE = 1.336839
	Test cost = 0.990473,	Krip Loss = 0.990473,	RMSE = 1.601231
Epoch = 55
	Train cost = 0.870806,	Krip Loss = 0.870806,	RMSE = 1.187987
	Test cost = 1.061512,	Krip Loss = 1.061512,	RMSE = 1.336676
	Test cost = 0.990417,	Krip Loss = 0.990417,	RMSE = 1.601627
Epoch = 56
	Train cost = 0.868742,	Krip Loss = 0.868742,	RMSE = 1.186802
	Test cost = 1.060923,	Krip Loss = 1.060923,	RMSE = 1.336483
	Test cost = 0.990353,	Krip Loss = 0.990353,	RMSE = 1.601844
Epoch = 57
	Train cost = 0.866672,	Krip Loss = 0.866672,	RMSE = 1.185628
	Test cost = 1.060350,	Krip Loss = 1.060350,	RMSE = 1.336261
	Test cost = 0.990283,	Krip Loss = 0.990283,	RMSE = 1.601885
Epoch = 58
	Train cost = 0.864592,	Krip Loss = 0.864592,	RMSE = 1.184449
	Test cost = 1.059793,	Krip Loss = 1.059793,	RMSE = 1.335998
	Test cost = 0.990205,	Krip Loss = 0.990205,	RMSE = 1.601732
Epoch = 59
	Train cost = 0.862497,	Krip Loss = 0.862497,	RMSE = 1.183235
	Test cost = 1.059243,	Krip Loss = 1.059243,	RMSE = 1.335656
	Test cost = 0.990119,	Krip Loss = 0.990119,	RMSE = 1.601329
Epoch = 60
	Train cost = 0.860380,	Krip Loss = 0.860380,	RMSE = 1.181923
	Test cost = 1.058695,	Krip Loss = 1.058695,	RMSE = 1.335151
	Test cost = 0.990027,	Krip Loss = 0.990027,	RMSE = 1.600534
Validation Dyad = 12 	Testing Dyad = 9
RMSE of Average Prediction = 1.186886
(2634, 300, 148) (396, 300, 148) (382, 300, 148)
TAGM
Compiling function
Compilation done 1
Compilation done 2
Compilation done 3
Epoch = 1
	Train cost = 0.997938,	Krip Loss = 0.997938,	RMSE = 3.505108
	Test cost = 1.001306,	Krip Loss = 1.001306,	RMSE = 3.759149
	Test cost = 1.002345,	Krip Loss = 1.002345,	RMSE = 3.642471
Epoch = 2
	Train cost = 0.996575,	Krip Loss = 0.996575,	RMSE = 3.471391
	Test cost = 1.000575,	Krip Loss = 1.000575,	RMSE = 3.698491
	Test cost = 1.002511,	Krip Loss = 1.002511,	RMSE = 3.595305
Epoch = 3
	Train cost = 0.995577,	Krip Loss = 0.995577,	RMSE = 3.415728
	Test cost = 0.999822,	Krip Loss = 0.999822,	RMSE = 3.618732
	Test cost = 1.002708,	Krip Loss = 1.002708,	RMSE = 3.529937
Epoch = 4
	Train cost = 0.994456,	Krip Loss = 0.994456,	RMSE = 3.342063
	Test cost = 0.998765,	Krip Loss = 0.998765,	RMSE = 3.521437
	Test cost = 1.002938,	Krip Loss = 1.002938,	RMSE = 3.447811
Epoch = 5
	Train cost = 0.993001,	Krip Loss = 0.993001,	RMSE = 3.253037
	Test cost = 0.997541,	Krip Loss = 0.997541,	RMSE = 3.412555
	Test cost = 1.003358,	Krip Loss = 1.003358,	RMSE = 3.348143
Epoch = 6
	Train cost = 0.991261,	Krip Loss = 0.991261,	RMSE = 3.147602
	Test cost = 0.996632,	Krip Loss = 0.996632,	RMSE = 3.291420
	Test cost = 1.003904,	Krip Loss = 1.003904,	RMSE = 3.228962
Epoch = 7
	Train cost = 0.989451,	Krip Loss = 0.989451,	RMSE = 3.028291
	Test cost = 0.996115,	Krip Loss = 0.996115,	RMSE = 3.167352
	Test cost = 1.003739,	Krip Loss = 1.003739,	RMSE = 3.102318
Epoch = 8
	Train cost = 0.987688,	Krip Loss = 0.987688,	RMSE = 2.914127
	Test cost = 0.995580,	Krip Loss = 0.995580,	RMSE = 3.061131
	Test cost = 1.003427,	Krip Loss = 1.003427,	RMSE = 2.992665
Epoch = 9
	Train cost = 0.986006,	Krip Loss = 0.986006,	RMSE = 2.819123
	Test cost = 0.994841,	Krip Loss = 0.994841,	RMSE = 2.972374
	Test cost = 1.003496,	Krip Loss = 1.003496,	RMSE = 2.902263
Epoch = 10
	Train cost = 0.984278,	Krip Loss = 0.984278,	RMSE = 2.736584
	Test cost = 0.994051,	Krip Loss = 0.994051,	RMSE = 2.889192
	Test cost = 1.003649,	Krip Loss = 1.003649,	RMSE = 2.816978
Epoch = 11
	Train cost = 0.982456,	Krip Loss = 0.982456,	RMSE = 2.658131
	Test cost = 0.993267,	Krip Loss = 0.993267,	RMSE = 2.809006
	Test cost = 1.003778,	Krip Loss = 1.003778,	RMSE = 2.734077
Epoch = 12
	Train cost = 0.980502,	Krip Loss = 0.980502,	RMSE = 2.581444
	Test cost = 0.992440,	Krip Loss = 0.992440,	RMSE = 2.730256
	Test cost = 1.003858,	Krip Loss = 1.003858,	RMSE = 2.652479
Epoch = 13
	Train cost = 0.978387,	Krip Loss = 0.978387,	RMSE = 2.505842
	Test cost = 0.991557,	Krip Loss = 0.991557,	RMSE = 2.652407
	Test cost = 1.003905,	Krip Loss = 1.003905,	RMSE = 2.571763
Epoch = 14
	Train cost = 0.976100,	Krip Loss = 0.976100,	RMSE = 2.431302
	Test cost = 0.990635,	Krip Loss = 0.990635,	RMSE = 2.575595
	Test cost = 1.003956,	Krip Loss = 1.003956,	RMSE = 2.492028
Epoch = 15
	Train cost = 0.973649,	Krip Loss = 0.973649,	RMSE = 2.358043
	Test cost = 0.989674,	Krip Loss = 0.989674,	RMSE = 2.500035
	Test cost = 1.004032,	Krip Loss = 1.004032,	RMSE = 2.413701
Epoch = 16
	Train cost = 0.971064,	Krip Loss = 0.971064,	RMSE = 2.286620
	Test cost = 0.988670,	Krip Loss = 0.988670,	RMSE = 2.426219
	Test cost = 1.004159,	Krip Loss = 1.004159,	RMSE = 2.337630
Epoch = 17
	Train cost = 0.968400,	Krip Loss = 0.968400,	RMSE = 2.217875
	Test cost = 0.987628,	Krip Loss = 0.987628,	RMSE = 2.354900
	Test cost = 1.004359,	Krip Loss = 1.004359,	RMSE = 2.264930
Epoch = 18
	Train cost = 0.965724,	Krip Loss = 0.965724,	RMSE = 2.152813
	Test cost = 0.986578,	Krip Loss = 0.986578,	RMSE = 2.287147
	Test cost = 1.004635,	Krip Loss = 1.004635,	RMSE = 2.196914
Epoch = 19
	Train cost = 0.963113,	Krip Loss = 0.963113,	RMSE = 2.092636
	Test cost = 0.985597,	Krip Loss = 0.985597,	RMSE = 2.224577
	Test cost = 1.004945,	Krip Loss = 1.004945,	RMSE = 2.135244
Epoch = 20
	Train cost = 0.960636,	Krip Loss = 0.960636,	RMSE = 2.038750
	Test cost = 0.984807,	Krip Loss = 0.984807,	RMSE = 2.169051
	Test cost = 1.005195,	Krip Loss = 1.005195,	RMSE = 2.081553
Epoch = 21
	Train cost = 0.958339,	Krip Loss = 0.958339,	RMSE = 1.992047
	Test cost = 0.984341,	Krip Loss = 0.984341,	RMSE = 2.121017
	Test cost = 1.005287,	Krip Loss = 1.005287,	RMSE = 2.035750
Epoch = 22
	Train cost = 0.956218,	Krip Loss = 0.956218,	RMSE = 1.951991
	Test cost = 0.984258,	Krip Loss = 0.984258,	RMSE = 2.079140
	Test cost = 1.005187,	Krip Loss = 1.005187,	RMSE = 1.995984
Epoch = 23
	Train cost = 0.954232,	Krip Loss = 0.954232,	RMSE = 1.917143
	Test cost = 0.984504,	Krip Loss = 0.984504,	RMSE = 2.041897
	Test cost = 1.004929,	Krip Loss = 1.004929,	RMSE = 1.960494
Epoch = 24
	Train cost = 0.952347,	Krip Loss = 0.952347,	RMSE = 1.886057
	Test cost = 0.984841,	Krip Loss = 0.984841,	RMSE = 2.007939
	Test cost = 1.004580,	Krip Loss = 1.004580,	RMSE = 1.928207
Epoch = 25
	Train cost = 0.950556,	Krip Loss = 0.950556,	RMSE = 1.857947
	Test cost = 0.985051,	Krip Loss = 0.985051,	RMSE = 1.976526
	Test cost = 1.004179,	Krip Loss = 1.004179,	RMSE = 1.898661
Epoch = 26
	Train cost = 0.948862,	Krip Loss = 0.948862,	RMSE = 1.832540
	Test cost = 0.985119,	Krip Loss = 0.985119,	RMSE = 1.947587
	Test cost = 1.003741,	Krip Loss = 1.003741,	RMSE = 1.871754
Epoch = 27
	Train cost = 0.947226,	Krip Loss = 0.947226,	RMSE = 1.809671
	Test cost = 0.985080,	Krip Loss = 0.985080,	RMSE = 1.921077
	Test cost = 1.003272,	Krip Loss = 1.003272,	RMSE = 1.847404
Validation Dyad = 11 	Testing Dyad = 10
RMSE of Average Prediction = 1.377776
(2700, 300, 148) (358, 300, 148) (354, 300, 148)
TAGM
Compiling function
Compilation done 1
Compilation done 2
Compilation done 3
Epoch = 1
	Train cost = 0.998578,	Krip Loss = 0.998578,	RMSE = 3.358607
	Test cost = 1.000314,	Krip Loss = 1.000314,	RMSE = 4.101199
	Test cost = 1.000048,	Krip Loss = 1.000048,	RMSE = 4.327928
Epoch = 2
	Train cost = 0.997041,	Krip Loss = 0.997041,	RMSE = 3.332011
	Test cost = 1.000815,	Krip Loss = 1.000815,	RMSE = 4.034038
	Test cost = 0.999767,	Krip Loss = 0.999767,	RMSE = 4.279082
Epoch = 3
	Train cost = 0.995911,	Krip Loss = 0.995911,	RMSE = 3.282549
	Test cost = 1.001232,	Krip Loss = 1.001232,	RMSE = 3.940250
	Test cost = 0.999642,	Krip Loss = 0.999642,	RMSE = 4.204015
Epoch = 4
	Train cost = 0.994558,	Krip Loss = 0.994558,	RMSE = 3.211499
	Test cost = 1.001385,	Krip Loss = 1.001385,	RMSE = 3.814157
	Test cost = 0.999673,	Krip Loss = 0.999673,	RMSE = 4.093500
Epoch = 5
	Train cost = 0.992820,	Krip Loss = 0.992820,	RMSE = 3.118580
	Test cost = 1.001152,	Krip Loss = 1.001152,	RMSE = 3.671750
	Test cost = 0.999968,	Krip Loss = 0.999968,	RMSE = 3.958568
Epoch = 6
	Train cost = 0.990921,	Krip Loss = 0.990921,	RMSE = 3.008396
	Test cost = 1.000999,	Krip Loss = 1.000999,	RMSE = 3.522131
	Test cost = 1.000442,	Krip Loss = 1.000442,	RMSE = 3.807544
Epoch = 7
	Train cost = 0.988866,	Krip Loss = 0.988866,	RMSE = 2.883941
	Test cost = 1.001234,	Krip Loss = 1.001234,	RMSE = 3.367293
	Test cost = 1.001203,	Krip Loss = 1.001203,	RMSE = 3.639886
Epoch = 8
	Train cost = 0.986740,	Krip Loss = 0.986740,	RMSE = 2.757317
	Test cost = 1.001469,	Krip Loss = 1.001469,	RMSE = 3.240473
	Test cost = 1.001817,	Krip Loss = 1.001817,	RMSE = 3.506028
Epoch = 9
	Train cost = 0.984757,	Krip Loss = 0.984757,	RMSE = 2.651882
	Test cost = 1.001616,	Krip Loss = 1.001616,	RMSE = 3.134514
	Test cost = 1.002215,	Krip Loss = 1.002215,	RMSE = 3.400065
Epoch = 10
	Train cost = 0.982635,	Krip Loss = 0.982635,	RMSE = 2.561427
	Test cost = 1.001810,	Krip Loss = 1.001810,	RMSE = 3.033012
	Test cost = 1.002584,	Krip Loss = 1.002584,	RMSE = 3.298565
Epoch = 11
	Train cost = 0.980359,	Krip Loss = 0.980359,	RMSE = 2.475546
	Test cost = 1.002060,	Krip Loss = 1.002060,	RMSE = 2.934987
	Test cost = 1.002908,	Krip Loss = 1.002908,	RMSE = 3.200016
Epoch = 12
	Train cost = 0.977905,	Krip Loss = 0.977905,	RMSE = 2.393023
	Test cost = 1.002345,	Krip Loss = 1.002345,	RMSE = 2.839730
	Test cost = 1.003231,	Krip Loss = 1.003231,	RMSE = 3.104060
Epoch = 13
	Train cost = 0.975262,	Krip Loss = 0.975262,	RMSE = 2.313284
	Test cost = 1.002664,	Krip Loss = 1.002664,	RMSE = 2.746991
	Test cost = 1.003572,	Krip Loss = 1.003572,	RMSE = 3.010618
Epoch = 14
	Train cost = 0.972466,	Krip Loss = 0.972466,	RMSE = 2.236488
	Test cost = 1.003025,	Krip Loss = 1.003025,	RMSE = 2.657141
	Test cost = 1.003936,	Krip Loss = 1.003936,	RMSE = 2.920186
Epoch = 15
	Train cost = 0.969576,	Krip Loss = 0.969576,	RMSE = 2.163166
	Test cost = 1.003442,	Krip Loss = 1.003442,	RMSE = 2.570822
	Test cost = 1.004318,	Krip Loss = 1.004318,	RMSE = 2.833500
Epoch = 16
	Train cost = 0.966652,	Krip Loss = 0.966652,	RMSE = 2.093926
	Test cost = 1.003944,	Krip Loss = 1.003944,	RMSE = 2.488752
	Test cost = 1.004708,	Krip Loss = 1.004708,	RMSE = 2.751405
Epoch = 17
	Train cost = 0.963737,	Krip Loss = 0.963737,	RMSE = 2.029526
	Test cost = 1.004587,	Krip Loss = 1.004587,	RMSE = 2.412078
	Test cost = 1.005085,	Krip Loss = 1.005085,	RMSE = 2.675211
Epoch = 18
	Train cost = 0.960911,	Krip Loss = 0.960911,	RMSE = 1.971454
	Test cost = 1.005408,	Krip Loss = 1.005408,	RMSE = 2.343663
	Test cost = 1.005430,	Krip Loss = 1.005430,	RMSE = 2.607751
Epoch = 19
	Train cost = 0.958358,	Krip Loss = 0.958358,	RMSE = 1.921600
	Test cost = 1.006314,	Krip Loss = 1.006314,	RMSE = 2.285617
	Test cost = 1.005724,	Krip Loss = 1.005724,	RMSE = 2.550884
Epoch = 20
	Train cost = 0.956112,	Krip Loss = 0.956112,	RMSE = 1.879944
	Test cost = 1.007179,	Krip Loss = 1.007179,	RMSE = 2.235887
	Test cost = 1.005954,	Krip Loss = 1.005954,	RMSE = 2.502399
Epoch = 21
	Train cost = 0.954089,	Krip Loss = 0.954089,	RMSE = 1.844702
	Test cost = 1.007860,	Krip Loss = 1.007860,	RMSE = 2.192350
	Test cost = 1.006157,	Krip Loss = 1.006157,	RMSE = 2.460069
Epoch = 22
	Train cost = 0.952207,	Krip Loss = 0.952207,	RMSE = 1.813987
	Test cost = 1.008351,	Krip Loss = 1.008351,	RMSE = 2.153283
	Test cost = 1.006374,	Krip Loss = 1.006374,	RMSE = 2.422098
Epoch = 23
	Train cost = 0.950422,	Krip Loss = 0.950422,	RMSE = 1.786398
	Test cost = 1.008733,	Krip Loss = 1.008733,	RMSE = 2.117342
	Test cost = 1.006610,	Krip Loss = 1.006610,	RMSE = 2.387110
Epoch = 24
	Train cost = 0.948707,	Krip Loss = 0.948707,	RMSE = 1.761196
	Test cost = 1.009046,	Krip Loss = 1.009046,	RMSE = 2.083860
	Test cost = 1.006862,	Krip Loss = 1.006862,	RMSE = 2.354422
Epoch = 25
	Train cost = 0.947043,	Krip Loss = 0.947043,	RMSE = 1.738009
	Test cost = 1.009307,	Krip Loss = 1.009307,	RMSE = 2.052526
	Test cost = 1.007124,	Krip Loss = 1.007124,	RMSE = 2.323715
Epoch = 26
	Train cost = 0.945417,	Krip Loss = 0.945417,	RMSE = 1.716640
	Test cost = 1.009528,	Krip Loss = 1.009528,	RMSE = 2.023207
	Test cost = 1.007396,	Krip Loss = 1.007396,	RMSE = 2.294870
Epoch = 27
	Train cost = 0.943816,	Krip Loss = 0.943816,	RMSE = 1.696970
	Test cost = 1.009715,	Krip Loss = 1.009715,	RMSE = 1.995829
	Test cost = 1.007672,	Krip Loss = 1.007672,	RMSE = 2.267817
Epoch = 28
	Train cost = 0.942234,	Krip Loss = 0.942234,	RMSE = 1.678900
	Test cost = 1.009874,	Krip Loss = 1.009874,	RMSE = 1.970311
	Test cost = 1.007946,	Krip Loss = 1.007946,	RMSE = 2.242487
Epoch = 29
	Train cost = 0.940666,	Krip Loss = 0.940666,	RMSE = 1.662307
	Test cost = 1.010014,	Krip Loss = 1.010014,	RMSE = 1.946538
	Test cost = 1.008218,	Krip Loss = 1.008218,	RMSE = 2.218763
Epoch = 30
	Train cost = 0.939109,	Krip Loss = 0.939109,	RMSE = 1.647047
	Test cost = 1.010140,	Krip Loss = 1.010140,	RMSE = 1.924356
	Test cost = 1.008484,	Krip Loss = 1.008484,	RMSE = 2.196492
Epoch = 31
	Train cost = 0.937558,	Krip Loss = 0.937558,	RMSE = 1.632955
	Test cost = 1.010258,	Krip Loss = 1.010258,	RMSE = 1.903581
	Test cost = 1.008743,	Krip Loss = 1.008743,	RMSE = 2.175489
Epoch = 32
	Train cost = 0.936012,	Krip Loss = 0.936012,	RMSE = 1.619863
	Test cost = 1.010370,	Krip Loss = 1.010370,	RMSE = 1.884027
	Test cost = 1.008996,	Krip Loss = 1.008996,	RMSE = 2.155563
Epoch = 33
	Train cost = 0.934466,	Krip Loss = 0.934466,	RMSE = 1.607609
	Test cost = 1.010483,	Krip Loss = 1.010483,	RMSE = 1.865506
	Test cost = 1.009244,	Krip Loss = 1.009244,	RMSE = 2.136526
Epoch = 34
	Train cost = 0.932920,	Krip Loss = 0.932920,	RMSE = 1.596048
	Test cost = 1.010597,	Krip Loss = 1.010597,	RMSE = 1.847842
	Test cost = 1.009485,	Krip Loss = 1.009485,	RMSE = 2.118208
Epoch = 35
	Train cost = 0.931369,	Krip Loss = 0.931369,	RMSE = 1.585053
	Test cost = 1.010715,	Krip Loss = 1.010715,	RMSE = 1.830880
	Test cost = 1.009720,	Krip Loss = 1.009720,	RMSE = 2.100461
Epoch = 36
	Train cost = 0.929813,	Krip Loss = 0.929813,	RMSE = 1.574517
	Test cost = 1.010843,	Krip Loss = 1.010843,	RMSE = 1.814483
	Test cost = 1.009950,	Krip Loss = 1.009950,	RMSE = 2.083156
Epoch = 37
	Train cost = 0.928249,	Krip Loss = 0.928249,	RMSE = 1.564349
	Test cost = 1.010983,	Krip Loss = 1.010983,	RMSE = 1.798553
	Test cost = 1.010176,	Krip Loss = 1.010176,	RMSE = 2.066196
Epoch = 38
	Train cost = 0.926673,	Krip Loss = 0.926673,	RMSE = 1.554475
	Test cost = 1.011139,	Krip Loss = 1.011139,	RMSE = 1.783019
	Test cost = 1.010402,	Krip Loss = 1.010402,	RMSE = 2.049504
Epoch = 39
	Train cost = 0.925084,	Krip Loss = 0.925084,	RMSE = 1.544833
	Test cost = 1.011317,	Krip Loss = 1.011317,	RMSE = 1.767822
	Test cost = 1.010630,	Krip Loss = 1.010630,	RMSE = 2.033018
Epoch = 40
	Train cost = 0.923478,	Krip Loss = 0.923478,	RMSE = 1.535376
	Test cost = 1.011525,	Krip Loss = 1.011525,	RMSE = 1.752897
	Test cost = 1.010861,	Krip Loss = 1.010861,	RMSE = 2.016677
Epoch = 41
	Train cost = 0.921852,	Krip Loss = 0.921852,	RMSE = 1.526064
	Test cost = 1.011778,	Krip Loss = 1.011778,	RMSE = 1.738190
	Test cost = 1.011096,	Krip Loss = 1.011096,	RMSE = 2.000433
Epoch = 42
	Train cost = 0.920206,	Krip Loss = 0.920206,	RMSE = 1.516869
	Test cost = 1.012090,	Krip Loss = 1.012090,	RMSE = 1.723658
	Test cost = 1.011335,	Krip Loss = 1.011335,	RMSE = 1.984243
Epoch = 43
	Train cost = 0.918542,	Krip Loss = 0.918542,	RMSE = 1.507764
	Test cost = 1.012486,	Krip Loss = 1.012486,	RMSE = 1.709260
	Test cost = 1.011582,	Krip Loss = 1.011582,	RMSE = 1.968060
Epoch = 44
	Train cost = 0.916861,	Krip Loss = 0.916861,	RMSE = 1.498723
	Test cost = 1.012991,	Krip Loss = 1.012991,	RMSE = 1.694950
	Test cost = 1.011834,	Krip Loss = 1.011834,	RMSE = 1.951829
Epoch = 45
	Train cost = 0.915164,	Krip Loss = 0.915164,	RMSE = 1.489710
	Test cost = 1.013637,	Krip Loss = 1.013637,	RMSE = 1.680672
	Test cost = 1.012096,	Krip Loss = 1.012096,	RMSE = 1.935484
Epoch = 46
	Train cost = 0.913437,	Krip Loss = 0.913437,	RMSE = 1.480677
	Test cost = 1.014431,	Krip Loss = 1.014431,	RMSE = 1.666355
	Test cost = 1.012365,	Krip Loss = 1.012365,	RMSE = 1.918948
Epoch = 47
	Train cost = 0.911659,	Krip Loss = 0.911659,	RMSE = 1.471559
	Test cost = 1.015274,	Krip Loss = 1.015274,	RMSE = 1.651907
	Test cost = 1.012644,	Krip Loss = 1.012644,	RMSE = 1.902145
Epoch = 48
	Train cost = 0.909810,	Krip Loss = 0.909810,	RMSE = 1.462292
	Test cost = 1.016017,	Krip Loss = 1.016017,	RMSE = 1.637233
	Test cost = 1.012933,	Krip Loss = 1.012933,	RMSE = 1.885014
Epoch = 49
	Train cost = 0.907896,	Krip Loss = 0.907896,	RMSE = 1.452838
	Test cost = 1.016625,	Krip Loss = 1.016625,	RMSE = 1.622268
	Test cost = 1.013238,	Krip Loss = 1.013238,	RMSE = 1.867518
Epoch = 50
	Train cost = 0.905964,	Krip Loss = 0.905964,	RMSE = 1.443228
	Test cost = 1.017111,	Krip Loss = 1.017111,	RMSE = 1.606999
	Test cost = 1.013562,	Krip Loss = 1.013562,	RMSE = 1.849668
Epoch = 51
	Train cost = 0.904068,	Krip Loss = 0.904068,	RMSE = 1.433565
	Test cost = 1.017470,	Krip Loss = 1.017470,	RMSE = 1.591500
	Test cost = 1.013904,	Krip Loss = 1.013904,	RMSE = 1.831553
Epoch = 52
	Train cost = 0.902224,	Krip Loss = 0.902224,	RMSE = 1.423926
	Test cost = 1.017690,	Krip Loss = 1.017690,	RMSE = 1.575966
	Test cost = 1.014266,	Krip Loss = 1.014266,	RMSE = 1.813266
Epoch = 53
	Train cost = 0.900398,	Krip Loss = 0.900398,	RMSE = 1.414272
	Test cost = 1.017844,	Krip Loss = 1.017844,	RMSE = 1.560351
	Test cost = 1.014646,	Krip Loss = 1.014646,	RMSE = 1.794748
Epoch = 54
	Train cost = 0.898557,	Krip Loss = 0.898557,	RMSE = 1.404545
	Test cost = 1.017972,	Krip Loss = 1.017972,	RMSE = 1.544584
	Test cost = 1.015045,	Krip Loss = 1.015045,	RMSE = 1.775937
Epoch = 55
	Train cost = 0.896675,	Krip Loss = 0.896675,	RMSE = 1.394712
	Test cost = 1.018081,	Krip Loss = 1.018081,	RMSE = 1.528667
	Test cost = 1.015464,	Krip Loss = 1.015464,	RMSE = 1.756803
Epoch = 56
	Train cost = 0.894729,	Krip Loss = 0.894729,	RMSE = 1.384754
	Test cost = 1.018171,	Krip Loss = 1.018171,	RMSE = 1.512649
	Test cost = 1.015906,	Krip Loss = 1.015906,	RMSE = 1.737333
Epoch = 57
	Train cost = 0.892702,	Krip Loss = 0.892702,	RMSE = 1.374665
	Test cost = 1.018243,	Krip Loss = 1.018243,	RMSE = 1.496585
	Test cost = 1.016370,	Krip Loss = 1.016370,	RMSE = 1.717519
Epoch = 58
	Train cost = 0.890590,	Krip Loss = 0.890590,	RMSE = 1.364460
	Test cost = 1.018318,	Krip Loss = 1.018318,	RMSE = 1.480515
	Test cost = 1.016859,	Krip Loss = 1.016859,	RMSE = 1.697367
Epoch = 59
	Train cost = 0.888415,	Krip Loss = 0.888415,	RMSE = 1.354187
	Test cost = 1.018437,	Krip Loss = 1.018437,	RMSE = 1.464459
	Test cost = 1.017376,	Krip Loss = 1.017376,	RMSE = 1.676902
Epoch = 60
	Train cost = 0.886211,	Krip Loss = 0.886211,	RMSE = 1.343920
	Test cost = 1.018644,	Krip Loss = 1.018644,	RMSE = 1.448445
	Test cost = 1.017924,	Krip Loss = 1.017924,	RMSE = 1.656180
Validation Dyad = 10 	Testing Dyad = 11
RMSE of Average Prediction = 1.437857
(2700, 300, 148) (354, 300, 148) (358, 300, 148)
TAGM
Compiling function
Compilation done 1
Compilation done 2
Compilation done 3
Epoch = 1
	Train cost = 0.998578,	Krip Loss = 0.998578,	RMSE = 3.358607
	Test cost = 1.000048,	Krip Loss = 1.000048,	RMSE = 4.327928
	Test cost = 1.000314,	Krip Loss = 1.000314,	RMSE = 4.101199
Epoch = 2
	Train cost = 0.997041,	Krip Loss = 0.997041,	RMSE = 3.332011
	Test cost = 0.999767,	Krip Loss = 0.999767,	RMSE = 4.279082
	Test cost = 1.000815,	Krip Loss = 1.000815,	RMSE = 4.034038
Epoch = 3
	Train cost = 0.995911,	Krip Loss = 0.995911,	RMSE = 3.282549
	Test cost = 0.999642,	Krip Loss = 0.999642,	RMSE = 4.204015
	Test cost = 1.001232,	Krip Loss = 1.001232,	RMSE = 3.940250
Epoch = 4
	Train cost = 0.994558,	Krip Loss = 0.994558,	RMSE = 3.211499
	Test cost = 0.999673,	Krip Loss = 0.999673,	RMSE = 4.093500
	Test cost = 1.001385,	Krip Loss = 1.001385,	RMSE = 3.814157
Epoch = 5
	Train cost = 0.992820,	Krip Loss = 0.992820,	RMSE = 3.118580
	Test cost = 0.999968,	Krip Loss = 0.999968,	RMSE = 3.958568
	Test cost = 1.001152,	Krip Loss = 1.001152,	RMSE = 3.671750
Epoch = 6
	Train cost = 0.990921,	Krip Loss = 0.990921,	RMSE = 3.008396
	Test cost = 1.000442,	Krip Loss = 1.000442,	RMSE = 3.807544
	Test cost = 1.000999,	Krip Loss = 1.000999,	RMSE = 3.522131
Epoch = 7
	Train cost = 0.988866,	Krip Loss = 0.988866,	RMSE = 2.883941
	Test cost = 1.001203,	Krip Loss = 1.001203,	RMSE = 3.639886
	Test cost = 1.001234,	Krip Loss = 1.001234,	RMSE = 3.367293
Epoch = 8
	Train cost = 0.986740,	Krip Loss = 0.986740,	RMSE = 2.757317
	Test cost = 1.001817,	Krip Loss = 1.001817,	RMSE = 3.506028
	Test cost = 1.001469,	Krip Loss = 1.001469,	RMSE = 3.240473
Epoch = 9
	Train cost = 0.984757,	Krip Loss = 0.984757,	RMSE = 2.651882
	Test cost = 1.002215,	Krip Loss = 1.002215,	RMSE = 3.400065
	Test cost = 1.001616,	Krip Loss = 1.001616,	RMSE = 3.134514
Epoch = 10
	Train cost = 0.982635,	Krip Loss = 0.982635,	RMSE = 2.561427
	Test cost = 1.002584,	Krip Loss = 1.002584,	RMSE = 3.298565
	Test cost = 1.001810,	Krip Loss = 1.001810,	RMSE = 3.033012
Epoch = 11
	Train cost = 0.980359,	Krip Loss = 0.980359,	RMSE = 2.475546
	Test cost = 1.002908,	Krip Loss = 1.002908,	RMSE = 3.200016
	Test cost = 1.002060,	Krip Loss = 1.002060,	RMSE = 2.934987
Epoch = 12
	Train cost = 0.977905,	Krip Loss = 0.977905,	RMSE = 2.393023
	Test cost = 1.003231,	Krip Loss = 1.003231,	RMSE = 3.104060
	Test cost = 1.002345,	Krip Loss = 1.002345,	RMSE = 2.839730
Epoch = 13
	Train cost = 0.975262,	Krip Loss = 0.975262,	RMSE = 2.313284
	Test cost = 1.003572,	Krip Loss = 1.003572,	RMSE = 3.010618
	Test cost = 1.002664,	Krip Loss = 1.002664,	RMSE = 2.746991
Epoch = 14
	Train cost = 0.972466,	Krip Loss = 0.972466,	RMSE = 2.236488
	Test cost = 1.003936,	Krip Loss = 1.003936,	RMSE = 2.920186
	Test cost = 1.003025,	Krip Loss = 1.003025,	RMSE = 2.657141
Epoch = 15
	Train cost = 0.969576,	Krip Loss = 0.969576,	RMSE = 2.163166
	Test cost = 1.004318,	Krip Loss = 1.004318,	RMSE = 2.833500
	Test cost = 1.003442,	Krip Loss = 1.003442,	RMSE = 2.570822
Epoch = 16
	Train cost = 0.966652,	Krip Loss = 0.966652,	RMSE = 2.093926
	Test cost = 1.004708,	Krip Loss = 1.004708,	RMSE = 2.751405
	Test cost = 1.003944,	Krip Loss = 1.003944,	RMSE = 2.488752
Epoch = 17
	Train cost = 0.963737,	Krip Loss = 0.963737,	RMSE = 2.029526
	Test cost = 1.005085,	Krip Loss = 1.005085,	RMSE = 2.675211
	Test cost = 1.004587,	Krip Loss = 1.004587,	RMSE = 2.412078
Epoch = 18
	Train cost = 0.960911,	Krip Loss = 0.960911,	RMSE = 1.971454
	Test cost = 1.005430,	Krip Loss = 1.005430,	RMSE = 2.607751
	Test cost = 1.005408,	Krip Loss = 1.005408,	RMSE = 2.343663
Epoch = 19
	Train cost = 0.958358,	Krip Loss = 0.958358,	RMSE = 1.921600
	Test cost = 1.005724,	Krip Loss = 1.005724,	RMSE = 2.550884
	Test cost = 1.006314,	Krip Loss = 1.006314,	RMSE = 2.285617
Epoch = 20
	Train cost = 0.956112,	Krip Loss = 0.956112,	RMSE = 1.879944
	Test cost = 1.005954,	Krip Loss = 1.005954,	RMSE = 2.502399
	Test cost = 1.007179,	Krip Loss = 1.007179,	RMSE = 2.235887
Epoch = 21
	Train cost = 0.954089,	Krip Loss = 0.954089,	RMSE = 1.844702
	Test cost = 1.006157,	Krip Loss = 1.006157,	RMSE = 2.460069
	Test cost = 1.007860,	Krip Loss = 1.007860,	RMSE = 2.192350
Epoch = 22
	Train cost = 0.952207,	Krip Loss = 0.952207,	RMSE = 1.813987
	Test cost = 1.006374,	Krip Loss = 1.006374,	RMSE = 2.422098
	Test cost = 1.008351,	Krip Loss = 1.008351,	RMSE = 2.153283
Epoch = 23
	Train cost = 0.950422,	Krip Loss = 0.950422,	RMSE = 1.786398
	Test cost = 1.006610,	Krip Loss = 1.006610,	RMSE = 2.387110
	Test cost = 1.008733,	Krip Loss = 1.008733,	RMSE = 2.117342
Epoch = 24
	Train cost = 0.948707,	Krip Loss = 0.948707,	RMSE = 1.761196
	Test cost = 1.006862,	Krip Loss = 1.006862,	RMSE = 2.354422
	Test cost = 1.009046,	Krip Loss = 1.009046,	RMSE = 2.083860
Epoch = 25
	Train cost = 0.947043,	Krip Loss = 0.947043,	RMSE = 1.738009
	Test cost = 1.007124,	Krip Loss = 1.007124,	RMSE = 2.323715
	Test cost = 1.009307,	Krip Loss = 1.009307,	RMSE = 2.052526
Epoch = 26
	Train cost = 0.945417,	Krip Loss = 0.945417,	RMSE = 1.716640
	Test cost = 1.007396,	Krip Loss = 1.007396,	RMSE = 2.294870
	Test cost = 1.009528,	Krip Loss = 1.009528,	RMSE = 2.023207
Epoch = 27
	Train cost = 0.943816,	Krip Loss = 0.943816,	RMSE = 1.696970
	Test cost = 1.007672,	Krip Loss = 1.007672,	RMSE = 2.267817
	Test cost = 1.009715,	Krip Loss = 1.009715,	RMSE = 1.995829
Epoch = 28
	Train cost = 0.942234,	Krip Loss = 0.942234,	RMSE = 1.678900
	Test cost = 1.007946,	Krip Loss = 1.007946,	RMSE = 2.242487
	Test cost = 1.009874,	Krip Loss = 1.009874,	RMSE = 1.970311
Epoch = 29
	Train cost = 0.940666,	Krip Loss = 0.940666,	RMSE = 1.662307
	Test cost = 1.008218,	Krip Loss = 1.008218,	RMSE = 2.218763
	Test cost = 1.010014,	Krip Loss = 1.010014,	RMSE = 1.946538
Epoch = 30
	Train cost = 0.939109,	Krip Loss = 0.939109,	RMSE = 1.647047
	Test cost = 1.008484,	Krip Loss = 1.008484,	RMSE = 2.196492
	Test cost = 1.010140,	Krip Loss = 1.010140,	RMSE = 1.924356
Epoch = 31
	Train cost = 0.937558,	Krip Loss = 0.937558,	RMSE = 1.632955
	Test cost = 1.008743,	Krip Loss = 1.008743,	RMSE = 2.175489
	Test cost = 1.010258,	Krip Loss = 1.010258,	RMSE = 1.903581
Epoch = 32
	Train cost = 0.936012,	Krip Loss = 0.936012,	RMSE = 1.619863
	Test cost = 1.008996,	Krip Loss = 1.008996,	RMSE = 2.155563
	Test cost = 1.010370,	Krip Loss = 1.010370,	RMSE = 1.884027
Epoch = 33
	Train cost = 0.934466,	Krip Loss = 0.934466,	RMSE = 1.607609
	Test cost = 1.009244,	Krip Loss = 1.009244,	RMSE = 2.136526
	Test cost = 1.010483,	Krip Loss = 1.010483,	RMSE = 1.865506
Epoch = 34
	Train cost = 0.932920,	Krip Loss = 0.932920,	RMSE = 1.596048
	Test cost = 1.009485,	Krip Loss = 1.009485,	RMSE = 2.118208
	Test cost = 1.010597,	Krip Loss = 1.010597,	RMSE = 1.847842
Epoch = 35
	Train cost = 0.931369,	Krip Loss = 0.931369,	RMSE = 1.585053
	Test cost = 1.009720,	Krip Loss = 1.009720,	RMSE = 2.100461
	Test cost = 1.010715,	Krip Loss = 1.010715,	RMSE = 1.830880
Epoch = 36
	Train cost = 0.929813,	Krip Loss = 0.929813,	RMSE = 1.574517
	Test cost = 1.009950,	Krip Loss = 1.009950,	RMSE = 2.083156
	Test cost = 1.010843,	Krip Loss = 1.010843,	RMSE = 1.814483
Epoch = 37
	Train cost = 0.928249,	Krip Loss = 0.928249,	RMSE = 1.564349
	Test cost = 1.010176,	Krip Loss = 1.010176,	RMSE = 2.066196
	Test cost = 1.010983,	Krip Loss = 1.010983,	RMSE = 1.798553
Epoch = 38
	Train cost = 0.926673,	Krip Loss = 0.926673,	RMSE = 1.554475
	Test cost = 1.010402,	Krip Loss = 1.010402,	RMSE = 2.049504
	Test cost = 1.011139,	Krip Loss = 1.011139,	RMSE = 1.783019
Epoch = 39
	Train cost = 0.925084,	Krip Loss = 0.925084,	RMSE = 1.544833
	Test cost = 1.010630,	Krip Loss = 1.010630,	RMSE = 2.033018
	Test cost = 1.011317,	Krip Loss = 1.011317,	RMSE = 1.767822
Epoch = 40
	Train cost = 0.923478,	Krip Loss = 0.923478,	RMSE = 1.535376
	Test cost = 1.010861,	Krip Loss = 1.010861,	RMSE = 2.016677
	Test cost = 1.011525,	Krip Loss = 1.011525,	RMSE = 1.752897
Epoch = 41
	Train cost = 0.921852,	Krip Loss = 0.921852,	RMSE = 1.526064
	Test cost = 1.011096,	Krip Loss = 1.011096,	RMSE = 2.000433
	Test cost = 1.011778,	Krip Loss = 1.011778,	RMSE = 1.738190
Epoch = 42
	Train cost = 0.920206,	Krip Loss = 0.920206,	RMSE = 1.516869
	Test cost = 1.011335,	Krip Loss = 1.011335,	RMSE = 1.984243
	Test cost = 1.012090,	Krip Loss = 1.012090,	RMSE = 1.723658
Epoch = 43
	Train cost = 0.918542,	Krip Loss = 0.918542,	RMSE = 1.507764
	Test cost = 1.011582,	Krip Loss = 1.011582,	RMSE = 1.968060
	Test cost = 1.012486,	Krip Loss = 1.012486,	RMSE = 1.709260
Epoch = 44
	Train cost = 0.916861,	Krip Loss = 0.916861,	RMSE = 1.498723
	Test cost = 1.011834,	Krip Loss = 1.011834,	RMSE = 1.951829
	Test cost = 1.012991,	Krip Loss = 1.012991,	RMSE = 1.694950
Epoch = 45
	Train cost = 0.915164,	Krip Loss = 0.915164,	RMSE = 1.489710
	Test cost = 1.012096,	Krip Loss = 1.012096,	RMSE = 1.935484
	Test cost = 1.013637,	Krip Loss = 1.013637,	RMSE = 1.680672
Epoch = 46
	Train cost = 0.913437,	Krip Loss = 0.913437,	RMSE = 1.480677
	Test cost = 1.012365,	Krip Loss = 1.012365,	RMSE = 1.918948
	Test cost = 1.014431,	Krip Loss = 1.014431,	RMSE = 1.666355
Epoch = 47
	Train cost = 0.911659,	Krip Loss = 0.911659,	RMSE = 1.471559
	Test cost = 1.012644,	Krip Loss = 1.012644,	RMSE = 1.902145
	Test cost = 1.015274,	Krip Loss = 1.015274,	RMSE = 1.651907
Epoch = 48
	Train cost = 0.909810,	Krip Loss = 0.909810,	RMSE = 1.462292
	Test cost = 1.012933,	Krip Loss = 1.012933,	RMSE = 1.885014
	Test cost = 1.016017,	Krip Loss = 1.016017,	RMSE = 1.637233
Epoch = 49
	Train cost = 0.907896,	Krip Loss = 0.907896,	RMSE = 1.452838
	Test cost = 1.013238,	Krip Loss = 1.013238,	RMSE = 1.867518
	Test cost = 1.016625,	Krip Loss = 1.016625,	RMSE = 1.622268
Epoch = 50
	Train cost = 0.905964,	Krip Loss = 0.905964,	RMSE = 1.443228
	Test cost = 1.013562,	Krip Loss = 1.013562,	RMSE = 1.849668
	Test cost = 1.017111,	Krip Loss = 1.017111,	RMSE = 1.606999
Epoch = 51
	Train cost = 0.904068,	Krip Loss = 0.904068,	RMSE = 1.433565
	Test cost = 1.013904,	Krip Loss = 1.013904,	RMSE = 1.831553
	Test cost = 1.017470,	Krip Loss = 1.017470,	RMSE = 1.591500
Epoch = 52
	Train cost = 0.902224,	Krip Loss = 0.902224,	RMSE = 1.423926
	Test cost = 1.014266,	Krip Loss = 1.014266,	RMSE = 1.813266
	Test cost = 1.017690,	Krip Loss = 1.017690,	RMSE = 1.575966
Epoch = 53
	Train cost = 0.900398,	Krip Loss = 0.900398,	RMSE = 1.414272
	Test cost = 1.014646,	Krip Loss = 1.014646,	RMSE = 1.794748
	Test cost = 1.017844,	Krip Loss = 1.017844,	RMSE = 1.560351
Epoch = 54
	Train cost = 0.898557,	Krip Loss = 0.898557,	RMSE = 1.404545
	Test cost = 1.015045,	Krip Loss = 1.015045,	RMSE = 1.775937
	Test cost = 1.017972,	Krip Loss = 1.017972,	RMSE = 1.544584
Epoch = 55
	Train cost = 0.896675,	Krip Loss = 0.896675,	RMSE = 1.394712
	Test cost = 1.015464,	Krip Loss = 1.015464,	RMSE = 1.756803
	Test cost = 1.018081,	Krip Loss = 1.018081,	RMSE = 1.528667
Epoch = 56
	Train cost = 0.894729,	Krip Loss = 0.894729,	RMSE = 1.384754
	Test cost = 1.015906,	Krip Loss = 1.015906,	RMSE = 1.737333
	Test cost = 1.018171,	Krip Loss = 1.018171,	RMSE = 1.512649
Epoch = 57
	Train cost = 0.892702,	Krip Loss = 0.892702,	RMSE = 1.374665
	Test cost = 1.016370,	Krip Loss = 1.016370,	RMSE = 1.717519
	Test cost = 1.018243,	Krip Loss = 1.018243,	RMSE = 1.496585
Epoch = 58
	Train cost = 0.890590,	Krip Loss = 0.890590,	RMSE = 1.364460
	Test cost = 1.016859,	Krip Loss = 1.016859,	RMSE = 1.697367
	Test cost = 1.018318,	Krip Loss = 1.018318,	RMSE = 1.480515
Epoch = 59
	Train cost = 0.888415,	Krip Loss = 0.888415,	RMSE = 1.354187
	Test cost = 1.017376,	Krip Loss = 1.017376,	RMSE = 1.676902
	Test cost = 1.018437,	Krip Loss = 1.018437,	RMSE = 1.464459
Epoch = 60
	Train cost = 0.886211,	Krip Loss = 0.886211,	RMSE = 1.343920
	Test cost = 1.017924,	Krip Loss = 1.017924,	RMSE = 1.656180
	Test cost = 1.018644,	Krip Loss = 1.018644,	RMSE = 1.448445
Validation Dyad = 4 	Testing Dyad = 12
RMSE of Average Prediction = 1.741178
(2810, 300, 148) (206, 300, 148) (396, 300, 148)
TAGM
Compiling function
Compilation done 1
Compilation done 2
Compilation done 3
Epoch = 1
	Train cost = 0.999662,	Krip Loss = 0.999662,	RMSE = 3.601515
	Test cost = 0.995830,	Krip Loss = 0.995830,	RMSE = 2.560633
	Test cost = 1.001876,	Krip Loss = 1.001876,	RMSE = 3.805083
Epoch = 2
	Train cost = 0.998522,	Krip Loss = 0.998522,	RMSE = 3.609543
	Test cost = 0.995066,	Krip Loss = 0.995066,	RMSE = 2.567896
	Test cost = 1.001574,	Krip Loss = 1.001574,	RMSE = 3.805337
Epoch = 3
	Train cost = 0.997799,	Krip Loss = 0.997799,	RMSE = 3.599558
	Test cost = 0.994753,	Krip Loss = 0.994753,	RMSE = 2.554006
	Test cost = 1.001244,	Krip Loss = 1.001244,	RMSE = 3.787337
Epoch = 4
	Train cost = 0.997282,	Krip Loss = 0.997282,	RMSE = 3.572168
	Test cost = 0.994636,	Krip Loss = 0.994636,	RMSE = 2.525536
	Test cost = 1.000888,	Krip Loss = 1.000888,	RMSE = 3.752924
Epoch = 5
	Train cost = 0.996779,	Krip Loss = 0.996779,	RMSE = 3.532927
	Test cost = 0.994600,	Krip Loss = 0.994600,	RMSE = 2.486973
	Test cost = 1.000655,	Krip Loss = 1.000655,	RMSE = 3.709436
Epoch = 6
	Train cost = 0.996292,	Krip Loss = 0.996292,	RMSE = 3.484638
	Test cost = 0.994635,	Krip Loss = 0.994635,	RMSE = 2.440346
	Test cost = 1.000495,	Krip Loss = 1.000495,	RMSE = 3.658047
Epoch = 7
	Train cost = 0.995790,	Krip Loss = 0.995790,	RMSE = 3.428917
	Test cost = 0.994812,	Krip Loss = 0.994812,	RMSE = 2.386901
	Test cost = 1.000381,	Krip Loss = 1.000381,	RMSE = 3.600094
Epoch = 8
	Train cost = 0.995244,	Krip Loss = 0.995244,	RMSE = 3.366580
	Test cost = 0.995308,	Krip Loss = 0.995308,	RMSE = 2.326919
	Test cost = 1.000316,	Krip Loss = 1.000316,	RMSE = 3.536229
Epoch = 9
	Train cost = 0.994620,	Krip Loss = 0.994620,	RMSE = 3.297214
	Test cost = 0.996517,	Krip Loss = 0.996517,	RMSE = 2.258697
	Test cost = 1.000349,	Krip Loss = 1.000349,	RMSE = 3.465522
Epoch = 10
	Train cost = 0.993847,	Krip Loss = 0.993847,	RMSE = 3.219310
	Test cost = 0.998625,	Krip Loss = 0.998625,	RMSE = 2.178598
	Test cost = 1.000602,	Krip Loss = 1.000602,	RMSE = 3.386537
Epoch = 11
	Train cost = 0.992923,	Krip Loss = 0.992923,	RMSE = 3.133193
	Test cost = 1.000106,	Krip Loss = 1.000106,	RMSE = 2.089657
	Test cost = 1.001017,	Krip Loss = 1.001017,	RMSE = 3.302333
Epoch = 12
	Train cost = 0.991999,	Krip Loss = 0.991999,	RMSE = 3.043943
	Test cost = 1.000086,	Krip Loss = 1.000086,	RMSE = 2.002642
	Test cost = 1.001344,	Krip Loss = 1.001344,	RMSE = 3.218160
Epoch = 13
	Train cost = 0.991070,	Krip Loss = 0.991070,	RMSE = 2.956255
	Test cost = 0.999593,	Krip Loss = 0.999593,	RMSE = 1.923793
	Test cost = 1.001486,	Krip Loss = 1.001486,	RMSE = 3.135830
Epoch = 14
	Train cost = 0.990064,	Krip Loss = 0.990064,	RMSE = 2.871809
	Test cost = 0.999370,	Krip Loss = 0.999370,	RMSE = 1.852398
	Test cost = 1.001483,	Krip Loss = 1.001483,	RMSE = 3.054416
Epoch = 15
	Train cost = 0.988937,	Krip Loss = 0.988937,	RMSE = 2.788997
	Test cost = 0.999358,	Krip Loss = 0.999358,	RMSE = 1.784846
	Test cost = 1.001413,	Krip Loss = 1.001413,	RMSE = 2.972300
Epoch = 16
	Train cost = 0.987674,	Krip Loss = 0.987674,	RMSE = 2.705925
	Test cost = 0.999496,	Krip Loss = 0.999496,	RMSE = 1.719780
	Test cost = 1.001295,	Krip Loss = 1.001295,	RMSE = 2.888728
Validation Dyad = 18 	Testing Dyad = 16
RMSE of Average Prediction = 1.546499
(3006, 300, 148) (202, 300, 148) (204, 300, 148)
TAGM
Compiling function
Compilation done 1
Compilation done 2
Compilation done 3
Epoch = 1
	Train cost = 1.000123,	Krip Loss = 1.000123,	RMSE = 3.655558
	Test cost = 0.986843,	Krip Loss = 0.986843,	RMSE = 2.285540
	Test cost = 0.999446,	Krip Loss = 0.999446,	RMSE = 3.069888
Epoch = 2
	Train cost = 0.998863,	Krip Loss = 0.998863,	RMSE = 3.611967
	Test cost = 0.988482,	Krip Loss = 0.988482,	RMSE = 2.255791
	Test cost = 1.000995,	Krip Loss = 1.000995,	RMSE = 3.014324
Epoch = 3
	Train cost = 0.998082,	Krip Loss = 0.998082,	RMSE = 3.546468
	Test cost = 0.989339,	Krip Loss = 0.989339,	RMSE = 2.194580
	Test cost = 1.002275,	Krip Loss = 1.002275,	RMSE = 2.942517
Epoch = 4
	Train cost = 0.997131,	Krip Loss = 0.997131,	RMSE = 3.454381
	Test cost = 0.989844,	Krip Loss = 0.989844,	RMSE = 2.100592
	Test cost = 1.003844,	Krip Loss = 1.003844,	RMSE = 2.841684
Epoch = 5
	Train cost = 0.995504,	Krip Loss = 0.995504,	RMSE = 3.323494
	Test cost = 0.990892,	Krip Loss = 0.990892,	RMSE = 1.995002
	Test cost = 1.006988,	Krip Loss = 1.006988,	RMSE = 2.718990
Epoch = 6
	Train cost = 0.993375,	Krip Loss = 0.993375,	RMSE = 3.158965
	Test cost = 0.995699,	Krip Loss = 0.995699,	RMSE = 1.896891
	Test cost = 1.011764,	Krip Loss = 1.011764,	RMSE = 2.578615
Epoch = 7
	Train cost = 0.991151,	Krip Loss = 0.991151,	RMSE = 2.986668
	Test cost = 1.002406,	Krip Loss = 1.002406,	RMSE = 1.817617
	Test cost = 1.015053,	Krip Loss = 1.015053,	RMSE = 2.444816
Epoch = 8
	Train cost = 0.989415,	Krip Loss = 0.989415,	RMSE = 2.841355
	Test cost = 1.007439,	Krip Loss = 1.007439,	RMSE = 1.752938
	Test cost = 1.018093,	Krip Loss = 1.018093,	RMSE = 2.339926
Epoch = 9
	Train cost = 0.987597,	Krip Loss = 0.987597,	RMSE = 2.721808
	Test cost = 1.012292,	Krip Loss = 1.012292,	RMSE = 1.694243
	Test cost = 1.021758,	Krip Loss = 1.021758,	RMSE = 2.245771
Epoch = 10
	Train cost = 0.985475,	Krip Loss = 0.985475,	RMSE = 2.609874
	Test cost = 1.018476,	Krip Loss = 1.018476,	RMSE = 1.638321
	Test cost = 1.026522,	Krip Loss = 1.026522,	RMSE = 2.153746
Epoch = 11
	Train cost = 0.982957,	Krip Loss = 0.982957,	RMSE = 2.500633
	Test cost = 1.025340,	Krip Loss = 1.025340,	RMSE = 1.585303
	Test cost = 1.031282,	Krip Loss = 1.031282,	RMSE = 2.061968
Epoch = 12
	Train cost = 0.979924,	Krip Loss = 0.979924,	RMSE = 2.392322
	Test cost = 1.031389,	Krip Loss = 1.031389,	RMSE = 1.534743
	Test cost = 1.035514,	Krip Loss = 1.035514,	RMSE = 1.971753
Epoch = 13
	Train cost = 0.976573,	Krip Loss = 0.976573,	RMSE = 2.285096
	Test cost = 1.036121,	Krip Loss = 1.036121,	RMSE = 1.486942
	Test cost = 1.040021,	Krip Loss = 1.040021,	RMSE = 1.885121
Epoch = 14
	Train cost = 0.973127,	Krip Loss = 0.973127,	RMSE = 2.183684
	Test cost = 1.039970,	Krip Loss = 1.039970,	RMSE = 1.445865
	Test cost = 1.045142,	Krip Loss = 1.045142,	RMSE = 1.806008
Epoch = 15
	Train cost = 0.970222,	Krip Loss = 0.970222,	RMSE = 2.097555
	Test cost = 1.043710,	Krip Loss = 1.043710,	RMSE = 1.416048
	Test cost = 1.049837,	Krip Loss = 1.049837,	RMSE = 1.745786
Epoch = 16
	Train cost = 0.967789,	Krip Loss = 0.967789,	RMSE = 2.026211
	Test cost = 1.047591,	Krip Loss = 1.047591,	RMSE = 1.394535
	Test cost = 1.053639,	Krip Loss = 1.053639,	RMSE = 1.698324
Epoch = 17
	Train cost = 0.965687,	Krip Loss = 0.965687,	RMSE = 1.964772
	Test cost = 1.051587,	Krip Loss = 1.051587,	RMSE = 1.377768
	Test cost = 1.056872,	Krip Loss = 1.056872,	RMSE = 1.656792
Epoch = 18
	Train cost = 0.963616,	Krip Loss = 0.963616,	RMSE = 1.907457
	Test cost = 1.055725,	Krip Loss = 1.055725,	RMSE = 1.364095
	Test cost = 1.059538,	Krip Loss = 1.059538,	RMSE = 1.617098
Epoch = 19
	Train cost = 0.961383,	Krip Loss = 0.961383,	RMSE = 1.850801
	Test cost = 1.060022,	Krip Loss = 1.060022,	RMSE = 1.352962
	Test cost = 1.061036,	Krip Loss = 1.061036,	RMSE = 1.577261
Epoch = 20
	Train cost = 0.958848,	Krip Loss = 0.958848,	RMSE = 1.792760
	Test cost = 1.064400,	Krip Loss = 1.064400,	RMSE = 1.344165
	Test cost = 1.060876,	Krip Loss = 1.060876,	RMSE = 1.536641
Epoch = 21
	Train cost = 0.955834,	Krip Loss = 0.955834,	RMSE = 1.731766
	Test cost = 1.069073,	Krip Loss = 1.069073,	RMSE = 1.337892
	Test cost = 1.059059,	Krip Loss = 1.059059,	RMSE = 1.495012
Epoch = 22
	Train cost = 0.952210,	Krip Loss = 0.952210,	RMSE = 1.666521
	Test cost = 1.074259,	Krip Loss = 1.074259,	RMSE = 1.334506
	Test cost = 1.057394,	Krip Loss = 1.057394,	RMSE = 1.453958
Epoch = 23
	Train cost = 0.947935,	Krip Loss = 0.947935,	RMSE = 1.598035
	Test cost = 1.080237,	Krip Loss = 1.080237,	RMSE = 1.335069
	Test cost = 1.058096,	Krip Loss = 1.058096,	RMSE = 1.416581
Epoch = 24
	Train cost = 0.943630,	Krip Loss = 0.943630,	RMSE = 1.530557
	Test cost = 1.085187,	Krip Loss = 1.085187,	RMSE = 1.338753
	Test cost = 1.060599,	Krip Loss = 1.060599,	RMSE = 1.385004
Epoch = 25
	Train cost = 0.939536,	Krip Loss = 0.939536,	RMSE = 1.468755
	Test cost = 1.089223,	Krip Loss = 1.089223,	RMSE = 1.346086
	Test cost = 1.062799,	Krip Loss = 1.062799,	RMSE = 1.359111
Epoch = 26
	Train cost = 0.934828,	Krip Loss = 0.934828,	RMSE = 1.412923
	Test cost = 1.092926,	Krip Loss = 1.092926,	RMSE = 1.359008
	Test cost = 1.064192,	Krip Loss = 1.064192,	RMSE = 1.339665
Epoch = 27
	Train cost = 0.929297,	Krip Loss = 0.929297,	RMSE = 1.363982
	Test cost = 1.095687,	Krip Loss = 1.095687,	RMSE = 1.377551
	Test cost = 1.065573,	Krip Loss = 1.065573,	RMSE = 1.329460
Epoch = 28
	Train cost = 0.923810,	Krip Loss = 0.923810,	RMSE = 1.325200
	Test cost = 1.096893,	Krip Loss = 1.096893,	RMSE = 1.399146
	Test cost = 1.067399,	Krip Loss = 1.067399,	RMSE = 1.329189
Epoch = 29
	Train cost = 0.918792,	Krip Loss = 0.918792,	RMSE = 1.297665
	Test cost = 1.096786,	Krip Loss = 1.096786,	RMSE = 1.421988
	Test cost = 1.069228,	Krip Loss = 1.069228,	RMSE = 1.335876
Epoch = 30
	Train cost = 0.914294,	Krip Loss = 0.914294,	RMSE = 1.279868
	Test cost = 1.095610,	Krip Loss = 1.095610,	RMSE = 1.443815
	Test cost = 1.071028,	Krip Loss = 1.071028,	RMSE = 1.345905
Epoch = 31
	Train cost = 0.910347,	Krip Loss = 0.910347,	RMSE = 1.269054
	Test cost = 1.093779,	Krip Loss = 1.093779,	RMSE = 1.463293
	Test cost = 1.072697,	Krip Loss = 1.072697,	RMSE = 1.356460
Epoch = 32
	Train cost = 0.906923,	Krip Loss = 0.906923,	RMSE = 1.262416
	Test cost = 1.091914,	Krip Loss = 1.091914,	RMSE = 1.479508
	Test cost = 1.073952,	Krip Loss = 1.073952,	RMSE = 1.365438
Epoch = 33
	Train cost = 0.903901,	Krip Loss = 0.903901,	RMSE = 1.258117
	Test cost = 1.090282,	Krip Loss = 1.090282,	RMSE = 1.492206
	Test cost = 1.075053,	Krip Loss = 1.075053,	RMSE = 1.372764
Epoch = 34
	Train cost = 0.901104,	Krip Loss = 0.901104,	RMSE = 1.255168
	Test cost = 1.088976,	Krip Loss = 1.088976,	RMSE = 1.502238
	Test cost = 1.076173,	Krip Loss = 1.076173,	RMSE = 1.378991
Epoch = 35
	Train cost = 0.898428,	Krip Loss = 0.898428,	RMSE = 1.253063
	Test cost = 1.088040,	Krip Loss = 1.088040,	RMSE = 1.510299
	Test cost = 1.077342,	Krip Loss = 1.077342,	RMSE = 1.384382
Epoch = 36
	Train cost = 0.895827,	Krip Loss = 0.895827,	RMSE = 1.251477
	Test cost = 1.087385,	Krip Loss = 1.087385,	RMSE = 1.516712
	Test cost = 1.078458,	Krip Loss = 1.078458,	RMSE = 1.388958
Epoch = 37
	Train cost = 0.893282,	Krip Loss = 0.893282,	RMSE = 1.250196
	Test cost = 1.086845,	Krip Loss = 1.086845,	RMSE = 1.521596
	Test cost = 1.079340,	Krip Loss = 1.079340,	RMSE = 1.392671
Epoch = 38
	Train cost = 0.890794,	Krip Loss = 0.890794,	RMSE = 1.249075
	Test cost = 1.086304,	Krip Loss = 1.086304,	RMSE = 1.525055
	Test cost = 1.079891,	Krip Loss = 1.079891,	RMSE = 1.395490
Epoch = 39
	Train cost = 0.888376,	Krip Loss = 0.888376,	RMSE = 1.247999
	Test cost = 1.085723,	Krip Loss = 1.085723,	RMSE = 1.527316
	Test cost = 1.080142,	Krip Loss = 1.080142,	RMSE = 1.397477
Epoch = 40
	Train cost = 0.886029,	Krip Loss = 0.886029,	RMSE = 1.246903
	Test cost = 1.085096,	Krip Loss = 1.085096,	RMSE = 1.528654
	Test cost = 1.080169,	Krip Loss = 1.080169,	RMSE = 1.398760
Epoch = 41
	Train cost = 0.883744,	Krip Loss = 0.883744,	RMSE = 1.245770
	Test cost = 1.084408,	Krip Loss = 1.084408,	RMSE = 1.529304
	Test cost = 1.080024,	Krip Loss = 1.080024,	RMSE = 1.399477
Epoch = 42
	Train cost = 0.881505,	Krip Loss = 0.881505,	RMSE = 1.244597
	Test cost = 1.083679,	Krip Loss = 1.083679,	RMSE = 1.529429
	Test cost = 1.079736,	Krip Loss = 1.079736,	RMSE = 1.399756
Epoch = 43
	Train cost = 0.879295,	Krip Loss = 0.879295,	RMSE = 1.243386
	Test cost = 1.082860,	Krip Loss = 1.082860,	RMSE = 1.529182
	Test cost = 1.079339,	Krip Loss = 1.079339,	RMSE = 1.399696
Epoch = 44
	Train cost = 0.877096,	Krip Loss = 0.877096,	RMSE = 1.242138
	Test cost = 1.081984,	Krip Loss = 1.081984,	RMSE = 1.528638
	Test cost = 1.078862,	Krip Loss = 1.078862,	RMSE = 1.399370
Epoch = 45
	Train cost = 0.874892,	Krip Loss = 0.874892,	RMSE = 1.240837
	Test cost = 1.080988,	Krip Loss = 1.080988,	RMSE = 1.527890
	Test cost = 1.078373,	Krip Loss = 1.078373,	RMSE = 1.398802
Epoch = 46
	Train cost = 0.872666,	Krip Loss = 0.872666,	RMSE = 1.239486
	Test cost = 1.079905,	Krip Loss = 1.079905,	RMSE = 1.526945
	Test cost = 1.077860,	Krip Loss = 1.077860,	RMSE = 1.397922
Epoch = 47
	Train cost = 0.870423,	Krip Loss = 0.870423,	RMSE = 1.238099
	Test cost = 1.078712,	Krip Loss = 1.078712,	RMSE = 1.525730
	Test cost = 1.077082,	Krip Loss = 1.077082,	RMSE = 1.396549
Epoch = 48
	Train cost = 0.868184,	Krip Loss = 0.868184,	RMSE = 1.236727
	Test cost = 1.077376,	Krip Loss = 1.077376,	RMSE = 1.524174
	Test cost = 1.075898,	Krip Loss = 1.075898,	RMSE = 1.394798
Epoch = 49
	Train cost = 0.865962,	Krip Loss = 0.865962,	RMSE = 1.235365
	Test cost = 1.075865,	Krip Loss = 1.075865,	RMSE = 1.522437
	Test cost = 1.074606,	Krip Loss = 1.074606,	RMSE = 1.393092
Epoch = 50
	Train cost = 0.863745,	Krip Loss = 0.863745,	RMSE = 1.234034
	Test cost = 1.074237,	Krip Loss = 1.074237,	RMSE = 1.520712
	Test cost = 1.073379,	Krip Loss = 1.073379,	RMSE = 1.391597
Epoch = 51
	Train cost = 0.861532,	Krip Loss = 0.861532,	RMSE = 1.232724
	Test cost = 1.072516,	Krip Loss = 1.072516,	RMSE = 1.519175
	Test cost = 1.072245,	Krip Loss = 1.072245,	RMSE = 1.390349
Epoch = 52
	Train cost = 0.859326,	Krip Loss = 0.859326,	RMSE = 1.231452
	Test cost = 1.070777,	Krip Loss = 1.070777,	RMSE = 1.517947
	Test cost = 1.071191,	Krip Loss = 1.071191,	RMSE = 1.389392
Epoch = 53
	Train cost = 0.857135,	Krip Loss = 0.857135,	RMSE = 1.230203
	Test cost = 1.069093,	Krip Loss = 1.069093,	RMSE = 1.517057
	Test cost = 1.070209,	Krip Loss = 1.070209,	RMSE = 1.388735
Epoch = 54
	Train cost = 0.854963,	Krip Loss = 0.854963,	RMSE = 1.228983
	Test cost = 1.067478,	Krip Loss = 1.067478,	RMSE = 1.516403
	Test cost = 1.069276,	Krip Loss = 1.069276,	RMSE = 1.388316
Epoch = 55
	Train cost = 0.852811,	Krip Loss = 0.852811,	RMSE = 1.227796
	Test cost = 1.065920,	Krip Loss = 1.065920,	RMSE = 1.515842
	Test cost = 1.068368,	Krip Loss = 1.068368,	RMSE = 1.388038
Epoch = 56
	Train cost = 0.850674,	Krip Loss = 0.850674,	RMSE = 1.226647
	Test cost = 1.064415,	Krip Loss = 1.064415,	RMSE = 1.515292
	Test cost = 1.067464,	Krip Loss = 1.067464,	RMSE = 1.387846
Epoch = 57
	Train cost = 0.848550,	Krip Loss = 0.848550,	RMSE = 1.225532
	Test cost = 1.062941,	Krip Loss = 1.062941,	RMSE = 1.514741
	Test cost = 1.066554,	Krip Loss = 1.066554,	RMSE = 1.387710
Epoch = 58
	Train cost = 0.846446,	Krip Loss = 0.846446,	RMSE = 1.224446
	Test cost = 1.061522,	Krip Loss = 1.061522,	RMSE = 1.514135
	Test cost = 1.065645,	Krip Loss = 1.065645,	RMSE = 1.387626
Epoch = 59
	Train cost = 0.844347,	Krip Loss = 0.844347,	RMSE = 1.223376
	Test cost = 1.060120,	Krip Loss = 1.060120,	RMSE = 1.513598
	Test cost = 1.064713,	Krip Loss = 1.064713,	RMSE = 1.387555
Epoch = 60
	Train cost = 0.842251,	Krip Loss = 0.842251,	RMSE = 1.222332
	Test cost = 1.058767,	Krip Loss = 1.058767,	RMSE = 1.513035
	Test cost = 1.063746,	Krip Loss = 1.063746,	RMSE = 1.387465
Validation Dyad = 9 	Testing Dyad = 17
RMSE of Average Prediction = 0.939190
(2834, 300, 148) (382, 300, 148) (196, 300, 148)
TAGM
Compiling function
Compilation done 1
Compilation done 2
Compilation done 3
Epoch = 1
	Train cost = 0.998647,	Krip Loss = 0.998647,	RMSE = 3.571060
	Test cost = 1.002591,	Krip Loss = 1.002591,	RMSE = 3.627361
	Test cost = 0.996591,	Krip Loss = 0.996591,	RMSE = 3.001290
Epoch = 2
	Train cost = 0.997357,	Krip Loss = 0.997357,	RMSE = 3.542365
	Test cost = 1.002909,	Krip Loss = 1.002909,	RMSE = 3.588722
	Test cost = 0.995602,	Krip Loss = 0.995602,	RMSE = 2.971691
Epoch = 3
	Train cost = 0.996533,	Krip Loss = 0.996533,	RMSE = 3.496017
	Test cost = 1.003276,	Krip Loss = 1.003276,	RMSE = 3.527485
	Test cost = 0.995247,	Krip Loss = 0.995247,	RMSE = 2.923919
Epoch = 4
	Train cost = 0.995773,	Krip Loss = 0.995773,	RMSE = 3.431928
	Test cost = 1.003637,	Krip Loss = 1.003637,	RMSE = 3.450490
	Test cost = 0.994915,	Krip Loss = 0.994915,	RMSE = 2.863285
Epoch = 5
	Train cost = 0.994839,	Krip Loss = 0.994839,	RMSE = 3.352175
	Test cost = 1.003898,	Krip Loss = 1.003898,	RMSE = 3.356586
	Test cost = 0.994441,	Krip Loss = 0.994441,	RMSE = 2.789735
Epoch = 6
	Train cost = 0.993403,	Krip Loss = 0.993403,	RMSE = 3.247183
	Test cost = 1.004276,	Krip Loss = 1.004276,	RMSE = 3.232877
	Test cost = 0.992684,	Krip Loss = 0.992684,	RMSE = 2.693168
Epoch = 7
	Train cost = 0.991557,	Krip Loss = 0.991557,	RMSE = 3.119607
	Test cost = 1.004858,	Krip Loss = 1.004858,	RMSE = 3.092308
	Test cost = 0.989227,	Krip Loss = 0.989227,	RMSE = 2.583427
Epoch = 8
	Train cost = 0.989651,	Krip Loss = 0.989651,	RMSE = 2.982580
	Test cost = 1.004875,	Krip Loss = 1.004875,	RMSE = 2.944612
	Test cost = 0.985106,	Krip Loss = 0.985106,	RMSE = 2.466755
Epoch = 9
	Train cost = 0.987699,	Krip Loss = 0.987699,	RMSE = 2.849745
	Test cost = 1.004255,	Krip Loss = 1.004255,	RMSE = 2.811455
	Test cost = 0.981696,	Krip Loss = 0.981696,	RMSE = 2.358248
Epoch = 10
	Train cost = 0.985823,	Krip Loss = 0.985823,	RMSE = 2.737501
	Test cost = 1.004031,	Krip Loss = 1.004031,	RMSE = 2.704926
	Test cost = 0.979467,	Krip Loss = 0.979467,	RMSE = 2.270314
Epoch = 11
	Train cost = 0.983776,	Krip Loss = 0.983776,	RMSE = 2.642400
	Test cost = 1.004076,	Krip Loss = 1.004076,	RMSE = 2.607649
	Test cost = 0.977709,	Krip Loss = 0.977709,	RMSE = 2.189857
Epoch = 12
	Train cost = 0.981378,	Krip Loss = 0.981378,	RMSE = 2.552016
	Test cost = 1.004158,	Krip Loss = 1.004158,	RMSE = 2.511277
	Test cost = 0.976346,	Krip Loss = 0.976346,	RMSE = 2.110420
Epoch = 13
	Train cost = 0.978703,	Krip Loss = 0.978703,	RMSE = 2.462719
	Test cost = 1.004037,	Krip Loss = 1.004037,	RMSE = 2.415504
	Test cost = 0.975464,	Krip Loss = 0.975464,	RMSE = 2.032135
Epoch = 14
	Train cost = 0.975932,	Krip Loss = 0.975932,	RMSE = 2.376197
	Test cost = 1.003700,	Krip Loss = 1.003700,	RMSE = 2.323274
	Test cost = 0.974613,	Krip Loss = 0.974613,	RMSE = 1.957126
Epoch = 15
	Train cost = 0.973094,	Krip Loss = 0.973094,	RMSE = 2.294164
	Test cost = 1.003423,	Krip Loss = 1.003423,	RMSE = 2.236392
	Test cost = 0.973456,	Krip Loss = 0.973456,	RMSE = 1.886974
Epoch = 16
	Train cost = 0.970257,	Krip Loss = 0.970257,	RMSE = 2.216861
	Test cost = 1.003337,	Krip Loss = 1.003337,	RMSE = 2.155242
	Test cost = 0.972186,	Krip Loss = 0.972186,	RMSE = 1.822128
Epoch = 17
	Train cost = 0.967504,	Krip Loss = 0.967504,	RMSE = 2.144691
	Test cost = 1.003381,	Krip Loss = 1.003381,	RMSE = 2.080877
	Test cost = 0.970980,	Krip Loss = 0.970980,	RMSE = 1.763312
Epoch = 18
	Train cost = 0.964926,	Krip Loss = 0.964926,	RMSE = 2.079431
	Test cost = 1.003466,	Krip Loss = 1.003466,	RMSE = 2.016528
	Test cost = 0.969972,	Krip Loss = 0.969972,	RMSE = 1.713032
Epoch = 19
	Train cost = 0.962564,	Krip Loss = 0.962564,	RMSE = 2.023104
	Test cost = 1.003481,	Krip Loss = 1.003481,	RMSE = 1.962809
	Test cost = 0.969168,	Krip Loss = 0.969168,	RMSE = 1.671648
Epoch = 20
	Train cost = 0.960374,	Krip Loss = 0.960374,	RMSE = 1.975395
	Test cost = 1.003342,	Krip Loss = 1.003342,	RMSE = 1.916811
	Test cost = 0.968391,	Krip Loss = 0.968391,	RMSE = 1.636564
Epoch = 21
	Train cost = 0.958318,	Krip Loss = 0.958318,	RMSE = 1.934730
	Test cost = 1.003061,	Krip Loss = 1.003061,	RMSE = 1.877176
	Test cost = 0.967519,	Krip Loss = 0.967519,	RMSE = 1.606467
Epoch = 22
	Train cost = 0.956380,	Krip Loss = 0.956380,	RMSE = 1.900159
	Test cost = 1.002685,	Krip Loss = 1.002685,	RMSE = 1.843310
	Test cost = 0.966578,	Krip Loss = 0.966578,	RMSE = 1.580893
Epoch = 23
	Train cost = 0.954539,	Krip Loss = 0.954539,	RMSE = 1.870667
	Test cost = 1.002243,	Krip Loss = 1.002243,	RMSE = 1.814139
	Test cost = 0.965629,	Krip Loss = 0.965629,	RMSE = 1.559101
Epoch = 24
	Train cost = 0.952766,	Krip Loss = 0.952766,	RMSE = 1.845042
	Test cost = 1.001735,	Krip Loss = 1.001735,	RMSE = 1.788427
	Test cost = 0.964671,	Krip Loss = 0.964671,	RMSE = 1.540188
Epoch = 25
	Train cost = 0.951039,	Krip Loss = 0.951039,	RMSE = 1.822242
	Test cost = 1.001156,	Krip Loss = 1.001156,	RMSE = 1.765233
	Test cost = 0.963685,	Krip Loss = 0.963685,	RMSE = 1.523442
Epoch = 26
	Train cost = 0.949344,	Krip Loss = 0.949344,	RMSE = 1.801547
	Test cost = 1.000509,	Krip Loss = 1.000509,	RMSE = 1.743955
	Test cost = 0.962681,	Krip Loss = 0.962681,	RMSE = 1.508407
Epoch = 27
	Train cost = 0.947672,	Krip Loss = 0.947672,	RMSE = 1.782486
	Test cost = 0.999813,	Krip Loss = 0.999813,	RMSE = 1.724196
	Test cost = 0.961685,	Krip Loss = 0.961685,	RMSE = 1.494754
Epoch = 28
	Train cost = 0.946020,	Krip Loss = 0.946020,	RMSE = 1.764714
	Test cost = 0.999088,	Krip Loss = 0.999088,	RMSE = 1.705615
	Test cost = 0.960703,	Krip Loss = 0.960703,	RMSE = 1.482163
Epoch = 29
	Train cost = 0.944381,	Krip Loss = 0.944381,	RMSE = 1.747935
	Test cost = 0.998346,	Krip Loss = 0.998346,	RMSE = 1.687896
	Test cost = 0.959716,	Krip Loss = 0.959716,	RMSE = 1.470342
Epoch = 30
	Train cost = 0.942742,	Krip Loss = 0.942742,	RMSE = 1.731907
	Test cost = 0.997588,	Krip Loss = 0.997588,	RMSE = 1.670784
	Test cost = 0.958704,	Krip Loss = 0.958704,	RMSE = 1.459078
Epoch = 31
	Train cost = 0.941090,	Krip Loss = 0.941090,	RMSE = 1.716456
	Test cost = 0.996814,	Krip Loss = 0.996814,	RMSE = 1.654114
	Test cost = 0.957624,	Krip Loss = 0.957624,	RMSE = 1.448241
Epoch = 32
	Train cost = 0.939403,	Krip Loss = 0.939403,	RMSE = 1.701469
	Test cost = 0.996024,	Krip Loss = 0.996024,	RMSE = 1.637784
	Test cost = 0.956369,	Krip Loss = 0.956369,	RMSE = 1.437703
Epoch = 33
	Train cost = 0.937661,	Krip Loss = 0.937661,	RMSE = 1.686819
	Test cost = 0.995236,	Krip Loss = 0.995236,	RMSE = 1.621686
	Test cost = 0.954838,	Krip Loss = 0.954838,	RMSE = 1.427258
Epoch = 34
	Train cost = 0.935870,	Krip Loss = 0.935870,	RMSE = 1.672258
	Test cost = 0.994525,	Krip Loss = 0.994525,	RMSE = 1.605579
	Test cost = 0.953596,	Krip Loss = 0.953596,	RMSE = 1.416981
Epoch = 35
	Train cost = 0.934096,	Krip Loss = 0.934096,	RMSE = 1.657453
	Test cost = 0.993857,	Krip Loss = 0.993857,	RMSE = 1.589013
	Test cost = 0.953103,	Krip Loss = 0.953103,	RMSE = 1.407090
Epoch = 36
	Train cost = 0.932334,	Krip Loss = 0.932334,	RMSE = 1.642396
	Test cost = 0.993041,	Krip Loss = 0.993041,	RMSE = 1.571771
	Test cost = 0.952995,	Krip Loss = 0.952995,	RMSE = 1.397534
Epoch = 37
	Train cost = 0.930589,	Krip Loss = 0.930589,	RMSE = 1.627213
	Test cost = 0.992085,	Krip Loss = 0.992085,	RMSE = 1.554176
	Test cost = 0.952839,	Krip Loss = 0.952839,	RMSE = 1.387916
Epoch = 38
	Train cost = 0.928846,	Krip Loss = 0.928846,	RMSE = 1.612122
	Test cost = 0.991057,	Krip Loss = 0.991057,	RMSE = 1.536576
	Test cost = 0.952599,	Krip Loss = 0.952599,	RMSE = 1.378297
Epoch = 39
	Train cost = 0.927088,	Krip Loss = 0.927088,	RMSE = 1.597205
	Test cost = 0.989979,	Krip Loss = 0.989979,	RMSE = 1.519035
	Test cost = 0.952340,	Krip Loss = 0.952340,	RMSE = 1.368778
Epoch = 40
	Train cost = 0.925308,	Krip Loss = 0.925308,	RMSE = 1.582458
	Test cost = 0.988855,	Krip Loss = 0.988855,	RMSE = 1.501544
	Test cost = 0.952093,	Krip Loss = 0.952093,	RMSE = 1.359384
Epoch = 41
	Train cost = 0.923502,	Krip Loss = 0.923502,	RMSE = 1.567860
	Test cost = 0.987684,	Krip Loss = 0.987684,	RMSE = 1.484083
	Test cost = 0.951863,	Krip Loss = 0.951863,	RMSE = 1.350102
Epoch = 42
	Train cost = 0.921669,	Krip Loss = 0.921669,	RMSE = 1.553394
	Test cost = 0.986464,	Krip Loss = 0.986464,	RMSE = 1.466630
	Test cost = 0.951652,	Krip Loss = 0.951652,	RMSE = 1.340904
Epoch = 43
	Train cost = 0.919811,	Krip Loss = 0.919811,	RMSE = 1.539042
	Test cost = 0.985192,	Krip Loss = 0.985192,	RMSE = 1.449163
	Test cost = 0.951454,	Krip Loss = 0.951454,	RMSE = 1.331766
Epoch = 44
	Train cost = 0.917930,	Krip Loss = 0.917930,	RMSE = 1.524794
	Test cost = 0.983867,	Krip Loss = 0.983867,	RMSE = 1.431667
	Test cost = 0.951271,	Krip Loss = 0.951271,	RMSE = 1.322670
Epoch = 45
	Train cost = 0.916027,	Krip Loss = 0.916027,	RMSE = 1.510642
	Test cost = 0.982485,	Krip Loss = 0.982485,	RMSE = 1.414126
	Test cost = 0.951102,	Krip Loss = 0.951102,	RMSE = 1.313606
Epoch = 46
	Train cost = 0.914104,	Krip Loss = 0.914104,	RMSE = 1.496581
	Test cost = 0.981047,	Krip Loss = 0.981047,	RMSE = 1.396538
	Test cost = 0.950950,	Krip Loss = 0.950950,	RMSE = 1.304573
Epoch = 47
	Train cost = 0.912157,	Krip Loss = 0.912157,	RMSE = 1.482613
	Test cost = 0.979553,	Krip Loss = 0.979553,	RMSE = 1.378907
	Test cost = 0.950817,	Krip Loss = 0.950817,	RMSE = 1.295568
Epoch = 48
	Train cost = 0.910184,	Krip Loss = 0.910184,	RMSE = 1.468744
	Test cost = 0.978008,	Krip Loss = 0.978008,	RMSE = 1.361251
	Test cost = 0.950700,	Krip Loss = 0.950700,	RMSE = 1.286582
Epoch = 49
	Train cost = 0.908179,	Krip Loss = 0.908179,	RMSE = 1.454984
	Test cost = 0.976418,	Krip Loss = 0.976418,	RMSE = 1.343598
	Test cost = 0.950592,	Krip Loss = 0.950592,	RMSE = 1.277596
Epoch = 50
	Train cost = 0.906141,	Krip Loss = 0.906141,	RMSE = 1.441344
	Test cost = 0.974782,	Krip Loss = 0.974782,	RMSE = 1.325977
	Test cost = 0.950486,	Krip Loss = 0.950486,	RMSE = 1.268597
Epoch = 51
	Train cost = 0.904071,	Krip Loss = 0.904071,	RMSE = 1.427836
	Test cost = 0.973081,	Krip Loss = 0.973081,	RMSE = 1.308415
	Test cost = 0.950386,	Krip Loss = 0.950386,	RMSE = 1.259611
Epoch = 52
	Train cost = 0.901973,	Krip Loss = 0.901973,	RMSE = 1.414491
	Test cost = 0.971296,	Krip Loss = 0.971296,	RMSE = 1.290953
	Test cost = 0.950296,	Krip Loss = 0.950296,	RMSE = 1.250704
Epoch = 53
	Train cost = 0.899843,	Krip Loss = 0.899843,	RMSE = 1.401370
	Test cost = 0.969426,	Krip Loss = 0.969426,	RMSE = 1.273672
	Test cost = 0.950223,	Krip Loss = 0.950223,	RMSE = 1.241960
Epoch = 54
	Train cost = 0.897680,	Krip Loss = 0.897680,	RMSE = 1.388548
	Test cost = 0.967483,	Krip Loss = 0.967483,	RMSE = 1.256677
	Test cost = 0.950185,	Krip Loss = 0.950185,	RMSE = 1.233467
Epoch = 55
	Train cost = 0.895483,	Krip Loss = 0.895483,	RMSE = 1.376096
	Test cost = 0.965483,	Krip Loss = 0.965483,	RMSE = 1.240079
	Test cost = 0.950203,	Krip Loss = 0.950203,	RMSE = 1.225301
Epoch = 56
	Train cost = 0.893251,	Krip Loss = 0.893251,	RMSE = 1.364082
	Test cost = 0.963442,	Krip Loss = 0.963442,	RMSE = 1.223985
	Test cost = 0.950297,	Krip Loss = 0.950297,	RMSE = 1.217526
Epoch = 57
	Train cost = 0.890986,	Krip Loss = 0.890986,	RMSE = 1.352570
	Test cost = 0.961376,	Krip Loss = 0.961376,	RMSE = 1.208500
	Test cost = 0.950485,	Krip Loss = 0.950485,	RMSE = 1.210196
Epoch = 58
	Train cost = 0.888695,	Krip Loss = 0.888695,	RMSE = 1.341625
	Test cost = 0.959298,	Krip Loss = 0.959298,	RMSE = 1.193725
	Test cost = 0.950782,	Krip Loss = 0.950782,	RMSE = 1.203355
Epoch = 59
	Train cost = 0.886390,	Krip Loss = 0.886390,	RMSE = 1.331302
	Test cost = 0.957220,	Krip Loss = 0.957220,	RMSE = 1.179746
	Test cost = 0.951196,	Krip Loss = 0.951196,	RMSE = 1.197029
Epoch = 60
	Train cost = 0.884084,	Krip Loss = 0.884084,	RMSE = 1.321647
	Test cost = 0.955150,	Krip Loss = 0.955150,	RMSE = 1.166623
	Test cost = 0.951716,	Krip Loss = 0.951716,	RMSE = 1.191231
Validation Dyad = 7 	Testing Dyad = 18
RMSE of Average Prediction = 1.227084
(2814, 300, 148) (396, 300, 148) (202, 300, 148)
TAGM
Compiling function
Compilation done 1
Compilation done 2
Compilation done 3
Epoch = 1
	Train cost = 1.000913,	Krip Loss = 1.000913,	RMSE = 3.593344
	Test cost = 0.995931,	Krip Loss = 0.995931,	RMSE = 4.003099
	Test cost = 0.988156,	Krip Loss = 0.988156,	RMSE = 2.363308
Epoch = 2
	Train cost = 0.999636,	Krip Loss = 0.999636,	RMSE = 3.594539
	Test cost = 0.996595,	Krip Loss = 0.996595,	RMSE = 3.986162
	Test cost = 0.990295,	Krip Loss = 0.990295,	RMSE = 2.402253
Epoch = 3
	Train cost = 0.998762,	Krip Loss = 0.998762,	RMSE = 3.572601
	Test cost = 0.996935,	Krip Loss = 0.996935,	RMSE = 3.946025
	Test cost = 0.991755,	Krip Loss = 0.991755,	RMSE = 2.404006
Epoch = 4
	Train cost = 0.998144,	Krip Loss = 0.998144,	RMSE = 3.526724
	Test cost = 0.997040,	Krip Loss = 0.997040,	RMSE = 3.884507
	Test cost = 0.992745,	Krip Loss = 0.992745,	RMSE = 2.379053
Epoch = 5
	Train cost = 0.997572,	Krip Loss = 0.997572,	RMSE = 3.462729
	Test cost = 0.997058,	Krip Loss = 0.997058,	RMSE = 3.806391
	Test cost = 0.993572,	Krip Loss = 0.993572,	RMSE = 2.337130
Epoch = 6
	Train cost = 0.996952,	Krip Loss = 0.996952,	RMSE = 3.383335
	Test cost = 0.997095,	Krip Loss = 0.997095,	RMSE = 3.713379
	Test cost = 0.994468,	Krip Loss = 0.994468,	RMSE = 2.283143
Epoch = 7
	Train cost = 0.996247,	Krip Loss = 0.996247,	RMSE = 3.291133
	Test cost = 0.997053,	Krip Loss = 0.997053,	RMSE = 3.608165
	Test cost = 0.995432,	Krip Loss = 0.995432,	RMSE = 2.220257
Epoch = 8
	Train cost = 0.995409,	Krip Loss = 0.995409,	RMSE = 3.189068
	Test cost = 0.996849,	Krip Loss = 0.996849,	RMSE = 3.493996
	Test cost = 0.996402,	Krip Loss = 0.996402,	RMSE = 2.151661
Epoch = 9
	Train cost = 0.994417,	Krip Loss = 0.994417,	RMSE = 3.080740
	Test cost = 0.996541,	Krip Loss = 0.996541,	RMSE = 3.375520
	Test cost = 0.997325,	Krip Loss = 0.997325,	RMSE = 2.079868
Epoch = 10
	Train cost = 0.993243,	Krip Loss = 0.993243,	RMSE = 2.969405
	Test cost = 0.996156,	Krip Loss = 0.996156,	RMSE = 3.255473
	Test cost = 0.998434,	Krip Loss = 0.998434,	RMSE = 2.006774
Epoch = 11
	Train cost = 0.991870,	Krip Loss = 0.991870,	RMSE = 2.856671
	Test cost = 0.995779,	Krip Loss = 0.995779,	RMSE = 3.135364
	Test cost = 0.999903,	Krip Loss = 0.999903,	RMSE = 1.933641
Epoch = 12
	Train cost = 0.990404,	Krip Loss = 0.990404,	RMSE = 2.744856
	Test cost = 0.995422,	Krip Loss = 0.995422,	RMSE = 3.017397
	Test cost = 1.001603,	Krip Loss = 1.001603,	RMSE = 1.861765
Epoch = 13
	Train cost = 0.988796,	Krip Loss = 0.988796,	RMSE = 2.634153
	Test cost = 0.994983,	Krip Loss = 0.994983,	RMSE = 2.899583
	Test cost = 1.003514,	Krip Loss = 1.003514,	RMSE = 1.791745
Epoch = 14
	Train cost = 0.986926,	Krip Loss = 0.986926,	RMSE = 2.522850
	Test cost = 0.994473,	Krip Loss = 0.994473,	RMSE = 2.779603
	Test cost = 1.005786,	Krip Loss = 1.005786,	RMSE = 1.723508
Epoch = 15
	Train cost = 0.984606,	Krip Loss = 0.984606,	RMSE = 2.408427
	Test cost = 0.994133,	Krip Loss = 0.994133,	RMSE = 2.655965
	Test cost = 1.008909,	Krip Loss = 1.008909,	RMSE = 1.656728
Epoch = 16
	Train cost = 0.981817,	Krip Loss = 0.981817,	RMSE = 2.290503
	Test cost = 0.994020,	Krip Loss = 0.994020,	RMSE = 2.530969
	Test cost = 1.012675,	Krip Loss = 1.012675,	RMSE = 1.591498
Epoch = 17
	Train cost = 0.978939,	Krip Loss = 0.978939,	RMSE = 2.174353
	Test cost = 0.993905,	Krip Loss = 0.993905,	RMSE = 2.408079
	Test cost = 1.016779,	Krip Loss = 1.016779,	RMSE = 1.529639
Epoch = 18
	Train cost = 0.976031,	Krip Loss = 0.976031,	RMSE = 2.065412
	Test cost = 0.993819,	Krip Loss = 0.993819,	RMSE = 2.291845
	Test cost = 1.021038,	Krip Loss = 1.021038,	RMSE = 1.475259
Epoch = 19
	Train cost = 0.973341,	Krip Loss = 0.973341,	RMSE = 1.971973
	Test cost = 0.993821,	Krip Loss = 0.993821,	RMSE = 2.196152
	Test cost = 1.024751,	Krip Loss = 1.024751,	RMSE = 1.434785
Epoch = 20
	Train cost = 0.970992,	Krip Loss = 0.970992,	RMSE = 1.897540
	Test cost = 0.993916,	Krip Loss = 0.993916,	RMSE = 2.120905
	Test cost = 1.027754,	Krip Loss = 1.027754,	RMSE = 1.405998
Epoch = 21
	Train cost = 0.968862,	Krip Loss = 0.968862,	RMSE = 1.837153
	Test cost = 0.994040,	Krip Loss = 0.994040,	RMSE = 2.058124
	Test cost = 1.030349,	Krip Loss = 1.030349,	RMSE = 1.383820
Epoch = 22
	Train cost = 0.966831,	Krip Loss = 0.966831,	RMSE = 1.785051
	Test cost = 0.994143,	Krip Loss = 0.994143,	RMSE = 2.002350
	Test cost = 1.032744,	Krip Loss = 1.032744,	RMSE = 1.365378
Epoch = 23
	Train cost = 0.964844,	Krip Loss = 0.964844,	RMSE = 1.737690
	Test cost = 0.994171,	Krip Loss = 0.994171,	RMSE = 1.950248
	Test cost = 1.034940,	Krip Loss = 1.034940,	RMSE = 1.349314
