nohup: ignoring input
Couldn't import dot_parser, loading of dot files will not be possible.
WARNING (theano.sandbox.cuda): The cuda backend is deprecated and will be removed in the next release.  Please switch to the gpuarray backend. You can get more information about how to switch at this URL:
 https://github.com/Theano/Theano/wiki/Converting-to-the-new-gpu-back-end%28gpuarray%29

Using gpu device 0: GeForce GTX TITAN X (CNMeM is disabled, cuDNN 5103)
audio b
/usr0/home/hongliay/code/Rapport/data_info/AMT_Batch1_results_large.csv
/usr0/home/hongliay/code/Rapport/data_info/AMT_Batch2_results_large.csv
/usr0/home/hongliay/code/Rapport/data_info/AMT_Batch3_results_large.csv
/usr0/home/hongliay/code/Rapport/data_info/AMT_Batch4_results_large.csv
D10S1
D10S2
D11S1
D11S2
D12S1
D12S2
D16S2
D17S1
D18S1
D3S1
D3S2
D4S1
D4S2
D5S1
D5S2
D6S1
D6S2
D7S1
D7S2
D8S1
D8S2
D9S1
D9S2
[3, 4, 7, 8, 9, 10, 11, 12, 16, 17, 18]
Validation Dyad = 17 	Testing Dyad = 3
RMSE of Average Prediction = 1.113759
(2834, 300, 148) (196, 300, 148) (382, 300, 148)
model = gru lambda = 0.0 share = False #class = 1 drop = 0.2 update = adam2
Compiling function
INFO (theano.gof.compilelock): Waiting for existing lock by process '134658' (I am process '134507')
INFO (theano.gof.compilelock): To manually release the lock, delete /usr0/home/hongliay/.theano/compiledir_Linux-3.19--generic-x86_64-with-Ubuntu-14.04-trusty-x86_64-2.7.6-64/lock_dir
Compilation done 1
Compilation done 2
Compilation done 3
Epoch = 1
	Train cost = 1.000370,	Krip Loss = 1.000370,	RMSE = 4.712344
	Test cost = 0.999774,	Krip Loss = 0.999774,	RMSE = 4.095765
	Test cost = 0.999641,	Krip Loss = 0.999641,	RMSE = 5.290982
Epoch = 2
	Train cost = 0.993570,	Krip Loss = 0.993570,	RMSE = 4.295830
	Test cost = 0.990300,	Krip Loss = 0.990300,	RMSE = 2.157895
	Test cost = 0.997042,	Krip Loss = 0.997042,	RMSE = 2.913195
Epoch = 3
	Train cost = 0.964878,	Krip Loss = 0.964878,	RMSE = 2.309986
	Test cost = 0.971926,	Krip Loss = 0.971926,	RMSE = 1.131408
	Test cost = 0.965181,	Krip Loss = 0.965181,	RMSE = 1.141053
Epoch = 4
	Train cost = 0.992665,	Krip Loss = 0.992665,	RMSE = 2.305118
	Test cost = 0.981542,	Krip Loss = 0.981542,	RMSE = 2.079365
	Test cost = 0.992174,	Krip Loss = 0.992174,	RMSE = 3.072074
Epoch = 5
	Train cost = 0.965476,	Krip Loss = 0.965476,	RMSE = 2.695248
	Test cost = 0.955592,	Krip Loss = 0.955592,	RMSE = 1.701859
	Test cost = 0.957494,	Krip Loss = 0.957494,	RMSE = 1.843693
Epoch = 6
	Train cost = 0.948776,	Krip Loss = 0.948776,	RMSE = 2.506858
	Test cost = 0.925819,	Krip Loss = 0.925819,	RMSE = 1.343875
	Test cost = 0.946053,	Krip Loss = 0.946053,	RMSE = 1.667240
Epoch = 7
	Train cost = 0.939778,	Krip Loss = 0.939778,	RMSE = 2.360734
	Test cost = 0.928516,	Krip Loss = 0.928516,	RMSE = 1.550862
	Test cost = 0.964410,	Krip Loss = 0.964410,	RMSE = 2.340944
Epoch = 8
	Train cost = 0.903186,	Krip Loss = 0.903186,	RMSE = 2.216518
	Test cost = 0.888218,	Krip Loss = 0.888218,	RMSE = 1.386767
	Test cost = 0.880880,	Krip Loss = 0.880880,	RMSE = 1.181743
Epoch = 9
	Train cost = 0.942834,	Krip Loss = 0.942834,	RMSE = 2.474797
	Test cost = 0.888190,	Krip Loss = 0.888190,	RMSE = 1.453613
	Test cost = 0.940947,	Krip Loss = 0.940947,	RMSE = 1.979874
Epoch = 10
	Train cost = 0.926446,	Krip Loss = 0.926446,	RMSE = 2.275283
	Test cost = 0.893216,	Krip Loss = 0.893216,	RMSE = 1.624100
	Test cost = 0.889569,	Krip Loss = 0.889569,	RMSE = 1.501209
Epoch = 11
	Train cost = 0.913367,	Krip Loss = 0.913367,	RMSE = 2.389440
	Test cost = 0.861189,	Krip Loss = 0.861189,	RMSE = 1.444839
	Test cost = 0.839548,	Krip Loss = 0.839548,	RMSE = 1.118488
Epoch = 12
	Train cost = 0.909057,	Krip Loss = 0.909057,	RMSE = 2.342661
	Test cost = 0.855108,	Krip Loss = 0.855108,	RMSE = 1.387128
	Test cost = 0.901920,	Krip Loss = 0.901920,	RMSE = 1.724004
Epoch = 13
	Train cost = 0.896897,	Krip Loss = 0.896897,	RMSE = 2.235240
	Test cost = 0.861492,	Krip Loss = 0.861492,	RMSE = 1.543370
	Test cost = 0.869965,	Krip Loss = 0.869965,	RMSE = 1.578370
Epoch = 14
	Train cost = 0.880965,	Krip Loss = 0.880965,	RMSE = 2.153878
	Test cost = 0.826152,	Krip Loss = 0.826152,	RMSE = 1.324122
	Test cost = 0.800250,	Krip Loss = 0.800250,	RMSE = 1.094853
Epoch = 15
	Train cost = 0.892144,	Krip Loss = 0.892144,	RMSE = 2.265993
	Test cost = 0.826087,	Krip Loss = 0.826087,	RMSE = 1.391779
	Test cost = 0.838043,	Krip Loss = 0.838043,	RMSE = 1.385108
Epoch = 16
	Train cost = 0.856280,	Krip Loss = 0.856280,	RMSE = 2.073616
	Test cost = 0.804639,	Krip Loss = 0.804639,	RMSE = 1.351657
	Test cost = 0.785709,	Krip Loss = 0.785709,	RMSE = 1.136375
Epoch = 17
	Train cost = 0.862483,	Krip Loss = 0.862483,	RMSE = 2.101768
	Test cost = 0.812357,	Krip Loss = 0.812357,	RMSE = 1.429490
	Test cost = 0.833291,	Krip Loss = 0.833291,	RMSE = 1.467965
Epoch = 18
	Train cost = 0.843471,	Krip Loss = 0.843471,	RMSE = 2.075059
	Test cost = 0.780246,	Krip Loss = 0.780246,	RMSE = 1.229576
	Test cost = 0.770448,	Krip Loss = 0.770448,	RMSE = 1.153792
Epoch = 19
	Train cost = 0.866935,	Krip Loss = 0.866935,	RMSE = 2.081125
	Test cost = 0.801485,	Krip Loss = 0.801485,	RMSE = 1.431101
	Test cost = 0.789375,	Krip Loss = 0.789375,	RMSE = 1.346617
Epoch = 20
	Train cost = 0.855707,	Krip Loss = 0.855707,	RMSE = 2.066609
	Test cost = 0.785778,	Krip Loss = 0.785778,	RMSE = 1.390723
	Test cost = 0.757832,	Krip Loss = 0.757832,	RMSE = 1.267866
Epoch = 21
	Train cost = 0.827495,	Krip Loss = 0.827495,	RMSE = 2.070575
	Test cost = 0.775887,	Krip Loss = 0.775887,	RMSE = 1.359437
	Test cost = 0.741787,	Krip Loss = 0.741787,	RMSE = 1.258185
Epoch = 22
	Train cost = 0.845964,	Krip Loss = 0.845964,	RMSE = 2.045211
	Test cost = 0.795331,	Krip Loss = 0.795331,	RMSE = 1.533849
	Test cost = 0.739920,	Krip Loss = 0.739920,	RMSE = 1.316897
Epoch = 23
	Train cost = 0.853682,	Krip Loss = 0.853682,	RMSE = 2.170167
	Test cost = 0.744803,	Krip Loss = 0.744803,	RMSE = 1.277558
	Test cost = 0.739723,	Krip Loss = 0.739723,	RMSE = 1.229697
Epoch = 24
	Train cost = 0.830060,	Krip Loss = 0.830060,	RMSE = 2.097001
	Test cost = 0.781150,	Krip Loss = 0.781150,	RMSE = 1.509101
	Test cost = 0.740743,	Krip Loss = 0.740743,	RMSE = 1.382341
Epoch = 25
	Train cost = 0.818137,	Krip Loss = 0.818137,	RMSE = 2.092834
	Test cost = 0.753369,	Krip Loss = 0.753369,	RMSE = 1.421702
	Test cost = 0.717691,	Krip Loss = 0.717691,	RMSE = 1.238158
Epoch = 26
	Train cost = 0.817402,	Krip Loss = 0.817402,	RMSE = 2.054808
	Test cost = 0.731044,	Krip Loss = 0.731044,	RMSE = 1.337458
	Test cost = 0.716914,	Krip Loss = 0.716914,	RMSE = 1.253549
Epoch = 27
	Train cost = 0.797227,	Krip Loss = 0.797227,	RMSE = 2.080772
	Test cost = 0.722691,	Krip Loss = 0.722691,	RMSE = 1.313964
	Test cost = 0.715491,	Krip Loss = 0.715491,	RMSE = 1.280491
Epoch = 28
	Train cost = 0.796715,	Krip Loss = 0.796715,	RMSE = 2.091024
	Test cost = 0.766575,	Krip Loss = 0.766575,	RMSE = 1.534965
	Test cost = 0.724238,	Krip Loss = 0.724238,	RMSE = 1.419706
Epoch = 29
	Train cost = 0.801958,	Krip Loss = 0.801958,	RMSE = 2.064424
	Test cost = 0.712387,	Krip Loss = 0.712387,	RMSE = 1.333308
	Test cost = 0.738755,	Krip Loss = 0.738755,	RMSE = 1.328381
Epoch = 30
	Train cost = 0.800177,	Krip Loss = 0.800177,	RMSE = 2.094758
	Test cost = 0.725051,	Krip Loss = 0.725051,	RMSE = 1.401101
	Test cost = 0.713277,	Krip Loss = 0.713277,	RMSE = 1.320405
Epoch = 31
	Train cost = 0.795556,	Krip Loss = 0.795556,	RMSE = 2.098242
	Test cost = 0.726782,	Krip Loss = 0.726782,	RMSE = 1.441018
	Test cost = 0.713742,	Krip Loss = 0.713742,	RMSE = 1.312980
Epoch = 32
	Train cost = 0.817857,	Krip Loss = 0.817857,	RMSE = 2.147116
	Test cost = 0.719971,	Krip Loss = 0.719971,	RMSE = 1.436492
	Test cost = 0.713008,	Krip Loss = 0.713008,	RMSE = 1.357097
Epoch = 33
	Train cost = 0.785631,	Krip Loss = 0.785631,	RMSE = 2.073902
	Test cost = 0.697225,	Krip Loss = 0.697225,	RMSE = 1.383448
	Test cost = 0.709711,	Krip Loss = 0.709711,	RMSE = 1.343069
Epoch = 34
