nohup: ignoring input
Using gpu device 0: GeForce GTX TITAN X (CNMeM is disabled, cuDNN 5103)
/usr/local/lib/python2.7/dist-packages/theano/sandbox/cuda/__init__.py:600: UserWarning: Your cuDNN version is more recent than the one Theano officially supports. If you see any problems, try updating Theano or downgrading cuDNN to version 5.
  warnings.warn(warn)
audio b
../data_info/AMT_Batch3_results_large.csv
../data_info/AMT_Batch1_results_large.csv
../data_info/AMT_Batch2_results_large.csv
../data_info/AMT_Batch4_results_large.csv
D10S1
D10S2
D11S1
D11S2
D12S1
D12S2
D16S2
D17S1
D18S1
D3S1
D3S2
D4S1
D4S2
D5S1
D5S2
D6S1
D6S2
D7S1
D7S2
D8S1
D8S2
D9S1
D9S2
Testing Dyad = 3
RMSE of Average Prediction = 1.091906
(3030, 300, 148) (382, 300, 148)
bi-naive
Compiling function
Compilation done 1
Compilation done 2
Epoch = 1
	Train cost = 1.000226,	RMSE = 3.762947
	Test cost = 1.001190,	RMSE = 3.787299
Epoch = 2
	Train cost = 0.999306,	RMSE = 3.804907
	Test cost = 0.999847,	RMSE = 3.848585
Epoch = 3
	Train cost = 0.997640,	RMSE = 3.782228
	Test cost = 0.997672,	RMSE = 3.748383
Epoch = 4
	Train cost = 0.990742,	RMSE = 3.687516
	Test cost = 0.988999,	RMSE = 3.375808
Epoch = 5
	Train cost = 0.972384,	RMSE = 3.405473
	Test cost = 0.971532,	RMSE = 3.008620
Epoch = 6
	Train cost = 0.946156,	RMSE = 3.169620
	Test cost = 0.964621,	RMSE = 2.735458
Epoch = 7
	Train cost = 0.931798,	RMSE = 3.075196
	Test cost = 0.927511,	RMSE = 2.742703
Epoch = 8
	Train cost = 0.924374,	RMSE = 3.322142
	Test cost = 0.986288,	RMSE = 2.040731
Epoch = 9
	Train cost = 0.907633,	RMSE = 2.900464
	Test cost = 0.952415,	RMSE = 1.980963
Epoch = 10
	Train cost = 0.904405,	RMSE = 3.000018
	Test cost = 0.950130,	RMSE = 1.818526
Epoch = 11
	Train cost = 0.882592,	RMSE = 2.746850
	Test cost = 0.931186,	RMSE = 1.730310
Epoch = 12
	Train cost = 0.865883,	RMSE = 2.781394
	Test cost = 0.954334,	RMSE = 1.506339
Epoch = 13
	Train cost = 0.881444,	RMSE = 2.969121
	Test cost = 0.906803,	RMSE = 1.521625
Epoch = 14
	Train cost = 0.874142,	RMSE = 2.900420
	Test cost = 0.927615,	RMSE = 1.271449
Epoch = 15
	Train cost = 0.873994,	RMSE = 2.809986
	Test cost = 0.933096,	RMSE = 1.268686
Epoch = 16
	Train cost = 0.868555,	RMSE = 3.176910
	Test cost = 0.926752,	RMSE = 1.128996
Epoch = 17
	Train cost = 0.847584,	RMSE = 2.630498
	Test cost = 0.908208,	RMSE = 1.275055
Epoch = 18
	Train cost = 0.845038,	RMSE = 2.779461
	Test cost = 0.915041,	RMSE = 1.092720
Epoch = 19
	Train cost = 0.856077,	RMSE = 2.808735
	Test cost = 0.887282,	RMSE = 1.236266
Epoch = 20
	Train cost = 0.839449,	RMSE = 2.566673
	Test cost = 0.885639,	RMSE = 1.330043
Epoch = 21
	Train cost = 0.864708,	RMSE = 2.874451
	Test cost = 0.915260,	RMSE = 1.273387
Epoch = 22
	Train cost = 0.841315,	RMSE = 2.978839
	Test cost = 0.908575,	RMSE = 1.226429
Epoch = 23
	Train cost = 0.841961,	RMSE = 2.834549
	Test cost = 0.892855,	RMSE = 1.199962
Epoch = 24
	Train cost = 0.836965,	RMSE = 2.719551
	Test cost = 0.903292,	RMSE = 1.252749
Epoch = 25
	Train cost = 0.846235,	RMSE = 2.738773
	Test cost = 0.905398,	RMSE = 1.241187
Epoch = 26
	Train cost = 0.839988,	RMSE = 2.780371
	Test cost = 0.911400,	RMSE = 1.286151
Epoch = 27
	Train cost = 0.836207,	RMSE = 2.719848
	Test cost = 0.895594,	RMSE = 1.233327
Epoch = 28
	Train cost = 0.830969,	RMSE = 2.721881
	Test cost = 0.918151,	RMSE = 1.272252
Epoch = 29
	Train cost = 0.842878,	RMSE = 2.747225
	Test cost = 0.923385,	RMSE = 1.260700
Epoch = 30
	Train cost = 0.833288,	RMSE = 2.797855
	Test cost = 0.931666,	RMSE = 1.244973
Epoch = 31
	Train cost = 0.843979,	RMSE = 2.807498
	Test cost = 0.936291,	RMSE = 1.244543
Epoch = 32
	Train cost = 0.857074,	RMSE = 2.798498
	Test cost = 0.934124,	RMSE = 1.257994
Epoch = 33
	Train cost = 0.822798,	RMSE = 2.550158
	Test cost = 0.930484,	RMSE = 1.318434
Epoch = 34
	Train cost = 0.842036,	RMSE = 2.760597
	Test cost = 0.935362,	RMSE = 1.339516
Epoch = 35
	Train cost = 0.845383,	RMSE = 2.871052
	Test cost = 0.948866,	RMSE = 1.366875
Epoch = 36
	Train cost = 0.840322,	RMSE = 2.722674
	Test cost = 0.941536,	RMSE = 1.367872
Epoch = 37
	Train cost = 0.836035,	RMSE = 2.750735
	Test cost = 0.933739,	RMSE = 1.359973
Epoch = 38
	Train cost = 0.835781,	RMSE = 2.735103
	Test cost = 0.935890,	RMSE = 1.386675
Epoch = 39
	Train cost = 0.834182,	RMSE = 2.824861
	Test cost = 0.938575,	RMSE = 1.382558
Epoch = 40
	Train cost = 0.830285,	RMSE = 2.730247
	Test cost = 0.932971,	RMSE = 1.408592
Epoch = 41
	Train cost = 0.828399,	RMSE = 2.823669
	Test cost = 0.932364,	RMSE = 1.386827
Epoch = 42
	Train cost = 0.841685,	RMSE = 2.823604
	Test cost = 0.940810,	RMSE = 1.468723
Epoch = 43
	Train cost = 0.833443,	RMSE = 2.744760
	Test cost = 0.927772,	RMSE = 1.392533
Epoch = 44
	Train cost = 0.828087,	RMSE = 2.674433
	Test cost = 0.937144,	RMSE = 1.466084
Epoch = 45
	Train cost = 0.835740,	RMSE = 2.774241
	Test cost = 0.924700,	RMSE = 1.426949
Epoch = 46
	Train cost = 0.821586,	RMSE = 2.672007
	Test cost = 0.928412,	RMSE = 1.420918
Epoch = 47
	Train cost = 0.820735,	RMSE = 2.764557
	Test cost = 0.931031,	RMSE = 1.459885
Epoch = 48
	Train cost = 0.831650,	RMSE = 2.735413
	Test cost = 0.926617,	RMSE = 1.453311
Epoch = 49
	Train cost = 0.820656,	RMSE = 2.767445
	Test cost = 0.916115,	RMSE = 1.427845
Epoch = 50
	Train cost = 0.806873,	RMSE = 2.591008
	Test cost = 0.921096,	RMSE = 1.446622
Epoch = 51
	Train cost = 0.828124,	RMSE = 2.718030
	Test cost = 0.934848,	RMSE = 1.503525
Epoch = 52
	Train cost = 0.814066,	RMSE = 2.751783
	Test cost = 0.931843,	RMSE = 1.459783
Epoch = 53
	Train cost = 0.826051,	RMSE = 2.751259
	Test cost = 0.934774,	RMSE = 1.475047
Epoch = 54
	Train cost = 0.825146,	RMSE = 2.703596
	Test cost = 0.925138,	RMSE = 1.466655
Epoch = 55
	Train cost = 0.825960,	RMSE = 2.774769
	Test cost = 0.934022,	RMSE = 1.486924
Epoch = 56
	Train cost = 0.826862,	RMSE = 2.628795
	Test cost = 0.927832,	RMSE = 1.455181
Epoch = 57
	Train cost = 0.810410,	RMSE = 2.719658
	Test cost = 0.932623,	RMSE = 1.471542
Epoch = 58
	Train cost = 0.818108,	RMSE = 2.684993
	Test cost = 0.925694,	RMSE = 1.467530
Epoch = 59
	Train cost = 0.826346,	RMSE = 2.704978
	Test cost = 0.926835,	RMSE = 1.473451
Epoch = 60
	Train cost = 0.823060,	RMSE = 2.722433
	Test cost = 0.922719,	RMSE = 1.470533
Testing Dyad = 4
RMSE of Average Prediction = 1.768327
(3206, 300, 148) (206, 300, 148)
bi-naive
Compiling function
Compilation done 1
Compilation done 2
Epoch = 1
	Train cost = 1.000438,	RMSE = 3.890307
	Test cost = 0.997069,	RMSE = 2.759025
Epoch = 2
	Train cost = 0.999810,	RMSE = 3.928581
	Test cost = 0.995259,	RMSE = 2.762900
Epoch = 3
	Train cost = 0.998784,	RMSE = 3.848906
	Test cost = 0.991460,	RMSE = 2.643513
Epoch = 4
	Train cost = 0.995613,	RMSE = 3.741489
	Test cost = 0.984561,	RMSE = 2.433219
Epoch = 5
	Train cost = 0.989889,	RMSE = 3.523223
	Test cost = 0.929648,	RMSE = 2.442262
Epoch = 6
	Train cost = 0.976502,	RMSE = 3.402304
	Test cost = 0.876091,	RMSE = 1.964670
Epoch = 7
	Train cost = 0.961416,	RMSE = 3.658803
	Test cost = 0.858202,	RMSE = 1.743623
Epoch = 8
	Train cost = 0.974285,	RMSE = 2.702542
	Test cost = 0.974733,	RMSE = 1.452311
Epoch = 9
	Train cost = 0.969167,	RMSE = 2.470521
	Test cost = 0.964470,	RMSE = 1.389577
Epoch = 10
	Train cost = 0.951320,	RMSE = 2.582955
	Test cost = 0.749673,	RMSE = 1.714008
Epoch = 11
	Train cost = 0.952377,	RMSE = 3.809995
	Test cost = 0.793913,	RMSE = 1.996730
Epoch = 12
	Train cost = 0.938904,	RMSE = 3.049788
	Test cost = 0.737734,	RMSE = 2.036309
Epoch = 13
	Train cost = 0.921084,	RMSE = 3.185825
	Test cost = 0.760967,	RMSE = 1.476012
Epoch = 14
	Train cost = 0.918802,	RMSE = 3.043571
	Test cost = 0.721990,	RMSE = 1.905201
Epoch = 15
	Train cost = 0.918896,	RMSE = 2.697924
	Test cost = 0.685077,	RMSE = 1.487035
Epoch = 16
	Train cost = 0.913148,	RMSE = 3.168509
	Test cost = 0.694887,	RMSE = 1.975182
Epoch = 17
	Train cost = 0.907502,	RMSE = 3.090009
	Test cost = 0.808818,	RMSE = 1.522190
Epoch = 18
	Train cost = 0.910121,	RMSE = 2.630382
	Test cost = 0.762949,	RMSE = 1.627459
Epoch = 19
	Train cost = 0.935735,	RMSE = 2.717845
	Test cost = 0.851011,	RMSE = 2.644509
Epoch = 20
	Train cost = 0.929460,	RMSE = 3.455100
	Test cost = 0.960212,	RMSE = 2.351835
Epoch = 21
	Train cost = 0.949393,	RMSE = 2.797399
	Test cost = 0.779060,	RMSE = 1.706358
Epoch = 22
	Train cost = 0.883961,	RMSE = 2.978390
	Test cost = 0.707555,	RMSE = 1.422432
Epoch = 23
	Train cost = 0.900141,	RMSE = 2.572393
	Test cost = 0.638929,	RMSE = 1.670677
Epoch = 24
	Train cost = 0.886947,	RMSE = 2.978075
	Test cost = 0.662771,	RMSE = 1.514628
Epoch = 25
	Train cost = 0.886303,	RMSE = 2.638673
	Test cost = 0.659095,	RMSE = 1.666135
Epoch = 26
	Train cost = 0.881029,	RMSE = 2.748294
	Test cost = 0.661929,	RMSE = 1.817075
Epoch = 27
	Train cost = 0.882113,	RMSE = 2.906358
	Test cost = 0.646844,	RMSE = 1.823108
Epoch = 28
	Train cost = 0.877838,	RMSE = 2.779187
	Test cost = 0.604185,	RMSE = 1.748022
Epoch = 29
	Train cost = 0.861149,	RMSE = 2.638836
	Test cost = 0.592764,	RMSE = 1.771253
Epoch = 30
	Train cost = 0.884097,	RMSE = 3.009737
	Test cost = 0.621635,	RMSE = 1.765479
Epoch = 31
	Train cost = 0.862158,	RMSE = 2.707760
	Test cost = 0.602960,	RMSE = 1.755033
Epoch = 32
	Train cost = 0.859556,	RMSE = 2.646779
	Test cost = 0.584268,	RMSE = 1.723663
Epoch = 33
	Train cost = 0.867269,	RMSE = 2.756350
	Test cost = 0.611239,	RMSE = 1.703623
Epoch = 34
	Train cost = 0.861214,	RMSE = 2.630133
	Test cost = 0.585623,	RMSE = 1.698310
Epoch = 35
	Train cost = 0.851510,	RMSE = 2.868087
	Test cost = 0.650997,	RMSE = 1.788040
Epoch = 36
	Train cost = 0.855009,	RMSE = 2.748691
	Test cost = 0.661205,	RMSE = 1.763722
Epoch = 37
	Train cost = 0.865356,	RMSE = 2.787634
	Test cost = 0.730933,	RMSE = 1.847892
Epoch = 38
	Train cost = 0.862471,	RMSE = 2.961689
	Test cost = 0.752402,	RMSE = 1.843042
Epoch = 39
	Train cost = 0.872069,	RMSE = 2.723440
	Test cost = 0.709090,	RMSE = 1.844252
Epoch = 40
	Train cost = 0.860041,	RMSE = 2.690449
	Test cost = 0.734192,	RMSE = 1.891064
Epoch = 41
	Train cost = 0.861905,	RMSE = 2.808235
	Test cost = 0.767560,	RMSE = 1.983888
Epoch = 42
	Train cost = 0.872329,	RMSE = 2.730954
	Test cost = 0.690596,	RMSE = 1.751701
Epoch = 43
	Train cost = 0.858831,	RMSE = 2.688061
	Test cost = 0.696355,	RMSE = 1.863470
Epoch = 44
	Train cost = 0.850511,	RMSE = 2.698190
	Test cost = 0.671145,	RMSE = 1.788447
Epoch = 45
	Train cost = 0.854636,	RMSE = 2.736391
	Test cost = 0.714002,	RMSE = 1.877549
Epoch = 46
	Train cost = 0.848568,	RMSE = 2.633098
	Test cost = 0.737203,	RMSE = 1.926802
Epoch = 47
	Train cost = 0.854696,	RMSE = 2.727060
	Test cost = 0.731442,	RMSE = 1.932148
Epoch = 48
	Train cost = 0.865886,	RMSE = 2.764556
	Test cost = 0.770374,	RMSE = 2.067959
Epoch = 49
	Train cost = 0.869301,	RMSE = 2.781788
	Test cost = 0.755297,	RMSE = 1.996843
Epoch = 50
	Train cost = 0.850842,	RMSE = 2.780492
	Test cost = 0.777490,	RMSE = 2.086807
Epoch = 51
	Train cost = 0.848432,	RMSE = 2.688821
	Test cost = 0.744082,	RMSE = 1.962296
Epoch = 52
	Train cost = 0.853576,	RMSE = 2.720361
	Test cost = 0.719581,	RMSE = 2.013000
Epoch = 53
	Train cost = 0.859637,	RMSE = 2.797556
	Test cost = 0.744720,	RMSE = 2.053670
Epoch = 54
	Train cost = 0.861919,	RMSE = 2.683170
	Test cost = 0.752940,	RMSE = 2.147482
Epoch = 55
	Train cost = 0.836902,	RMSE = 2.679788
	Test cost = 0.723600,	RMSE = 1.964560
Epoch = 56
	Train cost = 0.854172,	RMSE = 2.831791
	Test cost = 0.761812,	RMSE = 2.099149
Epoch = 57
	Train cost = 0.856067,	RMSE = 2.708930
	Test cost = 0.708334,	RMSE = 2.065815
Epoch = 58
	Train cost = 0.863137,	RMSE = 2.912948
	Test cost = 0.714950,	RMSE = 2.048752
Epoch = 59
	Train cost = 0.837112,	RMSE = 2.719493
	Test cost = 0.710157,	RMSE = 2.073506
Epoch = 60
	Train cost = 0.860600,	RMSE = 2.804215
	Test cost = 0.714368,	RMSE = 2.154538
Testing Dyad = 7
RMSE of Average Prediction = 1.252923
(3016, 300, 148) (396, 300, 148)
bi-naive
Compiling function
Compilation done 1
Compilation done 2
Epoch = 1
	Train cost = 1.000019,	RMSE = 3.714727
	Test cost = 0.999189,	RMSE = 4.187838
Epoch = 2
	Train cost = 0.998934,	RMSE = 3.642367
	Test cost = 0.998940,	RMSE = 4.092929
Epoch = 3
	Train cost = 0.996546,	RMSE = 3.581403
	Test cost = 0.998139,	RMSE = 3.983974
Epoch = 4
	Train cost = 0.995013,	RMSE = 3.386275
	Test cost = 0.997399,	RMSE = 3.758338
Epoch = 5
	Train cost = 0.984868,	RMSE = 3.234234
	Test cost = 0.996061,	RMSE = 3.416239
Epoch = 6
	Train cost = 0.969497,	RMSE = 3.196215
	Test cost = 0.993496,	RMSE = 3.303275
Epoch = 7
	Train cost = 0.950317,	RMSE = 3.196121
	Test cost = 0.988744,	RMSE = 3.470931
Epoch = 8
	Train cost = 0.933629,	RMSE = 3.042059
	Test cost = 0.989122,	RMSE = 3.189572
Epoch = 9
	Train cost = 0.907337,	RMSE = 2.992056
	Test cost = 0.991121,	RMSE = 2.514488
Epoch = 10
	Train cost = 0.915800,	RMSE = 2.947462
	Test cost = 0.988664,	RMSE = 2.357216
Epoch = 11
	Train cost = 0.895092,	RMSE = 2.742964
	Test cost = 0.985166,	RMSE = 2.129927
Epoch = 12
	Train cost = 0.883680,	RMSE = 2.747182
	Test cost = 0.984696,	RMSE = 2.177120
Epoch = 13
	Train cost = 0.888745,	RMSE = 2.839348
	Test cost = 0.978236,	RMSE = 2.032010
Epoch = 14
	Train cost = 0.875213,	RMSE = 2.692695
	Test cost = 0.977040,	RMSE = 2.041663
Epoch = 15
	Train cost = 0.878107,	RMSE = 2.726758
	Test cost = 0.977418,	RMSE = 2.249853
Epoch = 16
	Train cost = 0.891730,	RMSE = 2.972901
	Test cost = 0.975705,	RMSE = 2.149727
Epoch = 17
	Train cost = 0.861286,	RMSE = 2.845147
	Test cost = 0.970321,	RMSE = 2.021104
Epoch = 18
	Train cost = 0.852488,	RMSE = 2.781365
	Test cost = 0.965478,	RMSE = 1.933961
Epoch = 19
	Train cost = 0.862489,	RMSE = 2.838316
	Test cost = 0.960349,	RMSE = 1.836416
Epoch = 20
	Train cost = 0.864447,	RMSE = 2.808639
	Test cost = 0.952787,	RMSE = 1.670912
Epoch = 21
	Train cost = 0.867874,	RMSE = 2.751441
	Test cost = 0.946475,	RMSE = 1.657618
Epoch = 22
	Train cost = 0.863056,	RMSE = 2.940233
	Test cost = 0.948948,	RMSE = 1.628661
Epoch = 23
	Train cost = 0.877241,	RMSE = 2.950892
	Test cost = 0.944625,	RMSE = 1.543573
Epoch = 24
	Train cost = 0.858459,	RMSE = 2.944106
	Test cost = 0.949176,	RMSE = 1.378484
Epoch = 25
	Train cost = 0.868427,	RMSE = 2.796439
	Test cost = 0.951469,	RMSE = 1.357547
Epoch = 26
	Train cost = 0.863077,	RMSE = 2.946396
	Test cost = 0.943636,	RMSE = 1.425673
Epoch = 27
	Train cost = 0.853485,	RMSE = 2.847070
	Test cost = 0.949005,	RMSE = 1.267260
Epoch = 28
	Train cost = 0.840038,	RMSE = 2.766350
	Test cost = 0.945454,	RMSE = 1.236576
Epoch = 29
	Train cost = 0.860083,	RMSE = 2.739343
	Test cost = 0.947974,	RMSE = 1.273984
Epoch = 30
	Train cost = 0.864027,	RMSE = 3.038099
	Test cost = 0.941484,	RMSE = 1.249701
Epoch = 31
	Train cost = 0.869135,	RMSE = 2.720369
	Test cost = 0.955447,	RMSE = 1.357505
Epoch = 32
	Train cost = 0.873882,	RMSE = 2.818939
	Test cost = 0.960810,	RMSE = 1.342487
Epoch = 33
	Train cost = 0.848990,	RMSE = 2.948016
	Test cost = 0.942202,	RMSE = 1.362156
Epoch = 34
	Train cost = 0.857187,	RMSE = 2.665411
	Test cost = 0.938916,	RMSE = 1.567400
Epoch = 35
	Train cost = 0.843744,	RMSE = 2.681552
	Test cost = 0.927856,	RMSE = 1.586754
Epoch = 36
	Train cost = 0.856524,	RMSE = 3.001162
	Test cost = 0.945393,	RMSE = 1.443627
Epoch = 37
	Train cost = 0.847661,	RMSE = 2.796621
	Test cost = 0.939141,	RMSE = 1.392611
Epoch = 38
	Train cost = 0.843620,	RMSE = 2.789717
	Test cost = 0.944928,	RMSE = 1.406279
Epoch = 39
	Train cost = 0.843987,	RMSE = 2.706135
	Test cost = 0.932228,	RMSE = 1.419415
Epoch = 40
	Train cost = 0.841982,	RMSE = 2.737603
	Test cost = 0.938063,	RMSE = 1.456735
Epoch = 41
	Train cost = 0.833696,	RMSE = 2.691350
	Test cost = 0.933163,	RMSE = 1.392620
Epoch = 42
	Train cost = 0.842835,	RMSE = 2.678573
	Test cost = 0.940001,	RMSE = 1.349458
Epoch = 43
	Train cost = 0.821015,	RMSE = 2.588985
	Test cost = 0.948209,	RMSE = 1.272910
Epoch = 44
	Train cost = 0.865372,	RMSE = 2.887753
	Test cost = 0.943964,	RMSE = 1.316219
Epoch = 45
	Train cost = 0.852214,	RMSE = 2.754005
	Test cost = 0.936368,	RMSE = 1.415433
Epoch = 46
	Train cost = 0.838036,	RMSE = 2.812648
	Test cost = 0.948863,	RMSE = 1.355187
Epoch = 47
	Train cost = 0.843203,	RMSE = 2.757111
	Test cost = 0.943221,	RMSE = 1.335446
Epoch = 48
	Train cost = 0.830255,	RMSE = 2.664710
	Test cost = 0.935694,	RMSE = 1.417976
Epoch = 49
	Train cost = 0.837951,	RMSE = 2.681358
	Test cost = 0.940268,	RMSE = 1.413917
Epoch = 50
	Train cost = 0.835586,	RMSE = 2.646024
	Test cost = 0.944237,	RMSE = 1.370376
Epoch = 51
	Train cost = 0.827876,	RMSE = 2.747822
	Test cost = 0.941717,	RMSE = 1.334866
Epoch = 52
	Train cost = 0.851994,	RMSE = 2.797652
	Test cost = 0.947943,	RMSE = 1.367411
Epoch = 53
	Train cost = 0.838424,	RMSE = 2.649157
	Test cost = 0.931576,	RMSE = 1.490676
Epoch = 54
	Train cost = 0.844996,	RMSE = 2.717031
	Test cost = 0.934199,	RMSE = 1.460888
Epoch = 55
	Train cost = 0.824745,	RMSE = 2.659655
	Test cost = 0.941744,	RMSE = 1.369033
Epoch = 56
	Train cost = 0.839291,	RMSE = 2.771901
	Test cost = 0.950830,	RMSE = 1.393119
Epoch = 57
	Train cost = 0.849644,	RMSE = 2.818029
	Test cost = 0.939437,	RMSE = 1.464302
Epoch = 58
	Train cost = 0.826258,	RMSE = 2.656306
	Test cost = 0.940466,	RMSE = 1.555866
Epoch = 59
	Train cost = 0.832827,	RMSE = 2.700941
	Test cost = 0.938926,	RMSE = 1.507498
Epoch = 60
	Train cost = 0.827164,	RMSE = 2.706683
	Test cost = 0.943875,	RMSE = 1.383213
Testing Dyad = 8
RMSE of Average Prediction = 1.482276
(3076, 300, 148) (336, 300, 148)
bi-naive
Compiling function
Compilation done 1
Compilation done 2
Epoch = 1
	Train cost = 1.000630,	RMSE = 3.921196
	Test cost = 1.000565,	RMSE = 2.824071
Epoch = 2
	Train cost = 0.998920,	RMSE = 3.917311
	Test cost = 1.000433,	RMSE = 2.805058
Epoch = 3
	Train cost = 0.997973,	RMSE = 3.857285
	Test cost = 1.000621,	RMSE = 2.798427
Epoch = 4
	Train cost = 0.995628,	RMSE = 3.870757
	Test cost = 0.998657,	RMSE = 2.927343
Epoch = 5
	Train cost = 0.986738,	RMSE = 3.810834
	Test cost = 0.989162,	RMSE = 3.220504
Epoch = 6
	Train cost = 0.966427,	RMSE = 3.557878
	Test cost = 0.985972,	RMSE = 3.369627
Epoch = 7
	Train cost = 0.953584,	RMSE = 3.759010
	Test cost = 0.986034,	RMSE = 3.699578
Epoch = 8
	Train cost = 0.950436,	RMSE = 3.321071
	Test cost = 0.987236,	RMSE = 3.803269
Epoch = 9
	Train cost = 0.938504,	RMSE = 3.643386
	Test cost = 0.900430,	RMSE = 2.352708
Epoch = 10
	Train cost = 0.930462,	RMSE = 3.197957
	Test cost = 0.916347,	RMSE = 2.824959
Epoch = 11
	Train cost = 0.912076,	RMSE = 2.787755
	Test cost = 0.940644,	RMSE = 3.393003
Epoch = 12
	Train cost = 0.902961,	RMSE = 2.828130
	Test cost = 0.924791,	RMSE = 3.265780
Epoch = 13
	Train cost = 0.900470,	RMSE = 2.595406
	Test cost = 0.972350,	RMSE = 4.273743
Epoch = 14
	Train cost = 0.884225,	RMSE = 2.901248
	Test cost = 0.923285,	RMSE = 3.128833
Epoch = 15
	Train cost = 0.881661,	RMSE = 2.759649
	Test cost = 0.917178,	RMSE = 3.244187
Epoch = 16
	Train cost = 0.890974,	RMSE = 2.757693
	Test cost = 0.944664,	RMSE = 3.866174
Epoch = 17
	Train cost = 0.886140,	RMSE = 3.042785
	Test cost = 0.921000,	RMSE = 3.536442
Epoch = 18
	Train cost = 0.897032,	RMSE = 2.884392
	Test cost = 0.929528,	RMSE = 3.712283
Epoch = 19
	Train cost = 0.868299,	RMSE = 2.838494
	Test cost = 0.927522,	RMSE = 3.783751
Epoch = 20
	Train cost = 0.862602,	RMSE = 2.658197
	Test cost = 0.922542,	RMSE = 3.791424
Epoch = 21
	Train cost = 0.859981,	RMSE = 2.685708
	Test cost = 0.905410,	RMSE = 3.256165
Epoch = 22
	Train cost = 0.851830,	RMSE = 2.718282
	Test cost = 0.911059,	RMSE = 3.490781
Epoch = 23
	Train cost = 0.860955,	RMSE = 2.761433
	Test cost = 0.895622,	RMSE = 3.446406
Epoch = 24
	Train cost = 0.866344,	RMSE = 2.731377
	Test cost = 0.917185,	RMSE = 3.871238
Epoch = 25
	Train cost = 0.856850,	RMSE = 2.940517
	Test cost = 0.848188,	RMSE = 2.669210
Epoch = 26
	Train cost = 0.853838,	RMSE = 2.635207
	Test cost = 0.888823,	RMSE = 3.230684
Epoch = 27
	Train cost = 0.860508,	RMSE = 2.752225
	Test cost = 0.913402,	RMSE = 3.680607
Epoch = 28
	Train cost = 0.837962,	RMSE = 2.669294
	Test cost = 0.925673,	RMSE = 3.874879
Epoch = 29
	Train cost = 0.848438,	RMSE = 2.661247
	Test cost = 0.915551,	RMSE = 3.634500
Epoch = 30
	Train cost = 0.853734,	RMSE = 2.649006
	Test cost = 0.914768,	RMSE = 3.696313
Epoch = 31
	Train cost = 0.840037,	RMSE = 2.798840
	Test cost = 0.897212,	RMSE = 3.653193
Epoch = 32
	Train cost = 0.870311,	RMSE = 2.626046
	Test cost = 0.912884,	RMSE = 3.573982
Epoch = 33
	Train cost = 0.865614,	RMSE = 2.835176
	Test cost = 0.929708,	RMSE = 4.240054
Epoch = 34
	Train cost = 0.862491,	RMSE = 3.018401
	Test cost = 0.911230,	RMSE = 4.029223
Epoch = 35
	Train cost = 0.865649,	RMSE = 2.945376
	Test cost = 0.920735,	RMSE = 4.160552
Epoch = 36
	Train cost = 0.865389,	RMSE = 2.840175
	Test cost = 0.922323,	RMSE = 4.142614
Epoch = 37
	Train cost = 0.840156,	RMSE = 2.732909
	Test cost = 0.907243,	RMSE = 3.502533
Epoch = 38
	Train cost = 0.838831,	RMSE = 2.642541
	Test cost = 0.925839,	RMSE = 4.164559
Epoch = 39
	Train cost = 0.862768,	RMSE = 3.004825
	Test cost = 0.878060,	RMSE = 3.130842
Epoch = 40
	Train cost = 0.837831,	RMSE = 2.765509
	Test cost = 0.895554,	RMSE = 3.849454
Epoch = 41
	Train cost = 0.851960,	RMSE = 2.710266
	Test cost = 0.917788,	RMSE = 4.016349
Epoch = 42
	Train cost = 0.839691,	RMSE = 2.658051
	Test cost = 0.909686,	RMSE = 3.545697
Epoch = 43
	Train cost = 0.815917,	RMSE = 2.638382
	Test cost = 0.904097,	RMSE = 3.632611
Epoch = 44
	Train cost = 0.833715,	RMSE = 2.822767
	Test cost = 0.915600,	RMSE = 4.136898
Epoch = 45
	Train cost = 0.839359,	RMSE = 2.722924
	Test cost = 0.917035,	RMSE = 4.098441
Epoch = 46
	Train cost = 0.839998,	RMSE = 2.855222
	Test cost = 0.917175,	RMSE = 3.830168
Epoch = 47
	Train cost = 0.832715,	RMSE = 2.684558
	Test cost = 0.907488,	RMSE = 3.757651
Epoch = 48
	Train cost = 0.841860,	RMSE = 2.685090
	Test cost = 0.911633,	RMSE = 3.639075
Epoch = 49
	Train cost = 0.855005,	RMSE = 2.871923
	Test cost = 0.917403,	RMSE = 4.298604
Epoch = 50
	Train cost = 0.833928,	RMSE = 2.906560
	Test cost = 0.896333,	RMSE = 3.629465
Epoch = 51
	Train cost = 0.833108,	RMSE = 2.674952
	Test cost = 0.901621,	RMSE = 3.716285
Epoch = 52
	Train cost = 0.850202,	RMSE = 2.896418
	Test cost = 0.910205,	RMSE = 4.140420
Epoch = 53
	Train cost = 0.839131,	RMSE = 2.782900
	Test cost = 0.906346,	RMSE = 3.841091
Epoch = 54
	Train cost = 0.821744,	RMSE = 2.666913
	Test cost = 0.899271,	RMSE = 3.831995
Epoch = 55
	Train cost = 0.842938,	RMSE = 2.873151
	Test cost = 0.878678,	RMSE = 3.441615
Epoch = 56
	Train cost = 0.839260,	RMSE = 2.609599
	Test cost = 0.909287,	RMSE = 3.896234
Epoch = 57
	Train cost = 0.833158,	RMSE = 2.919050
	Test cost = 0.885889,	RMSE = 3.581084
Epoch = 58
	Train cost = 0.854273,	RMSE = 2.632715
	Test cost = 0.915280,	RMSE = 3.964650
Epoch = 59
	Train cost = 0.826359,	RMSE = 2.755673
	Test cost = 0.883741,	RMSE = 3.253008
Epoch = 60
	Train cost = 0.837727,	RMSE = 2.825787
	Test cost = 0.890972,	RMSE = 3.838039
Testing Dyad = 9
RMSE of Average Prediction = 0.944229
(3030, 300, 148) (382, 300, 148)
bi-naive
Compiling function
Compilation done 1
Compilation done 2
Epoch = 1
	Train cost = 1.001047,	RMSE = 3.771803
	Test cost = 1.000676,	RMSE = 3.863370
Epoch = 2
	Train cost = 0.998571,	RMSE = 3.752607
	Test cost = 0.999920,	RMSE = 3.802117
Epoch = 3
	Train cost = 0.997191,	RMSE = 3.678214
	Test cost = 0.998782,	RMSE = 3.713111
Epoch = 4
	Train cost = 0.992838,	RMSE = 3.570548
	Test cost = 0.994583,	RMSE = 3.694747
Epoch = 5
	Train cost = 0.975398,	RMSE = 3.479666
	Test cost = 0.973767,	RMSE = 4.003102
Epoch = 6
	Train cost = 0.959188,	RMSE = 3.352452
	Test cost = 0.958540,	RMSE = 2.947281
Epoch = 7
	Train cost = 0.957435,	RMSE = 3.044435
	Test cost = 0.944899,	RMSE = 3.319165
Epoch = 8
	Train cost = 0.934875,	RMSE = 3.120286
	Test cost = 0.931923,	RMSE = 2.706240
Epoch = 9
	Train cost = 0.934739,	RMSE = 3.541061
	Test cost = 0.968045,	RMSE = 2.225370
Epoch = 10
	Train cost = 0.932992,	RMSE = 2.731772
	Test cost = 0.919421,	RMSE = 2.316003
Epoch = 11
	Train cost = 0.912191,	RMSE = 2.835550
	Test cost = 0.948977,	RMSE = 1.900398
Epoch = 12
	Train cost = 0.913335,	RMSE = 2.785205
	Test cost = 0.895085,	RMSE = 2.025067
Epoch = 13
	Train cost = 0.895110,	RMSE = 2.839115
	Test cost = 0.865260,	RMSE = 2.114649
Epoch = 14
	Train cost = 0.880674,	RMSE = 2.772318
	Test cost = 0.866035,	RMSE = 1.789113
Epoch = 15
	Train cost = 0.879969,	RMSE = 2.743193
	Test cost = 0.843692,	RMSE = 2.105967
Epoch = 16
	Train cost = 0.890329,	RMSE = 3.015768
	Test cost = 0.873401,	RMSE = 1.450404
Epoch = 17
	Train cost = 0.890631,	RMSE = 2.836569
	Test cost = 0.873167,	RMSE = 1.491768
Epoch = 18
	Train cost = 0.876234,	RMSE = 2.962452
	Test cost = 0.888281,	RMSE = 1.176305
Epoch = 19
	Train cost = 0.872707,	RMSE = 2.714545
	Test cost = 0.809787,	RMSE = 1.426858
Epoch = 20
	Train cost = 0.889999,	RMSE = 2.907930
	Test cost = 0.780247,	RMSE = 1.551072
Epoch = 21
	Train cost = 0.849313,	RMSE = 2.797255
	Test cost = 0.791241,	RMSE = 1.432727
Epoch = 22
	Train cost = 0.868019,	RMSE = 2.851703
	Test cost = 0.783525,	RMSE = 1.417463
Epoch = 23
	Train cost = 0.843840,	RMSE = 2.676398
	Test cost = 0.771010,	RMSE = 1.297320
Epoch = 24
	Train cost = 0.859361,	RMSE = 2.684792
	Test cost = 0.765064,	RMSE = 1.425002
Epoch = 25
	Train cost = 0.873171,	RMSE = 3.241033
	Test cost = 0.839240,	RMSE = 1.085244
Epoch = 26
	Train cost = 0.861940,	RMSE = 2.802935
	Test cost = 0.823764,	RMSE = 1.119584
Epoch = 27
	Train cost = 0.858061,	RMSE = 2.688016
	Test cost = 0.788969,	RMSE = 1.123266
Epoch = 28
	Train cost = 0.884807,	RMSE = 2.871663
	Test cost = 0.779769,	RMSE = 1.276927
Epoch = 29
	Train cost = 0.849646,	RMSE = 2.752626
	Test cost = 0.824203,	RMSE = 1.104380
Epoch = 30
	Train cost = 0.865929,	RMSE = 2.766987
	Test cost = 0.808729,	RMSE = 1.131719
Epoch = 31
	Train cost = 0.840260,	RMSE = 2.803031
	Test cost = 0.772647,	RMSE = 0.997567
Epoch = 32
	Train cost = 0.857393,	RMSE = 2.784564
	Test cost = 0.805205,	RMSE = 1.026663
Epoch = 33
	Train cost = 0.874520,	RMSE = 2.945739
	Test cost = 0.806394,	RMSE = 0.960587
Epoch = 34
	Train cost = 0.858660,	RMSE = 2.731418
	Test cost = 0.821672,	RMSE = 1.097826
Epoch = 35
	Train cost = 0.862276,	RMSE = 2.804982
	Test cost = 0.794418,	RMSE = 1.093025
Epoch = 36
	Train cost = 0.839072,	RMSE = 2.695007
	Test cost = 0.750619,	RMSE = 1.091652
Epoch = 37
	Train cost = 0.834192,	RMSE = 2.638404
	Test cost = 0.746135,	RMSE = 1.030616
Epoch = 38
	Train cost = 0.846510,	RMSE = 2.751102
	Test cost = 0.756975,	RMSE = 1.098664
Epoch = 39
	Train cost = 0.860178,	RMSE = 2.777652
	Test cost = 0.785734,	RMSE = 1.009061
Epoch = 40
	Train cost = 0.857866,	RMSE = 2.872985
	Test cost = 0.784184,	RMSE = 1.004148
Epoch = 41
	Train cost = 0.831508,	RMSE = 2.651012
	Test cost = 0.728393,	RMSE = 1.042509
Epoch = 42
	Train cost = 0.841416,	RMSE = 2.732701
	Test cost = 0.770510,	RMSE = 1.086978
Epoch = 43
	Train cost = 0.835379,	RMSE = 2.721240
	Test cost = 0.809517,	RMSE = 0.995478
Epoch = 44
	Train cost = 0.840262,	RMSE = 2.666088
	Test cost = 0.764570,	RMSE = 0.975192
Epoch = 45
	Train cost = 0.830306,	RMSE = 2.640696
	Test cost = 0.758073,	RMSE = 0.950760
Epoch = 46
	Train cost = 0.859146,	RMSE = 2.855924
	Test cost = 0.775204,	RMSE = 1.066222
Epoch = 47
	Train cost = 0.834719,	RMSE = 2.700041
	Test cost = 0.761966,	RMSE = 0.977915
Epoch = 48
	Train cost = 0.838434,	RMSE = 2.744159
	Test cost = 0.695967,	RMSE = 0.977985
Epoch = 49
	Train cost = 0.842635,	RMSE = 2.759765
	Test cost = 0.760923,	RMSE = 1.011951
Epoch = 50
	Train cost = 0.848456,	RMSE = 2.770804
	Test cost = 0.747336,	RMSE = 0.996355
Epoch = 51
	Train cost = 0.828830,	RMSE = 2.814918
	Test cost = 0.715672,	RMSE = 0.949326
Epoch = 52
	Train cost = 0.841790,	RMSE = 2.687969
	Test cost = 0.748011,	RMSE = 0.989678
Epoch = 53
	Train cost = 0.837199,	RMSE = 2.666777
	Test cost = 0.752998,	RMSE = 0.942145
Epoch = 54
	Train cost = 0.834854,	RMSE = 2.741848
	Test cost = 0.743398,	RMSE = 0.938657
Epoch = 55
	Train cost = 0.834497,	RMSE = 2.643018
	Test cost = 0.745429,	RMSE = 0.960360
Epoch = 56
	Train cost = 0.844369,	RMSE = 2.678712
	Test cost = 0.712432,	RMSE = 0.997658
Epoch = 57
	Train cost = 0.823081,	RMSE = 2.705680
	Test cost = 0.712209,	RMSE = 1.014033
Epoch = 58
	Train cost = 0.842623,	RMSE = 2.746743
	Test cost = 0.729315,	RMSE = 1.008067
Epoch = 59
	Train cost = 0.824537,	RMSE = 2.564128
	Test cost = 0.725055,	RMSE = 1.047624
Epoch = 60
	Train cost = 0.824393,	RMSE = 2.633122
	Test cost = 0.712600,	RMSE = 0.981728
Testing Dyad = 10
RMSE of Average Prediction = 1.355091
(3058, 300, 148) (354, 300, 148)
bi-naive
Compiling function
Compilation done 1
Compilation done 2
Epoch = 1
	Train cost = 1.000517,	RMSE = 3.715868
	Test cost = 1.001128,	RMSE = 4.660910
Epoch = 2
	Train cost = 0.999106,	RMSE = 3.714883
	Test cost = 1.000894,	RMSE = 4.624654
Epoch = 3
	Train cost = 0.996706,	RMSE = 3.672351
	Test cost = 1.000731,	RMSE = 4.509976
Epoch = 4
	Train cost = 0.994971,	RMSE = 3.537904
	Test cost = 1.000265,	RMSE = 4.426666
Epoch = 5
	Train cost = 0.986333,	RMSE = 3.444449
	Test cost = 0.996492,	RMSE = 4.212549
Epoch = 6
	Train cost = 0.970756,	RMSE = 3.201034
	Test cost = 0.981355,	RMSE = 4.242585
Epoch = 7
	Train cost = 0.952516,	RMSE = 3.124331
	Test cost = 0.979731,	RMSE = 4.466644
Epoch = 8
	Train cost = 0.947795,	RMSE = 3.728234
	Test cost = 0.971782,	RMSE = 3.780017
Epoch = 9
	Train cost = 0.932921,	RMSE = 3.143515
	Test cost = 0.972829,	RMSE = 3.498970
Epoch = 10
	Train cost = 0.944885,	RMSE = 3.114913
	Test cost = 0.970095,	RMSE = 3.072248
Epoch = 11
	Train cost = 0.936094,	RMSE = 2.807400
	Test cost = 0.955971,	RMSE = 3.524517
Epoch = 12
	Train cost = 0.909983,	RMSE = 2.921308
	Test cost = 0.951093,	RMSE = 2.978624
Epoch = 13
	Train cost = 0.920149,	RMSE = 2.749654
	Test cost = 0.943463,	RMSE = 2.873749
Epoch = 14
	Train cost = 0.896767,	RMSE = 3.035403
	Test cost = 0.975716,	RMSE = 2.351487
Epoch = 15
	Train cost = 0.937347,	RMSE = 2.601501
	Test cost = 0.928119,	RMSE = 2.561251
Epoch = 16
	Train cost = 0.890685,	RMSE = 2.625357
	Test cost = 0.928701,	RMSE = 3.133050
Epoch = 17
	Train cost = 0.887156,	RMSE = 2.960167
	Test cost = 0.907479,	RMSE = 2.441522
Epoch = 18
	Train cost = 0.862094,	RMSE = 2.660525
	Test cost = 0.904648,	RMSE = 2.424217
Epoch = 19
	Train cost = 0.870249,	RMSE = 2.725537
	Test cost = 0.896918,	RMSE = 2.148252
Epoch = 20
	Train cost = 0.870640,	RMSE = 2.751512
	Test cost = 0.893544,	RMSE = 1.838584
Epoch = 21
	Train cost = 0.876997,	RMSE = 2.640251
	Test cost = 0.872541,	RMSE = 2.092205
Epoch = 22
	Train cost = 0.865350,	RMSE = 2.784501
	Test cost = 0.878172,	RMSE = 1.895263
Epoch = 23
	Train cost = 0.888687,	RMSE = 2.796320
	Test cost = 0.898827,	RMSE = 1.528201
Epoch = 24
	Train cost = 0.878884,	RMSE = 2.581684
	Test cost = 0.880502,	RMSE = 1.660780
Epoch = 25
	Train cost = 0.864718,	RMSE = 2.637552
	Test cost = 0.858265,	RMSE = 1.667878
Epoch = 26
	Train cost = 0.834858,	RMSE = 2.556705
	Test cost = 0.861117,	RMSE = 1.869016
Epoch = 27
	Train cost = 0.853061,	RMSE = 2.618850
	Test cost = 0.866778,	RMSE = 1.542732
Epoch = 28
	Train cost = 0.844959,	RMSE = 2.568414
	Test cost = 0.850826,	RMSE = 1.472363
Epoch = 29
	Train cost = 0.861146,	RMSE = 2.724582
	Test cost = 0.840363,	RMSE = 1.521912
Epoch = 30
	Train cost = 0.846746,	RMSE = 2.605622
	Test cost = 0.832873,	RMSE = 1.657525
Epoch = 31
	Train cost = 0.845457,	RMSE = 2.665793
	Test cost = 0.839687,	RMSE = 1.360835
Epoch = 32
	Train cost = 0.864527,	RMSE = 2.826493
	Test cost = 0.833745,	RMSE = 1.302317
Epoch = 33
	Train cost = 0.840100,	RMSE = 2.650010
	Test cost = 0.818958,	RMSE = 1.311576
Epoch = 34
	Train cost = 0.830147,	RMSE = 2.544790
	Test cost = 0.829370,	RMSE = 1.591684
Epoch = 35
	Train cost = 0.837540,	RMSE = 2.574330
	Test cost = 0.822939,	RMSE = 1.480701
Epoch = 36
	Train cost = 0.860445,	RMSE = 2.733186
	Test cost = 0.812859,	RMSE = 1.416915
Epoch = 37
	Train cost = 0.845145,	RMSE = 2.627031
	Test cost = 0.809336,	RMSE = 1.529753
Epoch = 38
	Train cost = 0.843287,	RMSE = 2.635621
	Test cost = 0.805945,	RMSE = 1.307035
Epoch = 39
	Train cost = 0.858342,	RMSE = 2.685952
	Test cost = 0.803527,	RMSE = 1.434563
Epoch = 40
	Train cost = 0.843107,	RMSE = 2.754181
	Test cost = 0.799439,	RMSE = 1.323476
Epoch = 41
	Train cost = 0.835474,	RMSE = 2.654059
	Test cost = 0.805554,	RMSE = 1.480424
Epoch = 42
	Train cost = 0.844317,	RMSE = 2.749219
	Test cost = 0.801359,	RMSE = 1.466047
Epoch = 43
	Train cost = 0.823106,	RMSE = 2.587533
	Test cost = 0.808199,	RMSE = 1.522309
Epoch = 44
	Train cost = 0.830593,	RMSE = 2.618019
	Test cost = 0.807162,	RMSE = 1.450190
Epoch = 45
	Train cost = 0.830314,	RMSE = 2.663869
	Test cost = 0.794953,	RMSE = 1.309351
Epoch = 46
	Train cost = 0.843154,	RMSE = 2.628972
	Test cost = 0.798993,	RMSE = 1.374875
Epoch = 47
	Train cost = 0.838582,	RMSE = 2.671186
	Test cost = 0.795442,	RMSE = 1.340731
Epoch = 48
	Train cost = 0.844359,	RMSE = 2.691961
	Test cost = 0.795487,	RMSE = 1.374699
Epoch = 49
	Train cost = 0.838450,	RMSE = 2.711246
	Test cost = 0.786583,	RMSE = 1.370669
Epoch = 50
	Train cost = 0.839732,	RMSE = 2.680629
	Test cost = 0.787187,	RMSE = 1.397001
Epoch = 51
	Train cost = 0.852704,	RMSE = 2.688609
	Test cost = 0.780744,	RMSE = 1.420020
Epoch = 52
	Train cost = 0.844865,	RMSE = 2.701990
	Test cost = 0.787230,	RMSE = 1.547156
Epoch = 53
	Train cost = 0.843243,	RMSE = 2.724647
	Test cost = 0.785595,	RMSE = 1.446143
Epoch = 54
	Train cost = 0.829166,	RMSE = 2.621707
	Test cost = 0.786297,	RMSE = 1.470500
Epoch = 55
	Train cost = 0.836804,	RMSE = 2.702575
	Test cost = 0.786454,	RMSE = 1.432102
Epoch = 56
	Train cost = 0.841344,	RMSE = 2.674198
	Test cost = 0.788787,	RMSE = 1.479500
Epoch = 57
	Train cost = 0.836226,	RMSE = 2.671464
	Test cost = 0.788174,	RMSE = 1.553862
Epoch = 58
	Train cost = 0.821825,	RMSE = 2.616381
	Test cost = 0.774045,	RMSE = 1.340513
Epoch = 59
	Train cost = 0.832018,	RMSE = 2.706656
	Test cost = 0.788732,	RMSE = 1.444155
Epoch = 60
	Train cost = 0.827573,	RMSE = 2.619346
	Test cost = 0.784599,	RMSE = 1.652517
Testing Dyad = 11
RMSE of Average Prediction = 1.293873
(3054, 300, 148) (358, 300, 148)
bi-naive
Compiling function
Compilation done 1
Compilation done 2
Epoch = 1
	Train cost = 1.001253,	RMSE = 3.733831
	Test cost = 0.999133,	RMSE = 4.359940
Epoch = 2
	Train cost = 0.998976,	RMSE = 3.726886
	Test cost = 0.999217,	RMSE = 4.358216
Epoch = 3
	Train cost = 0.998534,	RMSE = 3.647222
	Test cost = 0.998889,	RMSE = 4.300681
Epoch = 4
	Train cost = 0.996645,	RMSE = 3.656119
	Test cost = 0.998008,	RMSE = 4.373108
Epoch = 5
	Train cost = 0.989950,	RMSE = 3.628594
	Test cost = 0.991178,	RMSE = 4.199243
Epoch = 6
	Train cost = 0.974186,	RMSE = 3.330664
	Test cost = 0.981252,	RMSE = 4.097466
Epoch = 7
	Train cost = 0.961288,	RMSE = 3.158333
	Test cost = 0.979148,	RMSE = 3.382995
Epoch = 8
	Train cost = 0.955406,	RMSE = 2.866841
	Test cost = 0.962933,	RMSE = 3.506911
Epoch = 9
	Train cost = 0.938077,	RMSE = 3.323932
	Test cost = 0.955417,	RMSE = 3.644274
Epoch = 10
	Train cost = 0.943332,	RMSE = 2.794133
	Test cost = 0.953731,	RMSE = 3.047972
Epoch = 11
	Train cost = 0.927161,	RMSE = 2.916095
	Test cost = 0.920301,	RMSE = 2.923767
Epoch = 12
	Train cost = 0.899875,	RMSE = 2.788987
	Test cost = 0.896066,	RMSE = 2.526746
Epoch = 13
	Train cost = 0.893155,	RMSE = 2.616474
	Test cost = 0.914173,	RMSE = 3.182749
Epoch = 14
	Train cost = 0.895833,	RMSE = 2.774949
	Test cost = 0.879035,	RMSE = 2.606289
Epoch = 15
	Train cost = 0.869863,	RMSE = 2.729315
	Test cost = 0.858788,	RMSE = 2.316532
Epoch = 16
	Train cost = 0.879990,	RMSE = 2.696817
	Test cost = 0.870313,	RMSE = 2.624585
Epoch = 17
	Train cost = 0.871462,	RMSE = 2.725467
	Test cost = 0.850534,	RMSE = 2.379703
Epoch = 18
	Train cost = 0.867176,	RMSE = 2.635770
	Test cost = 0.868429,	RMSE = 2.657025
Epoch = 19
	Train cost = 0.876582,	RMSE = 2.658093
	Test cost = 0.872376,	RMSE = 2.904434
Epoch = 20
	Train cost = 0.853402,	RMSE = 2.738377
	Test cost = 0.840312,	RMSE = 2.277630
Epoch = 21
	Train cost = 0.880008,	RMSE = 2.658545
	Test cost = 0.807980,	RMSE = 2.149578
Epoch = 22
	Train cost = 0.880253,	RMSE = 2.923760
	Test cost = 0.821352,	RMSE = 2.225225
Epoch = 23
	Train cost = 0.887595,	RMSE = 2.901739
	Test cost = 0.758744,	RMSE = 1.602412
Epoch = 24
	Train cost = 0.867047,	RMSE = 2.754668
	Test cost = 0.799297,	RMSE = 2.042008
Epoch = 25
	Train cost = 0.873266,	RMSE = 2.660929
	Test cost = 0.800326,	RMSE = 2.029221
Epoch = 26
	Train cost = 0.842538,	RMSE = 2.709062
	Test cost = 0.780887,	RMSE = 1.901378
Epoch = 27
	Train cost = 0.855849,	RMSE = 2.633294
	Test cost = 0.820498,	RMSE = 2.358475
Epoch = 28
	Train cost = 0.865368,	RMSE = 2.738694
	Test cost = 0.782316,	RMSE = 1.977221
Epoch = 29
	Train cost = 0.866917,	RMSE = 2.705931
	Test cost = 0.765811,	RMSE = 1.763884
Epoch = 30
	Train cost = 0.861711,	RMSE = 2.635684
	Test cost = 0.787952,	RMSE = 2.061601
Epoch = 31
	Train cost = 0.857249,	RMSE = 2.803607
	Test cost = 0.805006,	RMSE = 2.171726
Epoch = 32
	Train cost = 0.848493,	RMSE = 2.662031
	Test cost = 0.768679,	RMSE = 1.901311
Epoch = 33
	Train cost = 0.856643,	RMSE = 2.601678
	Test cost = 0.773915,	RMSE = 2.022678
Epoch = 34
	Train cost = 0.870896,	RMSE = 2.794877
	Test cost = 0.762050,	RMSE = 1.855435
Epoch = 35
	Train cost = 0.848927,	RMSE = 2.557165
	Test cost = 0.768789,	RMSE = 1.895901
Epoch = 36
	Train cost = 0.843484,	RMSE = 2.684864
	Test cost = 0.761042,	RMSE = 1.843079
Epoch = 37
	Train cost = 0.861614,	RMSE = 2.679287
	Test cost = 0.765421,	RMSE = 1.916264
Epoch = 38
	Train cost = 0.850468,	RMSE = 2.776251
	Test cost = 0.774624,	RMSE = 2.106885
Epoch = 39
	Train cost = 0.851515,	RMSE = 2.806686
	Test cost = 0.748522,	RMSE = 1.848668
Epoch = 40
	Train cost = 0.857613,	RMSE = 2.816182
	Test cost = 0.751824,	RMSE = 1.797862
Epoch = 41
	Train cost = 0.846700,	RMSE = 2.614872
	Test cost = 0.747950,	RMSE = 1.885312
Epoch = 42
	Train cost = 0.847551,	RMSE = 2.680296
	Test cost = 0.795523,	RMSE = 2.189049
Epoch = 43
	Train cost = 0.841303,	RMSE = 2.760161
	Test cost = 0.761170,	RMSE = 1.846193
Epoch = 44
	Train cost = 0.832337,	RMSE = 2.642786
	Test cost = 0.774793,	RMSE = 2.078925
Epoch = 45
	Train cost = 0.850385,	RMSE = 2.769711
	Test cost = 0.754159,	RMSE = 1.872064
Epoch = 46
	Train cost = 0.844451,	RMSE = 2.869135
	Test cost = 0.748772,	RMSE = 1.872521
Epoch = 47
	Train cost = 0.836642,	RMSE = 2.633411
	Test cost = 0.777008,	RMSE = 2.187338
Epoch = 48
	Train cost = 0.843194,	RMSE = 2.764125
	Test cost = 0.770717,	RMSE = 2.028725
Epoch = 49
	Train cost = 0.849180,	RMSE = 2.776874
	Test cost = 0.781788,	RMSE = 2.060510
Epoch = 50
	Train cost = 0.832468,	RMSE = 2.610783
	Test cost = 0.768021,	RMSE = 1.979967
Epoch = 51
	Train cost = 0.836812,	RMSE = 2.704843
	Test cost = 0.767194,	RMSE = 1.961634
Epoch = 52
	Train cost = 0.846827,	RMSE = 2.783688
	Test cost = 0.736391,	RMSE = 1.787858
Epoch = 53
	Train cost = 0.838442,	RMSE = 2.734734
	Test cost = 0.757221,	RMSE = 1.967877
Epoch = 54
	Train cost = 0.843043,	RMSE = 2.761360
	Test cost = 0.735549,	RMSE = 1.794717
Epoch = 55
	Train cost = 0.840425,	RMSE = 2.684568
	Test cost = 0.741158,	RMSE = 1.814533
Epoch = 56
	Train cost = 0.852538,	RMSE = 2.774820
	Test cost = 0.737507,	RMSE = 1.912966
Epoch = 57
	Train cost = 0.846932,	RMSE = 2.742228
	Test cost = 0.748220,	RMSE = 1.859972
Epoch = 58
	Train cost = 0.840401,	RMSE = 2.691071
	Test cost = 0.773346,	RMSE = 2.137215
Epoch = 59
	Train cost = 0.818703,	RMSE = 2.639259
	Test cost = 0.751818,	RMSE = 1.869583
Epoch = 60
	Train cost = 0.834081,	RMSE = 2.677935
	Test cost = 0.747124,	RMSE = 1.764601
Testing Dyad = 12
RMSE of Average Prediction = 1.177035
(3016, 300, 148) (396, 300, 148)
bi-naive
Compiling function
Compilation done 1
Compilation done 2
Epoch = 1
	Train cost = 1.000880,	RMSE = 3.810651
	Test cost = 0.999496,	RMSE = 4.097600
Epoch = 2
	Train cost = 1.000039,	RMSE = 3.867534
	Test cost = 0.998688,	RMSE = 4.203181
Epoch = 3
	Train cost = 0.998447,	RMSE = 3.878939
	Test cost = 0.997466,	RMSE = 4.198135
Epoch = 4
	Train cost = 0.996590,	RMSE = 3.823788
	Test cost = 0.993873,	RMSE = 4.119422
Epoch = 5
	Train cost = 0.990068,	RMSE = 3.767504
	Test cost = 0.965868,	RMSE = 4.089129
Epoch = 6
	Train cost = 0.971758,	RMSE = 3.679593
	Test cost = 0.939202,	RMSE = 4.165663
Epoch = 7
	Train cost = 0.965410,	RMSE = 3.853516
	Test cost = 0.927782,	RMSE = 3.995242
Epoch = 8
	Train cost = 0.962786,	RMSE = 3.968555
	Test cost = 0.961150,	RMSE = 4.893589
Epoch = 9
	Train cost = 0.970326,	RMSE = 4.456544
	Test cost = 0.947807,	RMSE = 4.603111
Epoch = 10
	Train cost = 0.949133,	RMSE = 3.422446
	Test cost = 0.907973,	RMSE = 2.875733
Epoch = 11
	Train cost = 0.948975,	RMSE = 3.251679
	Test cost = 0.903350,	RMSE = 2.720834
Epoch = 12
	Train cost = 0.935677,	RMSE = 2.704048
	Test cost = 0.888153,	RMSE = 2.582740
Epoch = 13
	Train cost = 0.932359,	RMSE = 2.877421
	Test cost = 0.841865,	RMSE = 3.111857
Epoch = 14
	Train cost = 0.929102,	RMSE = 3.280831
	Test cost = 0.881422,	RMSE = 4.133232
Epoch = 15
	Train cost = 0.926559,	RMSE = 3.550471
	Test cost = 0.850975,	RMSE = 3.432690
Epoch = 16
	Train cost = 0.921363,	RMSE = 2.899737
	Test cost = 0.860673,	RMSE = 2.182475
Epoch = 17
	Train cost = 0.926187,	RMSE = 2.533735
	Test cost = 0.825049,	RMSE = 2.439327
Epoch = 18
	Train cost = 0.907063,	RMSE = 2.741805
	Test cost = 0.831055,	RMSE = 2.139476
Epoch = 19
	Train cost = 0.930453,	RMSE = 2.313612
	Test cost = 0.931013,	RMSE = 1.630640
Epoch = 20
	Train cost = 0.934729,	RMSE = 2.367496
	Test cost = 0.802346,	RMSE = 2.075560
Epoch = 21
	Train cost = 0.909396,	RMSE = 2.789780
	Test cost = 0.776265,	RMSE = 2.163473
Epoch = 22
	Train cost = 0.912444,	RMSE = 2.672093
	Test cost = 0.797226,	RMSE = 3.145418
Epoch = 23
	Train cost = 0.895030,	RMSE = 3.323459
	Test cost = 0.752863,	RMSE = 2.262754
Epoch = 24
	Train cost = 0.899959,	RMSE = 2.784806
	Test cost = 0.767699,	RMSE = 2.521670
Epoch = 25
	Train cost = 0.895438,	RMSE = 3.188986
	Test cost = 0.764981,	RMSE = 2.241518
Epoch = 26
	Train cost = 0.900575,	RMSE = 2.541994
	Test cost = 0.726419,	RMSE = 2.121754
Epoch = 27
	Train cost = 0.893629,	RMSE = 2.480391
	Test cost = 0.731129,	RMSE = 2.284666
Epoch = 28
	Train cost = 0.882820,	RMSE = 2.719598
	Test cost = 0.690389,	RMSE = 1.963908
Epoch = 29
	Train cost = 0.892587,	RMSE = 2.737637
	Test cost = 0.681098,	RMSE = 2.070138
Epoch = 30
	Train cost = 0.874877,	RMSE = 2.508824
	Test cost = 0.711247,	RMSE = 2.529349
Epoch = 31
	Train cost = 0.870889,	RMSE = 2.632383
	Test cost = 0.687635,	RMSE = 2.329533
Epoch = 32
	Train cost = 0.878378,	RMSE = 2.831472
	Test cost = 0.645533,	RMSE = 1.882758
Epoch = 33
	Train cost = 0.878199,	RMSE = 2.775852
	Test cost = 0.644853,	RMSE = 2.082963
Epoch = 34
	Train cost = 0.870632,	RMSE = 2.610575
	Test cost = 0.674341,	RMSE = 2.374489
Epoch = 35
	Train cost = 0.871812,	RMSE = 2.625113
	Test cost = 0.674521,	RMSE = 2.333357
Epoch = 36
	Train cost = 0.882496,	RMSE = 2.789516
	Test cost = 0.650561,	RMSE = 2.118104
Epoch = 37
	Train cost = 0.871608,	RMSE = 2.660196
	Test cost = 0.646386,	RMSE = 2.147266
Epoch = 38
	Train cost = 0.893705,	RMSE = 2.738999
	Test cost = 0.714190,	RMSE = 2.781245
Epoch = 39
	Train cost = 0.857176,	RMSE = 2.695907
	Test cost = 0.686537,	RMSE = 2.497157
Epoch = 40
	Train cost = 0.866458,	RMSE = 2.606763
	Test cost = 0.714322,	RMSE = 2.668948
Epoch = 41
	Train cost = 0.860723,	RMSE = 2.760401
	Test cost = 0.661178,	RMSE = 2.306183
Epoch = 42
	Train cost = 0.873350,	RMSE = 2.785687
	Test cost = 0.704981,	RMSE = 2.754394
Epoch = 43
	Train cost = 0.873550,	RMSE = 2.897616
	Test cost = 0.664719,	RMSE = 2.349916
Epoch = 44
	Train cost = 0.852665,	RMSE = 2.584670
	Test cost = 0.650542,	RMSE = 2.260697
Epoch = 45
	Train cost = 0.858545,	RMSE = 2.702640
	Test cost = 0.663337,	RMSE = 2.457716
Epoch = 46
	Train cost = 0.857147,	RMSE = 2.668602
	Test cost = 0.588839,	RMSE = 1.896665
Epoch = 47
	Train cost = 0.863069,	RMSE = 2.757370
	Test cost = 0.615695,	RMSE = 2.051506
Epoch = 48
	Train cost = 0.851913,	RMSE = 2.640039
	Test cost = 0.690862,	RMSE = 2.701502
Epoch = 49
	Train cost = 0.851855,	RMSE = 2.671840
	Test cost = 0.682826,	RMSE = 2.613531
Epoch = 50
	Train cost = 0.842811,	RMSE = 2.613510
	Test cost = 0.649533,	RMSE = 2.373809
Epoch = 51
	Train cost = 0.852220,	RMSE = 2.797069
	Test cost = 0.659939,	RMSE = 2.441497
Epoch = 52
	Train cost = 0.854179,	RMSE = 2.699261
	Test cost = 0.647769,	RMSE = 2.341457
Epoch = 53
	Train cost = 0.854360,	RMSE = 2.661820
	Test cost = 0.648301,	RMSE = 2.274157
Epoch = 54
	Train cost = 0.837769,	RMSE = 2.611882
	Test cost = 0.666092,	RMSE = 2.355478
Epoch = 55
	Train cost = 0.848901,	RMSE = 2.742835
	Test cost = 0.664007,	RMSE = 2.437687
Epoch = 56
	Train cost = 0.859008,	RMSE = 2.619608
	Test cost = 0.647609,	RMSE = 2.186508
Epoch = 57
	Train cost = 0.845677,	RMSE = 2.693873
	Test cost = 0.638959,	RMSE = 2.144105
Epoch = 58
	Train cost = 0.861480,	RMSE = 2.755717
	Test cost = 0.616926,	RMSE = 1.978492
Epoch = 59
	Train cost = 0.857002,	RMSE = 2.677462
	Test cost = 0.669416,	RMSE = 2.473284
Epoch = 60
	Train cost = 0.856847,	RMSE = 2.658484
	Test cost = 0.687086,	RMSE = 2.588530
Testing Dyad = 16
RMSE of Average Prediction = 1.157776
(3208, 300, 148) (204, 300, 148)
bi-naive
Compiling function
Compilation done 1
Compilation done 2
Epoch = 1
	Train cost = 1.000868,	RMSE = 3.860353
	Test cost = 0.998218,	RMSE = 3.335017
Epoch = 2
	Train cost = 0.999196,	RMSE = 3.890562
	Test cost = 0.997806,	RMSE = 3.310542
Epoch = 3
	Train cost = 0.996903,	RMSE = 3.904799
	Test cost = 0.995497,	RMSE = 3.331651
Epoch = 4
	Train cost = 0.988297,	RMSE = 3.744734
	Test cost = 0.981142,	RMSE = 2.950560
Epoch = 5
	Train cost = 0.958544,	RMSE = 3.371383
	Test cost = 0.952995,	RMSE = 3.201127
Epoch = 6
	Train cost = 0.947883,	RMSE = 3.717852
	Test cost = 0.932419,	RMSE = 2.095884
Epoch = 7
	Train cost = 0.933845,	RMSE = 2.896656
	Test cost = 0.925124,	RMSE = 2.450682
Epoch = 8
	Train cost = 0.922147,	RMSE = 3.114115
	Test cost = 0.904284,	RMSE = 2.342820
Epoch = 9
	Train cost = 0.912369,	RMSE = 3.263881
	Test cost = 0.829635,	RMSE = 1.671204
Epoch = 10
	Train cost = 0.902331,	RMSE = 2.843973
	Test cost = 0.808085,	RMSE = 1.709640
Epoch = 11
	Train cost = 0.908091,	RMSE = 2.891002
	Test cost = 0.808093,	RMSE = 1.707394
Epoch = 12
	Train cost = 0.886386,	RMSE = 2.857776
	Test cost = 0.784469,	RMSE = 1.472450
Epoch = 13
	Train cost = 0.875713,	RMSE = 2.783229
	Test cost = 0.805664,	RMSE = 1.691510
Epoch = 14
	Train cost = 0.872385,	RMSE = 2.789353
	Test cost = 0.776504,	RMSE = 1.624052
Epoch = 15
	Train cost = 0.880577,	RMSE = 2.970222
	Test cost = 0.789489,	RMSE = 1.734251
Epoch = 16
	Train cost = 0.878449,	RMSE = 2.941525
	Test cost = 0.763620,	RMSE = 1.431962
Epoch = 17
	Train cost = 0.872036,	RMSE = 2.854005
	Test cost = 0.781169,	RMSE = 1.441853
Epoch = 18
	Train cost = 0.892457,	RMSE = 3.234000
	Test cost = 0.786249,	RMSE = 1.746509
Epoch = 19
	Train cost = 0.891058,	RMSE = 2.875468
	Test cost = 0.757864,	RMSE = 1.320214
Epoch = 20
	Train cost = 0.876723,	RMSE = 2.839957
	Test cost = 0.769816,	RMSE = 1.457014
Epoch = 21
	Train cost = 0.848402,	RMSE = 2.809934
	Test cost = 0.762990,	RMSE = 1.354409
Epoch = 22
	Train cost = 0.833416,	RMSE = 2.547965
	Test cost = 0.771222,	RMSE = 1.357352
Epoch = 23
	Train cost = 0.870660,	RMSE = 2.806001
	Test cost = 0.778492,	RMSE = 1.482027
Epoch = 24
	Train cost = 0.850841,	RMSE = 2.651288
	Test cost = 0.776508,	RMSE = 1.434523
Epoch = 25
	Train cost = 0.864751,	RMSE = 2.785350
	Test cost = 0.787606,	RMSE = 1.411726
Epoch = 26
	Train cost = 0.858977,	RMSE = 2.745837
	Test cost = 0.798541,	RMSE = 1.395187
Epoch = 27
	Train cost = 0.846251,	RMSE = 2.681924
	Test cost = 0.795778,	RMSE = 1.370927
Epoch = 28
	Train cost = 0.864115,	RMSE = 2.833588
	Test cost = 0.803180,	RMSE = 1.464060
Epoch = 29
	Train cost = 0.869054,	RMSE = 2.793163
	Test cost = 0.811708,	RMSE = 1.381308
Epoch = 30
	Train cost = 0.847222,	RMSE = 2.785016
	Test cost = 0.786499,	RMSE = 1.510304
Epoch = 31
	Train cost = 0.843966,	RMSE = 2.755399
	Test cost = 0.795154,	RMSE = 1.514481
Epoch = 32
	Train cost = 0.853591,	RMSE = 2.765375
	Test cost = 0.814758,	RMSE = 1.467159
Epoch = 33
	Train cost = 0.840292,	RMSE = 2.756936
	Test cost = 0.804691,	RMSE = 1.438209
Epoch = 34
	Train cost = 0.841919,	RMSE = 2.770176
	Test cost = 0.782129,	RMSE = 1.395591
Epoch = 35
	Train cost = 0.833178,	RMSE = 2.645849
	Test cost = 0.809064,	RMSE = 1.421304
Epoch = 36
	Train cost = 0.845192,	RMSE = 2.836500
	Test cost = 0.802592,	RMSE = 1.500381
Epoch = 37
	Train cost = 0.827840,	RMSE = 2.697163
	Test cost = 0.796784,	RMSE = 1.502065
Epoch = 38
	Train cost = 0.850696,	RMSE = 2.832617
	Test cost = 0.791359,	RMSE = 1.502718
Epoch = 39
	Train cost = 0.837550,	RMSE = 2.733524
	Test cost = 0.798475,	RMSE = 1.463157
Epoch = 40
	Train cost = 0.831788,	RMSE = 2.770816
	Test cost = 0.806499,	RMSE = 1.447973
Epoch = 41
	Train cost = 0.834987,	RMSE = 2.862553
	Test cost = 0.812638,	RMSE = 1.464223
Epoch = 42
	Train cost = 0.841747,	RMSE = 2.835519
	Test cost = 0.803728,	RMSE = 1.472647
Epoch = 43
	Train cost = 0.843837,	RMSE = 2.707199
	Test cost = 0.783675,	RMSE = 1.497245
Epoch = 44
	Train cost = 0.845894,	RMSE = 2.868944
	Test cost = 0.816685,	RMSE = 1.508451
Epoch = 45
	Train cost = 0.839820,	RMSE = 2.964506
	Test cost = 0.816738,	RMSE = 1.500648
Epoch = 46
	Train cost = 0.842891,	RMSE = 2.772933
	Test cost = 0.837693,	RMSE = 1.533093
Epoch = 47
	Train cost = 0.835541,	RMSE = 2.924643
	Test cost = 0.815432,	RMSE = 1.461038
Epoch = 48
	Train cost = 0.840615,	RMSE = 2.712544
	Test cost = 0.814437,	RMSE = 1.464605
Epoch = 49
	Train cost = 0.854585,	RMSE = 2.930868
	Test cost = 0.825146,	RMSE = 1.529475
Epoch = 50
	Train cost = 0.833906,	RMSE = 2.801711
	Test cost = 0.808799,	RMSE = 1.437355
Epoch = 51
	Train cost = 0.844363,	RMSE = 2.841174
	Test cost = 0.797803,	RMSE = 1.452727
Epoch = 52
	Train cost = 0.835002,	RMSE = 2.741382
	Test cost = 0.819883,	RMSE = 1.564948
Epoch = 53
	Train cost = 0.838267,	RMSE = 2.935005
	Test cost = 0.812378,	RMSE = 1.550634
Epoch = 54
	Train cost = 0.851725,	RMSE = 2.842427
	Test cost = 0.809115,	RMSE = 1.463735
Epoch = 55
	Train cost = 0.835306,	RMSE = 2.937141
	Test cost = 0.806062,	RMSE = 1.497056
Epoch = 56
	Train cost = 0.849639,	RMSE = 2.797109
	Test cost = 0.808780,	RMSE = 1.432638
Epoch = 57
	Train cost = 0.839302,	RMSE = 2.829808
	Test cost = 0.788145,	RMSE = 1.448305
Epoch = 58
	Train cost = 0.831693,	RMSE = 2.762714
	Test cost = 0.791257,	RMSE = 1.445166
Epoch = 59
	Train cost = 0.825957,	RMSE = 2.747947
	Test cost = 0.790014,	RMSE = 1.485787
Epoch = 60
	Train cost = 0.842330,	RMSE = 2.894228
	Test cost = 0.802789,	RMSE = 1.479591
Testing Dyad = 17
RMSE of Average Prediction = 1.117277
(3216, 300, 148) (196, 300, 148)
bi-naive
Compiling function
Compilation done 1
Compilation done 2
Epoch = 1
	Train cost = 0.999622,	RMSE = 3.831366
	Test cost = 1.001287,	RMSE = 3.184989
Epoch = 2
	Train cost = 0.999940,	RMSE = 3.779919
	Test cost = 1.000304,	RMSE = 3.176709
Epoch = 3
	Train cost = 0.997734,	RMSE = 3.776541
	Test cost = 0.998931,	RMSE = 3.135149
Epoch = 4
	Train cost = 0.995874,	RMSE = 3.717012
	Test cost = 0.995115,	RMSE = 3.092062
Epoch = 5
	Train cost = 0.988458,	RMSE = 3.466907
	Test cost = 0.980033,	RMSE = 2.772646
Epoch = 6
	Train cost = 0.968421,	RMSE = 3.284923
	Test cost = 0.960439,	RMSE = 2.792855
Epoch = 7
	Train cost = 0.956589,	RMSE = 3.660810
	Test cost = 0.935165,	RMSE = 2.516561
Epoch = 8
	Train cost = 0.969261,	RMSE = 2.952223
	Test cost = 0.959509,	RMSE = 2.232817
Epoch = 9
	Train cost = 0.940733,	RMSE = 2.951815
	Test cost = 0.975128,	RMSE = 3.319467
Epoch = 10
	Train cost = 0.929522,	RMSE = 3.506457
	Test cost = 0.945633,	RMSE = 2.840546
Epoch = 11
	Train cost = 0.909606,	RMSE = 2.993572
	Test cost = 0.907350,	RMSE = 2.395862
Epoch = 12
	Train cost = 0.929500,	RMSE = 2.931189
	Test cost = 0.905567,	RMSE = 2.411476
Epoch = 13
	Train cost = 0.884689,	RMSE = 2.813124
	Test cost = 0.909246,	RMSE = 2.503350
Epoch = 14
	Train cost = 0.891599,	RMSE = 2.970026
	Test cost = 0.900004,	RMSE = 2.529091
Epoch = 15
	Train cost = 0.879651,	RMSE = 2.845687
	Test cost = 0.864171,	RMSE = 2.389053
Epoch = 16
	Train cost = 0.885900,	RMSE = 2.844180
	Test cost = 0.902698,	RMSE = 2.626973
Epoch = 17
	Train cost = 0.876025,	RMSE = 2.843204
	Test cost = 0.930088,	RMSE = 2.834053
Epoch = 18
	Train cost = 0.865359,	RMSE = 2.891644
	Test cost = 0.900555,	RMSE = 2.595664
Epoch = 19
	Train cost = 0.875515,	RMSE = 2.871422
	Test cost = 0.902201,	RMSE = 2.671422
Epoch = 20
	Train cost = 0.876177,	RMSE = 2.998714
	Test cost = 0.831312,	RMSE = 2.188694
Epoch = 21
	Train cost = 0.876021,	RMSE = 2.687991
	Test cost = 0.902412,	RMSE = 2.689818
Epoch = 22
	Train cost = 0.879616,	RMSE = 2.970912
	Test cost = 0.922960,	RMSE = 2.911910
Epoch = 23
	Train cost = 0.855251,	RMSE = 2.965782
	Test cost = 0.844068,	RMSE = 2.215304
Epoch = 24
	Train cost = 0.868046,	RMSE = 2.668566
	Test cost = 0.908564,	RMSE = 2.788087
Epoch = 25
	Train cost = 0.858929,	RMSE = 3.001072
	Test cost = 0.870874,	RMSE = 2.506068
Epoch = 26
	Train cost = 0.853324,	RMSE = 2.750750
	Test cost = 0.902956,	RMSE = 2.786996
Epoch = 27
	Train cost = 0.866885,	RMSE = 2.889700
	Test cost = 0.886072,	RMSE = 2.680501
Epoch = 28
	Train cost = 0.863670,	RMSE = 2.895260
	Test cost = 0.895015,	RMSE = 2.708893
Epoch = 29
	Train cost = 0.853388,	RMSE = 2.792367
	Test cost = 0.898155,	RMSE = 2.774694
Epoch = 30
	Train cost = 0.858527,	RMSE = 2.936782
	Test cost = 0.878450,	RMSE = 2.592512
Epoch = 31
	Train cost = 0.854031,	RMSE = 2.931767
	Test cost = 0.889103,	RMSE = 2.672174
Epoch = 32
	Train cost = 0.851762,	RMSE = 2.805077
	Test cost = 0.878873,	RMSE = 2.549993
Epoch = 33
	Train cost = 0.852718,	RMSE = 2.861174
	Test cost = 0.866046,	RMSE = 2.455377
Epoch = 34
	Train cost = 0.853992,	RMSE = 2.832813
	Test cost = 0.859096,	RMSE = 2.430850
Epoch = 35
	Train cost = 0.850526,	RMSE = 2.873230
	Test cost = 0.865811,	RMSE = 2.474807
Epoch = 36
	Train cost = 0.852013,	RMSE = 2.813813
	Test cost = 0.885109,	RMSE = 2.743163
Epoch = 37
	Train cost = 0.851900,	RMSE = 2.888225
	Test cost = 0.860672,	RMSE = 2.415573
Epoch = 38
	Train cost = 0.840560,	RMSE = 2.805090
	Test cost = 0.862100,	RMSE = 2.482555
Epoch = 39
	Train cost = 0.849651,	RMSE = 2.830093
	Test cost = 0.854676,	RMSE = 2.392526
Epoch = 40
	Train cost = 0.832774,	RMSE = 2.713520
	Test cost = 0.845095,	RMSE = 2.288515
Epoch = 41
	Train cost = 0.844203,	RMSE = 2.783753
	Test cost = 0.853841,	RMSE = 2.389537
Epoch = 42
	Train cost = 0.846540,	RMSE = 2.785848
	Test cost = 0.856050,	RMSE = 2.404267
Epoch = 43
	Train cost = 0.833001,	RMSE = 2.795610
	Test cost = 0.845141,	RMSE = 2.320871
Epoch = 44
	Train cost = 0.837819,	RMSE = 2.714829
	Test cost = 0.862224,	RMSE = 2.533637
Epoch = 45
	Train cost = 0.837619,	RMSE = 2.780469
	Test cost = 0.830427,	RMSE = 2.175938
Epoch = 46
	Train cost = 0.836920,	RMSE = 2.755721
	Test cost = 0.867700,	RMSE = 2.650096
Epoch = 47
	Train cost = 0.828627,	RMSE = 2.771710
	Test cost = 0.835469,	RMSE = 2.187822
Epoch = 48
	Train cost = 0.852030,	RMSE = 2.801314
	Test cost = 0.856432,	RMSE = 2.507270
Epoch = 49
	Train cost = 0.833089,	RMSE = 2.816614
	Test cost = 0.871909,	RMSE = 2.722797
Epoch = 50
	Train cost = 0.848785,	RMSE = 2.906749
	Test cost = 0.858772,	RMSE = 2.488747
Epoch = 51
	Train cost = 0.845946,	RMSE = 2.834691
	Test cost = 0.855695,	RMSE = 2.569053
Epoch = 52
	Train cost = 0.840666,	RMSE = 2.875164
	Test cost = 0.828752,	RMSE = 2.258126
Epoch = 53
	Train cost = 0.842397,	RMSE = 2.756366
	Test cost = 0.844694,	RMSE = 2.422470
Epoch = 54
	Train cost = 0.829926,	RMSE = 2.799601
	Test cost = 0.851058,	RMSE = 2.539903
Epoch = 55
	Train cost = 0.838543,	RMSE = 2.838278
	Test cost = 0.843899,	RMSE = 2.520398
Epoch = 56
	Train cost = 0.841568,	RMSE = 2.775133
	Test cost = 0.819129,	RMSE = 2.231112
Epoch = 57
	Train cost = 0.856844,	RMSE = 2.869692
	Test cost = 0.820583,	RMSE = 2.290634
Epoch = 58
	Train cost = 0.826114,	RMSE = 2.761011
	Test cost = 0.822330,	RMSE = 2.275553
Epoch = 59
	Train cost = 0.833853,	RMSE = 2.735569
	Test cost = 0.819080,	RMSE = 2.280178
Epoch = 60
	Train cost = 0.843349,	RMSE = 2.796914
	Test cost = 0.838844,	RMSE = 2.408816
Testing Dyad = 18
RMSE of Average Prediction = 1.520631
(3210, 300, 148) (202, 300, 148)
bi-naive
Compiling function
Compilation done 1
Compilation done 2
Epoch = 1
	Train cost = 1.000712,	RMSE = 3.842585
	Test cost = 0.997933,	RMSE = 2.678039
Epoch = 2
	Train cost = 0.999234,	RMSE = 3.815425
	Test cost = 0.993378,	RMSE = 2.637451
Epoch = 3
	Train cost = 0.996857,	RMSE = 3.805901
	Test cost = 0.987650,	RMSE = 2.618792
Epoch = 4
	Train cost = 0.989237,	RMSE = 3.632371
	Test cost = 0.962336,	RMSE = 2.418460
Epoch = 5
	Train cost = 0.964907,	RMSE = 3.444297
	Test cost = 0.931347,	RMSE = 2.153675
Epoch = 6
	Train cost = 0.945106,	RMSE = 3.283456
	Test cost = 0.934546,	RMSE = 2.111046
Epoch = 7
	Train cost = 0.929982,	RMSE = 3.176792
	Test cost = 0.915735,	RMSE = 1.928040
Epoch = 8
	Train cost = 0.927164,	RMSE = 3.147409
	Test cost = 0.891757,	RMSE = 2.017513
Epoch = 9
	Train cost = 0.900134,	RMSE = 2.896049
	Test cost = 0.891480,	RMSE = 2.138125
Epoch = 10
	Train cost = 0.895528,	RMSE = 2.988958
	Test cost = 0.837250,	RMSE = 1.616669
Epoch = 11
	Train cost = 0.908668,	RMSE = 2.813320
	Test cost = 0.847383,	RMSE = 1.938260
Epoch = 12
	Train cost = 0.896141,	RMSE = 2.917493
	Test cost = 0.830765,	RMSE = 2.107050
Epoch = 13
	Train cost = 0.886847,	RMSE = 3.109292
	Test cost = 0.835895,	RMSE = 1.595019
Epoch = 14
	Train cost = 0.885288,	RMSE = 2.818650
	Test cost = 0.848211,	RMSE = 1.855625
Epoch = 15
	Train cost = 0.869893,	RMSE = 2.714065
	Test cost = 0.857340,	RMSE = 2.443378
Epoch = 16
	Train cost = 0.874169,	RMSE = 3.030246
	Test cost = 0.824160,	RMSE = 1.807149
Epoch = 17
	Train cost = 0.872828,	RMSE = 2.967319
	Test cost = 0.825138,	RMSE = 1.967428
Epoch = 18
	Train cost = 0.869140,	RMSE = 2.966400
	Test cost = 0.850819,	RMSE = 2.296208
Epoch = 19
	Train cost = 0.869329,	RMSE = 3.061827
	Test cost = 0.817359,	RMSE = 1.651972
Epoch = 20
	Train cost = 0.881777,	RMSE = 2.673877
	Test cost = 0.802188,	RMSE = 2.129081
Epoch = 21
	Train cost = 0.870348,	RMSE = 3.055756
	Test cost = 0.802023,	RMSE = 1.700633
Epoch = 22
	Train cost = 0.860813,	RMSE = 2.633361
	Test cost = 0.785610,	RMSE = 1.912694
Epoch = 23
	Train cost = 0.863107,	RMSE = 2.858120
	Test cost = 0.805594,	RMSE = 1.885623
Epoch = 24
	Train cost = 0.861028,	RMSE = 2.789634
	Test cost = 0.807838,	RMSE = 2.369285
Epoch = 25
	Train cost = 0.874827,	RMSE = 2.799747
	Test cost = 0.802998,	RMSE = 2.240855
Epoch = 26
	Train cost = 0.862470,	RMSE = 2.923980
	Test cost = 0.771752,	RMSE = 2.079332
Epoch = 27
	Train cost = 0.857679,	RMSE = 2.838846
	Test cost = 0.758898,	RMSE = 1.893471
Epoch = 28
	Train cost = 0.843672,	RMSE = 2.754486
	Test cost = 0.760174,	RMSE = 2.083294
Epoch = 29
	Train cost = 0.868639,	RMSE = 2.966457
	Test cost = 0.770757,	RMSE = 2.276545
Epoch = 30
	Train cost = 0.858915,	RMSE = 2.925028
	Test cost = 0.760212,	RMSE = 2.130258
Epoch = 31
	Train cost = 0.865656,	RMSE = 2.981700
	Test cost = 0.751127,	RMSE = 1.950877
Epoch = 32
	Train cost = 0.866973,	RMSE = 2.896773
	Test cost = 0.756520,	RMSE = 2.174010
Epoch = 33
	Train cost = 0.874597,	RMSE = 2.933092
	Test cost = 0.761379,	RMSE = 2.192185
Epoch = 34
	Train cost = 0.854006,	RMSE = 2.777033
	Test cost = 0.762973,	RMSE = 2.165724
Epoch = 35
	Train cost = 0.851296,	RMSE = 2.822082
	Test cost = 0.737613,	RMSE = 1.955077
Epoch = 36
	Train cost = 0.852270,	RMSE = 2.751883
	Test cost = 0.772847,	RMSE = 2.176722
Epoch = 37
	Train cost = 0.857180,	RMSE = 2.883998
	Test cost = 0.760016,	RMSE = 1.836411
Epoch = 38
	Train cost = 0.854623,	RMSE = 2.677895
	Test cost = 0.793829,	RMSE = 2.275641
Epoch = 39
	Train cost = 0.866058,	RMSE = 3.045962
	Test cost = 0.691595,	RMSE = 1.481819
Epoch = 40
	Train cost = 0.874727,	RMSE = 2.572354
	Test cost = 0.765348,	RMSE = 2.247708
Epoch = 41
	Train cost = 0.848678,	RMSE = 2.723178
	Test cost = 0.771037,	RMSE = 2.339074
Epoch = 42
	Train cost = 0.840378,	RMSE = 2.925592
	Test cost = 0.746946,	RMSE = 1.981331
Epoch = 43
	Train cost = 0.847223,	RMSE = 2.700557
	Test cost = 0.778215,	RMSE = 2.143884
Epoch = 44
	Train cost = 0.852770,	RMSE = 2.768027
	Test cost = 0.725248,	RMSE = 1.887970
Epoch = 45
	Train cost = 0.851796,	RMSE = 2.754506
	Test cost = 0.777984,	RMSE = 2.291103
Epoch = 46
	Train cost = 0.849684,	RMSE = 2.869970
	Test cost = 0.745671,	RMSE = 2.007385
Epoch = 47
	Train cost = 0.861814,	RMSE = 2.858383
	Test cost = 0.764116,	RMSE = 2.091276
Epoch = 48
	Train cost = 0.841270,	RMSE = 2.724573
	Test cost = 0.753940,	RMSE = 2.138870
Epoch = 49
	Train cost = 0.850692,	RMSE = 2.935438
	Test cost = 0.778989,	RMSE = 2.208220
Epoch = 50
	Train cost = 0.835480,	RMSE = 2.820538
	Test cost = 0.776964,	RMSE = 2.056974
Epoch = 51
	Train cost = 0.834770,	RMSE = 2.720778
	Test cost = 0.752106,	RMSE = 2.018233
Epoch = 52
	Train cost = 0.837826,	RMSE = 2.687435
	Test cost = 0.743701,	RMSE = 2.030112
Epoch = 53
	Train cost = 0.830267,	RMSE = 2.756462
	Test cost = 0.746105,	RMSE = 2.003192
Epoch = 54
	Train cost = 0.834717,	RMSE = 2.747382
	Test cost = 0.734204,	RMSE = 1.991141
Epoch = 55
	Train cost = 0.832789,	RMSE = 2.744726
	Test cost = 0.734247,	RMSE = 2.013251
Epoch = 56
	Train cost = 0.831372,	RMSE = 2.795565
	Test cost = 0.752879,	RMSE = 2.083903
Epoch = 57
	Train cost = 0.842738,	RMSE = 2.750796
	Test cost = 0.742169,	RMSE = 2.188395
Epoch = 58
	Train cost = 0.837369,	RMSE = 2.855759
	Test cost = 0.751492,	RMSE = 2.027844
Epoch = 59
	Train cost = 0.860613,	RMSE = 2.839840
	Test cost = 0.747537,	RMSE = 2.154401
Epoch = 60
	Train cost = 0.839400,	RMSE = 2.830777
	Test cost = 0.754893,	RMSE = 2.163805
