nohup: ignoring input
Couldn't import dot_parser, loading of dot files will not be possible.
WARNING (theano.sandbox.cuda): The cuda backend is deprecated and will be removed in the next release.  Please switch to the gpuarray backend. You can get more information about how to switch at this URL:
 https://github.com/Theano/Theano/wiki/Converting-to-the-new-gpu-back-end%28gpuarray%29

Using gpu device 0: GeForce GTX TITAN X (CNMeM is disabled, cuDNN 5103)
audio b
../data_info/AMT_Batch1_results_large.csv
../data_info/AMT_Batch2_results_large.csv
../data_info/AMT_Batch3_results_large.csv
../data_info/AMT_Batch4_results_large.csv
D10S1
D10S2
D11S1
D11S2
D12S1
D12S2
D16S2
D17S1
D18S1
D3S1
D3S2
D4S1
D4S2
D5S1
D5S2
D6S1
D6S2
D7S1
D7S2
D8S1
D8S2
D9S1
D9S2
Testing Dyad = 3
RMSE of Average Prediction = 1.396235
(3030, 300, 148) (382, 300, 148)
Compiling function
Compilation done 1
Compilation done 2
Epoch = 1
	Train cost = 1.092487,	Krip Loss = 0.998546,	RMSE = 3.744756
	Test cost = 1.089219,	Krip Loss = 0.998212,	RMSE = 3.836243
Epoch = 2
	Train cost = 1.082861,	Krip Loss = 0.994469,	RMSE = 3.210924
	Test cost = 1.082140,	Krip Loss = 0.996464,	RMSE = 3.163368
Epoch = 3
	Train cost = 1.068141,	Krip Loss = 0.984778,	RMSE = 2.502160
	Test cost = 1.072272,	Krip Loss = 0.991266,	RMSE = 2.240203
Epoch = 4
	Train cost = 1.041979,	Krip Loss = 0.962910,	RMSE = 1.787749
	Test cost = 1.058294,	Krip Loss = 0.981181,	RMSE = 1.627362
Epoch = 5
	Train cost = 1.021040,	Krip Loss = 0.945660,	RMSE = 1.485648
	Test cost = 1.045370,	Krip Loss = 0.971693,	RMSE = 1.437492
Epoch = 6
	Train cost = 1.002217,	Krip Loss = 0.930125,	RMSE = 1.409771
	Test cost = 1.033891,	Krip Loss = 0.963331,	RMSE = 1.401609
Epoch = 7
	Train cost = 0.982266,	Krip Loss = 0.913155,	RMSE = 1.381509
	Test cost = 1.021375,	Krip Loss = 0.953655,	RMSE = 1.386418
Epoch = 8
	Train cost = 0.961307,	Krip Loss = 0.894918,	RMSE = 1.360514
	Test cost = 1.006987,	Krip Loss = 0.941865,	RMSE = 1.375157
Epoch = 9
	Train cost = 0.939475,	Krip Loss = 0.875577,	RMSE = 1.341863
	Test cost = 0.991608,	Krip Loss = 0.928866,	RMSE = 1.369272
Epoch = 10
	Train cost = 0.917177,	Krip Loss = 0.855562,	RMSE = 1.323515
	Test cost = 0.975614,	Krip Loss = 0.915057,	RMSE = 1.368026
Epoch = 11
	Train cost = 0.895079,	Krip Loss = 0.835564,	RMSE = 1.305598
	Test cost = 0.959024,	Krip Loss = 0.900488,	RMSE = 1.367083
Epoch = 12
	Train cost = 0.874084,	Krip Loss = 0.816521,	RMSE = 1.290035
	Test cost = 0.941796,	Krip Loss = 0.885154,	RMSE = 1.363918
Epoch = 13
	Train cost = 0.854202,	Krip Loss = 0.798482,	RMSE = 1.277607
	Test cost = 0.924057,	Krip Loss = 0.869216,	RMSE = 1.357903
Epoch = 14
	Train cost = 0.835151,	Krip Loss = 0.781187,	RMSE = 1.267787
	Test cost = 0.906167,	Krip Loss = 0.853040,	RMSE = 1.349563
Epoch = 15
	Train cost = 0.816776,	Krip Loss = 0.764482,	RMSE = 1.259921
	Test cost = 0.888401,	Krip Loss = 0.836899,	RMSE = 1.340195
Epoch = 16
	Train cost = 0.799026,	Krip Loss = 0.748310,	RMSE = 1.253521
	Test cost = 0.870759,	Krip Loss = 0.820787,	RMSE = 1.331499
Epoch = 17
	Train cost = 0.781877,	Krip Loss = 0.732644,	RMSE = 1.248307
	Test cost = 0.853644,	Krip Loss = 0.805106,	RMSE = 1.325524
Epoch = 18
	Train cost = 0.765295,	Krip Loss = 0.717451,	RMSE = 1.244017
	Test cost = 0.837817,	Krip Loss = 0.790624,	RMSE = 1.323928
Epoch = 19
	Train cost = 0.749249,	Krip Loss = 0.702708,	RMSE = 1.240261
	Test cost = 0.823681,	Krip Loss = 0.777749,	RMSE = 1.326996
Epoch = 20
	Train cost = 0.733787,	Krip Loss = 0.688468,	RMSE = 1.236812
	Test cost = 0.811484,	Krip Loss = 0.766737,	RMSE = 1.334168
Epoch = 21
	Train cost = 0.718963,	Krip Loss = 0.674792,	RMSE = 1.233581
	Test cost = 0.801208,	Krip Loss = 0.757574,	RMSE = 1.344671
Epoch = 22
	Train cost = 0.704757,	Krip Loss = 0.661664,	RMSE = 1.230365
	Test cost = 0.792599,	Krip Loss = 0.750010,	RMSE = 1.357571
Epoch = 23
	Train cost = 0.691140,	Krip Loss = 0.649060,	RMSE = 1.226978
	Test cost = 0.785315,	Krip Loss = 0.743706,	RMSE = 1.371989
Epoch = 24
	Train cost = 0.678103,	Krip Loss = 0.636969,	RMSE = 1.223409
	Test cost = 0.779122,	Krip Loss = 0.738427,	RMSE = 1.387536
Epoch = 25
	Train cost = 0.665689,	Krip Loss = 0.625437,	RMSE = 1.219791
	Test cost = 0.773851,	Krip Loss = 0.734005,	RMSE = 1.404066
Epoch = 26
	Train cost = 0.653945,	Krip Loss = 0.614511,	RMSE = 1.216236
	Test cost = 0.769467,	Krip Loss = 0.730410,	RMSE = 1.421729
Epoch = 27
	Train cost = 0.642893,	Krip Loss = 0.604219,	RMSE = 1.212818
	Test cost = 0.766014,	Krip Loss = 0.727688,	RMSE = 1.440908
Epoch = 28
	Train cost = 0.632523,	Krip Loss = 0.594554,	RMSE = 1.209569
	Test cost = 0.763570,	Krip Loss = 0.725924,	RMSE = 1.462251
Epoch = 29
	Train cost = 0.622830,	Krip Loss = 0.585516,	RMSE = 1.206486
	Test cost = 0.762332,	Krip Loss = 0.725318,	RMSE = 1.486446
Epoch = 30
	Train cost = 0.613969,	Krip Loss = 0.577264,	RMSE = 1.203866
	Test cost = 0.762158,	Krip Loss = 0.725733,	RMSE = 1.512073
Testing Dyad = 4
RMSE of Average Prediction = 1.970240
(3206, 300, 148) (206, 300, 148)
Compiling function
Compilation done 1
Compilation done 2
Epoch = 1
	Train cost = 1.092698,	Krip Loss = 0.998995,	RMSE = 3.887255
	Test cost = 1.082242,	Krip Loss = 0.991693,	RMSE = 2.680249
Epoch = 2
	Train cost = 1.083669,	Krip Loss = 0.995945,	RMSE = 3.467591
	Test cost = 1.067246,	Krip Loss = 0.982454,	RMSE = 2.225405
Epoch = 3
	Train cost = 1.071724,	Krip Loss = 0.989478,	RMSE = 2.844950
	Test cost = 1.042373,	Krip Loss = 0.962709,	RMSE = 1.649064
Epoch = 4
	Train cost = 1.049387,	Krip Loss = 0.971895,	RMSE = 2.070395
	Test cost = 1.021074,	Krip Loss = 0.945734,	RMSE = 1.482203
Epoch = 5
	Train cost = 1.029640,	Krip Loss = 0.956159,	RMSE = 1.581204
	Test cost = 1.013203,	Krip Loss = 0.941547,	RMSE = 1.620525
Epoch = 6
	Train cost = 1.012112,	Krip Loss = 0.942124,	RMSE = 1.442629
	Test cost = 1.006967,	Krip Loss = 0.938600,	RMSE = 1.774112
Epoch = 7
	Train cost = 0.993718,	Krip Loss = 0.926875,	RMSE = 1.387385
	Test cost = 0.995468,	Krip Loss = 0.930088,	RMSE = 1.835596
Epoch = 8
	Train cost = 0.974624,	Krip Loss = 0.910641,	RMSE = 1.365446
	Test cost = 0.981060,	Krip Loss = 0.918404,	RMSE = 1.852223
Epoch = 9
	Train cost = 0.954483,	Krip Loss = 0.893104,	RMSE = 1.347638
	Test cost = 0.964485,	Krip Loss = 0.904309,	RMSE = 1.848533
Epoch = 10
	Train cost = 0.933433,	Krip Loss = 0.874427,	RMSE = 1.330322
	Test cost = 0.945994,	Krip Loss = 0.888090,	RMSE = 1.829072
Epoch = 11
	Train cost = 0.911868,	Krip Loss = 0.855050,	RMSE = 1.313823
	Test cost = 0.926887,	Krip Loss = 0.871103,	RMSE = 1.804097
Epoch = 12
	Train cost = 0.890342,	Krip Loss = 0.835587,	RMSE = 1.298714
	Test cost = 0.908331,	Krip Loss = 0.854561,	RMSE = 1.782677
Epoch = 13
	Train cost = 0.869268,	Krip Loss = 0.816477,	RMSE = 1.285710
	Test cost = 0.890885,	Krip Loss = 0.839030,	RMSE = 1.765707
Epoch = 14
	Train cost = 0.848792,	Krip Loss = 0.797865,	RMSE = 1.275281
	Test cost = 0.874743,	Krip Loss = 0.824702,	RMSE = 1.752439
Epoch = 15
	Train cost = 0.829055,	Krip Loss = 0.779890,	RMSE = 1.267520
	Test cost = 0.859657,	Krip Loss = 0.811326,	RMSE = 1.741098
Epoch = 16
	Train cost = 0.810322,	Krip Loss = 0.762814,	RMSE = 1.261950
	Test cost = 0.845598,	Krip Loss = 0.798870,	RMSE = 1.729057
Epoch = 17
	Train cost = 0.792410,	Krip Loss = 0.746454,	RMSE = 1.257223
	Test cost = 0.832203,	Krip Loss = 0.786972,	RMSE = 1.715907
Epoch = 18
	Train cost = 0.775084,	Krip Loss = 0.730573,	RMSE = 1.253581
	Test cost = 0.819446,	Krip Loss = 0.775609,	RMSE = 1.701391
Epoch = 19
	Train cost = 0.758227,	Krip Loss = 0.715061,	RMSE = 1.250291
	Test cost = 0.807381,	Krip Loss = 0.764841,	RMSE = 1.685375
Epoch = 20
	Train cost = 0.741798,	Krip Loss = 0.699885,	RMSE = 1.247011
	Test cost = 0.795746,	Krip Loss = 0.754416,	RMSE = 1.668919
Epoch = 21
	Train cost = 0.725988,	Krip Loss = 0.685242,	RMSE = 1.243890
	Test cost = 0.784486,	Krip Loss = 0.744279,	RMSE = 1.652799
Epoch = 22
	Train cost = 0.710959,	Krip Loss = 0.671291,	RMSE = 1.240966
	Test cost = 0.773966,	Krip Loss = 0.734796,	RMSE = 1.637978
Epoch = 23
	Train cost = 0.696822,	Krip Loss = 0.658151,	RMSE = 1.238247
	Test cost = 0.764365,	Krip Loss = 0.726152,	RMSE = 1.625623
Epoch = 24
	Train cost = 0.683644,	Krip Loss = 0.645894,	RMSE = 1.235973
	Test cost = 0.755713,	Krip Loss = 0.718384,	RMSE = 1.616283
Epoch = 25
	Train cost = 0.671523,	Krip Loss = 0.634623,	RMSE = 1.234435
	Test cost = 0.747985,	Krip Loss = 0.711472,	RMSE = 1.609661
Epoch = 26
	Train cost = 0.660503,	Krip Loss = 0.624388,	RMSE = 1.233793
	Test cost = 0.741087,	Krip Loss = 0.705328,	RMSE = 1.604829
Epoch = 27
	Train cost = 0.650577,	Krip Loss = 0.615186,	RMSE = 1.234041
	Test cost = 0.734853,	Krip Loss = 0.699790,	RMSE = 1.600557
Epoch = 28
	Train cost = 0.641685,	Krip Loss = 0.606962,	RMSE = 1.235021
	Test cost = 0.729022,	Krip Loss = 0.694599,	RMSE = 1.595351
Epoch = 29
	Train cost = 0.633757,	Krip Loss = 0.599647,	RMSE = 1.236504
	Test cost = 0.723524,	Krip Loss = 0.689690,	RMSE = 1.588662
Epoch = 30
	Train cost = 0.626728,	Krip Loss = 0.593182,	RMSE = 1.238239
	Test cost = 0.718805,	Krip Loss = 0.685512,	RMSE = 1.582435
Testing Dyad = 7
RMSE of Average Prediction = 1.459493
(3016, 300, 148) (396, 300, 148)
Compiling function
Compilation done 1
Compilation done 2
Epoch = 1
	Train cost = 1.093130,	Krip Loss = 0.999167,	RMSE = 3.843571
	Test cost = 1.089697,	Krip Loss = 0.998660,	RMSE = 4.086125
Epoch = 2
	Train cost = 1.083966,	Krip Loss = 0.995562,	RMSE = 3.450661
	Test cost = 1.083245,	Krip Loss = 0.997596,	RMSE = 3.538685
Epoch = 3
	Train cost = 1.070258,	Krip Loss = 0.986955,	RMSE = 2.747191
	Test cost = 1.076041,	Krip Loss = 0.995141,	RMSE = 2.631389
Epoch = 4
	Train cost = 1.043141,	Krip Loss = 0.964201,	RMSE = 1.959348
	Test cost = 1.066837,	Krip Loss = 0.989884,	RMSE = 1.898498
Epoch = 5
	Train cost = 1.026569,	Krip Loss = 0.951356,	RMSE = 1.655430
	Test cost = 1.060236,	Krip Loss = 0.986799,	RMSE = 1.787373
Epoch = 6
	Train cost = 1.011628,	Krip Loss = 0.939809,	RMSE = 1.602425
	Test cost = 1.053633,	Krip Loss = 0.983447,	RMSE = 1.709126
Epoch = 7
	Train cost = 0.995875,	Krip Loss = 0.927188,	RMSE = 1.556745
	Test cost = 1.046575,	Krip Loss = 0.979370,	RMSE = 1.633019
Epoch = 8
	Train cost = 0.978810,	Krip Loss = 0.912974,	RMSE = 1.512043
	Test cost = 1.038669,	Krip Loss = 0.974160,	RMSE = 1.553121
Epoch = 9
	Train cost = 0.960207,	Krip Loss = 0.896939,	RMSE = 1.470779
	Test cost = 1.029739,	Krip Loss = 0.967660,	RMSE = 1.481224
Epoch = 10
	Train cost = 0.940214,	Krip Loss = 0.879271,	RMSE = 1.437717
	Test cost = 1.019994,	Krip Loss = 0.960147,	RMSE = 1.431714
Epoch = 11
	Train cost = 0.919364,	Krip Loss = 0.860583,	RMSE = 1.412770
	Test cost = 1.009832,	Krip Loss = 0.952086,	RMSE = 1.403950
Epoch = 12
	Train cost = 0.898156,	Krip Loss = 0.841422,	RMSE = 1.393661
	Test cost = 0.999412,	Krip Loss = 0.943656,	RMSE = 1.388106
Epoch = 13
	Train cost = 0.877189,	Krip Loss = 0.822387,	RMSE = 1.379722
	Test cost = 0.988937,	Krip Loss = 0.935052,	RMSE = 1.379361
Epoch = 14
	Train cost = 0.856824,	Krip Loss = 0.803832,	RMSE = 1.369824
	Test cost = 0.978748,	Krip Loss = 0.926611,	RMSE = 1.376137
Epoch = 15
	Train cost = 0.837279,	Krip Loss = 0.785974,	RMSE = 1.363266
	Test cost = 0.968994,	Krip Loss = 0.918485,	RMSE = 1.376814
Epoch = 16
	Train cost = 0.818496,	Krip Loss = 0.768764,	RMSE = 1.358451
	Test cost = 0.959798,	Krip Loss = 0.910807,	RMSE = 1.380296
Epoch = 17
	Train cost = 0.800299,	Krip Loss = 0.752033,	RMSE = 1.354089
	Test cost = 0.951161,	Krip Loss = 0.903587,	RMSE = 1.386218
Epoch = 18
	Train cost = 0.782661,	Krip Loss = 0.735766,	RMSE = 1.349731
	Test cost = 0.943268,	Krip Loss = 0.897021,	RMSE = 1.394576
Epoch = 19
	Train cost = 0.765691,	Krip Loss = 0.720079,	RMSE = 1.345031
	Test cost = 0.936246,	Krip Loss = 0.891241,	RMSE = 1.405262
Epoch = 20
	Train cost = 0.749647,	Krip Loss = 0.705234,	RMSE = 1.339934
	Test cost = 0.930052,	Krip Loss = 0.886200,	RMSE = 1.417428
Epoch = 21
	Train cost = 0.734872,	Krip Loss = 0.691569,	RMSE = 1.334621
	Test cost = 0.924398,	Krip Loss = 0.881615,	RMSE = 1.429118
Epoch = 22
	Train cost = 0.721555,	Krip Loss = 0.679283,	RMSE = 1.329217
	Test cost = 0.919069,	Krip Loss = 0.877278,	RMSE = 1.438355
Epoch = 23
	Train cost = 0.709593,	Krip Loss = 0.668278,	RMSE = 1.323298
	Test cost = 0.913927,	Krip Loss = 0.873058,	RMSE = 1.444168
Epoch = 24
	Train cost = 0.698631,	Krip Loss = 0.658206,	RMSE = 1.316017
	Test cost = 0.908814,	Krip Loss = 0.868804,	RMSE = 1.446573
Epoch = 25
	Train cost = 0.688409,	Krip Loss = 0.648812,	RMSE = 1.307792
	Test cost = 0.903603,	Krip Loss = 0.864391,	RMSE = 1.445947
Epoch = 26
	Train cost = 0.678824,	Krip Loss = 0.639998,	RMSE = 1.299665
	Test cost = 0.898294,	Krip Loss = 0.859826,	RMSE = 1.442853
Epoch = 27
	Train cost = 0.669947,	Krip Loss = 0.631841,	RMSE = 1.293054
	Test cost = 0.893087,	Krip Loss = 0.855314,	RMSE = 1.438215
Epoch = 28
	Train cost = 0.661750,	Krip Loss = 0.624315,	RMSE = 1.287467
	Test cost = 0.887941,	Krip Loss = 0.850817,	RMSE = 1.432863
Epoch = 29
	Train cost = 0.654144,	Krip Loss = 0.617335,	RMSE = 1.282621
	Test cost = 0.883092,	Krip Loss = 0.846571,	RMSE = 1.427978
Epoch = 30
	Train cost = 0.647016,	Krip Loss = 0.610790,	RMSE = 1.278393
	Test cost = 0.878761,	Krip Loss = 0.842804,	RMSE = 1.424354
Testing Dyad = 8
RMSE of Average Prediction = 1.672450
(3076, 300, 148) (336, 300, 148)
Compiling function
Compilation done 1
Compilation done 2
Epoch = 1
	Train cost = 1.092918,	Krip Loss = 0.999082,	RMSE = 3.957151
	Test cost = 1.085785,	Krip Loss = 0.994982,	RMSE = 2.650592
Epoch = 2
	Train cost = 1.084426,	Krip Loss = 0.996307,	RMSE = 3.626056
	Test cost = 1.074718,	Krip Loss = 0.989433,	RMSE = 2.279841
Epoch = 3
	Train cost = 1.074036,	Krip Loss = 0.991205,	RMSE = 3.092788
	Test cost = 1.051529,	Krip Loss = 0.971236,	RMSE = 1.616526
Epoch = 4
	Train cost = 1.056001,	Krip Loss = 0.977826,	RMSE = 2.313388
	Test cost = 1.012920,	Krip Loss = 0.936886,	RMSE = 1.138512
Epoch = 5
	Train cost = 1.035266,	Krip Loss = 0.961043,	RMSE = 1.710371
	Test cost = 1.016348,	Krip Loss = 0.943914,	RMSE = 1.271957
Epoch = 6
	Train cost = 1.015300,	Krip Loss = 0.944484,	RMSE = 1.482733
	Test cost = 1.023172,	Krip Loss = 0.953918,	RMSE = 1.501015
Epoch = 7
	Train cost = 0.994080,	Krip Loss = 0.926285,	RMSE = 1.402140
	Test cost = 1.019831,	Krip Loss = 0.953428,	RMSE = 1.586347
Epoch = 8
	Train cost = 0.973269,	Krip Loss = 0.908191,	RMSE = 1.376457
	Test cost = 1.012700,	Krip Loss = 0.948881,	RMSE = 1.600541
Epoch = 9
	Train cost = 0.951421,	Krip Loss = 0.888811,	RMSE = 1.355825
	Test cost = 1.004664,	Krip Loss = 0.943198,	RMSE = 1.597784
Epoch = 10
	Train cost = 0.928656,	Krip Loss = 0.868304,	RMSE = 1.337253
	Test cost = 0.995134,	Krip Loss = 0.935845,	RMSE = 1.586071
Epoch = 11
	Train cost = 0.905908,	Krip Loss = 0.847667,	RMSE = 1.321957
	Test cost = 0.984610,	Krip Loss = 0.927383,	RMSE = 1.572556
Epoch = 12
	Train cost = 0.883286,	Krip Loss = 0.827065,	RMSE = 1.309025
	Test cost = 0.973324,	Krip Loss = 0.918078,	RMSE = 1.559013
Epoch = 13
	Train cost = 0.860653,	Krip Loss = 0.806371,	RMSE = 1.297317
	Test cost = 0.961259,	Krip Loss = 0.907907,	RMSE = 1.548139
Epoch = 14
	Train cost = 0.838379,	Krip Loss = 0.785941,	RMSE = 1.287950
	Test cost = 0.949308,	Krip Loss = 0.897750,	RMSE = 1.546680
Epoch = 15
	Train cost = 0.817183,	Krip Loss = 0.766488,	RMSE = 1.282177
	Test cost = 0.937905,	Krip Loss = 0.888038,	RMSE = 1.551277
Epoch = 16
	Train cost = 0.797157,	Krip Loss = 0.748102,	RMSE = 1.278522
	Test cost = 0.925959,	Krip Loss = 0.877679,	RMSE = 1.554094
Epoch = 17
	Train cost = 0.778047,	Krip Loss = 0.730531,	RMSE = 1.276020
	Test cost = 0.913634,	Krip Loss = 0.866844,	RMSE = 1.557488
Epoch = 18
	Train cost = 0.759993,	Krip Loss = 0.713921,	RMSE = 1.275302
	Test cost = 0.901365,	Krip Loss = 0.855972,	RMSE = 1.562436
Epoch = 19
	Train cost = 0.742961,	Krip Loss = 0.698241,	RMSE = 1.275791
	Test cost = 0.889060,	Krip Loss = 0.844974,	RMSE = 1.567112
Epoch = 20
	Train cost = 0.726760,	Krip Loss = 0.683305,	RMSE = 1.276258
	Test cost = 0.876342,	Krip Loss = 0.833478,	RMSE = 1.570370
Epoch = 21
	Train cost = 0.711284,	Krip Loss = 0.669011,	RMSE = 1.276336
	Test cost = 0.863052,	Krip Loss = 0.821329,	RMSE = 1.572218
Epoch = 22
	Train cost = 0.696694,	Krip Loss = 0.655524,	RMSE = 1.276538
	Test cost = 0.849550,	Krip Loss = 0.808890,	RMSE = 1.573381
Epoch = 23
	Train cost = 0.683252,	Krip Loss = 0.643107,	RMSE = 1.277064
	Test cost = 0.836546,	Krip Loss = 0.796876,	RMSE = 1.574744
Epoch = 24
	Train cost = 0.670996,	Krip Loss = 0.631806,	RMSE = 1.277809
	Test cost = 0.824543,	Krip Loss = 0.785793,	RMSE = 1.576682
Epoch = 25
	Train cost = 0.659851,	Krip Loss = 0.621549,	RMSE = 1.278572
	Test cost = 0.813824,	Krip Loss = 0.775931,	RMSE = 1.579129
Epoch = 26
	Train cost = 0.649731,	Krip Loss = 0.612254,	RMSE = 1.279117
	Test cost = 0.804525,	Krip Loss = 0.767426,	RMSE = 1.581872
Epoch = 27
	Train cost = 0.640556,	Krip Loss = 0.603843,	RMSE = 1.279340
	Test cost = 0.796662,	Krip Loss = 0.760299,	RMSE = 1.584562
Epoch = 28
	Train cost = 0.632258,	Krip Loss = 0.596253,	RMSE = 1.279176
	Test cost = 0.790144,	Krip Loss = 0.754463,	RMSE = 1.586842
Epoch = 29
	Train cost = 0.624764,	Krip Loss = 0.589414,	RMSE = 1.278594
	Test cost = 0.784831,	Krip Loss = 0.749779,	RMSE = 1.588415
Epoch = 30
	Train cost = 0.618000,	Krip Loss = 0.583255,	RMSE = 1.277633
	Test cost = 0.780668,	Krip Loss = 0.746200,	RMSE = 1.589063
Testing Dyad = 9
RMSE of Average Prediction = 1.111505
(3030, 300, 148) (382, 300, 148)
Compiling function
Compilation done 1
Compilation done 2
Epoch = 1
	Train cost = 1.092376,	Krip Loss = 0.998468,	RMSE = 3.836513
	Test cost = 1.088573,	Krip Loss = 0.997599,	RMSE = 3.660196
Epoch = 2
	Train cost = 1.083135,	Krip Loss = 0.994797,	RMSE = 3.391288
	Test cost = 1.081917,	Krip Loss = 0.996309,	RMSE = 3.071567
Epoch = 3
	Train cost = 1.069782,	Krip Loss = 0.986529,	RMSE = 2.756847
	Test cost = 1.073488,	Krip Loss = 0.992628,	RMSE = 2.235960
Epoch = 4
	Train cost = 1.045974,	Krip Loss = 0.967103,	RMSE = 2.019371
	Test cost = 1.059643,	Krip Loss = 0.982773,	RMSE = 1.496771
Epoch = 5
	Train cost = 1.024564,	Krip Loss = 0.949468,	RMSE = 1.609115
	Test cost = 1.041292,	Krip Loss = 0.967941,	RMSE = 1.186021
Epoch = 6
	Train cost = 1.004676,	Krip Loss = 0.932942,	RMSE = 1.473600
	Test cost = 1.020462,	Krip Loss = 0.950283,	RMSE = 1.071365
Epoch = 7
	Train cost = 0.984149,	Krip Loss = 0.915440,	RMSE = 1.425154
	Test cost = 1.001433,	Krip Loss = 0.934124,	RMSE = 1.046243
Epoch = 8
	Train cost = 0.963102,	Krip Loss = 0.897136,	RMSE = 1.402223
	Test cost = 0.981811,	Krip Loss = 0.917117,	RMSE = 1.038701
Epoch = 9
	Train cost = 0.941548,	Krip Loss = 0.878084,	RMSE = 1.383472
	Test cost = 0.961859,	Krip Loss = 0.899550,	RMSE = 1.034595
Epoch = 10
	Train cost = 0.919412,	Krip Loss = 0.858229,	RMSE = 1.366073
	Test cost = 0.941759,	Krip Loss = 0.881629,	RMSE = 1.029291
Epoch = 11
	Train cost = 0.896645,	Krip Loss = 0.837552,	RMSE = 1.349030
	Test cost = 0.921326,	Krip Loss = 0.863205,	RMSE = 1.021934
Epoch = 12
	Train cost = 0.873433,	Krip Loss = 0.816280,	RMSE = 1.332557
	Test cost = 0.900655,	Krip Loss = 0.844420,	RMSE = 1.014225
Epoch = 13
	Train cost = 0.850024,	Krip Loss = 0.794709,	RMSE = 1.317184
	Test cost = 0.880694,	Krip Loss = 0.826253,	RMSE = 1.008388
Epoch = 14
	Train cost = 0.826863,	Krip Loss = 0.773299,	RMSE = 1.303246
	Test cost = 0.862355,	Krip Loss = 0.809623,	RMSE = 1.006278
Epoch = 15
	Train cost = 0.804275,	Krip Loss = 0.752373,	RMSE = 1.290899
	Test cost = 0.846343,	Krip Loss = 0.795225,	RMSE = 1.009181
Epoch = 16
	Train cost = 0.782529,	Krip Loss = 0.732191,	RMSE = 1.281111
	Test cost = 0.833095,	Krip Loss = 0.783490,	RMSE = 1.017103
Epoch = 17
	Train cost = 0.762405,	Krip Loss = 0.713532,	RMSE = 1.275707
	Test cost = 0.822273,	Krip Loss = 0.774088,	RMSE = 1.027943
Epoch = 18
	Train cost = 0.744698,	Krip Loss = 0.697201,	RMSE = 1.275336
	Test cost = 0.812650,	Krip Loss = 0.765797,	RMSE = 1.037488
Epoch = 19
	Train cost = 0.729536,	Krip Loss = 0.683330,	RMSE = 1.278526
	Test cost = 0.802844,	Krip Loss = 0.757244,	RMSE = 1.042103
Epoch = 20
	Train cost = 0.716426,	Krip Loss = 0.671437,	RMSE = 1.283035
	Test cost = 0.792493,	Krip Loss = 0.748074,	RMSE = 1.041883
Epoch = 21
	Train cost = 0.704733,	Krip Loss = 0.660888,	RMSE = 1.287338
	Test cost = 0.782108,	Krip Loss = 0.738798,	RMSE = 1.039105
Epoch = 22
	Train cost = 0.694020,	Krip Loss = 0.651249,	RMSE = 1.290920
	Test cost = 0.772036,	Krip Loss = 0.729764,	RMSE = 1.035293
Epoch = 23
	Train cost = 0.684070,	Krip Loss = 0.642302,	RMSE = 1.293776
	Test cost = 0.762382,	Krip Loss = 0.721078,	RMSE = 1.031129
Epoch = 24
	Train cost = 0.674831,	Krip Loss = 0.633997,	RMSE = 1.296324
	Test cost = 0.753474,	Krip Loss = 0.713071,	RMSE = 1.026966
Epoch = 25
	Train cost = 0.666153,	Krip Loss = 0.626190,	RMSE = 1.298159
	Test cost = 0.745409,	Krip Loss = 0.705846,	RMSE = 1.023122
Epoch = 26
	Train cost = 0.657954,	Krip Loss = 0.618800,	RMSE = 1.299101
	Test cost = 0.738045,	Krip Loss = 0.699263,	RMSE = 1.019581
Epoch = 27
	Train cost = 0.650220,	Krip Loss = 0.611820,	RMSE = 1.299398
	Test cost = 0.731173,	Krip Loss = 0.693117,	RMSE = 1.016166
Epoch = 28
	Train cost = 0.642949,	Krip Loss = 0.605248,	RMSE = 1.299326
	Test cost = 0.724630,	Krip Loss = 0.687249,	RMSE = 1.012710
Epoch = 29
	Train cost = 0.636110,	Krip Loss = 0.599060,	RMSE = 1.299020
	Test cost = 0.718355,	Krip Loss = 0.681602,	RMSE = 1.009235
Epoch = 30
	Train cost = 0.629660,	Krip Loss = 0.593216,	RMSE = 1.298489
	Test cost = 0.712407,	Krip Loss = 0.676239,	RMSE = 1.005959
Testing Dyad = 10
RMSE of Average Prediction = 1.542583
(3058, 300, 148) (354, 300, 148)
Compiling function
Compilation done 1
Compilation done 2
Epoch = 1
	Train cost = 1.092108,	Krip Loss = 0.998259,	RMSE = 3.747927
	Test cost = 1.090174,	Krip Loss = 0.999309,	RMSE = 4.156369
Epoch = 2
	Train cost = 1.082140,	Krip Loss = 0.994014,	RMSE = 3.146786
	Test cost = 1.083928,	Krip Loss = 0.998583,	RMSE = 3.338628
Epoch = 3
	Train cost = 1.065109,	Krip Loss = 0.982192,	RMSE = 2.349254
	Test cost = 1.076604,	Krip Loss = 0.996105,	RMSE = 2.323768
Epoch = 4
	Train cost = 1.038484,	Krip Loss = 0.960059,	RMSE = 1.648797
	Test cost = 1.065628,	Krip Loss = 0.989256,	RMSE = 1.662243
Epoch = 5
	Train cost = 1.018758,	Krip Loss = 0.944251,	RMSE = 1.438359
	Test cost = 1.052220,	Krip Loss = 0.979546,	RMSE = 1.406938
Epoch = 6
	Train cost = 1.000143,	Krip Loss = 0.929185,	RMSE = 1.393055
	Test cost = 1.037638,	Krip Loss = 0.968360,	RMSE = 1.297951
Epoch = 7
	Train cost = 0.980529,	Krip Loss = 0.912838,	RMSE = 1.373002
	Test cost = 1.021460,	Krip Loss = 0.955315,	RMSE = 1.226119
Epoch = 8
	Train cost = 0.959917,	Krip Loss = 0.895241,	RMSE = 1.357517
	Test cost = 1.004136,	Krip Loss = 0.940883,	RMSE = 1.175891
Epoch = 9
	Train cost = 0.938614,	Krip Loss = 0.876720,	RMSE = 1.344016
	Test cost = 0.986348,	Krip Loss = 0.925765,	RMSE = 1.142350
Epoch = 10
	Train cost = 0.916804,	Krip Loss = 0.857479,	RMSE = 1.331425
	Test cost = 0.968481,	Krip Loss = 0.910366,	RMSE = 1.120414
Epoch = 11
	Train cost = 0.894807,	Krip Loss = 0.837857,	RMSE = 1.319261
	Test cost = 0.950723,	Krip Loss = 0.894892,	RMSE = 1.105897
Epoch = 12
	Train cost = 0.872850,	Krip Loss = 0.818099,	RMSE = 1.307615
	Test cost = 0.933125,	Krip Loss = 0.879412,	RMSE = 1.095555
Epoch = 13
	Train cost = 0.851198,	Krip Loss = 0.798490,	RMSE = 1.297227
	Test cost = 0.916093,	Krip Loss = 0.864350,	RMSE = 1.088684
Epoch = 14
	Train cost = 0.830161,	Krip Loss = 0.779356,	RMSE = 1.288622
	Test cost = 0.899852,	Krip Loss = 0.849948,	RMSE = 1.085201
Epoch = 15
	Train cost = 0.809987,	Krip Loss = 0.760962,	RMSE = 1.281592
	Test cost = 0.884276,	Krip Loss = 0.836095,	RMSE = 1.084124
Epoch = 16
	Train cost = 0.790829,	Krip Loss = 0.743472,	RMSE = 1.276015
	Test cost = 0.869309,	Krip Loss = 0.822744,	RMSE = 1.084321
Epoch = 17
	Train cost = 0.772830,	Krip Loss = 0.727037,	RMSE = 1.272151
	Test cost = 0.855077,	Krip Loss = 0.810025,	RMSE = 1.085095
Epoch = 18
	Train cost = 0.755926,	Krip Loss = 0.711594,	RMSE = 1.269592
	Test cost = 0.841389,	Krip Loss = 0.797746,	RMSE = 1.085824
Epoch = 19
	Train cost = 0.739865,	Krip Loss = 0.696893,	RMSE = 1.267624
	Test cost = 0.827803,	Krip Loss = 0.785471,	RMSE = 1.086095
Epoch = 20
	Train cost = 0.724495,	Krip Loss = 0.682787,	RMSE = 1.265987
	Test cost = 0.814118,	Krip Loss = 0.773005,	RMSE = 1.085906
Epoch = 21
	Train cost = 0.709773,	Krip Loss = 0.669240,	RMSE = 1.264650
	Test cost = 0.800380,	Krip Loss = 0.760399,	RMSE = 1.085621
Epoch = 22
	Train cost = 0.695666,	Krip Loss = 0.656225,	RMSE = 1.263588
	Test cost = 0.786859,	Krip Loss = 0.747930,	RMSE = 1.085763
Epoch = 23
	Train cost = 0.682218,	Krip Loss = 0.643789,	RMSE = 1.262922
	Test cost = 0.774038,	Krip Loss = 0.736081,	RMSE = 1.086868
Epoch = 24
	Train cost = 0.669619,	Krip Loss = 0.632126,	RMSE = 1.262932
	Test cost = 0.762527,	Krip Loss = 0.725470,	RMSE = 1.089344
Epoch = 25
	Train cost = 0.657979,	Krip Loss = 0.621349,	RMSE = 1.263629
	Test cost = 0.752812,	Krip Loss = 0.716583,	RMSE = 1.093285
Epoch = 26
	Train cost = 0.647370,	Krip Loss = 0.611535,	RMSE = 1.264931
	Test cost = 0.744724,	Krip Loss = 0.709258,	RMSE = 1.098264
Epoch = 27
	Train cost = 0.637849,	Krip Loss = 0.602747,	RMSE = 1.266834
	Test cost = 0.737752,	Krip Loss = 0.702989,	RMSE = 1.103665
Epoch = 28
	Train cost = 0.629220,	Krip Loss = 0.594792,	RMSE = 1.268555
	Test cost = 0.731712,	Krip Loss = 0.697596,	RMSE = 1.109262
Epoch = 29
	Train cost = 0.621335,	Krip Loss = 0.587527,	RMSE = 1.269615
	Test cost = 0.726574,	Krip Loss = 0.693052,	RMSE = 1.115012
Epoch = 30
	Train cost = 0.614128,	Krip Loss = 0.580890,	RMSE = 1.270040
	Test cost = 0.722299,	Krip Loss = 0.689324,	RMSE = 1.120934
Testing Dyad = 11
RMSE of Average Prediction = 1.566371
(3054, 300, 148) (358, 300, 148)
Compiling function
Compilation done 1
Compilation done 2
Epoch = 1
	Train cost = 1.092445,	Krip Loss = 0.998602,	RMSE = 3.777131
	Test cost = 1.088803,	Krip Loss = 0.997948,	RMSE = 4.032360
Epoch = 2
	Train cost = 1.083290,	Krip Loss = 0.995164,	RMSE = 3.289007
	Test cost = 1.080878,	Krip Loss = 0.995536,	RMSE = 3.386342
Epoch = 3
	Train cost = 1.069516,	Krip Loss = 0.986610,	RMSE = 2.592776
	Test cost = 1.069148,	Krip Loss = 0.988676,	RMSE = 2.484853
Epoch = 4
	Train cost = 1.046667,	Krip Loss = 0.968274,	RMSE = 1.853734
	Test cost = 1.048460,	Krip Loss = 0.972113,	RMSE = 1.740785
Epoch = 5
	Train cost = 1.027989,	Krip Loss = 0.953503,	RMSE = 1.512370
	Test cost = 1.027299,	Krip Loss = 0.954623,	RMSE = 1.487283
Epoch = 6
	Train cost = 1.011259,	Krip Loss = 0.940277,	RMSE = 1.423479
	Test cost = 1.005904,	Krip Loss = 0.936563,	RMSE = 1.386076
Epoch = 7
	Train cost = 0.993977,	Krip Loss = 0.926192,	RMSE = 1.385209
	Test cost = 0.983996,	Krip Loss = 0.917717,	RMSE = 1.336776
Epoch = 8
	Train cost = 0.975967,	Krip Loss = 0.911125,	RMSE = 1.360458
	Test cost = 0.960796,	Krip Loss = 0.897344,	RMSE = 1.301366
Epoch = 9
	Train cost = 0.957264,	Krip Loss = 0.895145,	RMSE = 1.340757
	Test cost = 0.936891,	Krip Loss = 0.876058,	RMSE = 1.274295
Epoch = 10
	Train cost = 0.937883,	Krip Loss = 0.878289,	RMSE = 1.324191
	Test cost = 0.912638,	Krip Loss = 0.854239,	RMSE = 1.253283
Epoch = 11
	Train cost = 0.917957,	Krip Loss = 0.860712,	RMSE = 1.309757
	Test cost = 0.888303,	Krip Loss = 0.832168,	RMSE = 1.236694
Epoch = 12
	Train cost = 0.897858,	Krip Loss = 0.842799,	RMSE = 1.297400
	Test cost = 0.864272,	Krip Loss = 0.810247,	RMSE = 1.223849
Epoch = 13
	Train cost = 0.877708,	Krip Loss = 0.824685,	RMSE = 1.286875
	Test cost = 0.841059,	Krip Loss = 0.788998,	RMSE = 1.215299
Epoch = 14
	Train cost = 0.857442,	Krip Loss = 0.806314,	RMSE = 1.277387
	Test cost = 0.819246,	Krip Loss = 0.769014,	RMSE = 1.211611
Epoch = 15
	Train cost = 0.837160,	Krip Loss = 0.787798,	RMSE = 1.268426
	Test cost = 0.799371,	Krip Loss = 0.750846,	RMSE = 1.212964
Epoch = 16
	Train cost = 0.817255,	Krip Loss = 0.769547,	RMSE = 1.260711
	Test cost = 0.781761,	Krip Loss = 0.734843,	RMSE = 1.218772
Epoch = 17
	Train cost = 0.798316,	Krip Loss = 0.752172,	RMSE = 1.255708
	Test cost = 0.766334,	Krip Loss = 0.720941,	RMSE = 1.227127
Epoch = 18
	Train cost = 0.780544,	Krip Loss = 0.735889,	RMSE = 1.253454
	Test cost = 0.752842,	Krip Loss = 0.708906,	RMSE = 1.236225
Epoch = 19
	Train cost = 0.763697,	Krip Loss = 0.720464,	RMSE = 1.252851
	Test cost = 0.741135,	Krip Loss = 0.698589,	RMSE = 1.245335
Epoch = 20
	Train cost = 0.747416,	Krip Loss = 0.705535,	RMSE = 1.252750
	Test cost = 0.731131,	Krip Loss = 0.689901,	RMSE = 1.254533
Epoch = 21
	Train cost = 0.731559,	Krip Loss = 0.690952,	RMSE = 1.252560
	Test cost = 0.722574,	Krip Loss = 0.682576,	RMSE = 1.264261
Epoch = 22
	Train cost = 0.716304,	Krip Loss = 0.676888,	RMSE = 1.252376
	Test cost = 0.714988,	Krip Loss = 0.676140,	RMSE = 1.274088
Epoch = 23
	Train cost = 0.701915,	Krip Loss = 0.663609,	RMSE = 1.252674
	Test cost = 0.707775,	Krip Loss = 0.669999,	RMSE = 1.282744
Epoch = 24
	Train cost = 0.688407,	Krip Loss = 0.651136,	RMSE = 1.253255
	Test cost = 0.700516,	Krip Loss = 0.663739,	RMSE = 1.289068
Epoch = 25
	Train cost = 0.675686,	Krip Loss = 0.639377,	RMSE = 1.253644
	Test cost = 0.693233,	Krip Loss = 0.657382,	RMSE = 1.293044
Epoch = 26
	Train cost = 0.663733,	Krip Loss = 0.628313,	RMSE = 1.253798
	Test cost = 0.686276,	Krip Loss = 0.651277,	RMSE = 1.295615
Epoch = 27
	Train cost = 0.652626,	Krip Loss = 0.618024,	RMSE = 1.253920
	Test cost = 0.679891,	Krip Loss = 0.645676,	RMSE = 1.297989
Epoch = 28
	Train cost = 0.642431,	Krip Loss = 0.608581,	RMSE = 1.254179
	Test cost = 0.674283,	Krip Loss = 0.640789,	RMSE = 1.301271
Epoch = 29
	Train cost = 0.633179,	Krip Loss = 0.600021,	RMSE = 1.254678
	Test cost = 0.669640,	Krip Loss = 0.636810,	RMSE = 1.306344
Epoch = 30
	Train cost = 0.624868,	Krip Loss = 0.592346,	RMSE = 1.255435
	Test cost = 0.666118,	Krip Loss = 0.633898,	RMSE = 1.313582
Testing Dyad = 12
RMSE of Average Prediction = 1.422243
(3016, 300, 148) (396, 300, 148)
Compiling function
Compilation done 1
Compilation done 2
Epoch = 1
	Train cost = 1.092485,	Krip Loss = 0.998598,	RMSE = 3.813441
	Test cost = 1.089657,	Krip Loss = 0.998751,	RMSE = 3.731331
Epoch = 2
	Train cost = 1.083659,	Krip Loss = 0.995411,	RMSE = 3.346290
	Test cost = 1.081889,	Krip Loss = 0.996409,	RMSE = 3.213392
Epoch = 3
	Train cost = 1.071656,	Krip Loss = 0.988563,	RMSE = 2.693038
	Test cost = 1.070005,	Krip Loss = 0.989341,	RMSE = 2.441663
Epoch = 4
	Train cost = 1.048773,	Krip Loss = 0.970134,	RMSE = 1.938433
	Test cost = 1.049099,	Krip Loss = 0.972482,	RMSE = 1.765144
Epoch = 5
	Train cost = 1.028763,	Krip Loss = 0.953884,	RMSE = 1.536335
	Test cost = 1.032215,	Krip Loss = 0.959068,	RMSE = 1.514786
Epoch = 6
	Train cost = 1.012409,	Krip Loss = 0.940826,	RMSE = 1.440957
	Test cost = 1.020432,	Krip Loss = 0.950405,	RMSE = 1.417901
Epoch = 7
	Train cost = 0.995095,	Krip Loss = 0.926500,	RMSE = 1.399947
	Test cost = 1.010106,	Krip Loss = 0.942924,	RMSE = 1.377337
Epoch = 8
	Train cost = 0.976361,	Krip Loss = 0.910492,	RMSE = 1.374572
	Test cost = 1.000060,	Krip Loss = 0.935475,	RMSE = 1.360964
Epoch = 9
	Train cost = 0.956527,	Krip Loss = 0.893143,	RMSE = 1.353327
	Test cost = 0.990000,	Krip Loss = 0.927784,	RMSE = 1.357079
Epoch = 10
	Train cost = 0.935913,	Krip Loss = 0.874794,	RMSE = 1.333963
	Test cost = 0.979927,	Krip Loss = 0.919873,	RMSE = 1.361279
Epoch = 11
	Train cost = 0.914929,	Krip Loss = 0.855885,	RMSE = 1.316253
	Test cost = 0.969738,	Krip Loss = 0.911680,	RMSE = 1.371843
Epoch = 12
	Train cost = 0.894323,	Krip Loss = 0.837207,	RMSE = 1.301100
	Test cost = 0.958970,	Krip Loss = 0.902780,	RMSE = 1.386973
Epoch = 13
	Train cost = 0.874228,	Krip Loss = 0.818930,	RMSE = 1.288530
	Test cost = 0.947685,	Krip Loss = 0.893264,	RMSE = 1.404932
Epoch = 14
	Train cost = 0.854770,	Krip Loss = 0.801193,	RMSE = 1.278513
	Test cost = 0.935977,	Krip Loss = 0.883231,	RMSE = 1.424841
Epoch = 15
	Train cost = 0.836060,	Krip Loss = 0.784113,	RMSE = 1.270801
	Test cost = 0.923931,	Krip Loss = 0.872770,	RMSE = 1.446376
Epoch = 16
	Train cost = 0.818218,	Krip Loss = 0.767812,	RMSE = 1.265006
	Test cost = 0.911345,	Krip Loss = 0.861682,	RMSE = 1.467932
Epoch = 17
	Train cost = 0.801433,	Krip Loss = 0.752483,	RMSE = 1.261018
	Test cost = 0.897896,	Krip Loss = 0.849646,	RMSE = 1.486632
Epoch = 18
	Train cost = 0.785703,	Krip Loss = 0.738127,	RMSE = 1.258461
	Test cost = 0.883436,	Krip Loss = 0.836520,	RMSE = 1.500555
Epoch = 19
	Train cost = 0.770883,	Krip Loss = 0.724603,	RMSE = 1.256763
	Test cost = 0.868031,	Krip Loss = 0.822373,	RMSE = 1.508942
Epoch = 20
	Train cost = 0.756953,	Krip Loss = 0.711895,	RMSE = 1.255758
	Test cost = 0.851827,	Krip Loss = 0.807354,	RMSE = 1.511428
Epoch = 21
	Train cost = 0.743916,	Krip Loss = 0.700010,	RMSE = 1.255298
	Test cost = 0.834962,	Krip Loss = 0.791605,	RMSE = 1.508293
Epoch = 22
	Train cost = 0.731695,	Krip Loss = 0.688870,	RMSE = 1.255097
	Test cost = 0.817587,	Krip Loss = 0.775278,	RMSE = 1.500454
Epoch = 23
	Train cost = 0.720189,	Krip Loss = 0.678378,	RMSE = 1.254791
	Test cost = 0.799973,	Krip Loss = 0.758644,	RMSE = 1.489179
Epoch = 24
	Train cost = 0.709316,	Krip Loss = 0.668454,	RMSE = 1.254073
	Test cost = 0.782579,	Krip Loss = 0.742167,	RMSE = 1.476066
Epoch = 25
	Train cost = 0.699034,	Krip Loss = 0.659056,	RMSE = 1.252899
	Test cost = 0.765867,	Krip Loss = 0.726308,	RMSE = 1.462255
Epoch = 26
	Train cost = 0.689334,	Krip Loss = 0.650178,	RMSE = 1.251401
	Test cost = 0.750192,	Krip Loss = 0.711423,	RMSE = 1.448647
Epoch = 27
	Train cost = 0.680161,	Krip Loss = 0.641768,	RMSE = 1.249577
	Test cost = 0.735848,	Krip Loss = 0.697813,	RMSE = 1.436093
Epoch = 28
	Train cost = 0.671465,	Krip Loss = 0.633779,	RMSE = 1.247424
	Test cost = 0.723157,	Krip Loss = 0.685804,	RMSE = 1.425552
Epoch = 29
	Train cost = 0.663179,	Krip Loss = 0.626149,	RMSE = 1.245074
	Test cost = 0.712268,	Krip Loss = 0.675546,	RMSE = 1.417577
Epoch = 30
	Train cost = 0.655283,	Krip Loss = 0.618861,	RMSE = 1.242773
	Test cost = 0.703180,	Krip Loss = 0.667044,	RMSE = 1.412383
Testing Dyad = 16
RMSE of Average Prediction = 1.460511
(3208, 300, 148) (204, 300, 148)
Compiling function
Compilation done 1
Compilation done 2
Epoch = 1
	Train cost = 1.092558,	Krip Loss = 0.998852,	RMSE = 3.857679
	Test cost = 1.086309,	Krip Loss = 0.995765,	RMSE = 2.855023
Epoch = 2
	Train cost = 1.083208,	Krip Loss = 0.995488,	RMSE = 3.364110
	Test cost = 1.075820,	Krip Loss = 0.991020,	RMSE = 2.350954
Epoch = 3
	Train cost = 1.070448,	Krip Loss = 0.988169,	RMSE = 2.677152
	Test cost = 1.056518,	Krip Loss = 0.976784,	RMSE = 1.685266
Epoch = 4
	Train cost = 1.045355,	Krip Loss = 0.967749,	RMSE = 1.902498
	Test cost = 1.044638,	Krip Loss = 0.969137,	RMSE = 1.333870
Epoch = 5
	Train cost = 1.020764,	Krip Loss = 0.947083,	RMSE = 1.479502
	Test cost = 1.051083,	Krip Loss = 0.979174,	RMSE = 1.436097
Epoch = 6
	Train cost = 1.000548,	Krip Loss = 0.930268,	RMSE = 1.394825
	Test cost = 1.050621,	Krip Loss = 0.981918,	RMSE = 1.534144
Epoch = 7
	Train cost = 0.979735,	Krip Loss = 0.912517,	RMSE = 1.371977
	Test cost = 1.047921,	Krip Loss = 0.982130,	RMSE = 1.584570
Epoch = 8
	Train cost = 0.957377,	Krip Loss = 0.892944,	RMSE = 1.351770
	Test cost = 1.044521,	Krip Loss = 0.981381,	RMSE = 1.622431
Epoch = 9
	Train cost = 0.933951,	Krip Loss = 0.872049,	RMSE = 1.332483
	Test cost = 1.039763,	Krip Loss = 0.979032,	RMSE = 1.642021
Epoch = 10
	Train cost = 0.909954,	Krip Loss = 0.850356,	RMSE = 1.313282
	Test cost = 1.033050,	Krip Loss = 0.974523,	RMSE = 1.639577
Epoch = 11
	Train cost = 0.886157,	Krip Loss = 0.828680,	RMSE = 1.295384
	Test cost = 1.023857,	Krip Loss = 0.967382,	RMSE = 1.620198
Epoch = 12
	Train cost = 0.863096,	Krip Loss = 0.807613,	RMSE = 1.279993
	Test cost = 1.011837,	Krip Loss = 0.957309,	RMSE = 1.591400
Epoch = 13
	Train cost = 0.840820,	Krip Loss = 0.787239,	RMSE = 1.267138
	Test cost = 0.996896,	Krip Loss = 0.944225,	RMSE = 1.557272
Epoch = 14
	Train cost = 0.819345,	Krip Loss = 0.767574,	RMSE = 1.256450
	Test cost = 0.979083,	Krip Loss = 0.928175,	RMSE = 1.519092
Epoch = 15
	Train cost = 0.798767,	Krip Loss = 0.748707,	RMSE = 1.247931
	Test cost = 0.959088,	Krip Loss = 0.909840,	RMSE = 1.481398
Epoch = 16
	Train cost = 0.779383,	Krip Loss = 0.730932,	RMSE = 1.242150
	Test cost = 0.938192,	Krip Loss = 0.890501,	RMSE = 1.449596
Epoch = 17
	Train cost = 0.761681,	Krip Loss = 0.714737,	RMSE = 1.239179
	Test cost = 0.918103,	Krip Loss = 0.871866,	RMSE = 1.426339
Epoch = 18
	Train cost = 0.745332,	Krip Loss = 0.699791,	RMSE = 1.237347
	Test cost = 0.899086,	Krip Loss = 0.854202,	RMSE = 1.410391
Epoch = 19
	Train cost = 0.729981,	Krip Loss = 0.685745,	RMSE = 1.236016
	Test cost = 0.881435,	Krip Loss = 0.837808,	RMSE = 1.400298
Epoch = 20
	Train cost = 0.715444,	Krip Loss = 0.672419,	RMSE = 1.234887
	Test cost = 0.865528,	Krip Loss = 0.823067,	RMSE = 1.395020
Epoch = 21
	Train cost = 0.701632,	Krip Loss = 0.659731,	RMSE = 1.233825
	Test cost = 0.851688,	Krip Loss = 0.810312,	RMSE = 1.393817
Epoch = 22
	Train cost = 0.688542,	Krip Loss = 0.647686,	RMSE = 1.232876
	Test cost = 0.839998,	Krip Loss = 0.799628,	RMSE = 1.396057
Epoch = 23
	Train cost = 0.676248,	Krip Loss = 0.636362,	RMSE = 1.232256
	Test cost = 0.830386,	Krip Loss = 0.790951,	RMSE = 1.401122
Epoch = 24
	Train cost = 0.664796,	Krip Loss = 0.625810,	RMSE = 1.231985
	Test cost = 0.822502,	Krip Loss = 0.783933,	RMSE = 1.408146
Epoch = 25
	Train cost = 0.654163,	Krip Loss = 0.616011,	RMSE = 1.231921
	Test cost = 0.815641,	Krip Loss = 0.777874,	RMSE = 1.415823
Epoch = 26
	Train cost = 0.644334,	Krip Loss = 0.606953,	RMSE = 1.232111
	Test cost = 0.809196,	Krip Loss = 0.772172,	RMSE = 1.422843
Epoch = 27
	Train cost = 0.635255,	Krip Loss = 0.598590,	RMSE = 1.232503
	Test cost = 0.802922,	Krip Loss = 0.766587,	RMSE = 1.428462
Epoch = 28
	Train cost = 0.626844,	Krip Loss = 0.590843,	RMSE = 1.232960
	Test cost = 0.797046,	Krip Loss = 0.761351,	RMSE = 1.432734
Epoch = 29
	Train cost = 0.619063,	Krip Loss = 0.583680,	RMSE = 1.233325
	Test cost = 0.792699,	Krip Loss = 0.757600,	RMSE = 1.437725
Epoch = 30
	Train cost = 0.611940,	Krip Loss = 0.577132,	RMSE = 1.233678
	Test cost = 0.789372,	Krip Loss = 0.754829,	RMSE = 1.443177
Testing Dyad = 17
RMSE of Average Prediction = 1.408169
(3216, 300, 148) (196, 300, 148)
Compiling function
Compilation done 1
Compilation done 2
Epoch = 1
	Train cost = 1.092774,	Krip Loss = 0.999076,	RMSE = 3.866122
	Test cost = 1.083872,	Krip Loss = 0.993327,	RMSE = 2.641654
Epoch = 2
	Train cost = 1.083626,	Krip Loss = 0.995901,	RMSE = 3.409315
	Test cost = 1.072274,	Krip Loss = 0.987464,	RMSE = 2.203439
Epoch = 3
	Train cost = 1.071585,	Krip Loss = 0.989299,	RMSE = 2.766855
	Test cost = 1.049113,	Krip Loss = 0.969384,	RMSE = 1.562508
Epoch = 4
	Train cost = 1.048540,	Krip Loss = 0.970940,	RMSE = 1.992162
	Test cost = 1.033539,	Krip Loss = 0.958061,	RMSE = 1.200939
Epoch = 5
	Train cost = 1.024552,	Krip Loss = 0.950931,	RMSE = 1.524873
	Test cost = 1.039990,	Krip Loss = 0.968173,	RMSE = 1.341981
Epoch = 6
	Train cost = 1.003663,	Krip Loss = 0.933523,	RMSE = 1.412789
	Test cost = 1.039941,	Krip Loss = 0.971399,	RMSE = 1.464779
Epoch = 7
	Train cost = 0.982163,	Krip Loss = 0.915137,	RMSE = 1.386763
	Test cost = 1.036267,	Krip Loss = 0.970683,	RMSE = 1.510908
Epoch = 8
	Train cost = 0.958800,	Krip Loss = 0.894597,	RMSE = 1.365201
	Test cost = 1.032498,	Krip Loss = 0.969597,	RMSE = 1.545535
Epoch = 9
	Train cost = 0.934321,	Krip Loss = 0.872679,	RMSE = 1.345465
	Test cost = 1.027106,	Krip Loss = 0.966644,	RMSE = 1.558232
Epoch = 10
	Train cost = 0.909496,	Krip Loss = 0.850186,	RMSE = 1.325784
	Test cost = 1.018118,	Krip Loss = 0.959892,	RMSE = 1.543127
Epoch = 11
	Train cost = 0.885104,	Krip Loss = 0.827947,	RMSE = 1.306785
	Test cost = 1.005511,	Krip Loss = 0.949372,	RMSE = 1.510110
Epoch = 12
	Train cost = 0.861352,	Krip Loss = 0.806226,	RMSE = 1.290119
	Test cost = 0.989698,	Krip Loss = 0.935540,	RMSE = 1.470220
Epoch = 13
	Train cost = 0.838417,	Krip Loss = 0.785224,	RMSE = 1.276162
	Test cost = 0.971334,	Krip Loss = 0.919063,	RMSE = 1.426828
Epoch = 14
	Train cost = 0.816552,	Krip Loss = 0.765194,	RMSE = 1.265072
	Test cost = 0.951431,	Krip Loss = 0.900945,	RMSE = 1.384701
Epoch = 15
	Train cost = 0.796061,	Krip Loss = 0.746436,	RMSE = 1.256823
	Test cost = 0.930977,	Krip Loss = 0.882170,	RMSE = 1.348504
Epoch = 16
	Train cost = 0.777111,	Krip Loss = 0.729110,	RMSE = 1.251164
	Test cost = 0.910986,	Krip Loss = 0.863749,	RMSE = 1.321662
Epoch = 17
	Train cost = 0.759785,	Krip Loss = 0.713299,	RMSE = 1.248034
	Test cost = 0.892237,	Krip Loss = 0.846461,	RMSE = 1.304763
Epoch = 18
	Train cost = 0.744015,	Krip Loss = 0.698939,	RMSE = 1.246861
	Test cost = 0.874952,	Krip Loss = 0.830535,	RMSE = 1.296299
Epoch = 19
	Train cost = 0.729547,	Krip Loss = 0.685781,	RMSE = 1.246729
	Test cost = 0.858955,	Krip Loss = 0.815800,	RMSE = 1.293901
Epoch = 20
	Train cost = 0.716039,	Krip Loss = 0.673489,	RMSE = 1.246877
	Test cost = 0.844060,	Krip Loss = 0.802078,	RMSE = 1.295662
Epoch = 21
	Train cost = 0.703307,	Krip Loss = 0.661888,	RMSE = 1.247064
	Test cost = 0.830182,	Krip Loss = 0.789290,	RMSE = 1.300215
Epoch = 22
	Train cost = 0.691408,	Krip Loss = 0.651040,	RMSE = 1.247583
	Test cost = 0.817171,	Krip Loss = 0.777292,	RMSE = 1.306311
Epoch = 23
	Train cost = 0.680382,	Krip Loss = 0.640990,	RMSE = 1.248685
	Test cost = 0.804749,	Krip Loss = 0.765812,	RMSE = 1.312932
Epoch = 24
	Train cost = 0.670123,	Krip Loss = 0.631638,	RMSE = 1.250121
	Test cost = 0.792823,	Krip Loss = 0.754759,	RMSE = 1.319542
Epoch = 25
	Train cost = 0.660498,	Krip Loss = 0.622853,	RMSE = 1.251528
	Test cost = 0.781271,	Krip Loss = 0.744015,	RMSE = 1.325658
Epoch = 26
	Train cost = 0.651403,	Krip Loss = 0.614536,	RMSE = 1.252711
	Test cost = 0.770014,	Krip Loss = 0.733506,	RMSE = 1.331102
Epoch = 27
	Train cost = 0.642820,	Krip Loss = 0.606671,	RMSE = 1.253763
	Test cost = 0.759938,	Krip Loss = 0.724119,	RMSE = 1.337540
Epoch = 28
	Train cost = 0.634728,	Krip Loss = 0.599242,	RMSE = 1.254716
	Test cost = 0.751216,	Krip Loss = 0.716036,	RMSE = 1.345642
Epoch = 29
	Train cost = 0.627194,	Krip Loss = 0.592323,	RMSE = 1.255811
	Test cost = 0.743471,	Krip Loss = 0.708883,	RMSE = 1.354386
Epoch = 30
	Train cost = 0.620216,	Krip Loss = 0.585915,	RMSE = 1.256965
	Test cost = 0.736595,	Krip Loss = 0.702557,	RMSE = 1.363234
Testing Dyad = 18
RMSE of Average Prediction = 1.849340
(3210, 300, 148) (202, 300, 148)
Compiling function
Compilation done 1
Compilation done 2
Epoch = 1
	Train cost = 1.091493,	Krip Loss = 0.997789,	RMSE = 3.881535
	Test cost = 1.105980,	Krip Loss = 1.015452,	RMSE = 2.241987
Epoch = 2
	Train cost = 1.078203,	Krip Loss = 0.990558,	RMSE = 2.995513
	Test cost = 1.148620,	Krip Loss = 1.063837,	RMSE = 1.644803
Epoch = 3
	Train cost = 1.051197,	Krip Loss = 0.968864,	RMSE = 1.931656
	Test cost = 1.193889,	Krip Loss = 1.113862,	RMSE = 1.320021
Epoch = 4
	Train cost = 1.024223,	Krip Loss = 0.946227,	RMSE = 1.444552
	Test cost = 1.181016,	Krip Loss = 1.104929,	RMSE = 1.416592
Epoch = 5
	Train cost = 1.003667,	Krip Loss = 0.929335,	RMSE = 1.383705
	Test cost = 1.180040,	Krip Loss = 1.107393,	RMSE = 1.457384
Epoch = 6
	Train cost = 0.983455,	Krip Loss = 0.912413,	RMSE = 1.365304
	Test cost = 1.186038,	Krip Loss = 1.116548,	RMSE = 1.469359
Epoch = 7
	Train cost = 0.962758,	Krip Loss = 0.894763,	RMSE = 1.347358
	Test cost = 1.189113,	Krip Loss = 1.122552,	RMSE = 1.493773
Epoch = 8
	Train cost = 0.941718,	Krip Loss = 0.876545,	RMSE = 1.332659
	Test cost = 1.190384,	Krip Loss = 1.126534,	RMSE = 1.517445
Epoch = 9
	Train cost = 0.920206,	Krip Loss = 0.857641,	RMSE = 1.319098
	Test cost = 1.190893,	Krip Loss = 1.129546,	RMSE = 1.537091
Epoch = 10
	Train cost = 0.898480,	Krip Loss = 0.838322,	RMSE = 1.306114
	Test cost = 1.191213,	Krip Loss = 1.132175,	RMSE = 1.553505
Epoch = 11
	Train cost = 0.877106,	Krip Loss = 0.819168,	RMSE = 1.294743
	Test cost = 1.189959,	Krip Loss = 1.133054,	RMSE = 1.571560
Epoch = 12
	Train cost = 0.856722,	Krip Loss = 0.800838,	RMSE = 1.286278
	Test cost = 1.185500,	Krip Loss = 1.130577,	RMSE = 1.594183
Epoch = 13
	Train cost = 0.837565,	Krip Loss = 0.783600,	RMSE = 1.280603
	Test cost = 1.176688,	Krip Loss = 1.123631,	RMSE = 1.617193
Epoch = 14
	Train cost = 0.819661,	Krip Loss = 0.767515,	RMSE = 1.276952
	Test cost = 1.164099,	Krip Loss = 1.112819,	RMSE = 1.634180
Epoch = 15
	Train cost = 0.802907,	Krip Loss = 0.752501,	RMSE = 1.274489
	Test cost = 1.148582,	Krip Loss = 1.099002,	RMSE = 1.643807
Epoch = 16
	Train cost = 0.786995,	Krip Loss = 0.738250,	RMSE = 1.272488
	Test cost = 1.130389,	Krip Loss = 1.082429,	RMSE = 1.648273
