nohup: ignoring input
Using gpu device 0: GeForce GTX TITAN X (CNMeM is disabled, cuDNN 5103)
/usr/local/lib/python2.7/dist-packages/theano/sandbox/cuda/__init__.py:600: UserWarning: Your cuDNN version is more recent than the one Theano officially supports. If you see any problems, try updating Theano or downgrading cuDNN to version 5.
  warnings.warn(warn)
audio b
../data_info/AMT_Batch3_results_large.csv
../data_info/AMT_Batch1_results_large.csv
../data_info/AMT_Batch2_results_large.csv
../data_info/AMT_Batch4_results_large.csv
D10S1
D10S2
D11S1
D11S2
D12S1
D12S2
D16S2
D17S1
D18S1
D3S1
D3S2
D4S1
D4S2
D5S1
D5S2
D6S1
D6S2
D7S1
D7S2
D8S1
D8S2
D9S1
D9S2
Testing Dyad = 3
RMSE of Average Prediction = 1.091906
(3030, 300, 148) (382, 300, 148)
naive
Compiling function
Compilation done 1
Compilation done 2
Epoch = 1
	Train cost = 4.063120,	Krip Loss = 0.999766,	RMSE = 3.500488
	Test cost = 3.340300,	Krip Loss = 1.004110,	RMSE = 3.056920
Epoch = 2
	Train cost = 2.845847,	Krip Loss = 0.999577,	RMSE = 2.717550
	Test cost = 2.042391,	Krip Loss = 1.005010,	RMSE = 2.037038
Epoch = 3
	Train cost = 2.334259,	Krip Loss = 0.996364,	RMSE = 2.313349
	Test cost = 1.576922,	Krip Loss = 1.007651,	RMSE = 1.509001
Epoch = 4
	Train cost = 2.245494,	Krip Loss = 1.001059,	RMSE = 2.231085
	Test cost = 1.529661,	Krip Loss = 1.007523,	RMSE = 1.445182
Epoch = 5
	Train cost = 2.237822,	Krip Loss = 0.984487,	RMSE = 2.239049
	Test cost = 1.508118,	Krip Loss = 1.004662,	RMSE = 1.419094
Epoch = 6
	Train cost = 2.227952,	Krip Loss = 0.997979,	RMSE = 2.218083
	Test cost = 1.511409,	Krip Loss = 1.003278,	RMSE = 1.425667
Epoch = 7
	Train cost = 2.207153,	Krip Loss = 0.984168,	RMSE = 2.211772
	Test cost = 1.508470,	Krip Loss = 1.002039,	RMSE = 1.423280
Epoch = 8
	Train cost = 2.256555,	Krip Loss = 1.001871,	RMSE = 2.240253
	Test cost = 1.503776,	Krip Loss = 1.000715,	RMSE = 1.418535
Epoch = 9
	Train cost = 2.216270,	Krip Loss = 0.976214,	RMSE = 2.227157
	Test cost = 1.500258,	Krip Loss = 0.999450,	RMSE = 1.415356
Epoch = 10
	Train cost = 2.203123,	Krip Loss = 0.993408,	RMSE = 2.199741
	Test cost = 1.489961,	Krip Loss = 0.998042,	RMSE = 1.402739
Epoch = 11
	Train cost = 2.226624,	Krip Loss = 0.992878,	RMSE = 2.221482
	Test cost = 1.489643,	Krip Loss = 0.996431,	RMSE = 1.404582
Epoch = 12
	Train cost = 2.235432,	Krip Loss = 1.008177,	RMSE = 2.215631
	Test cost = 1.501968,	Krip Loss = 0.994313,	RMSE = 1.424998
Epoch = 13
	Train cost = 2.205331,	Krip Loss = 0.984771,	RMSE = 2.209579
	Test cost = 1.483702,	Krip Loss = 0.992190,	RMSE = 1.402159
Epoch = 14
	Train cost = 2.226739,	Krip Loss = 0.981993,	RMSE = 2.231364
	Test cost = 1.469397,	Krip Loss = 0.989927,	RMSE = 1.384875
Epoch = 15
	Train cost = 2.165277,	Krip Loss = 0.970393,	RMSE = 2.186216
	Test cost = 1.457737,	Krip Loss = 0.987057,	RMSE = 1.372122
Epoch = 16
	Train cost = 2.174186,	Krip Loss = 0.964380,	RMSE = 2.199824
	Test cost = 1.440936,	Krip Loss = 0.985398,	RMSE = 1.349872
Epoch = 17
	Train cost = 2.193905,	Krip Loss = 0.960069,	RMSE = 2.221563
	Test cost = 1.424585,	Krip Loss = 0.985427,	RMSE = 1.325380
Epoch = 18
	Train cost = 2.194524,	Krip Loss = 0.955238,	RMSE = 2.226465
	Test cost = 1.406476,	Krip Loss = 0.982489,	RMSE = 1.302285
Epoch = 19
	Train cost = 2.172874,	Krip Loss = 0.944349,	RMSE = 2.216777
	Test cost = 1.401712,	Krip Loss = 0.978983,	RMSE = 1.300352
Epoch = 20
	Train cost = 2.122215,	Krip Loss = 0.940336,	RMSE = 2.174285
	Test cost = 1.397291,	Krip Loss = 0.973332,	RMSE = 1.302244
Epoch = 21
	Train cost = 2.159903,	Krip Loss = 0.970232,	RMSE = 2.181441
	Test cost = 1.386007,	Krip Loss = 0.973218,	RMSE = 1.284973
Epoch = 22
	Train cost = 2.209646,	Krip Loss = 0.954116,	RMSE = 2.241009
	Test cost = 1.387800,	Krip Loss = 0.973299,	RMSE = 1.287635
Epoch = 23
	Train cost = 2.120528,	Krip Loss = 0.931913,	RMSE = 2.180473
	Test cost = 1.372677,	Krip Loss = 0.971980,	RMSE = 1.266013
Epoch = 24
	Train cost = 2.185875,	Krip Loss = 0.955584,	RMSE = 2.218369
	Test cost = 1.379562,	Krip Loss = 0.967072,	RMSE = 1.284508
Epoch = 25
	Train cost = 2.106325,	Krip Loss = 0.935964,	RMSE = 2.163665
	Test cost = 1.373020,	Krip Loss = 0.968169,	RMSE = 1.272559
Epoch = 26
	Train cost = 2.119023,	Krip Loss = 0.927349,	RMSE = 2.183276
	Test cost = 1.364676,	Krip Loss = 0.959430,	RMSE = 1.273178
Epoch = 27
	Train cost = 2.096181,	Krip Loss = 0.936258,	RMSE = 2.153994
	Test cost = 1.364183,	Krip Loss = 0.957088,	RMSE = 1.276081
Epoch = 28
	Train cost = 2.139381,	Krip Loss = 0.941946,	RMSE = 2.188548
	Test cost = 1.354960,	Krip Loss = 0.951340,	RMSE = 1.270623
Epoch = 29
	Train cost = 2.048006,	Krip Loss = 0.918677,	RMSE = 2.125398
	Test cost = 1.342679,	Krip Loss = 0.947537,	RMSE = 1.257207
Epoch = 30
	Train cost = 2.122477,	Krip Loss = 0.919230,	RMSE = 2.193852
	Test cost = 1.344398,	Krip Loss = 0.948923,	RMSE = 1.257736
Epoch = 31
	Train cost = 2.072430,	Krip Loss = 0.913027,	RMSE = 2.153512
	Test cost = 1.337207,	Krip Loss = 0.942355,	RMSE = 1.256745
Epoch = 32
	Train cost = 2.119270,	Krip Loss = 0.922099,	RMSE = 2.188306
	Test cost = 1.339818,	Krip Loss = 0.944345,	RMSE = 1.257733
Epoch = 33
	Train cost = 2.097781,	Krip Loss = 0.928789,	RMSE = 2.162398
	Test cost = 1.332716,	Krip Loss = 0.946472,	RMSE = 1.242969
Epoch = 34
	Train cost = 2.151427,	Krip Loss = 0.934659,	RMSE = 2.206144
	Test cost = 1.334470,	Krip Loss = 0.933631,	RMSE = 1.266236
Epoch = 35
	Train cost = 2.096688,	Krip Loss = 0.913111,	RMSE = 2.175847
	Test cost = 1.321392,	Krip Loss = 0.931545,	RMSE = 1.248755
Epoch = 36
	Train cost = 2.046939,	Krip Loss = 0.910712,	RMSE = 2.131878
	Test cost = 1.322175,	Krip Loss = 0.929672,	RMSE = 1.253002
Epoch = 37
	Train cost = 2.079893,	Krip Loss = 0.911129,	RMSE = 2.162188
	Test cost = 1.322087,	Krip Loss = 0.938983,	RMSE = 1.237908
Epoch = 38
	Train cost = 2.101212,	Krip Loss = 0.925485,	RMSE = 2.168619
	Test cost = 1.321419,	Krip Loss = 0.948216,	RMSE = 1.221807
Epoch = 39
	Train cost = 2.110023,	Krip Loss = 0.922052,	RMSE = 2.179882
	Test cost = 1.316338,	Krip Loss = 0.943829,	RMSE = 1.220670
Epoch = 40
	Train cost = 2.033716,	Krip Loss = 0.891079,	RMSE = 2.137884
	Test cost = 1.306853,	Krip Loss = 0.937946,	RMSE = 1.214755
Epoch = 41
	Train cost = 2.077598,	Krip Loss = 0.904108,	RMSE = 2.166555
	Test cost = 1.310217,	Krip Loss = 0.924038,	RMSE = 1.242866
Epoch = 42
	Train cost = 2.075699,	Krip Loss = 0.912119,	RMSE = 2.157387
	Test cost = 1.295954,	Krip Loss = 0.904066,	RMSE = 1.252018
Epoch = 43
	Train cost = 2.029829,	Krip Loss = 0.889211,	RMSE = 2.135994
	Test cost = 1.298230,	Krip Loss = 0.907325,	RMSE = 1.250447
Epoch = 44
	Train cost = 2.037479,	Krip Loss = 0.904190,	RMSE = 2.129122
	Test cost = 1.279578,	Krip Loss = 0.907101,	RMSE = 1.220618
Epoch = 45
	Train cost = 2.078733,	Krip Loss = 0.906821,	RMSE = 2.165097
	Test cost = 1.274056,	Krip Loss = 0.924789,	RMSE = 1.181976
Epoch = 46
	Train cost = 2.106759,	Krip Loss = 0.897921,	RMSE = 2.198943
	Test cost = 1.292273,	Krip Loss = 0.937670,	RMSE = 1.190971
Epoch = 47
	Train cost = 2.011060,	Krip Loss = 0.892885,	RMSE = 2.114875
	Test cost = 1.272035,	Krip Loss = 0.931530,	RMSE = 1.167056
Epoch = 48
	Train cost = 2.121532,	Krip Loss = 0.914059,	RMSE = 2.197701
	Test cost = 1.283516,	Krip Loss = 0.924286,	RMSE = 1.198716
Epoch = 49
	Train cost = 2.094801,	Krip Loss = 0.891479,	RMSE = 2.193921
	Test cost = 1.267289,	Krip Loss = 0.918184,	RMSE = 1.181703
Epoch = 50
	Train cost = 2.089904,	Krip Loss = 0.894852,	RMSE = 2.186369
	Test cost = 1.288955,	Krip Loss = 0.908758,	RMSE = 1.233203
Epoch = 51
	Train cost = 2.030462,	Krip Loss = 0.877203,	RMSE = 2.147798
	Test cost = 1.277016,	Krip Loss = 0.890616,	RMSE = 1.243221
Epoch = 52
	Train cost = 2.050081,	Krip Loss = 0.903919,	RMSE = 2.141180
	Test cost = 1.269964,	Krip Loss = 0.898616,	RMSE = 1.218766
Epoch = 53
	Train cost = 1.999611,	Krip Loss = 0.883579,	RMSE = 2.112848
	Test cost = 1.269291,	Krip Loss = 0.915746,	RMSE = 1.189192
Epoch = 54
	Train cost = 2.036675,	Krip Loss = 0.905918,	RMSE = 2.126741
	Test cost = 1.236309,	Krip Loss = 0.910134,	RMSE = 1.142236
Epoch = 55
	Train cost = 2.058340,	Krip Loss = 0.902066,	RMSE = 2.150603
	Test cost = 1.284537,	Krip Loss = 0.913960,	RMSE = 1.217502
Epoch = 56
	Train cost = 2.075505,	Krip Loss = 0.906543,	RMSE = 2.162370
	Test cost = 1.234832,	Krip Loss = 0.910695,	RMSE = 1.138662
Epoch = 57
	Train cost = 2.056406,	Krip Loss = 0.884241,	RMSE = 2.165331
	Test cost = 1.250726,	Krip Loss = 0.917775,	RMSE = 1.154039
Epoch = 58
	Train cost = 2.108110,	Krip Loss = 0.910591,	RMSE = 2.188624
	Test cost = 1.286931,	Krip Loss = 0.917479,	RMSE = 1.215651
Epoch = 59
	Train cost = 2.110669,	Krip Loss = 0.903633,	RMSE = 2.197304
	Test cost = 1.253190,	Krip Loss = 0.906908,	RMSE = 1.176914
Epoch = 60
	Train cost = 2.037291,	Krip Loss = 0.890053,	RMSE = 2.142183
	Test cost = 1.250447,	Krip Loss = 0.910097,	RMSE = 1.166789
Testing Dyad = 4
RMSE of Average Prediction = 1.768327
(3206, 300, 148) (206, 300, 148)
naive
Compiling function
Compilation done 1
Compilation done 2
Epoch = 1
	Train cost = 4.156484,	Krip Loss = 1.000849,	RMSE = 3.552821
	Test cost = 1.955533,	Krip Loss = 1.001846,	RMSE = 1.953138
Epoch = 2
	Train cost = 2.759021,	Krip Loss = 0.986824,	RMSE = 2.662478
	Test cost = 1.420424,	Krip Loss = 0.993644,	RMSE = 1.306569
Epoch = 3
	Train cost = 2.308862,	Krip Loss = 0.998001,	RMSE = 2.289856
	Test cost = 1.404002,	Krip Loss = 0.989543,	RMSE = 1.287570
Epoch = 4
	Train cost = 2.295675,	Krip Loss = 1.010731,	RMSE = 2.267108
	Test cost = 1.408721,	Krip Loss = 0.986741,	RMSE = 1.299201
Epoch = 5
	Train cost = 2.232048,	Krip Loss = 0.988795,	RMSE = 2.230025
	Test cost = 1.405145,	Krip Loss = 0.984152,	RMSE = 1.297680
Epoch = 6
	Train cost = 2.249708,	Krip Loss = 1.006871,	RMSE = 2.229653
	Test cost = 1.400271,	Krip Loss = 0.980750,	RMSE = 1.295409
Epoch = 7
	Train cost = 2.247623,	Krip Loss = 0.998531,	RMSE = 2.235256
	Test cost = 1.396446,	Krip Loss = 0.977686,	RMSE = 1.294233
Epoch = 8
	Train cost = 2.280740,	Krip Loss = 1.011157,	RMSE = 2.253516
	Test cost = 1.388125,	Krip Loss = 0.973626,	RMSE = 1.287632
Epoch = 9
	Train cost = 2.231878,	Krip Loss = 0.983649,	RMSE = 2.234483
	Test cost = 1.386111,	Krip Loss = 0.970164,	RMSE = 1.289879
Epoch = 10
	Train cost = 2.287685,	Krip Loss = 1.018038,	RMSE = 2.253572
	Test cost = 1.374160,	Krip Loss = 0.965205,	RMSE = 1.278992
Epoch = 11
	Train cost = 2.155836,	Krip Loss = 0.969925,	RMSE = 2.177991
	Test cost = 1.375482,	Krip Loss = 0.960997,	RMSE = 1.287610
Epoch = 12
	Train cost = 2.208851,	Krip Loss = 0.999709,	RMSE = 2.199220
	Test cost = 1.359513,	Krip Loss = 0.952646,	RMSE = 1.275723
Epoch = 13
	Train cost = 2.228047,	Krip Loss = 0.981266,	RMSE = 2.233187
	Test cost = 1.344893,	Krip Loss = 0.941172,	RMSE = 1.270782
Epoch = 14
	Train cost = 2.237121,	Krip Loss = 0.996900,	RMSE = 2.227304
	Test cost = 1.322070,	Krip Loss = 0.926676,	RMSE = 1.257607
Epoch = 15
	Train cost = 2.249059,	Krip Loss = 0.990939,	RMSE = 2.243319
	Test cost = 1.322713,	Krip Loss = 0.921635,	RMSE = 1.266615
Epoch = 16
	Train cost = 2.219690,	Krip Loss = 0.979681,	RMSE = 2.227113
	Test cost = 1.308490,	Krip Loss = 0.907662,	RMSE = 1.266220
Epoch = 17
	Train cost = 2.196246,	Krip Loss = 0.964669,	RMSE = 2.219529
	Test cost = 1.320150,	Krip Loss = 0.909720,	RMSE = 1.281296
Epoch = 18
	Train cost = 2.229808,	Krip Loss = 0.981576,	RMSE = 2.234486
	Test cost = 1.296714,	Krip Loss = 0.898396,	RMSE = 1.262250
Epoch = 19
	Train cost = 2.210068,	Krip Loss = 0.960587,	RMSE = 2.235604
	Test cost = 1.300474,	Krip Loss = 0.897825,	RMSE = 1.269094
Epoch = 20
	Train cost = 2.235654,	Krip Loss = 0.979378,	RMSE = 2.241675
	Test cost = 1.284895,	Krip Loss = 0.886995,	RMSE = 1.261586
Epoch = 21
	Train cost = 2.131961,	Krip Loss = 0.949507,	RMSE = 2.174814
	Test cost = 1.303145,	Krip Loss = 0.891890,	RMSE = 1.282583
Epoch = 22
	Train cost = 2.220552,	Krip Loss = 0.972768,	RMSE = 2.234086
	Test cost = 1.264388,	Krip Loss = 0.873043,	RMSE = 1.251151
Epoch = 23
	Train cost = 2.229244,	Krip Loss = 0.975119,	RMSE = 2.239755
	Test cost = 1.252183,	Krip Loss = 0.864732,	RMSE = 1.244910
Epoch = 24
	Train cost = 2.124272,	Krip Loss = 0.950809,	RMSE = 2.166530
	Test cost = 1.238747,	Krip Loss = 0.852933,	RMSE = 1.242280
Epoch = 25
	Train cost = 2.170185,	Krip Loss = 0.960420,	RMSE = 2.199786
	Test cost = 1.219035,	Krip Loss = 0.839711,	RMSE = 1.231787
Epoch = 26
	Train cost = 2.150718,	Krip Loss = 0.971748,	RMSE = 2.171607
	Test cost = 1.190883,	Krip Loss = 0.818436,	RMSE = 1.220569
Epoch = 27
	Train cost = 2.204278,	Krip Loss = 0.969044,	RMSE = 2.222821
	Test cost = 1.151041,	Krip Loss = 0.792573,	RMSE = 1.197443
Epoch = 28
	Train cost = 2.197136,	Krip Loss = 0.952724,	RMSE = 2.231065
	Test cost = 1.136663,	Krip Loss = 0.781675,	RMSE = 1.191616
Epoch = 29
	Train cost = 2.118911,	Krip Loss = 0.945182,	RMSE = 2.166775
	Test cost = 1.102389,	Krip Loss = 0.754851,	RMSE = 1.179047
Epoch = 30
	Train cost = 2.107771,	Krip Loss = 0.937999,	RMSE = 2.163120
	Test cost = 1.088722,	Krip Loss = 0.742188,	RMSE = 1.177343
Epoch = 31
	Train cost = 2.223970,	Krip Loss = 0.948982,	RMSE = 2.258307
	Test cost = 1.100908,	Krip Loss = 0.748304,	RMSE = 1.187608
Epoch = 32
	Train cost = 2.179827,	Krip Loss = 0.951597,	RMSE = 2.216511
	Test cost = 1.065138,	Krip Loss = 0.723014,	RMSE = 1.169828
Epoch = 33
	Train cost = 2.095570,	Krip Loss = 0.936513,	RMSE = 2.153190
	Test cost = 1.033468,	Krip Loss = 0.695336,	RMSE = 1.162982
Epoch = 34
	Train cost = 2.075385,	Krip Loss = 0.914451,	RMSE = 2.154933
	Test cost = 1.085173,	Krip Loss = 0.729237,	RMSE = 1.193208
Epoch = 35
	Train cost = 2.142842,	Krip Loss = 0.936862,	RMSE = 2.196342
	Test cost = 1.043601,	Krip Loss = 0.701662,	RMSE = 1.169511
Epoch = 36
	Train cost = 2.153694,	Krip Loss = 0.944221,	RMSE = 2.199521
	Test cost = 1.046041,	Krip Loss = 0.704482,	RMSE = 1.168861
Epoch = 37
	Train cost = 2.197614,	Krip Loss = 0.958881,	RMSE = 2.225968
	Test cost = 1.004862,	Krip Loss = 0.672239,	RMSE = 1.153470
Epoch = 38
	Train cost = 2.172178,	Krip Loss = 0.942934,	RMSE = 2.217425
	Test cost = 0.990363,	Krip Loss = 0.661348,	RMSE = 1.147198
Epoch = 39
	Train cost = 2.202107,	Krip Loss = 0.950015,	RMSE = 2.237939
	Test cost = 0.998188,	Krip Loss = 0.665252,	RMSE = 1.154011
Epoch = 40
	Train cost = 2.190512,	Krip Loss = 0.949340,	RMSE = 2.228159
	Test cost = 1.034266,	Krip Loss = 0.687087,	RMSE = 1.178438
Epoch = 41
	Train cost = 2.122244,	Krip Loss = 0.934243,	RMSE = 2.179909
	Test cost = 0.987780,	Krip Loss = 0.651928,	RMSE = 1.159055
Epoch = 42
	Train cost = 2.123784,	Krip Loss = 0.917647,	RMSE = 2.196485
	Test cost = 1.014065,	Krip Loss = 0.672680,	RMSE = 1.168565
Epoch = 43
	Train cost = 2.137651,	Krip Loss = 0.927190,	RMSE = 2.200419
	Test cost = 1.026853,	Krip Loss = 0.677237,	RMSE = 1.182566
Epoch = 44
	Train cost = 2.119935,	Krip Loss = 0.942723,	RMSE = 2.169988
	Test cost = 0.991358,	Krip Loss = 0.651088,	RMSE = 1.166654
Epoch = 45
	Train cost = 2.130378,	Krip Loss = 0.932930,	RMSE = 2.188559
	Test cost = 0.987442,	Krip Loss = 0.648261,	RMSE = 1.164785
Epoch = 46
	Train cost = 2.113121,	Krip Loss = 0.920221,	RMSE = 2.184399
	Test cost = 0.970827,	Krip Loss = 0.633548,	RMSE = 1.161514
Epoch = 47
	Train cost = 2.086305,	Krip Loss = 0.906105,	RMSE = 2.172740
	Test cost = 0.977535,	Krip Loss = 0.635763,	RMSE = 1.169224
Epoch = 48
	Train cost = 2.093739,	Krip Loss = 0.914608,	RMSE = 2.171756
	Test cost = 0.983074,	Krip Loss = 0.640699,	RMSE = 1.170256
Epoch = 49
	Train cost = 2.096425,	Krip Loss = 0.909302,	RMSE = 2.179103
	Test cost = 0.944704,	Krip Loss = 0.613180,	RMSE = 1.151562
Epoch = 50
	Train cost = 2.078081,	Krip Loss = 0.921037,	RMSE = 2.151319
	Test cost = 0.951571,	Krip Loss = 0.619177,	RMSE = 1.153074
Epoch = 51
	Train cost = 2.062615,	Krip Loss = 0.903397,	RMSE = 2.153339
	Test cost = 0.954700,	Krip Loss = 0.615701,	RMSE = 1.164472
Epoch = 52
	Train cost = 2.108068,	Krip Loss = 0.909867,	RMSE = 2.189247
	Test cost = 0.954476,	Krip Loss = 0.616223,	RMSE = 1.163190
Epoch = 53
	Train cost = 2.078573,	Krip Loss = 0.918425,	RMSE = 2.154204
	Test cost = 0.933592,	Krip Loss = 0.604362,	RMSE = 1.147571
Epoch = 54
	Train cost = 2.080854,	Krip Loss = 0.922630,	RMSE = 2.152416
	Test cost = 0.898092,	Krip Loss = 0.577957,	RMSE = 1.131609
Epoch = 55
	Train cost = 2.203251,	Krip Loss = 0.930293,	RMSE = 2.256508
	Test cost = 0.949950,	Krip Loss = 0.613159,	RMSE = 1.160675
Epoch = 56
	Train cost = 2.034526,	Krip Loss = 0.911155,	RMSE = 2.119784
	Test cost = 0.963037,	Krip Loss = 0.621861,	RMSE = 1.168205
Epoch = 57
	Train cost = 2.097762,	Krip Loss = 0.920824,	RMSE = 2.169736
	Test cost = 0.990128,	Krip Loss = 0.641410,	RMSE = 1.181046
Epoch = 58
	Train cost = 2.125933,	Krip Loss = 0.924834,	RMSE = 2.191893
	Test cost = 0.994957,	Krip Loss = 0.647349,	RMSE = 1.179166
Epoch = 59
	Train cost = 2.131944,	Krip Loss = 0.921531,	RMSE = 2.200375
	Test cost = 0.995624,	Krip Loss = 0.648218,	RMSE = 1.178824
Epoch = 60
	Train cost = 2.084415,	Krip Loss = 0.908858,	RMSE = 2.168462
	Test cost = 0.944110,	Krip Loss = 0.606680,	RMSE = 1.161774
Testing Dyad = 7
RMSE of Average Prediction = 1.252923
(3016, 300, 148) (396, 300, 148)
naive
Compiling function
Compilation done 1
Compilation done 2
Epoch = 1
	Train cost = 3.965310,	Krip Loss = 1.000972,	RMSE = 3.443450
	Test cost = 3.994713,	Krip Loss = 0.997856,	RMSE = 3.462287
Epoch = 2
	Train cost = 2.663524,	Krip Loss = 0.997291,	RMSE = 2.581653
	Test cost = 2.449766,	Krip Loss = 0.997062,	RMSE = 2.410563
Epoch = 3
	Train cost = 2.219617,	Krip Loss = 0.990180,	RMSE = 2.217600
	Test cost = 1.886436,	Krip Loss = 0.996291,	RMSE = 1.886950
Epoch = 4
	Train cost = 2.237616,	Krip Loss = 1.012328,	RMSE = 2.213854
	Test cost = 1.820573,	Krip Loss = 0.994068,	RMSE = 1.818246
Epoch = 5
	Train cost = 2.145372,	Krip Loss = 0.962714,	RMSE = 2.175001
	Test cost = 1.795614,	Krip Loss = 0.993516,	RMSE = 1.791198
Epoch = 6
	Train cost = 2.245953,	Krip Loss = 1.001297,	RMSE = 2.231283
	Test cost = 1.806598,	Krip Loss = 0.993744,	RMSE = 1.803168
Epoch = 7
	Train cost = 2.197316,	Krip Loss = 1.000243,	RMSE = 2.188217
	Test cost = 1.815452,	Krip Loss = 0.994115,	RMSE = 1.812553
Epoch = 8
	Train cost = 2.238850,	Krip Loss = 1.010619,	RMSE = 2.216512
	Test cost = 1.807723,	Krip Loss = 0.992133,	RMSE = 1.806200
Epoch = 9
	Train cost = 2.193532,	Krip Loss = 0.978337,	RMSE = 2.204718
	Test cost = 1.800982,	Krip Loss = 0.992008,	RMSE = 1.798860
Epoch = 10
	Train cost = 2.171174,	Krip Loss = 0.982399,	RMSE = 2.180619
	Test cost = 1.796458,	Krip Loss = 0.992496,	RMSE = 1.793278
Epoch = 11
	Train cost = 2.188791,	Krip Loss = 0.994512,	RMSE = 2.185661
	Test cost = 1.800333,	Krip Loss = 0.993171,	RMSE = 1.796844
Epoch = 12
	Train cost = 2.124187,	Krip Loss = 0.954889,	RMSE = 2.162682
	Test cost = 1.769155,	Krip Loss = 0.990081,	RMSE = 1.765304
Epoch = 13
	Train cost = 2.207350,	Krip Loss = 1.002244,	RMSE = 2.195547
	Test cost = 1.782118,	Krip Loss = 0.989259,	RMSE = 1.780853
Epoch = 14
	Train cost = 2.152469,	Krip Loss = 0.970299,	RMSE = 2.174552
	Test cost = 1.756882,	Krip Loss = 0.989039,	RMSE = 1.752533
Epoch = 15
	Train cost = 2.190479,	Krip Loss = 0.981325,	RMSE = 2.199231
	Test cost = 1.764354,	Krip Loss = 0.987758,	RMSE = 1.762495
Epoch = 16
	Train cost = 2.213199,	Krip Loss = 0.990204,	RMSE = 2.211782
	Test cost = 1.726028,	Krip Loss = 0.986358,	RMSE = 1.720080
Epoch = 17
	Train cost = 2.150535,	Krip Loss = 0.985997,	RMSE = 2.158275
	Test cost = 1.705354,	Krip Loss = 0.986547,	RMSE = 1.695649
Epoch = 18
	Train cost = 2.172937,	Krip Loss = 0.962915,	RMSE = 2.200020
	Test cost = 1.682398,	Krip Loss = 0.986402,	RMSE = 1.668528
Epoch = 19
	Train cost = 2.121348,	Krip Loss = 0.945982,	RMSE = 2.168286
	Test cost = 1.655363,	Krip Loss = 0.987540,	RMSE = 1.634409
Epoch = 20
	Train cost = 2.181557,	Krip Loss = 0.965051,	RMSE = 2.205907
	Test cost = 1.669700,	Krip Loss = 0.988294,	RMSE = 1.650947
Epoch = 21
	Train cost = 2.218687,	Krip Loss = 0.956756,	RMSE = 2.246715
	Test cost = 1.655230,	Krip Loss = 0.989242,	RMSE = 1.632162
Epoch = 22
	Train cost = 2.123384,	Krip Loss = 0.952247,	RMSE = 2.164382
	Test cost = 1.651855,	Krip Loss = 0.989056,	RMSE = 1.628249
Epoch = 23
	Train cost = 2.181972,	Krip Loss = 0.951731,	RMSE = 2.218325
	Test cost = 1.649249,	Krip Loss = 0.988932,	RMSE = 1.625198
Epoch = 24
	Train cost = 2.105295,	Krip Loss = 0.948031,	RMSE = 2.151524
	Test cost = 1.601937,	Krip Loss = 0.987298,	RMSE = 1.567978
Epoch = 25
	Train cost = 2.174338,	Krip Loss = 0.953343,	RMSE = 2.209973
	Test cost = 1.635394,	Krip Loss = 0.987603,	RMSE = 1.609710
Epoch = 26
	Train cost = 2.138485,	Krip Loss = 0.956876,	RMSE = 2.174037
	Test cost = 1.598181,	Krip Loss = 0.986191,	RMSE = 1.564595
Epoch = 27
	Train cost = 2.049817,	Krip Loss = 0.932481,	RMSE = 2.114083
	Test cost = 1.627868,	Krip Loss = 0.986309,	RMSE = 1.601949
Epoch = 28
	Train cost = 2.145976,	Krip Loss = 0.949790,	RMSE = 2.187406
	Test cost = 1.603938,	Krip Loss = 0.984774,	RMSE = 1.573739
Epoch = 29
	Train cost = 2.075794,	Krip Loss = 0.941191,	RMSE = 2.130355
	Test cost = 1.626850,	Krip Loss = 0.984877,	RMSE = 1.602464
Epoch = 30
	Train cost = 2.124801,	Krip Loss = 0.951026,	RMSE = 2.166818
	Test cost = 1.615440,	Krip Loss = 0.983794,	RMSE = 1.589523
Epoch = 31
	Train cost = 2.064319,	Krip Loss = 0.933276,	RMSE = 2.127010
	Test cost = 1.605768,	Krip Loss = 0.983213,	RMSE = 1.578042
Epoch = 32
	Train cost = 2.066361,	Krip Loss = 0.922564,	RMSE = 2.138969
	Test cost = 1.598781,	Krip Loss = 0.983357,	RMSE = 1.568979
Epoch = 33
	Train cost = 2.032920,	Krip Loss = 0.927689,	RMSE = 2.102599
	Test cost = 1.588477,	Krip Loss = 0.982251,	RMSE = 1.557210
Epoch = 34
	Train cost = 2.102102,	Krip Loss = 0.932539,	RMSE = 2.162927
	Test cost = 1.588939,	Krip Loss = 0.982223,	RMSE = 1.557840
Epoch = 35
	Train cost = 2.092757,	Krip Loss = 0.924030,	RMSE = 2.162153
	Test cost = 1.557399,	Krip Loss = 0.983181,	RMSE = 1.515544
Epoch = 36
	Train cost = 2.074052,	Krip Loss = 0.920067,	RMSE = 2.148474
	Test cost = 1.547387,	Krip Loss = 0.980581,	RMSE = 1.505731
Epoch = 37
	Train cost = 2.065071,	Krip Loss = 0.927298,	RMSE = 2.133330
	Test cost = 1.590787,	Krip Loss = 0.979022,	RMSE = 1.564307
Epoch = 38
	Train cost = 1.995301,	Krip Loss = 0.905420,	RMSE = 2.087947
	Test cost = 1.572002,	Krip Loss = 0.978400,	RMSE = 1.540911
Epoch = 39
	Train cost = 2.072171,	Krip Loss = 0.924709,	RMSE = 2.142393
	Test cost = 1.558267,	Krip Loss = 0.980356,	RMSE = 1.520409
Epoch = 40
	Train cost = 1.955370,	Krip Loss = 0.890385,	RMSE = 2.063962
	Test cost = 1.523561,	Krip Loss = 0.981930,	RMSE = 1.471913
Epoch = 41
	Train cost = 2.070819,	Krip Loss = 0.925580,	RMSE = 2.140317
	Test cost = 1.514645,	Krip Loss = 0.981022,	RMSE = 1.460990
Epoch = 42
	Train cost = 2.023552,	Krip Loss = 0.913879,	RMSE = 2.106821
	Test cost = 1.563521,	Krip Loss = 0.977520,	RMSE = 1.531015
Epoch = 43
	Train cost = 2.086133,	Krip Loss = 0.932630,	RMSE = 2.148025
	Test cost = 1.549198,	Krip Loss = 0.979742,	RMSE = 1.509246
Epoch = 44
	Train cost = 2.101905,	Krip Loss = 0.927187,	RMSE = 2.167689
	Test cost = 1.528030,	Krip Loss = 0.979742,	RMSE = 1.480930
Epoch = 45
	Train cost = 2.065357,	Krip Loss = 0.912890,	RMSE = 2.147060
	Test cost = 1.525672,	Krip Loss = 0.980513,	RMSE = 1.476698
Epoch = 46
	Train cost = 2.042654,	Krip Loss = 0.908813,	RMSE = 2.129639
	Test cost = 1.525485,	Krip Loss = 0.977804,	RMSE = 1.480109
Epoch = 47
	Train cost = 1.999102,	Krip Loss = 0.886308,	RMSE = 2.109782
	Test cost = 1.529780,	Krip Loss = 0.975989,	RMSE = 1.488343
Epoch = 48
	Train cost = 2.063211,	Krip Loss = 0.922655,	RMSE = 2.135936
	Test cost = 1.539434,	Krip Loss = 0.976314,	RMSE = 1.500827
Epoch = 49
	Train cost = 2.022320,	Krip Loss = 0.911142,	RMSE = 2.108249
	Test cost = 1.523458,	Krip Loss = 0.977000,	RMSE = 1.478456
Epoch = 50
	Train cost = 2.022068,	Krip Loss = 0.895934,	RMSE = 2.122389
	Test cost = 1.516482,	Krip Loss = 0.978176,	RMSE = 1.467386
Epoch = 51
	Train cost = 2.144325,	Krip Loss = 0.920598,	RMSE = 2.212444
	Test cost = 1.516779,	Krip Loss = 0.979543,	RMSE = 1.465927
Epoch = 52
	Train cost = 2.030850,	Krip Loss = 0.903487,	RMSE = 2.123547
	Test cost = 1.508727,	Krip Loss = 0.978775,	RMSE = 1.455956
Epoch = 53
	Train cost = 2.027239,	Krip Loss = 0.893984,	RMSE = 2.129089
	Test cost = 1.511792,	Krip Loss = 0.978141,	RMSE = 1.461028
Epoch = 54
	Train cost = 2.089742,	Krip Loss = 0.899286,	RMSE = 2.182161
	Test cost = 1.507649,	Krip Loss = 0.974290,	RMSE = 1.460629
Epoch = 55
	Train cost = 2.024378,	Krip Loss = 0.903961,	RMSE = 2.116994
	Test cost = 1.530038,	Krip Loss = 0.972836,	RMSE = 1.492920
Epoch = 56
	Train cost = 2.101275,	Krip Loss = 0.922584,	RMSE = 2.171351
	Test cost = 1.527056,	Krip Loss = 0.970730,	RMSE = 1.491745
Epoch = 57
	Train cost = 2.065194,	Krip Loss = 0.913142,	RMSE = 2.146674
	Test cost = 1.489805,	Krip Loss = 0.973291,	RMSE = 1.437379
Epoch = 58
	Train cost = 2.018955,	Krip Loss = 0.886010,	RMSE = 2.128798
	Test cost = 1.492233,	Krip Loss = 0.975317,	RMSE = 1.437938
Epoch = 59
	Train cost = 2.023049,	Krip Loss = 0.898224,	RMSE = 2.121156
	Test cost = 1.488488,	Krip Loss = 0.977664,	RMSE = 1.429439
Epoch = 60
	Train cost = 2.097044,	Krip Loss = 0.925628,	RMSE = 2.164639
	Test cost = 1.489350,	Krip Loss = 0.979257,	RMSE = 1.428415
Testing Dyad = 8
RMSE of Average Prediction = 1.482276
(3076, 300, 148) (336, 300, 148)
naive
Compiling function
Compilation done 1
Compilation done 2
Epoch = 1
	Train cost = 4.247681,	Krip Loss = 1.001100,	RMSE = 3.603654
	Test cost = 1.974094,	Krip Loss = 0.997463,	RMSE = 1.976493
Epoch = 2
	Train cost = 2.901714,	Krip Loss = 1.001251,	RMSE = 2.757145
	Test cost = 1.318826,	Krip Loss = 0.988901,	RMSE = 1.148781
Epoch = 3
	Train cost = 2.302217,	Krip Loss = 0.989597,	RMSE = 2.291392
	Test cost = 1.224371,	Krip Loss = 0.988115,	RMSE = 0.972122
Epoch = 4
	Train cost = 2.236381,	Krip Loss = 0.996707,	RMSE = 2.226812
	Test cost = 1.234211,	Krip Loss = 0.988337,	RMSE = 0.991714
Epoch = 5
	Train cost = 2.318237,	Krip Loss = 1.010207,	RMSE = 2.287383
	Test cost = 1.232697,	Krip Loss = 0.987233,	RMSE = 0.990887
Epoch = 6
	Train cost = 2.248438,	Krip Loss = 0.989976,	RMSE = 2.243624
	Test cost = 1.232897,	Krip Loss = 0.985789,	RMSE = 0.994199
Epoch = 7
	Train cost = 2.339459,	Krip Loss = 1.013805,	RMSE = 2.302741
	Test cost = 1.230889,	Krip Loss = 0.984338,	RMSE = 0.993079
Epoch = 8
	Train cost = 2.342376,	Krip Loss = 1.027434,	RMSE = 2.293418
	Test cost = 1.227490,	Krip Loss = 0.982664,	RMSE = 0.989597
Epoch = 9
	Train cost = 2.275466,	Krip Loss = 0.998513,	RMSE = 2.260047
	Test cost = 1.223883,	Krip Loss = 0.979843,	RMSE = 0.988009
Epoch = 10
	Train cost = 2.207302,	Krip Loss = 0.966815,	RMSE = 2.227543
	Test cost = 1.227311,	Krip Loss = 0.977322,	RMSE = 0.999978
Epoch = 11
	Train cost = 2.240629,	Krip Loss = 0.969205,	RMSE = 2.255148
	Test cost = 1.225464,	Krip Loss = 0.974658,	RMSE = 1.001610
Epoch = 12
	Train cost = 2.264620,	Krip Loss = 0.995254,	RMSE = 2.253323
	Test cost = 1.218829,	Krip Loss = 0.970940,	RMSE = 0.995769
Epoch = 13
	Train cost = 2.214868,	Krip Loss = 0.961222,	RMSE = 2.239327
	Test cost = 1.217608,	Krip Loss = 0.967941,	RMSE = 0.999334
Epoch = 14
	Train cost = 2.329519,	Krip Loss = 0.990884,	RMSE = 2.313988
	Test cost = 1.211296,	Krip Loss = 0.963806,	RMSE = 0.994968
Epoch = 15
	Train cost = 2.218491,	Krip Loss = 0.971857,	RMSE = 2.233055
	Test cost = 1.209474,	Krip Loss = 0.960149,	RMSE = 0.998648
Epoch = 16
	Train cost = 2.253966,	Krip Loss = 0.983401,	RMSE = 2.254387
	Test cost = 1.200267,	Krip Loss = 0.951326,	RMSE = 0.997879
Epoch = 17
	Train cost = 2.269128,	Krip Loss = 0.982709,	RMSE = 2.268409
	Test cost = 1.194312,	Krip Loss = 0.941837,	RMSE = 1.004939
Epoch = 18
	Train cost = 2.283308,	Krip Loss = 0.987589,	RMSE = 2.276593
	Test cost = 1.198533,	Krip Loss = 0.940951,	RMSE = 1.015051
Epoch = 19
	Train cost = 2.284254,	Krip Loss = 0.978713,	RMSE = 2.285205
	Test cost = 1.201528,	Krip Loss = 0.941850,	RMSE = 1.019172
Epoch = 20
	Train cost = 2.138959,	Krip Loss = 0.941756,	RMSE = 2.188336
	Test cost = 1.204257,	Krip Loss = 0.941792,	RMSE = 1.024626
Epoch = 21
	Train cost = 2.216075,	Krip Loss = 0.947209,	RMSE = 2.252879
	Test cost = 1.211491,	Krip Loss = 0.945226,	RMSE = 1.032018
Epoch = 22
	Train cost = 2.223254,	Krip Loss = 0.971367,	RMSE = 2.237755
	Test cost = 1.213945,	Krip Loss = 0.952225,	RMSE = 1.023170
Epoch = 23
	Train cost = 2.207300,	Krip Loss = 0.966869,	RMSE = 2.227493
	Test cost = 1.207561,	Krip Loss = 0.933760,	RMSE = 1.046520
Epoch = 24
	Train cost = 2.209810,	Krip Loss = 0.972713,	RMSE = 2.224497
	Test cost = 1.224177,	Krip Loss = 0.952296,	RMSE = 1.042845
Epoch = 25
	Train cost = 2.200878,	Krip Loss = 0.943204,	RMSE = 2.242922
	Test cost = 1.217909,	Krip Loss = 0.929270,	RMSE = 1.074503
Epoch = 26
	Train cost = 2.223690,	Krip Loss = 0.941243,	RMSE = 2.264904
	Test cost = 1.202250,	Krip Loss = 0.926896,	RMSE = 1.049485
Epoch = 27
	Train cost = 2.204875,	Krip Loss = 0.949699,	RMSE = 2.240693
	Test cost = 1.228023,	Krip Loss = 0.947443,	RMSE = 1.059396
Epoch = 28
	Train cost = 2.179944,	Krip Loss = 0.953003,	RMSE = 2.215348
	Test cost = 1.218214,	Krip Loss = 0.920208,	RMSE = 1.091799
Epoch = 29
	Train cost = 2.193634,	Krip Loss = 0.933586,	RMSE = 2.245037
	Test cost = 1.237766,	Krip Loss = 0.945155,	RMSE = 1.081870
Epoch = 30
	Train cost = 2.237037,	Krip Loss = 0.970646,	RMSE = 2.250681
	Test cost = 1.223511,	Krip Loss = 0.922607,	RMSE = 1.097095
Epoch = 31
	Train cost = 2.254729,	Krip Loss = 0.948882,	RMSE = 2.285473
	Test cost = 1.217764,	Krip Loss = 0.926993,	RMSE = 1.078464
Epoch = 32
	Train cost = 2.191794,	Krip Loss = 0.946995,	RMSE = 2.231411
	Test cost = 1.203476,	Krip Loss = 0.902616,	RMSE = 1.097013
Epoch = 33
	Train cost = 2.272048,	Krip Loss = 0.967793,	RMSE = 2.284080
	Test cost = 1.263850,	Krip Loss = 0.943170,	RMSE = 1.132572
Epoch = 34
	Train cost = 2.167889,	Krip Loss = 0.926590,	RMSE = 2.228272
	Test cost = 1.226626,	Krip Loss = 0.915493,	RMSE = 1.115585
Epoch = 35
	Train cost = 2.247169,	Krip Loss = 0.938687,	RMSE = 2.287778
	Test cost = 1.214270,	Krip Loss = 0.903268,	RMSE = 1.115351
Epoch = 36
	Train cost = 2.187584,	Krip Loss = 0.945073,	RMSE = 2.229360
	Test cost = 1.223584,	Krip Loss = 0.923591,	RMSE = 1.095431
Epoch = 37
	Train cost = 2.202059,	Krip Loss = 0.946122,	RMSE = 2.241373
	Test cost = 1.211335,	Krip Loss = 0.890218,	RMSE = 1.133344
Epoch = 38
	Train cost = 2.144443,	Krip Loss = 0.950575,	RMSE = 2.185285
	Test cost = 1.264358,	Krip Loss = 0.934457,	RMSE = 1.148739
Epoch = 39
	Train cost = 2.121706,	Krip Loss = 0.916837,	RMSE = 2.195330
	Test cost = 1.232781,	Krip Loss = 0.905300,	RMSE = 1.144518
Epoch = 40
	Train cost = 2.161966,	Krip Loss = 0.928731,	RMSE = 2.221022
	Test cost = 1.205584,	Krip Loss = 0.881831,	RMSE = 1.137985
Epoch = 41
	Train cost = 2.150277,	Krip Loss = 0.923143,	RMSE = 2.215522
	Test cost = 1.265959,	Krip Loss = 0.930382,	RMSE = 1.158581
Epoch = 42
	Train cost = 2.186973,	Krip Loss = 0.933386,	RMSE = 2.239274
	Test cost = 1.224622,	Krip Loss = 0.897494,	RMSE = 1.143902
Epoch = 43
	Train cost = 2.252593,	Krip Loss = 0.936504,	RMSE = 2.294418
	Test cost = 1.203118,	Krip Loss = 0.881868,	RMSE = 1.133578
Epoch = 44
	Train cost = 2.143929,	Krip Loss = 0.925009,	RMSE = 2.208093
	Test cost = 1.242152,	Krip Loss = 0.919218,	RMSE = 1.136547
Epoch = 45
	Train cost = 2.143116,	Krip Loss = 0.919932,	RMSE = 2.211952
	Test cost = 1.224268,	Krip Loss = 0.891015,	RMSE = 1.154562
Epoch = 46
	Train cost = 2.236299,	Krip Loss = 0.933625,	RMSE = 2.282695
	Test cost = 1.203127,	Krip Loss = 0.877614,	RMSE = 1.141075
Epoch = 47
	Train cost = 2.047483,	Krip Loss = 0.909825,	RMSE = 2.133221
	Test cost = 1.258640,	Krip Loss = 0.915764,	RMSE = 1.171112
Epoch = 48
	Train cost = 2.161659,	Krip Loss = 0.929785,	RMSE = 2.219797
	Test cost = 1.224840,	Krip Loss = 0.874990,	RMSE = 1.182963
Epoch = 49
	Train cost = 2.136108,	Krip Loss = 0.911279,	RMSE = 2.213440
	Test cost = 1.230762,	Krip Loss = 0.897857,	RMSE = 1.153959
Epoch = 50
	Train cost = 2.257031,	Krip Loss = 0.940245,	RMSE = 2.295026
	Test cost = 1.218684,	Krip Loss = 0.864824,	RMSE = 1.189722
Epoch = 51
	Train cost = 2.095465,	Krip Loss = 0.897624,	RMSE = 2.188919
	Test cost = 1.260296,	Krip Loss = 0.911267,	RMSE = 1.181574
Epoch = 52
	Train cost = 2.153801,	Krip Loss = 0.920414,	RMSE = 2.221159
	Test cost = 1.246358,	Krip Loss = 0.876653,	RMSE = 1.216067
Epoch = 53
	Train cost = 2.193687,	Krip Loss = 0.919046,	RMSE = 2.258001
	Test cost = 1.231969,	Krip Loss = 0.891056,	RMSE = 1.167755
Epoch = 54
	Train cost = 2.177309,	Krip Loss = 0.934647,	RMSE = 2.229495
	Test cost = 1.220851,	Krip Loss = 0.860752,	RMSE = 1.200164
Epoch = 55
	Train cost = 2.200371,	Krip Loss = 0.930995,	RMSE = 2.253332
	Test cost = 1.245954,	Krip Loss = 0.902030,	RMSE = 1.172901
Epoch = 56
	Train cost = 2.151108,	Krip Loss = 0.930788,	RMSE = 2.209362
	Test cost = 1.246524,	Krip Loss = 0.863825,	RMSE = 1.237252
Epoch = 57
	Train cost = 2.091179,	Krip Loss = 0.893674,	RMSE = 2.188611
	Test cost = 1.230167,	Krip Loss = 0.877980,	RMSE = 1.186907
Epoch = 58
	Train cost = 2.220155,	Krip Loss = 0.919558,	RMSE = 2.280874
	Test cost = 1.221630,	Krip Loss = 0.859006,	RMSE = 1.204364
Epoch = 59
	Train cost = 2.092827,	Krip Loss = 0.905769,	RMSE = 2.179043
	Test cost = 1.233710,	Krip Loss = 0.887405,	RMSE = 1.176954
Epoch = 60
	Train cost = 2.269666,	Krip Loss = 0.938549,	RMSE = 2.307480
	Test cost = 1.226731,	Krip Loss = 0.858579,	RMSE = 1.213510
Testing Dyad = 9
RMSE of Average Prediction = 0.944229
(3030, 300, 148) (382, 300, 148)
naive
Compiling function
Compilation done 1
Compilation done 2
Epoch = 1
	Train cost = 4.050251,	Krip Loss = 0.996093,	RMSE = 3.495230
	Test cost = 3.370557,	Krip Loss = 1.000376,	RMSE = 3.079079
Epoch = 2
	Train cost = 2.785319,	Krip Loss = 0.991671,	RMSE = 2.678543
	Test cost = 2.048803,	Krip Loss = 0.999588,	RMSE = 2.048624
Epoch = 3
	Train cost = 2.329003,	Krip Loss = 0.991978,	RMSE = 2.312596
	Test cost = 1.561601,	Krip Loss = 0.998321,	RMSE = 1.501039
Epoch = 4
	Train cost = 2.207873,	Krip Loss = 0.992441,	RMSE = 2.204933
	Test cost = 1.499089,	Krip Loss = 0.996552,	RMSE = 1.417797
Epoch = 5
	Train cost = 2.243375,	Krip Loss = 1.006611,	RMSE = 2.224198
	Test cost = 1.539441,	Krip Loss = 0.992588,	RMSE = 1.478990
Epoch = 6
	Train cost = 2.233113,	Krip Loss = 0.994382,	RMSE = 2.225966
	Test cost = 1.447131,	Krip Loss = 0.992857,	RMSE = 1.347997
Epoch = 7
	Train cost = 2.257369,	Krip Loss = 0.996427,	RMSE = 2.245833
	Test cost = 1.504078,	Krip Loss = 0.991584,	RMSE = 1.431774
Epoch = 8
	Train cost = 2.242153,	Krip Loss = 0.997611,	RMSE = 2.231181
	Test cost = 1.490955,	Krip Loss = 0.990074,	RMSE = 1.415459
Epoch = 9
	Train cost = 2.143975,	Krip Loss = 0.970768,	RMSE = 2.166294
	Test cost = 1.608583,	Krip Loss = 0.974602,	RMSE = 1.592459
Epoch = 10
	Train cost = 2.195825,	Krip Loss = 0.978855,	RMSE = 2.206328
	Test cost = 1.361272,	Krip Loss = 0.976748,	RMSE = 1.240201
Epoch = 11
	Train cost = 2.273768,	Krip Loss = 0.987954,	RMSE = 2.267874
	Test cost = 1.391535,	Krip Loss = 0.978367,	RMSE = 1.285562
Epoch = 12
	Train cost = 2.204504,	Krip Loss = 0.985015,	RMSE = 2.208610
	Test cost = 1.435044,	Krip Loss = 0.974136,	RMSE = 1.357804
Epoch = 13
	Train cost = 2.236429,	Krip Loss = 0.991069,	RMSE = 2.231914
	Test cost = 1.408907,	Krip Loss = 0.971189,	RMSE = 1.323206
Epoch = 14
	Train cost = 2.218705,	Krip Loss = 0.989827,	RMSE = 2.217095
	Test cost = 1.414635,	Krip Loss = 0.949158,	RMSE = 1.364517
Epoch = 15
	Train cost = 2.198887,	Krip Loss = 0.958599,	RMSE = 2.227364
	Test cost = 1.301814,	Krip Loss = 0.949461,	RMSE = 1.187186
Epoch = 16
	Train cost = 2.232060,	Krip Loss = 0.964771,	RMSE = 2.251479
	Test cost = 1.339507,	Krip Loss = 0.950536,	RMSE = 1.247350
Epoch = 17
	Train cost = 2.117639,	Krip Loss = 0.944993,	RMSE = 2.165776
	Test cost = 1.361129,	Krip Loss = 0.921835,	RMSE = 1.325586
Epoch = 18
	Train cost = 2.137925,	Krip Loss = 0.958761,	RMSE = 2.171787
	Test cost = 1.211037,	Krip Loss = 0.909592,	RMSE = 1.098081
Epoch = 19
	Train cost = 2.156204,	Krip Loss = 0.942816,	RMSE = 2.203077
	Test cost = 1.207220,	Krip Loss = 0.928557,	RMSE = 1.055771
Epoch = 20
	Train cost = 2.199744,	Krip Loss = 0.957364,	RMSE = 2.229242
	Test cost = 1.242664,	Krip Loss = 0.927415,	RMSE = 1.122942
Epoch = 21
	Train cost = 2.167993,	Krip Loss = 0.948251,	RMSE = 2.208839
	Test cost = 1.249854,	Krip Loss = 0.922423,	RMSE = 1.144433
Epoch = 22
	Train cost = 2.179346,	Krip Loss = 0.945532,	RMSE = 2.221543
	Test cost = 1.250019,	Krip Loss = 0.920690,	RMSE = 1.147744
Epoch = 23
	Train cost = 2.166877,	Krip Loss = 0.939483,	RMSE = 2.215756
	Test cost = 1.279536,	Krip Loss = 0.899968,	RMSE = 1.232182
Epoch = 24
	Train cost = 2.094618,	Krip Loss = 0.924385,	RMSE = 2.163546
	Test cost = 1.161021,	Krip Loss = 0.897245,	RMSE = 1.027181
Epoch = 25
	Train cost = 2.229566,	Krip Loss = 0.931901,	RMSE = 2.278301
	Test cost = 1.186438,	Krip Loss = 0.903037,	RMSE = 1.064708
Epoch = 26
	Train cost = 2.226417,	Krip Loss = 0.959139,	RMSE = 2.251469
	Test cost = 1.201288,	Krip Loss = 0.887196,	RMSE = 1.120879
Epoch = 27
	Train cost = 2.126640,	Krip Loss = 0.927756,	RMSE = 2.189871
	Test cost = 1.154556,	Krip Loss = 0.894385,	RMSE = 1.020141
Epoch = 28
	Train cost = 2.186648,	Krip Loss = 0.937680,	RMSE = 2.235144
	Test cost = 1.182883,	Krip Loss = 0.900931,	RMSE = 1.061983
Epoch = 29
	Train cost = 2.198284,	Krip Loss = 0.958018,	RMSE = 2.227345
	Test cost = 1.226944,	Krip Loss = 0.881191,	RMSE = 1.176016
Epoch = 30
	Train cost = 2.162526,	Krip Loss = 0.922985,	RMSE = 2.226693
	Test cost = 1.130587,	Krip Loss = 0.880226,	RMSE = 1.000722
Epoch = 31
	Train cost = 2.259927,	Krip Loss = 0.935574,	RMSE = 2.301611
	Test cost = 1.160088,	Krip Loss = 0.886064,	RMSE = 1.046946
Epoch = 32
	Train cost = 2.151771,	Krip Loss = 0.933850,	RMSE = 2.207189
	Test cost = 1.176367,	Krip Loss = 0.872395,	RMSE = 1.102673
Epoch = 33
	Train cost = 2.107127,	Krip Loss = 0.916702,	RMSE = 2.182133
	Test cost = 1.129578,	Krip Loss = 0.881476,	RMSE = 0.996197
Epoch = 34
	Train cost = 2.219915,	Krip Loss = 0.932997,	RMSE = 2.268849
	Test cost = 1.176212,	Krip Loss = 0.881821,	RMSE = 1.085156
Epoch = 35
	Train cost = 2.077580,	Krip Loss = 0.914578,	RMSE = 2.156851
	Test cost = 1.198536,	Krip Loss = 0.884412,	RMSE = 1.120936
Epoch = 36
	Train cost = 2.142284,	Krip Loss = 0.925497,	RMSE = 2.206161
	Test cost = 1.204508,	Krip Loss = 0.878992,	RMSE = 1.141080
Epoch = 37
	Train cost = 2.082428,	Krip Loss = 0.915995,	RMSE = 2.160031
	Test cost = 1.169105,	Krip Loss = 0.877007,	RMSE = 1.080923
Epoch = 38
	Train cost = 2.102222,	Krip Loss = 0.913611,	RMSE = 2.180469
	Test cost = 1.195677,	Krip Loss = 0.871205,	RMSE = 1.139250
Epoch = 39
	Train cost = 2.136987,	Krip Loss = 0.917823,	RMSE = 2.208315
	Test cost = 1.160991,	Krip Loss = 0.867168,	RMSE = 1.084109
Epoch = 40
	Train cost = 2.141064,	Krip Loss = 0.902926,	RMSE = 2.225433
	Test cost = 1.171505,	Krip Loss = 0.868829,	RMSE = 1.100320
Epoch = 41
	Train cost = 2.177439,	Krip Loss = 0.942815,	RMSE = 2.222272
	Test cost = 1.183801,	Krip Loss = 0.868294,	RMSE = 1.123400
Epoch = 42
	Train cost = 2.049498,	Krip Loss = 0.918174,	RMSE = 2.127274
	Test cost = 1.187322,	Krip Loss = 0.866793,	RMSE = 1.132306
Epoch = 43
	Train cost = 2.154358,	Krip Loss = 0.936214,	RMSE = 2.207391
	Test cost = 1.179314,	Krip Loss = 0.865903,	RMSE = 1.119662
Epoch = 44
	Train cost = 2.057381,	Krip Loss = 0.910889,	RMSE = 2.141488
	Test cost = 1.185050,	Krip Loss = 0.863647,	RMSE = 1.133849
Epoch = 45
	Train cost = 2.185136,	Krip Loss = 0.934152,	RMSE = 2.236948
	Test cost = 1.173997,	Krip Loss = 0.853761,	RMSE = 1.131787
Epoch = 46
	Train cost = 2.125453,	Krip Loss = 0.923563,	RMSE = 2.192615
	Test cost = 1.191547,	Krip Loss = 0.857587,	RMSE = 1.155786
Epoch = 47
	Train cost = 2.113393,	Krip Loss = 0.916793,	RMSE = 2.187784
	Test cost = 1.147064,	Krip Loss = 0.850388,	RMSE = 1.089360
Epoch = 48
	Train cost = 2.073755,	Krip Loss = 0.907695,	RMSE = 2.159685
	Test cost = 1.170160,	Krip Loss = 0.854919,	RMSE = 1.122927
Epoch = 49
	Train cost = 2.103924,	Krip Loss = 0.927908,	RMSE = 2.168885
	Test cost = 1.160254,	Krip Loss = 0.846626,	RMSE = 1.120049
Epoch = 50
	Train cost = 2.090621,	Krip Loss = 0.912467,	RMSE = 2.170855
	Test cost = 1.168320,	Krip Loss = 0.850903,	RMSE = 1.126795
Epoch = 51
	Train cost = 2.143649,	Krip Loss = 0.918967,	RMSE = 2.213307
	Test cost = 1.171685,	Krip Loss = 0.844323,	RMSE = 1.144312
Epoch = 52
	Train cost = 2.089307,	Krip Loss = 0.916612,	RMSE = 2.165821
	Test cost = 1.187814,	Krip Loss = 0.845423,	RMSE = 1.170283
Epoch = 53
	Train cost = 2.044799,	Krip Loss = 0.905075,	RMSE = 2.135157
	Test cost = 1.190979,	Krip Loss = 0.836024,	RMSE = 1.191562
Epoch = 54
	Train cost = 2.078541,	Krip Loss = 0.915628,	RMSE = 2.156769
	Test cost = 1.157754,	Krip Loss = 0.840685,	RMSE = 1.126177
Epoch = 55
	Train cost = 2.090836,	Krip Loss = 0.900651,	RMSE = 2.181912
	Test cost = 1.160475,	Krip Loss = 0.833104,	RMSE = 1.144326
Epoch = 56
	Train cost = 2.068840,	Krip Loss = 0.905745,	RMSE = 2.156938
	Test cost = 1.165472,	Krip Loss = 0.834114,	RMSE = 1.151274
Epoch = 57
	Train cost = 2.048055,	Krip Loss = 0.890176,	RMSE = 2.152096
	Test cost = 1.144425,	Krip Loss = 0.829113,	RMSE = 1.123052
Epoch = 58
	Train cost = 2.155014,	Krip Loss = 0.933845,	RMSE = 2.210130
	Test cost = 1.154439,	Krip Loss = 0.830010,	RMSE = 1.139173
Epoch = 59
	Train cost = 2.138999,	Krip Loss = 0.913106,	RMSE = 2.214401
	Test cost = 1.156566,	Krip Loss = 0.822209,	RMSE = 1.156474
Epoch = 60
	Train cost = 2.107749,	Krip Loss = 0.919527,	RMSE = 2.180111
	Test cost = 1.127981,	Krip Loss = 0.824962,	RMSE = 1.100945
Testing Dyad = 10
RMSE of Average Prediction = 1.355091
(3058, 300, 148) (354, 300, 148)
naive
Compiling function
Compilation done 1
Compilation done 2
Epoch = 1
	Train cost = 3.877188,	Krip Loss = 0.999147,	RMSE = 3.392958
	Test cost = 4.605989,	Krip Loss = 1.002962,	RMSE = 3.796328
Epoch = 2
	Train cost = 2.656272,	Krip Loss = 0.995884,	RMSE = 2.577121
	Test cost = 2.853104,	Krip Loss = 1.003169,	RMSE = 2.720246
Epoch = 3
	Train cost = 2.267835,	Krip Loss = 1.016827,	RMSE = 2.236969
	Test cost = 2.150113,	Krip Loss = 1.003819,	RMSE = 2.141302
Epoch = 4
	Train cost = 2.190674,	Krip Loss = 0.989457,	RMSE = 2.192001
	Test cost = 2.075107,	Krip Loss = 1.004223,	RMSE = 2.069670
Epoch = 5
	Train cost = 2.195855,	Krip Loss = 1.015442,	RMSE = 2.172936
	Test cost = 2.101704,	Krip Loss = 1.003582,	RMSE = 2.095826
Epoch = 6
	Train cost = 2.229272,	Krip Loss = 1.002323,	RMSE = 2.215355
	Test cost = 2.088499,	Krip Loss = 1.003178,	RMSE = 2.083574
Epoch = 7
	Train cost = 2.236187,	Krip Loss = 1.017526,	RMSE = 2.207860
	Test cost = 2.112001,	Krip Loss = 1.003109,	RMSE = 2.106079
Epoch = 8
	Train cost = 2.148638,	Krip Loss = 0.970647,	RMSE = 2.170706
	Test cost = 2.059180,	Krip Loss = 1.002744,	RMSE = 2.055662
Epoch = 9
	Train cost = 2.126505,	Krip Loss = 0.968848,	RMSE = 2.151889
	Test cost = 2.058685,	Krip Loss = 1.002435,	RMSE = 2.055480
Epoch = 10
	Train cost = 2.128935,	Krip Loss = 0.966275,	RMSE = 2.156535
	Test cost = 2.032869,	Krip Loss = 1.001789,	RMSE = 2.030842
Epoch = 11
	Train cost = 2.143290,	Krip Loss = 0.996515,	RMSE = 2.141752
	Test cost = 2.015713,	Krip Loss = 1.000894,	RMSE = 2.014765
Epoch = 12
	Train cost = 2.042729,	Krip Loss = 0.963325,	RMSE = 2.077887
	Test cost = 1.992777,	Krip Loss = 0.999371,	RMSE = 1.993395
Epoch = 13
	Train cost = 2.202138,	Krip Loss = 0.985623,	RMSE = 2.205915
	Test cost = 1.941963,	Krip Loss = 0.997679,	RMSE = 1.943486
Epoch = 14
	Train cost = 2.139900,	Krip Loss = 0.972133,	RMSE = 2.161265
	Test cost = 1.904437,	Krip Loss = 0.996415,	RMSE = 1.905804
Epoch = 15
	Train cost = 2.062282,	Krip Loss = 0.931537,	RMSE = 2.126730
	Test cost = 1.829971,	Krip Loss = 0.995499,	RMSE = 1.826989
Epoch = 16
	Train cost = 2.116336,	Krip Loss = 0.968699,	RMSE = 2.142556
	Test cost = 1.854531,	Krip Loss = 0.994919,	RMSE = 1.854305
Epoch = 17
	Train cost = 2.094985,	Krip Loss = 0.938853,	RMSE = 2.150472
	Test cost = 1.835371,	Krip Loss = 0.995508,	RMSE = 1.832881
Epoch = 18
	Train cost = 2.159760,	Krip Loss = 0.953808,	RMSE = 2.196317
	Test cost = 1.847694,	Krip Loss = 0.994525,	RMSE = 1.847342
Epoch = 19
	Train cost = 2.094843,	Krip Loss = 0.961764,	RMSE = 2.128924
	Test cost = 1.845550,	Krip Loss = 0.993471,	RMSE = 1.846163
Epoch = 20
	Train cost = 2.084795,	Krip Loss = 0.952083,	RMSE = 2.128579
	Test cost = 1.834842,	Krip Loss = 0.992182,	RMSE = 1.835930
Epoch = 21
	Train cost = 2.061493,	Krip Loss = 0.931343,	RMSE = 2.126170
	Test cost = 1.820563,	Krip Loss = 0.990998,	RMSE = 1.821609
Epoch = 22
	Train cost = 2.083942,	Krip Loss = 0.943130,	RMSE = 2.136176
	Test cost = 1.800918,	Krip Loss = 0.991455,	RMSE = 1.799403
Epoch = 23
	Train cost = 2.071496,	Krip Loss = 0.934416,	RMSE = 2.132679
	Test cost = 1.840681,	Krip Loss = 0.988090,	RMSE = 1.846717
Epoch = 24
	Train cost = 2.068605,	Krip Loss = 0.930426,	RMSE = 2.133709
	Test cost = 1.796577,	Krip Loss = 0.987657,	RMSE = 1.798800
Epoch = 25
	Train cost = 2.080028,	Krip Loss = 0.942382,	RMSE = 2.133211
	Test cost = 1.800621,	Krip Loss = 0.986667,	RMSE = 1.804388
Epoch = 26
	Train cost = 2.063999,	Krip Loss = 0.945055,	RMSE = 2.115604
	Test cost = 1.796059,	Krip Loss = 0.984964,	RMSE = 1.801215
Epoch = 27
	Train cost = 1.960076,	Krip Loss = 0.900355,	RMSE = 2.058855
	Test cost = 1.763484,	Krip Loss = 0.986454,	RMSE = 1.762986
Epoch = 28
	Train cost = 2.028823,	Krip Loss = 0.928966,	RMSE = 2.097482
	Test cost = 1.769869,	Krip Loss = 0.985894,	RMSE = 1.770848
Epoch = 29
	Train cost = 2.081801,	Krip Loss = 0.935653,	RMSE = 2.141166
	Test cost = 1.768761,	Krip Loss = 0.987331,	RMSE = 1.767971
Epoch = 30
	Train cost = 2.051835,	Krip Loss = 0.923268,	RMSE = 2.124681
	Test cost = 1.783061,	Krip Loss = 0.985056,	RMSE = 1.786622
Epoch = 31
	Train cost = 1.999730,	Krip Loss = 0.913990,	RMSE = 2.083977
	Test cost = 1.763702,	Krip Loss = 0.983893,	RMSE = 1.766136
Epoch = 32
	Train cost = 2.051779,	Krip Loss = 0.915668,	RMSE = 2.131771
	Test cost = 1.722690,	Krip Loss = 0.983117,	RMSE = 1.719969
Epoch = 33
	Train cost = 2.095958,	Krip Loss = 0.922191,	RMSE = 2.166811
	Test cost = 1.744340,	Krip Loss = 0.977939,	RMSE = 1.750887
Epoch = 34
	Train cost = 2.067241,	Krip Loss = 0.913847,	RMSE = 2.147923
	Test cost = 1.752739,	Krip Loss = 0.972112,	RMSE = 1.767062
Epoch = 35
	Train cost = 2.031233,	Krip Loss = 0.918205,	RMSE = 2.110003
	Test cost = 1.725283,	Krip Loss = 0.973771,	RMSE = 1.733795
Epoch = 36
	Train cost = 1.984863,	Krip Loss = 0.902764,	RMSE = 2.080479
	Test cost = 1.691694,	Krip Loss = 0.973228,	RMSE = 1.695247
Epoch = 37
	Train cost = 1.987911,	Krip Loss = 0.914636,	RMSE = 2.071979
	Test cost = 1.733842,	Krip Loss = 0.967496,	RMSE = 1.750824
Epoch = 38
	Train cost = 2.019215,	Krip Loss = 0.903472,	RMSE = 2.112575
	Test cost = 1.696017,	Krip Loss = 0.971047,	RMSE = 1.702904
Epoch = 39
	Train cost = 2.058601,	Krip Loss = 0.920257,	RMSE = 2.133864
	Test cost = 1.711487,	Krip Loss = 0.971087,	RMSE = 1.720930
Epoch = 40
	Train cost = 2.069915,	Krip Loss = 0.923694,	RMSE = 2.141234
	Test cost = 1.688931,	Krip Loss = 0.972382,	RMSE = 1.692985
Epoch = 41
	Train cost = 2.085970,	Krip Loss = 0.905322,	RMSE = 2.173152
	Test cost = 1.697641,	Krip Loss = 0.981241,	RMSE = 1.692808
Epoch = 42
	Train cost = 2.107019,	Krip Loss = 0.924380,	RMSE = 2.174984
	Test cost = 1.733218,	Krip Loss = 0.986380,	RMSE = 1.728395
Epoch = 43
	Train cost = 2.081251,	Krip Loss = 0.933203,	RMSE = 2.142940
	Test cost = 1.730608,	Krip Loss = 0.981998,	RMSE = 1.730445
Epoch = 44
	Train cost = 2.071876,	Krip Loss = 0.919049,	RMSE = 2.147396
	Test cost = 1.719776,	Krip Loss = 0.970130,	RMSE = 1.731642
Epoch = 45
	Train cost = 2.003144,	Krip Loss = 0.896315,	RMSE = 2.104118
	Test cost = 1.712217,	Krip Loss = 0.958937,	RMSE = 1.735834
Epoch = 46
	Train cost = 2.039901,	Krip Loss = 0.907563,	RMSE = 2.128228
	Test cost = 1.781135,	Krip Loss = 0.948987,	RMSE = 1.824443
Epoch = 47
	Train cost = 1.960072,	Krip Loss = 0.892998,	RMSE = 2.065985
	Test cost = 1.709424,	Krip Loss = 0.946943,	RMSE = 1.746403
Epoch = 48
	Train cost = 2.019567,	Krip Loss = 0.901134,	RMSE = 2.115120
	Test cost = 1.700267,	Krip Loss = 0.948197,	RMSE = 1.734439
Epoch = 49
	Train cost = 2.032905,	Krip Loss = 0.900785,	RMSE = 2.128022
	Test cost = 1.790156,	Krip Loss = 0.947694,	RMSE = 1.835715
Epoch = 50
	Train cost = 2.000684,	Krip Loss = 0.900255,	RMSE = 2.098026
	Test cost = 1.720821,	Krip Loss = 0.947067,	RMSE = 1.759266
Epoch = 51
	Train cost = 2.046317,	Krip Loss = 0.906270,	RMSE = 2.135459
	Test cost = 1.661960,	Krip Loss = 0.953690,	RMSE = 1.683176
Epoch = 52
	Train cost = 2.038526,	Krip Loss = 0.894858,	RMSE = 2.138848
	Test cost = 1.641011,	Krip Loss = 0.962704,	RMSE = 1.647189
Epoch = 53
	Train cost = 2.129654,	Krip Loss = 0.928603,	RMSE = 2.191849
	Test cost = 1.676826,	Krip Loss = 0.972131,	RMSE = 1.678922
Epoch = 54
	Train cost = 2.022007,	Krip Loss = 0.889653,	RMSE = 2.128243
	Test cost = 1.678886,	Krip Loss = 0.972570,	RMSE = 1.680853
Epoch = 55
	Train cost = 2.026375,	Krip Loss = 0.904217,	RMSE = 2.118640
	Test cost = 1.690326,	Krip Loss = 0.975572,	RMSE = 1.690862
Epoch = 56
	Train cost = 2.078291,	Krip Loss = 0.919562,	RMSE = 2.152886
	Test cost = 1.692628,	Krip Loss = 0.962770,	RMSE = 1.708634
Epoch = 57
	Train cost = 2.014712,	Krip Loss = 0.909338,	RMSE = 2.102735
	Test cost = 1.712256,	Krip Loss = 0.952670,	RMSE = 1.743084
Epoch = 58
	Train cost = 2.070401,	Krip Loss = 0.903334,	RMSE = 2.160618
	Test cost = 1.689511,	Krip Loss = 0.951997,	RMSE = 1.717572
Epoch = 59
	Train cost = 1.990164,	Krip Loss = 0.889976,	RMSE = 2.097797
	Test cost = 1.678845,	Krip Loss = 0.948621,	RMSE = 1.709063
Epoch = 60
	Train cost = 1.996686,	Krip Loss = 0.887033,	RMSE = 2.106801
	Test cost = 1.646441,	Krip Loss = 0.955785,	RMSE = 1.662113
Testing Dyad = 11
RMSE of Average Prediction = 1.293873
(3054, 300, 148) (358, 300, 148)
naive
Compiling function
Compilation done 1
Compilation done 2
Epoch = 1
	Train cost = 3.944321,	Krip Loss = 0.997848,	RMSE = 3.433059
	Test cost = 4.128630,	Krip Loss = 0.998737,	RMSE = 3.538301
Epoch = 2
	Train cost = 2.760218,	Krip Loss = 1.001906,	RMSE = 2.652027
	Test cost = 2.582531,	Krip Loss = 0.998111,	RMSE = 2.517475
Epoch = 3
	Train cost = 2.237550,	Krip Loss = 0.999597,	RMSE = 2.225267
	Test cost = 1.944314,	Krip Loss = 0.997039,	RMSE = 1.946561
Epoch = 4
	Train cost = 2.191858,	Krip Loss = 0.995185,	RMSE = 2.187850
	Test cost = 1.907154,	Krip Loss = 0.996342,	RMSE = 1.908730
Epoch = 5
	Train cost = 2.177487,	Krip Loss = 0.993291,	RMSE = 2.176416
	Test cost = 1.904765,	Krip Loss = 0.995624,	RMSE = 1.906977
Epoch = 6
	Train cost = 2.132210,	Krip Loss = 0.988104,	RMSE = 2.139258
	Test cost = 1.905397,	Krip Loss = 0.994787,	RMSE = 1.908517
Epoch = 7
	Train cost = 2.197254,	Krip Loss = 0.996688,	RMSE = 2.191407
	Test cost = 1.905899,	Krip Loss = 0.993872,	RMSE = 1.910002
Epoch = 8
	Train cost = 2.194790,	Krip Loss = 0.999890,	RMSE = 2.186230
	Test cost = 1.899042,	Krip Loss = 0.992629,	RMSE = 1.904115
Epoch = 9
	Train cost = 2.195054,	Krip Loss = 0.999548,	RMSE = 2.186784
	Test cost = 1.910614,	Krip Loss = 0.991076,	RMSE = 1.917850
Epoch = 10
	Train cost = 2.205097,	Krip Loss = 1.000877,	RMSE = 2.194739
	Test cost = 1.918452,	Krip Loss = 0.989176,	RMSE = 1.927979
Epoch = 11
	Train cost = 2.198491,	Krip Loss = 1.001116,	RMSE = 2.188493
	Test cost = 1.925009,	Krip Loss = 0.986728,	RMSE = 1.937298
Epoch = 12
	Train cost = 2.104492,	Krip Loss = 0.968740,	RMSE = 2.131433
	Test cost = 1.890907,	Krip Loss = 0.982160,	RMSE = 1.906564
Epoch = 13
	Train cost = 2.057198,	Krip Loss = 0.944871,	RMSE = 2.109338
	Test cost = 1.855882,	Krip Loss = 0.974280,	RMSE = 1.877873
Epoch = 14
	Train cost = 2.216769,	Krip Loss = 0.990297,	RMSE = 2.214924
	Test cost = 1.841177,	Krip Loss = 0.966626,	RMSE = 1.870348
Epoch = 15
	Train cost = 2.099000,	Krip Loss = 0.952033,	RMSE = 2.141931
	Test cost = 1.771156,	Krip Loss = 0.962114,	RMSE = 1.798935
Epoch = 16
	Train cost = 2.189425,	Krip Loss = 0.955707,	RMSE = 2.221458
	Test cost = 1.745373,	Krip Loss = 0.961549,	RMSE = 1.770676
Epoch = 17
	Train cost = 2.117826,	Krip Loss = 0.933025,	RMSE = 2.176972
	Test cost = 1.747757,	Krip Loss = 0.960835,	RMSE = 1.774173
Epoch = 18
	Train cost = 2.099087,	Krip Loss = 0.945529,	RMSE = 2.148077
	Test cost = 1.745115,	Krip Loss = 0.958920,	RMSE = 1.773352
Epoch = 19
	Train cost = 2.128852,	Krip Loss = 0.962424,	RMSE = 2.160026
	Test cost = 1.747537,	Krip Loss = 0.957704,	RMSE = 1.777452
Epoch = 20
	Train cost = 2.128418,	Krip Loss = 0.967199,	RMSE = 2.155198
	Test cost = 1.767250,	Krip Loss = 0.953423,	RMSE = 1.804247
Epoch = 21
	Train cost = 2.093285,	Krip Loss = 0.942873,	RMSE = 2.145145
	Test cost = 1.742565,	Krip Loss = 0.951364,	RMSE = 1.778990
Epoch = 22
	Train cost = 2.191523,	Krip Loss = 0.957419,	RMSE = 2.221804
	Test cost = 1.752836,	Krip Loss = 0.950759,	RMSE = 1.791174
Epoch = 23
	Train cost = 2.139525,	Krip Loss = 0.963652,	RMSE = 2.168753
	Test cost = 1.745722,	Krip Loss = 0.945924,	RMSE = 1.788629
Epoch = 24
	Train cost = 2.068091,	Krip Loss = 0.930342,	RMSE = 2.133307
	Test cost = 1.704652,	Krip Loss = 0.943554,	RMSE = 1.744818
Epoch = 25
	Train cost = 2.094609,	Krip Loss = 0.941466,	RMSE = 2.147690
	Test cost = 1.743590,	Krip Loss = 0.939812,	RMSE = 1.793074
Epoch = 26
	Train cost = 2.084143,	Krip Loss = 0.935774,	RMSE = 2.143240
	Test cost = 1.674971,	Krip Loss = 0.943634,	RMSE = 1.710364
Epoch = 27
	Train cost = 2.125179,	Krip Loss = 0.952009,	RMSE = 2.166260
	Test cost = 1.727579,	Krip Loss = 0.942953,	RMSE = 1.771583
Epoch = 28
	Train cost = 2.060135,	Krip Loss = 0.931151,	RMSE = 2.125073
	Test cost = 1.729658,	Krip Loss = 0.936182,	RMSE = 1.781545
Epoch = 29
	Train cost = 2.046479,	Krip Loss = 0.914780,	RMSE = 2.127626
	Test cost = 1.688601,	Krip Loss = 0.934066,	RMSE = 1.737279
Epoch = 30
	Train cost = 2.039604,	Krip Loss = 0.920384,	RMSE = 2.115864
	Test cost = 1.711049,	Krip Loss = 0.929509,	RMSE = 1.768094
Epoch = 31
	Train cost = 2.022430,	Krip Loss = 0.923636,	RMSE = 2.096467
	Test cost = 1.720407,	Krip Loss = 0.924790,	RMSE = 1.783947
Epoch = 32
	Train cost = 2.050631,	Krip Loss = 0.915245,	RMSE = 2.131090
	Test cost = 1.683874,	Krip Loss = 0.924978,	RMSE = 1.742293
Epoch = 33
	Train cost = 2.114914,	Krip Loss = 0.931071,	RMSE = 2.176091
	Test cost = 1.718636,	Krip Loss = 0.923922,	RMSE = 1.782935
Epoch = 34
	Train cost = 2.133484,	Krip Loss = 0.937131,	RMSE = 2.187558
	Test cost = 1.704801,	Krip Loss = 0.917067,	RMSE = 1.775087
Epoch = 35
	Train cost = 2.117896,	Krip Loss = 0.937782,	RMSE = 2.172661
	Test cost = 1.692384,	Krip Loss = 0.920042,	RMSE = 1.757659
Epoch = 36
	Train cost = 2.069357,	Krip Loss = 0.930283,	RMSE = 2.134549
	Test cost = 1.675382,	Krip Loss = 0.919407,	RMSE = 1.738936
Epoch = 37
	Train cost = 2.068413,	Krip Loss = 0.917167,	RMSE = 2.145922
	Test cost = 1.649573,	Krip Loss = 0.913311,	RMSE = 1.716114
Epoch = 38
	Train cost = 1.999076,	Krip Loss = 0.900005,	RMSE = 2.096732
	Test cost = 1.695094,	Krip Loss = 0.912948,	RMSE = 1.768781
Epoch = 39
	Train cost = 2.075274,	Krip Loss = 0.920277,	RMSE = 2.149415
	Test cost = 1.735974,	Krip Loss = 0.912699,	RMSE = 1.814690
Epoch = 40
	Train cost = 1.971368,	Krip Loss = 0.888405,	RMSE = 2.081310
	Test cost = 1.750338,	Krip Loss = 0.910842,	RMSE = 1.832480
Epoch = 41
	Train cost = 2.082480,	Krip Loss = 0.923523,	RMSE = 2.153098
	Test cost = 1.742261,	Krip Loss = 0.910245,	RMSE = 1.824299
Epoch = 42
	Train cost = 2.041842,	Krip Loss = 0.899229,	RMSE = 2.137862
	Test cost = 1.724711,	Krip Loss = 0.905195,	RMSE = 1.810542
Epoch = 43
	Train cost = 2.014106,	Krip Loss = 0.889623,	RMSE = 2.120833
	Test cost = 1.670485,	Krip Loss = 0.918243,	RMSE = 1.734637
Epoch = 44
	Train cost = 2.043633,	Krip Loss = 0.914185,	RMSE = 2.125510
	Test cost = 1.673958,	Krip Loss = 0.909091,	RMSE = 1.749134
Epoch = 45
	Train cost = 1.999866,	Krip Loss = 0.896189,	RMSE = 2.101121
	Test cost = 1.628426,	Krip Loss = 0.904253,	RMSE = 1.701967
Epoch = 46
	Train cost = 2.061893,	Krip Loss = 0.917396,	RMSE = 2.139623
	Test cost = 1.752753,	Krip Loss = 0.907777,	RMSE = 1.838451
Epoch = 47
	Train cost = 2.019438,	Krip Loss = 0.912931,	RMSE = 2.103813
	Test cost = 1.804776,	Krip Loss = 0.904737,	RMSE = 1.897408
Epoch = 48
	Train cost = 1.993524,	Krip Loss = 0.902129,	RMSE = 2.089397
	Test cost = 1.809003,	Krip Loss = 0.909431,	RMSE = 1.896915
Epoch = 49
	Train cost = 2.061028,	Krip Loss = 0.921777,	RMSE = 2.134714
	Test cost = 1.758745,	Krip Loss = 0.904638,	RMSE = 1.848359
Epoch = 50
	Train cost = 2.135763,	Krip Loss = 0.935880,	RMSE = 2.190784
	Test cost = 1.711765,	Krip Loss = 0.910281,	RMSE = 1.790513
Epoch = 51
	Train cost = 2.006612,	Krip Loss = 0.892852,	RMSE = 2.110696
	Test cost = 1.728184,	Krip Loss = 0.915517,	RMSE = 1.802961
Epoch = 52
	Train cost = 2.032294,	Krip Loss = 0.907982,	RMSE = 2.120672
	Test cost = 1.736668,	Krip Loss = 0.910159,	RMSE = 1.818251
Epoch = 53
	Train cost = 2.057695,	Krip Loss = 0.915247,	RMSE = 2.137708
	Test cost = 1.768842,	Krip Loss = 0.926023,	RMSE = 1.836104
Epoch = 54
	Train cost = 2.017890,	Krip Loss = 0.918134,	RMSE = 2.097385
	Test cost = 1.772760,	Krip Loss = 0.886569,	RMSE = 1.882754
Epoch = 55
	Train cost = 1.917782,	Krip Loss = 0.874885,	RMSE = 2.042447
	Test cost = 1.889873,	Krip Loss = 0.912670,	RMSE = 1.977072
Epoch = 56
	Train cost = 2.035106,	Krip Loss = 0.906262,	RMSE = 2.124941
	Test cost = 1.844510,	Krip Loss = 0.905344,	RMSE = 1.938211
Epoch = 57
	Train cost = 1.989074,	Krip Loss = 0.889328,	RMSE = 2.097375
	Test cost = 1.791339,	Krip Loss = 0.906554,	RMSE = 1.881260
Epoch = 58
	Train cost = 2.039880,	Krip Loss = 0.904320,	RMSE = 2.131253
	Test cost = 1.706376,	Krip Loss = 0.903643,	RMSE = 1.791907
Epoch = 59
	Train cost = 2.067535,	Krip Loss = 0.915392,	RMSE = 2.146759
	Test cost = 1.762810,	Krip Loss = 0.911343,	RMSE = 1.845500
Epoch = 60
	Train cost = 2.058402,	Krip Loss = 0.902290,	RMSE = 2.150454
	Test cost = 1.718887,	Krip Loss = 0.901949,	RMSE = 1.807692
Testing Dyad = 12
RMSE of Average Prediction = 1.177035
(3016, 300, 148) (396, 300, 148)
naive
Compiling function
Compilation done 1
Compilation done 2
Epoch = 1
	Train cost = 4.055368,	Krip Loss = 1.000707,	RMSE = 3.495518
	Test cost = 3.581454,	Krip Loss = 0.997755,	RMSE = 3.214778
Epoch = 2
	Train cost = 2.777386,	Krip Loss = 0.994450,	RMSE = 2.670532
	Test cost = 2.260499,	Krip Loss = 0.996731,	RMSE = 2.248348
Epoch = 3
	Train cost = 2.306811,	Krip Loss = 1.006371,	RMSE = 2.280737
	Test cost = 1.720341,	Krip Loss = 0.993862,	RMSE = 1.704675
Epoch = 4
	Train cost = 2.306977,	Krip Loss = 1.026981,	RMSE = 2.262738
	Test cost = 1.675745,	Krip Loss = 0.991959,	RMSE = 1.653827
Epoch = 5
	Train cost = 2.200180,	Krip Loss = 0.980903,	RMSE = 2.208417
	Test cost = 1.657594,	Krip Loss = 0.990087,	RMSE = 1.634022
Epoch = 6
	Train cost = 2.176869,	Krip Loss = 0.987301,	RMSE = 2.181346
	Test cost = 1.650838,	Krip Loss = 0.987702,	RMSE = 1.628663
Epoch = 7
	Train cost = 2.261101,	Krip Loss = 1.009647,	RMSE = 2.237369
	Test cost = 1.674281,	Krip Loss = 0.985695,	RMSE = 1.659622
Epoch = 8
	Train cost = 2.244607,	Krip Loss = 1.012093,	RMSE = 2.220373
	Test cost = 1.672926,	Krip Loss = 0.983040,	RMSE = 1.661188
Epoch = 9
	Train cost = 2.225940,	Krip Loss = 1.006917,	RMSE = 2.208188
	Test cost = 1.657085,	Krip Loss = 0.980500,	RMSE = 1.645096
Epoch = 10
	Train cost = 2.178989,	Krip Loss = 0.990573,	RMSE = 2.180290
	Test cost = 1.652737,	Krip Loss = 0.977708,	RMSE = 1.643203
Epoch = 11
	Train cost = 2.192659,	Krip Loss = 0.969904,	RMSE = 2.211565
	Test cost = 1.637315,	Krip Loss = 0.973890,	RMSE = 1.629019
Epoch = 12
	Train cost = 2.173054,	Krip Loss = 0.997599,	RMSE = 2.168368
	Test cost = 1.635155,	Krip Loss = 0.969754,	RMSE = 1.631443
Epoch = 13
	Train cost = 2.246532,	Krip Loss = 1.002251,	RMSE = 2.230946
	Test cost = 1.631406,	Krip Loss = 0.964588,	RMSE = 1.633178
Epoch = 14
	Train cost = 2.156990,	Krip Loss = 0.978283,	RMSE = 2.171366
	Test cost = 1.611075,	Krip Loss = 0.958271,	RMSE = 1.615926
Epoch = 15
	Train cost = 2.152526,	Krip Loss = 0.981467,	RMSE = 2.164310
	Test cost = 1.598963,	Krip Loss = 0.947259,	RMSE = 1.614564
Epoch = 16
	Train cost = 2.159060,	Krip Loss = 0.979967,	RMSE = 2.171722
	Test cost = 1.547366,	Krip Loss = 0.934537,	RMSE = 1.565668
Epoch = 17
	Train cost = 2.224207,	Krip Loss = 0.976954,	RMSE = 2.233609
	Test cost = 1.527752,	Krip Loss = 0.925734,	RMSE = 1.551797
Epoch = 18
	Train cost = 2.204508,	Krip Loss = 0.962081,	RMSE = 2.229285
	Test cost = 1.512300,	Krip Loss = 0.925276,	RMSE = 1.532349
Epoch = 19
	Train cost = 2.089708,	Krip Loss = 0.954407,	RMSE = 2.131010
	Test cost = 1.498721,	Krip Loss = 0.914887,	RMSE = 1.528180
Epoch = 20
	Train cost = 2.195297,	Krip Loss = 0.956783,	RMSE = 2.225771
	Test cost = 1.477695,	Krip Loss = 0.914775,	RMSE = 1.500560
Epoch = 21
	Train cost = 2.172987,	Krip Loss = 0.954240,	RMSE = 2.207937
	Test cost = 1.474340,	Krip Loss = 0.911174,	RMSE = 1.500887
Epoch = 22
	Train cost = 2.200713,	Krip Loss = 0.961250,	RMSE = 2.226623
	Test cost = 1.466862,	Krip Loss = 0.906781,	RMSE = 1.496772
Epoch = 23
	Train cost = 2.197703,	Krip Loss = 0.965390,	RMSE = 2.220192
	Test cost = 1.488043,	Krip Loss = 0.908312,	RMSE = 1.522801
Epoch = 24
	Train cost = 2.140428,	Krip Loss = 0.958518,	RMSE = 2.174314
	Test cost = 1.462618,	Krip Loss = 0.904800,	RMSE = 1.493744
Epoch = 25
	Train cost = 2.175824,	Krip Loss = 0.975727,	RMSE = 2.190979
	Test cost = 1.467612,	Krip Loss = 0.895823,	RMSE = 1.512335
Epoch = 26
	Train cost = 2.110617,	Krip Loss = 0.949772,	RMSE = 2.154850
	Test cost = 1.425795,	Krip Loss = 0.895326,	RMSE = 1.456665
Epoch = 27
	Train cost = 2.100306,	Krip Loss = 0.944882,	RMSE = 2.149814
	Test cost = 1.410059,	Krip Loss = 0.885793,	RMSE = 1.448124
Epoch = 28
	Train cost = 2.176756,	Krip Loss = 0.972623,	RMSE = 2.194659
	Test cost = 1.426490,	Krip Loss = 0.869312,	RMSE = 1.492887
Epoch = 29
	Train cost = 2.196255,	Krip Loss = 0.951106,	RMSE = 2.231724
	Test cost = 1.375126,	Krip Loss = 0.874453,	RMSE = 1.415165
Epoch = 30
	Train cost = 2.116449,	Krip Loss = 0.943161,	RMSE = 2.166368
	Test cost = 1.387812,	Krip Loss = 0.859068,	RMSE = 1.454295
Epoch = 31
	Train cost = 2.141267,	Krip Loss = 0.952158,	RMSE = 2.180926
	Test cost = 1.348508,	Krip Loss = 0.860955,	RMSE = 1.396500
Epoch = 32
	Train cost = 2.155591,	Krip Loss = 0.943115,	RMSE = 2.202249
	Test cost = 1.370096,	Krip Loss = 0.849286,	RMSE = 1.443342
Epoch = 33
	Train cost = 2.170873,	Krip Loss = 0.959101,	RMSE = 2.201610
	Test cost = 1.337484,	Krip Loss = 0.851889,	RMSE = 1.393692
Epoch = 34
	Train cost = 2.135920,	Krip Loss = 0.937420,	RMSE = 2.189521
	Test cost = 1.336900,	Krip Loss = 0.854535,	RMSE = 1.389050
Epoch = 35
	Train cost = 2.174910,	Krip Loss = 0.958308,	RMSE = 2.205993
	Test cost = 1.353585,	Krip Loss = 0.846045,	RMSE = 1.424836
Epoch = 36
	Train cost = 2.064573,	Krip Loss = 0.926028,	RMSE = 2.134052
	Test cost = 1.319831,	Krip Loss = 0.840972,	RMSE = 1.383994
Epoch = 37
	Train cost = 2.056237,	Krip Loss = 0.931648,	RMSE = 2.120933
	Test cost = 1.328595,	Krip Loss = 0.832614,	RMSE = 1.408519
Epoch = 38
	Train cost = 2.119441,	Krip Loss = 0.943174,	RMSE = 2.169117
	Test cost = 1.315872,	Krip Loss = 0.826098,	RMSE = 1.399676
Epoch = 39
	Train cost = 2.103314,	Krip Loss = 0.927029,	RMSE = 2.169133
	Test cost = 1.300606,	Krip Loss = 0.824310,	RMSE = 1.380284
Epoch = 40
	Train cost = 2.072631,	Krip Loss = 0.924106,	RMSE = 2.143385
	Test cost = 1.303395,	Krip Loss = 0.824646,	RMSE = 1.383834
Epoch = 41
	Train cost = 2.083186,	Krip Loss = 0.930069,	RMSE = 2.147666
	Test cost = 1.325910,	Krip Loss = 0.837494,	RMSE = 1.397736
Epoch = 42
	Train cost = 2.109013,	Krip Loss = 0.936875,	RMSE = 2.165307
	Test cost = 1.313575,	Krip Loss = 0.811632,	RMSE = 1.416958
Epoch = 43
	Train cost = 2.075889,	Krip Loss = 0.926458,	RMSE = 2.144231
	Test cost = 1.304987,	Krip Loss = 0.820867,	RMSE = 1.391575
Epoch = 44
	Train cost = 2.149146,	Krip Loss = 0.933775,	RMSE = 2.204878
	Test cost = 1.327311,	Krip Loss = 0.825249,	RMSE = 1.417126
Epoch = 45
	Train cost = 2.089425,	Krip Loss = 0.929004,	RMSE = 2.154457
	Test cost = 1.333380,	Krip Loss = 0.844154,	RMSE = 1.398894
Epoch = 46
	Train cost = 2.084449,	Krip Loss = 0.926932,	RMSE = 2.151759
	Test cost = 1.339400,	Krip Loss = 0.816040,	RMSE = 1.446872
Epoch = 47
	Train cost = 2.005781,	Krip Loss = 0.909279,	RMSE = 2.094280
	Test cost = 1.271917,	Krip Loss = 0.803498,	RMSE = 1.368823
Epoch = 48
	Train cost = 2.127751,	Krip Loss = 0.932029,	RMSE = 2.186981
	Test cost = 1.296609,	Krip Loss = 0.806738,	RMSE = 1.399816
Epoch = 49
	Train cost = 2.078035,	Krip Loss = 0.914762,	RMSE = 2.157103
	Test cost = 1.325604,	Krip Loss = 0.853069,	RMSE = 1.374824
Epoch = 50
	Train cost = 2.136430,	Krip Loss = 0.935316,	RMSE = 2.191907
	Test cost = 1.370998,	Krip Loss = 0.837290,	RMSE = 1.461107
Epoch = 51
	Train cost = 2.096889,	Krip Loss = 0.927586,	RMSE = 2.162686
	Test cost = 1.331862,	Krip Loss = 0.824436,	RMSE = 1.424678
Epoch = 52
	Train cost = 2.021146,	Krip Loss = 0.913072,	RMSE = 2.105302
	Test cost = 1.296154,	Krip Loss = 0.797112,	RMSE = 1.412858
Epoch = 53
	Train cost = 2.034592,	Krip Loss = 0.916567,	RMSE = 2.114734
	Test cost = 1.275117,	Krip Loss = 0.790246,	RMSE = 1.392653
Epoch = 54
	Train cost = 2.083021,	Krip Loss = 0.931900,	RMSE = 2.145807
	Test cost = 1.260356,	Krip Loss = 0.784772,	RMSE = 1.379252
Epoch = 55
	Train cost = 2.064962,	Krip Loss = 0.913464,	RMSE = 2.146158
	Test cost = 1.289988,	Krip Loss = 0.816583,	RMSE = 1.376088
Epoch = 56
	Train cost = 2.110280,	Krip Loss = 0.922982,	RMSE = 2.179264
	Test cost = 1.331027,	Krip Loss = 0.824120,	RMSE = 1.423949
Epoch = 57
	Train cost = 2.082600,	Krip Loss = 0.914579,	RMSE = 2.161500
	Test cost = 1.356758,	Krip Loss = 0.841386,	RMSE = 1.435790
Epoch = 58
	Train cost = 2.006970,	Krip Loss = 0.886124,	RMSE = 2.117400
	Test cost = 1.329914,	Krip Loss = 0.806841,	RMSE = 1.446476
Epoch = 59
	Train cost = 2.067747,	Krip Loss = 0.909301,	RMSE = 2.152622
	Test cost = 1.277756,	Krip Loss = 0.782839,	RMSE = 1.407006
Epoch = 60
	Train cost = 1.998746,	Krip Loss = 0.913974,	RMSE = 2.083048
	Test cost = 1.263163,	Krip Loss = 0.777490,	RMSE = 1.393805
Testing Dyad = 16
RMSE of Average Prediction = 1.157776
(3208, 300, 148) (204, 300, 148)
naive
Compiling function
Compilation done 1
Compilation done 2
Epoch = 1
	Train cost = 4.084347,	Krip Loss = 1.003694,	RMSE = 3.510358
	Test cost = 2.484072,	Krip Loss = 0.999868,	RMSE = 2.436558
Epoch = 2
	Train cost = 2.693873,	Krip Loss = 0.989386,	RMSE = 2.611120
	Test cost = 1.548570,	Krip Loss = 0.997466,	RMSE = 1.484728
Epoch = 3
	Train cost = 2.314743,	Krip Loss = 1.012331,	RMSE = 2.282466
	Test cost = 1.313815,	Krip Loss = 0.993733,	RMSE = 1.131515
Epoch = 4
	Train cost = 2.322002,	Krip Loss = 1.014124,	RMSE = 2.287249
	Test cost = 1.309926,	Krip Loss = 0.990529,	RMSE = 1.130304
Epoch = 5
	Train cost = 2.262278,	Krip Loss = 1.008134,	RMSE = 2.239772
	Test cost = 1.294053,	Krip Loss = 0.988281,	RMSE = 1.105933
Epoch = 6
	Train cost = 2.216833,	Krip Loss = 0.989033,	RMSE = 2.216122
	Test cost = 1.293834,	Krip Loss = 0.985679,	RMSE = 1.110235
Epoch = 7
	Train cost = 2.239112,	Krip Loss = 1.000226,	RMSE = 2.226105
	Test cost = 1.295569,	Krip Loss = 0.983439,	RMSE = 1.117371
Epoch = 8
	Train cost = 2.192404,	Krip Loss = 0.965913,	RMSE = 2.214941
	Test cost = 1.285481,	Krip Loss = 0.980148,	RMSE = 1.105140
Epoch = 9
	Train cost = 2.247479,	Krip Loss = 1.001626,	RMSE = 2.232356
	Test cost = 1.286905,	Krip Loss = 0.975823,	RMSE = 1.115493
Epoch = 10
	Train cost = 2.313110,	Krip Loss = 1.014757,	RMSE = 2.278906
	Test cost = 1.284109,	Krip Loss = 0.970862,	RMSE = 1.119369
Epoch = 11
	Train cost = 2.205128,	Krip Loss = 0.970820,	RMSE = 2.221988
	Test cost = 1.274546,	Krip Loss = 0.965440,	RMSE = 1.111947
Epoch = 12
	Train cost = 2.208467,	Krip Loss = 0.991890,	RMSE = 2.205971
	Test cost = 1.268207,	Krip Loss = 0.957182,	RMSE = 1.115392
Epoch = 13
	Train cost = 2.217355,	Krip Loss = 0.968845,	RMSE = 2.234735
	Test cost = 1.256118,	Krip Loss = 0.945871,	RMSE = 1.113997
Epoch = 14
	Train cost = 2.215671,	Krip Loss = 0.971967,	RMSE = 2.230430
	Test cost = 1.241588,	Krip Loss = 0.923916,	RMSE = 1.127248
Epoch = 15
	Train cost = 2.261313,	Krip Loss = 0.980128,	RMSE = 2.263789
	Test cost = 1.227052,	Krip Loss = 0.895531,	RMSE = 1.151558
Epoch = 16
	Train cost = 2.192639,	Krip Loss = 0.971925,	RMSE = 2.209718
	Test cost = 1.207806,	Krip Loss = 0.875042,	RMSE = 1.153713
Epoch = 17
	Train cost = 2.213441,	Krip Loss = 0.962446,	RMSE = 2.236958
	Test cost = 1.193653,	Krip Loss = 0.875101,	RMSE = 1.128808
Epoch = 18
	Train cost = 2.157979,	Krip Loss = 0.954645,	RMSE = 2.193931
	Test cost = 1.197913,	Krip Loss = 0.866061,	RMSE = 1.152132
Epoch = 19
	Train cost = 2.167697,	Krip Loss = 0.958172,	RMSE = 2.199569
	Test cost = 1.202285,	Krip Loss = 0.859008,	RMSE = 1.171796
Epoch = 20
	Train cost = 2.166143,	Krip Loss = 0.956398,	RMSE = 2.199768
	Test cost = 1.195055,	Krip Loss = 0.853909,	RMSE = 1.168153
Epoch = 21
	Train cost = 2.142064,	Krip Loss = 0.936974,	RMSE = 2.195532
	Test cost = 1.183687,	Krip Loss = 0.847944,	RMSE = 1.158866
Epoch = 22
	Train cost = 2.183984,	Krip Loss = 0.949518,	RMSE = 2.222130
	Test cost = 1.194509,	Krip Loss = 0.845472,	RMSE = 1.181588
Epoch = 23
	Train cost = 2.223662,	Krip Loss = 0.958526,	RMSE = 2.249566
	Test cost = 1.192468,	Krip Loss = 0.843682,	RMSE = 1.181162
Epoch = 24
	Train cost = 2.101545,	Krip Loss = 0.929290,	RMSE = 2.165415
	Test cost = 1.179321,	Krip Loss = 0.838311,	RMSE = 1.167920
Epoch = 25
	Train cost = 2.190683,	Krip Loss = 0.961886,	RMSE = 2.217022
	Test cost = 1.203729,	Krip Loss = 0.840861,	RMSE = 1.204769
Epoch = 26
	Train cost = 2.188454,	Krip Loss = 0.944125,	RMSE = 2.230991
	Test cost = 1.185962,	Krip Loss = 0.836906,	RMSE = 1.181619
Epoch = 27
	Train cost = 2.129986,	Krip Loss = 0.934596,	RMSE = 2.186677
	Test cost = 1.188574,	Krip Loss = 0.834769,	RMSE = 1.189630
Epoch = 28
	Train cost = 2.116260,	Krip Loss = 0.923913,	RMSE = 2.183893
	Test cost = 1.185074,	Krip Loss = 0.835359,	RMSE = 1.182734
Epoch = 29
	Train cost = 2.114976,	Krip Loss = 0.924228,	RMSE = 2.182428
	Test cost = 1.220277,	Krip Loss = 0.834337,	RMSE = 1.242481
Epoch = 30
	Train cost = 2.170840,	Krip Loss = 0.940306,	RMSE = 2.218588
	Test cost = 1.184783,	Krip Loss = 0.830540,	RMSE = 1.190367
Epoch = 31
	Train cost = 2.108174,	Krip Loss = 0.929984,	RMSE = 2.170890
	Test cost = 1.195087,	Krip Loss = 0.831950,	RMSE = 1.205217
Epoch = 32
	Train cost = 2.106783,	Krip Loss = 0.925574,	RMSE = 2.173669
	Test cost = 1.179797,	Krip Loss = 0.825146,	RMSE = 1.191053
Epoch = 33
	Train cost = 2.140582,	Krip Loss = 0.942091,	RMSE = 2.189513
	Test cost = 1.180488,	Krip Loss = 0.826316,	RMSE = 1.190247
Epoch = 34
	Train cost = 2.160600,	Krip Loss = 0.940452,	RMSE = 2.209206
	Test cost = 1.193073,	Krip Loss = 0.825872,	RMSE = 1.211941
Epoch = 35
	Train cost = 2.167346,	Krip Loss = 0.949380,	RMSE = 2.207230
	Test cost = 1.242796,	Krip Loss = 0.833725,	RMSE = 1.279173
Epoch = 36
	Train cost = 2.089205,	Krip Loss = 0.914632,	RMSE = 2.167555
	Test cost = 1.194506,	Krip Loss = 0.827531,	RMSE = 1.211568
Epoch = 37
	Train cost = 2.075871,	Krip Loss = 0.932312,	RMSE = 2.138746
	Test cost = 1.188692,	Krip Loss = 0.827332,	RMSE = 1.202263
Epoch = 38
	Train cost = 2.094663,	Krip Loss = 0.916532,	RMSE = 2.170835
	Test cost = 1.222203,	Krip Loss = 0.831719,	RMSE = 1.249774
Epoch = 39
	Train cost = 2.090307,	Krip Loss = 0.905984,	RMSE = 2.176532
	Test cost = 1.199900,	Krip Loss = 0.826384,	RMSE = 1.222318
Epoch = 40
	Train cost = 2.125822,	Krip Loss = 0.937843,	RMSE = 2.179889
	Test cost = 1.198301,	Krip Loss = 0.826931,	RMSE = 1.218803
Epoch = 41
	Train cost = 2.139685,	Krip Loss = 0.913564,	RMSE = 2.214607
	Test cost = 1.168992,	Krip Loss = 0.823543,	RMSE = 1.175498
Epoch = 42
	Train cost = 2.139972,	Krip Loss = 0.923416,	RMSE = 2.205953
	Test cost = 1.175116,	Krip Loss = 0.823819,	RMSE = 1.185406
Epoch = 43
	Train cost = 2.068778,	Krip Loss = 0.900892,	RMSE = 2.161375
	Test cost = 1.177799,	Krip Loss = 0.820542,	RMSE = 1.195419
Epoch = 44
	Train cost = 2.106166,	Krip Loss = 0.930686,	RMSE = 2.168391
	Test cost = 1.182828,	Krip Loss = 0.822600,	RMSE = 1.200380
Epoch = 45
	Train cost = 2.133362,	Krip Loss = 0.931434,	RMSE = 2.192650
	Test cost = 1.200881,	Krip Loss = 0.824155,	RMSE = 1.227561
Epoch = 46
	Train cost = 2.116349,	Krip Loss = 0.906482,	RMSE = 2.199879
	Test cost = 1.166180,	Krip Loss = 0.818652,	RMSE = 1.179029
Epoch = 47
	Train cost = 2.055434,	Krip Loss = 0.903002,	RMSE = 2.147028
	Test cost = 1.178605,	Krip Loss = 0.817991,	RMSE = 1.201023
Epoch = 48
	Train cost = 2.154066,	Krip Loss = 0.930217,	RMSE = 2.212554
	Test cost = 1.171825,	Krip Loss = 0.815453,	RMSE = 1.193938
Epoch = 49
	Train cost = 2.149543,	Krip Loss = 0.928354,	RMSE = 2.210148
	Test cost = 1.176892,	Krip Loss = 0.816779,	RMSE = 1.200189
Epoch = 50
	Train cost = 2.077265,	Krip Loss = 0.907491,	RMSE = 2.163122
	Test cost = 1.226491,	Krip Loss = 0.822369,	RMSE = 1.271412
Epoch = 51
	Train cost = 2.074081,	Krip Loss = 0.907057,	RMSE = 2.160578
	Test cost = 1.229886,	Krip Loss = 0.819802,	RMSE = 1.280756
Epoch = 52
	Train cost = 2.097853,	Krip Loss = 0.926748,	RMSE = 2.164352
	Test cost = 1.244598,	Krip Loss = 0.822584,	RMSE = 1.299252
Epoch = 53
	Train cost = 2.141809,	Krip Loss = 0.914932,	RMSE = 2.215290
	Test cost = 1.165512,	Krip Loss = 0.812331,	RMSE = 1.188580
Epoch = 54
	Train cost = 2.059737,	Krip Loss = 0.910519,	RMSE = 2.144032
	Test cost = 1.176370,	Krip Loss = 0.812973,	RMSE = 1.205649
Epoch = 55
	Train cost = 2.134550,	Krip Loss = 0.918833,	RMSE = 2.205191
	Test cost = 1.165444,	Krip Loss = 0.811124,	RMSE = 1.190495
Epoch = 56
	Train cost = 2.072604,	Krip Loss = 0.891233,	RMSE = 2.173818
	Test cost = 1.156861,	Krip Loss = 0.815067,	RMSE = 1.169264
Epoch = 57
	Train cost = 2.094808,	Krip Loss = 0.906323,	RMSE = 2.180353
	Test cost = 1.162056,	Krip Loss = 0.815904,	RMSE = 1.176694
Epoch = 58
	Train cost = 2.160328,	Krip Loss = 0.927770,	RMSE = 2.220412
	Test cost = 1.148278,	Krip Loss = 0.825061,	RMSE = 1.137045
Epoch = 59
	Train cost = 2.057878,	Krip Loss = 0.904322,	RMSE = 2.148075
	Test cost = 1.152191,	Krip Loss = 0.826190,	RMSE = 1.141931
Epoch = 60
	Train cost = 2.078608,	Krip Loss = 0.899691,	RMSE = 2.171559
	Test cost = 1.149478,	Krip Loss = 0.816746,	RMSE = 1.153659
Testing Dyad = 17
RMSE of Average Prediction = 1.117277
(3216, 300, 148) (196, 300, 148)
naive
Compiling function
Compilation done 1
Compilation done 2
Epoch = 1
	Train cost = 4.080931,	Krip Loss = 0.998944,	RMSE = 3.511118
	Test cost = 2.430486,	Krip Loss = 1.001968,	RMSE = 2.390413
Epoch = 2
	Train cost = 2.742319,	Krip Loss = 0.997054,	RMSE = 2.642169
	Test cost = 1.512014,	Krip Loss = 0.999717,	RMSE = 1.431499
Epoch = 3
	Train cost = 2.394889,	Krip Loss = 1.031481,	RMSE = 2.335301
	Test cost = 1.284079,	Krip Loss = 0.995159,	RMSE = 1.075026
Epoch = 4
	Train cost = 2.217706,	Krip Loss = 1.014507,	RMSE = 2.193808
	Test cost = 1.266293,	Krip Loss = 0.992967,	RMSE = 1.045612
Epoch = 5
	Train cost = 2.253369,	Krip Loss = 0.983540,	RMSE = 2.253734
	Test cost = 1.267614,	Krip Loss = 0.991006,	RMSE = 1.051871
Epoch = 6
	Train cost = 2.225336,	Krip Loss = 0.992727,	RMSE = 2.220459
	Test cost = 1.261589,	Krip Loss = 0.987804,	RMSE = 1.046490
Epoch = 7
	Train cost = 2.258404,	Krip Loss = 0.999294,	RMSE = 2.244201
	Test cost = 1.260755,	Krip Loss = 0.983833,	RMSE = 1.052469
Epoch = 8
	Train cost = 2.239525,	Krip Loss = 1.003497,	RMSE = 2.223536
	Test cost = 1.256828,	Krip Loss = 0.981250,	RMSE = 1.049911
Epoch = 9
	Train cost = 2.314170,	Krip Loss = 1.001374,	RMSE = 2.291547
	Test cost = 1.254986,	Krip Loss = 0.975734,	RMSE = 1.056885
Epoch = 10
	Train cost = 2.286856,	Krip Loss = 0.996134,	RMSE = 2.272199
	Test cost = 1.247654,	Krip Loss = 0.969273,	RMSE = 1.055236
Epoch = 11
	Train cost = 2.280733,	Krip Loss = 0.990932,	RMSE = 2.271388
	Test cost = 1.232951,	Krip Loss = 0.961127,	RMSE = 1.042735
Epoch = 12
	Train cost = 2.193927,	Krip Loss = 0.992344,	RMSE = 2.192335
	Test cost = 1.219324,	Krip Loss = 0.945743,	RMSE = 1.046100
Epoch = 13
	Train cost = 2.219852,	Krip Loss = 0.984245,	RMSE = 2.223157
	Test cost = 1.203203,	Krip Loss = 0.924988,	RMSE = 1.054923
Epoch = 14
	Train cost = 2.179649,	Krip Loss = 0.972678,	RMSE = 2.197245
	Test cost = 1.167474,	Krip Loss = 0.892618,	RMSE = 1.048535
Epoch = 15
	Train cost = 2.194206,	Krip Loss = 0.984552,	RMSE = 2.199686
	Test cost = 1.147557,	Krip Loss = 0.844699,	RMSE = 1.100651
Epoch = 16
	Train cost = 2.220691,	Krip Loss = 0.970659,	RMSE = 2.236096
	Test cost = 1.157774,	Krip Loss = 0.815404,	RMSE = 1.170247
Epoch = 17
	Train cost = 2.250262,	Krip Loss = 0.978397,	RMSE = 2.255540
	Test cost = 1.192753,	Krip Loss = 0.815962,	RMSE = 1.227665
Epoch = 18
	Train cost = 2.254981,	Krip Loss = 0.971948,	RMSE = 2.265421
	Test cost = 1.228685,	Krip Loss = 0.819628,	RMSE = 1.279152
Epoch = 19
	Train cost = 2.142874,	Krip Loss = 0.951553,	RMSE = 2.182953
	Test cost = 1.191459,	Krip Loss = 0.817165,	RMSE = 1.223592
Epoch = 20
	Train cost = 2.171390,	Krip Loss = 0.949015,	RMSE = 2.211221
	Test cost = 1.202031,	Krip Loss = 0.821894,	RMSE = 1.233105
Epoch = 21
	Train cost = 2.183423,	Krip Loss = 0.956256,	RMSE = 2.215551
	Test cost = 1.226775,	Krip Loss = 0.829971,	RMSE = 1.259848
Epoch = 22
	Train cost = 2.164057,	Krip Loss = 0.942904,	RMSE = 2.210116
	Test cost = 1.198691,	Krip Loss = 0.820163,	RMSE = 1.230492
Epoch = 23
	Train cost = 2.172557,	Krip Loss = 0.950583,	RMSE = 2.210859
	Test cost = 1.275660,	Krip Loss = 0.830867,	RMSE = 1.333856
Epoch = 24
	Train cost = 2.182854,	Krip Loss = 0.942600,	RMSE = 2.227334
	Test cost = 1.247654,	Krip Loss = 0.842023,	RMSE = 1.273784
Epoch = 25
	Train cost = 2.183418,	Krip Loss = 0.950005,	RMSE = 2.221182
	Test cost = 1.233283,	Krip Loss = 0.834061,	RMSE = 1.263681
Epoch = 26
	Train cost = 2.121089,	Krip Loss = 0.929856,	RMSE = 2.182872
	Test cost = 1.269641,	Krip Loss = 0.835240,	RMSE = 1.318181
Epoch = 27
	Train cost = 2.158302,	Krip Loss = 0.937608,	RMSE = 2.209700
	Test cost = 1.262352,	Krip Loss = 0.842218,	RMSE = 1.296355
Epoch = 28
	Train cost = 2.156234,	Krip Loss = 0.951974,	RMSE = 2.194776
	Test cost = 1.227332,	Krip Loss = 0.835004,	RMSE = 1.252722
Epoch = 29
	Train cost = 2.111806,	Krip Loss = 0.933967,	RMSE = 2.170567
	Test cost = 1.292904,	Krip Loss = 0.846079,	RMSE = 1.336898
Epoch = 30
	Train cost = 2.109813,	Krip Loss = 0.915695,	RMSE = 2.185514
	Test cost = 1.258685,	Krip Loss = 0.841920,	RMSE = 1.291147
Epoch = 31
	Train cost = 2.209885,	Krip Loss = 0.943631,	RMSE = 2.250559
	Test cost = 1.251131,	Krip Loss = 0.839389,	RMSE = 1.283344
Epoch = 32
	Train cost = 2.125017,	Krip Loss = 0.936283,	RMSE = 2.180582
	Test cost = 1.286524,	Krip Loss = 0.848796,	RMSE = 1.323220
Epoch = 33
	Train cost = 2.128738,	Krip Loss = 0.928102,	RMSE = 2.191471
	Test cost = 1.300257,	Krip Loss = 0.855583,	RMSE = 1.333679
Epoch = 34
	Train cost = 2.169042,	Krip Loss = 0.930898,	RMSE = 2.225438
	Test cost = 1.276705,	Krip Loss = 0.854700,	RMSE = 1.299238
Epoch = 35
	Train cost = 2.137316,	Krip Loss = 0.921519,	RMSE = 2.205263
	Test cost = 1.307151,	Krip Loss = 0.863242,	RMSE = 1.332530
Epoch = 36
	Train cost = 2.089686,	Krip Loss = 0.919093,	RMSE = 2.163879
	Test cost = 1.318050,	Krip Loss = 0.865581,	RMSE = 1.345317
Epoch = 37
	Train cost = 2.115290,	Krip Loss = 0.917128,	RMSE = 2.189212
	Test cost = 1.298648,	Krip Loss = 0.864138,	RMSE = 1.318348
Epoch = 38
	Train cost = 2.143569,	Krip Loss = 0.920649,	RMSE = 2.211714
	Test cost = 1.250704,	Krip Loss = 0.849938,	RMSE = 1.266122
Epoch = 39
	Train cost = 2.147960,	Krip Loss = 0.935379,	RMSE = 2.202345
	Test cost = 1.261392,	Krip Loss = 0.848135,	RMSE = 1.285701
Epoch = 40
	Train cost = 2.148330,	Krip Loss = 0.940246,	RMSE = 2.198258
	Test cost = 1.273618,	Krip Loss = 0.848196,	RMSE = 1.304487
Epoch = 41
	Train cost = 2.075806,	Krip Loss = 0.900682,	RMSE = 2.168063
	Test cost = 1.322658,	Krip Loss = 0.863542,	RMSE = 1.355161
Epoch = 42
	Train cost = 2.075760,	Krip Loss = 0.912341,	RMSE = 2.157239
	Test cost = 1.333725,	Krip Loss = 0.875334,	RMSE = 1.354092
Epoch = 43
	Train cost = 2.118824,	Krip Loss = 0.928776,	RMSE = 2.181786
	Test cost = 1.275903,	Krip Loss = 0.865394,	RMSE = 1.281420
Epoch = 44
	Train cost = 2.110006,	Krip Loss = 0.921706,	RMSE = 2.180183
	Test cost = 1.303491,	Krip Loss = 0.872059,	RMSE = 1.313671
Epoch = 45
	Train cost = 2.105450,	Krip Loss = 0.900594,	RMSE = 2.195318
	Test cost = 1.313695,	Krip Loss = 0.874238,	RMSE = 1.325831
Epoch = 46
	Train cost = 2.098895,	Krip Loss = 0.919722,	RMSE = 2.171794
	Test cost = 1.294372,	Krip Loss = 0.866017,	RMSE = 1.308977
Epoch = 47
	Train cost = 2.080670,	Krip Loss = 0.904745,	RMSE = 2.168802
	Test cost = 1.268018,	Krip Loss = 0.854873,	RMSE = 1.285527
Epoch = 48
	Train cost = 2.170735,	Krip Loss = 0.931734,	RMSE = 2.226208
	Test cost = 1.265513,	Krip Loss = 0.853346,	RMSE = 1.284006
Epoch = 49
	Train cost = 2.091673,	Krip Loss = 0.909650,	RMSE = 2.174418
	Test cost = 1.247645,	Krip Loss = 0.843735,	RMSE = 1.271078
Epoch = 50
	Train cost = 2.186670,	Krip Loss = 0.926851,	RMSE = 2.244834
	Test cost = 1.248444,	Krip Loss = 0.842263,	RMSE = 1.274647
Epoch = 51
	Train cost = 2.062904,	Krip Loss = 0.900129,	RMSE = 2.156641
	Test cost = 1.274995,	Krip Loss = 0.845019,	RMSE = 1.311451
Epoch = 52
	Train cost = 2.116062,	Krip Loss = 0.930088,	RMSE = 2.178049
	Test cost = 1.223383,	Krip Loss = 0.830887,	RMSE = 1.252989
Epoch = 53
	Train cost = 2.065139,	Krip Loss = 0.895248,	RMSE = 2.163230
	Test cost = 1.282228,	Krip Loss = 0.847412,	RMSE = 1.318813
Epoch = 54
	Train cost = 2.007356,	Krip Loss = 0.892202,	RMSE = 2.112017
	Test cost = 1.362000,	Krip Loss = 0.869890,	RMSE = 1.403012
Epoch = 55
	Train cost = 2.052200,	Krip Loss = 0.903690,	RMSE = 2.143371
	Test cost = 1.336984,	Krip Loss = 0.864510,	RMSE = 1.374734
Epoch = 56
	Train cost = 2.138019,	Krip Loss = 0.924384,	RMSE = 2.203303
	Test cost = 1.305483,	Krip Loss = 0.857434,	RMSE = 1.338729
Epoch = 57
	Train cost = 1.965537,	Krip Loss = 0.868385,	RMSE = 2.094900
	Test cost = 1.318430,	Krip Loss = 0.857618,	RMSE = 1.357663
Epoch = 58
	Train cost = 2.030500,	Krip Loss = 0.884388,	RMSE = 2.141133
	Test cost = 1.283059,	Krip Loss = 0.850384,	RMSE = 1.315560
Epoch = 59
	Train cost = 2.016027,	Krip Loss = 0.893395,	RMSE = 2.119086
	Test cost = 1.252750,	Krip Loss = 0.842724,	RMSE = 1.280665
Epoch = 60
	Train cost = 2.056816,	Krip Loss = 0.891752,	RMSE = 2.158762
	Test cost = 1.253922,	Krip Loss = 0.841031,	RMSE = 1.285132
Testing Dyad = 18
RMSE of Average Prediction = 1.520631
(3210, 300, 148) (202, 300, 148)
naive
Compiling function
Compilation done 1
Compilation done 2
Epoch = 1
	Train cost = 4.120920,	Krip Loss = 0.999753,	RMSE = 3.533365
	Test cost = 1.887465,	Krip Loss = 0.991440,	RMSE = 1.893171
Epoch = 2
	Train cost = 2.765135,	Krip Loss = 1.000657,	RMSE = 2.656673
	Test cost = 1.285562,	Krip Loss = 0.982770,	RMSE = 1.100532
Epoch = 3
	Train cost = 2.335087,	Krip Loss = 0.999674,	RMSE = 2.311201
	Test cost = 1.253237,	Krip Loss = 0.985076,	RMSE = 1.035684
Epoch = 4
	Train cost = 2.295425,	Krip Loss = 1.000809,	RMSE = 2.275624
	Test cost = 1.253660,	Krip Loss = 0.982100,	RMSE = 1.042228
Epoch = 5
	Train cost = 2.270660,	Krip Loss = 0.998830,	RMSE = 2.255509
	Test cost = 1.258804,	Krip Loss = 0.980253,	RMSE = 1.055559
Epoch = 6
	Train cost = 2.313500,	Krip Loss = 1.026118,	RMSE = 2.269258
	Test cost = 1.242048,	Krip Loss = 0.975201,	RMSE = 1.033146
Epoch = 7
	Train cost = 2.292738,	Krip Loss = 1.004133,	RMSE = 2.270335
	Test cost = 1.235237,	Krip Loss = 0.971020,	RMSE = 1.028041
Epoch = 8
	Train cost = 2.244412,	Krip Loss = 0.982684,	RMSE = 2.246533
	Test cost = 1.249337,	Krip Loss = 0.971151,	RMSE = 1.054868
Epoch = 9
	Train cost = 2.174555,	Krip Loss = 0.990780,	RMSE = 2.176028
	Test cost = 1.231904,	Krip Loss = 0.965032,	RMSE = 1.033193
Epoch = 10
	Train cost = 2.213740,	Krip Loss = 0.976349,	RMSE = 2.224762
	Test cost = 1.220122,	Krip Loss = 0.957028,	RMSE = 1.025853
Epoch = 11
	Train cost = 2.276503,	Krip Loss = 0.995301,	RMSE = 2.263804
	Test cost = 1.208437,	Krip Loss = 0.947993,	RMSE = 1.020675
Epoch = 12
	Train cost = 2.298144,	Krip Loss = 0.994880,	RMSE = 2.283212
	Test cost = 1.191692,	Krip Loss = 0.936694,	RMSE = 1.009946
Epoch = 13
	Train cost = 2.190624,	Krip Loss = 0.986803,	RMSE = 2.194375
	Test cost = 1.183927,	Krip Loss = 0.927293,	RMSE = 1.013181
Epoch = 14
	Train cost = 2.213001,	Krip Loss = 0.986996,	RMSE = 2.214502
	Test cost = 1.160129,	Krip Loss = 0.908434,	RMSE = 1.003385
Epoch = 15
	Train cost = 2.289049,	Krip Loss = 1.009180,	RMSE = 2.262626
	Test cost = 1.145052,	Krip Loss = 0.893459,	RMSE = 1.003181
Epoch = 16
	Train cost = 2.196026,	Krip Loss = 0.975679,	RMSE = 2.209386
	Test cost = 1.113530,	Krip Loss = 0.856167,	RMSE = 1.014619
Epoch = 17
	Train cost = 2.194097,	Krip Loss = 0.971886,	RMSE = 2.211073
	Test cost = 1.118843,	Krip Loss = 0.856592,	RMSE = 1.024209
Epoch = 18
	Train cost = 2.199503,	Krip Loss = 0.966536,	RMSE = 2.220781
	Test cost = 1.119807,	Krip Loss = 0.840548,	RMSE = 1.056900
Epoch = 19
	Train cost = 2.155396,	Krip Loss = 0.951826,	RMSE = 2.194147
	Test cost = 1.118547,	Krip Loss = 0.837649,	RMSE = 1.059996
Epoch = 20
	Train cost = 2.177278,	Krip Loss = 0.956015,	RMSE = 2.210215
	Test cost = 1.115761,	Krip Loss = 0.835487,	RMSE = 1.058818
Epoch = 21
	Train cost = 2.162054,	Krip Loss = 0.946678,	RMSE = 2.204882
	Test cost = 1.177653,	Krip Loss = 0.835852,	RMSE = 1.169275
Epoch = 22
	Train cost = 2.284387,	Krip Loss = 0.974510,	RMSE = 2.288997
	Test cost = 1.110045,	Krip Loss = 0.830412,	RMSE = 1.057607
Epoch = 23
	Train cost = 2.152586,	Krip Loss = 0.933000,	RMSE = 2.208697
	Test cost = 1.192105,	Krip Loss = 0.834951,	RMSE = 1.195248
Epoch = 24
	Train cost = 2.150255,	Krip Loss = 0.933927,	RMSE = 2.205745
	Test cost = 1.139380,	Krip Loss = 0.829221,	RMSE = 1.113839
Epoch = 25
	Train cost = 2.165468,	Krip Loss = 0.932257,	RMSE = 2.221000
	Test cost = 1.100961,	Krip Loss = 0.821431,	RMSE = 1.057412
Epoch = 26
	Train cost = 2.202730,	Krip Loss = 0.948529,	RMSE = 2.239822
	Test cost = 1.179181,	Krip Loss = 0.830748,	RMSE = 1.180564
Epoch = 27
	Train cost = 2.168930,	Krip Loss = 0.953769,	RMSE = 2.204687
	Test cost = 1.141268,	Krip Loss = 0.825632,	RMSE = 1.123629
Epoch = 28
	Train cost = 2.134980,	Krip Loss = 0.938260,	RMSE = 2.187895
	Test cost = 1.134084,	Krip Loss = 0.822999,	RMSE = 1.115501
Epoch = 29
	Train cost = 2.141978,	Krip Loss = 0.930425,	RMSE = 2.201411
	Test cost = 1.100586,	Krip Loss = 0.814118,	RMSE = 1.070453
Epoch = 30
	Train cost = 2.123792,	Krip Loss = 0.932446,	RMSE = 2.182976
	Test cost = 1.183584,	Krip Loss = 0.827826,	RMSE = 1.192909
Epoch = 31
	Train cost = 2.105513,	Krip Loss = 0.921476,	RMSE = 2.176270
	Test cost = 1.153239,	Krip Loss = 0.823390,	RMSE = 1.148649
Epoch = 32
	Train cost = 2.186399,	Krip Loss = 0.947313,	RMSE = 2.226285
	Test cost = 1.116986,	Krip Loss = 0.816910,	RMSE = 1.095583
Epoch = 33
	Train cost = 2.173670,	Krip Loss = 0.941095,	RMSE = 2.220428
	Test cost = 1.115181,	Krip Loss = 0.814368,	RMSE = 1.096928
Epoch = 34
	Train cost = 2.098856,	Krip Loss = 0.920860,	RMSE = 2.170711
	Test cost = 1.142640,	Krip Loss = 0.817845,	RMSE = 1.139816
Epoch = 35
	Train cost = 2.180750,	Krip Loss = 0.943313,	RMSE = 2.224802
	Test cost = 1.161351,	Krip Loss = 0.820367,	RMSE = 1.167877
Epoch = 36
	Train cost = 2.098546,	Krip Loss = 0.902532,	RMSE = 2.187249
	Test cost = 1.121942,	Krip Loss = 0.813275,	RMSE = 1.111156
Epoch = 37
	Train cost = 2.123701,	Krip Loss = 0.927379,	RMSE = 2.187530
	Test cost = 1.120342,	Krip Loss = 0.811355,	RMSE = 1.111733
Epoch = 38
	Train cost = 2.076321,	Krip Loss = 0.910440,	RMSE = 2.159520
	Test cost = 1.140074,	Krip Loss = 0.813250,	RMSE = 1.143371
Epoch = 39
	Train cost = 2.111213,	Krip Loss = 0.910608,	RMSE = 2.191442
	Test cost = 1.110318,	Krip Loss = 0.807402,	RMSE = 1.100757
Epoch = 40
	Train cost = 2.103135,	Krip Loss = 0.925508,	RMSE = 2.170371
	Test cost = 1.123098,	Krip Loss = 0.807817,	RMSE = 1.122997
Epoch = 41
	Train cost = 2.148407,	Krip Loss = 0.910987,	RMSE = 2.224787
	Test cost = 1.116643,	Krip Loss = 0.806628,	RMSE = 1.113579
Epoch = 42
	Train cost = 2.095888,	Krip Loss = 0.916768,	RMSE = 2.171746
	Test cost = 1.121216,	Krip Loss = 0.807309,	RMSE = 1.120548
Epoch = 43
	Train cost = 2.160847,	Krip Loss = 0.944919,	RMSE = 2.205382
	Test cost = 1.134485,	Krip Loss = 0.809604,	RMSE = 1.139968
Epoch = 44
	Train cost = 2.003687,	Krip Loss = 0.892019,	RMSE = 2.108713
	Test cost = 1.136468,	Krip Loss = 0.809603,	RMSE = 1.143442
Epoch = 45
	Train cost = 2.183135,	Krip Loss = 0.917779,	RMSE = 2.249761
	Test cost = 1.137677,	Krip Loss = 0.809655,	RMSE = 1.145464
Epoch = 46
	Train cost = 2.059549,	Krip Loss = 0.909058,	RMSE = 2.145220
	Test cost = 1.125864,	Krip Loss = 0.807169,	RMSE = 1.129061
Epoch = 47
	Train cost = 2.118512,	Krip Loss = 0.919812,	RMSE = 2.189703
	Test cost = 1.107501,	Krip Loss = 0.802905,	RMSE = 1.103805
Epoch = 48
	Train cost = 2.130570,	Krip Loss = 0.930911,	RMSE = 2.190579
	Test cost = 1.118280,	Krip Loss = 0.803231,	RMSE = 1.122585
Epoch = 49
	Train cost = 2.104091,	Krip Loss = 0.918725,	RMSE = 2.177490
	Test cost = 1.108046,	Krip Loss = 0.801042,	RMSE = 1.108159
Epoch = 50
	Train cost = 2.130456,	Krip Loss = 0.915090,	RMSE = 2.204872
	Test cost = 1.131574,	Krip Loss = 0.805041,	RMSE = 1.142862
Epoch = 51
	Train cost = 2.118908,	Krip Loss = 0.923531,	RMSE = 2.186666
	Test cost = 1.120336,	Krip Loss = 0.804365,	RMSE = 1.124225
Epoch = 52
	Train cost = 2.069881,	Krip Loss = 0.913923,	RMSE = 2.150310
	Test cost = 1.137948,	Krip Loss = 0.805413,	RMSE = 1.153317
Epoch = 53
	Train cost = 2.084383,	Krip Loss = 0.906686,	RMSE = 2.170435
	Test cost = 1.124129,	Krip Loss = 0.803474,	RMSE = 1.132528
Epoch = 54
	Train cost = 2.187496,	Krip Loss = 0.917973,	RMSE = 2.253462
	Test cost = 1.142071,	Krip Loss = 0.806056,	RMSE = 1.159338
Epoch = 55
	Train cost = 2.135694,	Krip Loss = 0.929137,	RMSE = 2.196868
	Test cost = 1.101268,	Krip Loss = 0.797789,	RMSE = 1.101777
Epoch = 56
	Train cost = 2.075293,	Krip Loss = 0.910338,	RMSE = 2.158661
	Test cost = 1.135193,	Krip Loss = 0.801897,	RMSE = 1.154636
Epoch = 57
	Train cost = 2.099972,	Krip Loss = 0.927450,	RMSE = 2.165661
	Test cost = 1.123013,	Krip Loss = 0.801184,	RMSE = 1.134599
Epoch = 58
	Train cost = 2.069139,	Krip Loss = 0.904105,	RMSE = 2.158735
	Test cost = 1.125662,	Krip Loss = 0.800399,	RMSE = 1.140637
Epoch = 59
	Train cost = 2.116029,	Krip Loss = 0.909312,	RMSE = 2.197013
	Test cost = 1.118988,	Krip Loss = 0.798036,	RMSE = 1.133052
Epoch = 60
	Train cost = 2.136925,	Krip Loss = 0.913805,	RMSE = 2.211895
	Test cost = 1.106828,	Krip Loss = 0.794200,	RMSE = 1.118263
