nohup: ignoring input
Couldn't import dot_parser, loading of dot files will not be possible.
WARNING (theano.sandbox.cuda): The cuda backend is deprecated and will be removed in the next release.  Please switch to the gpuarray backend. You can get more information about how to switch at this URL:
 https://github.com/Theano/Theano/wiki/Converting-to-the-new-gpu-back-end%28gpuarray%29

Using gpu device 2: GeForce GTX TITAN X (CNMeM is disabled, cuDNN 5103)
audio b
/usr0/home/hongliay/code/Rapport/data_info/AMT_Batch1_results_large.csv
/usr0/home/hongliay/code/Rapport/data_info/AMT_Batch2_results_large.csv
/usr0/home/hongliay/code/Rapport/data_info/AMT_Batch3_results_large.csv
/usr0/home/hongliay/code/Rapport/data_info/AMT_Batch4_results_large.csv
D10S1
D10S2
D11S1
D11S2
D12S1
D12S2
D16S2
D17S1
D18S1
D3S1
D3S2
D4S1
D4S2
D5S1
D5S2
D6S1
D6S2
D7S1
D7S2
D8S1
D8S2
D9S1
D9S2
[3, 4, 7, 8, 9, 10, 11, 12, 16, 17, 18]
Validation Dyad = 17 	Testing Dyad = 3
Majority Accuracy = 0.436133, Majority Class = 0
(2834, 300, 148) (196, 300, 148) (382, 300, 148)
Compiling function
Compilation done 1
Compilation done 2
Compilation done 3
Epoch = 1
	Train cost = 1.072735,	Accuracy = 0.454128
	Test cost = 0.975617,	Accuracy = 0.627551
	Test cost = 1.050245,	Accuracy = 0.439791
Epoch = 2
	Train cost = 1.104537,	Accuracy = 0.417784
	Test cost = 1.224198,	Accuracy = 0.234694
	Test cost = 1.161527,	Accuracy = 0.376963
Epoch = 3
	Train cost = 1.098068,	Accuracy = 0.378970
	Test cost = 1.092399,	Accuracy = 0.250000
	Test cost = 1.070800,	Accuracy = 0.376963
Epoch = 4
	Train cost = 1.065563,	Accuracy = 0.376853
	Test cost = 1.050681,	Accuracy = 0.306122
	Test cost = 1.045609,	Accuracy = 0.376963
Epoch = 5
	Train cost = 1.027400,	Accuracy = 0.409315
	Test cost = 1.052047,	Accuracy = 0.331633
	Test cost = 1.043341,	Accuracy = 0.429319
Epoch = 6
	Train cost = 1.015362,	Accuracy = 0.462597
	Test cost = 1.055213,	Accuracy = 0.326531
	Test cost = 1.041345,	Accuracy = 0.429319
Epoch = 7
	Train cost = 1.004092,	Accuracy = 0.506704
	Test cost = 1.044029,	Accuracy = 0.357143
	Test cost = 1.040812,	Accuracy = 0.439791
Epoch = 8
	Train cost = 0.992047,	Accuracy = 0.516937
	Test cost = 1.050372,	Accuracy = 0.341837
	Test cost = 1.041310,	Accuracy = 0.439791
Epoch = 9
	Train cost = 0.980730,	Accuracy = 0.544107
	Test cost = 1.052494,	Accuracy = 0.346939
	Test cost = 1.043832,	Accuracy = 0.439791
Epoch = 10
	Train cost = 0.973786,	Accuracy = 0.558927
	Test cost = 1.081301,	Accuracy = 0.316327
	Test cost = 1.064766,	Accuracy = 0.439791
Epoch = 11
	Train cost = 0.963732,	Accuracy = 0.563867
	Test cost = 1.095142,	Accuracy = 0.357143
	Test cost = 1.090166,	Accuracy = 0.439791
Epoch = 12
	Train cost = 0.952870,	Accuracy = 0.569160
	Test cost = 1.072036,	Accuracy = 0.352041
	Test cost = 1.082109,	Accuracy = 0.439791
Epoch = 13
	Train cost = 0.946948,	Accuracy = 0.575159
	Test cost = 1.085585,	Accuracy = 0.362245
	Test cost = 1.091761,	Accuracy = 0.439791
Epoch = 14
	Train cost = 0.941640,	Accuracy = 0.580805
	Test cost = 1.068686,	Accuracy = 0.367347
	Test cost = 1.100169,	Accuracy = 0.439791
Epoch = 15
	Train cost = 0.935516,	Accuracy = 0.579746
	Test cost = 1.074666,	Accuracy = 0.367347
	Test cost = 1.101291,	Accuracy = 0.439791
Epoch = 16
	Train cost = 0.930988,	Accuracy = 0.584333
	Test cost = 1.065890,	Accuracy = 0.372449
	Test cost = 1.102761,	Accuracy = 0.439791
Epoch = 17
	Train cost = 0.927275,	Accuracy = 0.585392
	Test cost = 1.074453,	Accuracy = 0.367347
	Test cost = 1.099653,	Accuracy = 0.439791
Epoch = 18
	Train cost = 0.920513,	Accuracy = 0.589273
	Test cost = 1.061527,	Accuracy = 0.377551
	Test cost = 1.107228,	Accuracy = 0.439791
Epoch = 19
	Train cost = 0.918654,	Accuracy = 0.590332
	Test cost = 1.068491,	Accuracy = 0.367347
	Test cost = 1.103033,	Accuracy = 0.439791
Epoch = 20
	Train cost = 0.910727,	Accuracy = 0.597389
	Test cost = 1.055318,	Accuracy = 0.382653
	Test cost = 1.113371,	Accuracy = 0.434555
Epoch = 21
	Train cost = 0.907485,	Accuracy = 0.595272
	Test cost = 1.066844,	Accuracy = 0.382653
	Test cost = 1.101381,	Accuracy = 0.434555
Epoch = 22
	Train cost = 0.901615,	Accuracy = 0.600917
	Test cost = 1.058593,	Accuracy = 0.382653
	Test cost = 1.115370,	Accuracy = 0.434555
Epoch = 23
	Train cost = 0.896289,	Accuracy = 0.599859
	Test cost = 1.062401,	Accuracy = 0.377551
	Test cost = 1.105605,	Accuracy = 0.424084
Epoch = 24
	Train cost = 0.890918,	Accuracy = 0.604799
	Test cost = 1.063398,	Accuracy = 0.372449
	Test cost = 1.110109,	Accuracy = 0.424084
Epoch = 25
	Train cost = 0.887020,	Accuracy = 0.604446
	Test cost = 1.056173,	Accuracy = 0.372449
	Test cost = 1.115657,	Accuracy = 0.424084
Epoch = 26
	Train cost = 0.882148,	Accuracy = 0.607269
	Test cost = 1.065827,	Accuracy = 0.377551
	Test cost = 1.109356,	Accuracy = 0.429319
Epoch = 27
	Train cost = 0.879386,	Accuracy = 0.608680
	Test cost = 1.065755,	Accuracy = 0.377551
	Test cost = 1.120735,	Accuracy = 0.429319
Epoch = 28
	Train cost = 0.874527,	Accuracy = 0.611503
	Test cost = 1.064309,	Accuracy = 0.387755
	Test cost = 1.118943,	Accuracy = 0.429319
Epoch = 29
	Train cost = 0.869005,	Accuracy = 0.613267
	Test cost = 1.071636,	Accuracy = 0.387755
	Test cost = 1.120495,	Accuracy = 0.429319
Epoch = 30
	Train cost = 0.864112,	Accuracy = 0.616443
	Test cost = 1.066990,	Accuracy = 0.387755
	Test cost = 1.128900,	Accuracy = 0.429319
Epoch = 31
	Train cost = 0.859007,	Accuracy = 0.617502
	Test cost = 1.079055,	Accuracy = 0.382653
	Test cost = 1.114617,	Accuracy = 0.434555
Epoch = 32
	Train cost = 0.857250,	Accuracy = 0.617855
	Test cost = 1.067640,	Accuracy = 0.377551
	Test cost = 1.142509,	Accuracy = 0.429319
Epoch = 33
	Train cost = 0.854709,	Accuracy = 0.622795
	Test cost = 1.095506,	Accuracy = 0.397959
	Test cost = 1.121166,	Accuracy = 0.445026
Epoch = 34
	Train cost = 0.849690,	Accuracy = 0.624206
	Test cost = 1.071503,	Accuracy = 0.387755
	Test cost = 1.157932,	Accuracy = 0.429319
Epoch = 35
	Train cost = 0.843557,	Accuracy = 0.625265
	Test cost = 1.080735,	Accuracy = 0.397959
	Test cost = 1.133760,	Accuracy = 0.447644
Epoch = 36
	Train cost = 0.839940,	Accuracy = 0.627029
	Test cost = 1.075229,	Accuracy = 0.387755
	Test cost = 1.153967,	Accuracy = 0.455497
Epoch = 37
	Train cost = 0.836255,	Accuracy = 0.630910
	Test cost = 1.083981,	Accuracy = 0.403061
	Test cost = 1.149997,	Accuracy = 0.442408
Epoch = 38
	Train cost = 0.832409,	Accuracy = 0.631969
	Test cost = 1.085301,	Accuracy = 0.392857
	Test cost = 1.152653,	Accuracy = 0.445026
Epoch = 39
	Train cost = 0.828263,	Accuracy = 0.634792
	Test cost = 1.084351,	Accuracy = 0.397959
	Test cost = 1.159746,	Accuracy = 0.445026
Epoch = 40
	Train cost = 0.825685,	Accuracy = 0.635145
	Test cost = 1.092308,	Accuracy = 0.392857
	Test cost = 1.167739,	Accuracy = 0.445026
Epoch = 41
	Train cost = 0.820350,	Accuracy = 0.634792
	Test cost = 1.085126,	Accuracy = 0.397959
	Test cost = 1.164076,	Accuracy = 0.450262
Epoch = 42
	Train cost = 0.815746,	Accuracy = 0.635145
	Test cost = 1.082414,	Accuracy = 0.392857
	Test cost = 1.173258,	Accuracy = 0.445026
Epoch = 43
	Train cost = 0.813095,	Accuracy = 0.639026
	Test cost = 1.089672,	Accuracy = 0.392857
	Test cost = 1.171493,	Accuracy = 0.439791
Epoch = 44
	Train cost = 0.810250,	Accuracy = 0.639732
	Test cost = 1.085346,	Accuracy = 0.397959
	Test cost = 1.192414,	Accuracy = 0.445026
Epoch = 45
	Train cost = 0.813171,	Accuracy = 0.637262
	Test cost = 1.086206,	Accuracy = 0.397959
	Test cost = 1.163446,	Accuracy = 0.450262
Epoch = 46
	Train cost = 0.806226,	Accuracy = 0.640790
	Test cost = 1.096776,	Accuracy = 0.397959
	Test cost = 1.217115,	Accuracy = 0.429319
Epoch = 47
	Train cost = 0.800931,	Accuracy = 0.644672
	Test cost = 1.091074,	Accuracy = 0.387755
	Test cost = 1.216900,	Accuracy = 0.434555
Epoch = 48
	Train cost = 0.794624,	Accuracy = 0.643966
	Test cost = 1.100953,	Accuracy = 0.392857
	Test cost = 1.202284,	Accuracy = 0.450262
Epoch = 49
	Train cost = 0.790106,	Accuracy = 0.649965
	Test cost = 1.111505,	Accuracy = 0.387755
	Test cost = 1.212778,	Accuracy = 0.445026
Epoch = 50
	Train cost = 0.788325,	Accuracy = 0.652082
	Test cost = 1.087918,	Accuracy = 0.443878
	Test cost = 1.220811,	Accuracy = 0.445026
Epoch = 51
	Train cost = 0.785074,	Accuracy = 0.651023
	Test cost = 1.111983,	Accuracy = 0.403061
	Test cost = 1.212288,	Accuracy = 0.447644
Epoch = 52
	Train cost = 0.780380,	Accuracy = 0.653846
	Test cost = 1.110162,	Accuracy = 0.408163
	Test cost = 1.228978,	Accuracy = 0.450262
Epoch = 53
	Train cost = 0.777019,	Accuracy = 0.654905
	Test cost = 1.125291,	Accuracy = 0.403061
	Test cost = 1.227601,	Accuracy = 0.450262
Epoch = 54
	Train cost = 0.770989,	Accuracy = 0.656316
	Test cost = 1.119607,	Accuracy = 0.387755
	Test cost = 1.235120,	Accuracy = 0.450262
Epoch = 55
	Train cost = 0.766963,	Accuracy = 0.660550
	Test cost = 1.135370,	Accuracy = 0.408163
	Test cost = 1.234613,	Accuracy = 0.445026
Epoch = 56
	Train cost = 0.766901,	Accuracy = 0.658433
	Test cost = 1.137420,	Accuracy = 0.387755
	Test cost = 1.238732,	Accuracy = 0.445026
Epoch = 57
	Train cost = 0.761345,	Accuracy = 0.663726
	Test cost = 1.153650,	Accuracy = 0.438776
	Test cost = 1.248503,	Accuracy = 0.439791
Epoch = 58
	Train cost = 0.756822,	Accuracy = 0.662315
	Test cost = 1.151595,	Accuracy = 0.438776
	Test cost = 1.251273,	Accuracy = 0.439791
Epoch = 59
	Train cost = 0.755292,	Accuracy = 0.668313
	Test cost = 1.149236,	Accuracy = 0.448980
	Test cost = 1.256430,	Accuracy = 0.439791
Epoch = 60
	Train cost = 0.751227,	Accuracy = 0.668313
	Test cost = 1.147691,	Accuracy = 0.464286
	Test cost = 1.261251,	Accuracy = 0.429319
Validation Dyad = 8 	Testing Dyad = 4
Majority Accuracy = 0.432753, Majority Class = 2
(2870, 300, 148) (336, 300, 148) (206, 300, 148)
Compiling function
Compilation done 1
Compilation done 2
Compilation done 3
Epoch = 1
	Train cost = 1.061836,	Accuracy = 0.462021
	Test cost = 0.841672,	Accuracy = 0.744048
	Test cost = 0.829187,	Accuracy = 0.728155
Epoch = 2
	Train cost = 1.096742,	Accuracy = 0.422648
	Test cost = 1.305050,	Accuracy = 0.110119
	Test cost = 1.277495,	Accuracy = 0.165049
Epoch = 3
	Train cost = 1.085370,	Accuracy = 0.366899
	Test cost = 1.268016,	Accuracy = 0.119048
	Test cost = 1.219410,	Accuracy = 0.165049
Epoch = 4
	Train cost = 1.056596,	Accuracy = 0.387456
	Test cost = 1.214408,	Accuracy = 0.139881
	Test cost = 1.213246,	Accuracy = 0.165049
Epoch = 5
	Train cost = 1.051562,	Accuracy = 0.393728
	Test cost = 1.166128,	Accuracy = 0.136905
	Test cost = 1.133228,	Accuracy = 0.165049
Epoch = 6
	Train cost = 1.031372,	Accuracy = 0.458188
	Test cost = 1.140349,	Accuracy = 0.160714
	Test cost = 1.114064,	Accuracy = 0.165049
Epoch = 7
	Train cost = 1.034842,	Accuracy = 0.456446
	Test cost = 1.145827,	Accuracy = 0.172619
	Test cost = 1.122004,	Accuracy = 0.165049
Epoch = 8
	Train cost = 1.025609,	Accuracy = 0.456446
	Test cost = 1.134931,	Accuracy = 0.163690
	Test cost = 1.110203,	Accuracy = 0.165049
Epoch = 9
	Train cost = 1.012620,	Accuracy = 0.482230
	Test cost = 1.097113,	Accuracy = 0.208333
	Test cost = 1.091794,	Accuracy = 0.165049
Epoch = 10
	Train cost = 1.007469,	Accuracy = 0.487108
	Test cost = 1.082293,	Accuracy = 0.261905
	Test cost = 1.079995,	Accuracy = 0.174757
Epoch = 11
	Train cost = 0.997203,	Accuracy = 0.509408
	Test cost = 1.098718,	Accuracy = 0.196429
	Test cost = 1.088541,	Accuracy = 0.165049
Epoch = 12
	Train cost = 0.996863,	Accuracy = 0.497909
	Test cost = 1.036158,	Accuracy = 0.333333
	Test cost = 1.080467,	Accuracy = 0.165049
Epoch = 13
	Train cost = 1.017836,	Accuracy = 0.460976
	Test cost = 1.018302,	Accuracy = 0.526786
	Test cost = 0.949362,	Accuracy = 0.728155
Epoch = 14
	Train cost = 1.015032,	Accuracy = 0.478746
	Test cost = 1.080030,	Accuracy = 0.232143
	Test cost = 1.055874,	Accuracy = 0.174757
Epoch = 15
	Train cost = 0.997354,	Accuracy = 0.491289
	Test cost = 1.118709,	Accuracy = 0.187500
	Test cost = 1.085532,	Accuracy = 0.174757
Epoch = 16
	Train cost = 0.986145,	Accuracy = 0.514983
	Test cost = 1.085618,	Accuracy = 0.229167
	Test cost = 1.059930,	Accuracy = 0.184466
Epoch = 17
	Train cost = 0.984386,	Accuracy = 0.515331
	Test cost = 1.108480,	Accuracy = 0.250000
	Test cost = 1.080212,	Accuracy = 0.174757
Epoch = 18
	Train cost = 0.977566,	Accuracy = 0.522997
	Test cost = 1.073050,	Accuracy = 0.291667
	Test cost = 1.058259,	Accuracy = 0.194175
Epoch = 19
	Train cost = 0.977255,	Accuracy = 0.520557
	Test cost = 1.104534,	Accuracy = 0.282738
	Test cost = 1.081841,	Accuracy = 0.174757
Epoch = 20
	Train cost = 0.966913,	Accuracy = 0.528223
	Test cost = 1.071634,	Accuracy = 0.312500
	Test cost = 1.049957,	Accuracy = 0.242718
Epoch = 21
	Train cost = 0.959519,	Accuracy = 0.549826
	Test cost = 1.053067,	Accuracy = 0.348214
	Test cost = 1.042814,	Accuracy = 0.262136
Epoch = 22
	Train cost = 0.954755,	Accuracy = 0.549826
	Test cost = 1.057516,	Accuracy = 0.321429
	Test cost = 1.048347,	Accuracy = 0.252427
Epoch = 23
	Train cost = 0.950638,	Accuracy = 0.556098
	Test cost = 1.053500,	Accuracy = 0.380952
	Test cost = 1.013969,	Accuracy = 0.349515
Epoch = 24
	Train cost = 0.954839,	Accuracy = 0.549129
	Test cost = 1.074711,	Accuracy = 0.345238
	Test cost = 1.172274,	Accuracy = 0.184466
Epoch = 25
	Train cost = 0.951484,	Accuracy = 0.548780
	Test cost = 1.150351,	Accuracy = 0.258929
	Test cost = 1.163302,	Accuracy = 0.194175
Epoch = 26
	Train cost = 0.946458,	Accuracy = 0.545645
	Test cost = 1.070287,	Accuracy = 0.330357
	Test cost = 1.136620,	Accuracy = 0.213592
Epoch = 27
	Train cost = 0.960558,	Accuracy = 0.528571
	Test cost = 1.141841,	Accuracy = 0.270833
	Test cost = 1.085441,	Accuracy = 0.252427
Epoch = 28
	Train cost = 0.937101,	Accuracy = 0.560627
	Test cost = 1.045954,	Accuracy = 0.440476
	Test cost = 1.005071,	Accuracy = 0.446602
Epoch = 29
	Train cost = 0.920812,	Accuracy = 0.575958
	Test cost = 1.007820,	Accuracy = 0.476190
	Test cost = 0.991089,	Accuracy = 0.446602
Epoch = 30
	Train cost = 0.909921,	Accuracy = 0.584321
	Test cost = 0.993889,	Accuracy = 0.511905
	Test cost = 1.001473,	Accuracy = 0.466019
Epoch = 31
	Train cost = 0.903378,	Accuracy = 0.588502
	Test cost = 1.014496,	Accuracy = 0.461310
	Test cost = 0.997734,	Accuracy = 0.466019
Epoch = 32
	Train cost = 0.898984,	Accuracy = 0.593728
	Test cost = 0.959921,	Accuracy = 0.541667
	Test cost = 0.958588,	Accuracy = 0.563107
Epoch = 33
	Train cost = 0.893922,	Accuracy = 0.600000
	Test cost = 1.000675,	Accuracy = 0.488095
	Test cost = 0.992217,	Accuracy = 0.485437
Epoch = 34
	Train cost = 0.893545,	Accuracy = 0.602787
	Test cost = 0.978441,	Accuracy = 0.532738
	Test cost = 0.953078,	Accuracy = 0.572816
Epoch = 35
	Train cost = 0.886285,	Accuracy = 0.604878
	Test cost = 0.991392,	Accuracy = 0.502976
	Test cost = 0.975134,	Accuracy = 0.495146
Epoch = 36
	Train cost = 0.883039,	Accuracy = 0.606969
	Test cost = 0.974205,	Accuracy = 0.517857
	Test cost = 0.997185,	Accuracy = 0.495146
Epoch = 37
	Train cost = 0.875231,	Accuracy = 0.612544
	Test cost = 1.085661,	Accuracy = 0.389881
	Test cost = 1.048462,	Accuracy = 0.378641
Epoch = 38
	Train cost = 0.873774,	Accuracy = 0.610105
	Test cost = 0.985162,	Accuracy = 0.520833
	Test cost = 0.962134,	Accuracy = 0.533981
Epoch = 39
	Train cost = 0.866617,	Accuracy = 0.616725
	Test cost = 0.950222,	Accuracy = 0.517857
	Test cost = 0.948198,	Accuracy = 0.553398
Epoch = 40
	Train cost = 0.859481,	Accuracy = 0.626132
	Test cost = 1.030928,	Accuracy = 0.476190
	Test cost = 1.029079,	Accuracy = 0.422330
Epoch = 41
	Train cost = 0.853786,	Accuracy = 0.626132
	Test cost = 0.986712,	Accuracy = 0.508929
	Test cost = 0.939838,	Accuracy = 0.582524
Epoch = 42
	Train cost = 0.855561,	Accuracy = 0.623345
	Test cost = 0.964096,	Accuracy = 0.568452
	Test cost = 0.982188,	Accuracy = 0.543689
Epoch = 43
	Train cost = 0.841787,	Accuracy = 0.636934
	Test cost = 1.002767,	Accuracy = 0.517857
	Test cost = 0.991524,	Accuracy = 0.524272
Epoch = 44
	Train cost = 0.837218,	Accuracy = 0.639024
	Test cost = 0.941433,	Accuracy = 0.568452
	Test cost = 0.949356,	Accuracy = 0.601942
Epoch = 45
	Train cost = 0.829713,	Accuracy = 0.642857
	Test cost = 0.950186,	Accuracy = 0.568452
	Test cost = 0.946402,	Accuracy = 0.601942
Epoch = 46
	Train cost = 0.824706,	Accuracy = 0.652265
	Test cost = 0.927102,	Accuracy = 0.571429
	Test cost = 0.941951,	Accuracy = 0.582524
Epoch = 47
	Train cost = 0.820206,	Accuracy = 0.655052
	Test cost = 0.936150,	Accuracy = 0.574405
	Test cost = 0.950137,	Accuracy = 0.592233
Epoch = 48
	Train cost = 0.814907,	Accuracy = 0.655052
	Test cost = 0.923293,	Accuracy = 0.577381
	Test cost = 0.967006,	Accuracy = 0.524272
Epoch = 49
	Train cost = 0.810374,	Accuracy = 0.661672
	Test cost = 0.949878,	Accuracy = 0.523810
	Test cost = 1.008040,	Accuracy = 0.407767
Epoch = 50
	Train cost = 0.802981,	Accuracy = 0.660627
	Test cost = 0.942987,	Accuracy = 0.553571
	Test cost = 0.979135,	Accuracy = 0.543689
Epoch = 51
	Train cost = 0.797333,	Accuracy = 0.666551
	Test cost = 0.918808,	Accuracy = 0.583333
	Test cost = 0.951867,	Accuracy = 0.567961
Epoch = 52
	Train cost = 0.788415,	Accuracy = 0.670383
	Test cost = 0.895119,	Accuracy = 0.583333
	Test cost = 0.955339,	Accuracy = 0.553398
Epoch = 53
	Train cost = 0.781844,	Accuracy = 0.673171
	Test cost = 0.904316,	Accuracy = 0.577381
	Test cost = 0.939377,	Accuracy = 0.582524
Epoch = 54
	Train cost = 0.774901,	Accuracy = 0.673868
	Test cost = 0.963598,	Accuracy = 0.550595
	Test cost = 0.987333,	Accuracy = 0.504854
Epoch = 55
	Train cost = 0.773314,	Accuracy = 0.680139
	Test cost = 0.939790,	Accuracy = 0.559524
	Test cost = 0.977146,	Accuracy = 0.495146
Epoch = 56
	Train cost = 0.764667,	Accuracy = 0.683972
	Test cost = 0.975259,	Accuracy = 0.556548
	Test cost = 1.057552,	Accuracy = 0.466019
Epoch = 57
	Train cost = 0.763051,	Accuracy = 0.680836
	Test cost = 0.947464,	Accuracy = 0.550595
	Test cost = 1.005043,	Accuracy = 0.475728
Epoch = 58
	Train cost = 0.752757,	Accuracy = 0.690244
	Test cost = 1.165939,	Accuracy = 0.464286
	Test cost = 1.217238,	Accuracy = 0.349515
Epoch = 59
	Train cost = 0.753606,	Accuracy = 0.679094
	Test cost = 0.963070,	Accuracy = 0.562500
	Test cost = 1.010400,	Accuracy = 0.524272
Epoch = 60
	Train cost = 0.740784,	Accuracy = 0.694077
	Test cost = 1.049927,	Accuracy = 0.508929
	Test cost = 1.057439,	Accuracy = 0.456311
Validation Dyad = 3 	Testing Dyad = 7
Majority Accuracy = 0.460137, Majority Class = 0
(2634, 300, 148) (382, 300, 148) (396, 300, 148)
Compiling function
Compilation done 1
Compilation done 2
Compilation done 3
Epoch = 1
	Train cost = 1.193444,	Accuracy = 0.373956
	Test cost = 1.060653,	Accuracy = 0.376963
	Test cost = 1.034185,	Accuracy = 0.444444
Epoch = 2
	Train cost = 1.145988,	Accuracy = 0.373956
	Test cost = 1.072932,	Accuracy = 0.376963
	Test cost = 1.030231,	Accuracy = 0.459596
Epoch = 3
	Train cost = 1.104617,	Accuracy = 0.291192
	Test cost = 1.043870,	Accuracy = 0.376963
	Test cost = 1.024580,	Accuracy = 0.459596
Epoch = 4
	Train cost = 1.071761,	Accuracy = 0.369400
	Test cost = 1.043084,	Accuracy = 0.418848
	Test cost = 1.023376,	Accuracy = 0.398990
Epoch = 5
	Train cost = 1.053215,	Accuracy = 0.401291
	Test cost = 1.040749,	Accuracy = 0.434555
	Test cost = 1.024176,	Accuracy = 0.446970
Epoch = 6
	Train cost = 1.039756,	Accuracy = 0.415718
	Test cost = 1.040475,	Accuracy = 0.439791
	Test cost = 1.024643,	Accuracy = 0.452020
Epoch = 7
	Train cost = 1.028422,	Accuracy = 0.433941
	Test cost = 1.040783,	Accuracy = 0.439791
	Test cost = 1.025642,	Accuracy = 0.452020
Epoch = 8
	Train cost = 1.019823,	Accuracy = 0.439636
	Test cost = 1.041863,	Accuracy = 0.439791
	Test cost = 1.027543,	Accuracy = 0.446970
Epoch = 9
	Train cost = 1.011485,	Accuracy = 0.443052
	Test cost = 1.042513,	Accuracy = 0.439791
	Test cost = 1.027459,	Accuracy = 0.454545
Epoch = 10
	Train cost = 1.006477,	Accuracy = 0.464313
	Test cost = 1.043816,	Accuracy = 0.439791
	Test cost = 1.025701,	Accuracy = 0.454545
Epoch = 11
	Train cost = 1.001089,	Accuracy = 0.475323
	Test cost = 1.047085,	Accuracy = 0.439791
	Test cost = 1.032083,	Accuracy = 0.454545
Epoch = 12
	Train cost = 0.989423,	Accuracy = 0.484434
	Test cost = 1.049148,	Accuracy = 0.439791
	Test cost = 1.034437,	Accuracy = 0.454545
Epoch = 13
	Train cost = 0.980838,	Accuracy = 0.493166
	Test cost = 1.066162,	Accuracy = 0.439791
	Test cost = 1.046654,	Accuracy = 0.454545
Epoch = 14
	Train cost = 0.966786,	Accuracy = 0.532650
	Test cost = 1.076111,	Accuracy = 0.439791
	Test cost = 1.052526,	Accuracy = 0.454545
Epoch = 15
	Train cost = 0.955943,	Accuracy = 0.561124
	Test cost = 1.079632,	Accuracy = 0.439791
	Test cost = 1.053237,	Accuracy = 0.454545
Epoch = 16
	Train cost = 0.948737,	Accuracy = 0.577828
	Test cost = 1.085003,	Accuracy = 0.439791
	Test cost = 1.056782,	Accuracy = 0.457071
Validation Dyad = 16 	Testing Dyad = 8
Majority Accuracy = 0.428969, Majority Class = 2
(2872, 300, 148) (204, 300, 148) (336, 300, 148)
Compiling function
Compilation done 1
Compilation done 2
Compilation done 3
Epoch = 1
	Train cost = 1.035093,	Accuracy = 0.501741
	Test cost = 1.034056,	Accuracy = 0.568627
	Test cost = 0.861726,	Accuracy = 0.744048
Epoch = 2
	Train cost = 1.068030,	Accuracy = 0.482242
	Test cost = 1.200035,	Accuracy = 0.210784
	Test cost = 1.261235,	Accuracy = 0.119048
Epoch = 3
	Train cost = 1.094589,	Accuracy = 0.411908
	Test cost = 1.323358,	Accuracy = 0.196078
	Test cost = 1.412833,	Accuracy = 0.101190
Epoch = 4
	Train cost = 1.073051,	Accuracy = 0.372563
	Test cost = 1.252677,	Accuracy = 0.220588
	Test cost = 1.279819,	Accuracy = 0.116071
Epoch = 5
	Train cost = 1.048810,	Accuracy = 0.411560
	Test cost = 1.208503,	Accuracy = 0.215686
	Test cost = 1.182423,	Accuracy = 0.125000
Epoch = 6
	Train cost = 1.031569,	Accuracy = 0.454387
	Test cost = 1.235750,	Accuracy = 0.215686
	Test cost = 1.179742,	Accuracy = 0.125000
Epoch = 7
	Train cost = 1.018646,	Accuracy = 0.465529
	Test cost = 1.219696,	Accuracy = 0.215686
	Test cost = 1.100995,	Accuracy = 0.181548
Epoch = 8
	Train cost = 1.017877,	Accuracy = 0.478064
	Test cost = 1.228695,	Accuracy = 0.200980
	Test cost = 1.130228,	Accuracy = 0.136905
Epoch = 9
	Train cost = 1.003928,	Accuracy = 0.510446
	Test cost = 1.215452,	Accuracy = 0.205882
	Test cost = 1.080219,	Accuracy = 0.166667
Epoch = 10
	Train cost = 0.992944,	Accuracy = 0.529944
	Test cost = 1.194291,	Accuracy = 0.245098
	Test cost = 1.010406,	Accuracy = 0.502976
Epoch = 11
	Train cost = 0.987653,	Accuracy = 0.536212
	Test cost = 1.222889,	Accuracy = 0.225490
	Test cost = 1.007962,	Accuracy = 0.547619
Epoch = 12
	Train cost = 0.981953,	Accuracy = 0.539345
	Test cost = 1.202526,	Accuracy = 0.220588
	Test cost = 1.036796,	Accuracy = 0.270833
Epoch = 13
	Train cost = 0.977527,	Accuracy = 0.538301
	Test cost = 1.191663,	Accuracy = 0.235294
	Test cost = 0.998096,	Accuracy = 0.568452
Epoch = 14
	Train cost = 0.971512,	Accuracy = 0.544220
	Test cost = 1.194274,	Accuracy = 0.250000
	Test cost = 0.979507,	Accuracy = 0.610119
Epoch = 15
	Train cost = 0.961900,	Accuracy = 0.554318
	Test cost = 1.170662,	Accuracy = 0.264706
	Test cost = 0.973199,	Accuracy = 0.556548
Epoch = 16
	Train cost = 0.960261,	Accuracy = 0.550836
	Test cost = 1.200803,	Accuracy = 0.250000
	Test cost = 0.986379,	Accuracy = 0.580357
Epoch = 17
	Train cost = 0.961230,	Accuracy = 0.557799
	Test cost = 1.212070,	Accuracy = 0.220588
	Test cost = 1.003283,	Accuracy = 0.494048
Epoch = 18
	Train cost = 0.954386,	Accuracy = 0.544220
	Test cost = 1.155263,	Accuracy = 0.343137
	Test cost = 0.916337,	Accuracy = 0.619048
Epoch = 19
	Train cost = 0.962928,	Accuracy = 0.537256
	Test cost = 1.209797,	Accuracy = 0.215686
	Test cost = 1.031958,	Accuracy = 0.455357
Epoch = 20
	Train cost = 0.946267,	Accuracy = 0.552925
	Test cost = 1.182570,	Accuracy = 0.254902
	Test cost = 0.950256,	Accuracy = 0.616071
Epoch = 21
	Train cost = 0.940074,	Accuracy = 0.566852
	Test cost = 1.176977,	Accuracy = 0.250000
	Test cost = 0.948651,	Accuracy = 0.619048
Epoch = 22
	Train cost = 0.934551,	Accuracy = 0.571379
	Test cost = 1.182848,	Accuracy = 0.250000
	Test cost = 0.953139,	Accuracy = 0.589286
Epoch = 23
	Train cost = 0.933368,	Accuracy = 0.566852
	Test cost = 1.184769,	Accuracy = 0.254902
	Test cost = 0.970250,	Accuracy = 0.580357
Epoch = 24
	Train cost = 0.927136,	Accuracy = 0.571031
	Test cost = 1.189856,	Accuracy = 0.245098
	Test cost = 0.942943,	Accuracy = 0.619048
Epoch = 25
	Train cost = 0.926398,	Accuracy = 0.570334
	Test cost = 1.199653,	Accuracy = 0.245098
	Test cost = 0.984049,	Accuracy = 0.559524
Epoch = 26
	Train cost = 0.920373,	Accuracy = 0.570334
	Test cost = 1.178434,	Accuracy = 0.269608
	Test cost = 0.945053,	Accuracy = 0.607143
Epoch = 27
	Train cost = 0.917119,	Accuracy = 0.572423
	Test cost = 1.184958,	Accuracy = 0.264706
	Test cost = 0.962517,	Accuracy = 0.589286
Epoch = 28
	Train cost = 0.913118,	Accuracy = 0.575905
	Test cost = 1.178296,	Accuracy = 0.279412
	Test cost = 0.950549,	Accuracy = 0.607143
Epoch = 29
	Train cost = 0.908333,	Accuracy = 0.575557
	Test cost = 1.192833,	Accuracy = 0.279412
	Test cost = 0.959394,	Accuracy = 0.592262
Epoch = 30
	Train cost = 0.905362,	Accuracy = 0.577298
	Test cost = 1.186386,	Accuracy = 0.294118
	Test cost = 0.955548,	Accuracy = 0.586310
Epoch = 31
	Train cost = 0.906386,	Accuracy = 0.583914
	Test cost = 1.190225,	Accuracy = 0.299020
	Test cost = 0.950202,	Accuracy = 0.607143
Epoch = 32
	Train cost = 0.899239,	Accuracy = 0.580084
	Test cost = 1.184385,	Accuracy = 0.308824
	Test cost = 0.950114,	Accuracy = 0.607143
Epoch = 33
	Train cost = 0.894840,	Accuracy = 0.581825
	Test cost = 1.184528,	Accuracy = 0.303922
	Test cost = 0.951789,	Accuracy = 0.610119
Epoch = 34
	Train cost = 0.891548,	Accuracy = 0.584958
	Test cost = 1.185023,	Accuracy = 0.284314
	Test cost = 0.941910,	Accuracy = 0.627976
Epoch = 35
	Train cost = 0.887128,	Accuracy = 0.585306
	Test cost = 1.199087,	Accuracy = 0.294118
	Test cost = 0.943708,	Accuracy = 0.619048
Epoch = 36
	Train cost = 0.885365,	Accuracy = 0.587744
	Test cost = 1.172065,	Accuracy = 0.338235
	Test cost = 0.909787,	Accuracy = 0.654762
Epoch = 37
	Train cost = 0.878953,	Accuracy = 0.589833
	Test cost = 1.198926,	Accuracy = 0.289216
	Test cost = 0.968635,	Accuracy = 0.601190
Epoch = 38
	Train cost = 0.878250,	Accuracy = 0.587744
	Test cost = 1.181787,	Accuracy = 0.313725
	Test cost = 0.945928,	Accuracy = 0.610119
Epoch = 39
	Train cost = 0.870398,	Accuracy = 0.595056
	Test cost = 1.202116,	Accuracy = 0.294118
	Test cost = 0.955974,	Accuracy = 0.619048
Epoch = 40
	Train cost = 0.867036,	Accuracy = 0.592270
	Test cost = 1.184391,	Accuracy = 0.294118
	Test cost = 0.956376,	Accuracy = 0.607143
Epoch = 41
	Train cost = 0.862208,	Accuracy = 0.596797
	Test cost = 1.203023,	Accuracy = 0.318627
	Test cost = 0.949336,	Accuracy = 0.616071
Epoch = 42
	Train cost = 0.856856,	Accuracy = 0.603064
	Test cost = 1.188195,	Accuracy = 0.338235
	Test cost = 0.953926,	Accuracy = 0.619048
Epoch = 43
	Train cost = 0.854910,	Accuracy = 0.605501
	Test cost = 1.207848,	Accuracy = 0.328431
	Test cost = 0.965606,	Accuracy = 0.616071
Epoch = 44
	Train cost = 0.850851,	Accuracy = 0.605850
	Test cost = 1.196703,	Accuracy = 0.352941
	Test cost = 0.971992,	Accuracy = 0.613095
Epoch = 45
	Train cost = 0.847438,	Accuracy = 0.611072
	Test cost = 1.210866,	Accuracy = 0.367647
	Test cost = 0.961205,	Accuracy = 0.613095
Epoch = 46
	Train cost = 0.842619,	Accuracy = 0.612465
	Test cost = 1.212476,	Accuracy = 0.372549
	Test cost = 0.966497,	Accuracy = 0.601190
Epoch = 47
	Train cost = 0.839711,	Accuracy = 0.616992
	Test cost = 1.204700,	Accuracy = 0.372549
	Test cost = 0.977487,	Accuracy = 0.604167
Epoch = 48
	Train cost = 0.836734,	Accuracy = 0.615599
	Test cost = 1.197333,	Accuracy = 0.382353
	Test cost = 0.988037,	Accuracy = 0.601190
Epoch = 49
	Train cost = 0.830683,	Accuracy = 0.620822
	Test cost = 1.235637,	Accuracy = 0.382353
	Test cost = 0.973180,	Accuracy = 0.604167
Epoch = 50
	Train cost = 0.832086,	Accuracy = 0.619777
	Test cost = 1.229145,	Accuracy = 0.357843
	Test cost = 1.001025,	Accuracy = 0.586310
Epoch = 51
	Train cost = 0.824987,	Accuracy = 0.624304
	Test cost = 1.238578,	Accuracy = 0.377451
	Test cost = 0.982533,	Accuracy = 0.613095
Epoch = 52
	Train cost = 0.821714,	Accuracy = 0.629178
	Test cost = 1.225262,	Accuracy = 0.352941
	Test cost = 1.003451,	Accuracy = 0.583333
Epoch = 53
	Train cost = 0.816725,	Accuracy = 0.633008
	Test cost = 1.253904,	Accuracy = 0.338235
	Test cost = 0.989562,	Accuracy = 0.586310
Epoch = 54
	Train cost = 0.810186,	Accuracy = 0.635794
	Test cost = 1.220621,	Accuracy = 0.401961
	Test cost = 0.965582,	Accuracy = 0.607143
Epoch = 55
	Train cost = 0.815029,	Accuracy = 0.627089
	Test cost = 1.254482,	Accuracy = 0.348039
	Test cost = 1.052555,	Accuracy = 0.511905
Epoch = 56
	Train cost = 0.807827,	Accuracy = 0.644150
	Test cost = 1.222883,	Accuracy = 0.455882
	Test cost = 0.973484,	Accuracy = 0.610119
Epoch = 57
	Train cost = 0.801157,	Accuracy = 0.647632
	Test cost = 1.245741,	Accuracy = 0.372549
	Test cost = 0.987458,	Accuracy = 0.595238
Epoch = 58
	Train cost = 0.796846,	Accuracy = 0.650418
	Test cost = 1.238316,	Accuracy = 0.441176
	Test cost = 0.986433,	Accuracy = 0.595238
Epoch = 59
	Train cost = 0.790491,	Accuracy = 0.653900
	Test cost = 1.258030,	Accuracy = 0.377451
	Test cost = 1.001229,	Accuracy = 0.571429
Epoch = 60
	Train cost = 0.789360,	Accuracy = 0.656337
	Test cost = 1.238416,	Accuracy = 0.450980
	Test cost = 0.962450,	Accuracy = 0.613095
Validation Dyad = 12 	Testing Dyad = 9
Majority Accuracy = 0.475323, Majority Class = 0
(2634, 300, 148) (396, 300, 148) (382, 300, 148)
Compiling function
Compilation done 1
Compilation done 2
Compilation done 3
Epoch = 1
	Train cost = 1.099408,	Accuracy = 0.416856
	Test cost = 1.043373,	Accuracy = 0.333333
	Test cost = 1.078252,	Accuracy = 0.382199
Epoch = 2
	Train cost = 1.055638,	Accuracy = 0.406606
	Test cost = 0.996044,	Accuracy = 0.555556
	Test cost = 1.069838,	Accuracy = 0.418848
Epoch = 3
	Train cost = 1.039711,	Accuracy = 0.413440
	Test cost = 1.017422,	Accuracy = 0.553030
	Test cost = 1.071301,	Accuracy = 0.418848
Epoch = 4
	Train cost = 1.019096,	Accuracy = 0.423311
	Test cost = 1.014112,	Accuracy = 0.527778
	Test cost = 1.081023,	Accuracy = 0.447644
Epoch = 5
	Train cost = 0.999699,	Accuracy = 0.455581
	Test cost = 1.004740,	Accuracy = 0.560606
	Test cost = 1.063257,	Accuracy = 0.473822
Epoch = 6
	Train cost = 0.985564,	Accuracy = 0.460137
	Test cost = 0.998627,	Accuracy = 0.563131
	Test cost = 1.068443,	Accuracy = 0.479058
Epoch = 7
	Train cost = 0.977610,	Accuracy = 0.509871
	Test cost = 0.998916,	Accuracy = 0.565657
	Test cost = 1.070673,	Accuracy = 0.479058
Epoch = 8
