nohup: ignoring input
Using gpu device 1: GeForce GTX TITAN X (CNMeM is disabled, cuDNN 5103)
/usr/local/lib/python2.7/dist-packages/theano/sandbox/cuda/__init__.py:600: UserWarning: Your cuDNN version is more recent than the one Theano officially supports. If you see any problems, try updating Theano or downgrading cuDNN to version 5.
  warnings.warn(warn)
audio b
../data_info/AMT_Batch3_results_large.csv
../data_info/AMT_Batch1_results_large.csv
../data_info/AMT_Batch2_results_large.csv
../data_info/AMT_Batch4_results_large.csv
D10S1
D10S2
D11S1
D11S2
D12S1
D12S2
D16S2
D17S1
D18S1
D3S1
D3S2
D4S1
D4S2
D5S1
D5S2
D6S1
D6S2
D7S1
D7S2
D8S1
D8S2
D9S1
D9S2
Testing Dyad = 3
RMSE of Average Prediction = 1.091906
(3030, 300, 148) (382, 300, 148)
naive
Compiling function
Compilation done 1
Compilation done 2
Epoch = 1
	Train cost = 7.113309,	Krip Loss = 0.997919,	RMSE = 3.497253
	Test cost = 5.658661,	Krip Loss = 1.004134,	RMSE = 3.051074
Epoch = 2
	Train cost = 4.604895,	Krip Loss = 0.995313,	RMSE = 2.686850
	Test cost = 3.061697,	Krip Loss = 1.004952,	RMSE = 2.028174
Epoch = 3
	Train cost = 3.562667,	Krip Loss = 0.994008,	RMSE = 2.266565
	Test cost = 2.161172,	Krip Loss = 1.008373,	RMSE = 1.518420
Epoch = 4
	Train cost = 3.573577,	Krip Loss = 1.011755,	RMSE = 2.263547
	Test cost = 2.041149,	Krip Loss = 1.006302,	RMSE = 1.438643
Epoch = 5
	Train cost = 3.557834,	Krip Loss = 1.009563,	RMSE = 2.257552
	Test cost = 2.026139,	Krip Loss = 1.005550,	RMSE = 1.428698
Epoch = 6
	Train cost = 3.517196,	Krip Loss = 1.014882,	RMSE = 2.237103
	Test cost = 2.077264,	Krip Loss = 1.003345,	RMSE = 1.465550
Epoch = 7
	Train cost = 3.549496,	Krip Loss = 1.012277,	RMSE = 2.252651
	Test cost = 1.957023,	Krip Loss = 1.002802,	RMSE = 1.381463
Epoch = 8
	Train cost = 3.468874,	Krip Loss = 0.978016,	RMSE = 2.231976
	Test cost = 1.988520,	Krip Loss = 1.001849,	RMSE = 1.404757
Epoch = 9
	Train cost = 3.489627,	Krip Loss = 0.988502,	RMSE = 2.236571
	Test cost = 2.007920,	Krip Loss = 1.000662,	RMSE = 1.419336
Epoch = 10
	Train cost = 3.425694,	Krip Loss = 0.990891,	RMSE = 2.206718
	Test cost = 1.995357,	Krip Loss = 0.999101,	RMSE = 1.411563
Epoch = 11
	Train cost = 3.486616,	Krip Loss = 0.995321,	RMSE = 2.232171
	Test cost = 1.988331,	Krip Loss = 0.998115,	RMSE = 1.407278
Epoch = 12
	Train cost = 3.403809,	Krip Loss = 0.981343,	RMSE = 2.201121
	Test cost = 1.979040,	Krip Loss = 0.996549,	RMSE = 1.401778
Epoch = 13
	Train cost = 3.404359,	Krip Loss = 0.979535,	RMSE = 2.202192
	Test cost = 1.959848,	Krip Loss = 0.994841,	RMSE = 1.389249
Epoch = 14
	Train cost = 3.412192,	Krip Loss = 0.981989,	RMSE = 2.204633
	Test cost = 1.952818,	Krip Loss = 0.993185,	RMSE = 1.385375
Epoch = 15
	Train cost = 3.421660,	Krip Loss = 0.980165,	RMSE = 2.209749
	Test cost = 1.946637,	Krip Loss = 0.991358,	RMSE = 1.382229
Epoch = 16
	Train cost = 3.470703,	Krip Loss = 0.976880,	RMSE = 2.233304
	Test cost = 1.932030,	Krip Loss = 0.988828,	RMSE = 1.373464
Epoch = 17
	Train cost = 3.467203,	Krip Loss = 0.974486,	RMSE = 2.232809
	Test cost = 1.910714,	Krip Loss = 0.987898,	RMSE = 1.358541
Epoch = 18
	Train cost = 3.350063,	Krip Loss = 0.977403,	RMSE = 2.178376
	Test cost = 1.899271,	Krip Loss = 0.985616,	RMSE = 1.351781
Epoch = 19
	Train cost = 3.385683,	Krip Loss = 0.970170,	RMSE = 2.197960
	Test cost = 1.871184,	Krip Loss = 0.984798,	RMSE = 1.331455
Epoch = 20
	Train cost = 3.433967,	Krip Loss = 0.960350,	RMSE = 2.224238
	Test cost = 1.836125,	Krip Loss = 0.983503,	RMSE = 1.305850
Epoch = 21
	Train cost = 3.372311,	Krip Loss = 0.964700,	RMSE = 2.194361
	Test cost = 1.832067,	Krip Loss = 0.981621,	RMSE = 1.304183
Epoch = 22
	Train cost = 3.382597,	Krip Loss = 0.965262,	RMSE = 2.198788
	Test cost = 1.826260,	Krip Loss = 0.979762,	RMSE = 1.301152
Epoch = 23
	Train cost = 3.406851,	Krip Loss = 0.967127,	RMSE = 2.208947
	Test cost = 1.830981,	Krip Loss = 0.975918,	RMSE = 1.307718
Epoch = 24
	Train cost = 3.356704,	Krip Loss = 0.946761,	RMSE = 2.195424
	Test cost = 1.803362,	Krip Loss = 0.971470,	RMSE = 1.289878
Epoch = 25
	Train cost = 3.402347,	Krip Loss = 0.958836,	RMSE = 2.210661
	Test cost = 1.795750,	Krip Loss = 0.954291,	RMSE = 1.297273
Epoch = 26
	Train cost = 3.427448,	Krip Loss = 0.963619,	RMSE = 2.219833
	Test cost = 1.704438,	Krip Loss = 0.962452,	RMSE = 1.218184
Epoch = 27
	Train cost = 3.342982,	Krip Loss = 0.952797,	RMSE = 2.186406
	Test cost = 1.735973,	Krip Loss = 0.949792,	RMSE = 1.253939
Epoch = 28
	Train cost = 3.447207,	Krip Loss = 0.955589,	RMSE = 2.232316
	Test cost = 1.699644,	Krip Loss = 0.956943,	RMSE = 1.218771
Epoch = 29
	Train cost = 3.369913,	Krip Loss = 0.947632,	RMSE = 2.201037
	Test cost = 1.713850,	Krip Loss = 0.949993,	RMSE = 1.236007
Epoch = 30
	Train cost = 3.313279,	Krip Loss = 0.944575,	RMSE = 2.176559
	Test cost = 1.706191,	Krip Loss = 0.956276,	RMSE = 1.224676
Epoch = 31
	Train cost = 3.418787,	Krip Loss = 0.955308,	RMSE = 2.219676
	Test cost = 1.730244,	Krip Loss = 0.940444,	RMSE = 1.256822
Epoch = 32
	Train cost = 3.254837,	Krip Loss = 0.941788,	RMSE = 2.150837
	Test cost = 1.709553,	Krip Loss = 0.945776,	RMSE = 1.235943
Epoch = 33
	Train cost = 3.406969,	Krip Loss = 0.946302,	RMSE = 2.218408
	Test cost = 1.709067,	Krip Loss = 0.936647,	RMSE = 1.242915
Epoch = 34
	Train cost = 3.251933,	Krip Loss = 0.935813,	RMSE = 2.152264
	Test cost = 1.689027,	Krip Loss = 0.937157,	RMSE = 1.226271
Epoch = 35
	Train cost = 3.226537,	Krip Loss = 0.930795,	RMSE = 2.142775
	Test cost = 1.686196,	Krip Loss = 0.940280,	RMSE = 1.221405
Epoch = 36
	Train cost = 3.381634,	Krip Loss = 0.935042,	RMSE = 2.212054
	Test cost = 1.685334,	Krip Loss = 0.935997,	RMSE = 1.224203
Epoch = 37
	Train cost = 3.234196,	Krip Loss = 0.939576,	RMSE = 2.142251
	Test cost = 1.691771,	Krip Loss = 0.931639,	RMSE = 1.232990
Epoch = 38
	Train cost = 3.231710,	Krip Loss = 0.909713,	RMSE = 2.154993
	Test cost = 1.675755,	Krip Loss = 0.941035,	RMSE = 1.212204
Epoch = 39
	Train cost = 3.357519,	Krip Loss = 0.951378,	RMSE = 2.193692
	Test cost = 1.691751,	Krip Loss = 0.942390,	RMSE = 1.224223
Epoch = 40
	Train cost = 3.230882,	Krip Loss = 0.922072,	RMSE = 2.148865
	Test cost = 1.676240,	Krip Loss = 0.936246,	RMSE = 1.216547
Epoch = 41
	Train cost = 3.354075,	Krip Loss = 0.937665,	RMSE = 2.198367
	Test cost = 1.693329,	Krip Loss = 0.938048,	RMSE = 1.229049
Epoch = 42
	Train cost = 3.423330,	Krip Loss = 0.927798,	RMSE = 2.234069
	Test cost = 1.691472,	Krip Loss = 0.936609,	RMSE = 1.228709
Epoch = 43
	Train cost = 3.132327,	Krip Loss = 0.901340,	RMSE = 2.112339
	Test cost = 1.682300,	Krip Loss = 0.933735,	RMSE = 1.223573
Epoch = 44
	Train cost = 3.267172,	Krip Loss = 0.925808,	RMSE = 2.163962
	Test cost = 1.687428,	Krip Loss = 0.934997,	RMSE = 1.226728
Epoch = 45
	Train cost = 3.201593,	Krip Loss = 0.920322,	RMSE = 2.136011
	Test cost = 1.686305,	Krip Loss = 0.937163,	RMSE = 1.224044
Epoch = 46
	Train cost = 3.167749,	Krip Loss = 0.914133,	RMSE = 2.123024
	Test cost = 1.696418,	Krip Loss = 0.924814,	RMSE = 1.242259
Epoch = 47
	Train cost = 3.265351,	Krip Loss = 0.921235,	RMSE = 2.165233
	Test cost = 1.681791,	Krip Loss = 0.927424,	RMSE = 1.228305
Epoch = 48
	Train cost = 3.056097,	Krip Loss = 0.885834,	RMSE = 2.083393
	Test cost = 1.659591,	Krip Loss = 0.935421,	RMSE = 1.203471
Epoch = 49
	Train cost = 3.306917,	Krip Loss = 0.928178,	RMSE = 2.181164
	Test cost = 1.661920,	Krip Loss = 0.930771,	RMSE = 1.209256
Epoch = 50
	Train cost = 3.088456,	Krip Loss = 0.889365,	RMSE = 2.097184
	Test cost = 1.655630,	Krip Loss = 0.939774,	RMSE = 1.196542
Epoch = 51
	Train cost = 3.269951,	Krip Loss = 0.932337,	RMSE = 2.162227
	Test cost = 1.654107,	Krip Loss = 0.935945,	RMSE = 1.198468
Epoch = 52
	Train cost = 3.214930,	Krip Loss = 0.910555,	RMSE = 2.146800
	Test cost = 1.657759,	Krip Loss = 0.945322,	RMSE = 1.193680
Epoch = 53
	Train cost = 3.324678,	Krip Loss = 0.921317,	RMSE = 2.192424
	Test cost = 1.662357,	Krip Loss = 0.937215,	RMSE = 1.204278
Epoch = 54
	Train cost = 3.316211,	Krip Loss = 0.916366,	RMSE = 2.190819
	Test cost = 1.699697,	Krip Loss = 0.929467,	RMSE = 1.241153
Epoch = 55
	Train cost = 3.276094,	Krip Loss = 0.923915,	RMSE = 2.168953
	Test cost = 1.729896,	Krip Loss = 0.915495,	RMSE = 1.276245
Epoch = 56
	Train cost = 3.276413,	Krip Loss = 0.905630,	RMSE = 2.177514
	Test cost = 1.680534,	Krip Loss = 0.909131,	RMSE = 1.242097
Epoch = 57
	Train cost = 3.242086,	Krip Loss = 0.925315,	RMSE = 2.152567
	Test cost = 1.648964,	Krip Loss = 0.925958,	RMSE = 1.202502
Epoch = 58
	Train cost = 3.244739,	Krip Loss = 0.907793,	RMSE = 2.161919
	Test cost = 1.661083,	Krip Loss = 0.930071,	RMSE = 1.209142
Epoch = 59
	Train cost = 3.071674,	Krip Loss = 0.890916,	RMSE = 2.088424
	Test cost = 1.632799,	Krip Loss = 0.932666,	RMSE = 1.183329
Epoch = 60
	Train cost = 3.200046,	Krip Loss = 0.905257,	RMSE = 2.142330
	Test cost = 1.647579,	Krip Loss = 0.929630,	RMSE = 1.198290
Testing Dyad = 4
RMSE of Average Prediction = 1.768327
(3206, 300, 148) (206, 300, 148)
naive
Compiling function
Compilation done 1
Compilation done 2
Epoch = 1
	Train cost = 7.308945,	Krip Loss = 0.998513,	RMSE = 3.552585
	Test cost = 2.919643,	Krip Loss = 1.002417,	RMSE = 1.958175
Epoch = 2
	Train cost = 4.639372,	Krip Loss = 0.996284,	RMSE = 2.699292
	Test cost = 1.846956,	Krip Loss = 0.993651,	RMSE = 1.306372
Epoch = 3
	Train cost = 3.530958,	Krip Loss = 0.995927,	RMSE = 2.251680
	Test cost = 1.823715,	Krip Loss = 0.991417,	RMSE = 1.290192
Epoch = 4
	Train cost = 3.491915,	Krip Loss = 1.012209,	RMSE = 2.226974
	Test cost = 1.834859,	Krip Loss = 0.988570,	RMSE = 1.300991
Epoch = 5
	Train cost = 3.573647,	Krip Loss = 1.013204,	RMSE = 2.262937
	Test cost = 1.830117,	Krip Loss = 0.984476,	RMSE = 1.300493
Epoch = 6
	Train cost = 3.328943,	Krip Loss = 0.972562,	RMSE = 2.170890
	Test cost = 1.827595,	Krip Loss = 0.983094,	RMSE = 1.299616
Epoch = 7
	Train cost = 3.619691,	Krip Loss = 1.006416,	RMSE = 2.286165
	Test cost = 1.811164,	Krip Loss = 0.976507,	RMSE = 1.292019
Epoch = 8
	Train cost = 3.441973,	Krip Loss = 0.980674,	RMSE = 2.218693
	Test cost = 1.810919,	Krip Loss = 0.974440,	RMSE = 1.293429
Epoch = 9
	Train cost = 3.619803,	Krip Loss = 1.001937,	RMSE = 2.288172
	Test cost = 1.800236,	Krip Loss = 0.971550,	RMSE = 1.287390
Epoch = 10
	Train cost = 3.399272,	Krip Loss = 0.986664,	RMSE = 2.196637
	Test cost = 1.797866,	Krip Loss = 0.968379,	RMSE = 1.288012
Epoch = 11
	Train cost = 3.525662,	Krip Loss = 0.979601,	RMSE = 2.256573
	Test cost = 1.798596,	Krip Loss = 0.965938,	RMSE = 1.290471
Epoch = 12
	Train cost = 3.483693,	Krip Loss = 0.987131,	RMSE = 2.234530
	Test cost = 1.783314,	Krip Loss = 0.960782,	RMSE = 1.282601
Epoch = 13
	Train cost = 3.551861,	Krip Loss = 1.001377,	RMSE = 2.258532
	Test cost = 1.755956,	Krip Loss = 0.951961,	RMSE = 1.268065
Epoch = 14
	Train cost = 3.361071,	Krip Loss = 0.982456,	RMSE = 2.181107
	Test cost = 1.755894,	Krip Loss = 0.945252,	RMSE = 1.273296
Epoch = 15
	Train cost = 3.332365,	Krip Loss = 0.963445,	RMSE = 2.176658
	Test cost = 1.739183,	Krip Loss = 0.933565,	RMSE = 1.269345
Epoch = 16
	Train cost = 3.429487,	Krip Loss = 0.992872,	RMSE = 2.207539
	Test cost = 1.722647,	Krip Loss = 0.924213,	RMSE = 1.263672
Epoch = 17
	Train cost = 3.394953,	Krip Loss = 0.972995,	RMSE = 2.200890
	Test cost = 1.736362,	Krip Loss = 0.923098,	RMSE = 1.275354
Epoch = 18
	Train cost = 3.455173,	Krip Loss = 0.973706,	RMSE = 2.227764
	Test cost = 1.711449,	Krip Loss = 0.912110,	RMSE = 1.264389
Epoch = 19
	Train cost = 3.472473,	Krip Loss = 0.980822,	RMSE = 2.232331
	Test cost = 1.638229,	Krip Loss = 0.886722,	RMSE = 1.225975
Epoch = 20
	Train cost = 3.441838,	Krip Loss = 0.960208,	RMSE = 2.227838
	Test cost = 1.703592,	Krip Loss = 0.886903,	RMSE = 1.278036
Epoch = 21
	Train cost = 3.468297,	Krip Loss = 0.977216,	RMSE = 2.232076
	Test cost = 1.640364,	Krip Loss = 0.872843,	RMSE = 1.238968
Epoch = 22
	Train cost = 3.527347,	Krip Loss = 0.981108,	RMSE = 2.256652
	Test cost = 1.640846,	Krip Loss = 0.865773,	RMSE = 1.245048
Epoch = 23
	Train cost = 3.469543,	Krip Loss = 0.980898,	RMSE = 2.230984
	Test cost = 1.562889,	Krip Loss = 0.848541,	RMSE = 1.195280
Epoch = 24
	Train cost = 3.361631,	Krip Loss = 0.944651,	RMSE = 2.198627
	Test cost = 1.615722,	Krip Loss = 0.837475,	RMSE = 1.247595
Epoch = 25
	Train cost = 3.553831,	Krip Loss = 0.973697,	RMSE = 2.271623
	Test cost = 1.506592,	Krip Loss = 0.821537,	RMSE = 1.170517
Epoch = 26
	Train cost = 3.349248,	Krip Loss = 0.977260,	RMSE = 2.178067
	Test cost = 1.578002,	Krip Loss = 0.813649,	RMSE = 1.236409
Epoch = 27
	Train cost = 3.478284,	Krip Loss = 0.952133,	RMSE = 2.247733
	Test cost = 1.597560,	Krip Loss = 0.829830,	RMSE = 1.239137
Epoch = 28
	Train cost = 3.354892,	Krip Loss = 0.952620,	RMSE = 2.191927
	Test cost = 1.565655,	Krip Loss = 0.805710,	RMSE = 1.232839
Epoch = 29
	Train cost = 3.394169,	Krip Loss = 0.956992,	RMSE = 2.207794
	Test cost = 1.525334,	Krip Loss = 0.812288,	RMSE = 1.194191
Epoch = 30
	Train cost = 3.354135,	Krip Loss = 0.954109,	RMSE = 2.190902
	Test cost = 1.582336,	Krip Loss = 0.802119,	RMSE = 1.249173
Epoch = 31
	Train cost = 3.335249,	Krip Loss = 0.943508,	RMSE = 2.187117
	Test cost = 1.508773,	Krip Loss = 0.798563,	RMSE = 1.191814
Epoch = 32
	Train cost = 3.434626,	Krip Loss = 0.964322,	RMSE = 2.222748
	Test cost = 1.538674,	Krip Loss = 0.779188,	RMSE = 1.232465
Epoch = 33
	Train cost = 3.441074,	Krip Loss = 0.956296,	RMSE = 2.229250
	Test cost = 1.539958,	Krip Loss = 0.793141,	RMSE = 1.222143
Epoch = 34
	Train cost = 3.295126,	Krip Loss = 0.952790,	RMSE = 2.164410
	Test cost = 1.531223,	Krip Loss = 0.772759,	RMSE = 1.231636
Epoch = 35
	Train cost = 3.332057,	Krip Loss = 0.952749,	RMSE = 2.181425
	Test cost = 1.472148,	Krip Loss = 0.779948,	RMSE = 1.176606
Epoch = 36
	Train cost = 3.318790,	Krip Loss = 0.954080,	RMSE = 2.174723
	Test cost = 1.559828,	Krip Loss = 0.778137,	RMSE = 1.250352
Epoch = 37
	Train cost = 3.383742,	Krip Loss = 0.941334,	RMSE = 2.210162
	Test cost = 1.567303,	Krip Loss = 0.781252,	RMSE = 1.253835
Epoch = 38
	Train cost = 3.347934,	Krip Loss = 0.943006,	RMSE = 2.193138
	Test cost = 1.518066,	Krip Loss = 0.776268,	RMSE = 1.218029
Epoch = 39
	Train cost = 3.333328,	Krip Loss = 0.939205,	RMSE = 2.188206
	Test cost = 1.483847,	Krip Loss = 0.765089,	RMSE = 1.198964
Epoch = 40
	Train cost = 3.304878,	Krip Loss = 0.948748,	RMSE = 2.170774
	Test cost = 1.471188,	Krip Loss = 0.767174,	RMSE = 1.186604
Epoch = 41
	Train cost = 3.312031,	Krip Loss = 0.963386,	RMSE = 2.167323
	Test cost = 1.408573,	Krip Loss = 0.718802,	RMSE = 1.174540
Epoch = 42
	Train cost = 3.327920,	Krip Loss = 0.961760,	RMSE = 2.175390
	Test cost = 1.468175,	Krip Loss = 0.759246,	RMSE = 1.190739
Epoch = 43
	Train cost = 3.476298,	Krip Loss = 0.951861,	RMSE = 2.246970
	Test cost = 1.437596,	Krip Loss = 0.722949,	RMSE = 1.195531
Epoch = 44
	Train cost = 3.306572,	Krip Loss = 0.947161,	RMSE = 2.172285
	Test cost = 1.465916,	Krip Loss = 0.747906,	RMSE = 1.198341
Epoch = 45
	Train cost = 3.419399,	Krip Loss = 0.942060,	RMSE = 2.225910
	Test cost = 1.441910,	Krip Loss = 0.722088,	RMSE = 1.199852
Epoch = 46
	Train cost = 3.348354,	Krip Loss = 0.941141,	RMSE = 2.194180
	Test cost = 1.459763,	Krip Loss = 0.745586,	RMSE = 1.195138
Epoch = 47
	Train cost = 3.355320,	Krip Loss = 0.947617,	RMSE = 2.194403
	Test cost = 1.401331,	Krip Loss = 0.702157,	RMSE = 1.182517
Epoch = 48
	Train cost = 3.365862,	Krip Loss = 0.947749,	RMSE = 2.199142
	Test cost = 1.434296,	Krip Loss = 0.727163,	RMSE = 1.189230
Epoch = 49
	Train cost = 3.454446,	Krip Loss = 0.954493,	RMSE = 2.236047
	Test cost = 1.410609,	Krip Loss = 0.706488,	RMSE = 1.186694
Epoch = 50
	Train cost = 3.417882,	Krip Loss = 0.945764,	RMSE = 2.223564
	Test cost = 1.427704,	Krip Loss = 0.724081,	RMSE = 1.186274
Epoch = 51
	Train cost = 3.207388,	Krip Loss = 0.921084,	RMSE = 2.138366
	Test cost = 1.326703,	Krip Loss = 0.662819,	RMSE = 1.152288
Epoch = 52
	Train cost = 3.291221,	Krip Loss = 0.931016,	RMSE = 2.172650
	Test cost = 1.389839,	Krip Loss = 0.696286,	RMSE = 1.177755
Epoch = 53
	Train cost = 3.421000,	Krip Loss = 0.950742,	RMSE = 2.222727
	Test cost = 1.320982,	Krip Loss = 0.663440,	RMSE = 1.146771
Epoch = 54
	Train cost = 3.337276,	Krip Loss = 0.942703,	RMSE = 2.188412
	Test cost = 1.269933,	Krip Loss = 0.633747,	RMSE = 1.127995
Epoch = 55
	Train cost = 3.277736,	Krip Loss = 0.914896,	RMSE = 2.173863
	Test cost = 1.347325,	Krip Loss = 0.668640,	RMSE = 1.165062
Epoch = 56
	Train cost = 3.387257,	Krip Loss = 0.927274,	RMSE = 2.218099
	Test cost = 1.333177,	Krip Loss = 0.661037,	RMSE = 1.159430
Epoch = 57
	Train cost = 3.358229,	Krip Loss = 0.940803,	RMSE = 2.198830
	Test cost = 1.286248,	Krip Loss = 0.635053,	RMSE = 1.141223
Epoch = 58
	Train cost = 3.395718,	Krip Loss = 0.943333,	RMSE = 2.214672
	Test cost = 1.287559,	Krip Loss = 0.634119,	RMSE = 1.143189
Epoch = 59
	Train cost = 3.345817,	Krip Loss = 0.937487,	RMSE = 2.194689
	Test cost = 1.246745,	Krip Loss = 0.616542,	RMSE = 1.122679
Epoch = 60
	Train cost = 3.313913,	Krip Loss = 0.933870,	RMSE = 2.181762
	Test cost = 1.262377,	Krip Loss = 0.617244,	RMSE = 1.135899
Testing Dyad = 7
RMSE of Average Prediction = 1.252923
(3016, 300, 148) (396, 300, 148)
naive
Compiling function
Compilation done 1
Compilation done 2
Epoch = 1
	Train cost = 6.894440,	Krip Loss = 0.999654,	RMSE = 3.433594
	Test cost = 6.986286,	Krip Loss = 0.997845,	RMSE = 3.460763
Epoch = 2
	Train cost = 4.351622,	Krip Loss = 0.999126,	RMSE = 2.589400
	Test cost = 3.890027,	Krip Loss = 0.997094,	RMSE = 2.405383
Epoch = 3
	Train cost = 3.529881,	Krip Loss = 1.002356,	RMSE = 2.248344
	Test cost = 2.810639,	Krip Loss = 0.996850,	RMSE = 1.904620
Epoch = 4
	Train cost = 3.375523,	Krip Loss = 1.003363,	RMSE = 2.178146
	Test cost = 2.598546,	Krip Loss = 0.994198,	RMSE = 1.791283
Epoch = 5
	Train cost = 3.435834,	Krip Loss = 0.982069,	RMSE = 2.215295
	Test cost = 2.598539,	Krip Loss = 0.994080,	RMSE = 1.791345
Epoch = 6
	Train cost = 3.613614,	Krip Loss = 1.021652,	RMSE = 2.276823
	Test cost = 2.642901,	Krip Loss = 0.994581,	RMSE = 1.815665
Epoch = 7
	Train cost = 3.358474,	Krip Loss = 0.977462,	RMSE = 2.182207
	Test cost = 2.732011,	Krip Loss = 0.996733,	RMSE = 1.862943
Epoch = 8
	Train cost = 3.426252,	Krip Loss = 1.000825,	RMSE = 2.202465
	Test cost = 2.482036,	Krip Loss = 0.993404,	RMSE = 1.725475
Epoch = 9
	Train cost = 3.490983,	Krip Loss = 1.006782,	RMSE = 2.228991
	Test cost = 2.603689,	Krip Loss = 0.993042,	RMSE = 1.794797
Epoch = 10
	Train cost = 3.406395,	Krip Loss = 1.008749,	RMSE = 2.189816
	Test cost = 2.754383,	Krip Loss = 0.996248,	RMSE = 1.875172
Epoch = 11
	Train cost = 3.481137,	Krip Loss = 1.005910,	RMSE = 2.224961
	Test cost = 2.447599,	Krip Loss = 0.992494,	RMSE = 1.705934
Epoch = 12
	Train cost = 3.466921,	Krip Loss = 1.001635,	RMSE = 2.220489
	Test cost = 2.556243,	Krip Loss = 0.992117,	RMSE = 1.768687
Epoch = 13
	Train cost = 3.457005,	Krip Loss = 1.019024,	RMSE = 2.208158
	Test cost = 2.630923,	Krip Loss = 0.994383,	RMSE = 1.809165
Epoch = 14
	Train cost = 3.428692,	Krip Loss = 0.993375,	RMSE = 2.206951
	Test cost = 2.494458,	Krip Loss = 0.991251,	RMSE = 1.733902
Epoch = 15
	Train cost = 3.438587,	Krip Loss = 0.976728,	RMSE = 2.218945
	Test cost = 2.542341,	Krip Loss = 0.990957,	RMSE = 1.761467
Epoch = 16
	Train cost = 3.458923,	Krip Loss = 0.993846,	RMSE = 2.220395
	Test cost = 2.551728,	Krip Loss = 0.992985,	RMSE = 1.765640
Epoch = 17
	Train cost = 3.393501,	Krip Loss = 0.988324,	RMSE = 2.193252
	Test cost = 2.485241,	Krip Loss = 0.989246,	RMSE = 1.729737
Epoch = 18
	Train cost = 3.410979,	Krip Loss = 0.988512,	RMSE = 2.201121
	Test cost = 2.440769,	Krip Loss = 0.989776,	RMSE = 1.703522
Epoch = 19
	Train cost = 3.316985,	Krip Loss = 0.962761,	RMSE = 2.169896
	Test cost = 2.513678,	Krip Loss = 0.992928,	RMSE = 1.743990
Epoch = 20
	Train cost = 3.323136,	Krip Loss = 0.962856,	RMSE = 2.172685
	Test cost = 2.344920,	Krip Loss = 0.988042,	RMSE = 1.647348
Epoch = 21
	Train cost = 3.307386,	Krip Loss = 0.957567,	RMSE = 2.167865
	Test cost = 2.331253,	Krip Loss = 0.990179,	RMSE = 1.637727
Epoch = 22
	Train cost = 3.397699,	Krip Loss = 0.985846,	RMSE = 2.196294
	Test cost = 2.335301,	Krip Loss = 0.988343,	RMSE = 1.641315
Epoch = 23
	Train cost = 3.207469,	Krip Loss = 0.951970,	RMSE = 2.123911
	Test cost = 2.402053,	Krip Loss = 0.991802,	RMSE = 1.679435
Epoch = 24
	Train cost = 3.301301,	Krip Loss = 0.955174,	RMSE = 2.166161
	Test cost = 2.205100,	Krip Loss = 0.986893,	RMSE = 1.560901
Epoch = 25
	Train cost = 3.339205,	Krip Loss = 0.960100,	RMSE = 2.181332
	Test cost = 2.263164,	Krip Loss = 0.989629,	RMSE = 1.595954
Epoch = 26
	Train cost = 3.210241,	Krip Loss = 0.940364,	RMSE = 2.130670
	Test cost = 2.208885,	Krip Loss = 0.987214,	RMSE = 1.563120
Epoch = 27
	Train cost = 3.228512,	Krip Loss = 0.948264,	RMSE = 2.135532
	Test cost = 2.376950,	Krip Loss = 0.991164,	RMSE = 1.664804
Epoch = 28
	Train cost = 3.360260,	Krip Loss = 0.958527,	RMSE = 2.191681
	Test cost = 2.149865,	Krip Loss = 0.985851,	RMSE = 1.525788
Epoch = 29
	Train cost = 3.213455,	Krip Loss = 0.930518,	RMSE = 2.136791
	Test cost = 2.287936,	Krip Loss = 0.989961,	RMSE = 1.611195
Epoch = 30
	Train cost = 3.385080,	Krip Loss = 0.944829,	RMSE = 2.209186
	Test cost = 2.125927,	Krip Loss = 0.985537,	RMSE = 1.510225
Epoch = 31
	Train cost = 3.318512,	Krip Loss = 0.964437,	RMSE = 2.169827
	Test cost = 2.283472,	Krip Loss = 0.989764,	RMSE = 1.608545
Epoch = 32
	Train cost = 3.327685,	Krip Loss = 0.947418,	RMSE = 2.181865
	Test cost = 2.086885,	Krip Loss = 0.984986,	RMSE = 1.484520
Epoch = 33
	Train cost = 3.487371,	Krip Loss = 0.984261,	RMSE = 2.237458
	Test cost = 2.258062,	Krip Loss = 0.989359,	RMSE = 1.592924
Epoch = 34
	Train cost = 3.386493,	Krip Loss = 0.952670,	RMSE = 2.206274
	Test cost = 2.058178,	Krip Loss = 0.984648,	RMSE = 1.465285
Epoch = 35
	Train cost = 3.176952,	Krip Loss = 0.914797,	RMSE = 2.127043
	Test cost = 2.173123,	Krip Loss = 0.988392,	RMSE = 1.539306
Epoch = 36
	Train cost = 3.305823,	Krip Loss = 0.956253,	RMSE = 2.167750
	Test cost = 2.028882,	Krip Loss = 0.984298,	RMSE = 1.445395
Epoch = 37
	Train cost = 3.278260,	Krip Loss = 0.947403,	RMSE = 2.159100
	Test cost = 2.183847,	Krip Loss = 0.988304,	RMSE = 1.546314
Epoch = 38
	Train cost = 3.410833,	Krip Loss = 0.946605,	RMSE = 2.220012
	Test cost = 2.018989,	Krip Loss = 0.983858,	RMSE = 1.438841
Epoch = 39
	Train cost = 3.268787,	Krip Loss = 0.961769,	RMSE = 2.148031
	Test cost = 2.162439,	Krip Loss = 0.987766,	RMSE = 1.532757
Epoch = 40
	Train cost = 3.269689,	Krip Loss = 0.947176,	RMSE = 2.155232
	Test cost = 1.996953,	Krip Loss = 0.983351,	RMSE = 1.423799
Epoch = 41
	Train cost = 3.259926,	Krip Loss = 0.933989,	RMSE = 2.156821
	Test cost = 2.117529,	Krip Loss = 0.986660,	RMSE = 1.503908
Epoch = 42
	Train cost = 3.339410,	Krip Loss = 0.952704,	RMSE = 2.184814
	Test cost = 1.999751,	Krip Loss = 0.982868,	RMSE = 1.426102
Epoch = 43
	Train cost = 3.192510,	Krip Loss = 0.934331,	RMSE = 2.125172
	Test cost = 2.122913,	Krip Loss = 0.986722,	RMSE = 1.507442
Epoch = 44
	Train cost = 3.281736,	Krip Loss = 0.941703,	RMSE = 2.163346
	Test cost = 1.963644,	Krip Loss = 0.981853,	RMSE = 1.401279
Epoch = 45
	Train cost = 3.204097,	Krip Loss = 0.940439,	RMSE = 2.127749
	Test cost = 2.112483,	Krip Loss = 0.986366,	RMSE = 1.500744
Epoch = 46
	Train cost = 3.304105,	Krip Loss = 0.937724,	RMSE = 2.175491
	Test cost = 1.988436,	Krip Loss = 0.981879,	RMSE = 1.418843
Epoch = 47
	Train cost = 3.258448,	Krip Loss = 0.918194,	RMSE = 2.163448
	Test cost = 2.080614,	Krip Loss = 0.985822,	RMSE = 1.479724
Epoch = 48
	Train cost = 3.318033,	Krip Loss = 0.931364,	RMSE = 2.184797
	Test cost = 1.969735,	Krip Loss = 0.981648,	RMSE = 1.405764
Epoch = 49
	Train cost = 3.170294,	Krip Loss = 0.929344,	RMSE = 2.117050
	Test cost = 2.062582,	Krip Loss = 0.984792,	RMSE = 1.468189
Epoch = 50
	Train cost = 3.376333,	Krip Loss = 0.924039,	RMSE = 2.214630
	Test cost = 1.993819,	Krip Loss = 0.981210,	RMSE = 1.423101
Epoch = 51
	Train cost = 3.191835,	Krip Loss = 0.918525,	RMSE = 2.132281
	Test cost = 2.045971,	Krip Loss = 0.984491,	RMSE = 1.457038
Epoch = 52
	Train cost = 3.225767,	Krip Loss = 0.924219,	RMSE = 2.145482
	Test cost = 1.967172,	Krip Loss = 0.980716,	RMSE = 1.404604
Epoch = 53
	Train cost = 3.211117,	Krip Loss = 0.927315,	RMSE = 2.137195
	Test cost = 2.060417,	Krip Loss = 0.984309,	RMSE = 1.467043
Epoch = 54
	Train cost = 3.282572,	Krip Loss = 0.943466,	RMSE = 2.162917
	Test cost = 1.977158,	Krip Loss = 0.980478,	RMSE = 1.411864
Epoch = 55
	Train cost = 3.085321,	Krip Loss = 0.906018,	RMSE = 2.087727
	Test cost = 2.026137,	Krip Loss = 0.982929,	RMSE = 1.444443
Epoch = 56
	Train cost = 3.212490,	Krip Loss = 0.924954,	RMSE = 2.138942
	Test cost = 1.995210,	Krip Loss = 0.980312,	RMSE = 1.424709
Epoch = 57
	Train cost = 3.341614,	Krip Loss = 0.948144,	RMSE = 2.187908
	Test cost = 2.064507,	Krip Loss = 0.982878,	RMSE = 1.470801
Epoch = 58
	Train cost = 3.281884,	Krip Loss = 0.931233,	RMSE = 2.168248
	Test cost = 2.021856,	Krip Loss = 0.980425,	RMSE = 1.443212
Epoch = 59
	Train cost = 3.147962,	Krip Loss = 0.917870,	RMSE = 2.111915
	Test cost = 2.056991,	Krip Loss = 0.981810,	RMSE = 1.466411
Epoch = 60
	Train cost = 3.206886,	Krip Loss = 0.915895,	RMSE = 2.140556
	Test cost = 2.015546,	Krip Loss = 0.980660,	RMSE = 1.438670
Testing Dyad = 8
RMSE of Average Prediction = 1.482276
(3076, 300, 148) (336, 300, 148)
naive
Compiling function
Compilation done 1
Compilation done 2
Epoch = 1
	Train cost = 7.513514,	Krip Loss = 1.000671,	RMSE = 3.609112
	Test cost = 2.931035,	Krip Loss = 0.997144,	RMSE = 1.966668
Epoch = 2
	Train cost = 4.745581,	Krip Loss = 0.997244,	RMSE = 2.738005
	Test cost = 1.636435,	Krip Loss = 0.988963,	RMSE = 1.137956
Epoch = 3
	Train cost = 3.718570,	Krip Loss = 0.999061,	RMSE = 2.332170
	Test cost = 1.455669,	Krip Loss = 0.984738,	RMSE = 0.970495
Epoch = 4
	Train cost = 3.578730,	Krip Loss = 1.001318,	RMSE = 2.270424
	Test cost = 1.489159,	Krip Loss = 0.988748,	RMSE = 1.000411
Epoch = 5
	Train cost = 3.569084,	Krip Loss = 1.002806,	RMSE = 2.265515
	Test cost = 1.480890,	Krip Loss = 0.987749,	RMSE = 0.993117
Epoch = 6
	Train cost = 3.638563,	Krip Loss = 0.987575,	RMSE = 2.302602
	Test cost = 1.480606,	Krip Loss = 0.986740,	RMSE = 0.993847
Epoch = 7
	Train cost = 3.594792,	Krip Loss = 0.991693,	RMSE = 2.281709
	Test cost = 1.479516,	Krip Loss = 0.985210,	RMSE = 0.994289
Epoch = 8
	Train cost = 3.578522,	Krip Loss = 0.994127,	RMSE = 2.273497
	Test cost = 1.480654,	Krip Loss = 0.983568,	RMSE = 0.997081
Epoch = 9
	Train cost = 3.435196,	Krip Loss = 0.964355,	RMSE = 2.222990
	Test cost = 1.475521,	Krip Loss = 0.981282,	RMSE = 0.994222
Epoch = 10
	Train cost = 3.484220,	Krip Loss = 0.993678,	RMSE = 2.231835
	Test cost = 1.473466,	Krip Loss = 0.979636,	RMSE = 0.993811
Epoch = 11
	Train cost = 3.701028,	Krip Loss = 0.978874,	RMSE = 2.333304
	Test cost = 1.476565,	Krip Loss = 0.978125,	RMSE = 0.998439
Epoch = 12
	Train cost = 3.493930,	Krip Loss = 1.003035,	RMSE = 2.231992
	Test cost = 1.472396,	Krip Loss = 0.975625,	RMSE = 0.996766
Epoch = 13
	Train cost = 3.439290,	Krip Loss = 0.989923,	RMSE = 2.213309
	Test cost = 1.467708,	Krip Loss = 0.972939,	RMSE = 0.994755
Epoch = 14
	Train cost = 3.536036,	Krip Loss = 1.003138,	RMSE = 2.250732
	Test cost = 1.462722,	Krip Loss = 0.969812,	RMSE = 0.992884
Epoch = 15
	Train cost = 3.481829,	Krip Loss = 0.978569,	RMSE = 2.237525
	Test cost = 1.460964,	Krip Loss = 0.966520,	RMSE = 0.994429
Epoch = 16
	Train cost = 3.647008,	Krip Loss = 1.002690,	RMSE = 2.299704
	Test cost = 1.458422,	Krip Loss = 0.961649,	RMSE = 0.996768
Epoch = 17
	Train cost = 3.461168,	Krip Loss = 0.989478,	RMSE = 2.223371
	Test cost = 1.453030,	Krip Loss = 0.955423,	RMSE = 0.997604
Epoch = 18
	Train cost = 3.500632,	Krip Loss = 0.984100,	RMSE = 2.243449
	Test cost = 1.450374,	Krip Loss = 0.950212,	RMSE = 1.000162
Epoch = 19
	Train cost = 3.477030,	Krip Loss = 0.966430,	RMSE = 2.240803
	Test cost = 1.459723,	Krip Loss = 0.947937,	RMSE = 1.011717
Epoch = 20
	Train cost = 3.383146,	Krip Loss = 0.946028,	RMSE = 2.207767
	Test cost = 1.470005,	Krip Loss = 0.951315,	RMSE = 1.018519
Epoch = 21
	Train cost = 3.456995,	Krip Loss = 0.949967,	RMSE = 2.239209
	Test cost = 1.515180,	Krip Loss = 0.968151,	RMSE = 1.045972
Epoch = 22
	Train cost = 3.441061,	Krip Loss = 0.955385,	RMSE = 2.229653
	Test cost = 1.523960,	Krip Loss = 0.947143,	RMSE = 1.074073
Epoch = 23
	Train cost = 3.356293,	Krip Loss = 0.942102,	RMSE = 2.197358
	Test cost = 1.495883,	Krip Loss = 0.962035,	RMSE = 1.033294
Epoch = 24
	Train cost = 3.485198,	Krip Loss = 0.959827,	RMSE = 2.247386
	Test cost = 1.506558,	Krip Loss = 0.938637,	RMSE = 1.065759
Epoch = 25
	Train cost = 3.515291,	Krip Loss = 0.973052,	RMSE = 2.254879
	Test cost = 1.518931,	Krip Loss = 0.963058,	RMSE = 1.054394
Epoch = 26
	Train cost = 3.346589,	Krip Loss = 0.946812,	RMSE = 2.190789
	Test cost = 1.514140,	Krip Loss = 0.934152,	RMSE = 1.077022
Epoch = 27
	Train cost = 3.266027,	Krip Loss = 0.942120,	RMSE = 2.155879
	Test cost = 1.575311,	Krip Loss = 0.965185,	RMSE = 1.104650
Epoch = 28
	Train cost = 3.551621,	Krip Loss = 0.970492,	RMSE = 2.272060
	Test cost = 1.530458,	Krip Loss = 0.951267,	RMSE = 1.076282
Epoch = 29
	Train cost = 3.426559,	Krip Loss = 0.932313,	RMSE = 2.233493
	Test cost = 1.533590,	Krip Loss = 0.927235,	RMSE = 1.101231
Epoch = 30
	Train cost = 3.430776,	Krip Loss = 0.956881,	RMSE = 2.224362
	Test cost = 1.538840,	Krip Loss = 0.957094,	RMSE = 1.078653
Epoch = 31
	Train cost = 3.484385,	Krip Loss = 0.947187,	RMSE = 2.252642
	Test cost = 1.500561,	Krip Loss = 0.920618,	RMSE = 1.076980
Epoch = 32
	Train cost = 3.529479,	Krip Loss = 0.941164,	RMSE = 2.275221
	Test cost = 1.576116,	Krip Loss = 0.959079,	RMSE = 1.110889
Epoch = 33
	Train cost = 3.556470,	Krip Loss = 0.957855,	RMSE = 2.279743
	Test cost = 1.551540,	Krip Loss = 0.947419,	RMSE = 1.099200
Epoch = 34
	Train cost = 3.338611,	Krip Loss = 0.935975,	RMSE = 2.192093
	Test cost = 1.520257,	Krip Loss = 0.915328,	RMSE = 1.099935
Epoch = 35
	Train cost = 3.477029,	Krip Loss = 0.951710,	RMSE = 2.247362
	Test cost = 1.547712,	Krip Loss = 0.949968,	RMSE = 1.093384
Epoch = 36
	Train cost = 3.445818,	Krip Loss = 0.945739,	RMSE = 2.236103
	Test cost = 1.523591,	Krip Loss = 0.918517,	RMSE = 1.100067
Epoch = 37
	Train cost = 3.610780,	Krip Loss = 0.954435,	RMSE = 2.304928
	Test cost = 1.510453,	Krip Loss = 0.935109,	RMSE = 1.072701
Epoch = 38
	Train cost = 3.523845,	Krip Loss = 0.943637,	RMSE = 2.271655
	Test cost = 1.485366,	Krip Loss = 0.909499,	RMSE = 1.073188
Epoch = 39
	Train cost = 3.540195,	Krip Loss = 0.950628,	RMSE = 2.275771
	Test cost = 1.543230,	Krip Loss = 0.941651,	RMSE = 1.096885
Epoch = 40
	Train cost = 3.392557,	Krip Loss = 0.941814,	RMSE = 2.213930
	Test cost = 1.512317,	Krip Loss = 0.913620,	RMSE = 1.094255
Epoch = 41
	Train cost = 3.376183,	Krip Loss = 0.928310,	RMSE = 2.212633
	Test cost = 1.481470,	Krip Loss = 0.910632,	RMSE = 1.068492
Epoch = 42
	Train cost = 3.444069,	Krip Loss = 0.958329,	RMSE = 2.229682
	Test cost = 1.452601,	Krip Loss = 0.898206,	RMSE = 1.052990
Epoch = 43
	Train cost = 3.397988,	Krip Loss = 0.944582,	RMSE = 2.215132
	Test cost = 1.518444,	Krip Loss = 0.933741,	RMSE = 1.081391
Epoch = 44
	Train cost = 3.486943,	Krip Loss = 0.956961,	RMSE = 2.249436
	Test cost = 1.490786,	Krip Loss = 0.905268,	RMSE = 1.082144
Epoch = 45
	Train cost = 3.413738,	Krip Loss = 0.951504,	RMSE = 2.219114
	Test cost = 1.487896,	Krip Loss = 0.915800,	RMSE = 1.069670
Epoch = 46
	Train cost = 3.478926,	Krip Loss = 0.947963,	RMSE = 2.249873
	Test cost = 1.473784,	Krip Loss = 0.895757,	RMSE = 1.075200
Epoch = 47
	Train cost = 3.397766,	Krip Loss = 0.956727,	RMSE = 2.209543
	Test cost = 1.505225,	Krip Loss = 0.921575,	RMSE = 1.080417
Epoch = 48
	Train cost = 3.461359,	Krip Loss = 0.946393,	RMSE = 2.242751
	Test cost = 1.492442,	Krip Loss = 0.899417,	RMSE = 1.089059
Epoch = 49
	Train cost = 3.472088,	Krip Loss = 0.946933,	RMSE = 2.247289
	Test cost = 1.506153,	Krip Loss = 0.915776,	RMSE = 1.086625
Epoch = 50
	Train cost = 3.706290,	Krip Loss = 0.965958,	RMSE = 2.341082
	Test cost = 1.486903,	Krip Loss = 0.896235,	RMSE = 1.086893
Epoch = 51
	Train cost = 3.356812,	Krip Loss = 0.935428,	RMSE = 2.200629
	Test cost = 1.505866,	Krip Loss = 0.913636,	RMSE = 1.088329
Epoch = 52
	Train cost = 3.353782,	Krip Loss = 0.914235,	RMSE = 2.208867
	Test cost = 1.498766,	Krip Loss = 0.892592,	RMSE = 1.101066
Epoch = 53
	Train cost = 3.370550,	Krip Loss = 0.938217,	RMSE = 2.205599
	Test cost = 1.512291,	Krip Loss = 0.911405,	RMSE = 1.096254
Epoch = 54
	Train cost = 3.502036,	Krip Loss = 0.942430,	RMSE = 2.262568
	Test cost = 1.507738,	Krip Loss = 0.893816,	RMSE = 1.108081
Epoch = 55
	Train cost = 3.324341,	Krip Loss = 0.929559,	RMSE = 2.188507
	Test cost = 1.511666,	Krip Loss = 0.901459,	RMSE = 1.104723
Epoch = 56
	Train cost = 3.551798,	Krip Loss = 0.936646,	RMSE = 2.286986
	Test cost = 1.518144,	Krip Loss = 0.884930,	RMSE = 1.125357
Epoch = 57
	Train cost = 3.427032,	Krip Loss = 0.958707,	RMSE = 2.221857
	Test cost = 1.507916,	Krip Loss = 0.902899,	RMSE = 1.100015
Epoch = 58
	Train cost = 3.354623,	Krip Loss = 0.913578,	RMSE = 2.209545
	Test cost = 1.516248,	Krip Loss = 0.882909,	RMSE = 1.125468
Epoch = 59
	Train cost = 3.467880,	Krip Loss = 0.937083,	RMSE = 2.249799
	Test cost = 1.521056,	Krip Loss = 0.894769,	RMSE = 1.119185
Epoch = 60
	Train cost = 3.460685,	Krip Loss = 0.944730,	RMSE = 2.243192
	Test cost = 1.570556,	Krip Loss = 0.874721,	RMSE = 1.179691
Testing Dyad = 9
RMSE of Average Prediction = 0.944229
(3030, 300, 148) (382, 300, 148)
naive
Compiling function
Compilation done 1
Compilation done 2
Epoch = 1
	Train cost = 7.145689,	Krip Loss = 0.998234,	RMSE = 3.506410
	Test cost = 5.753320,	Krip Loss = 1.000420,	RMSE = 3.083148
Epoch = 2
	Train cost = 4.628371,	Krip Loss = 0.997538,	RMSE = 2.694748
	Test cost = 3.096683,	Krip Loss = 0.999655,	RMSE = 2.047940
Epoch = 3
	Train cost = 3.683307,	Krip Loss = 1.001798,	RMSE = 2.315819
	Test cost = 2.137935,	Krip Loss = 0.998405,	RMSE = 1.509656
Epoch = 4
	Train cost = 3.578321,	Krip Loss = 0.995196,	RMSE = 2.272939
	Test cost = 2.013771,	Krip Loss = 0.996875,	RMSE = 1.426110
Epoch = 5
	Train cost = 3.455729,	Krip Loss = 1.006367,	RMSE = 2.213306
	Test cost = 2.014143,	Krip Loss = 0.995669,	RMSE = 1.427217
Epoch = 6
	Train cost = 3.506661,	Krip Loss = 0.997160,	RMSE = 2.240313
	Test cost = 1.993650,	Krip Loss = 0.994346,	RMSE = 1.413722
Epoch = 7
	Train cost = 3.561823,	Krip Loss = 0.997572,	RMSE = 2.264620
	Test cost = 2.056294,	Krip Loss = 0.991143,	RMSE = 1.459556
Epoch = 8
	Train cost = 3.449276,	Krip Loss = 1.001227,	RMSE = 2.212713
	Test cost = 1.923412,	Krip Loss = 0.991405,	RMSE = 1.365289
Epoch = 9
	Train cost = 3.423370,	Krip Loss = 0.985140,	RMSE = 2.208271
	Test cost = 2.001427,	Krip Loss = 0.987441,	RMSE = 1.424069
Epoch = 10
	Train cost = 3.534447,	Krip Loss = 0.995343,	RMSE = 2.253488
	Test cost = 1.902165,	Krip Loss = 0.988092,	RMSE = 1.352089
Epoch = 11
	Train cost = 3.382922,	Krip Loss = 0.982610,	RMSE = 2.191033
	Test cost = 2.049720,	Krip Loss = 0.977516,	RMSE = 1.464380
Epoch = 12
	Train cost = 3.506013,	Krip Loss = 0.990953,	RMSE = 2.242793
	Test cost = 1.799432,	Krip Loss = 0.981827,	RMSE = 1.278754
Epoch = 13
	Train cost = 3.441800,	Krip Loss = 0.999354,	RMSE = 2.210179
	Test cost = 1.975812,	Krip Loss = 0.980067,	RMSE = 1.411202
Epoch = 14
	Train cost = 3.588774,	Krip Loss = 0.989890,	RMSE = 2.279862
	Test cost = 2.009983,	Krip Loss = 0.964427,	RMSE = 1.446068
Epoch = 15
	Train cost = 3.355613,	Krip Loss = 0.966795,	RMSE = 2.185781
	Test cost = 1.702159,	Krip Loss = 0.969920,	RMSE = 1.210156
Epoch = 16
	Train cost = 3.428463,	Krip Loss = 0.981531,	RMSE = 2.212208
	Test cost = 1.851396,	Krip Loss = 0.966718,	RMSE = 1.330171
Epoch = 17
	Train cost = 3.340276,	Krip Loss = 0.978818,	RMSE = 2.173227
	Test cost = 1.903799,	Krip Loss = 0.949352,	RMSE = 1.381627
Epoch = 18
	Train cost = 3.403804,	Krip Loss = 0.946901,	RMSE = 2.216711
	Test cost = 1.614561,	Krip Loss = 0.951716,	RMSE = 1.151386
Epoch = 19
	Train cost = 3.382584,	Krip Loss = 0.954364,	RMSE = 2.203733
	Test cost = 1.690023,	Krip Loss = 0.951912,	RMSE = 1.214998
Epoch = 20
	Train cost = 3.468688,	Krip Loss = 0.970993,	RMSE = 2.235037
	Test cost = 1.818410,	Krip Loss = 0.934774,	RMSE = 1.329387
Epoch = 21
	Train cost = 3.421757,	Krip Loss = 0.958656,	RMSE = 2.219505
	Test cost = 1.523447,	Krip Loss = 0.941680,	RMSE = 1.078672
Epoch = 22
	Train cost = 3.563554,	Krip Loss = 0.975351,	RMSE = 2.275172
	Test cost = 1.619675,	Krip Loss = 0.941101,	RMSE = 1.164967
Epoch = 23
	Train cost = 3.374559,	Krip Loss = 0.939601,	RMSE = 2.206789
	Test cost = 1.739466,	Krip Loss = 0.923898,	RMSE = 1.277159
Epoch = 24
	Train cost = 3.356794,	Krip Loss = 0.953210,	RMSE = 2.192526
	Test cost = 1.495928,	Krip Loss = 0.923793,	RMSE = 1.069706
Epoch = 25
	Train cost = 3.479448,	Krip Loss = 0.965369,	RMSE = 2.242355
	Test cost = 1.555860,	Krip Loss = 0.927375,	RMSE = 1.121147
Epoch = 26
	Train cost = 3.274641,	Krip Loss = 0.922013,	RMSE = 2.169160
	Test cost = 1.617793,	Krip Loss = 0.914819,	RMSE = 1.185726
Epoch = 27
	Train cost = 3.491588,	Krip Loss = 0.961270,	RMSE = 2.249586
	Test cost = 1.488407,	Krip Loss = 0.920663,	RMSE = 1.065593
Epoch = 28
	Train cost = 3.608687,	Krip Loss = 0.978219,	RMSE = 2.293673
	Test cost = 1.573477,	Krip Loss = 0.920872,	RMSE = 1.142458
Epoch = 29
	Train cost = 3.479313,	Krip Loss = 0.955990,	RMSE = 2.246474
	Test cost = 1.630619,	Krip Loss = 0.919939,	RMSE = 1.192208
Epoch = 30
	Train cost = 3.299003,	Krip Loss = 0.935477,	RMSE = 2.174178
	Test cost = 1.625971,	Krip Loss = 0.909854,	RMSE = 1.196760
Epoch = 31
	Train cost = 3.439058,	Krip Loss = 0.949430,	RMSE = 2.231424
	Test cost = 1.478213,	Krip Loss = 0.912130,	RMSE = 1.064032
Epoch = 32
	Train cost = 3.326901,	Krip Loss = 0.943240,	RMSE = 2.183420
	Test cost = 1.566660,	Krip Loss = 0.912003,	RMSE = 1.144253
Epoch = 33
	Train cost = 3.407778,	Krip Loss = 0.955156,	RMSE = 2.214778
	Test cost = 1.622714,	Krip Loss = 0.911136,	RMSE = 1.192961
Epoch = 34
	Train cost = 3.232338,	Krip Loss = 0.917145,	RMSE = 2.151833
	Test cost = 1.618492,	Krip Loss = 0.908483,	RMSE = 1.191645
Epoch = 35
	Train cost = 3.428192,	Krip Loss = 0.973023,	RMSE = 2.215928
	Test cost = 1.604710,	Krip Loss = 0.903258,	RMSE = 1.184443
Epoch = 36
	Train cost = 3.298058,	Krip Loss = 0.936882,	RMSE = 2.173098
	Test cost = 1.610569,	Krip Loss = 0.901822,	RMSE = 1.190586
Epoch = 37
	Train cost = 3.381772,	Krip Loss = 0.935735,	RMSE = 2.211803
	Test cost = 1.507412,	Krip Loss = 0.892185,	RMSE = 1.109259
Epoch = 38
	Train cost = 3.261217,	Krip Loss = 0.935630,	RMSE = 2.156658
	Test cost = 1.566063,	Krip Loss = 0.893412,	RMSE = 1.159872
Epoch = 39
	Train cost = 3.364065,	Krip Loss = 0.937433,	RMSE = 2.203012
	Test cost = 1.554109,	Krip Loss = 0.887289,	RMSE = 1.154834
Epoch = 40
	Train cost = 3.339895,	Krip Loss = 0.946344,	RMSE = 2.187945
	Test cost = 1.592419,	Krip Loss = 0.892365,	RMSE = 1.183262
Epoch = 41
	Train cost = 3.388688,	Krip Loss = 0.946533,	RMSE = 2.210047
	Test cost = 1.500595,	Krip Loss = 0.882024,	RMSE = 1.112269
Epoch = 42
	Train cost = 3.350351,	Krip Loss = 0.943845,	RMSE = 2.193858
	Test cost = 1.562967,	Krip Loss = 0.887196,	RMSE = 1.162559
Epoch = 43
	Train cost = 3.362902,	Krip Loss = 0.944304,	RMSE = 2.199363
	Test cost = 1.520878,	Krip Loss = 0.877135,	RMSE = 1.134675
Epoch = 44
	Train cost = 3.375933,	Krip Loss = 0.936444,	RMSE = 2.208841
	Test cost = 1.551634,	Krip Loss = 0.887032,	RMSE = 1.152911
Epoch = 45
	Train cost = 3.313414,	Krip Loss = 0.921107,	RMSE = 2.187376
	Test cost = 1.515734,	Krip Loss = 0.871044,	RMSE = 1.135508
Epoch = 46
	Train cost = 3.346183,	Krip Loss = 0.919497,	RMSE = 2.203037
	Test cost = 1.533775,	Krip Loss = 0.880943,	RMSE = 1.142657
Epoch = 47
	Train cost = 3.342181,	Krip Loss = 0.925334,	RMSE = 2.198566
	Test cost = 1.466530,	Krip Loss = 0.863597,	RMSE = 1.098119
Epoch = 48
	Train cost = 3.293882,	Krip Loss = 0.943348,	RMSE = 2.168195
	Test cost = 1.502138,	Krip Loss = 0.875040,	RMSE = 1.119909
Epoch = 49
	Train cost = 3.530831,	Krip Loss = 0.952810,	RMSE = 2.270692
	Test cost = 1.486318,	Krip Loss = 0.860932,	RMSE = 1.118379
Epoch = 50
	Train cost = 3.186656,	Krip Loss = 0.925543,	RMSE = 2.126553
	Test cost = 1.510819,	Krip Loss = 0.871558,	RMSE = 1.130718
Epoch = 51
	Train cost = 3.454060,	Krip Loss = 0.937356,	RMSE = 2.243526
	Test cost = 1.460451,	Krip Loss = 0.853905,	RMSE = 1.101404
Epoch = 52
	Train cost = 3.327776,	Krip Loss = 0.916782,	RMSE = 2.195903
	Test cost = 1.493059,	Krip Loss = 0.865863,	RMSE = 1.119996
Epoch = 53
	Train cost = 3.287522,	Krip Loss = 0.928781,	RMSE = 2.171976
	Test cost = 1.478683,	Krip Loss = 0.852380,	RMSE = 1.119199
Epoch = 54
	Train cost = 3.267403,	Krip Loss = 0.931848,	RMSE = 2.161275
	Test cost = 1.502320,	Krip Loss = 0.863360,	RMSE = 1.130452
Epoch = 55
	Train cost = 3.362732,	Krip Loss = 0.932737,	RMSE = 2.204538
	Test cost = 1.491354,	Krip Loss = 0.847978,	RMSE = 1.134351
Epoch = 56
	Train cost = 3.200957,	Krip Loss = 0.908522,	RMSE = 2.141231
	Test cost = 1.478915,	Krip Loss = 0.861039,	RMSE = 1.111644
Epoch = 57
	Train cost = 3.344849,	Krip Loss = 0.924539,	RMSE = 2.200141
	Test cost = 1.503302,	Krip Loss = 0.843732,	RMSE = 1.148538
Epoch = 58
	Train cost = 3.203680,	Krip Loss = 0.913203,	RMSE = 2.140316
	Test cost = 1.463977,	Krip Loss = 0.857741,	RMSE = 1.101123
Epoch = 59
	Train cost = 3.398015,	Krip Loss = 0.915530,	RMSE = 2.228221
	Test cost = 1.466922,	Krip Loss = 0.835988,	RMSE = 1.123329
Epoch = 60
	Train cost = 3.273580,	Krip Loss = 0.924921,	RMSE = 2.167329
	Test cost = 1.466718,	Krip Loss = 0.853133,	RMSE = 1.107777
Testing Dyad = 10
RMSE of Average Prediction = 1.355091
(3058, 300, 148) (354, 300, 148)
naive
Compiling function
Compilation done 1
Compilation done 2
Epoch = 1
	Train cost = 6.744765,	Krip Loss = 0.997729,	RMSE = 3.390291
	Test cost = 8.186099,	Krip Loss = 1.003014,	RMSE = 3.790273
Epoch = 2
	Train cost = 4.396674,	Krip Loss = 0.993443,	RMSE = 2.608920
	Test cost = 4.690370,	Krip Loss = 1.003082,	RMSE = 2.715617
Epoch = 3
	Train cost = 3.464588,	Krip Loss = 1.023005,	RMSE = 2.209788
	Test cost = 3.292986,	Krip Loss = 1.002998,	RMSE = 2.140088
Epoch = 4
	Train cost = 3.412798,	Krip Loss = 1.022678,	RMSE = 2.186376
	Test cost = 3.196616,	Krip Loss = 1.003130,	RMSE = 2.094510
Epoch = 5
	Train cost = 3.333099,	Krip Loss = 0.992488,	RMSE = 2.163613
	Test cost = 3.146971,	Krip Loss = 1.002111,	RMSE = 2.071164
Epoch = 6
	Train cost = 3.381090,	Krip Loss = 0.975297,	RMSE = 2.193533
	Test cost = 3.089660,	Krip Loss = 1.002895,	RMSE = 2.042922
Epoch = 7
	Train cost = 3.473193,	Krip Loss = 1.005859,	RMSE = 2.221411
	Test cost = 3.154406,	Krip Loss = 1.002016,	RMSE = 2.074796
Epoch = 8
	Train cost = 3.351474,	Krip Loss = 0.992547,	RMSE = 2.172062
	Test cost = 3.131815,	Krip Loss = 1.002378,	RMSE = 2.063704
Epoch = 9
	Train cost = 3.369445,	Krip Loss = 0.983392,	RMSE = 2.184515
	Test cost = 3.096708,	Krip Loss = 1.002255,	RMSE = 2.046682
Epoch = 10
	Train cost = 3.307531,	Krip Loss = 0.988303,	RMSE = 2.153707
	Test cost = 3.094088,	Krip Loss = 1.002118,	RMSE = 2.045468
Epoch = 11
	Train cost = 3.262005,	Krip Loss = 0.975080,	RMSE = 2.138656
	Test cost = 3.077450,	Krip Loss = 1.001672,	RMSE = 2.037537
Epoch = 12
	Train cost = 3.328795,	Krip Loss = 0.992465,	RMSE = 2.161634
	Test cost = 3.063038,	Krip Loss = 1.000986,	RMSE = 2.030789
Epoch = 13
	Train cost = 3.280119,	Krip Loss = 0.957187,	RMSE = 2.155427
	Test cost = 2.970605,	Krip Loss = 1.000059,	RMSE = 1.985218
Epoch = 14
	Train cost = 3.392800,	Krip Loss = 0.971084,	RMSE = 2.200780
	Test cost = 2.919846,	Krip Loss = 0.998883,	RMSE = 1.960084
Epoch = 15
	Train cost = 3.253720,	Krip Loss = 0.949205,	RMSE = 2.146865
	Test cost = 2.822492,	Krip Loss = 0.998013,	RMSE = 1.910225
Epoch = 16
	Train cost = 3.244019,	Krip Loss = 0.972800,	RMSE = 2.131299
	Test cost = 2.821305,	Krip Loss = 0.997310,	RMSE = 1.909971
Epoch = 17
	Train cost = 3.322285,	Krip Loss = 0.965676,	RMSE = 2.170995
	Test cost = 2.841201,	Krip Loss = 0.995939,	RMSE = 1.921074
Epoch = 18
	Train cost = 3.361866,	Krip Loss = 0.968573,	RMSE = 2.187827
	Test cost = 2.769976,	Krip Loss = 0.995532,	RMSE = 1.883849
Epoch = 19
	Train cost = 3.203499,	Krip Loss = 0.969258,	RMSE = 2.113878
	Test cost = 2.767511,	Krip Loss = 0.994607,	RMSE = 1.883031
Epoch = 20
	Train cost = 3.102052,	Krip Loss = 0.936681,	RMSE = 2.081044
	Test cost = 2.735728,	Krip Loss = 0.993272,	RMSE = 1.866792
Epoch = 21
	Train cost = 3.276652,	Krip Loss = 0.966052,	RMSE = 2.149698
	Test cost = 2.769481,	Krip Loss = 0.989846,	RMSE = 1.886603
Epoch = 22
	Train cost = 3.323292,	Krip Loss = 0.990003,	RMSE = 2.160226
	Test cost = 2.736493,	Krip Loss = 0.988548,	RMSE = 1.869730
Epoch = 23
	Train cost = 3.134141,	Krip Loss = 0.932858,	RMSE = 2.098229
	Test cost = 2.687241,	Krip Loss = 0.986714,	RMSE = 1.844195
Epoch = 24
	Train cost = 3.199127,	Krip Loss = 0.937166,	RMSE = 2.126951
	Test cost = 2.577781,	Krip Loss = 0.988011,	RMSE = 1.783127
Epoch = 25
	Train cost = 3.251954,	Krip Loss = 0.946239,	RMSE = 2.147424
	Test cost = 2.646504,	Krip Loss = 0.986675,	RMSE = 1.821993
Epoch = 26
	Train cost = 3.180408,	Krip Loss = 0.947026,	RMSE = 2.113472
	Test cost = 2.666150,	Krip Loss = 0.984730,	RMSE = 1.833805
Epoch = 27
	Train cost = 3.205056,	Krip Loss = 0.955311,	RMSE = 2.121200
	Test cost = 2.639058,	Krip Loss = 0.983313,	RMSE = 1.819750
Epoch = 28
	Train cost = 3.239229,	Krip Loss = 0.933699,	RMSE = 2.147338
	Test cost = 2.639364,	Krip Loss = 0.981645,	RMSE = 1.820835
Epoch = 29
	Train cost = 3.228846,	Krip Loss = 0.952442,	RMSE = 2.133731
	Test cost = 2.634761,	Krip Loss = 0.980608,	RMSE = 1.818875
Epoch = 30
	Train cost = 3.100571,	Krip Loss = 0.926296,	RMSE = 2.085317
	Test cost = 2.519931,	Krip Loss = 0.981785,	RMSE = 1.753936
Epoch = 31
	Train cost = 3.302057,	Krip Loss = 0.950338,	RMSE = 2.168741
	Test cost = 2.570486,	Krip Loss = 0.979929,	RMSE = 1.783567
Epoch = 32
	Train cost = 3.199614,	Krip Loss = 0.931784,	RMSE = 2.129709
	Test cost = 2.511850,	Krip Loss = 0.981824,	RMSE = 1.749300
Epoch = 33
	Train cost = 3.190321,	Krip Loss = 0.918727,	RMSE = 2.131476
	Test cost = 2.549192,	Krip Loss = 0.979880,	RMSE = 1.771616
Epoch = 34
	Train cost = 3.161107,	Krip Loss = 0.924365,	RMSE = 2.115061
	Test cost = 2.582959,	Krip Loss = 0.977510,	RMSE = 1.791898
Epoch = 35
	Train cost = 3.261019,	Krip Loss = 0.936782,	RMSE = 2.156032
	Test cost = 2.548405,	Krip Loss = 0.976827,	RMSE = 1.772895
Epoch = 36
	Train cost = 3.086592,	Krip Loss = 0.912508,	RMSE = 2.085226
	Test cost = 2.504973,	Krip Loss = 0.977840,	RMSE = 1.747646
Epoch = 37
	Train cost = 3.118323,	Krip Loss = 0.919141,	RMSE = 2.097228
	Test cost = 2.511150,	Krip Loss = 0.976069,	RMSE = 1.752188
Epoch = 38
	Train cost = 3.126327,	Krip Loss = 0.918146,	RMSE = 2.101514
	Test cost = 2.502912,	Krip Loss = 0.975404,	RMSE = 1.747860
Epoch = 39
	Train cost = 3.283322,	Krip Loss = 0.958302,	RMSE = 2.156395
	Test cost = 2.523092,	Krip Loss = 0.977657,	RMSE = 1.758087
Epoch = 40
	Train cost = 3.138958,	Krip Loss = 0.913122,	RMSE = 2.109899
	Test cost = 2.466133,	Krip Loss = 0.978676,	RMSE = 1.724794
Epoch = 41
	Train cost = 3.249324,	Krip Loss = 0.945413,	RMSE = 2.146584
	Test cost = 2.537534,	Krip Loss = 0.972829,	RMSE = 1.769014
Epoch = 42
	Train cost = 3.184549,	Krip Loss = 0.916293,	RMSE = 2.129909
	Test cost = 2.449333,	Krip Loss = 0.977783,	RMSE = 1.715547
Epoch = 43
	Train cost = 3.145790,	Krip Loss = 0.925827,	RMSE = 2.107113
	Test cost = 2.483609,	Krip Loss = 0.976861,	RMSE = 1.735942
Epoch = 44
	Train cost = 3.176789,	Krip Loss = 0.927480,	RMSE = 2.120994
	Test cost = 2.458271,	Krip Loss = 0.979679,	RMSE = 1.719646
Epoch = 45
	Train cost = 3.079871,	Krip Loss = 0.886225,	RMSE = 2.094586
	Test cost = 2.456415,	Krip Loss = 0.978054,	RMSE = 1.719512
Epoch = 46
	Train cost = 3.194360,	Krip Loss = 0.907055,	RMSE = 2.138834
	Test cost = 2.499695,	Krip Loss = 0.976991,	RMSE = 1.745110
Epoch = 47
	Train cost = 3.169523,	Krip Loss = 0.935088,	RMSE = 2.113970
	Test cost = 2.501133,	Krip Loss = 0.974435,	RMSE = 1.747397
Epoch = 48
	Train cost = 3.086520,	Krip Loss = 0.921910,	RMSE = 2.080678
	Test cost = 2.480786,	Krip Loss = 0.973702,	RMSE = 1.736136
Epoch = 49
	Train cost = 3.061292,	Krip Loss = 0.896399,	RMSE = 2.080814
	Test cost = 2.486707,	Krip Loss = 0.973858,	RMSE = 1.739453
Epoch = 50
	Train cost = 3.143097,	Krip Loss = 0.909539,	RMSE = 2.113555
	Test cost = 2.464622,	Krip Loss = 0.975320,	RMSE = 1.725863
Epoch = 51
	Train cost = 3.112169,	Krip Loss = 0.888794,	RMSE = 2.108732
	Test cost = 2.437690,	Krip Loss = 0.972522,	RMSE = 1.711823
Epoch = 52
	Train cost = 3.216080,	Krip Loss = 0.942367,	RMSE = 2.132469
	Test cost = 2.498961,	Krip Loss = 0.970113,	RMSE = 1.748627
Epoch = 53
	Train cost = 3.117009,	Krip Loss = 0.915478,	RMSE = 2.098348
	Test cost = 2.431917,	Krip Loss = 0.972077,	RMSE = 1.708707
Epoch = 54
	Train cost = 3.144037,	Krip Loss = 0.913445,	RMSE = 2.112152
	Test cost = 2.450503,	Krip Loss = 0.975026,	RMSE = 1.717834
Epoch = 55
	Train cost = 3.176679,	Krip Loss = 0.911798,	RMSE = 2.128324
	Test cost = 2.399157,	Krip Loss = 0.978693,	RMSE = 1.685505
Epoch = 56
	Train cost = 3.218737,	Krip Loss = 0.929609,	RMSE = 2.139686
	Test cost = 2.443154,	Krip Loss = 0.976277,	RMSE = 1.712821
Epoch = 57
	Train cost = 3.189524,	Krip Loss = 0.928140,	RMSE = 2.126680
	Test cost = 2.450924,	Krip Loss = 0.974146,	RMSE = 1.718591
Epoch = 58
	Train cost = 3.137313,	Krip Loss = 0.911675,	RMSE = 2.109805
	Test cost = 2.416468,	Krip Loss = 0.972919,	RMSE = 1.699146
Epoch = 59
	Train cost = 3.073579,	Krip Loss = 0.900212,	RMSE = 2.084882
	Test cost = 2.444302,	Krip Loss = 0.967610,	RMSE = 1.718541
Epoch = 60
	Train cost = 3.095309,	Krip Loss = 0.914736,	RMSE = 2.088336
	Test cost = 2.456864,	Krip Loss = 0.965352,	RMSE = 1.727143
Testing Dyad = 11
RMSE of Average Prediction = 1.293873
(3054, 300, 148) (358, 300, 148)
naive
Compiling function
Compilation done 1
Compilation done 2
Epoch = 1
	Train cost = 6.927671,	Krip Loss = 0.997628,	RMSE = 3.443847
	Test cost = 7.344155,	Krip Loss = 0.998975,	RMSE = 3.562353
Epoch = 2
	Train cost = 4.464797,	Krip Loss = 1.004874,	RMSE = 2.630560
	Test cost = 4.192823,	Krip Loss = 0.998166,	RMSE = 2.527709
Epoch = 3
	Train cost = 3.493021,	Krip Loss = 0.993894,	RMSE = 2.235678
	Test cost = 2.877985,	Krip Loss = 0.997085,	RMSE = 1.939536
Epoch = 4
	Train cost = 3.386262,	Krip Loss = 0.999610,	RMSE = 2.184789
	Test cost = 2.762206,	Krip Loss = 0.996329,	RMSE = 1.879296
Epoch = 5
	Train cost = 3.335525,	Krip Loss = 0.975999,	RMSE = 2.172338
	Test cost = 2.753685,	Krip Loss = 0.995796,	RMSE = 1.875041
Epoch = 6
	Train cost = 3.339969,	Krip Loss = 0.989456,	RMSE = 2.168185
	Test cost = 2.816781,	Krip Loss = 0.995304,	RMSE = 1.908653
Epoch = 7
	Train cost = 3.467070,	Krip Loss = 0.974840,	RMSE = 2.232590
	Test cost = 2.805631,	Krip Loss = 0.994497,	RMSE = 1.903226
Epoch = 8
	Train cost = 3.363616,	Krip Loss = 0.996833,	RMSE = 2.175676
	Test cost = 2.812794,	Krip Loss = 0.993654,	RMSE = 1.907428
Epoch = 9
	Train cost = 3.302330,	Krip Loss = 0.987839,	RMSE = 2.151507
	Test cost = 2.814647,	Krip Loss = 0.992643,	RMSE = 1.908928
Epoch = 10
	Train cost = 3.332381,	Krip Loss = 0.996159,	RMSE = 2.161584
	Test cost = 2.831940,	Krip Loss = 0.991503,	RMSE = 1.918560
Epoch = 11
	Train cost = 3.384899,	Krip Loss = 0.991486,	RMSE = 2.187882
	Test cost = 2.840392,	Krip Loss = 0.990019,	RMSE = 1.923732
Epoch = 12
	Train cost = 3.362926,	Krip Loss = 0.994074,	RMSE = 2.176627
	Test cost = 2.832820,	Krip Loss = 0.987963,	RMSE = 1.920863
Epoch = 13
	Train cost = 3.378449,	Krip Loss = 0.968959,	RMSE = 2.195217
	Test cost = 2.826747,	Krip Loss = 0.984899,	RMSE = 1.919296
Epoch = 14
	Train cost = 3.354904,	Krip Loss = 0.981128,	RMSE = 2.178888
	Test cost = 2.847773,	Krip Loss = 0.980085,	RMSE = 1.932712
Epoch = 15
	Train cost = 3.235471,	Krip Loss = 0.959271,	RMSE = 2.133636
	Test cost = 2.703215,	Krip Loss = 0.974730,	RMSE = 1.859293
Epoch = 16
	Train cost = 3.268453,	Krip Loss = 0.956753,	RMSE = 2.150209
	Test cost = 2.715230,	Krip Loss = 0.968732,	RMSE = 1.868956
Epoch = 17
	Train cost = 3.300433,	Krip Loss = 0.991504,	RMSE = 2.148920
	Test cost = 2.686778,	Krip Loss = 0.968108,	RMSE = 1.854007
Epoch = 18
	Train cost = 3.310713,	Krip Loss = 0.965532,	RMSE = 2.165724
	Test cost = 2.592080,	Krip Loss = 0.968040,	RMSE = 1.802243
Epoch = 19
	Train cost = 3.340305,	Krip Loss = 0.975796,	RMSE = 2.174631
	Test cost = 2.644877,	Krip Loss = 0.967286,	RMSE = 1.831716
Epoch = 20
	Train cost = 3.180601,	Krip Loss = 0.959258,	RMSE = 2.107768
	Test cost = 2.664091,	Krip Loss = 0.965841,	RMSE = 1.842960
Epoch = 21
	Train cost = 3.366737,	Krip Loss = 0.962014,	RMSE = 2.193045
	Test cost = 2.667189,	Krip Loss = 0.962545,	RMSE = 1.846426
Epoch = 22
	Train cost = 3.283245,	Krip Loss = 0.974658,	RMSE = 2.148761
	Test cost = 2.632780,	Krip Loss = 0.960582,	RMSE = 1.828769
Epoch = 23
	Train cost = 3.233085,	Krip Loss = 0.947532,	RMSE = 2.138015
	Test cost = 2.598227,	Krip Loss = 0.959430,	RMSE = 1.810412
Epoch = 24
	Train cost = 3.264830,	Krip Loss = 0.951890,	RMSE = 2.150786
	Test cost = 2.575996,	Krip Loss = 0.957788,	RMSE = 1.799004
Epoch = 25
	Train cost = 3.171393,	Krip Loss = 0.944515,	RMSE = 2.110393
	Test cost = 2.572739,	Krip Loss = 0.958060,	RMSE = 1.797042
Epoch = 26
	Train cost = 3.346236,	Krip Loss = 0.971558,	RMSE = 2.179302
	Test cost = 2.554719,	Krip Loss = 0.957844,	RMSE = 1.787107
Epoch = 27
	Train cost = 3.192273,	Krip Loss = 0.933583,	RMSE = 2.125413
	Test cost = 2.555966,	Krip Loss = 0.954547,	RMSE = 1.789648
Epoch = 28
	Train cost = 3.157052,	Krip Loss = 0.924461,	RMSE = 2.113098
	Test cost = 2.566682,	Krip Loss = 0.950393,	RMSE = 1.797937
Epoch = 29
	Train cost = 3.250379,	Krip Loss = 0.953960,	RMSE = 2.143090
	Test cost = 2.591633,	Krip Loss = 0.950125,	RMSE = 1.811909
Epoch = 30
	Train cost = 3.167758,	Krip Loss = 0.951023,	RMSE = 2.105581
	Test cost = 2.578203,	Krip Loss = 0.945256,	RMSE = 1.807179
Epoch = 31
	Train cost = 3.242766,	Krip Loss = 0.938019,	RMSE = 2.146973
	Test cost = 2.572803,	Krip Loss = 0.946385,	RMSE = 1.803562
Epoch = 32
	Train cost = 3.363060,	Krip Loss = 0.973381,	RMSE = 2.186174
	Test cost = 2.563090,	Krip Loss = 0.943090,	RMSE = 1.800000
Epoch = 33
	Train cost = 3.158073,	Krip Loss = 0.943449,	RMSE = 2.104578
	Test cost = 2.516977,	Krip Loss = 0.937277,	RMSE = 1.777470
Epoch = 34
	Train cost = 3.035573,	Krip Loss = 0.907379,	RMSE = 2.063102
	Test cost = 2.523226,	Krip Loss = 0.935514,	RMSE = 1.781972
Epoch = 35
	Train cost = 3.224506,	Krip Loss = 0.929492,	RMSE = 2.142435
	Test cost = 2.641807,	Krip Loss = 0.944248,	RMSE = 1.842584
Epoch = 36
	Train cost = 3.195881,	Krip Loss = 0.920501,	RMSE = 2.133251
	Test cost = 2.431374,	Krip Loss = 0.929878,	RMSE = 1.732914
Epoch = 37
	Train cost = 3.217578,	Krip Loss = 0.938717,	RMSE = 2.134883
	Test cost = 2.572782,	Krip Loss = 0.936372,	RMSE = 1.809094
Epoch = 38
	Train cost = 3.210041,	Krip Loss = 0.939999,	RMSE = 2.130747
	Test cost = 2.592335,	Krip Loss = 0.935188,	RMSE = 1.820520
Epoch = 39
	Train cost = 3.075694,	Krip Loss = 0.914649,	RMSE = 2.078964
	Test cost = 2.555389,	Krip Loss = 0.934110,	RMSE = 1.800710
Epoch = 40
	Train cost = 3.212925,	Krip Loss = 0.921757,	RMSE = 2.140639
	Test cost = 2.508184,	Krip Loss = 0.928740,	RMSE = 1.777326
Epoch = 41
	Train cost = 3.113586,	Krip Loss = 0.919416,	RMSE = 2.094836
	Test cost = 2.614461,	Krip Loss = 0.938135,	RMSE = 1.831025
Epoch = 42
	Train cost = 3.227560,	Krip Loss = 0.918863,	RMSE = 2.148812
	Test cost = 2.407123,	Krip Loss = 0.928368,	RMSE = 1.719741
Epoch = 43
	Train cost = 3.299276,	Krip Loss = 0.949802,	RMSE = 2.167706
	Test cost = 2.600168,	Krip Loss = 0.935297,	RMSE = 1.824758
Epoch = 44
	Train cost = 3.156977,	Krip Loss = 0.935806,	RMSE = 2.107687
	Test cost = 2.599626,	Krip Loss = 0.926464,	RMSE = 1.829296
Epoch = 45
	Train cost = 3.130848,	Krip Loss = 0.924612,	RMSE = 2.100589
	Test cost = 2.741745,	Krip Loss = 0.932219,	RMSE = 1.902380
Epoch = 46
	Train cost = 3.164908,	Krip Loss = 0.919099,	RMSE = 2.119344
	Test cost = 2.625520,	Krip Loss = 0.939194,	RMSE = 1.836478
Epoch = 47
	Train cost = 3.242152,	Krip Loss = 0.927672,	RMSE = 2.151502
	Test cost = 2.487510,	Krip Loss = 0.921136,	RMSE = 1.769957
Epoch = 48
	Train cost = 3.197228,	Krip Loss = 0.932962,	RMSE = 2.128035
	Test cost = 2.624164,	Krip Loss = 0.930463,	RMSE = 1.840490
Epoch = 49
	Train cost = 3.170818,	Krip Loss = 0.910264,	RMSE = 2.126289
	Test cost = 2.608864,	Krip Loss = 0.924462,	RMSE = 1.835430
Epoch = 50
	Train cost = 3.084754,	Krip Loss = 0.905993,	RMSE = 2.087468
	Test cost = 2.690300,	Krip Loss = 0.926913,	RMSE = 1.877971
Epoch = 51
	Train cost = 3.084316,	Krip Loss = 0.901806,	RMSE = 2.089263
	Test cost = 2.725248,	Krip Loss = 0.929167,	RMSE = 1.895300
Epoch = 52
	Train cost = 3.153497,	Krip Loss = 0.920410,	RMSE = 2.113333
	Test cost = 2.641993,	Krip Loss = 0.931190,	RMSE = 1.849759
Epoch = 53
	Train cost = 3.269493,	Krip Loss = 0.928262,	RMSE = 2.163900
	Test cost = 2.544488,	Krip Loss = 0.928669,	RMSE = 1.797676
Epoch = 54
	Train cost = 3.202344,	Krip Loss = 0.923177,	RMSE = 2.135025
	Test cost = 2.607530,	Krip Loss = 0.930021,	RMSE = 1.831671
Epoch = 55
	Train cost = 3.155393,	Krip Loss = 0.920043,	RMSE = 2.114403
	Test cost = 2.548958,	Krip Loss = 0.924351,	RMSE = 1.802558
Epoch = 56
	Train cost = 3.085729,	Krip Loss = 0.899744,	RMSE = 2.090926
	Test cost = 2.667157,	Krip Loss = 0.920031,	RMSE = 1.869292
Epoch = 57
	Train cost = 3.308221,	Krip Loss = 0.920636,	RMSE = 2.185217
	Test cost = 2.840838,	Krip Loss = 0.925365,	RMSE = 1.957280
Epoch = 58
	Train cost = 3.126541,	Krip Loss = 0.930968,	RMSE = 2.095506
	Test cost = 2.823083,	Krip Loss = 0.930312,	RMSE = 1.945647
Epoch = 59
	Train cost = 3.177665,	Krip Loss = 0.920842,	RMSE = 2.124534
	Test cost = 2.720118,	Krip Loss = 0.925996,	RMSE = 1.894266
Epoch = 60
	Train cost = 3.026164,	Krip Loss = 0.889695,	RMSE = 2.067109
	Test cost = 2.575321,	Krip Loss = 0.922012,	RMSE = 1.818411
Testing Dyad = 12
RMSE of Average Prediction = 1.177035
(3016, 300, 148) (396, 300, 148)
naive
Compiling function
Compilation done 1
Compilation done 2
Epoch = 1
	Train cost = 7.049461,	Krip Loss = 0.999353,	RMSE = 3.478536
	Test cost = 6.147004,	Krip Loss = 0.997786,	RMSE = 3.209117
Epoch = 2
	Train cost = 4.574402,	Krip Loss = 1.015654,	RMSE = 2.667864
	Test cost = 3.523703,	Krip Loss = 0.996738,	RMSE = 2.248095
Epoch = 3
	Train cost = 3.645905,	Krip Loss = 1.003546,	RMSE = 2.298852
	Test cost = 2.446494,	Krip Loss = 0.993832,	RMSE = 1.704501
Epoch = 4
	Train cost = 3.492172,	Krip Loss = 1.005632,	RMSE = 2.230040
	Test cost = 2.328872,	Krip Loss = 0.991999,	RMSE = 1.635160
Epoch = 5
	Train cost = 3.409570,	Krip Loss = 0.996041,	RMSE = 2.197057
	Test cost = 2.327235,	Krip Loss = 0.989412,	RMSE = 1.635740
Epoch = 6
	Train cost = 3.545354,	Krip Loss = 1.011318,	RMSE = 2.251238
	Test cost = 2.314801,	Krip Loss = 0.988419,	RMSE = 1.628731
Epoch = 7
	Train cost = 3.562331,	Krip Loss = 1.020843,	RMSE = 2.254546
	Test cost = 2.342053,	Krip Loss = 0.986821,	RMSE = 1.646349
Epoch = 8
	Train cost = 3.408656,	Krip Loss = 1.000787,	RMSE = 2.194479
	Test cost = 2.333809,	Krip Loss = 0.984496,	RMSE = 1.642750
Epoch = 9
	Train cost = 3.479995,	Krip Loss = 1.003247,	RMSE = 2.225645
	Test cost = 2.350476,	Krip Loss = 0.982382,	RMSE = 1.654142
Epoch = 10
	Train cost = 3.454764,	Krip Loss = 1.003476,	RMSE = 2.214176
	Test cost = 2.319100,	Krip Loss = 0.979707,	RMSE = 1.636700
Epoch = 11
	Train cost = 3.436688,	Krip Loss = 0.991923,	RMSE = 2.211229
	Test cost = 2.325918,	Krip Loss = 0.977014,	RMSE = 1.642501
Epoch = 12
	Train cost = 3.461914,	Krip Loss = 0.991800,	RMSE = 2.222662
	Test cost = 2.332146,	Krip Loss = 0.974772,	RMSE = 1.647650
Epoch = 13
	Train cost = 3.352456,	Krip Loss = 0.984221,	RMSE = 2.176343
	Test cost = 2.298066,	Krip Loss = 0.970919,	RMSE = 1.629200
Epoch = 14
	Train cost = 3.498442,	Krip Loss = 1.000191,	RMSE = 2.235285
	Test cost = 2.310891,	Krip Loss = 0.967008,	RMSE = 1.639441
Epoch = 15
	Train cost = 3.501945,	Krip Loss = 1.011257,	RMSE = 2.231900
	Test cost = 2.306463,	Krip Loss = 0.961806,	RMSE = 1.639913
Epoch = 16
	Train cost = 3.474111,	Krip Loss = 0.976720,	RMSE = 2.234901
	Test cost = 2.268312,	Krip Loss = 0.955071,	RMSE = 1.620643
Epoch = 17
	Train cost = 3.380504,	Krip Loss = 0.980932,	RMSE = 2.190695
	Test cost = 2.230426,	Krip Loss = 0.944481,	RMSE = 1.603711
Epoch = 18
	Train cost = 3.322726,	Krip Loss = 0.970808,	RMSE = 2.168833
	Test cost = 2.173207,	Krip Loss = 0.934140,	RMSE = 1.574209
Epoch = 19
	Train cost = 3.361683,	Krip Loss = 0.985348,	RMSE = 2.180062
	Test cost = 2.144485,	Krip Loss = 0.932331,	RMSE = 1.557019
Epoch = 20
	Train cost = 3.361246,	Krip Loss = 0.985895,	RMSE = 2.179611
	Test cost = 2.142875,	Krip Loss = 0.929282,	RMSE = 1.557942
Epoch = 21
	Train cost = 3.313898,	Krip Loss = 0.954589,	RMSE = 2.172238
	Test cost = 2.100145,	Krip Loss = 0.930943,	RMSE = 1.529184
Epoch = 22
	Train cost = 3.391394,	Krip Loss = 0.971828,	RMSE = 2.199803
	Test cost = 2.144239,	Krip Loss = 0.928062,	RMSE = 1.559600
Epoch = 23
	Train cost = 3.308435,	Krip Loss = 0.968699,	RMSE = 2.163209
	Test cost = 2.111424,	Krip Loss = 0.917101,	RMSE = 1.545524
Epoch = 24
	Train cost = 3.286479,	Krip Loss = 0.948259,	RMSE = 2.162508
	Test cost = 2.055906,	Krip Loss = 0.914305,	RMSE = 1.511027
Epoch = 25
	Train cost = 3.217289,	Krip Loss = 0.949641,	RMSE = 2.129623
	Test cost = 2.012464,	Krip Loss = 0.902058,	RMSE = 1.490238
Epoch = 26
	Train cost = 3.241402,	Krip Loss = 0.942398,	RMSE = 2.144297
	Test cost = 1.992302,	Krip Loss = 0.891394,	RMSE = 1.483851
Epoch = 27
	Train cost = 3.431246,	Krip Loss = 0.973241,	RMSE = 2.217207
	Test cost = 1.881132,	Krip Loss = 0.879781,	RMSE = 1.415168
Epoch = 28
	Train cost = 3.143813,	Krip Loss = 0.933324,	RMSE = 2.102612
	Test cost = 1.976951,	Krip Loss = 0.876291,	RMSE = 1.483685
Epoch = 29
	Train cost = 3.341973,	Krip Loss = 0.951505,	RMSE = 2.186535
	Test cost = 1.811614,	Krip Loss = 0.869612,	RMSE = 1.372590
Epoch = 30
	Train cost = 3.262751,	Krip Loss = 0.933720,	RMSE = 2.158254
	Test cost = 2.004251,	Krip Loss = 0.861877,	RMSE = 1.511538
Epoch = 31
	Train cost = 3.275206,	Krip Loss = 0.949446,	RMSE = 2.156738
	Test cost = 1.754969,	Krip Loss = 0.856319,	RMSE = 1.340635
Epoch = 32
	Train cost = 3.321181,	Krip Loss = 0.946097,	RMSE = 2.179488
	Test cost = 1.867559,	Krip Loss = 0.859054,	RMSE = 1.420215
Epoch = 33
	Train cost = 3.400954,	Krip Loss = 0.965548,	RMSE = 2.206992
	Test cost = 1.901649,	Krip Loss = 0.869406,	RMSE = 1.436831
Epoch = 34
	Train cost = 3.294964,	Krip Loss = 0.954792,	RMSE = 2.163410
	Test cost = 1.965448,	Krip Loss = 0.866235,	RMSE = 1.482709
Epoch = 35
	Train cost = 3.317321,	Krip Loss = 0.954432,	RMSE = 2.173886
	Test cost = 1.793346,	Krip Loss = 0.849658,	RMSE = 1.373818
Epoch = 36
	Train cost = 3.282381,	Krip Loss = 0.949373,	RMSE = 2.160096
	Test cost = 1.935846,	Krip Loss = 0.851800,	RMSE = 1.472445
Epoch = 37
	Train cost = 3.252630,	Krip Loss = 0.956007,	RMSE = 2.143186
	Test cost = 1.766268,	Krip Loss = 0.843367,	RMSE = 1.358603
Epoch = 38
	Train cost = 3.331045,	Krip Loss = 0.949562,	RMSE = 2.182422
	Test cost = 1.921150,	Krip Loss = 0.848496,	RMSE = 1.464687
Epoch = 39
	Train cost = 3.285922,	Krip Loss = 0.953534,	RMSE = 2.159809
	Test cost = 1.770971,	Krip Loss = 0.840788,	RMSE = 1.363953
Epoch = 40
	Train cost = 3.261635,	Krip Loss = 0.946263,	RMSE = 2.151916
	Test cost = 1.896328,	Krip Loss = 0.842124,	RMSE = 1.452036
Epoch = 41
	Train cost = 3.411160,	Krip Loss = 0.975478,	RMSE = 2.207117
	Test cost = 1.761100,	Krip Loss = 0.842294,	RMSE = 1.355586
Epoch = 42
	Train cost = 3.348736,	Krip Loss = 0.945530,	RMSE = 2.192353
	Test cost = 1.891699,	Krip Loss = 0.842583,	RMSE = 1.448528
Epoch = 43
	Train cost = 3.362775,	Krip Loss = 0.961500,	RMSE = 2.191472
	Test cost = 1.767036,	Krip Loss = 0.843084,	RMSE = 1.359376
Epoch = 44
	Train cost = 3.244576,	Krip Loss = 0.931375,	RMSE = 2.150907
	Test cost = 1.894654,	Krip Loss = 0.844514,	RMSE = 1.449234
Epoch = 45
	Train cost = 3.378346,	Krip Loss = 0.965933,	RMSE = 2.196549
	Test cost = 1.792848,	Krip Loss = 0.842887,	RMSE = 1.378376
Epoch = 46
	Train cost = 3.369551,	Krip Loss = 0.936093,	RMSE = 2.206109
	Test cost = 1.881259,	Krip Loss = 0.843120,	RMSE = 1.440930
Epoch = 47
	Train cost = 3.168785,	Krip Loss = 0.930672,	RMSE = 2.115710
	Test cost = 1.744040,	Krip Loss = 0.840257,	RMSE = 1.344458
Epoch = 48
	Train cost = 3.257159,	Krip Loss = 0.923792,	RMSE = 2.160263
	Test cost = 1.875459,	Krip Loss = 0.839634,	RMSE = 1.439323
Epoch = 49
	Train cost = 3.385492,	Krip Loss = 0.960528,	RMSE = 2.202256
	Test cost = 1.780345,	Krip Loss = 0.840060,	RMSE = 1.371339
Epoch = 50
	Train cost = 3.117051,	Krip Loss = 0.925521,	RMSE = 2.093576
	Test cost = 1.871907,	Krip Loss = 0.835901,	RMSE = 1.439449
Epoch = 51
	Train cost = 3.423656,	Krip Loss = 0.966030,	RMSE = 2.217037
	Test cost = 1.751254,	Krip Loss = 0.834262,	RMSE = 1.354247
Epoch = 52
	Train cost = 3.320872,	Krip Loss = 0.937916,	RMSE = 2.183097
	Test cost = 1.880987,	Krip Loss = 0.834093,	RMSE = 1.446993
Epoch = 53
	Train cost = 3.323067,	Krip Loss = 0.960397,	RMSE = 2.173785
	Test cost = 1.765338,	Krip Loss = 0.826002,	RMSE = 1.370646
Epoch = 54
	Train cost = 3.136641,	Krip Loss = 0.910507,	RMSE = 2.110040
	Test cost = 1.858395,	Krip Loss = 0.828105,	RMSE = 1.435471
Epoch = 55
	Train cost = 3.359075,	Krip Loss = 0.951305,	RMSE = 2.194434
	Test cost = 1.744276,	Krip Loss = 0.828093,	RMSE = 1.353649
Epoch = 56
	Train cost = 3.183254,	Krip Loss = 0.934348,	RMSE = 2.120805
	Test cost = 1.881154,	Krip Loss = 0.832596,	RMSE = 1.448142
Epoch = 57
	Train cost = 3.274265,	Krip Loss = 0.937219,	RMSE = 2.161965
	Test cost = 1.771387,	Krip Loss = 0.830529,	RMSE = 1.371756
Epoch = 58
	Train cost = 3.161723,	Krip Loss = 0.921429,	RMSE = 2.116740
	Test cost = 1.858230,	Krip Loss = 0.830746,	RMSE = 1.433516
Epoch = 59
	Train cost = 3.243849,	Krip Loss = 0.940012,	RMSE = 2.146549
	Test cost = 1.759631,	Krip Loss = 0.824767,	RMSE = 1.367380
Epoch = 60
	Train cost = 3.305522,	Krip Loss = 0.930604,	RMSE = 2.179412
	Test cost = 1.891424,	Krip Loss = 0.832875,	RMSE = 1.455025
Testing Dyad = 16
RMSE of Average Prediction = 1.157776
(3208, 300, 148) (204, 300, 148)
naive
Compiling function
Compilation done 1
Compilation done 2
Epoch = 1
	Train cost = 7.192484,	Krip Loss = 0.998505,	RMSE = 3.519653
	Test cost = 3.980152,	Krip Loss = 0.999484,	RMSE = 2.441585
Epoch = 2
	Train cost = 4.571914,	Krip Loss = 1.002227,	RMSE = 2.671961
	Test cost = 2.097900,	Krip Loss = 0.997581,	RMSE = 1.483454
Epoch = 3
	Train cost = 3.530396,	Krip Loss = 0.998198,	RMSE = 2.250421
	Test cost = 1.625758,	Krip Loss = 0.994228,	RMSE = 1.123860
Epoch = 4
	Train cost = 3.497914,	Krip Loss = 1.003386,	RMSE = 2.233620
	Test cost = 1.613338,	Krip Loss = 0.991167,	RMSE = 1.115501
Epoch = 5
	Train cost = 3.434388,	Krip Loss = 0.994911,	RMSE = 2.208835
	Test cost = 1.592676,	Krip Loss = 0.989166,	RMSE = 1.098644
Epoch = 6
	Train cost = 3.593782,	Krip Loss = 1.011290,	RMSE = 2.272660
	Test cost = 1.605758,	Krip Loss = 0.986992,	RMSE = 1.112444
Epoch = 7
	Train cost = 3.674831,	Krip Loss = 1.030939,	RMSE = 2.299518
	Test cost = 1.612871,	Krip Loss = 0.984841,	RMSE = 1.120741
Epoch = 8
	Train cost = 3.480834,	Krip Loss = 0.992619,	RMSE = 2.230791
	Test cost = 1.603876,	Krip Loss = 0.982688,	RMSE = 1.114619
Epoch = 9
	Train cost = 3.463523,	Krip Loss = 0.956748,	RMSE = 2.239096
	Test cost = 1.592839,	Krip Loss = 0.978906,	RMSE = 1.108091
Epoch = 10
	Train cost = 3.496314,	Krip Loss = 0.981449,	RMSE = 2.242706
	Test cost = 1.576578,	Krip Loss = 0.974258,	RMSE = 1.097561
Epoch = 11
	Train cost = 3.563716,	Krip Loss = 0.997834,	RMSE = 2.265340
	Test cost = 1.592215,	Krip Loss = 0.969689,	RMSE = 1.115819
Epoch = 12
	Train cost = 3.427274,	Krip Loss = 0.989064,	RMSE = 2.208261
	Test cost = 1.584421,	Krip Loss = 0.964785,	RMSE = 1.113225
Epoch = 13
	Train cost = 3.505794,	Krip Loss = 0.982254,	RMSE = 2.246571
	Test cost = 1.579529,	Krip Loss = 0.958782,	RMSE = 1.114223
Epoch = 14
	Train cost = 3.565301,	Krip Loss = 0.998222,	RMSE = 2.265868
	Test cost = 1.582808,	Krip Loss = 0.948248,	RMSE = 1.126552
Epoch = 15
	Train cost = 3.512328,	Krip Loss = 0.991378,	RMSE = 2.245418
	Test cost = 1.572293,	Krip Loss = 0.935640,	RMSE = 1.128409
Epoch = 16
	Train cost = 3.544889,	Krip Loss = 0.979077,	RMSE = 2.265309
	Test cost = 1.554669,	Krip Loss = 0.915131,	RMSE = 1.130963
Epoch = 17
	Train cost = 3.392330,	Krip Loss = 0.960278,	RMSE = 2.205472
	Test cost = 1.539750,	Krip Loss = 0.897059,	RMSE = 1.133747
Epoch = 18
	Train cost = 3.512896,	Krip Loss = 0.983378,	RMSE = 2.249230
	Test cost = 1.547027,	Krip Loss = 0.888478,	RMSE = 1.147649
Epoch = 19
	Train cost = 3.331893,	Krip Loss = 0.955840,	RMSE = 2.179933
	Test cost = 1.530039,	Krip Loss = 0.874545,	RMSE = 1.144984
Epoch = 20
	Train cost = 3.475564,	Krip Loss = 0.966260,	RMSE = 2.240225
	Test cost = 1.529338,	Krip Loss = 0.866533,	RMSE = 1.151351
Epoch = 21
	Train cost = 3.371205,	Krip Loss = 0.956530,	RMSE = 2.197578
	Test cost = 1.523707,	Krip Loss = 0.860677,	RMSE = 1.151547
Epoch = 22
	Train cost = 3.282723,	Krip Loss = 0.950233,	RMSE = 2.159857
	Test cost = 1.492911,	Krip Loss = 0.848090,	RMSE = 1.135624
Epoch = 23
	Train cost = 3.409510,	Krip Loss = 0.958333,	RMSE = 2.214126
	Test cost = 1.523999,	Krip Loss = 0.856231,	RMSE = 1.155654
Epoch = 24
	Train cost = 3.477843,	Krip Loss = 0.966678,	RMSE = 2.241055
	Test cost = 1.522236,	Krip Loss = 0.835917,	RMSE = 1.171597
Epoch = 25
	Train cost = 3.344589,	Krip Loss = 0.947523,	RMSE = 2.189550
	Test cost = 1.588608,	Krip Loss = 0.887013,	RMSE = 1.184564
Epoch = 26
	Train cost = 3.281203,	Krip Loss = 0.935484,	RMSE = 2.165972
	Test cost = 1.530685,	Krip Loss = 0.825096,	RMSE = 1.187931
Epoch = 27
	Train cost = 3.412201,	Krip Loss = 0.962045,	RMSE = 2.213665
	Test cost = 1.632293,	Krip Loss = 0.887807,	RMSE = 1.220234
Epoch = 28
	Train cost = 3.362834,	Krip Loss = 0.964642,	RMSE = 2.190065
	Test cost = 1.506556,	Krip Loss = 0.817162,	RMSE = 1.174218
Epoch = 29
	Train cost = 3.397989,	Krip Loss = 0.944896,	RMSE = 2.214991
	Test cost = 1.619699,	Krip Loss = 0.874350,	RMSE = 1.220941
Epoch = 30
	Train cost = 3.385001,	Krip Loss = 0.943478,	RMSE = 2.209762
	Test cost = 1.500606,	Krip Loss = 0.814297,	RMSE = 1.171588
Epoch = 31
	Train cost = 3.227153,	Krip Loss = 0.931363,	RMSE = 2.142797
	Test cost = 1.588722,	Krip Loss = 0.863551,	RMSE = 1.204301
Epoch = 32
	Train cost = 3.518994,	Krip Loss = 0.959687,	RMSE = 2.262435
	Test cost = 1.526656,	Krip Loss = 0.815683,	RMSE = 1.192454
Epoch = 33
	Train cost = 3.389039,	Krip Loss = 0.951292,	RMSE = 2.208052
	Test cost = 1.589743,	Krip Loss = 0.859654,	RMSE = 1.208378
Epoch = 34
	Train cost = 3.358819,	Krip Loss = 0.944236,	RMSE = 2.197536
	Test cost = 1.544616,	Krip Loss = 0.819132,	RMSE = 1.204561
Epoch = 35
	Train cost = 3.280217,	Krip Loss = 0.920384,	RMSE = 2.172479
	Test cost = 1.615359,	Krip Loss = 0.864616,	RMSE = 1.225351
Epoch = 36
	Train cost = 3.267003,	Krip Loss = 0.940359,	RMSE = 2.157148
	Test cost = 1.511408,	Krip Loss = 0.814699,	RMSE = 1.180432
Epoch = 37
	Train cost = 3.261969,	Krip Loss = 0.940480,	RMSE = 2.154757
	Test cost = 1.615410,	Krip Loss = 0.864576,	RMSE = 1.225425
Epoch = 38
	Train cost = 3.392021,	Krip Loss = 0.953259,	RMSE = 2.208512
	Test cost = 1.450194,	Krip Loss = 0.811505,	RMSE = 1.130212
Epoch = 39
	Train cost = 3.282641,	Krip Loss = 0.935512,	RMSE = 2.166624
	Test cost = 1.656449,	Krip Loss = 0.868953,	RMSE = 1.254987
Epoch = 40
	Train cost = 3.427008,	Krip Loss = 0.944007,	RMSE = 2.228453
	Test cost = 1.465203,	Krip Loss = 0.814901,	RMSE = 1.140441
Epoch = 41
	Train cost = 3.414487,	Krip Loss = 0.958633,	RMSE = 2.216237
	Test cost = 1.564345,	Krip Loss = 0.840239,	RMSE = 1.203417
Epoch = 42
	Train cost = 3.344273,	Krip Loss = 0.929510,	RMSE = 2.197618
	Test cost = 1.533150,	Krip Loss = 0.823615,	RMSE = 1.191247
Epoch = 43
	Train cost = 3.296031,	Krip Loss = 0.933911,	RMSE = 2.173532
	Test cost = 1.592513,	Krip Loss = 0.860498,	RMSE = 1.209971
Epoch = 44
	Train cost = 3.322809,	Krip Loss = 0.927763,	RMSE = 2.188628
	Test cost = 1.458779,	Krip Loss = 0.814929,	RMSE = 1.134769
Epoch = 45
	Train cost = 3.226844,	Krip Loss = 0.925570,	RMSE = 2.145355
	Test cost = 1.580335,	Krip Loss = 0.849825,	RMSE = 1.208727
Epoch = 46
	Train cost = 3.304292,	Krip Loss = 0.929339,	RMSE = 2.179428
	Test cost = 1.504418,	Krip Loss = 0.817204,	RMSE = 1.172360
Epoch = 47
	Train cost = 3.320715,	Krip Loss = 0.917050,	RMSE = 2.192562
	Test cost = 1.522238,	Krip Loss = 0.835088,	RMSE = 1.172305
Epoch = 48
	Train cost = 3.291103,	Krip Loss = 0.938137,	RMSE = 2.169316
	Test cost = 1.550429,	Krip Loss = 0.825252,	RMSE = 1.204306
Epoch = 49
	Train cost = 3.234908,	Krip Loss = 0.918688,	RMSE = 2.152310
	Test cost = 1.513637,	Krip Loss = 0.833617,	RMSE = 1.166208
Epoch = 50
	Train cost = 3.413827,	Krip Loss = 0.948871,	RMSE = 2.220340
	Test cost = 1.518727,	Krip Loss = 0.829130,	RMSE = 1.174391
Epoch = 51
	Train cost = 3.193977,	Krip Loss = 0.912962,	RMSE = 2.135891
	Test cost = 1.513261,	Krip Loss = 0.830468,	RMSE = 1.168583
Epoch = 52
	Train cost = 3.264723,	Krip Loss = 0.929166,	RMSE = 2.161276
	Test cost = 1.500106,	Krip Loss = 0.830019,	RMSE = 1.157659
Epoch = 53
	Train cost = 3.305674,	Krip Loss = 0.937735,	RMSE = 2.176207
	Test cost = 1.523656,	Krip Loss = 0.832522,	RMSE = 1.175699
Epoch = 54
	Train cost = 3.211750,	Krip Loss = 0.899007,	RMSE = 2.150694
	Test cost = 1.516901,	Krip Loss = 0.831008,	RMSE = 1.171233
Epoch = 55
	Train cost = 3.275167,	Krip Loss = 0.915942,	RMSE = 2.172199
	Test cost = 1.492348,	Krip Loss = 0.830498,	RMSE = 1.150522
Epoch = 56
	Train cost = 3.269098,	Krip Loss = 0.915516,	RMSE = 2.169600
	Test cost = 1.503134,	Krip Loss = 0.830041,	RMSE = 1.160252
Epoch = 57
	Train cost = 3.278696,	Krip Loss = 0.921316,	RMSE = 2.171350
	Test cost = 1.509304,	Krip Loss = 0.830737,	RMSE = 1.164961
Epoch = 58
	Train cost = 3.220465,	Krip Loss = 0.916518,	RMSE = 2.146601
	Test cost = 1.493609,	Krip Loss = 0.823247,	RMSE = 1.157896
Epoch = 59
	Train cost = 3.246045,	Krip Loss = 0.919323,	RMSE = 2.157184
	Test cost = 1.495190,	Krip Loss = 0.826735,	RMSE = 1.156248
Epoch = 60
	Train cost = 3.331542,	Krip Loss = 0.932651,	RMSE = 2.190384
	Test cost = 1.506992,	Krip Loss = 0.828272,	RMSE = 1.165092
Testing Dyad = 17
RMSE of Average Prediction = 1.117277
(3216, 300, 148) (196, 300, 148)
naive
Compiling function
Compilation done 1
Compilation done 2
Epoch = 1
	Train cost = 7.137261,	Krip Loss = 0.997387,	RMSE = 3.504247
	Test cost = 3.851016,	Krip Loss = 1.002089,	RMSE = 2.387018
Epoch = 2
	Train cost = 4.543241,	Krip Loss = 0.993815,	RMSE = 2.664367
	Test cost = 2.016588,	Krip Loss = 0.999729,	RMSE = 1.426085
Epoch = 3
	Train cost = 3.680919,	Krip Loss = 1.022648,	RMSE = 2.305763
	Test cost = 1.573131,	Krip Loss = 0.995392,	RMSE = 1.074932
Epoch = 4
	Train cost = 3.533881,	Krip Loss = 1.013144,	RMSE = 2.245323
	Test cost = 1.544675,	Krip Loss = 0.993823,	RMSE = 1.049620
Epoch = 5
	Train cost = 3.535551,	Krip Loss = 0.999167,	RMSE = 2.252281
	Test cost = 1.544283,	Krip Loss = 0.991875,	RMSE = 1.051102
Epoch = 6
	Train cost = 3.615785,	Krip Loss = 1.002486,	RMSE = 2.286175
	Test cost = 1.535433,	Krip Loss = 0.988660,	RMSE = 1.045728
Epoch = 7
	Train cost = 3.489396,	Krip Loss = 0.993217,	RMSE = 2.234359
	Test cost = 1.530932,	Krip Loss = 0.986162,	RMSE = 1.043810
Epoch = 8
	Train cost = 3.599989,	Krip Loss = 1.009654,	RMSE = 2.276109
	Test cost = 1.534551,	Krip Loss = 0.983177,	RMSE = 1.050118
Epoch = 9
	Train cost = 3.526745,	Krip Loss = 0.993762,	RMSE = 2.250770
	Test cost = 1.532511,	Krip Loss = 0.980195,	RMSE = 1.051015
Epoch = 10
	Train cost = 3.383419,	Krip Loss = 0.973981,	RMSE = 2.195194
	Test cost = 1.521204,	Krip Loss = 0.977108,	RMSE = 1.043165
Epoch = 11
	Train cost = 3.511904,	Krip Loss = 0.981302,	RMSE = 2.249712
	Test cost = 1.517418,	Krip Loss = 0.971214,	RMSE = 1.045183
Epoch = 12
	Train cost = 3.474406,	Krip Loss = 0.996125,	RMSE = 2.226334
	Test cost = 1.516499,	Krip Loss = 0.965457,	RMSE = 1.049802
Epoch = 13
	Train cost = 3.565552,	Krip Loss = 0.998444,	RMSE = 2.265881
	Test cost = 1.508713,	Krip Loss = 0.955748,	RMSE = 1.051631
Epoch = 14
	Train cost = 3.464732,	Krip Loss = 0.989109,	RMSE = 2.225139
	Test cost = 1.496882,	Krip Loss = 0.942792,	RMSE = 1.052701
Epoch = 15
	Train cost = 3.501937,	Krip Loss = 0.975744,	RMSE = 2.247751
	Test cost = 1.473164,	Krip Loss = 0.914843,	RMSE = 1.056713
Epoch = 16
	Train cost = 3.552547,	Krip Loss = 0.982615,	RMSE = 2.267127
	Test cost = 1.439286,	Krip Loss = 0.879047,	RMSE = 1.058526
Epoch = 17
	Train cost = 3.487705,	Krip Loss = 0.968339,	RMSE = 2.244712
	Test cost = 1.427357,	Krip Loss = 0.833968,	RMSE = 1.089393
Epoch = 18
	Train cost = 3.397907,	Krip Loss = 0.960228,	RMSE = 2.208021
	Test cost = 1.441964,	Krip Loss = 0.811379,	RMSE = 1.123018
Epoch = 19
	Train cost = 3.432942,	Krip Loss = 0.967448,	RMSE = 2.220583
	Test cost = 1.503988,	Krip Loss = 0.810196,	RMSE = 1.177958
Epoch = 20
	Train cost = 3.244550,	Krip Loss = 0.935645,	RMSE = 2.148909
	Test cost = 1.507488,	Krip Loss = 0.814809,	RMSE = 1.177013
Epoch = 21
	Train cost = 3.428061,	Krip Loss = 0.980003,	RMSE = 2.212717
	Test cost = 1.523315,	Krip Loss = 0.839769,	RMSE = 1.169227
Epoch = 22
	Train cost = 3.356787,	Krip Loss = 0.962071,	RMSE = 2.188477
	Test cost = 1.710571,	Krip Loss = 0.826865,	RMSE = 1.329441
Epoch = 23
	Train cost = 3.470262,	Krip Loss = 0.964666,	RMSE = 2.238569
	Test cost = 1.580025,	Krip Loss = 0.847639,	RMSE = 1.210277
Epoch = 24
	Train cost = 3.303567,	Krip Loss = 0.960483,	RMSE = 2.164756
	Test cost = 1.797649,	Krip Loss = 0.842667,	RMSE = 1.382014
Epoch = 25
	Train cost = 3.269172,	Krip Loss = 0.934332,	RMSE = 2.160944
	Test cost = 1.565594,	Krip Loss = 0.840387,	RMSE = 1.204332
Epoch = 26
	Train cost = 3.472043,	Krip Loss = 0.981497,	RMSE = 2.231836
	Test cost = 1.703073,	Krip Loss = 0.837369,	RMSE = 1.315830
Epoch = 27
	Train cost = 3.424442,	Krip Loss = 0.960177,	RMSE = 2.220029
	Test cost = 1.617771,	Krip Loss = 0.839322,	RMSE = 1.247757
Epoch = 28
	Train cost = 3.371032,	Krip Loss = 0.938592,	RMSE = 2.205647
	Test cost = 1.779725,	Krip Loss = 0.849189,	RMSE = 1.364211
Epoch = 29
	Train cost = 3.304079,	Krip Loss = 0.939852,	RMSE = 2.174501
	Test cost = 1.573857,	Krip Loss = 0.843985,	RMSE = 1.208199
Epoch = 30
	Train cost = 3.462564,	Krip Loss = 0.963758,	RMSE = 2.235534
	Test cost = 1.680308,	Krip Loss = 0.841439,	RMSE = 1.295275
Epoch = 31
	Train cost = 3.400342,	Krip Loss = 0.946890,	RMSE = 2.215153
	Test cost = 1.578330,	Krip Loss = 0.835561,	RMSE = 1.218826
Epoch = 32
	Train cost = 3.349678,	Krip Loss = 0.943888,	RMSE = 2.193531
	Test cost = 1.773533,	Krip Loss = 0.854365,	RMSE = 1.355852
Epoch = 33
	Train cost = 3.405626,	Krip Loss = 0.937907,	RMSE = 2.221584
	Test cost = 1.603812,	Krip Loss = 0.840555,	RMSE = 1.235522
Epoch = 34
	Train cost = 3.367346,	Krip Loss = 0.946156,	RMSE = 2.200541
	Test cost = 1.660218,	Krip Loss = 0.837070,	RMSE = 1.283081
Epoch = 35
	Train cost = 3.368750,	Krip Loss = 0.939370,	RMSE = 2.204260
	Test cost = 1.606385,	Krip Loss = 0.836847,	RMSE = 1.240595
Epoch = 36
	Train cost = 3.332475,	Krip Loss = 0.921084,	RMSE = 2.196083
	Test cost = 1.733409,	Krip Loss = 0.857330,	RMSE = 1.323691
Epoch = 37
	Train cost = 3.383340,	Krip Loss = 0.921743,	RMSE = 2.218827
	Test cost = 1.554920,	Krip Loss = 0.835423,	RMSE = 1.199581
Epoch = 38
	Train cost = 3.338036,	Krip Loss = 0.962883,	RMSE = 2.179520
	Test cost = 1.740481,	Krip Loss = 0.855268,	RMSE = 1.330573
Epoch = 39
	Train cost = 3.327960,	Krip Loss = 0.923715,	RMSE = 2.192827
	Test cost = 1.556428,	Krip Loss = 0.830117,	RMSE = 1.205247
Epoch = 40
	Train cost = 3.325066,	Krip Loss = 0.949988,	RMSE = 2.179485
	Test cost = 1.694736,	Krip Loss = 0.847646,	RMSE = 1.301607
Epoch = 41
	Train cost = 3.487479,	Krip Loss = 0.950271,	RMSE = 2.252647
	Test cost = 1.612971,	Krip Loss = 0.836679,	RMSE = 1.246027
Epoch = 42
	Train cost = 3.334022,	Krip Loss = 0.933507,	RMSE = 2.191125
	Test cost = 1.664207,	Krip Loss = 0.841167,	RMSE = 1.282997
Epoch = 43
	Train cost = 3.359870,	Krip Loss = 0.911433,	RMSE = 2.212888
	Test cost = 1.586496,	Krip Loss = 0.831679,	RMSE = 1.228672
Epoch = 44
	Train cost = 3.365089,	Krip Loss = 0.956975,	RMSE = 2.194591
	Test cost = 1.642647,	Krip Loss = 0.841800,	RMSE = 1.265581
Epoch = 45
	Train cost = 3.337275,	Krip Loss = 0.924958,	RMSE = 2.196505
	Test cost = 1.545190,	Krip Loss = 0.826634,	RMSE = 1.198796
Epoch = 46
	Train cost = 3.392512,	Krip Loss = 0.942318,	RMSE = 2.213682
	Test cost = 1.588989,	Krip Loss = 0.832842,	RMSE = 1.229753
Epoch = 47
	Train cost = 3.336392,	Krip Loss = 0.918974,	RMSE = 2.198826
	Test cost = 1.569540,	Krip Loss = 0.829323,	RMSE = 1.216731
Epoch = 48
	Train cost = 3.440388,	Krip Loss = 0.951825,	RMSE = 2.230947
	Test cost = 1.618109,	Krip Loss = 0.836926,	RMSE = 1.249946
Epoch = 49
	Train cost = 3.325895,	Krip Loss = 0.933059,	RMSE = 2.187618
	Test cost = 1.556810,	Krip Loss = 0.825820,	RMSE = 1.209124
Epoch = 50
	Train cost = 3.352562,	Krip Loss = 0.928911,	RMSE = 2.201659
	Test cost = 1.686930,	Krip Loss = 0.845659,	RMSE = 1.297128
Epoch = 51
	Train cost = 3.356821,	Krip Loss = 0.918798,	RMSE = 2.208177
	Test cost = 1.555974,	Krip Loss = 0.824712,	RMSE = 1.209348
Epoch = 52
	Train cost = 3.370100,	Krip Loss = 0.949547,	RMSE = 2.200252
	Test cost = 1.643872,	Krip Loss = 0.841645,	RMSE = 1.266671
Epoch = 53
	Train cost = 3.315846,	Krip Loss = 0.936052,	RMSE = 2.181648
	Test cost = 1.532656,	Krip Loss = 0.822535,	RMSE = 1.191739
Epoch = 54
	Train cost = 3.345240,	Krip Loss = 0.944704,	RMSE = 2.191135
	Test cost = 1.645031,	Krip Loss = 0.842961,	RMSE = 1.266546
Epoch = 55
	Train cost = 3.305918,	Krip Loss = 0.918585,	RMSE = 2.185101
	Test cost = 1.534273,	Krip Loss = 0.821963,	RMSE = 1.193574
Epoch = 56
	Train cost = 3.333711,	Krip Loss = 0.943476,	RMSE = 2.186429
	Test cost = 1.643045,	Krip Loss = 0.841659,	RMSE = 1.266006
Epoch = 57
	Train cost = 3.234197,	Krip Loss = 0.916450,	RMSE = 2.153020
	Test cost = 1.533803,	Krip Loss = 0.823209,	RMSE = 1.192136
Epoch = 58
	Train cost = 3.376235,	Krip Loss = 0.913786,	RMSE = 2.219211
	Test cost = 1.703207,	Krip Loss = 0.852646,	RMSE = 1.304271
Epoch = 59
	Train cost = 3.251839,	Krip Loss = 0.932786,	RMSE = 2.153626
	Test cost = 1.512864,	Krip Loss = 0.822034,	RMSE = 1.175440
Epoch = 60
	Train cost = 3.350196,	Krip Loss = 0.937805,	RMSE = 2.196539
	Test cost = 1.656387,	Krip Loss = 0.846959,	RMSE = 1.272343
Testing Dyad = 18
RMSE of Average Prediction = 1.520631
(3210, 300, 148) (202, 300, 148)
naive
Compiling function
Compilation done 1
Compilation done 2
Epoch = 1
	Train cost = 7.268311,	Krip Loss = 1.001909,	RMSE = 3.540170
	Test cost = 2.788861,	Krip Loss = 0.991382,	RMSE = 1.896037
Epoch = 2
	Train cost = 4.487437,	Krip Loss = 0.996787,	RMSE = 2.642215
	Test cost = 1.585755,	Krip Loss = 0.982880,	RMSE = 1.098066
Epoch = 3
	Train cost = 3.560595,	Krip Loss = 1.007008,	RMSE = 2.259906
	Test cost = 1.521967,	Krip Loss = 0.985770,	RMSE = 1.035565
Epoch = 4
	Train cost = 3.333403,	Krip Loss = 0.976560,	RMSE = 2.171102
	Test cost = 1.542859,	Krip Loss = 0.982929,	RMSE = 1.058234
Epoch = 5
	Train cost = 3.577358,	Krip Loss = 1.005979,	RMSE = 2.267765
	Test cost = 1.526538,	Krip Loss = 0.980509,	RMSE = 1.045015
Epoch = 6
	Train cost = 3.608507,	Krip Loss = 1.004454,	RMSE = 2.282128
	Test cost = 1.518328,	Krip Loss = 0.978830,	RMSE = 1.038748
Epoch = 7
	Train cost = 3.450114,	Krip Loss = 0.967390,	RMSE = 2.228329
	Test cost = 1.519997,	Krip Loss = 0.975223,	RMSE = 1.043814
Epoch = 8
	Train cost = 3.386059,	Krip Loss = 0.974949,	RMSE = 2.195956
	Test cost = 1.515768,	Krip Loss = 0.972778,	RMSE = 1.042104
Epoch = 9
	Train cost = 3.469068,	Krip Loss = 0.980644,	RMSE = 2.230885
	Test cost = 1.505944,	Krip Loss = 0.969635,	RMSE = 1.035673
Epoch = 10
	Train cost = 3.552374,	Krip Loss = 1.001807,	RMSE = 2.258569
	Test cost = 1.492001,	Krip Loss = 0.963350,	RMSE = 1.028252
Epoch = 11
	Train cost = 3.485934,	Krip Loss = 0.992939,	RMSE = 2.232933
	Test cost = 1.492497,	Krip Loss = 0.960507,	RMSE = 1.031494
Epoch = 12
	Train cost = 3.597922,	Krip Loss = 1.001034,	RMSE = 2.278985
	Test cost = 1.478946,	Krip Loss = 0.954791,	RMSE = 1.023869
Epoch = 13
	Train cost = 3.527012,	Krip Loss = 1.008648,	RMSE = 2.244266
	Test cost = 1.465265,	Krip Loss = 0.947251,	RMSE = 1.017855
Epoch = 14
	Train cost = 3.583519,	Krip Loss = 0.976322,	RMSE = 2.283505
	Test cost = 1.456427,	Krip Loss = 0.939524,	RMSE = 1.016762
Epoch = 15
	Train cost = 3.391485,	Krip Loss = 0.974340,	RMSE = 2.198702
	Test cost = 1.447239,	Krip Loss = 0.932769,	RMSE = 1.014367
Epoch = 16
	Train cost = 3.405666,	Krip Loss = 0.989841,	RMSE = 2.198101
	Test cost = 1.422267,	Krip Loss = 0.916182,	RMSE = 1.006067
Epoch = 17
	Train cost = 3.416959,	Krip Loss = 0.954237,	RMSE = 2.219334
	Test cost = 1.419084,	Krip Loss = 0.907083,	RMSE = 1.011930
Epoch = 18
	Train cost = 3.542818,	Krip Loss = 0.975905,	RMSE = 2.265795
	Test cost = 1.378859,	Krip Loss = 0.869352,	RMSE = 1.009463
Epoch = 19
	Train cost = 3.403197,	Krip Loss = 0.960147,	RMSE = 2.210453
	Test cost = 1.390220,	Krip Loss = 0.872186,	RMSE = 1.017874
Epoch = 20
	Train cost = 3.348356,	Krip Loss = 0.976002,	RMSE = 2.178235
	Test cost = 1.363656,	Krip Loss = 0.854178,	RMSE = 1.009434
Epoch = 21
	Train cost = 3.288699,	Krip Loss = 0.956419,	RMSE = 2.159759
	Test cost = 1.477980,	Krip Loss = 0.845671,	RMSE = 1.124553
Epoch = 22
	Train cost = 3.394588,	Krip Loss = 0.971102,	RMSE = 2.201584
	Test cost = 1.334296,	Krip Loss = 0.836469,	RMSE = 0.997824
Epoch = 23
	Train cost = 3.263202,	Krip Loss = 0.957044,	RMSE = 2.147630
	Test cost = 1.470553,	Krip Loss = 0.844453,	RMSE = 1.119017
Epoch = 24
	Train cost = 3.401412,	Krip Loss = 0.952488,	RMSE = 2.213108
	Test cost = 1.324670,	Krip Loss = 0.823379,	RMSE = 1.001290
Epoch = 25
	Train cost = 3.338777,	Krip Loss = 0.948981,	RMSE = 2.186228
	Test cost = 1.475465,	Krip Loss = 0.841521,	RMSE = 1.126005
Epoch = 26
	Train cost = 3.375564,	Krip Loss = 0.952152,	RMSE = 2.201550
	Test cost = 1.392202,	Krip Loss = 0.831184,	RMSE = 1.059262
Epoch = 27
	Train cost = 3.305585,	Krip Loss = 0.929069,	RMSE = 2.180145
	Test cost = 1.508526,	Krip Loss = 0.845151,	RMSE = 1.151846
Epoch = 28
	Train cost = 3.478670,	Krip Loss = 0.962289,	RMSE = 2.243382
	Test cost = 1.341797,	Krip Loss = 0.824323,	RMSE = 1.017324
Epoch = 29
	Train cost = 3.488686,	Krip Loss = 0.955464,	RMSE = 2.250876
	Test cost = 1.518363,	Krip Loss = 0.846647,	RMSE = 1.159065
Epoch = 30
	Train cost = 3.318229,	Krip Loss = 0.944898,	RMSE = 2.178683
	Test cost = 1.320494,	Krip Loss = 0.813874,	RMSE = 1.006598
Epoch = 31
	Train cost = 3.463978,	Krip Loss = 0.960534,	RMSE = 2.237608
	Test cost = 1.504006,	Krip Loss = 0.842335,	RMSE = 1.150366
Epoch = 32
	Train cost = 3.321062,	Krip Loss = 0.922334,	RMSE = 2.190310
	Test cost = 1.361135,	Krip Loss = 0.822649,	RMSE = 1.037772
Epoch = 33
	Train cost = 3.348869,	Krip Loss = 0.940559,	RMSE = 2.194680
	Test cost = 1.546325,	Krip Loss = 0.847565,	RMSE = 1.182168
Epoch = 34
	Train cost = 3.323642,	Krip Loss = 0.942572,	RMSE = 2.182233
	Test cost = 1.330194,	Krip Loss = 0.815866,	RMSE = 1.014227
Epoch = 35
	Train cost = 3.338696,	Krip Loss = 0.953234,	RMSE = 2.184244
	Test cost = 1.521292,	Krip Loss = 0.844791,	RMSE = 1.163186
Epoch = 36
	Train cost = 3.431502,	Krip Loss = 0.940692,	RMSE = 2.231954
	Test cost = 1.323074,	Krip Loss = 0.813325,	RMSE = 1.009701
Epoch = 37
	Train cost = 3.313961,	Krip Loss = 0.948356,	RMSE = 2.175134
	Test cost = 1.529734,	Krip Loss = 0.845186,	RMSE = 1.170084
Epoch = 38
	Train cost = 3.368086,	Krip Loss = 0.927381,	RMSE = 2.209391
	Test cost = 1.344864,	Krip Loss = 0.816998,	RMSE = 1.027488
Epoch = 39
	Train cost = 3.329098,	Krip Loss = 0.926376,	RMSE = 2.192133
	Test cost = 1.555753,	Krip Loss = 0.846990,	RMSE = 1.190599
Epoch = 40
	Train cost = 3.297176,	Krip Loss = 0.944019,	RMSE = 2.169404
	Test cost = 1.351675,	Krip Loss = 0.819514,	RMSE = 1.031659
Epoch = 41
	Train cost = 3.568828,	Krip Loss = 0.973044,	RMSE = 2.278501
	Test cost = 1.528654,	Krip Loss = 0.844809,	RMSE = 1.169483
Epoch = 42
	Train cost = 3.397715,	Krip Loss = 0.932635,	RMSE = 2.220396
	Test cost = 1.361901,	Krip Loss = 0.821754,	RMSE = 1.039372
Epoch = 43
	Train cost = 3.293240,	Krip Loss = 0.923552,	RMSE = 2.177011
	Test cost = 1.539359,	Krip Loss = 0.844879,	RMSE = 1.178542
Epoch = 44
	Train cost = 3.404439,	Krip Loss = 0.942087,	RMSE = 2.219168
	Test cost = 1.438365,	Krip Loss = 0.836324,	RMSE = 1.097307
Epoch = 45
	Train cost = 3.277910,	Krip Loss = 0.930746,	RMSE = 2.166640
	Test cost = 1.451081,	Krip Loss = 0.836730,	RMSE = 1.108469
Epoch = 46
	Train cost = 3.357024,	Krip Loss = 0.931622,	RMSE = 2.202454
	Test cost = 1.431736,	Krip Loss = 0.833390,	RMSE = 1.093934
Epoch = 47
	Train cost = 3.366960,	Krip Loss = 0.942767,	RMSE = 2.201905
	Test cost = 1.496050,	Krip Loss = 0.841598,	RMSE = 1.144073
Epoch = 48
	Train cost = 3.265016,	Krip Loss = 0.936032,	RMSE = 2.158233
	Test cost = 1.475857,	Krip Loss = 0.840129,	RMSE = 1.127589
Epoch = 49
	Train cost = 3.449272,	Krip Loss = 0.939023,	RMSE = 2.240647
	Test cost = 1.428650,	Krip Loss = 0.834553,	RMSE = 1.090043
Epoch = 50
	Train cost = 3.223896,	Krip Loss = 0.924140,	RMSE = 2.144647
	Test cost = 1.457913,	Krip Loss = 0.837710,	RMSE = 1.113736
Epoch = 51
	Train cost = 3.278887,	Krip Loss = 0.922839,	RMSE = 2.170736
	Test cost = 1.451181,	Krip Loss = 0.837638,	RMSE = 1.107739
Epoch = 52
	Train cost = 3.283816,	Krip Loss = 0.950804,	RMSE = 2.160098
	Test cost = 1.459065,	Krip Loss = 0.838095,	RMSE = 1.114424
Epoch = 53
	Train cost = 3.157460,	Krip Loss = 0.907458,	RMSE = 2.121321
	Test cost = 1.474306,	Krip Loss = 0.839343,	RMSE = 1.126910
Epoch = 54
	Train cost = 3.373336,	Krip Loss = 0.920646,	RMSE = 2.214809
	Test cost = 1.460159,	Krip Loss = 0.838223,	RMSE = 1.115290
Epoch = 55
	Train cost = 3.309344,	Krip Loss = 0.903405,	RMSE = 2.193599
	Test cost = 1.482368,	Krip Loss = 0.840369,	RMSE = 1.133136
Epoch = 56
	Train cost = 3.281184,	Krip Loss = 0.920546,	RMSE = 2.172850
	Test cost = 1.438957,	Krip Loss = 0.834038,	RMSE = 1.099926
Epoch = 57
	Train cost = 3.283451,	Krip Loss = 0.934232,	RMSE = 2.167588
	Test cost = 1.471346,	Krip Loss = 0.836840,	RMSE = 1.126505
Epoch = 58
	Train cost = 3.188794,	Krip Loss = 0.904035,	RMSE = 2.137643
	Test cost = 1.487582,	Krip Loss = 0.839672,	RMSE = 1.138341
Epoch = 59
	Train cost = 3.207825,	Krip Loss = 0.901295,	RMSE = 2.147804
	Test cost = 1.438537,	Krip Loss = 0.832948,	RMSE = 1.100535
Epoch = 60
	Train cost = 3.150909,	Krip Loss = 0.890191,	RMSE = 2.126367
	Test cost = 1.463790,	Krip Loss = 0.836585,	RMSE = 1.120005
