nohup: ignoring input
Couldn't import dot_parser, loading of dot files will not be possible.
WARNING (theano.sandbox.cuda): The cuda backend is deprecated and will be removed in the next release.  Please switch to the gpuarray backend. You can get more information about how to switch at this URL:
 https://github.com/Theano/Theano/wiki/Converting-to-the-new-gpu-back-end%28gpuarray%29

Using gpu device 3: GeForce GTX TITAN X (CNMeM is disabled, cuDNN 5103)
audio b
/usr0/home/hongliay/code/Rapport/data_info/AMT_Batch1_results_large.csv
/usr0/home/hongliay/code/Rapport/data_info/AMT_Batch2_results_large.csv
/usr0/home/hongliay/code/Rapport/data_info/AMT_Batch3_results_large.csv
/usr0/home/hongliay/code/Rapport/data_info/AMT_Batch4_results_large.csv
D10S1
D10S2
D11S1
D11S2
D12S1
D12S2
D16S2
D17S1
D18S1
D3S1
D3S2
D4S1
D4S2
D5S1
D5S2
D6S1
D6S2
D7S1
D7S2
D8S1
D8S2
D9S1
D9S2
[3, 4, 7, 8, 9, 10, 11, 12, 16, 17, 18]
Validation Dyad = 17 	Testing Dyad = 3
RMSE of Average Prediction = 1.113759
(2834, 300, 148) (196, 300, 148) (382, 300, 148)
dec = True model = ours + lstm lambda = 0.0 share = False #class = 1 drop = 0.0 update = adam2
Compiling function
Compilation done 1
Compilation done 2
Compilation done 3
Epoch = 1
	Train cost = 4.659819,	Krip Loss = 4.659819,	RMSE = 2.158661
	Test cost = 1.714209,	Krip Loss = 1.714209,	RMSE = 1.309278
	Test cost = 1.989540,	Krip Loss = 1.989540,	RMSE = 1.410511
Epoch = 2
	Train cost = 1.972223,	Krip Loss = 1.972223,	RMSE = 1.404359
	Test cost = 1.323303,	Krip Loss = 1.323303,	RMSE = 1.150349
	Test cost = 1.279356,	Krip Loss = 1.279356,	RMSE = 1.131086
Epoch = 3
	Train cost = 1.670025,	Krip Loss = 1.670025,	RMSE = 1.292294
	Test cost = 1.344862,	Krip Loss = 1.344862,	RMSE = 1.159682
	Test cost = 1.237876,	Krip Loss = 1.237876,	RMSE = 1.112599
Epoch = 4
	Train cost = 1.614809,	Krip Loss = 1.614809,	RMSE = 1.270751
	Test cost = 1.315692,	Krip Loss = 1.315692,	RMSE = 1.147036
	Test cost = 1.209922,	Krip Loss = 1.209922,	RMSE = 1.099964
Epoch = 5
	Train cost = 1.567710,	Krip Loss = 1.567710,	RMSE = 1.252082
	Test cost = 1.315212,	Krip Loss = 1.315212,	RMSE = 1.146827
	Test cost = 1.193671,	Krip Loss = 1.193671,	RMSE = 1.092553
Epoch = 6
	Train cost = 1.532197,	Krip Loss = 1.532197,	RMSE = 1.237819
	Test cost = 1.317719,	Krip Loss = 1.317719,	RMSE = 1.147919
	Test cost = 1.182543,	Krip Loss = 1.182543,	RMSE = 1.087448
Epoch = 7
	Train cost = 1.498378,	Krip Loss = 1.498378,	RMSE = 1.224082
	Test cost = 1.338835,	Krip Loss = 1.338835,	RMSE = 1.157080
	Test cost = 1.171487,	Krip Loss = 1.171487,	RMSE = 1.082353
Epoch = 8
	Train cost = 1.457918,	Krip Loss = 1.457918,	RMSE = 1.207443
	Test cost = 1.350432,	Krip Loss = 1.350432,	RMSE = 1.162081
	Test cost = 1.177906,	Krip Loss = 1.177906,	RMSE = 1.085314
Epoch = 9
	Train cost = 1.401757,	Krip Loss = 1.401757,	RMSE = 1.183958
	Test cost = 1.336582,	Krip Loss = 1.336582,	RMSE = 1.156106
	Test cost = 1.211025,	Krip Loss = 1.211025,	RMSE = 1.100466
Epoch = 10
