nohup: ignoring input
Couldn't import dot_parser, loading of dot files will not be possible.
WARNING (theano.sandbox.cuda): The cuda backend is deprecated and will be removed in the next release.  Please switch to the gpuarray backend. You can get more information about how to switch at this URL:
 https://github.com/Theano/Theano/wiki/Converting-to-the-new-gpu-back-end%28gpuarray%29

Using gpu device 1: GeForce GTX TITAN X (CNMeM is disabled, cuDNN 5103)
audio b
../data_info/AMT_Batch1_results_large.csv
../data_info/AMT_Batch2_results_large.csv
../data_info/AMT_Batch3_results_large.csv
../data_info/AMT_Batch4_results_large.csv
D10S1
D10S2
D11S1
D11S2
D12S1
D12S2
D16S2
D17S1
D18S1
D3S1
D3S2
D4S1
D4S2
D5S1
D5S2
D6S1
D6S2
D7S1
D7S2
D8S1
D8S2
D9S1
D9S2
Testing Dyad = 3
RMSE of Average Prediction = 1.091906
(3030, 300, 148) (382, 300, 148)
dec = True model = lstm lambda = 0.0 share = True
Compiling function
Compilation done 1
Compilation done 2
Epoch = 1
	Train cost = 0.998537,	Krip Loss = 0.998537,	RMSE = 2.990538
	Test cost = 0.999564,	Krip Loss = 0.999564,	RMSE = 3.148536
Epoch = 2
	Train cost = 0.997489,	Krip Loss = 0.997489,	RMSE = 2.935533
	Test cost = 0.999404,	Krip Loss = 0.999404,	RMSE = 3.101273
Epoch = 3
	Train cost = 0.996576,	Krip Loss = 0.996576,	RMSE = 2.883401
	Test cost = 0.999055,	Krip Loss = 0.999055,	RMSE = 3.028354
Epoch = 4
	Train cost = 0.995559,	Krip Loss = 0.995559,	RMSE = 2.822744
	Test cost = 0.998489,	Krip Loss = 0.998489,	RMSE = 2.935900
Epoch = 5
	Train cost = 0.994381,	Krip Loss = 0.994381,	RMSE = 2.755577
	Test cost = 0.997723,	Krip Loss = 0.997723,	RMSE = 2.833044
Epoch = 6
	Train cost = 0.993058,	Krip Loss = 0.993058,	RMSE = 2.685019
	Test cost = 0.996896,	Krip Loss = 0.996896,	RMSE = 2.729269
Epoch = 7
	Train cost = 0.991539,	Krip Loss = 0.991539,	RMSE = 2.612784
	Test cost = 0.996009,	Krip Loss = 0.996009,	RMSE = 2.623794
Epoch = 8
	Train cost = 0.989804,	Krip Loss = 0.989804,	RMSE = 2.539043
	Test cost = 0.995047,	Krip Loss = 0.995047,	RMSE = 2.517746
Epoch = 9
	Train cost = 0.987856,	Krip Loss = 0.987856,	RMSE = 2.464682
	Test cost = 0.994025,	Krip Loss = 0.994025,	RMSE = 2.411658
Epoch = 10
	Train cost = 0.985595,	Krip Loss = 0.985595,	RMSE = 2.389466
	Test cost = 0.992852,	Krip Loss = 0.992852,	RMSE = 2.305023
Epoch = 11
	Train cost = 0.983060,	Krip Loss = 0.983060,	RMSE = 2.313056
	Test cost = 0.991630,	Krip Loss = 0.991630,	RMSE = 2.200264
Epoch = 12
	Train cost = 0.980167,	Krip Loss = 0.980167,	RMSE = 2.235423
	Test cost = 0.990298,	Krip Loss = 0.990298,	RMSE = 2.097088
Epoch = 13
	Train cost = 0.976986,	Krip Loss = 0.976986,	RMSE = 2.157751
	Test cost = 0.989056,	Krip Loss = 0.989056,	RMSE = 2.000649
Epoch = 14
	Train cost = 0.973438,	Krip Loss = 0.973438,	RMSE = 2.078801
	Test cost = 0.987923,	Krip Loss = 0.987923,	RMSE = 1.911327
Epoch = 15
	Train cost = 0.969491,	Krip Loss = 0.969491,	RMSE = 1.999412
	Test cost = 0.986867,	Krip Loss = 0.986867,	RMSE = 1.828790
Epoch = 16
	Train cost = 0.965271,	Krip Loss = 0.965271,	RMSE = 1.919976
	Test cost = 0.986003,	Krip Loss = 0.986003,	RMSE = 1.756234
Epoch = 17
	Train cost = 0.960792,	Krip Loss = 0.960792,	RMSE = 1.845423
	Test cost = 0.985131,	Krip Loss = 0.985131,	RMSE = 1.695652
Epoch = 18
	Train cost = 0.956369,	Krip Loss = 0.956369,	RMSE = 1.778822
	Test cost = 0.984274,	Krip Loss = 0.984274,	RMSE = 1.645181
Epoch = 19
	Train cost = 0.951975,	Krip Loss = 0.951975,	RMSE = 1.719982
	Test cost = 0.983324,	Krip Loss = 0.983324,	RMSE = 1.601189
Epoch = 20
	Train cost = 0.947554,	Krip Loss = 0.947554,	RMSE = 1.665192
	Test cost = 0.982164,	Krip Loss = 0.982164,	RMSE = 1.560884
Epoch = 21
	Train cost = 0.943088,	Krip Loss = 0.943088,	RMSE = 1.613803
	Test cost = 0.980686,	Krip Loss = 0.980686,	RMSE = 1.522794
Epoch = 22
	Train cost = 0.938498,	Krip Loss = 0.938498,	RMSE = 1.565332
	Test cost = 0.978859,	Krip Loss = 0.978859,	RMSE = 1.483351
Epoch = 23
	Train cost = 0.933653,	Krip Loss = 0.933653,	RMSE = 1.518747
	Test cost = 0.976022,	Krip Loss = 0.976022,	RMSE = 1.435346
Epoch = 24
	Train cost = 0.928434,	Krip Loss = 0.928434,	RMSE = 1.477399
	Test cost = 0.971827,	Krip Loss = 0.971827,	RMSE = 1.380681
Epoch = 25
	Train cost = 0.923087,	Krip Loss = 0.923087,	RMSE = 1.436019
	Test cost = 0.967931,	Krip Loss = 0.967931,	RMSE = 1.344483
Epoch = 26
	Train cost = 0.917215,	Krip Loss = 0.917215,	RMSE = 1.400632
	Test cost = 0.964093,	Krip Loss = 0.964093,	RMSE = 1.320183
Epoch = 27
	Train cost = 0.910945,	Krip Loss = 0.910945,	RMSE = 1.363203
	Test cost = 0.959873,	Krip Loss = 0.959873,	RMSE = 1.298427
Epoch = 28
	Train cost = 0.904014,	Krip Loss = 0.904014,	RMSE = 1.329618
	Test cost = 0.954934,	Krip Loss = 0.954934,	RMSE = 1.276687
Epoch = 29
	Train cost = 0.896519,	Krip Loss = 0.896519,	RMSE = 1.295920
	Test cost = 0.948733,	Krip Loss = 0.948733,	RMSE = 1.251210
Epoch = 30
	Train cost = 0.888656,	Krip Loss = 0.888656,	RMSE = 1.265592
	Test cost = 0.941551,	Krip Loss = 0.941551,	RMSE = 1.224517
Epoch = 31
	Train cost = 0.880199,	Krip Loss = 0.880199,	RMSE = 1.235764
	Test cost = 0.935016,	Krip Loss = 0.935016,	RMSE = 1.201353
Epoch = 32
	Train cost = 0.871928,	Krip Loss = 0.871928,	RMSE = 1.211031
	Test cost = 0.928887,	Krip Loss = 0.928887,	RMSE = 1.182301
Epoch = 33
	Train cost = 0.863187,	Krip Loss = 0.863187,	RMSE = 1.187990
	Test cost = 0.922777,	Krip Loss = 0.922777,	RMSE = 1.166294
Epoch = 34
	Train cost = 0.855036,	Krip Loss = 0.855036,	RMSE = 1.170288
	Test cost = 0.915923,	Krip Loss = 0.915923,	RMSE = 1.151607
Epoch = 35
	Train cost = 0.845969,	Krip Loss = 0.845969,	RMSE = 1.152673
	Test cost = 0.907430,	Krip Loss = 0.907430,	RMSE = 1.137931
Epoch = 36
	Train cost = 0.837515,	Krip Loss = 0.837515,	RMSE = 1.139605
	Test cost = 0.897898,	Krip Loss = 0.897898,	RMSE = 1.123667
Epoch = 37
	Train cost = 0.829242,	Krip Loss = 0.829242,	RMSE = 1.129113
	Test cost = 0.887849,	Krip Loss = 0.887849,	RMSE = 1.111691
Epoch = 38
	Train cost = 0.820912,	Krip Loss = 0.820912,	RMSE = 1.119593
	Test cost = 0.877863,	Krip Loss = 0.877863,	RMSE = 1.100219
Epoch = 39
	Train cost = 0.813579,	Krip Loss = 0.813579,	RMSE = 1.110964
	Test cost = 0.868768,	Krip Loss = 0.868768,	RMSE = 1.091418
Epoch = 40
	Train cost = 0.805611,	Krip Loss = 0.805611,	RMSE = 1.103770
	Test cost = 0.861151,	Krip Loss = 0.861151,	RMSE = 1.082609
Epoch = 41
	Train cost = 0.798017,	Krip Loss = 0.798017,	RMSE = 1.095495
	Test cost = 0.853093,	Krip Loss = 0.853093,	RMSE = 1.075303
Epoch = 42
	Train cost = 0.790176,	Krip Loss = 0.790176,	RMSE = 1.088472
	Test cost = 0.846408,	Krip Loss = 0.846408,	RMSE = 1.069309
Epoch = 43
	Train cost = 0.782807,	Krip Loss = 0.782807,	RMSE = 1.081942
	Test cost = 0.839250,	Krip Loss = 0.839250,	RMSE = 1.066098
Epoch = 44
	Train cost = 0.775365,	Krip Loss = 0.775365,	RMSE = 1.077217
	Test cost = 0.832094,	Krip Loss = 0.832094,	RMSE = 1.063288
Epoch = 45
	Train cost = 0.767771,	Krip Loss = 0.767771,	RMSE = 1.072357
	Test cost = 0.824838,	Krip Loss = 0.824838,	RMSE = 1.060785
Epoch = 46
	Train cost = 0.760571,	Krip Loss = 0.760571,	RMSE = 1.068744
	Test cost = 0.817226,	Krip Loss = 0.817226,	RMSE = 1.058310
Epoch = 47
	Train cost = 0.753097,	Krip Loss = 0.753097,	RMSE = 1.064842
	Test cost = 0.809165,	Krip Loss = 0.809165,	RMSE = 1.056844
Epoch = 48
	Train cost = 0.745060,	Krip Loss = 0.745060,	RMSE = 1.061410
	Test cost = 0.800846,	Krip Loss = 0.800846,	RMSE = 1.055158
Epoch = 49
	Train cost = 0.737711,	Krip Loss = 0.737711,	RMSE = 1.058061
	Test cost = 0.792114,	Krip Loss = 0.792114,	RMSE = 1.055499
Epoch = 50
	Train cost = 0.730244,	Krip Loss = 0.730244,	RMSE = 1.055590
	Test cost = 0.784025,	Krip Loss = 0.784025,	RMSE = 1.055637
Epoch = 51
	Train cost = 0.722966,	Krip Loss = 0.722966,	RMSE = 1.052820
	Test cost = 0.774970,	Krip Loss = 0.774970,	RMSE = 1.057023
Epoch = 52
	Train cost = 0.716359,	Krip Loss = 0.716359,	RMSE = 1.051552
	Test cost = 0.767142,	Krip Loss = 0.767142,	RMSE = 1.058082
Epoch = 53
	Train cost = 0.708375,	Krip Loss = 0.708375,	RMSE = 1.047295
	Test cost = 0.758953,	Krip Loss = 0.758953,	RMSE = 1.063048
Epoch = 54
	Train cost = 0.701130,	Krip Loss = 0.701130,	RMSE = 1.045576
	Test cost = 0.751478,	Krip Loss = 0.751478,	RMSE = 1.064994
Epoch = 55
	Train cost = 0.694719,	Krip Loss = 0.694719,	RMSE = 1.042214
	Test cost = 0.747163,	Krip Loss = 0.747163,	RMSE = 1.073065
Epoch = 56
	Train cost = 0.689432,	Krip Loss = 0.689432,	RMSE = 1.038368
	Test cost = 0.749664,	Krip Loss = 0.749664,	RMSE = 1.085200
Epoch = 57
	Train cost = 0.682833,	Krip Loss = 0.682833,	RMSE = 1.037630
	Test cost = 0.744020,	Krip Loss = 0.744020,	RMSE = 1.091355
Epoch = 58
	Train cost = 0.675586,	Krip Loss = 0.675586,	RMSE = 1.032039
	Test cost = 0.738812,	Krip Loss = 0.738812,	RMSE = 1.079689
Epoch = 59
	Train cost = 0.669318,	Krip Loss = 0.669318,	RMSE = 1.029035
	Test cost = 0.733655,	Krip Loss = 0.733655,	RMSE = 1.093264
Epoch = 60
	Train cost = 0.663324,	Krip Loss = 0.663324,	RMSE = 1.022965
	Test cost = 0.736882,	Krip Loss = 0.736882,	RMSE = 1.091039
Testing Dyad = 4
RMSE of Average Prediction = 1.768327
(3206, 300, 148) (206, 300, 148)
dec = True model = lstm lambda = 0.0 share = True
Compiling function
Compilation done 1
Compilation done 2
Epoch = 1
	Train cost = 0.999230,	Krip Loss = 0.999230,	RMSE = 3.065820
	Test cost = 0.994619,	Krip Loss = 0.994619,	RMSE = 2.134521
Epoch = 2
	Train cost = 0.998383,	Krip Loss = 0.998383,	RMSE = 3.031661
	Test cost = 0.993313,	Krip Loss = 0.993313,	RMSE = 2.124581
Epoch = 3
	Train cost = 0.997692,	Krip Loss = 0.997692,	RMSE = 3.007591
	Test cost = 0.992015,	Krip Loss = 0.992015,	RMSE = 2.100729
Epoch = 4
	Train cost = 0.996987,	Krip Loss = 0.996987,	RMSE = 2.972748
	Test cost = 0.990743,	Krip Loss = 0.990743,	RMSE = 2.065214
Epoch = 5
	Train cost = 0.996170,	Krip Loss = 0.996170,	RMSE = 2.927529
	Test cost = 0.989057,	Krip Loss = 0.989057,	RMSE = 2.019008
Epoch = 6
	Train cost = 0.995214,	Krip Loss = 0.995214,	RMSE = 2.872566
	Test cost = 0.986690,	Krip Loss = 0.986690,	RMSE = 1.961588
Epoch = 7
	Train cost = 0.994095,	Krip Loss = 0.994095,	RMSE = 2.808831
	Test cost = 0.983748,	Krip Loss = 0.983748,	RMSE = 1.894178
Epoch = 8
	Train cost = 0.992771,	Krip Loss = 0.992771,	RMSE = 2.738835
	Test cost = 0.979938,	Krip Loss = 0.979938,	RMSE = 1.820566
Epoch = 9
	Train cost = 0.991239,	Krip Loss = 0.991239,	RMSE = 2.663646
	Test cost = 0.975555,	Krip Loss = 0.975555,	RMSE = 1.741060
Epoch = 10
	Train cost = 0.989501,	Krip Loss = 0.989501,	RMSE = 2.584948
	Test cost = 0.969918,	Krip Loss = 0.969918,	RMSE = 1.658769
Epoch = 11
	Train cost = 0.987529,	Krip Loss = 0.987529,	RMSE = 2.504273
	Test cost = 0.963690,	Krip Loss = 0.963690,	RMSE = 1.578421
Epoch = 12
	Train cost = 0.985207,	Krip Loss = 0.985207,	RMSE = 2.422254
	Test cost = 0.956855,	Krip Loss = 0.956855,	RMSE = 1.500651
Epoch = 13
	Train cost = 0.982601,	Krip Loss = 0.982601,	RMSE = 2.338252
	Test cost = 0.949296,	Krip Loss = 0.949296,	RMSE = 1.429007
Epoch = 14
	Train cost = 0.979610,	Krip Loss = 0.979610,	RMSE = 2.253674
	Test cost = 0.941312,	Krip Loss = 0.941312,	RMSE = 1.365350
Epoch = 15
	Train cost = 0.976310,	Krip Loss = 0.976310,	RMSE = 2.167897
	Test cost = 0.932873,	Krip Loss = 0.932873,	RMSE = 1.310818
Epoch = 16
	Train cost = 0.972444,	Krip Loss = 0.972444,	RMSE = 2.081049
	Test cost = 0.924555,	Krip Loss = 0.924555,	RMSE = 1.266877
Epoch = 17
	Train cost = 0.968262,	Krip Loss = 0.968262,	RMSE = 1.994073
	Test cost = 0.916476,	Krip Loss = 0.916476,	RMSE = 1.234607
Epoch = 18
	Train cost = 0.963716,	Krip Loss = 0.963716,	RMSE = 1.910196
	Test cost = 0.908351,	Krip Loss = 0.908351,	RMSE = 1.214174
Epoch = 19
	Train cost = 0.959006,	Krip Loss = 0.959006,	RMSE = 1.834792
	Test cost = 0.899729,	Krip Loss = 0.899729,	RMSE = 1.202849
Epoch = 20
	Train cost = 0.954485,	Krip Loss = 0.954485,	RMSE = 1.768708
	Test cost = 0.891517,	Krip Loss = 0.891517,	RMSE = 1.197589
Epoch = 21
	Train cost = 0.949632,	Krip Loss = 0.949632,	RMSE = 1.706678
	Test cost = 0.882428,	Krip Loss = 0.882428,	RMSE = 1.196750
Epoch = 22
	Train cost = 0.944434,	Krip Loss = 0.944434,	RMSE = 1.644881
	Test cost = 0.874783,	Krip Loss = 0.874783,	RMSE = 1.201946
Epoch = 23
	Train cost = 0.938954,	Krip Loss = 0.938954,	RMSE = 1.585244
	Test cost = 0.868985,	Krip Loss = 0.868985,	RMSE = 1.214562
Epoch = 24
	Train cost = 0.932913,	Krip Loss = 0.932913,	RMSE = 1.522894
	Test cost = 0.866117,	Krip Loss = 0.866117,	RMSE = 1.235207
Epoch = 25
	Train cost = 0.926492,	Krip Loss = 0.926492,	RMSE = 1.466484
	Test cost = 0.865382,	Krip Loss = 0.865382,	RMSE = 1.261361
Epoch = 26
	Train cost = 0.919699,	Krip Loss = 0.919699,	RMSE = 1.412099
	Test cost = 0.865446,	Krip Loss = 0.865446,	RMSE = 1.290088
Epoch = 27
	Train cost = 0.912715,	Krip Loss = 0.912715,	RMSE = 1.365879
	Test cost = 0.864695,	Krip Loss = 0.864695,	RMSE = 1.318336
Epoch = 28
	Train cost = 0.905226,	Krip Loss = 0.905226,	RMSE = 1.321354
	Test cost = 0.863877,	Krip Loss = 0.863877,	RMSE = 1.347686
Epoch = 29
	Train cost = 0.897458,	Krip Loss = 0.897458,	RMSE = 1.282852
	Test cost = 0.862778,	Krip Loss = 0.862778,	RMSE = 1.374430
Epoch = 30
	Train cost = 0.888766,	Krip Loss = 0.888766,	RMSE = 1.244766
	Test cost = 0.860477,	Krip Loss = 0.860477,	RMSE = 1.398811
Epoch = 31
	Train cost = 0.880119,	Krip Loss = 0.880119,	RMSE = 1.214154
	Test cost = 0.857651,	Krip Loss = 0.857651,	RMSE = 1.421885
Epoch = 32
	Train cost = 0.870917,	Krip Loss = 0.870917,	RMSE = 1.185497
	Test cost = 0.854212,	Krip Loss = 0.854212,	RMSE = 1.445102
Epoch = 33
	Train cost = 0.862406,	Krip Loss = 0.862406,	RMSE = 1.165322
	Test cost = 0.850684,	Krip Loss = 0.850684,	RMSE = 1.468253
Epoch = 34
	Train cost = 0.852433,	Krip Loss = 0.852433,	RMSE = 1.143423
	Test cost = 0.845346,	Krip Loss = 0.845346,	RMSE = 1.488353
Epoch = 35
	Train cost = 0.843816,	Krip Loss = 0.843816,	RMSE = 1.131683
	Test cost = 0.840754,	Krip Loss = 0.840754,	RMSE = 1.502886
Epoch = 36
	Train cost = 0.834365,	Krip Loss = 0.834365,	RMSE = 1.117838
	Test cost = 0.835550,	Krip Loss = 0.835550,	RMSE = 1.507553
Epoch = 37
	Train cost = 0.826293,	Krip Loss = 0.826293,	RMSE = 1.110124
	Test cost = 0.830011,	Krip Loss = 0.830011,	RMSE = 1.505723
Epoch = 38
	Train cost = 0.817697,	Krip Loss = 0.817697,	RMSE = 1.099458
	Test cost = 0.821273,	Krip Loss = 0.821273,	RMSE = 1.491552
Epoch = 39
	Train cost = 0.810437,	Krip Loss = 0.810437,	RMSE = 1.094367
	Test cost = 0.814384,	Krip Loss = 0.814384,	RMSE = 1.480439
Epoch = 40
	Train cost = 0.803575,	Krip Loss = 0.803575,	RMSE = 1.087350
	Test cost = 0.807833,	Krip Loss = 0.807833,	RMSE = 1.467004
Epoch = 41
	Train cost = 0.796288,	Krip Loss = 0.796288,	RMSE = 1.081495
	Test cost = 0.800106,	Krip Loss = 0.800106,	RMSE = 1.452534
Epoch = 42
	Train cost = 0.789725,	Krip Loss = 0.789725,	RMSE = 1.075305
	Test cost = 0.794428,	Krip Loss = 0.794428,	RMSE = 1.437457
Epoch = 43
	Train cost = 0.782258,	Krip Loss = 0.782258,	RMSE = 1.068708
	Test cost = 0.786894,	Krip Loss = 0.786894,	RMSE = 1.422146
Epoch = 44
	Train cost = 0.775731,	Krip Loss = 0.775731,	RMSE = 1.063013
	Test cost = 0.781166,	Krip Loss = 0.781166,	RMSE = 1.411838
Epoch = 45
	Train cost = 0.768365,	Krip Loss = 0.768365,	RMSE = 1.057102
	Test cost = 0.773941,	Krip Loss = 0.773941,	RMSE = 1.402098
Epoch = 46
	Train cost = 0.762280,	Krip Loss = 0.762280,	RMSE = 1.052857
	Test cost = 0.768402,	Krip Loss = 0.768402,	RMSE = 1.394150
Epoch = 47
	Train cost = 0.755118,	Krip Loss = 0.755118,	RMSE = 1.047077
	Test cost = 0.760960,	Krip Loss = 0.760960,	RMSE = 1.383906
Epoch = 48
	Train cost = 0.748726,	Krip Loss = 0.748726,	RMSE = 1.043122
	Test cost = 0.755552,	Krip Loss = 0.755552,	RMSE = 1.375725
Epoch = 49
	Train cost = 0.741276,	Krip Loss = 0.741276,	RMSE = 1.037036
	Test cost = 0.747254,	Krip Loss = 0.747254,	RMSE = 1.363634
Epoch = 50
	Train cost = 0.734191,	Krip Loss = 0.734191,	RMSE = 1.032057
	Test cost = 0.740440,	Krip Loss = 0.740440,	RMSE = 1.352779
Epoch = 51
	Train cost = 0.726935,	Krip Loss = 0.726935,	RMSE = 1.026923
	Test cost = 0.732666,	Krip Loss = 0.732666,	RMSE = 1.339253
Epoch = 52
	Train cost = 0.719813,	Krip Loss = 0.719813,	RMSE = 1.022463
	Test cost = 0.724162,	Krip Loss = 0.724162,	RMSE = 1.323184
Epoch = 53
	Train cost = 0.712560,	Krip Loss = 0.712560,	RMSE = 1.018533
	Test cost = 0.714933,	Krip Loss = 0.714933,	RMSE = 1.308233
Epoch = 54
	Train cost = 0.705123,	Krip Loss = 0.705123,	RMSE = 1.015055
	Test cost = 0.705918,	Krip Loss = 0.705918,	RMSE = 1.292862
Epoch = 55
	Train cost = 0.698159,	Krip Loss = 0.698159,	RMSE = 1.012898
	Test cost = 0.696758,	Krip Loss = 0.696758,	RMSE = 1.280320
Epoch = 56
	Train cost = 0.690866,	Krip Loss = 0.690866,	RMSE = 1.010295
	Test cost = 0.686697,	Krip Loss = 0.686697,	RMSE = 1.267325
Epoch = 57
	Train cost = 0.684179,	Krip Loss = 0.684179,	RMSE = 1.009032
	Test cost = 0.678923,	Krip Loss = 0.678923,	RMSE = 1.255295
Epoch = 58
	Train cost = 0.677798,	Krip Loss = 0.677798,	RMSE = 1.006985
	Test cost = 0.670892,	Krip Loss = 0.670892,	RMSE = 1.245642
Epoch = 59
	Train cost = 0.671845,	Krip Loss = 0.671845,	RMSE = 1.005526
	Test cost = 0.662793,	Krip Loss = 0.662793,	RMSE = 1.239558
Epoch = 60
	Train cost = 0.665688,	Krip Loss = 0.665688,	RMSE = 1.003336
	Test cost = 0.657453,	Krip Loss = 0.657453,	RMSE = 1.232167
Testing Dyad = 7
RMSE of Average Prediction = 1.252923
(3016, 300, 148) (396, 300, 148)
dec = True model = lstm lambda = 0.0 share = True
Compiling function
Compilation done 1
Compilation done 2
Epoch = 1
	Train cost = 0.999171,	Krip Loss = 0.999171,	RMSE = 2.972210
	Test cost = 1.000485,	Krip Loss = 1.000485,	RMSE = 3.292123
Epoch = 2
	Train cost = 0.997951,	Krip Loss = 0.997951,	RMSE = 2.933695
	Test cost = 1.000346,	Krip Loss = 1.000346,	RMSE = 3.272243
Epoch = 3
	Train cost = 0.996879,	Krip Loss = 0.996879,	RMSE = 2.897329
	Test cost = 1.000260,	Krip Loss = 1.000260,	RMSE = 3.232389
Epoch = 4
	Train cost = 0.995683,	Krip Loss = 0.995683,	RMSE = 2.844213
	Test cost = 1.000157,	Krip Loss = 1.000157,	RMSE = 3.177752
Epoch = 5
	Train cost = 0.994275,	Krip Loss = 0.994275,	RMSE = 2.777384
	Test cost = 1.000047,	Krip Loss = 1.000047,	RMSE = 3.110101
Epoch = 6
	Train cost = 0.992607,	Krip Loss = 0.992607,	RMSE = 2.700844
	Test cost = 0.999986,	Krip Loss = 0.999986,	RMSE = 3.032936
Epoch = 7
	Train cost = 0.990592,	Krip Loss = 0.990592,	RMSE = 2.616680
	Test cost = 0.999941,	Krip Loss = 0.999941,	RMSE = 2.949013
Epoch = 8
	Train cost = 0.988259,	Krip Loss = 0.988259,	RMSE = 2.528692
	Test cost = 0.999995,	Krip Loss = 0.999995,	RMSE = 2.863006
Epoch = 9
	Train cost = 0.985633,	Krip Loss = 0.985633,	RMSE = 2.440446
	Test cost = 1.000000,	Krip Loss = 1.000000,	RMSE = 2.776939
Epoch = 10
	Train cost = 0.982574,	Krip Loss = 0.982574,	RMSE = 2.353262
	Test cost = 0.999941,	Krip Loss = 0.999941,	RMSE = 2.690335
Epoch = 11
	Train cost = 0.978936,	Krip Loss = 0.978936,	RMSE = 2.267931
	Test cost = 1.000107,	Krip Loss = 1.000107,	RMSE = 2.605619
Epoch = 12
	Train cost = 0.974923,	Krip Loss = 0.974923,	RMSE = 2.184548
	Test cost = 1.000203,	Krip Loss = 1.000203,	RMSE = 2.521884
Epoch = 13
	Train cost = 0.970279,	Krip Loss = 0.970279,	RMSE = 2.102820
	Test cost = 1.000191,	Krip Loss = 1.000191,	RMSE = 2.439316
Epoch = 14
	Train cost = 0.965338,	Krip Loss = 0.965338,	RMSE = 2.026224
	Test cost = 1.000040,	Krip Loss = 1.000040,	RMSE = 2.362710
Epoch = 15
	Train cost = 0.960146,	Krip Loss = 0.960146,	RMSE = 1.957923
	Test cost = 0.999938,	Krip Loss = 0.999938,	RMSE = 2.298063
Epoch = 16
	Train cost = 0.954862,	Krip Loss = 0.954862,	RMSE = 1.900287
	Test cost = 0.999801,	Krip Loss = 0.999801,	RMSE = 2.247654
Epoch = 17
	Train cost = 0.949604,	Krip Loss = 0.949604,	RMSE = 1.851367
	Test cost = 0.999667,	Krip Loss = 0.999667,	RMSE = 2.208240
Epoch = 18
	Train cost = 0.943891,	Krip Loss = 0.943891,	RMSE = 1.807461
	Test cost = 0.999377,	Krip Loss = 0.999377,	RMSE = 2.172652
Epoch = 19
	Train cost = 0.938252,	Krip Loss = 0.938252,	RMSE = 1.764378
	Test cost = 0.999119,	Krip Loss = 0.999119,	RMSE = 2.135833
Epoch = 20
	Train cost = 0.932656,	Krip Loss = 0.932656,	RMSE = 1.719011
	Test cost = 0.998961,	Krip Loss = 0.998961,	RMSE = 2.096702
Epoch = 21
	Train cost = 0.926984,	Krip Loss = 0.926984,	RMSE = 1.673706
	Test cost = 0.998690,	Krip Loss = 0.998690,	RMSE = 2.053499
Epoch = 22
	Train cost = 0.921365,	Krip Loss = 0.921365,	RMSE = 1.628701
	Test cost = 0.998531,	Krip Loss = 0.998531,	RMSE = 2.007317
Epoch = 23
	Train cost = 0.915429,	Krip Loss = 0.915429,	RMSE = 1.581361
	Test cost = 0.998310,	Krip Loss = 0.998310,	RMSE = 1.957187
Epoch = 24
	Train cost = 0.909669,	Krip Loss = 0.909669,	RMSE = 1.537995
	Test cost = 0.998125,	Krip Loss = 0.998125,	RMSE = 1.909467
Epoch = 25
	Train cost = 0.903511,	Krip Loss = 0.903511,	RMSE = 1.495197
	Test cost = 0.997843,	Krip Loss = 0.997843,	RMSE = 1.862509
Epoch = 26
	Train cost = 0.897294,	Krip Loss = 0.897294,	RMSE = 1.458197
	Test cost = 0.997533,	Krip Loss = 0.997533,	RMSE = 1.817560
Epoch = 27
	Train cost = 0.890967,	Krip Loss = 0.890967,	RMSE = 1.423032
	Test cost = 0.997094,	Krip Loss = 0.997094,	RMSE = 1.773314
Epoch = 28
	Train cost = 0.883988,	Krip Loss = 0.883988,	RMSE = 1.389393
	Test cost = 0.996500,	Krip Loss = 0.996500,	RMSE = 1.727435
Epoch = 29
	Train cost = 0.876747,	Krip Loss = 0.876747,	RMSE = 1.354947
	Test cost = 0.995961,	Krip Loss = 0.995961,	RMSE = 1.680781
Epoch = 30
	Train cost = 0.868802,	Krip Loss = 0.868802,	RMSE = 1.323963
	Test cost = 0.995272,	Krip Loss = 0.995272,	RMSE = 1.633122
Epoch = 31
	Train cost = 0.860350,	Krip Loss = 0.860350,	RMSE = 1.291633
	Test cost = 0.994477,	Krip Loss = 0.994477,	RMSE = 1.585698
Epoch = 32
	Train cost = 0.851051,	Krip Loss = 0.851051,	RMSE = 1.262992
	Test cost = 0.993428,	Krip Loss = 0.993428,	RMSE = 1.538408
Epoch = 33
	Train cost = 0.841758,	Krip Loss = 0.841758,	RMSE = 1.234408
	Test cost = 0.992271,	Krip Loss = 0.992271,	RMSE = 1.496295
Epoch = 34
	Train cost = 0.832646,	Krip Loss = 0.832646,	RMSE = 1.214581
	Test cost = 0.991376,	Krip Loss = 0.991376,	RMSE = 1.464088
Epoch = 35
	Train cost = 0.823198,	Krip Loss = 0.823198,	RMSE = 1.193211
	Test cost = 0.990312,	Krip Loss = 0.990312,	RMSE = 1.438028
Epoch = 36
	Train cost = 0.814482,	Krip Loss = 0.814482,	RMSE = 1.180837
	Test cost = 0.988991,	Krip Loss = 0.988991,	RMSE = 1.415270
Epoch = 37
	Train cost = 0.805046,	Krip Loss = 0.805046,	RMSE = 1.163818
	Test cost = 0.987701,	Krip Loss = 0.987701,	RMSE = 1.397060
Epoch = 38
	Train cost = 0.795879,	Krip Loss = 0.795879,	RMSE = 1.154199
	Test cost = 0.986456,	Krip Loss = 0.986456,	RMSE = 1.383371
Epoch = 39
	Train cost = 0.786704,	Krip Loss = 0.786704,	RMSE = 1.140331
	Test cost = 0.985216,	Krip Loss = 0.985216,	RMSE = 1.370003
Epoch = 40
	Train cost = 0.778231,	Krip Loss = 0.778231,	RMSE = 1.130296
	Test cost = 0.983532,	Krip Loss = 0.983532,	RMSE = 1.357827
Epoch = 41
	Train cost = 0.769985,	Krip Loss = 0.769985,	RMSE = 1.119815
	Test cost = 0.981771,	Krip Loss = 0.981771,	RMSE = 1.345796
Epoch = 42
	Train cost = 0.762607,	Krip Loss = 0.762607,	RMSE = 1.110820
	Test cost = 0.979573,	Krip Loss = 0.979573,	RMSE = 1.333371
Epoch = 43
	Train cost = 0.755599,	Krip Loss = 0.755599,	RMSE = 1.101667
	Test cost = 0.977471,	Krip Loss = 0.977471,	RMSE = 1.321820
Epoch = 44
	Train cost = 0.748945,	Krip Loss = 0.748945,	RMSE = 1.095138
	Test cost = 0.976093,	Krip Loss = 0.976093,	RMSE = 1.311246
Epoch = 45
	Train cost = 0.742613,	Krip Loss = 0.742613,	RMSE = 1.085949
	Test cost = 0.973688,	Krip Loss = 0.973688,	RMSE = 1.301820
Epoch = 46
	Train cost = 0.736389,	Krip Loss = 0.736389,	RMSE = 1.080500
	Test cost = 0.971989,	Krip Loss = 0.971989,	RMSE = 1.292276
Epoch = 47
	Train cost = 0.730382,	Krip Loss = 0.730382,	RMSE = 1.073534
	Test cost = 0.970544,	Krip Loss = 0.970544,	RMSE = 1.286404
Epoch = 48
	Train cost = 0.723921,	Krip Loss = 0.723921,	RMSE = 1.067073
	Test cost = 0.969455,	Krip Loss = 0.969455,	RMSE = 1.279396
Epoch = 49
	Train cost = 0.718971,	Krip Loss = 0.718971,	RMSE = 1.062681
	Test cost = 0.967387,	Krip Loss = 0.967387,	RMSE = 1.273259
Epoch = 50
	Train cost = 0.712858,	Krip Loss = 0.712858,	RMSE = 1.057317
	Test cost = 0.965364,	Krip Loss = 0.965364,	RMSE = 1.268187
Epoch = 51
	Train cost = 0.705844,	Krip Loss = 0.705844,	RMSE = 1.049581
	Test cost = 0.963617,	Krip Loss = 0.963617,	RMSE = 1.263431
Epoch = 52
	Train cost = 0.700746,	Krip Loss = 0.700746,	RMSE = 1.046440
	Test cost = 0.962278,	Krip Loss = 0.962278,	RMSE = 1.260505
Epoch = 53
	Train cost = 0.694068,	Krip Loss = 0.694068,	RMSE = 1.040881
	Test cost = 0.959618,	Krip Loss = 0.959618,	RMSE = 1.255879
Epoch = 54
	Train cost = 0.688895,	Krip Loss = 0.688895,	RMSE = 1.036232
	Test cost = 0.957519,	Krip Loss = 0.957519,	RMSE = 1.252730
Epoch = 55
	Train cost = 0.681295,	Krip Loss = 0.681295,	RMSE = 1.030732
	Test cost = 0.955427,	Krip Loss = 0.955427,	RMSE = 1.250110
Epoch = 56
	Train cost = 0.674233,	Krip Loss = 0.674233,	RMSE = 1.025044
	Test cost = 0.953216,	Krip Loss = 0.953216,	RMSE = 1.248475
Epoch = 57
	Train cost = 0.666953,	Krip Loss = 0.666953,	RMSE = 1.018519
	Test cost = 0.951779,	Krip Loss = 0.951779,	RMSE = 1.248845
Epoch = 58
	Train cost = 0.659244,	Krip Loss = 0.659244,	RMSE = 1.012950
	Test cost = 0.950099,	Krip Loss = 0.950099,	RMSE = 1.247351
Epoch = 59
	Train cost = 0.652548,	Krip Loss = 0.652548,	RMSE = 1.008897
	Test cost = 0.948856,	Krip Loss = 0.948856,	RMSE = 1.246254
Epoch = 60
	Train cost = 0.645651,	Krip Loss = 0.645651,	RMSE = 1.001910
	Test cost = 0.945422,	Krip Loss = 0.945422,	RMSE = 1.242501
Testing Dyad = 8
RMSE of Average Prediction = 1.482276
(3076, 300, 148) (336, 300, 148)
dec = True model = lstm lambda = 0.0 share = True
Compiling function
Compilation done 1
Compilation done 2
Epoch = 1
	Train cost = 0.999774,	Krip Loss = 0.999774,	RMSE = 3.116346
	Test cost = 0.990802,	Krip Loss = 0.990802,	RMSE = 2.122972
Epoch = 2
	Train cost = 0.998975,	Krip Loss = 0.998975,	RMSE = 3.113413
	Test cost = 0.990487,	Krip Loss = 0.990487,	RMSE = 2.142118
Epoch = 3
	Train cost = 0.998279,	Krip Loss = 0.998279,	RMSE = 3.120551
	Test cost = 0.990116,	Krip Loss = 0.990116,	RMSE = 2.141848
Epoch = 4
	Train cost = 0.997560,	Krip Loss = 0.997560,	RMSE = 3.109306
	Test cost = 0.989389,	Krip Loss = 0.989389,	RMSE = 2.123792
Epoch = 5
	Train cost = 0.996754,	Krip Loss = 0.996754,	RMSE = 3.082820
	Test cost = 0.988324,	Krip Loss = 0.988324,	RMSE = 2.092391
Epoch = 6
	Train cost = 0.995834,	Krip Loss = 0.995834,	RMSE = 3.046517
	Test cost = 0.986886,	Krip Loss = 0.986886,	RMSE = 2.052029
Epoch = 7
	Train cost = 0.994813,	Krip Loss = 0.994813,	RMSE = 3.001357
	Test cost = 0.984997,	Krip Loss = 0.984997,	RMSE = 2.003223
Epoch = 8
	Train cost = 0.993668,	Krip Loss = 0.993668,	RMSE = 2.948559
	Test cost = 0.982711,	Krip Loss = 0.982711,	RMSE = 1.946363
Epoch = 9
	Train cost = 0.992366,	Krip Loss = 0.992366,	RMSE = 2.887928
	Test cost = 0.979898,	Krip Loss = 0.979898,	RMSE = 1.879398
Epoch = 10
	Train cost = 0.990857,	Krip Loss = 0.990857,	RMSE = 2.818345
	Test cost = 0.976388,	Krip Loss = 0.976388,	RMSE = 1.800678
Epoch = 11
	Train cost = 0.989094,	Krip Loss = 0.989094,	RMSE = 2.740798
	Test cost = 0.971924,	Krip Loss = 0.971924,	RMSE = 1.713578
Epoch = 12
	Train cost = 0.987071,	Krip Loss = 0.987071,	RMSE = 2.657615
	Test cost = 0.966922,	Krip Loss = 0.966922,	RMSE = 1.620982
Epoch = 13
	Train cost = 0.984798,	Krip Loss = 0.984798,	RMSE = 2.569856
	Test cost = 0.960862,	Krip Loss = 0.960862,	RMSE = 1.525492
Epoch = 14
	Train cost = 0.982077,	Krip Loss = 0.982077,	RMSE = 2.480614
	Test cost = 0.953833,	Krip Loss = 0.953833,	RMSE = 1.433151
Epoch = 15
	Train cost = 0.979157,	Krip Loss = 0.979157,	RMSE = 2.392322
	Test cost = 0.945830,	Krip Loss = 0.945830,	RMSE = 1.343761
Epoch = 16
	Train cost = 0.975776,	Krip Loss = 0.975776,	RMSE = 2.305646
	Test cost = 0.936747,	Krip Loss = 0.936747,	RMSE = 1.259566
Epoch = 17
	Train cost = 0.972013,	Krip Loss = 0.972013,	RMSE = 2.219681
	Test cost = 0.926912,	Krip Loss = 0.926912,	RMSE = 1.183216
Epoch = 18
	Train cost = 0.967845,	Krip Loss = 0.967845,	RMSE = 2.138021
	Test cost = 0.916292,	Krip Loss = 0.916292,	RMSE = 1.116944
Epoch = 19
	Train cost = 0.963266,	Krip Loss = 0.963266,	RMSE = 2.057849
	Test cost = 0.905518,	Krip Loss = 0.905518,	RMSE = 1.058309
Epoch = 20
	Train cost = 0.958568,	Krip Loss = 0.958568,	RMSE = 1.980705
	Test cost = 0.894633,	Krip Loss = 0.894633,	RMSE = 1.011158
Epoch = 21
	Train cost = 0.953473,	Krip Loss = 0.953473,	RMSE = 1.903410
	Test cost = 0.885093,	Krip Loss = 0.885093,	RMSE = 0.971722
Epoch = 22
	Train cost = 0.948236,	Krip Loss = 0.948236,	RMSE = 1.826855
	Test cost = 0.876086,	Krip Loss = 0.876086,	RMSE = 0.943815
Epoch = 23
	Train cost = 0.942829,	Krip Loss = 0.942829,	RMSE = 1.751699
	Test cost = 0.868291,	Krip Loss = 0.868291,	RMSE = 0.928399
Epoch = 24
	Train cost = 0.936938,	Krip Loss = 0.936938,	RMSE = 1.681833
	Test cost = 0.861957,	Krip Loss = 0.861957,	RMSE = 0.924386
Epoch = 25
	Train cost = 0.930394,	Krip Loss = 0.930394,	RMSE = 1.613240
	Test cost = 0.856617,	Krip Loss = 0.856617,	RMSE = 0.928722
Epoch = 26
	Train cost = 0.923023,	Krip Loss = 0.923023,	RMSE = 1.546649
	Test cost = 0.854245,	Krip Loss = 0.854245,	RMSE = 0.941370
Epoch = 27
	Train cost = 0.915577,	Krip Loss = 0.915577,	RMSE = 1.488345
	Test cost = 0.854984,	Krip Loss = 0.854984,	RMSE = 0.967215
Epoch = 28
	Train cost = 0.907284,	Krip Loss = 0.907284,	RMSE = 1.432910
	Test cost = 0.859132,	Krip Loss = 0.859132,	RMSE = 1.001190
Epoch = 29
	Train cost = 0.898569,	Krip Loss = 0.898569,	RMSE = 1.379259
	Test cost = 0.864655,	Krip Loss = 0.864655,	RMSE = 1.042910
Epoch = 30
	Train cost = 0.888873,	Krip Loss = 0.888873,	RMSE = 1.326617
	Test cost = 0.870806,	Krip Loss = 0.870806,	RMSE = 1.092059
Epoch = 31
	Train cost = 0.878386,	Krip Loss = 0.878386,	RMSE = 1.279125
	Test cost = 0.877666,	Krip Loss = 0.877666,	RMSE = 1.146452
Testing Dyad = 9
RMSE of Average Prediction = 0.944229
(3030, 300, 148) (382, 300, 148)
dec = True model = lstm lambda = 0.0 share = True
Compiling function
Compilation done 1
Compilation done 2
Epoch = 1
	Train cost = 0.998515,	Krip Loss = 0.998515,	RMSE = 3.021563
	Test cost = 0.997739,	Krip Loss = 0.997739,	RMSE = 2.999104
Epoch = 2
	Train cost = 0.997538,	Krip Loss = 0.997538,	RMSE = 2.982260
	Test cost = 0.997842,	Krip Loss = 0.997842,	RMSE = 2.957255
Epoch = 3
	Train cost = 0.996627,	Krip Loss = 0.996627,	RMSE = 2.940951
	Test cost = 0.997882,	Krip Loss = 0.997882,	RMSE = 2.899030
Epoch = 4
	Train cost = 0.995612,	Krip Loss = 0.995612,	RMSE = 2.885313
	Test cost = 0.997860,	Krip Loss = 0.997860,	RMSE = 2.829941
Epoch = 5
	Train cost = 0.994426,	Krip Loss = 0.994426,	RMSE = 2.819529
	Test cost = 0.997769,	Krip Loss = 0.997769,	RMSE = 2.752002
Epoch = 6
	Train cost = 0.993070,	Krip Loss = 0.993070,	RMSE = 2.746389
	Test cost = 0.997640,	Krip Loss = 0.997640,	RMSE = 2.667020
Epoch = 7
	Train cost = 0.991535,	Krip Loss = 0.991535,	RMSE = 2.668937
	Test cost = 0.997615,	Krip Loss = 0.997615,	RMSE = 2.578429
Epoch = 8
	Train cost = 0.989730,	Krip Loss = 0.989730,	RMSE = 2.590071
	Test cost = 0.997243,	Krip Loss = 0.997243,	RMSE = 2.489687
Epoch = 9
	Train cost = 0.987680,	Krip Loss = 0.987680,	RMSE = 2.511175
	Test cost = 0.996885,	Krip Loss = 0.996885,	RMSE = 2.402518
Epoch = 10
	Train cost = 0.985327,	Krip Loss = 0.985327,	RMSE = 2.431918
	Test cost = 0.996583,	Krip Loss = 0.996583,	RMSE = 2.316893
Epoch = 11
	Train cost = 0.982698,	Krip Loss = 0.982698,	RMSE = 2.352484
	Test cost = 0.996255,	Krip Loss = 0.996255,	RMSE = 2.230276
Epoch = 12
	Train cost = 0.979770,	Krip Loss = 0.979770,	RMSE = 2.274552
	Test cost = 0.995999,	Krip Loss = 0.995999,	RMSE = 2.145860
Epoch = 13
	Train cost = 0.976494,	Krip Loss = 0.976494,	RMSE = 2.198531
	Test cost = 0.995343,	Krip Loss = 0.995343,	RMSE = 2.061936
Epoch = 14
	Train cost = 0.972849,	Krip Loss = 0.972849,	RMSE = 2.123444
	Test cost = 0.995006,	Krip Loss = 0.995006,	RMSE = 1.979493
Epoch = 15
	Train cost = 0.968733,	Krip Loss = 0.968733,	RMSE = 2.049214
	Test cost = 0.994486,	Krip Loss = 0.994486,	RMSE = 1.897270
Epoch = 16
	Train cost = 0.964258,	Krip Loss = 0.964258,	RMSE = 1.976357
	Test cost = 0.993744,	Krip Loss = 0.993744,	RMSE = 1.818588
Epoch = 17
	Train cost = 0.959500,	Krip Loss = 0.959500,	RMSE = 1.908081
	Test cost = 0.992863,	Krip Loss = 0.992863,	RMSE = 1.747572
Epoch = 18
	Train cost = 0.954734,	Krip Loss = 0.954734,	RMSE = 1.845102
	Test cost = 0.992091,	Krip Loss = 0.992091,	RMSE = 1.684609
Epoch = 19
	Train cost = 0.949968,	Krip Loss = 0.949968,	RMSE = 1.786810
	Test cost = 0.991649,	Krip Loss = 0.991649,	RMSE = 1.624704
Epoch = 20
	Train cost = 0.944761,	Krip Loss = 0.944761,	RMSE = 1.729848
	Test cost = 0.989943,	Krip Loss = 0.989943,	RMSE = 1.563237
Epoch = 21
	Train cost = 0.939467,	Krip Loss = 0.939467,	RMSE = 1.672523
	Test cost = 0.988285,	Krip Loss = 0.988285,	RMSE = 1.503606
Epoch = 22
	Train cost = 0.934008,	Krip Loss = 0.934008,	RMSE = 1.618175
	Test cost = 0.986086,	Krip Loss = 0.986086,	RMSE = 1.447906
Epoch = 23
	Train cost = 0.928203,	Krip Loss = 0.928203,	RMSE = 1.567898
	Test cost = 0.983830,	Krip Loss = 0.983830,	RMSE = 1.397455
Epoch = 24
	Train cost = 0.922386,	Krip Loss = 0.922386,	RMSE = 1.524339
	Test cost = 0.981124,	Krip Loss = 0.981124,	RMSE = 1.350851
Epoch = 25
	Train cost = 0.916496,	Krip Loss = 0.916496,	RMSE = 1.481914
	Test cost = 0.977844,	Krip Loss = 0.977844,	RMSE = 1.305426
Epoch = 26
	Train cost = 0.910031,	Krip Loss = 0.910031,	RMSE = 1.445359
	Test cost = 0.974824,	Krip Loss = 0.974824,	RMSE = 1.261781
Epoch = 27
	Train cost = 0.903360,	Krip Loss = 0.903360,	RMSE = 1.405630
	Test cost = 0.972087,	Krip Loss = 0.972087,	RMSE = 1.219148
Epoch = 28
	Train cost = 0.895864,	Krip Loss = 0.895864,	RMSE = 1.371283
	Test cost = 0.967802,	Krip Loss = 0.967802,	RMSE = 1.178694
Epoch = 29
	Train cost = 0.887924,	Krip Loss = 0.887924,	RMSE = 1.337470
	Test cost = 0.962468,	Krip Loss = 0.962468,	RMSE = 1.139392
Epoch = 30
	Train cost = 0.879497,	Krip Loss = 0.879497,	RMSE = 1.306464
	Test cost = 0.957408,	Krip Loss = 0.957408,	RMSE = 1.102457
Epoch = 31
	Train cost = 0.870664,	Krip Loss = 0.870664,	RMSE = 1.274902
	Test cost = 0.952362,	Krip Loss = 0.952362,	RMSE = 1.065818
Epoch = 32
	Train cost = 0.860877,	Krip Loss = 0.860877,	RMSE = 1.245373
	Test cost = 0.946039,	Krip Loss = 0.946039,	RMSE = 1.030922
Epoch = 33
	Train cost = 0.850395,	Krip Loss = 0.850395,	RMSE = 1.217282
	Test cost = 0.939143,	Krip Loss = 0.939143,	RMSE = 1.001277
Epoch = 34
	Train cost = 0.839882,	Krip Loss = 0.839882,	RMSE = 1.194139
	Test cost = 0.932356,	Krip Loss = 0.932356,	RMSE = 0.978271
Epoch = 35
	Train cost = 0.829476,	Krip Loss = 0.829476,	RMSE = 1.175666
	Test cost = 0.925442,	Krip Loss = 0.925442,	RMSE = 0.961036
Epoch = 36
	Train cost = 0.819574,	Krip Loss = 0.819574,	RMSE = 1.161357
	Test cost = 0.918434,	Krip Loss = 0.918434,	RMSE = 0.948831
Epoch = 37
	Train cost = 0.810228,	Krip Loss = 0.810228,	RMSE = 1.150231
	Test cost = 0.911467,	Krip Loss = 0.911467,	RMSE = 0.940547
Epoch = 38
	Train cost = 0.800728,	Krip Loss = 0.800728,	RMSE = 1.140056
	Test cost = 0.904153,	Krip Loss = 0.904153,	RMSE = 0.934076
Epoch = 39
	Train cost = 0.792153,	Krip Loss = 0.792153,	RMSE = 1.131880
	Test cost = 0.894193,	Krip Loss = 0.894193,	RMSE = 0.930099
Epoch = 40
	Train cost = 0.783286,	Krip Loss = 0.783286,	RMSE = 1.123768
	Test cost = 0.887028,	Krip Loss = 0.887028,	RMSE = 0.929379
Epoch = 41
	Train cost = 0.774925,	Krip Loss = 0.774925,	RMSE = 1.117099
	Test cost = 0.882905,	Krip Loss = 0.882905,	RMSE = 0.931600
Epoch = 42
	Train cost = 0.766522,	Krip Loss = 0.766522,	RMSE = 1.111790
	Test cost = 0.875983,	Krip Loss = 0.875983,	RMSE = 0.935515
Epoch = 43
	Train cost = 0.757313,	Krip Loss = 0.757313,	RMSE = 1.104882
	Test cost = 0.868398,	Krip Loss = 0.868398,	RMSE = 0.941725
Epoch = 44
	Train cost = 0.748501,	Krip Loss = 0.748501,	RMSE = 1.100899
	Test cost = 0.859074,	Krip Loss = 0.859074,	RMSE = 0.951776
Epoch = 45
	Train cost = 0.739367,	Krip Loss = 0.739367,	RMSE = 1.098684
	Test cost = 0.856651,	Krip Loss = 0.856651,	RMSE = 0.970135
Epoch = 46
	Train cost = 0.730502,	Krip Loss = 0.730502,	RMSE = 1.095647
	Test cost = 0.852092,	Krip Loss = 0.852092,	RMSE = 0.991733
Epoch = 47
	Train cost = 0.721075,	Krip Loss = 0.721075,	RMSE = 1.094558
	Test cost = 0.849877,	Krip Loss = 0.849877,	RMSE = 1.016461
Epoch = 48
	Train cost = 0.712449,	Krip Loss = 0.712449,	RMSE = 1.093512
	Test cost = 0.847149,	Krip Loss = 0.847149,	RMSE = 1.035856
Epoch = 49
	Train cost = 0.704116,	Krip Loss = 0.704116,	RMSE = 1.093955
	Test cost = 0.842775,	Krip Loss = 0.842775,	RMSE = 1.063881
Epoch = 50
	Train cost = 0.695851,	Krip Loss = 0.695851,	RMSE = 1.093527
	Test cost = 0.840114,	Krip Loss = 0.840114,	RMSE = 1.081766
Epoch = 51
	Train cost = 0.688772,	Krip Loss = 0.688772,	RMSE = 1.092736
	Test cost = 0.836102,	Krip Loss = 0.836102,	RMSE = 1.091213
Epoch = 52
	Train cost = 0.682236,	Krip Loss = 0.682236,	RMSE = 1.090022
	Test cost = 0.832877,	Krip Loss = 0.832877,	RMSE = 1.082175
Epoch = 53
	Train cost = 0.677141,	Krip Loss = 0.677141,	RMSE = 1.086338
	Test cost = 0.825944,	Krip Loss = 0.825944,	RMSE = 1.071243
Epoch = 54
	Train cost = 0.671267,	Krip Loss = 0.671267,	RMSE = 1.083532
	Test cost = 0.822836,	Krip Loss = 0.822836,	RMSE = 1.069162
Epoch = 55
	Train cost = 0.665484,	Krip Loss = 0.665484,	RMSE = 1.078048
	Test cost = 0.816989,	Krip Loss = 0.816989,	RMSE = 1.068330
Epoch = 56
	Train cost = 0.659946,	Krip Loss = 0.659946,	RMSE = 1.075458
	Test cost = 0.813891,	Krip Loss = 0.813891,	RMSE = 1.073504
Epoch = 57
	Train cost = 0.655936,	Krip Loss = 0.655936,	RMSE = 1.074054
	Test cost = 0.808158,	Krip Loss = 0.808158,	RMSE = 1.056047
Epoch = 58
	Train cost = 0.651074,	Krip Loss = 0.651074,	RMSE = 1.067970
	Test cost = 0.798674,	Krip Loss = 0.798674,	RMSE = 1.052454
Epoch = 59
	Train cost = 0.646641,	Krip Loss = 0.646641,	RMSE = 1.065152
	Test cost = 0.801535,	Krip Loss = 0.801535,	RMSE = 1.053833
Epoch = 60
	Train cost = 0.643133,	Krip Loss = 0.643133,	RMSE = 1.063670
	Test cost = 0.797902,	Krip Loss = 0.797902,	RMSE = 1.058224
Testing Dyad = 10
RMSE of Average Prediction = 1.355091
(3058, 300, 148) (354, 300, 148)
dec = True model = lstm lambda = 0.0 share = True
Compiling function
Compilation done 1
Compilation done 2
Epoch = 1
	Train cost = 0.998776,	Krip Loss = 0.998776,	RMSE = 2.939524
	Test cost = 0.999037,	Krip Loss = 0.999037,	RMSE = 3.615614
Epoch = 2
	Train cost = 0.997899,	Krip Loss = 0.997899,	RMSE = 2.892806
	Test cost = 0.998815,	Krip Loss = 0.998815,	RMSE = 3.571070
Epoch = 3
	Train cost = 0.997078,	Krip Loss = 0.997078,	RMSE = 2.843554
	Test cost = 0.998691,	Krip Loss = 0.998691,	RMSE = 3.510528
Epoch = 4
	Train cost = 0.996130,	Krip Loss = 0.996130,	RMSE = 2.782208
	Test cost = 0.998481,	Krip Loss = 0.998481,	RMSE = 3.439515
Epoch = 5
	Train cost = 0.995046,	Krip Loss = 0.995046,	RMSE = 2.712199
	Test cost = 0.998287,	Krip Loss = 0.998287,	RMSE = 3.361574
Epoch = 6
	Train cost = 0.993815,	Krip Loss = 0.993815,	RMSE = 2.636070
	Test cost = 0.998085,	Krip Loss = 0.998085,	RMSE = 3.279609
Epoch = 7
	Train cost = 0.992421,	Krip Loss = 0.992421,	RMSE = 2.557536
	Test cost = 0.997865,	Krip Loss = 0.997865,	RMSE = 3.196657
Epoch = 8
	Train cost = 0.990836,	Krip Loss = 0.990836,	RMSE = 2.479036
	Test cost = 0.997637,	Krip Loss = 0.997637,	RMSE = 3.112594
Epoch = 9
	Train cost = 0.989024,	Krip Loss = 0.989024,	RMSE = 2.401405
	Test cost = 0.997414,	Krip Loss = 0.997414,	RMSE = 3.028796
Epoch = 10
	Train cost = 0.986945,	Krip Loss = 0.986945,	RMSE = 2.325001
	Test cost = 0.997206,	Krip Loss = 0.997206,	RMSE = 2.945895
Epoch = 11
	Train cost = 0.984565,	Krip Loss = 0.984565,	RMSE = 2.249889
	Test cost = 0.996824,	Krip Loss = 0.996824,	RMSE = 2.862405
Epoch = 12
	Train cost = 0.981904,	Krip Loss = 0.981904,	RMSE = 2.175701
	Test cost = 0.996485,	Krip Loss = 0.996485,	RMSE = 2.779120
Epoch = 13
	Train cost = 0.978890,	Krip Loss = 0.978890,	RMSE = 2.102331
	Test cost = 0.996084,	Krip Loss = 0.996084,	RMSE = 2.694641
Epoch = 14
	Train cost = 0.975366,	Krip Loss = 0.975366,	RMSE = 2.027672
	Test cost = 0.995583,	Krip Loss = 0.995583,	RMSE = 2.605427
Epoch = 15
	Train cost = 0.971473,	Krip Loss = 0.971473,	RMSE = 1.951035
	Test cost = 0.995026,	Krip Loss = 0.995026,	RMSE = 2.512648
Epoch = 16
	Train cost = 0.967167,	Krip Loss = 0.967167,	RMSE = 1.873686
	Test cost = 0.994335,	Krip Loss = 0.994335,	RMSE = 2.418940
Epoch = 17
	Train cost = 0.962475,	Krip Loss = 0.962475,	RMSE = 1.797776
	Test cost = 0.993434,	Krip Loss = 0.993434,	RMSE = 2.327959
Epoch = 18
	Train cost = 0.957360,	Krip Loss = 0.957360,	RMSE = 1.727093
	Test cost = 0.992421,	Krip Loss = 0.992421,	RMSE = 2.245283
Epoch = 19
	Train cost = 0.951854,	Krip Loss = 0.951854,	RMSE = 1.663418
	Test cost = 0.991255,	Krip Loss = 0.991255,	RMSE = 2.171292
Epoch = 20
	Train cost = 0.946005,	Krip Loss = 0.946005,	RMSE = 1.605724
	Test cost = 0.990064,	Krip Loss = 0.990064,	RMSE = 2.102748
Epoch = 21
	Train cost = 0.939787,	Krip Loss = 0.939787,	RMSE = 1.550958
	Test cost = 0.988566,	Krip Loss = 0.988566,	RMSE = 2.034387
Epoch = 22
	Train cost = 0.933088,	Krip Loss = 0.933088,	RMSE = 1.496592
	Test cost = 0.986867,	Krip Loss = 0.986867,	RMSE = 1.962814
Epoch = 23
	Train cost = 0.926210,	Krip Loss = 0.926210,	RMSE = 1.444516
	Test cost = 0.985105,	Krip Loss = 0.985105,	RMSE = 1.889747
Epoch = 24
	Train cost = 0.919062,	Krip Loss = 0.919062,	RMSE = 1.393789
	Test cost = 0.983132,	Krip Loss = 0.983132,	RMSE = 1.816864
Epoch = 25
	Train cost = 0.911623,	Krip Loss = 0.911623,	RMSE = 1.349701
	Test cost = 0.980843,	Krip Loss = 0.980843,	RMSE = 1.746110
Epoch = 26
	Train cost = 0.903793,	Krip Loss = 0.903793,	RMSE = 1.305969
	Test cost = 0.978294,	Krip Loss = 0.978294,	RMSE = 1.675069
Epoch = 27
	Train cost = 0.895659,	Krip Loss = 0.895659,	RMSE = 1.271233
	Test cost = 0.975755,	Krip Loss = 0.975755,	RMSE = 1.606924
Epoch = 28
	Train cost = 0.886742,	Krip Loss = 0.886742,	RMSE = 1.237668
	Test cost = 0.972531,	Krip Loss = 0.972531,	RMSE = 1.546000
Epoch = 29
	Train cost = 0.877631,	Krip Loss = 0.877631,	RMSE = 1.212269
	Test cost = 0.969069,	Krip Loss = 0.969069,	RMSE = 1.490038
Epoch = 30
	Train cost = 0.868313,	Krip Loss = 0.868313,	RMSE = 1.187503
	Test cost = 0.965156,	Krip Loss = 0.965156,	RMSE = 1.435162
Epoch = 31
	Train cost = 0.858597,	Krip Loss = 0.858597,	RMSE = 1.167941
	Test cost = 0.960964,	Krip Loss = 0.960964,	RMSE = 1.383808
Epoch = 32
	Train cost = 0.848872,	Krip Loss = 0.848872,	RMSE = 1.149583
	Test cost = 0.956207,	Krip Loss = 0.956207,	RMSE = 1.335367
Epoch = 33
	Train cost = 0.839275,	Krip Loss = 0.839275,	RMSE = 1.136839
	Test cost = 0.951376,	Krip Loss = 0.951376,	RMSE = 1.292377
Epoch = 34
	Train cost = 0.829909,	Krip Loss = 0.829909,	RMSE = 1.123940
	Test cost = 0.946568,	Krip Loss = 0.946568,	RMSE = 1.255392
Epoch = 35
	Train cost = 0.820062,	Krip Loss = 0.820062,	RMSE = 1.116235
	Test cost = 0.941386,	Krip Loss = 0.941386,	RMSE = 1.222546
Epoch = 36
	Train cost = 0.810665,	Krip Loss = 0.810665,	RMSE = 1.107650
	Test cost = 0.937075,	Krip Loss = 0.937075,	RMSE = 1.197138
Epoch = 37
	Train cost = 0.801394,	Krip Loss = 0.801394,	RMSE = 1.103068
	Test cost = 0.932050,	Krip Loss = 0.932050,	RMSE = 1.173063
Epoch = 38
	Train cost = 0.792222,	Krip Loss = 0.792222,	RMSE = 1.096619
	Test cost = 0.927212,	Krip Loss = 0.927212,	RMSE = 1.154121
Epoch = 39
	Train cost = 0.783766,	Krip Loss = 0.783766,	RMSE = 1.093152
	Test cost = 0.923781,	Krip Loss = 0.923781,	RMSE = 1.137456
Epoch = 40
	Train cost = 0.774600,	Krip Loss = 0.774600,	RMSE = 1.087449
	Test cost = 0.919010,	Krip Loss = 0.919010,	RMSE = 1.122691
Epoch = 41
	Train cost = 0.765374,	Krip Loss = 0.765374,	RMSE = 1.082959
	Test cost = 0.915035,	Krip Loss = 0.915035,	RMSE = 1.105989
Epoch = 42
	Train cost = 0.755959,	Krip Loss = 0.755959,	RMSE = 1.077901
	Test cost = 0.910831,	Krip Loss = 0.910831,	RMSE = 1.092809
Epoch = 43
	Train cost = 0.745896,	Krip Loss = 0.745896,	RMSE = 1.073727
	Test cost = 0.907168,	Krip Loss = 0.907168,	RMSE = 1.079655
Epoch = 44
	Train cost = 0.736228,	Krip Loss = 0.736228,	RMSE = 1.070730
	Test cost = 0.901820,	Krip Loss = 0.901820,	RMSE = 1.067118
Epoch = 45
	Train cost = 0.726208,	Krip Loss = 0.726208,	RMSE = 1.068163
	Test cost = 0.899109,	Krip Loss = 0.899109,	RMSE = 1.058816
Epoch = 46
	Train cost = 0.716051,	Krip Loss = 0.716051,	RMSE = 1.068969
	Test cost = 0.898507,	Krip Loss = 0.898507,	RMSE = 1.049069
Epoch = 47
	Train cost = 0.706576,	Krip Loss = 0.706576,	RMSE = 1.066171
	Test cost = 0.892164,	Krip Loss = 0.892164,	RMSE = 1.036764
Epoch = 48
	Train cost = 0.697723,	Krip Loss = 0.697723,	RMSE = 1.064285
	Test cost = 0.888913,	Krip Loss = 0.888913,	RMSE = 1.028442
Epoch = 49
	Train cost = 0.690195,	Krip Loss = 0.690195,	RMSE = 1.062850
	Test cost = 0.886839,	Krip Loss = 0.886839,	RMSE = 1.026158
Epoch = 50
	Train cost = 0.683187,	Krip Loss = 0.683187,	RMSE = 1.061141
	Test cost = 0.881575,	Krip Loss = 0.881575,	RMSE = 1.019075
Epoch = 51
	Train cost = 0.676638,	Krip Loss = 0.676638,	RMSE = 1.057863
	Test cost = 0.878641,	Krip Loss = 0.878641,	RMSE = 1.014434
Epoch = 52
	Train cost = 0.670703,	Krip Loss = 0.670703,	RMSE = 1.054207
	Test cost = 0.876463,	Krip Loss = 0.876463,	RMSE = 1.016266
Epoch = 53
	Train cost = 0.665072,	Krip Loss = 0.665072,	RMSE = 1.050393
	Test cost = 0.873768,	Krip Loss = 0.873768,	RMSE = 1.010559
Epoch = 54
	Train cost = 0.658311,	Krip Loss = 0.658311,	RMSE = 1.045100
	Test cost = 0.869773,	Krip Loss = 0.869773,	RMSE = 1.012541
Epoch = 55
	Train cost = 0.653532,	Krip Loss = 0.653532,	RMSE = 1.043043
	Test cost = 0.868508,	Krip Loss = 0.868508,	RMSE = 1.008012
Epoch = 56
	Train cost = 0.647153,	Krip Loss = 0.647153,	RMSE = 1.036460
	Test cost = 0.864614,	Krip Loss = 0.864614,	RMSE = 1.005917
Epoch = 57
	Train cost = 0.640900,	Krip Loss = 0.640900,	RMSE = 1.033091
	Test cost = 0.859811,	Krip Loss = 0.859811,	RMSE = 1.004715
Epoch = 58
	Train cost = 0.635217,	Krip Loss = 0.635217,	RMSE = 1.031955
	Test cost = 0.859273,	Krip Loss = 0.859273,	RMSE = 1.005006
Epoch = 59
	Train cost = 0.630576,	Krip Loss = 0.630576,	RMSE = 1.030056
	Test cost = 0.854691,	Krip Loss = 0.854691,	RMSE = 1.005559
Epoch = 60
	Train cost = 0.624301,	Krip Loss = 0.624301,	RMSE = 1.026878
	Test cost = 0.853923,	Krip Loss = 0.853923,	RMSE = 1.005721
Testing Dyad = 11
RMSE of Average Prediction = 1.293873
(3054, 300, 148) (358, 300, 148)
dec = True model = lstm lambda = 0.0 share = True
Compiling function
Compilation done 1
Compilation done 2
Epoch = 1
	Train cost = 0.998963,	Krip Loss = 0.998963,	RMSE = 2.953032
	Test cost = 0.997036,	Krip Loss = 0.997036,	RMSE = 3.521750
Epoch = 2
	Train cost = 0.998111,	Krip Loss = 0.998111,	RMSE = 2.921890
	Test cost = 0.996843,	Krip Loss = 0.996843,	RMSE = 3.483328
Epoch = 3
	Train cost = 0.997378,	Krip Loss = 0.997378,	RMSE = 2.887994
	Test cost = 0.996553,	Krip Loss = 0.996553,	RMSE = 3.432671
Epoch = 4
	Train cost = 0.996558,	Krip Loss = 0.996558,	RMSE = 2.840811
	Test cost = 0.996180,	Krip Loss = 0.996180,	RMSE = 3.372459
Epoch = 5
	Train cost = 0.995631,	Krip Loss = 0.995631,	RMSE = 2.782619
	Test cost = 0.995713,	Krip Loss = 0.995713,	RMSE = 3.304913
Epoch = 6
	Train cost = 0.994529,	Krip Loss = 0.994529,	RMSE = 2.715637
	Test cost = 0.995157,	Krip Loss = 0.995157,	RMSE = 3.231490
Epoch = 7
	Train cost = 0.993284,	Krip Loss = 0.993284,	RMSE = 2.642440
	Test cost = 0.994529,	Krip Loss = 0.994529,	RMSE = 3.155402
Epoch = 8
	Train cost = 0.991782,	Krip Loss = 0.991782,	RMSE = 2.566866
	Test cost = 0.993811,	Krip Loss = 0.993811,	RMSE = 3.077455
Epoch = 9
	Train cost = 0.990046,	Krip Loss = 0.990046,	RMSE = 2.489546
	Test cost = 0.993058,	Krip Loss = 0.993058,	RMSE = 2.997853
Epoch = 10
	Train cost = 0.988046,	Krip Loss = 0.988046,	RMSE = 2.411827
	Test cost = 0.992209,	Krip Loss = 0.992209,	RMSE = 2.916499
Epoch = 11
	Train cost = 0.985749,	Krip Loss = 0.985749,	RMSE = 2.334580
	Test cost = 0.991303,	Krip Loss = 0.991303,	RMSE = 2.834836
Epoch = 12
	Train cost = 0.983043,	Krip Loss = 0.983043,	RMSE = 2.257943
	Test cost = 0.990292,	Krip Loss = 0.990292,	RMSE = 2.751933
Epoch = 13
	Train cost = 0.980055,	Krip Loss = 0.980055,	RMSE = 2.182884
	Test cost = 0.989154,	Krip Loss = 0.989154,	RMSE = 2.666274
Epoch = 14
	Train cost = 0.976605,	Krip Loss = 0.976605,	RMSE = 2.109306
	Test cost = 0.987856,	Krip Loss = 0.987856,	RMSE = 2.579130
Epoch = 15
	Train cost = 0.972751,	Krip Loss = 0.972751,	RMSE = 2.037331
	Test cost = 0.986377,	Krip Loss = 0.986377,	RMSE = 2.489804
Epoch = 16
	Train cost = 0.968525,	Krip Loss = 0.968525,	RMSE = 1.967937
	Test cost = 0.984821,	Krip Loss = 0.984821,	RMSE = 2.401936
Epoch = 17
	Train cost = 0.963988,	Krip Loss = 0.963988,	RMSE = 1.902091
	Test cost = 0.982837,	Krip Loss = 0.982837,	RMSE = 2.312662
Epoch = 18
	Train cost = 0.959357,	Krip Loss = 0.959357,	RMSE = 1.840383
	Test cost = 0.980846,	Krip Loss = 0.980846,	RMSE = 2.227071
Epoch = 19
	Train cost = 0.954490,	Krip Loss = 0.954490,	RMSE = 1.785663
	Test cost = 0.978460,	Krip Loss = 0.978460,	RMSE = 2.146153
Epoch = 20
	Train cost = 0.949751,	Krip Loss = 0.949751,	RMSE = 1.734158
	Test cost = 0.975936,	Krip Loss = 0.975936,	RMSE = 2.067351
Epoch = 21
	Train cost = 0.944850,	Krip Loss = 0.944850,	RMSE = 1.687115
	Test cost = 0.972741,	Krip Loss = 0.972741,	RMSE = 1.991171
Epoch = 22
	Train cost = 0.939990,	Krip Loss = 0.939990,	RMSE = 1.640747
	Test cost = 0.969316,	Krip Loss = 0.969316,	RMSE = 1.916562
Epoch = 23
	Train cost = 0.935068,	Krip Loss = 0.935068,	RMSE = 1.598568
	Test cost = 0.965428,	Krip Loss = 0.965428,	RMSE = 1.844852
Epoch = 24
	Train cost = 0.929852,	Krip Loss = 0.929852,	RMSE = 1.553895
	Test cost = 0.960800,	Krip Loss = 0.960800,	RMSE = 1.773100
Epoch = 25
	Train cost = 0.924405,	Krip Loss = 0.924405,	RMSE = 1.511728
	Test cost = 0.955962,	Krip Loss = 0.955962,	RMSE = 1.703721
Epoch = 26
	Train cost = 0.918610,	Krip Loss = 0.918610,	RMSE = 1.469538
	Test cost = 0.950099,	Krip Loss = 0.950099,	RMSE = 1.636284
Epoch = 27
	Train cost = 0.912411,	Krip Loss = 0.912411,	RMSE = 1.430265
	Test cost = 0.943228,	Krip Loss = 0.943228,	RMSE = 1.569542
Epoch = 28
	Train cost = 0.906239,	Krip Loss = 0.906239,	RMSE = 1.391765
	Test cost = 0.936831,	Krip Loss = 0.936831,	RMSE = 1.506643
Epoch = 29
	Train cost = 0.900327,	Krip Loss = 0.900327,	RMSE = 1.358742
	Test cost = 0.929246,	Krip Loss = 0.929246,	RMSE = 1.447935
Epoch = 30
	Train cost = 0.894428,	Krip Loss = 0.894428,	RMSE = 1.329465
	Test cost = 0.921465,	Krip Loss = 0.921465,	RMSE = 1.392865
Epoch = 31
	Train cost = 0.888669,	Krip Loss = 0.888669,	RMSE = 1.302693
	Test cost = 0.912184,	Krip Loss = 0.912184,	RMSE = 1.339683
Epoch = 32
	Train cost = 0.882608,	Krip Loss = 0.882608,	RMSE = 1.276445
	Test cost = 0.903168,	Krip Loss = 0.903168,	RMSE = 1.288906
Epoch = 33
	Train cost = 0.876676,	Krip Loss = 0.876676,	RMSE = 1.253920
	Test cost = 0.892737,	Krip Loss = 0.892737,	RMSE = 1.240716
Epoch = 34
	Train cost = 0.870489,	Krip Loss = 0.870489,	RMSE = 1.229987
	Test cost = 0.881536,	Krip Loss = 0.881536,	RMSE = 1.193396
Epoch = 35
	Train cost = 0.864066,	Krip Loss = 0.864066,	RMSE = 1.209029
	Test cost = 0.870091,	Krip Loss = 0.870091,	RMSE = 1.148761
Epoch = 36
	Train cost = 0.857277,	Krip Loss = 0.857277,	RMSE = 1.189711
	Test cost = 0.856772,	Krip Loss = 0.856772,	RMSE = 1.108168
Epoch = 37
	Train cost = 0.849920,	Krip Loss = 0.849920,	RMSE = 1.171463
	Test cost = 0.842170,	Krip Loss = 0.842170,	RMSE = 1.066344
Epoch = 38
	Train cost = 0.842196,	Krip Loss = 0.842196,	RMSE = 1.153203
	Test cost = 0.827518,	Krip Loss = 0.827518,	RMSE = 1.029256
Epoch = 39
	Train cost = 0.834169,	Krip Loss = 0.834169,	RMSE = 1.138726
	Test cost = 0.812388,	Krip Loss = 0.812388,	RMSE = 0.996622
Epoch = 40
	Train cost = 0.826427,	Krip Loss = 0.826427,	RMSE = 1.126121
	Test cost = 0.798603,	Krip Loss = 0.798603,	RMSE = 0.970874
Epoch = 41
	Train cost = 0.818840,	Krip Loss = 0.818840,	RMSE = 1.117315
	Test cost = 0.784836,	Krip Loss = 0.784836,	RMSE = 0.949968
Epoch = 42
	Train cost = 0.810758,	Krip Loss = 0.810758,	RMSE = 1.106855
	Test cost = 0.772367,	Krip Loss = 0.772367,	RMSE = 0.931776
Epoch = 43
	Train cost = 0.802980,	Krip Loss = 0.802980,	RMSE = 1.098612
	Test cost = 0.759610,	Krip Loss = 0.759610,	RMSE = 0.916861
Epoch = 44
	Train cost = 0.794656,	Krip Loss = 0.794656,	RMSE = 1.091990
	Test cost = 0.748614,	Krip Loss = 0.748614,	RMSE = 0.905352
Epoch = 45
	Train cost = 0.787080,	Krip Loss = 0.787080,	RMSE = 1.083523
	Test cost = 0.735851,	Krip Loss = 0.735851,	RMSE = 0.894990
Epoch = 46
	Train cost = 0.777000,	Krip Loss = 0.777000,	RMSE = 1.075159
	Test cost = 0.726385,	Krip Loss = 0.726385,	RMSE = 0.886990
Epoch = 47
	Train cost = 0.767729,	Krip Loss = 0.767729,	RMSE = 1.069846
	Test cost = 0.716673,	Krip Loss = 0.716673,	RMSE = 0.881262
Epoch = 48
	Train cost = 0.756753,	Krip Loss = 0.756753,	RMSE = 1.064026
	Test cost = 0.706773,	Krip Loss = 0.706773,	RMSE = 0.877281
Epoch = 49
	Train cost = 0.747148,	Krip Loss = 0.747148,	RMSE = 1.062195
	Test cost = 0.700173,	Krip Loss = 0.700173,	RMSE = 0.876808
Epoch = 50
	Train cost = 0.737859,	Krip Loss = 0.737859,	RMSE = 1.066146
	Test cost = 0.692620,	Krip Loss = 0.692620,	RMSE = 0.876963
Epoch = 51
	Train cost = 0.729039,	Krip Loss = 0.729039,	RMSE = 1.065677
	Test cost = 0.686973,	Krip Loss = 0.686973,	RMSE = 0.878625
Epoch = 52
	Train cost = 0.720297,	Krip Loss = 0.720297,	RMSE = 1.066216
	Test cost = 0.679903,	Krip Loss = 0.679903,	RMSE = 0.879239
Epoch = 53
	Train cost = 0.712511,	Krip Loss = 0.712511,	RMSE = 1.067337
	Test cost = 0.674060,	Krip Loss = 0.674060,	RMSE = 0.880768
Epoch = 54
	Train cost = 0.707833,	Krip Loss = 0.707833,	RMSE = 1.061112
	Test cost = 0.665063,	Krip Loss = 0.665063,	RMSE = 0.879252
Epoch = 55
	Train cost = 0.698993,	Krip Loss = 0.698993,	RMSE = 1.065735
	Test cost = 0.660718,	Krip Loss = 0.660718,	RMSE = 0.882930
Epoch = 56
	Train cost = 0.692032,	Krip Loss = 0.692032,	RMSE = 1.061414
	Test cost = 0.655023,	Krip Loss = 0.655023,	RMSE = 0.884045
Epoch = 57
	Train cost = 0.685945,	Krip Loss = 0.685945,	RMSE = 1.059418
	Test cost = 0.647880,	Krip Loss = 0.647880,	RMSE = 0.883316
Epoch = 58
	Train cost = 0.679222,	Krip Loss = 0.679222,	RMSE = 1.052813
	Test cost = 0.638668,	Krip Loss = 0.638668,	RMSE = 0.882601
Epoch = 59
	Train cost = 0.670098,	Krip Loss = 0.670098,	RMSE = 1.052019
	Test cost = 0.634495,	Krip Loss = 0.634495,	RMSE = 0.881367
Epoch = 60
	Train cost = 0.667731,	Krip Loss = 0.667731,	RMSE = 1.051065
	Test cost = 0.626182,	Krip Loss = 0.626182,	RMSE = 0.881846
Testing Dyad = 12
RMSE of Average Prediction = 1.177035
(3016, 300, 148) (396, 300, 148)
dec = True model = lstm lambda = 0.0 share = True
Compiling function
Compilation done 1
Compilation done 2
Epoch = 1
	Train cost = 0.999000,	Krip Loss = 0.999000,	RMSE = 2.988072
	Test cost = 0.997572,	Krip Loss = 0.997572,	RMSE = 3.243233
Epoch = 2
	Train cost = 0.998193,	Krip Loss = 0.998193,	RMSE = 2.957361
	Test cost = 0.997149,	Krip Loss = 0.997149,	RMSE = 3.227876
Epoch = 3
	Train cost = 0.997530,	Krip Loss = 0.997530,	RMSE = 2.929183
	Test cost = 0.996849,	Krip Loss = 0.996849,	RMSE = 3.201921
Epoch = 4
	Train cost = 0.996772,	Krip Loss = 0.996772,	RMSE = 2.887101
	Test cost = 0.996899,	Krip Loss = 0.996899,	RMSE = 3.167471
Epoch = 5
	Train cost = 0.995926,	Krip Loss = 0.995926,	RMSE = 2.832903
	Test cost = 0.996843,	Krip Loss = 0.996843,	RMSE = 3.126696
Epoch = 6
	Train cost = 0.994847,	Krip Loss = 0.994847,	RMSE = 2.769812
	Test cost = 0.996796,	Krip Loss = 0.996796,	RMSE = 3.080746
Epoch = 7
	Train cost = 0.993649,	Krip Loss = 0.993649,	RMSE = 2.699732
	Test cost = 0.996577,	Krip Loss = 0.996577,	RMSE = 3.028486
Epoch = 8
	Train cost = 0.992291,	Krip Loss = 0.992291,	RMSE = 2.626806
	Test cost = 0.996131,	Krip Loss = 0.996131,	RMSE = 2.973212
Epoch = 9
	Train cost = 0.990770,	Krip Loss = 0.990770,	RMSE = 2.552495
	Test cost = 0.995587,	Krip Loss = 0.995587,	RMSE = 2.915042
Epoch = 10
	Train cost = 0.989078,	Krip Loss = 0.989078,	RMSE = 2.477527
	Test cost = 0.994991,	Krip Loss = 0.994991,	RMSE = 2.856907
Epoch = 11
	Train cost = 0.987060,	Krip Loss = 0.987060,	RMSE = 2.402621
	Test cost = 0.994229,	Krip Loss = 0.994229,	RMSE = 2.795679
Epoch = 12
	Train cost = 0.984689,	Krip Loss = 0.984689,	RMSE = 2.326753
	Test cost = 0.993381,	Krip Loss = 0.993381,	RMSE = 2.732380
Epoch = 13
	Train cost = 0.981996,	Krip Loss = 0.981996,	RMSE = 2.249120
	Test cost = 0.992469,	Krip Loss = 0.992469,	RMSE = 2.666538
Epoch = 14
	Train cost = 0.978832,	Krip Loss = 0.978832,	RMSE = 2.170952
	Test cost = 0.991264,	Krip Loss = 0.991264,	RMSE = 2.596768
Epoch = 15
	Train cost = 0.975293,	Krip Loss = 0.975293,	RMSE = 2.093842
	Test cost = 0.989867,	Krip Loss = 0.989867,	RMSE = 2.525144
Epoch = 16
	Train cost = 0.971408,	Krip Loss = 0.971408,	RMSE = 2.018408
	Test cost = 0.988264,	Krip Loss = 0.988264,	RMSE = 2.452151
Epoch = 17
	Train cost = 0.967166,	Krip Loss = 0.967166,	RMSE = 1.945374
	Test cost = 0.986305,	Krip Loss = 0.986305,	RMSE = 2.377079
Epoch = 18
	Train cost = 0.962618,	Krip Loss = 0.962618,	RMSE = 1.874976
	Test cost = 0.984173,	Krip Loss = 0.984173,	RMSE = 2.302978
Epoch = 19
	Train cost = 0.957774,	Krip Loss = 0.957774,	RMSE = 1.809987
	Test cost = 0.981434,	Krip Loss = 0.981434,	RMSE = 2.231241
Epoch = 20
	Train cost = 0.953029,	Krip Loss = 0.953029,	RMSE = 1.752708
	Test cost = 0.978678,	Krip Loss = 0.978678,	RMSE = 2.168491
Epoch = 21
	Train cost = 0.948264,	Krip Loss = 0.948264,	RMSE = 1.703626
	Test cost = 0.976099,	Krip Loss = 0.976099,	RMSE = 2.112348
Epoch = 22
	Train cost = 0.943523,	Krip Loss = 0.943523,	RMSE = 1.657580
	Test cost = 0.972998,	Krip Loss = 0.972998,	RMSE = 2.055880
Epoch = 23
	Train cost = 0.938939,	Krip Loss = 0.938939,	RMSE = 1.614098
	Test cost = 0.970217,	Krip Loss = 0.970217,	RMSE = 2.004265
Epoch = 24
	Train cost = 0.934396,	Krip Loss = 0.934396,	RMSE = 1.572042
	Test cost = 0.967579,	Krip Loss = 0.967579,	RMSE = 1.956136
Epoch = 25
	Train cost = 0.929981,	Krip Loss = 0.929981,	RMSE = 1.530825
	Test cost = 0.965013,	Krip Loss = 0.965013,	RMSE = 1.910991
Epoch = 26
	Train cost = 0.925320,	Krip Loss = 0.925320,	RMSE = 1.491579
	Test cost = 0.962809,	Krip Loss = 0.962809,	RMSE = 1.868810
Epoch = 27
	Train cost = 0.920672,	Krip Loss = 0.920672,	RMSE = 1.453091
	Test cost = 0.960519,	Krip Loss = 0.960519,	RMSE = 1.829022
Epoch = 28
	Train cost = 0.915833,	Krip Loss = 0.915833,	RMSE = 1.418384
	Test cost = 0.957914,	Krip Loss = 0.957914,	RMSE = 1.790253
Epoch = 29
	Train cost = 0.910538,	Krip Loss = 0.910538,	RMSE = 1.385514
	Test cost = 0.954806,	Krip Loss = 0.954806,	RMSE = 1.753418
Epoch = 30
	Train cost = 0.904908,	Krip Loss = 0.904908,	RMSE = 1.356034
	Test cost = 0.952361,	Krip Loss = 0.952361,	RMSE = 1.720939
Epoch = 31
	Train cost = 0.898780,	Krip Loss = 0.898780,	RMSE = 1.329684
	Test cost = 0.948931,	Krip Loss = 0.948931,	RMSE = 1.691871
Epoch = 32
	Train cost = 0.892485,	Krip Loss = 0.892485,	RMSE = 1.307529
	Test cost = 0.945580,	Krip Loss = 0.945580,	RMSE = 1.666791
Epoch = 33
	Train cost = 0.885975,	Krip Loss = 0.885975,	RMSE = 1.287082
	Test cost = 0.940999,	Krip Loss = 0.940999,	RMSE = 1.636058
Epoch = 34
	Train cost = 0.879161,	Krip Loss = 0.879161,	RMSE = 1.265618
	Test cost = 0.936384,	Krip Loss = 0.936384,	RMSE = 1.604559
Epoch = 35
	Train cost = 0.871673,	Krip Loss = 0.871673,	RMSE = 1.244259
	Test cost = 0.930703,	Krip Loss = 0.930703,	RMSE = 1.570974
Epoch = 36
	Train cost = 0.863622,	Krip Loss = 0.863622,	RMSE = 1.222862
	Test cost = 0.924679,	Krip Loss = 0.924679,	RMSE = 1.536138
Epoch = 37
	Train cost = 0.855344,	Krip Loss = 0.855344,	RMSE = 1.202179
	Test cost = 0.920051,	Krip Loss = 0.920051,	RMSE = 1.505138
Epoch = 38
	Train cost = 0.847442,	Krip Loss = 0.847442,	RMSE = 1.183939
	Test cost = 0.914321,	Krip Loss = 0.914321,	RMSE = 1.474572
Epoch = 39
	Train cost = 0.839101,	Krip Loss = 0.839101,	RMSE = 1.167377
	Test cost = 0.908278,	Krip Loss = 0.908278,	RMSE = 1.444684
Epoch = 40
	Train cost = 0.831442,	Krip Loss = 0.831442,	RMSE = 1.152619
	Test cost = 0.904866,	Krip Loss = 0.904866,	RMSE = 1.423938
Epoch = 41
	Train cost = 0.822224,	Krip Loss = 0.822224,	RMSE = 1.136851
	Test cost = 0.898488,	Krip Loss = 0.898488,	RMSE = 1.398119
Epoch = 42
	Train cost = 0.812847,	Krip Loss = 0.812847,	RMSE = 1.125141
	Test cost = 0.892723,	Krip Loss = 0.892723,	RMSE = 1.376846
Epoch = 43
	Train cost = 0.802990,	Krip Loss = 0.802990,	RMSE = 1.112832
	Test cost = 0.887870,	Krip Loss = 0.887870,	RMSE = 1.361944
Epoch = 44
	Train cost = 0.793055,	Krip Loss = 0.793055,	RMSE = 1.103119
	Test cost = 0.885242,	Krip Loss = 0.885242,	RMSE = 1.354124
Epoch = 45
	Train cost = 0.781857,	Krip Loss = 0.781857,	RMSE = 1.092490
	Test cost = 0.883453,	Krip Loss = 0.883453,	RMSE = 1.354618
Epoch = 46
	Train cost = 0.771096,	Krip Loss = 0.771096,	RMSE = 1.085045
	Test cost = 0.882036,	Krip Loss = 0.882036,	RMSE = 1.355859
Epoch = 47
	Train cost = 0.759738,	Krip Loss = 0.759738,	RMSE = 1.079259
	Test cost = 0.879750,	Krip Loss = 0.879750,	RMSE = 1.354868
Epoch = 48
	Train cost = 0.749848,	Krip Loss = 0.749848,	RMSE = 1.074084
	Test cost = 0.875227,	Krip Loss = 0.875227,	RMSE = 1.346637
Epoch = 49
	Train cost = 0.741860,	Krip Loss = 0.741860,	RMSE = 1.072731
	Test cost = 0.872515,	Krip Loss = 0.872515,	RMSE = 1.345051
Epoch = 50
	Train cost = 0.733660,	Krip Loss = 0.733660,	RMSE = 1.069407
	Test cost = 0.870937,	Krip Loss = 0.870937,	RMSE = 1.345555
Epoch = 51
	Train cost = 0.725995,	Krip Loss = 0.725995,	RMSE = 1.066018
	Test cost = 0.869633,	Krip Loss = 0.869633,	RMSE = 1.350002
Epoch = 52
	Train cost = 0.719276,	Krip Loss = 0.719276,	RMSE = 1.063476
	Test cost = 0.867583,	Krip Loss = 0.867583,	RMSE = 1.351716
Epoch = 53
	Train cost = 0.713009,	Krip Loss = 0.713009,	RMSE = 1.058882
	Test cost = 0.862818,	Krip Loss = 0.862818,	RMSE = 1.346184
Epoch = 54
	Train cost = 0.708077,	Krip Loss = 0.708077,	RMSE = 1.060150
	Test cost = 0.861237,	Krip Loss = 0.861237,	RMSE = 1.352872
Epoch = 55
	Train cost = 0.702308,	Krip Loss = 0.702308,	RMSE = 1.054036
	Test cost = 0.857130,	Krip Loss = 0.857130,	RMSE = 1.353901
Epoch = 56
	Train cost = 0.696936,	Krip Loss = 0.696936,	RMSE = 1.052312
	Test cost = 0.850776,	Krip Loss = 0.850776,	RMSE = 1.344234
Epoch = 57
	Train cost = 0.691131,	Krip Loss = 0.691131,	RMSE = 1.051562
	Test cost = 0.848593,	Krip Loss = 0.848593,	RMSE = 1.355775
Epoch = 58
	Train cost = 0.685592,	Krip Loss = 0.685592,	RMSE = 1.048760
	Test cost = 0.841976,	Krip Loss = 0.841976,	RMSE = 1.351997
Epoch = 59
	Train cost = 0.681539,	Krip Loss = 0.681539,	RMSE = 1.047311
	Test cost = 0.838550,	Krip Loss = 0.838550,	RMSE = 1.357742
Epoch = 60
	Train cost = 0.675192,	Krip Loss = 0.675192,	RMSE = 1.043978
	Test cost = 0.836628,	Krip Loss = 0.836628,	RMSE = 1.365520
Testing Dyad = 16
RMSE of Average Prediction = 1.157776
(3208, 300, 148) (204, 300, 148)
dec = True model = lstm lambda = 0.0 share = True
Compiling function
Compilation done 1
Compilation done 2
Epoch = 1
	Train cost = 0.998369,	Krip Loss = 0.998369,	RMSE = 3.048898
	Test cost = 1.007867,	Krip Loss = 1.007867,	RMSE = 2.455194
Epoch = 2
	Train cost = 0.997438,	Krip Loss = 0.997438,	RMSE = 2.998345
	Test cost = 1.007993,	Krip Loss = 1.007993,	RMSE = 2.417120
Epoch = 3
	Train cost = 0.996582,	Krip Loss = 0.996582,	RMSE = 2.949661
	Test cost = 1.008166,	Krip Loss = 1.008166,	RMSE = 2.372723
Epoch = 4
	Train cost = 0.995575,	Krip Loss = 0.995575,	RMSE = 2.887951
	Test cost = 1.008106,	Krip Loss = 1.008106,	RMSE = 2.323133
Epoch = 5
	Train cost = 0.994390,	Krip Loss = 0.994390,	RMSE = 2.816101
	Test cost = 1.008133,	Krip Loss = 1.008133,	RMSE = 2.270704
Epoch = 6
	Train cost = 0.992972,	Krip Loss = 0.992972,	RMSE = 2.736660
	Test cost = 1.008295,	Krip Loss = 1.008295,	RMSE = 2.215672
Epoch = 7
	Train cost = 0.991301,	Krip Loss = 0.991301,	RMSE = 2.652201
	Test cost = 1.008475,	Krip Loss = 1.008475,	RMSE = 2.158030
Epoch = 8
	Train cost = 0.989420,	Krip Loss = 0.989420,	RMSE = 2.565284
	Test cost = 1.008662,	Krip Loss = 1.008662,	RMSE = 2.098656
Epoch = 9
	Train cost = 0.987249,	Krip Loss = 0.987249,	RMSE = 2.477748
	Test cost = 1.009073,	Krip Loss = 1.009073,	RMSE = 2.036767
Epoch = 10
	Train cost = 0.984781,	Krip Loss = 0.984781,	RMSE = 2.391464
	Test cost = 1.009136,	Krip Loss = 1.009136,	RMSE = 1.975256
Epoch = 11
	Train cost = 0.981932,	Krip Loss = 0.981932,	RMSE = 2.305780
	Test cost = 1.009201,	Krip Loss = 1.009201,	RMSE = 1.911406
Epoch = 12
	Train cost = 0.978850,	Krip Loss = 0.978850,	RMSE = 2.220781
	Test cost = 1.010165,	Krip Loss = 1.010165,	RMSE = 1.842970
Epoch = 13
	Train cost = 0.975168,	Krip Loss = 0.975168,	RMSE = 2.136341
	Test cost = 1.009020,	Krip Loss = 1.009020,	RMSE = 1.774869
Epoch = 14
	Train cost = 0.971247,	Krip Loss = 0.971247,	RMSE = 2.051637
	Test cost = 1.009784,	Krip Loss = 1.009784,	RMSE = 1.698768
Epoch = 15
	Train cost = 0.966605,	Krip Loss = 0.966605,	RMSE = 1.968829
	Test cost = 1.008950,	Krip Loss = 1.008950,	RMSE = 1.626662
Epoch = 16
	Train cost = 0.961838,	Krip Loss = 0.961838,	RMSE = 1.889830
	Test cost = 1.008991,	Krip Loss = 1.008991,	RMSE = 1.553865
Epoch = 17
	Train cost = 0.956716,	Krip Loss = 0.956716,	RMSE = 1.819581
	Test cost = 1.007198,	Krip Loss = 1.007198,	RMSE = 1.492140
Epoch = 18
	Train cost = 0.951781,	Krip Loss = 0.951781,	RMSE = 1.759835
	Test cost = 1.006133,	Krip Loss = 1.006133,	RMSE = 1.435130
Epoch = 19
	Train cost = 0.946777,	Krip Loss = 0.946777,	RMSE = 1.703954
	Test cost = 1.005057,	Krip Loss = 1.005057,	RMSE = 1.381548
Epoch = 20
	Train cost = 0.941539,	Krip Loss = 0.941539,	RMSE = 1.650976
	Test cost = 1.002511,	Krip Loss = 1.002511,	RMSE = 1.333128
Epoch = 21
	Train cost = 0.936254,	Krip Loss = 0.936254,	RMSE = 1.598362
	Test cost = 1.000509,	Krip Loss = 1.000509,	RMSE = 1.287025
Epoch = 22
	Train cost = 0.930911,	Krip Loss = 0.930911,	RMSE = 1.545146
	Test cost = 0.998799,	Krip Loss = 0.998799,	RMSE = 1.244433
Epoch = 23
	Train cost = 0.925075,	Krip Loss = 0.925075,	RMSE = 1.494273
	Test cost = 0.996059,	Krip Loss = 0.996059,	RMSE = 1.209746
Epoch = 24
	Train cost = 0.919018,	Krip Loss = 0.919018,	RMSE = 1.446942
	Test cost = 0.991782,	Krip Loss = 0.991782,	RMSE = 1.180024
Epoch = 25
	Train cost = 0.912657,	Krip Loss = 0.912657,	RMSE = 1.404056
	Test cost = 0.988384,	Krip Loss = 0.988384,	RMSE = 1.154565
Epoch = 26
	Train cost = 0.906279,	Krip Loss = 0.906279,	RMSE = 1.365091
	Test cost = 0.984924,	Krip Loss = 0.984924,	RMSE = 1.136009
Epoch = 27
	Train cost = 0.899385,	Krip Loss = 0.899385,	RMSE = 1.332565
	Test cost = 0.980345,	Krip Loss = 0.980345,	RMSE = 1.120833
Epoch = 28
	Train cost = 0.892080,	Krip Loss = 0.892080,	RMSE = 1.299674
	Test cost = 0.976559,	Krip Loss = 0.976559,	RMSE = 1.109397
Epoch = 29
	Train cost = 0.884680,	Krip Loss = 0.884680,	RMSE = 1.270559
	Test cost = 0.975587,	Krip Loss = 0.975587,	RMSE = 1.103067
Epoch = 30
	Train cost = 0.876636,	Krip Loss = 0.876636,	RMSE = 1.240994
	Test cost = 0.971152,	Krip Loss = 0.971152,	RMSE = 1.099477
Epoch = 31
	Train cost = 0.868236,	Krip Loss = 0.868236,	RMSE = 1.214693
	Test cost = 0.965242,	Krip Loss = 0.965242,	RMSE = 1.099525
Epoch = 32
	Train cost = 0.859242,	Krip Loss = 0.859242,	RMSE = 1.186643
	Test cost = 0.962472,	Krip Loss = 0.962472,	RMSE = 1.105687
Epoch = 33
	Train cost = 0.850367,	Krip Loss = 0.850367,	RMSE = 1.164155
	Test cost = 0.960302,	Krip Loss = 0.960302,	RMSE = 1.116022
Epoch = 34
	Train cost = 0.840757,	Krip Loss = 0.840757,	RMSE = 1.140867
	Test cost = 0.956970,	Krip Loss = 0.956970,	RMSE = 1.129110
Epoch = 35
	Train cost = 0.830832,	Krip Loss = 0.830832,	RMSE = 1.124564
	Test cost = 0.952687,	Krip Loss = 0.952687,	RMSE = 1.141634
Epoch = 36
	Train cost = 0.820413,	Krip Loss = 0.820413,	RMSE = 1.106537
	Test cost = 0.949257,	Krip Loss = 0.949257,	RMSE = 1.154444
Epoch = 37
	Train cost = 0.809774,	Krip Loss = 0.809774,	RMSE = 1.093809
	Test cost = 0.947392,	Krip Loss = 0.947392,	RMSE = 1.167056
Epoch = 38
	Train cost = 0.799029,	Krip Loss = 0.799029,	RMSE = 1.079494
	Test cost = 0.942480,	Krip Loss = 0.942480,	RMSE = 1.173082
Epoch = 39
	Train cost = 0.788959,	Krip Loss = 0.788959,	RMSE = 1.070745
	Test cost = 0.941508,	Krip Loss = 0.941508,	RMSE = 1.186032
Epoch = 40
	Train cost = 0.778578,	Krip Loss = 0.778578,	RMSE = 1.061934
	Test cost = 0.938944,	Krip Loss = 0.938944,	RMSE = 1.191681
Epoch = 41
	Train cost = 0.768792,	Krip Loss = 0.768792,	RMSE = 1.056392
	Test cost = 0.934142,	Krip Loss = 0.934142,	RMSE = 1.199636
Epoch = 42
	Train cost = 0.759646,	Krip Loss = 0.759646,	RMSE = 1.053103
	Test cost = 0.927662,	Krip Loss = 0.927662,	RMSE = 1.199823
Epoch = 43
	Train cost = 0.749088,	Krip Loss = 0.749088,	RMSE = 1.049232
	Test cost = 0.924275,	Krip Loss = 0.924275,	RMSE = 1.210484
Epoch = 44
	Train cost = 0.739922,	Krip Loss = 0.739922,	RMSE = 1.047911
	Test cost = 0.920806,	Krip Loss = 0.920806,	RMSE = 1.214221
Epoch = 45
	Train cost = 0.731424,	Krip Loss = 0.731424,	RMSE = 1.043151
	Test cost = 0.917596,	Krip Loss = 0.917596,	RMSE = 1.219551
Epoch = 46
	Train cost = 0.724313,	Krip Loss = 0.724313,	RMSE = 1.043570
	Test cost = 0.913483,	Krip Loss = 0.913483,	RMSE = 1.218712
Epoch = 47
	Train cost = 0.713848,	Krip Loss = 0.713848,	RMSE = 1.045428
	Test cost = 0.909897,	Krip Loss = 0.909897,	RMSE = 1.221759
Epoch = 48
	Train cost = 0.706716,	Krip Loss = 0.706716,	RMSE = 1.041625
	Test cost = 0.906260,	Krip Loss = 0.906260,	RMSE = 1.220715
Epoch = 49
	Train cost = 0.699215,	Krip Loss = 0.699215,	RMSE = 1.039167
	Test cost = 0.903070,	Krip Loss = 0.903070,	RMSE = 1.222200
Epoch = 50
	Train cost = 0.692794,	Krip Loss = 0.692794,	RMSE = 1.037801
	Test cost = 0.899229,	Krip Loss = 0.899229,	RMSE = 1.223598
Epoch = 51
	Train cost = 0.685141,	Krip Loss = 0.685141,	RMSE = 1.033397
	Test cost = 0.891492,	Krip Loss = 0.891492,	RMSE = 1.219945
Epoch = 52
	Train cost = 0.679680,	Krip Loss = 0.679680,	RMSE = 1.033964
	Test cost = 0.891709,	Krip Loss = 0.891709,	RMSE = 1.226086
Epoch = 53
	Train cost = 0.673672,	Krip Loss = 0.673672,	RMSE = 1.029796
	Test cost = 0.887030,	Krip Loss = 0.887030,	RMSE = 1.226269
Epoch = 54
	Train cost = 0.667340,	Krip Loss = 0.667340,	RMSE = 1.024383
	Test cost = 0.881958,	Krip Loss = 0.881958,	RMSE = 1.220352
Epoch = 55
	Train cost = 0.659845,	Krip Loss = 0.659845,	RMSE = 1.019068
	Test cost = 0.875726,	Krip Loss = 0.875726,	RMSE = 1.213368
Epoch = 56
	Train cost = 0.654064,	Krip Loss = 0.654064,	RMSE = 1.018629
	Test cost = 0.870953,	Krip Loss = 0.870953,	RMSE = 1.208820
Epoch = 57
	Train cost = 0.648923,	Krip Loss = 0.648923,	RMSE = 1.014471
	Test cost = 0.867380,	Krip Loss = 0.867380,	RMSE = 1.205415
Epoch = 58
	Train cost = 0.642747,	Krip Loss = 0.642747,	RMSE = 1.011927
	Test cost = 0.858400,	Krip Loss = 0.858400,	RMSE = 1.197993
Epoch = 59
	Train cost = 0.637710,	Krip Loss = 0.637710,	RMSE = 1.009429
	Test cost = 0.853277,	Krip Loss = 0.853277,	RMSE = 1.196238
Epoch = 60
	Train cost = 0.632225,	Krip Loss = 0.632225,	RMSE = 1.007520
	Test cost = 0.846350,	Krip Loss = 0.846350,	RMSE = 1.191413
Testing Dyad = 17
RMSE of Average Prediction = 1.117277
(3216, 300, 148) (196, 300, 148)
dec = True model = lstm lambda = 0.0 share = True
Compiling function
Compilation done 1
Compilation done 2
Epoch = 1
	Train cost = 0.998473,	Krip Loss = 0.998473,	RMSE = 3.047965
	Test cost = 1.003024,	Krip Loss = 1.003024,	RMSE = 2.450912
Epoch = 2
	Train cost = 0.997545,	Krip Loss = 0.997545,	RMSE = 2.999091
	Test cost = 1.002539,	Krip Loss = 1.002539,	RMSE = 2.425449
Epoch = 3
	Train cost = 0.996717,	Krip Loss = 0.996717,	RMSE = 2.955576
	Test cost = 1.002119,	Krip Loss = 1.002119,	RMSE = 2.391093
Epoch = 4
	Train cost = 0.995811,	Krip Loss = 0.995811,	RMSE = 2.900191
	Test cost = 1.001501,	Krip Loss = 1.001501,	RMSE = 2.350509
Epoch = 5
	Train cost = 0.994778,	Krip Loss = 0.994778,	RMSE = 2.836058
	Test cost = 1.000656,	Krip Loss = 1.000656,	RMSE = 2.305205
Epoch = 6
	Train cost = 0.993614,	Krip Loss = 0.993614,	RMSE = 2.765168
	Test cost = 0.999591,	Krip Loss = 0.999591,	RMSE = 2.257366
Epoch = 7
	Train cost = 0.992220,	Krip Loss = 0.992220,	RMSE = 2.690516
	Test cost = 0.998631,	Krip Loss = 0.998631,	RMSE = 2.206974
Epoch = 8
	Train cost = 0.990628,	Krip Loss = 0.990628,	RMSE = 2.612198
	Test cost = 0.997366,	Krip Loss = 0.997366,	RMSE = 2.153207
Epoch = 9
	Train cost = 0.988777,	Krip Loss = 0.988777,	RMSE = 2.531171
	Test cost = 0.996160,	Krip Loss = 0.996160,	RMSE = 2.097254
Epoch = 10
	Train cost = 0.986720,	Krip Loss = 0.986720,	RMSE = 2.448975
	Test cost = 0.994964,	Krip Loss = 0.994964,	RMSE = 2.040907
Epoch = 11
	Train cost = 0.984304,	Krip Loss = 0.984304,	RMSE = 2.367477
	Test cost = 0.993670,	Krip Loss = 0.993670,	RMSE = 1.983779
Epoch = 12
	Train cost = 0.981566,	Krip Loss = 0.981566,	RMSE = 2.286410
	Test cost = 0.991921,	Krip Loss = 0.991921,	RMSE = 1.926784
Epoch = 13
	Train cost = 0.978399,	Krip Loss = 0.978399,	RMSE = 2.205630
	Test cost = 0.989424,	Krip Loss = 0.989424,	RMSE = 1.865258
Epoch = 14
	Train cost = 0.974839,	Krip Loss = 0.974839,	RMSE = 2.126608
	Test cost = 0.987090,	Krip Loss = 0.987090,	RMSE = 1.806830
Epoch = 15
	Train cost = 0.970808,	Krip Loss = 0.970808,	RMSE = 2.047930
	Test cost = 0.984582,	Krip Loss = 0.984582,	RMSE = 1.747805
Epoch = 16
	Train cost = 0.966377,	Krip Loss = 0.966377,	RMSE = 1.974101
	Test cost = 0.981362,	Krip Loss = 0.981362,	RMSE = 1.691894
Epoch = 17
	Train cost = 0.961793,	Krip Loss = 0.961793,	RMSE = 1.905149
	Test cost = 0.978333,	Krip Loss = 0.978333,	RMSE = 1.640555
Epoch = 18
	Train cost = 0.956726,	Krip Loss = 0.956726,	RMSE = 1.842726
	Test cost = 0.974712,	Krip Loss = 0.974712,	RMSE = 1.595558
Epoch = 19
	Train cost = 0.951549,	Krip Loss = 0.951549,	RMSE = 1.788265
	Test cost = 0.970899,	Krip Loss = 0.970899,	RMSE = 1.556834
Epoch = 20
	Train cost = 0.946321,	Krip Loss = 0.946321,	RMSE = 1.739783
	Test cost = 0.966917,	Krip Loss = 0.966917,	RMSE = 1.522237
Epoch = 21
	Train cost = 0.941080,	Krip Loss = 0.941080,	RMSE = 1.693498
	Test cost = 0.962967,	Krip Loss = 0.962967,	RMSE = 1.489128
Epoch = 22
	Train cost = 0.935812,	Krip Loss = 0.935812,	RMSE = 1.648164
	Test cost = 0.958561,	Krip Loss = 0.958561,	RMSE = 1.457268
Epoch = 23
	Train cost = 0.930563,	Krip Loss = 0.930563,	RMSE = 1.605210
	Test cost = 0.954514,	Krip Loss = 0.954514,	RMSE = 1.426881
Epoch = 24
	Train cost = 0.925475,	Krip Loss = 0.925475,	RMSE = 1.560056
	Test cost = 0.949921,	Krip Loss = 0.949921,	RMSE = 1.394115
Epoch = 25
	Train cost = 0.919479,	Krip Loss = 0.919479,	RMSE = 1.519372
	Test cost = 0.945789,	Krip Loss = 0.945789,	RMSE = 1.368175
Epoch = 26
	Train cost = 0.913701,	Krip Loss = 0.913701,	RMSE = 1.476194
	Test cost = 0.940820,	Krip Loss = 0.940820,	RMSE = 1.334263
Epoch = 27
	Train cost = 0.907630,	Krip Loss = 0.907630,	RMSE = 1.436918
	Test cost = 0.936215,	Krip Loss = 0.936215,	RMSE = 1.304063
Epoch = 28
	Train cost = 0.901357,	Krip Loss = 0.901357,	RMSE = 1.397090
	Test cost = 0.931589,	Krip Loss = 0.931589,	RMSE = 1.270680
Epoch = 29
	Train cost = 0.894595,	Krip Loss = 0.894595,	RMSE = 1.359691
	Test cost = 0.927828,	Krip Loss = 0.927828,	RMSE = 1.239971
Epoch = 30
	Train cost = 0.887357,	Krip Loss = 0.887357,	RMSE = 1.323372
	Test cost = 0.924871,	Krip Loss = 0.924871,	RMSE = 1.208948
Epoch = 31
	Train cost = 0.879320,	Krip Loss = 0.879320,	RMSE = 1.288060
	Test cost = 0.923742,	Krip Loss = 0.923742,	RMSE = 1.177567
Epoch = 32
	Train cost = 0.869863,	Krip Loss = 0.869863,	RMSE = 1.251765
	Test cost = 0.925887,	Krip Loss = 0.925887,	RMSE = 1.149174
Epoch = 33
	Train cost = 0.860599,	Krip Loss = 0.860599,	RMSE = 1.219783
	Test cost = 0.926151,	Krip Loss = 0.926151,	RMSE = 1.126715
Epoch = 34
	Train cost = 0.850553,	Krip Loss = 0.850553,	RMSE = 1.191228
	Test cost = 0.931231,	Krip Loss = 0.931231,	RMSE = 1.109397
Epoch = 35
	Train cost = 0.841079,	Krip Loss = 0.841079,	RMSE = 1.169362
	Test cost = 0.929521,	Krip Loss = 0.929521,	RMSE = 1.096854
Epoch = 36
	Train cost = 0.831049,	Krip Loss = 0.831049,	RMSE = 1.150809
	Test cost = 0.937920,	Krip Loss = 0.937920,	RMSE = 1.095623
Testing Dyad = 18
RMSE of Average Prediction = 1.520631
(3210, 300, 148) (202, 300, 148)
dec = True model = lstm lambda = 0.0 share = True
Compiling function
Compilation done 1
Compilation done 2
Epoch = 1
	Train cost = 0.998243,	Krip Loss = 0.998243,	RMSE = 3.067557
	Test cost = 1.009701,	Krip Loss = 1.009701,	RMSE = 2.045735
Epoch = 2
	Train cost = 0.997168,	Krip Loss = 0.997168,	RMSE = 2.979044
	Test cost = 1.013662,	Krip Loss = 1.013662,	RMSE = 2.032034
Epoch = 3
	Train cost = 0.995928,	Krip Loss = 0.995928,	RMSE = 2.880571
	Test cost = 1.018423,	Krip Loss = 1.018423,	RMSE = 2.017069
Epoch = 4
	Train cost = 0.994402,	Krip Loss = 0.994402,	RMSE = 2.772186
	Test cost = 1.023940,	Krip Loss = 1.023940,	RMSE = 2.002949
Epoch = 5
	Train cost = 0.992644,	Krip Loss = 0.992644,	RMSE = 2.658707
	Test cost = 1.029742,	Krip Loss = 1.029742,	RMSE = 1.989391
Epoch = 6
	Train cost = 0.990657,	Krip Loss = 0.990657,	RMSE = 2.548782
	Test cost = 1.035506,	Krip Loss = 1.035506,	RMSE = 1.970912
Epoch = 7
	Train cost = 0.988432,	Krip Loss = 0.988432,	RMSE = 2.443598
	Test cost = 1.041218,	Krip Loss = 1.041218,	RMSE = 1.944037
Epoch = 8
	Train cost = 0.985953,	Krip Loss = 0.985953,	RMSE = 2.343501
	Test cost = 1.046761,	Krip Loss = 1.046761,	RMSE = 1.907965
Epoch = 9
	Train cost = 0.983284,	Krip Loss = 0.983284,	RMSE = 2.248608
	Test cost = 1.052322,	Krip Loss = 1.052322,	RMSE = 1.864113
Epoch = 10
	Train cost = 0.980472,	Krip Loss = 0.980472,	RMSE = 2.162218
	Test cost = 1.057706,	Krip Loss = 1.057706,	RMSE = 1.818533
Epoch = 11
	Train cost = 0.977435,	Krip Loss = 0.977435,	RMSE = 2.080722
	Test cost = 1.063214,	Krip Loss = 1.063214,	RMSE = 1.772801
Epoch = 12
	Train cost = 0.974246,	Krip Loss = 0.974246,	RMSE = 2.002196
	Test cost = 1.068691,	Krip Loss = 1.068691,	RMSE = 1.730349
Epoch = 13
	Train cost = 0.970631,	Krip Loss = 0.970631,	RMSE = 1.924621
	Test cost = 1.075344,	Krip Loss = 1.075344,	RMSE = 1.689576
Epoch = 14
	Train cost = 0.966743,	Krip Loss = 0.966743,	RMSE = 1.850440
	Test cost = 1.081825,	Krip Loss = 1.081825,	RMSE = 1.654181
Epoch = 15
	Train cost = 0.962340,	Krip Loss = 0.962340,	RMSE = 1.780551
	Test cost = 1.088440,	Krip Loss = 1.088440,	RMSE = 1.625032
Epoch = 16
	Train cost = 0.957923,	Krip Loss = 0.957923,	RMSE = 1.716391
	Test cost = 1.095121,	Krip Loss = 1.095121,	RMSE = 1.600651
Epoch = 17
	Train cost = 0.953384,	Krip Loss = 0.953384,	RMSE = 1.653996
	Test cost = 1.104453,	Krip Loss = 1.104453,	RMSE = 1.578580
Epoch = 18
	Train cost = 0.948800,	Krip Loss = 0.948800,	RMSE = 1.599705
	Test cost = 1.111405,	Krip Loss = 1.111405,	RMSE = 1.559710
Epoch = 19
	Train cost = 0.943870,	Krip Loss = 0.943870,	RMSE = 1.546142
	Test cost = 1.118868,	Krip Loss = 1.118868,	RMSE = 1.541278
Epoch = 20
	Train cost = 0.938425,	Krip Loss = 0.938425,	RMSE = 1.496978
	Test cost = 1.124625,	Krip Loss = 1.124625,	RMSE = 1.523312
Epoch = 21
	Train cost = 0.932559,	Krip Loss = 0.932559,	RMSE = 1.444431
	Test cost = 1.133356,	Krip Loss = 1.133356,	RMSE = 1.505646
Epoch = 22
	Train cost = 0.926382,	Krip Loss = 0.926382,	RMSE = 1.397932
	Test cost = 1.138384,	Krip Loss = 1.138384,	RMSE = 1.491031
Epoch = 23
	Train cost = 0.919456,	Krip Loss = 0.919456,	RMSE = 1.353358
	Test cost = 1.142708,	Krip Loss = 1.142708,	RMSE = 1.478612
Epoch = 24
	Train cost = 0.912393,	Krip Loss = 0.912393,	RMSE = 1.309735
	Test cost = 1.147694,	Krip Loss = 1.147694,	RMSE = 1.469287
Epoch = 25
	Train cost = 0.904653,	Krip Loss = 0.904653,	RMSE = 1.269663
	Test cost = 1.151870,	Krip Loss = 1.151870,	RMSE = 1.464324
Epoch = 26
	Train cost = 0.896247,	Krip Loss = 0.896247,	RMSE = 1.234137
	Test cost = 1.154568,	Krip Loss = 1.154568,	RMSE = 1.463350
Epoch = 27
	Train cost = 0.887365,	Krip Loss = 0.887365,	RMSE = 1.201655
	Test cost = 1.156841,	Krip Loss = 1.156841,	RMSE = 1.465820
Epoch = 28
	Train cost = 0.877742,	Krip Loss = 0.877742,	RMSE = 1.173792
	Test cost = 1.157542,	Krip Loss = 1.157542,	RMSE = 1.470085
Epoch = 29
	Train cost = 0.867378,	Krip Loss = 0.867378,	RMSE = 1.148169
	Test cost = 1.157731,	Krip Loss = 1.157731,	RMSE = 1.474800
Epoch = 30
	Train cost = 0.856136,	Krip Loss = 0.856136,	RMSE = 1.126040
	Test cost = 1.156701,	Krip Loss = 1.156701,	RMSE = 1.478663
Epoch = 31
	Train cost = 0.844225,	Krip Loss = 0.844225,	RMSE = 1.106912
	Test cost = 1.155123,	Krip Loss = 1.155123,	RMSE = 1.481390
