nohup: ignoring input
Using gpu device 3: GeForce GTX TITAN X (CNMeM is disabled, cuDNN 5103)
/usr/local/lib/python2.7/dist-packages/theano/sandbox/cuda/__init__.py:600: UserWarning: Your cuDNN version is more recent than the one Theano officially supports. If you see any problems, try updating Theano or downgrading cuDNN to version 5.
  warnings.warn(warn)
audio b
../data_info/AMT_Batch3_results_large.csv
../data_info/AMT_Batch1_results_large.csv
../data_info/AMT_Batch2_results_large.csv
../data_info/AMT_Batch4_results_large.csv
D10S1
D10S2
D11S1
D11S2
D12S1
D12S2
D16S2
D17S1
D18S1
D3S1
D3S2
D4S1
D4S2
D5S1
D5S2
D6S1
D6S2
D7S1
D7S2
D8S1
D8S2
D9S1
D9S2
Testing Dyad = 3
RMSE of Average Prediction = 1.091906
(3030, 300, 148) (382, 300, 148)
naive
Compiling function
Compilation done 1
Compilation done 2
Epoch = 1
	Train cost = 1.092251,	Krip Loss = 1.000412,	RMSE = 3.744706
	Test cost = 1.090901,	Krip Loss = 1.000845,	RMSE = 3.798738
Epoch = 2
	Train cost = 1.086172,	Krip Loss = 0.997700,	RMSE = 3.712431
	Test cost = 1.085426,	Krip Loss = 0.998761,	RMSE = 3.661021
Epoch = 3
	Train cost = 1.078107,	Krip Loss = 0.992802,	RMSE = 3.551618
	Test cost = 1.075793,	Krip Loss = 0.991939,	RMSE = 3.274070
Epoch = 4
	Train cost = 1.053201,	Krip Loss = 0.970260,	RMSE = 3.146905
	Test cost = 1.038093,	Krip Loss = 0.956105,	RMSE = 2.758610
Epoch = 5
	Train cost = 1.012655,	Krip Loss = 0.931186,	RMSE = 2.652999
	Test cost = 1.036614,	Krip Loss = 0.955661,	RMSE = 2.149996
Epoch = 6
	Train cost = 0.979532,	Krip Loss = 0.898939,	RMSE = 2.077169
	Test cost = 1.018802,	Krip Loss = 0.938586,	RMSE = 1.732100
Epoch = 7
	Train cost = 0.923674,	Krip Loss = 0.843684,	RMSE = 2.222356
	Test cost = 1.020622,	Krip Loss = 0.940855,	RMSE = 1.286431
Epoch = 8
	Train cost = 0.889928,	Krip Loss = 0.810286,	RMSE = 1.775548
	Test cost = 1.031492,	Krip Loss = 0.951996,	RMSE = 1.145209
Epoch = 9
	Train cost = 0.842707,	Krip Loss = 0.763323,	RMSE = 1.730801
	Test cost = 0.976697,	Krip Loss = 0.897422,	RMSE = 1.137166
Epoch = 10
	Train cost = 0.799942,	Krip Loss = 0.720749,	RMSE = 1.446979
	Test cost = 0.926896,	Krip Loss = 0.847779,	RMSE = 1.177731
Epoch = 11
	Train cost = 0.760108,	Krip Loss = 0.681065,	RMSE = 1.326351
	Test cost = 0.904526,	Krip Loss = 0.825543,	RMSE = 1.210002
Epoch = 12
	Train cost = 0.736113,	Krip Loss = 0.657201,	RMSE = 1.262999
	Test cost = 0.916672,	Krip Loss = 0.837820,	RMSE = 1.283305
Epoch = 13
	Train cost = 0.727487,	Krip Loss = 0.648704,	RMSE = 1.251743
	Test cost = 0.941538,	Krip Loss = 0.862816,	RMSE = 1.377168
Epoch = 14
	Train cost = 0.736706,	Krip Loss = 0.658049,	RMSE = 1.299422
	Test cost = 0.991889,	Krip Loss = 0.913286,	RMSE = 1.527998
Epoch = 15
	Train cost = 0.752386,	Krip Loss = 0.673844,	RMSE = 1.389634
	Test cost = 1.035057,	Krip Loss = 0.956564,	RMSE = 1.693225
Epoch = 16
	Train cost = 0.759353,	Krip Loss = 0.680919,	RMSE = 1.474815
	Test cost = 1.047166,	Krip Loss = 0.968780,	RMSE = 1.776425
Testing Dyad = 4
RMSE of Average Prediction = 1.768327
(3206, 300, 148) (206, 300, 148)
naive
Compiling function
Compilation done 1
Compilation done 2
Epoch = 1
	Train cost = 1.092226,	Krip Loss = 1.000568,	RMSE = 3.828000
	Test cost = 1.088378,	Krip Loss = 0.998564,	RMSE = 2.690533
Epoch = 2
	Train cost = 1.086987,	Krip Loss = 0.998836,	RMSE = 3.833207
	Test cost = 1.080193,	Krip Loss = 0.993859,	RMSE = 2.643993
Epoch = 3
	Train cost = 1.080560,	Krip Loss = 0.995540,	RMSE = 3.744939
	Test cost = 1.066856,	Krip Loss = 0.983355,	RMSE = 2.478646
Epoch = 4
	Train cost = 1.063424,	Krip Loss = 0.981014,	RMSE = 3.447960
	Test cost = 0.947547,	Krip Loss = 0.866346,	RMSE = 2.277331
Epoch = 5
	Train cost = 1.032820,	Krip Loss = 0.952303,	RMSE = 3.209825
	Test cost = 0.822517,	Krip Loss = 0.742666,	RMSE = 1.989637
Epoch = 6
	Train cost = 1.011622,	Krip Loss = 0.932226,	RMSE = 3.275801
	Test cost = 0.781352,	Krip Loss = 0.702419,	RMSE = 1.850995
Epoch = 7
	Train cost = 0.995023,	Krip Loss = 0.916357,	RMSE = 3.175504
	Test cost = 0.917332,	Krip Loss = 0.839027,	RMSE = 1.409315
Epoch = 8
	Train cost = 0.991657,	Krip Loss = 0.913694,	RMSE = 1.987001
	Test cost = 0.774932,	Krip Loss = 0.697259,	RMSE = 1.289968
Epoch = 9
	Train cost = 0.940504,	Krip Loss = 0.863038,	RMSE = 1.776893
	Test cost = 0.819504,	Krip Loss = 0.742222,	RMSE = 1.557341
Epoch = 10
	Train cost = 0.896617,	Krip Loss = 0.819475,	RMSE = 1.507901
	Test cost = 0.723280,	Krip Loss = 0.646275,	RMSE = 1.645660
Epoch = 11
	Train cost = 0.868931,	Krip Loss = 0.792040,	RMSE = 1.818726
	Test cost = 0.767728,	Krip Loss = 0.690934,	RMSE = 1.689062
Epoch = 12
	Train cost = 0.825011,	Krip Loss = 0.748295,	RMSE = 1.389265
	Test cost = 0.710075,	Krip Loss = 0.633422,	RMSE = 1.517282
Epoch = 13
	Train cost = 0.797731,	Krip Loss = 0.721155,	RMSE = 1.369941
	Test cost = 0.710371,	Krip Loss = 0.633858,	RMSE = 1.514391
Epoch = 14
	Train cost = 0.766949,	Krip Loss = 0.690515,	RMSE = 1.254445
	Test cost = 0.736878,	Krip Loss = 0.660509,	RMSE = 1.620676
Epoch = 15
	Train cost = 0.754004,	Krip Loss = 0.677715,	RMSE = 1.232984
	Test cost = 0.762359,	Krip Loss = 0.686137,	RMSE = 1.750491
Epoch = 16
	Train cost = 0.752564,	Krip Loss = 0.676422,	RMSE = 1.226225
	Test cost = 0.784707,	Krip Loss = 0.708632,	RMSE = 1.893488
Epoch = 17
	Train cost = 0.764854,	Krip Loss = 0.688858,	RMSE = 1.282622
	Test cost = 0.863571,	Krip Loss = 0.787644,	RMSE = 2.236778
Testing Dyad = 7
RMSE of Average Prediction = 1.252923
(3016, 300, 148) (396, 300, 148)
naive
Compiling function
Compilation done 1
Compilation done 2
Epoch = 1
	Train cost = 1.092388,	Krip Loss = 1.000544,	RMSE = 3.686128
	Test cost = 1.089473,	Krip Loss = 0.999290,	RMSE = 4.246517
Epoch = 2
	Train cost = 1.087121,	Krip Loss = 0.998397,	RMSE = 3.676505
	Test cost = 1.085735,	Krip Loss = 0.998687,	RMSE = 4.171542
Epoch = 3
	Train cost = 1.081368,	Krip Loss = 0.995713,	RMSE = 3.588899
	Test cost = 1.081859,	Krip Loss = 0.997770,	RMSE = 4.037680
Epoch = 4
	Train cost = 1.069896,	Krip Loss = 0.986987,	RMSE = 3.362153
	Test cost = 1.076209,	Krip Loss = 0.994578,	RMSE = 3.841063
Epoch = 5
	Train cost = 1.034340,	Krip Loss = 0.953535,	RMSE = 2.985164
	Test cost = 1.068632,	Krip Loss = 0.988619,	RMSE = 4.124716
Epoch = 6
	Train cost = 1.004973,	Krip Loss = 0.925404,	RMSE = 3.113812
	Test cost = 1.067535,	Krip Loss = 0.988440,	RMSE = 3.672086
Epoch = 7
	Train cost = 0.974866,	Krip Loss = 0.896082,	RMSE = 2.898666
	Test cost = 1.062087,	Krip Loss = 0.983599,	RMSE = 2.185346
Epoch = 8
	Train cost = 0.949576,	Krip Loss = 0.871316,	RMSE = 2.209657
	Test cost = 1.053688,	Krip Loss = 0.975660,	RMSE = 1.800053
Epoch = 9
	Train cost = 0.929339,	Krip Loss = 0.851469,	RMSE = 1.827130
	Test cost = 1.050351,	Krip Loss = 0.972650,	RMSE = 1.676306
Epoch = 10
	Train cost = 0.896360,	Krip Loss = 0.818784,	RMSE = 1.627061
	Test cost = 1.039318,	Krip Loss = 0.961889,	RMSE = 1.576272
Epoch = 11
	Train cost = 0.859511,	Krip Loss = 0.782229,	RMSE = 1.703813
	Test cost = 1.026021,	Krip Loss = 0.948889,	RMSE = 1.425733
Epoch = 12
	Train cost = 0.832251,	Krip Loss = 0.755209,	RMSE = 1.676375
	Test cost = 1.009533,	Krip Loss = 0.932589,	RMSE = 1.372790
Epoch = 13
	Train cost = 0.828882,	Krip Loss = 0.752024,	RMSE = 1.595724
	Test cost = 1.002466,	Krip Loss = 0.925689,	RMSE = 1.315189
Epoch = 14
	Train cost = 0.829664,	Krip Loss = 0.752975,	RMSE = 1.608778
	Test cost = 1.007184,	Krip Loss = 0.930583,	RMSE = 1.198462
Epoch = 15
	Train cost = 0.805348,	Krip Loss = 0.728827,	RMSE = 1.469343
	Test cost = 1.007623,	Krip Loss = 0.931175,	RMSE = 1.204166
Epoch = 16
	Train cost = 0.796239,	Krip Loss = 0.719873,	RMSE = 1.431826
	Test cost = 1.012524,	Krip Loss = 0.936231,	RMSE = 1.234062
Epoch = 17
	Train cost = 0.794291,	Krip Loss = 0.718081,	RMSE = 1.444590
	Test cost = 1.017793,	Krip Loss = 0.941653,	RMSE = 1.279239
Epoch = 18
	Train cost = 0.792307,	Krip Loss = 0.716240,	RMSE = 1.437411
	Test cost = 1.020206,	Krip Loss = 0.944201,	RMSE = 1.333051
Testing Dyad = 8
RMSE of Average Prediction = 1.482276
(3076, 300, 148) (336, 300, 148)
naive
Compiling function
Compilation done 1
Compilation done 2
Epoch = 1
	Train cost = 1.092372,	Krip Loss = 1.000621,	RMSE = 3.874377
	Test cost = 1.089273,	Krip Loss = 0.999315,	RMSE = 2.794966
Epoch = 2
	Train cost = 1.086832,	Krip Loss = 0.998451,	RMSE = 3.867148
	Test cost = 1.085865,	Krip Loss = 0.999295,	RMSE = 2.787286
Epoch = 3
	Train cost = 1.080956,	Krip Loss = 0.995862,	RMSE = 3.784072
	Test cost = 1.081299,	Krip Loss = 0.997862,	RMSE = 2.747605
Epoch = 4
	Train cost = 1.070126,	Krip Loss = 0.987890,	RMSE = 3.587798
	Test cost = 1.064382,	Krip Loss = 0.983458,	RMSE = 2.743814
Epoch = 5
	Train cost = 1.031724,	Krip Loss = 0.951595,	RMSE = 3.144133
	Test cost = 1.054009,	Krip Loss = 0.974627,	RMSE = 2.816996
Epoch = 6
	Train cost = 0.994799,	Krip Loss = 0.915812,	RMSE = 2.753485
	Test cost = 1.040401,	Krip Loss = 0.961815,	RMSE = 2.839033
Epoch = 7
	Train cost = 0.963891,	Krip Loss = 0.885605,	RMSE = 2.432277
	Test cost = 1.053302,	Krip Loss = 0.975340,	RMSE = 3.459900
Epoch = 8
	Train cost = 0.929605,	Krip Loss = 0.851847,	RMSE = 1.955694
	Test cost = 1.055981,	Krip Loss = 0.978460,	RMSE = 3.913356
Epoch = 9
	Train cost = 0.904588,	Krip Loss = 0.827199,	RMSE = 2.157939
	Test cost = 1.018558,	Krip Loss = 0.941328,	RMSE = 3.276101
Epoch = 10
	Train cost = 0.864830,	Krip Loss = 0.787684,	RMSE = 1.825386
	Test cost = 1.001061,	Krip Loss = 0.924017,	RMSE = 3.308888
Epoch = 11
	Train cost = 0.824803,	Krip Loss = 0.747839,	RMSE = 1.557285
	Test cost = 0.945525,	Krip Loss = 0.868639,	RMSE = 2.289595
Epoch = 12
	Train cost = 0.823856,	Krip Loss = 0.747056,	RMSE = 1.540786
	Test cost = 0.905906,	Krip Loss = 0.829183,	RMSE = 1.982948
Epoch = 13
	Train cost = 0.834207,	Krip Loss = 0.757567,	RMSE = 1.630993
	Test cost = 0.909975,	Krip Loss = 0.833416,	RMSE = 1.406690
Epoch = 14
	Train cost = 0.845962,	Krip Loss = 0.769466,	RMSE = 1.559629
	Test cost = 0.960686,	Krip Loss = 0.884264,	RMSE = 1.842780
Epoch = 15
	Train cost = 0.810237,	Krip Loss = 0.733890,	RMSE = 1.476125
	Test cost = 0.924483,	Krip Loss = 0.848195,	RMSE = 1.450413
Epoch = 16
	Train cost = 0.837825,	Krip Loss = 0.761586,	RMSE = 1.531878
	Test cost = 0.963349,	Krip Loss = 0.887166,	RMSE = 2.082288
Epoch = 17
	Train cost = 0.836191,	Krip Loss = 0.760100,	RMSE = 1.718365
	Test cost = 0.919710,	Krip Loss = 0.843701,	RMSE = 1.481822
Testing Dyad = 9
RMSE of Average Prediction = 0.944229
(3030, 300, 148) (382, 300, 148)
naive
Compiling function
Compilation done 1
Compilation done 2
Epoch = 1
	Train cost = 1.092629,	Krip Loss = 1.000806,	RMSE = 3.747708
	Test cost = 1.090420,	Krip Loss = 1.000283,	RMSE = 3.879258
Epoch = 2
	Train cost = 1.087060,	Krip Loss = 0.998460,	RMSE = 3.732318
	Test cost = 1.086028,	Krip Loss = 0.999126,	RMSE = 3.816214
Epoch = 3
	Train cost = 1.081073,	Krip Loss = 0.995590,	RMSE = 3.641109
	Test cost = 1.081055,	Krip Loss = 0.997129,	RMSE = 3.691340
Epoch = 4
	Train cost = 1.070393,	Krip Loss = 0.987667,	RMSE = 3.423298
	Test cost = 1.068937,	Krip Loss = 0.987510,	RMSE = 3.437486
Epoch = 5
	Train cost = 1.036928,	Krip Loss = 0.956342,	RMSE = 3.073493
	Test cost = 1.027424,	Krip Loss = 0.947679,	RMSE = 3.472953
Epoch = 6
	Train cost = 1.010842,	Krip Loss = 0.931522,	RMSE = 3.363585
	Test cost = 1.026423,	Krip Loss = 0.947544,	RMSE = 2.875273
Epoch = 7
	Train cost = 1.013568,	Krip Loss = 0.935013,	RMSE = 2.122216
	Test cost = 1.030228,	Krip Loss = 0.952000,	RMSE = 1.947317
Epoch = 8
	Train cost = 0.962068,	Krip Loss = 0.884076,	RMSE = 2.463444
	Test cost = 1.034524,	Krip Loss = 0.956819,	RMSE = 1.602034
Epoch = 9
	Train cost = 0.941520,	Krip Loss = 0.864022,	RMSE = 2.005163
	Test cost = 1.010832,	Krip Loss = 0.933549,	RMSE = 1.362078
Epoch = 10
	Train cost = 0.910540,	Krip Loss = 0.833420,	RMSE = 1.854280
	Test cost = 0.967253,	Krip Loss = 0.890313,	RMSE = 1.270501
Epoch = 11
	Train cost = 0.878332,	Krip Loss = 0.801542,	RMSE = 1.896253
	Test cost = 0.925458,	Krip Loss = 0.848823,	RMSE = 1.204616
Epoch = 12
	Train cost = 0.851171,	Krip Loss = 0.774669,	RMSE = 1.764713
	Test cost = 0.802954,	Krip Loss = 0.726570,	RMSE = 1.181376
Epoch = 13
	Train cost = 0.828539,	Krip Loss = 0.752250,	RMSE = 1.551052
	Test cost = 0.743418,	Krip Loss = 0.667216,	RMSE = 1.036589
Epoch = 14
	Train cost = 0.835819,	Krip Loss = 0.759707,	RMSE = 1.609377
	Test cost = 0.811014,	Krip Loss = 0.734997,	RMSE = 0.935409
Epoch = 15
	Train cost = 0.835502,	Krip Loss = 0.759589,	RMSE = 1.635598
	Test cost = 0.856711,	Krip Loss = 0.780900,	RMSE = 0.980571
Epoch = 16
	Train cost = 0.830069,	Krip Loss = 0.754365,	RMSE = 1.571688
	Test cost = 0.884111,	Krip Loss = 0.808506,	RMSE = 1.037552
Epoch = 17
	Train cost = 0.821615,	Krip Loss = 0.746116,	RMSE = 1.513225
	Test cost = 0.885543,	Krip Loss = 0.810138,	RMSE = 1.071018
Epoch = 18
	Train cost = 0.815729,	Krip Loss = 0.740432,	RMSE = 1.504020
	Test cost = 0.889846,	Krip Loss = 0.814641,	RMSE = 1.105872
Testing Dyad = 10
RMSE of Average Prediction = 1.355091
(3058, 300, 148) (354, 300, 148)
naive
Compiling function
Compilation done 1
Compilation done 2
Epoch = 1
	Train cost = 1.092249,	Krip Loss = 1.000433,	RMSE = 3.653848
	Test cost = 1.091868,	Krip Loss = 1.001700,	RMSE = 4.595056
Epoch = 2
	Train cost = 1.086586,	Krip Loss = 0.997936,	RMSE = 3.641114
	Test cost = 1.088191,	Krip Loss = 1.001207,	RMSE = 4.533584
Epoch = 3
	Train cost = 1.079843,	Krip Loss = 0.994300,	RMSE = 3.536301
	Test cost = 1.084629,	Krip Loss = 1.000602,	RMSE = 4.362130
Epoch = 4
	Train cost = 1.062951,	Krip Loss = 0.980096,	RMSE = 3.241416
	Test cost = 1.072778,	Krip Loss = 0.991090,	RMSE = 4.225487
Epoch = 5
	Train cost = 1.022546,	Krip Loss = 0.941589,	RMSE = 2.943395
	Test cost = 1.053261,	Krip Loss = 0.972955,	RMSE = 4.204474
Epoch = 6
	Train cost = 0.995300,	Krip Loss = 0.915345,	RMSE = 3.033445
	Test cost = 1.056248,	Krip Loss = 0.976701,	RMSE = 2.937547
Epoch = 7
	Train cost = 0.971396,	Krip Loss = 0.892191,	RMSE = 2.441623
	Test cost = 1.036130,	Krip Loss = 0.957289,	RMSE = 2.536673
Epoch = 8
	Train cost = 0.939141,	Krip Loss = 0.860581,	RMSE = 2.162095
	Test cost = 1.007224,	Krip Loss = 0.928930,	RMSE = 2.326640
Epoch = 9
	Train cost = 0.894415,	Krip Loss = 0.816290,	RMSE = 1.693462
	Test cost = 0.983445,	Krip Loss = 0.905482,	RMSE = 1.654923
Epoch = 10
	Train cost = 0.853172,	Krip Loss = 0.775331,	RMSE = 1.577294
	Test cost = 0.968853,	Krip Loss = 0.891121,	RMSE = 1.874973
Epoch = 11
	Train cost = 0.805571,	Krip Loss = 0.727937,	RMSE = 1.445194
	Test cost = 0.958815,	Krip Loss = 0.881259,	RMSE = 1.877534
Epoch = 12
	Train cost = 0.805267,	Krip Loss = 0.727799,	RMSE = 1.464418
	Test cost = 0.877615,	Krip Loss = 0.800221,	RMSE = 1.182769
Epoch = 13
	Train cost = 0.850514,	Krip Loss = 0.773217,	RMSE = 1.649985
	Test cost = 0.928733,	Krip Loss = 0.851536,	RMSE = 0.896719
Epoch = 14
	Train cost = 0.805161,	Krip Loss = 0.728075,	RMSE = 1.433475
	Test cost = 0.891858,	Krip Loss = 0.814859,	RMSE = 0.962197
Epoch = 15
	Train cost = 0.804873,	Krip Loss = 0.727967,	RMSE = 1.416183
	Test cost = 0.909740,	Krip Loss = 0.832909,	RMSE = 0.903047
Epoch = 16
	Train cost = 0.799211,	Krip Loss = 0.722480,	RMSE = 1.409722
	Test cost = 0.905837,	Krip Loss = 0.829189,	RMSE = 0.906580
Epoch = 17
	Train cost = 0.797656,	Krip Loss = 0.721119,	RMSE = 1.428143
	Test cost = 0.907313,	Krip Loss = 0.830867,	RMSE = 0.909547
Testing Dyad = 11
RMSE of Average Prediction = 1.293873
(3054, 300, 148) (358, 300, 148)
naive
Compiling function
Compilation done 1
Compilation done 2
Epoch = 1
	Train cost = 1.092671,	Krip Loss = 1.000851,	RMSE = 3.702923
	Test cost = 1.089475,	Krip Loss = 0.999291,	RMSE = 4.307631
Epoch = 2
	Train cost = 1.087108,	Krip Loss = 0.998437,	RMSE = 3.696064
	Test cost = 1.085709,	Krip Loss = 0.998729,	RMSE = 4.291562
Epoch = 3
	Train cost = 1.081016,	Krip Loss = 0.995470,	RMSE = 3.616073
	Test cost = 1.081356,	Krip Loss = 0.997356,	RMSE = 4.187008
Epoch = 4
	Train cost = 1.069952,	Krip Loss = 0.987194,	RMSE = 3.418964
	Test cost = 1.069233,	Krip Loss = 0.987761,	RMSE = 3.815762
Epoch = 5
	Train cost = 1.037928,	Krip Loss = 0.957341,	RMSE = 3.092979
	Test cost = 1.037446,	Krip Loss = 0.957703,	RMSE = 3.421625
Epoch = 6
	Train cost = 1.007954,	Krip Loss = 0.928713,	RMSE = 2.975951
	Test cost = 1.020354,	Krip Loss = 0.941663,	RMSE = 3.231921
Epoch = 7
	Train cost = 0.994143,	Krip Loss = 0.915696,	RMSE = 2.233516
	Test cost = 1.045083,	Krip Loss = 0.966936,	RMSE = 2.361436
Epoch = 8
	Train cost = 0.968402,	Krip Loss = 0.890591,	RMSE = 2.268608
	Test cost = 0.990455,	Krip Loss = 0.913027,	RMSE = 2.096121
Epoch = 9
	Train cost = 0.928162,	Krip Loss = 0.850972,	RMSE = 1.888902
	Test cost = 0.937822,	Krip Loss = 0.860869,	RMSE = 1.771144
Epoch = 10
	Train cost = 0.884697,	Krip Loss = 0.807886,	RMSE = 1.575739
	Test cost = 0.912033,	Krip Loss = 0.835364,	RMSE = 1.701588
Epoch = 11
	Train cost = 0.840834,	Krip Loss = 0.764268,	RMSE = 1.413064
	Test cost = 0.940230,	Krip Loss = 0.863749,	RMSE = 1.887571
Epoch = 12
	Train cost = 0.789785,	Krip Loss = 0.713389,	RMSE = 1.374566
	Test cost = 0.923558,	Krip Loss = 0.847230,	RMSE = 1.836819
Epoch = 13
	Train cost = 0.784259,	Krip Loss = 0.708011,	RMSE = 1.382156
	Test cost = 0.821235,	Krip Loss = 0.745051,	RMSE = 1.461695
Epoch = 14
	Train cost = 0.854525,	Krip Loss = 0.778429,	RMSE = 1.685323
	Test cost = 0.682845,	Krip Loss = 0.606848,	RMSE = 0.921330
Epoch = 15
	Train cost = 0.800458,	Krip Loss = 0.724556,	RMSE = 1.348247
	Test cost = 0.686171,	Krip Loss = 0.610347,	RMSE = 1.030200
Epoch = 16
	Train cost = 0.811691,	Krip Loss = 0.735957,	RMSE = 1.465493
	Test cost = 0.660469,	Krip Loss = 0.584812,	RMSE = 0.890634
Epoch = 17
	Train cost = 0.803230,	Krip Loss = 0.727666,	RMSE = 1.444650
	Test cost = 0.656995,	Krip Loss = 0.581501,	RMSE = 0.893852
Epoch = 18
	Train cost = 0.793539,	Krip Loss = 0.718113,	RMSE = 1.400742
	Test cost = 0.646377,	Krip Loss = 0.571013,	RMSE = 0.970401
Epoch = 19
	Train cost = 0.813029,	Krip Loss = 0.737761,	RMSE = 1.575414
	Test cost = 0.645150,	Krip Loss = 0.569963,	RMSE = 0.902270
Epoch = 20
	Train cost = 0.800173,	Krip Loss = 0.725091,	RMSE = 1.485089
	Test cost = 0.637036,	Krip Loss = 0.562039,	RMSE = 0.926480
Epoch = 21
	Train cost = 0.798263,	Krip Loss = 0.723379,	RMSE = 1.500535
	Test cost = 0.678376,	Krip Loss = 0.603586,	RMSE = 0.991065
Epoch = 22
	Train cost = 0.777307,	Krip Loss = 0.702629,	RMSE = 1.525997
	Test cost = 0.676786,	Krip Loss = 0.602185,	RMSE = 0.967980
Epoch = 23
	Train cost = 0.775694,	Krip Loss = 0.701164,	RMSE = 1.424437
	Test cost = 0.628482,	Krip Loss = 0.554013,	RMSE = 0.955857
Epoch = 24
	Train cost = 0.799049,	Krip Loss = 0.724683,	RMSE = 1.582209
	Test cost = 0.677658,	Krip Loss = 0.603377,	RMSE = 0.982936
Epoch = 25
	Train cost = 0.776620,	Krip Loss = 0.702478,	RMSE = 1.417307
	Test cost = 0.635828,	Krip Loss = 0.561803,	RMSE = 0.946773
Epoch = 26
	Train cost = 0.774129,	Krip Loss = 0.700223,	RMSE = 1.480083
	Test cost = 0.667627,	Krip Loss = 0.593802,	RMSE = 0.973956
Epoch = 27
	Train cost = 0.762984,	Krip Loss = 0.689284,	RMSE = 1.411453
	Test cost = 0.627590,	Krip Loss = 0.553992,	RMSE = 0.930983
Epoch = 28
	Train cost = 0.771169,	Krip Loss = 0.697703,	RMSE = 1.460839
	Test cost = 0.641381,	Krip Loss = 0.568014,	RMSE = 0.972978
Epoch = 29
	Train cost = 0.760334,	Krip Loss = 0.687071,	RMSE = 1.550707
	Test cost = 0.710029,	Krip Loss = 0.636830,	RMSE = 1.065438
Epoch = 30
	Train cost = 0.770345,	Krip Loss = 0.697196,	RMSE = 1.406371
	Test cost = 0.619017,	Krip Loss = 0.545905,	RMSE = 0.975892
Testing Dyad = 12
RMSE of Average Prediction = 1.177035
(3016, 300, 148) (396, 300, 148)
naive
Compiling function
Compilation done 1
Compilation done 2
Epoch = 1
	Train cost = 1.092828,	Krip Loss = 1.000993,	RMSE = 3.740541
	Test cost = 1.089327,	Krip Loss = 0.999184,	RMSE = 4.018400
Epoch = 2
	Train cost = 1.087585,	Krip Loss = 0.998972,	RMSE = 3.753418
	Test cost = 1.084265,	Krip Loss = 0.997384,	RMSE = 4.013335
Epoch = 3
	Train cost = 1.082104,	Krip Loss = 0.996705,	RMSE = 3.693181
	Test cost = 1.077932,	Krip Loss = 0.994177,	RMSE = 3.918870
Epoch = 4
	Train cost = 1.073503,	Krip Loss = 0.991026,	RMSE = 3.517714
	Test cost = 1.058896,	Krip Loss = 0.977798,	RMSE = 3.610851
Epoch = 5
	Train cost = 1.048781,	Krip Loss = 0.968617,	RMSE = 3.076715
	Test cost = 1.016841,	Krip Loss = 0.937605,	RMSE = 2.860986
Epoch = 6
	Train cost = 1.019158,	Krip Loss = 0.940448,	RMSE = 2.867227
	Test cost = 0.954530,	Krip Loss = 0.876421,	RMSE = 2.774310
Epoch = 7
	Train cost = 0.995837,	Krip Loss = 0.918055,	RMSE = 2.602186
	Test cost = 0.916411,	Krip Loss = 0.839011,	RMSE = 2.427487
Epoch = 8
	Train cost = 0.966812,	Krip Loss = 0.889702,	RMSE = 2.249664
	Test cost = 0.856244,	Krip Loss = 0.779438,	RMSE = 2.218176
Epoch = 9
	Train cost = 0.935660,	Krip Loss = 0.859044,	RMSE = 2.006724
	Test cost = 0.798505,	Krip Loss = 0.722104,	RMSE = 2.070714
Epoch = 10
	Train cost = 0.908988,	Krip Loss = 0.832723,	RMSE = 1.797090
	Test cost = 0.733765,	Krip Loss = 0.657658,	RMSE = 1.757397
Epoch = 11
	Train cost = 0.874250,	Krip Loss = 0.798242,	RMSE = 1.479025
	Test cost = 0.752113,	Krip Loss = 0.676205,	RMSE = 1.594370
Epoch = 12
	Train cost = 0.823322,	Krip Loss = 0.747508,	RMSE = 1.410663
	Test cost = 0.662902,	Krip Loss = 0.587176,	RMSE = 1.496054
Epoch = 13
	Train cost = 0.851299,	Krip Loss = 0.775659,	RMSE = 1.584491
	Test cost = 0.531528,	Krip Loss = 0.455978,	RMSE = 1.254223
Epoch = 14
	Train cost = 0.865033,	Krip Loss = 0.789564,	RMSE = 1.698839
	Test cost = 0.681349,	Krip Loss = 0.605959,	RMSE = 1.233016
Epoch = 15
	Train cost = 0.872531,	Krip Loss = 0.797239,	RMSE = 1.785294
	Test cost = 0.460290,	Krip Loss = 0.385081,	RMSE = 0.836097
Epoch = 16
	Train cost = 0.822413,	Krip Loss = 0.747280,	RMSE = 1.427936
	Test cost = 0.521232,	Krip Loss = 0.446176,	RMSE = 1.212719
Epoch = 17
	Train cost = 0.834113,	Krip Loss = 0.759144,	RMSE = 1.619044
	Test cost = 0.586468,	Krip Loss = 0.511573,	RMSE = 1.110786
Epoch = 18
	Train cost = 0.853802,	Krip Loss = 0.778988,	RMSE = 1.605513
	Test cost = 0.434777,	Krip Loss = 0.360030,	RMSE = 0.877209
Epoch = 19
	Train cost = 0.815176,	Krip Loss = 0.740519,	RMSE = 1.507673
	Test cost = 0.573453,	Krip Loss = 0.498879,	RMSE = 1.212498
Epoch = 20
	Train cost = 0.848355,	Krip Loss = 0.773885,	RMSE = 1.740774
	Test cost = 0.444340,	Krip Loss = 0.369954,	RMSE = 0.860687
Epoch = 21
	Train cost = 0.793634,	Krip Loss = 0.719340,	RMSE = 1.413684
	Test cost = 0.491069,	Krip Loss = 0.416866,	RMSE = 1.203513
Epoch = 22
	Train cost = 0.819196,	Krip Loss = 0.745108,	RMSE = 1.733093
	Test cost = 0.404296,	Krip Loss = 0.330285,	RMSE = 0.815662
Epoch = 23
	Train cost = 0.800813,	Krip Loss = 0.726893,	RMSE = 1.514547
	Test cost = 0.502303,	Krip Loss = 0.428460,	RMSE = 1.091907
Epoch = 24
	Train cost = 0.832072,	Krip Loss = 0.758329,	RMSE = 1.624169
	Test cost = 0.421717,	Krip Loss = 0.348054,	RMSE = 0.863829
Epoch = 25
	Train cost = 0.787390,	Krip Loss = 0.713840,	RMSE = 1.440643
	Test cost = 0.459473,	Krip Loss = 0.386024,	RMSE = 1.076059
Epoch = 26
	Train cost = 0.805222,	Krip Loss = 0.731889,	RMSE = 1.750275
	Test cost = 0.398812,	Krip Loss = 0.325552,	RMSE = 0.811068
Epoch = 27
	Train cost = 0.789743,	Krip Loss = 0.716567,	RMSE = 1.493081
	Test cost = 0.444236,	Krip Loss = 0.371128,	RMSE = 1.019985
Epoch = 28
	Train cost = 0.814491,	Krip Loss = 0.741482,	RMSE = 1.596876
	Test cost = 0.427794,	Krip Loss = 0.354864,	RMSE = 0.871267
Epoch = 29
	Train cost = 0.780531,	Krip Loss = 0.707714,	RMSE = 1.394253
	Test cost = 0.402799,	Krip Loss = 0.330065,	RMSE = 0.879115
Epoch = 30
	Train cost = 0.788808,	Krip Loss = 0.716169,	RMSE = 1.573731
	Test cost = 0.401833,	Krip Loss = 0.329255,	RMSE = 0.839750
Testing Dyad = 16
RMSE of Average Prediction = 1.157776
(3208, 300, 148) (204, 300, 148)
naive
Compiling function
Compilation done 1
Compilation done 2
Epoch = 1
	Train cost = 1.092622,	Krip Loss = 1.000894,	RMSE = 3.803499
	Test cost = 1.086314,	Krip Loss = 0.996399,	RMSE = 3.230777
Epoch = 2
	Train cost = 1.086977,	Krip Loss = 0.998687,	RMSE = 3.796205
	Test cost = 1.081065,	Krip Loss = 0.994617,	RMSE = 3.192537
Epoch = 3
	Train cost = 1.080642,	Krip Loss = 0.995740,	RMSE = 3.699344
	Test cost = 1.073751,	Krip Loss = 0.990555,	RMSE = 3.025934
Epoch = 4
	Train cost = 1.065437,	Krip Loss = 0.983490,	RMSE = 3.410974
	Test cost = 1.050106,	Krip Loss = 0.969485,	RMSE = 2.764530
Epoch = 5
	Train cost = 1.021679,	Krip Loss = 0.941840,	RMSE = 3.096029
	Test cost = 0.996557,	Krip Loss = 0.917485,	RMSE = 2.336105
Epoch = 6
	Train cost = 0.990287,	Krip Loss = 0.911621,	RMSE = 2.701476
	Test cost = 0.937484,	Krip Loss = 0.859245,	RMSE = 1.970715
Epoch = 7
	Train cost = 0.950136,	Krip Loss = 0.872180,	RMSE = 2.281086
	Test cost = 0.887701,	Krip Loss = 0.810033,	RMSE = 1.485370
Epoch = 8
	Train cost = 0.913489,	Krip Loss = 0.836020,	RMSE = 1.983958
	Test cost = 0.860980,	Krip Loss = 0.783720,	RMSE = 1.392799
Epoch = 9
	Train cost = 0.874092,	Krip Loss = 0.796972,	RMSE = 1.654801
	Test cost = 0.864722,	Krip Loss = 0.787733,	RMSE = 1.197487
Epoch = 10
	Train cost = 0.832951,	Krip Loss = 0.756058,	RMSE = 1.487470
	Test cost = 0.819744,	Krip Loss = 0.742935,	RMSE = 1.200922
Epoch = 11
	Train cost = 0.803787,	Krip Loss = 0.727065,	RMSE = 1.461186
	Test cost = 0.810329,	Krip Loss = 0.733680,	RMSE = 1.234854
Epoch = 12
	Train cost = 0.824556,	Krip Loss = 0.747992,	RMSE = 1.569667
	Test cost = 0.850786,	Krip Loss = 0.774300,	RMSE = 1.343626
Epoch = 13
	Train cost = 0.812294,	Krip Loss = 0.735890,	RMSE = 1.549324
	Test cost = 0.889696,	Krip Loss = 0.813356,	RMSE = 1.405751
Epoch = 14
	Train cost = 0.787041,	Krip Loss = 0.710773,	RMSE = 1.374269
	Test cost = 0.859980,	Krip Loss = 0.783769,	RMSE = 1.412329
Epoch = 15
	Train cost = 0.783953,	Krip Loss = 0.707818,	RMSE = 1.409408
	Test cost = 0.886705,	Krip Loss = 0.810626,	RMSE = 1.462899
Epoch = 16
	Train cost = 0.783761,	Krip Loss = 0.707759,	RMSE = 1.430594
	Test cost = 0.897724,	Krip Loss = 0.821781,	RMSE = 1.511629
Testing Dyad = 17
RMSE of Average Prediction = 1.117277
(3216, 300, 148) (196, 300, 148)
naive
Compiling function
Compilation done 1
Compilation done 2
Epoch = 1
	Train cost = 1.092372,	Krip Loss = 1.000650,	RMSE = 3.802808
	Test cost = 1.090588,	Krip Loss = 1.000710,	RMSE = 3.205053
Epoch = 2
	Train cost = 1.086621,	Krip Loss = 0.998420,	RMSE = 3.786150
	Test cost = 1.084415,	Krip Loss = 0.998099,	RMSE = 3.147457
Epoch = 3
	Train cost = 1.080151,	Krip Loss = 0.995383,	RMSE = 3.675528
	Test cost = 1.075649,	Krip Loss = 0.992569,	RMSE = 2.957839
Epoch = 4
	Train cost = 1.064197,	Krip Loss = 0.982346,	RMSE = 3.376191
	Test cost = 1.052250,	Krip Loss = 0.971714,	RMSE = 2.867024
Epoch = 5
	Train cost = 1.019740,	Krip Loss = 0.939964,	RMSE = 3.058356
	Test cost = 1.006396,	Krip Loss = 0.927351,	RMSE = 2.369147
Epoch = 6
	Train cost = 0.981814,	Krip Loss = 0.903180,	RMSE = 2.502835
	Test cost = 0.967541,	Krip Loss = 0.889332,	RMSE = 2.228263
Epoch = 7
	Train cost = 0.950882,	Krip Loss = 0.872917,	RMSE = 2.300498
	Test cost = 0.956362,	Krip Loss = 0.878678,	RMSE = 2.207274
Epoch = 8
	Train cost = 0.909907,	Krip Loss = 0.832400,	RMSE = 1.912329
	Test cost = 0.913228,	Krip Loss = 0.835921,	RMSE = 2.036166
Epoch = 9
	Train cost = 0.868870,	Krip Loss = 0.791691,	RMSE = 1.666675
	Test cost = 0.903386,	Krip Loss = 0.826342,	RMSE = 1.866978
Epoch = 10
	Train cost = 0.831469,	Krip Loss = 0.754520,	RMSE = 1.532007
	Test cost = 0.911235,	Krip Loss = 0.834376,	RMSE = 1.815734
Epoch = 11
	Train cost = 0.819706,	Krip Loss = 0.742930,	RMSE = 1.530716
	Test cost = 0.924623,	Krip Loss = 0.847921,	RMSE = 2.022841
Epoch = 12
	Train cost = 0.829724,	Krip Loss = 0.753100,	RMSE = 1.580520
	Test cost = 0.914695,	Krip Loss = 0.838142,	RMSE = 1.930137
Epoch = 13
	Train cost = 0.807232,	Krip Loss = 0.730757,	RMSE = 1.461594
	Test cost = 0.918589,	Krip Loss = 0.842174,	RMSE = 1.929864
Epoch = 14
	Train cost = 0.793758,	Krip Loss = 0.717417,	RMSE = 1.399244
	Test cost = 0.926077,	Krip Loss = 0.849792,	RMSE = 1.990989
Epoch = 15
	Train cost = 0.788564,	Krip Loss = 0.712354,	RMSE = 1.416371
	Test cost = 0.927673,	Krip Loss = 0.851518,	RMSE = 1.980700
Epoch = 16
	Train cost = 0.792585,	Krip Loss = 0.716506,	RMSE = 1.460077
	Test cost = 0.934638,	Krip Loss = 0.858616,	RMSE = 2.073328
Testing Dyad = 18
RMSE of Average Prediction = 1.520631
(3210, 300, 148) (202, 300, 148)
naive
Compiling function
Compilation done 1
Compilation done 2
Epoch = 1
	Train cost = 1.092587,	Krip Loss = 1.000862,	RMSE = 3.829543
	Test cost = 1.087307,	Krip Loss = 0.997416,	RMSE = 2.679540
Epoch = 2
	Train cost = 1.087241,	Krip Loss = 0.998889,	RMSE = 3.842198
	Test cost = 1.081417,	Krip Loss = 0.994810,	RMSE = 2.677625
Epoch = 3
	Train cost = 1.081395,	Krip Loss = 0.996290,	RMSE = 3.777784
	Test cost = 1.072064,	Krip Loss = 0.988664,	RMSE = 2.581794
Epoch = 4
	Train cost = 1.068610,	Krip Loss = 0.986454,	RMSE = 3.541751
	Test cost = 1.032567,	Krip Loss = 0.951742,	RMSE = 2.548704
Epoch = 5
	Train cost = 1.030467,	Krip Loss = 0.950496,	RMSE = 3.205039
	Test cost = 0.996406,	Krip Loss = 0.917260,	RMSE = 2.468861
Epoch = 6
	Train cost = 0.997879,	Krip Loss = 0.919141,	RMSE = 2.801409
	Test cost = 0.963398,	Krip Loss = 0.885113,	RMSE = 2.114372
Epoch = 7
	Train cost = 0.968952,	Krip Loss = 0.890983,	RMSE = 2.499910
	Test cost = 0.962683,	Krip Loss = 0.885044,	RMSE = 1.896053
Epoch = 8
	Train cost = 0.932540,	Krip Loss = 0.855152,	RMSE = 2.238140
	Test cost = 0.929948,	Krip Loss = 0.852788,	RMSE = 1.641141
Epoch = 9
	Train cost = 0.905173,	Krip Loss = 0.828161,	RMSE = 1.824739
	Test cost = 0.903237,	Krip Loss = 0.826382,	RMSE = 1.705535
Epoch = 10
	Train cost = 0.854990,	Krip Loss = 0.778267,	RMSE = 1.588972
	Test cost = 0.881729,	Krip Loss = 0.805134,	RMSE = 1.691784
Epoch = 11
	Train cost = 0.818051,	Krip Loss = 0.741554,	RMSE = 1.489208
	Test cost = 0.833752,	Krip Loss = 0.757343,	RMSE = 1.589300
Epoch = 12
	Train cost = 0.795860,	Krip Loss = 0.719537,	RMSE = 1.416755
	Test cost = 0.811262,	Krip Loss = 0.735012,	RMSE = 1.539627
Epoch = 13
	Train cost = 0.802955,	Krip Loss = 0.726787,	RMSE = 1.444298
	Test cost = 0.838848,	Krip Loss = 0.762753,	RMSE = 1.730267
Epoch = 14
	Train cost = 0.797392,	Krip Loss = 0.721380,	RMSE = 1.458386
	Test cost = 0.854068,	Krip Loss = 0.778124,	RMSE = 1.734193
Epoch = 15
	Train cost = 0.790477,	Krip Loss = 0.714614,	RMSE = 1.391756
	Test cost = 0.867081,	Krip Loss = 0.791282,	RMSE = 1.786537
Epoch = 16
	Train cost = 0.788546,	Krip Loss = 0.712831,	RMSE = 1.403495
	Test cost = 0.872388,	Krip Loss = 0.796738,	RMSE = 1.779790
Epoch = 17
	Train cost = 0.788895,	Krip Loss = 0.713324,	RMSE = 1.423109
	Test cost = 0.887824,	Krip Loss = 0.812316,	RMSE = 1.934366
