nohup: ignoring input
Couldn't import dot_parser, loading of dot files will not be possible.
WARNING (theano.sandbox.cuda): The cuda backend is deprecated and will be removed in the next release.  Please switch to the gpuarray backend. You can get more information about how to switch at this URL:
 https://github.com/Theano/Theano/wiki/Converting-to-the-new-gpu-back-end%28gpuarray%29

Using gpu device 2: GeForce GTX TITAN X (CNMeM is disabled, cuDNN 5103)
audio b
/usr0/home/hongliay/code/Rapport/data_info/AMT_Batch1_results_large.csv
/usr0/home/hongliay/code/Rapport/data_info/AMT_Batch2_results_large.csv
/usr0/home/hongliay/code/Rapport/data_info/AMT_Batch3_results_large.csv
/usr0/home/hongliay/code/Rapport/data_info/AMT_Batch4_results_large.csv
D10S1
D10S2
D11S1
D11S2
D12S1
D12S2
D16S2
D17S1
D18S1
D3S1
D3S2
D4S1
D4S2
D5S1
D5S2
D6S1
D6S2
D7S1
D7S2
D8S1
D8S2
D9S1
D9S2
[3, 4, 7, 8, 9, 10, 11, 12, 16, 17, 18]
Validation Dyad = 17 	Testing Dyad = 3
RMSE of Average Prediction = 1.113759
(2834, 300, 148) (196, 300, 148) (382, 300, 148)
model = gru lambda = 0.0 last = True share = False #class = 1 drop = 0.0 update = adam2
Compiling function
INFO (theano.gof.compilelock): Waiting for existing lock by process '10596' (I am process '9491')
INFO (theano.gof.compilelock): To manually release the lock, delete /usr0/home/hongliay/.theano/compiledir_Linux-3.19--generic-x86_64-with-Ubuntu-14.04-trusty-x86_64-2.7.6-64/lock_dir
Compilation done 1
Compilation done 2
Compilation done 3
Epoch = 1
	Train cost = 3.341307,	Krip Loss = 3.341307,	RMSE = 1.827924
	Test cost = 1.687514,	Krip Loss = 1.687514,	RMSE = 1.299043
	Test cost = 1.720278,	Krip Loss = 1.720278,	RMSE = 1.311594
Epoch = 2
	Train cost = 1.816840,	Krip Loss = 1.816840,	RMSE = 1.347902
	Test cost = 1.592770,	Krip Loss = 1.592770,	RMSE = 1.262050
	Test cost = 1.465693,	Krip Loss = 1.465693,	RMSE = 1.210658
Epoch = 3
	Train cost = 1.342480,	Krip Loss = 1.342480,	RMSE = 1.158654
	Test cost = 1.384713,	Krip Loss = 1.384713,	RMSE = 1.176738
	Test cost = 1.667216,	Krip Loss = 1.667216,	RMSE = 1.291207
Epoch = 4
	Train cost = 1.285307,	Krip Loss = 1.285307,	RMSE = 1.133714
	Test cost = 1.402372,	Krip Loss = 1.402372,	RMSE = 1.184218
	Test cost = 1.532775,	Krip Loss = 1.532775,	RMSE = 1.238053
Epoch = 5
	Train cost = 1.260817,	Krip Loss = 1.260817,	RMSE = 1.122861
	Test cost = 1.398615,	Krip Loss = 1.398615,	RMSE = 1.182631
	Test cost = 1.677514,	Krip Loss = 1.677514,	RMSE = 1.295189
Epoch = 6
	Train cost = 1.219173,	Krip Loss = 1.219173,	RMSE = 1.104162
	Test cost = 1.387543,	Krip Loss = 1.387543,	RMSE = 1.177940
	Test cost = 1.678036,	Krip Loss = 1.678036,	RMSE = 1.295390
Epoch = 7
	Train cost = 1.197854,	Krip Loss = 1.197854,	RMSE = 1.094465
	Test cost = 1.380553,	Krip Loss = 1.380553,	RMSE = 1.174969
	Test cost = 1.682697,	Krip Loss = 1.682697,	RMSE = 1.297188
Epoch = 8
	Train cost = 1.180622,	Krip Loss = 1.180622,	RMSE = 1.086564
	Test cost = 1.370390,	Krip Loss = 1.370390,	RMSE = 1.170637
	Test cost = 1.712410,	Krip Loss = 1.712410,	RMSE = 1.308591
Epoch = 9
	Train cost = 1.162763,	Krip Loss = 1.162763,	RMSE = 1.078315
	Test cost = 1.362833,	Krip Loss = 1.362833,	RMSE = 1.167404
	Test cost = 1.737022,	Krip Loss = 1.737022,	RMSE = 1.317961
Epoch = 10
	Train cost = 1.146469,	Krip Loss = 1.146469,	RMSE = 1.070733
	Test cost = 1.356870,	Krip Loss = 1.356870,	RMSE = 1.164848
	Test cost = 1.718964,	Krip Loss = 1.718964,	RMSE = 1.311093
Epoch = 11
	Train cost = 1.132789,	Krip Loss = 1.132789,	RMSE = 1.064326
	Test cost = 1.351943,	Krip Loss = 1.351943,	RMSE = 1.162731
	Test cost = 1.703219,	Krip Loss = 1.703219,	RMSE = 1.305074
Epoch = 12
	Train cost = 1.120330,	Krip Loss = 1.120330,	RMSE = 1.058456
	Test cost = 1.346191,	Krip Loss = 1.346191,	RMSE = 1.160255
	Test cost = 1.693206,	Krip Loss = 1.693206,	RMSE = 1.301232
Epoch = 13
	Train cost = 1.108623,	Krip Loss = 1.108623,	RMSE = 1.052912
	Test cost = 1.338563,	Krip Loss = 1.338563,	RMSE = 1.156963
	Test cost = 1.682041,	Krip Loss = 1.682041,	RMSE = 1.296935
Epoch = 14
	Train cost = 1.097462,	Krip Loss = 1.097462,	RMSE = 1.047598
	Test cost = 1.327467,	Krip Loss = 1.327467,	RMSE = 1.152158
	Test cost = 1.669374,	Krip Loss = 1.669374,	RMSE = 1.292043
Epoch = 15
	Train cost = 1.085650,	Krip Loss = 1.085650,	RMSE = 1.041945
	Test cost = 1.306653,	Krip Loss = 1.306653,	RMSE = 1.143089
	Test cost = 1.653575,	Krip Loss = 1.653575,	RMSE = 1.285914
Epoch = 16
	Train cost = 1.073416,	Krip Loss = 1.073416,	RMSE = 1.036058
	Test cost = 1.283154,	Krip Loss = 1.283154,	RMSE = 1.132764
	Test cost = 1.634651,	Krip Loss = 1.634651,	RMSE = 1.278535
Epoch = 17
	Train cost = 1.062742,	Krip Loss = 1.062742,	RMSE = 1.030894
	Test cost = 1.264994,	Krip Loss = 1.264994,	RMSE = 1.124720
	Test cost = 1.621307,	Krip Loss = 1.621307,	RMSE = 1.273305
Epoch = 18
	Train cost = 1.050675,	Krip Loss = 1.050675,	RMSE = 1.025024
	Test cost = 1.253669,	Krip Loss = 1.253669,	RMSE = 1.119674
	Test cost = 1.602921,	Krip Loss = 1.602921,	RMSE = 1.266065
Epoch = 19
	Train cost = 1.039741,	Krip Loss = 1.039741,	RMSE = 1.019677
	Test cost = 1.244256,	Krip Loss = 1.244256,	RMSE = 1.115462
	Test cost = 1.589656,	Krip Loss = 1.589656,	RMSE = 1.260815
Epoch = 20
	Train cost = 1.029777,	Krip Loss = 1.029777,	RMSE = 1.014779
	Test cost = 1.238427,	Krip Loss = 1.238427,	RMSE = 1.112846
	Test cost = 1.570983,	Krip Loss = 1.570983,	RMSE = 1.253389
Epoch = 21
	Train cost = 1.020325,	Krip Loss = 1.020325,	RMSE = 1.010111
	Test cost = 1.231374,	Krip Loss = 1.231374,	RMSE = 1.109673
	Test cost = 1.567618,	Krip Loss = 1.567618,	RMSE = 1.252046
Epoch = 22
	Train cost = 1.010995,	Krip Loss = 1.010995,	RMSE = 1.005482
	Test cost = 1.224940,	Krip Loss = 1.224940,	RMSE = 1.106770
	Test cost = 1.553605,	Krip Loss = 1.553605,	RMSE = 1.246437
Epoch = 23
	Train cost = 1.002127,	Krip Loss = 1.002127,	RMSE = 1.001063
	Test cost = 1.218343,	Krip Loss = 1.218343,	RMSE = 1.103786
	Test cost = 1.543572,	Krip Loss = 1.543572,	RMSE = 1.242406
Epoch = 24
	Train cost = 0.993559,	Krip Loss = 0.993559,	RMSE = 0.996775
	Test cost = 1.212248,	Krip Loss = 1.212248,	RMSE = 1.101021
	Test cost = 1.533706,	Krip Loss = 1.533706,	RMSE = 1.238429
Epoch = 25
	Train cost = 0.985215,	Krip Loss = 0.985215,	RMSE = 0.992580
	Test cost = 1.206560,	Krip Loss = 1.206560,	RMSE = 1.098435
	Test cost = 1.523157,	Krip Loss = 1.523157,	RMSE = 1.234162
Epoch = 26
	Train cost = 0.977005,	Krip Loss = 0.977005,	RMSE = 0.988436
	Test cost = 1.200792,	Krip Loss = 1.200792,	RMSE = 1.095806
	Test cost = 1.514091,	Krip Loss = 1.514091,	RMSE = 1.230484
Epoch = 27
	Train cost = 0.968908,	Krip Loss = 0.968908,	RMSE = 0.984331
	Test cost = 1.195440,	Krip Loss = 1.195440,	RMSE = 1.093362
	Test cost = 1.503832,	Krip Loss = 1.503832,	RMSE = 1.226308
Epoch = 28
	Train cost = 0.960918,	Krip Loss = 0.960918,	RMSE = 0.980264
	Test cost = 1.190014,	Krip Loss = 1.190014,	RMSE = 1.090878
	Test cost = 1.494416,	Krip Loss = 1.494416,	RMSE = 1.222463
Epoch = 29
	Train cost = 0.952807,	Krip Loss = 0.952807,	RMSE = 0.976119
	Test cost = 1.185439,	Krip Loss = 1.185439,	RMSE = 1.088778
	Test cost = 1.485092,	Krip Loss = 1.485092,	RMSE = 1.218644
Epoch = 30
	Train cost = 0.944326,	Krip Loss = 0.944326,	RMSE = 0.971764
	Test cost = 1.179629,	Krip Loss = 1.179629,	RMSE = 1.086107
	Test cost = 1.480136,	Krip Loss = 1.480136,	RMSE = 1.216609
Epoch = 31
	Train cost = 0.935637,	Krip Loss = 0.935637,	RMSE = 0.967283
	Test cost = 1.175014,	Krip Loss = 1.175014,	RMSE = 1.083980
	Test cost = 1.469490,	Krip Loss = 1.469490,	RMSE = 1.212225
Epoch = 32
	Train cost = 0.927406,	Krip Loss = 0.927406,	RMSE = 0.963019
	Test cost = 1.171231,	Krip Loss = 1.171231,	RMSE = 1.082234
	Test cost = 1.462584,	Krip Loss = 1.462584,	RMSE = 1.209373
Epoch = 33
	Train cost = 0.919257,	Krip Loss = 0.919257,	RMSE = 0.958779
	Test cost = 1.168307,	Krip Loss = 1.168307,	RMSE = 1.080883
	Test cost = 1.452301,	Krip Loss = 1.452301,	RMSE = 1.205115
Epoch = 34
	Train cost = 0.911304,	Krip Loss = 0.911304,	RMSE = 0.954622
	Test cost = 1.164514,	Krip Loss = 1.164514,	RMSE = 1.079127
	Test cost = 1.446703,	Krip Loss = 1.446703,	RMSE = 1.202790
Epoch = 35
	Train cost = 0.903014,	Krip Loss = 0.903014,	RMSE = 0.950270
	Test cost = 1.160760,	Krip Loss = 1.160760,	RMSE = 1.077386
	Test cost = 1.434232,	Krip Loss = 1.434232,	RMSE = 1.197594
Epoch = 36
	Train cost = 0.895208,	Krip Loss = 0.895208,	RMSE = 0.946154
	Test cost = 1.156931,	Krip Loss = 1.156931,	RMSE = 1.075607
	Test cost = 1.433353,	Krip Loss = 1.433353,	RMSE = 1.197227
Epoch = 37
	Train cost = 0.886854,	Krip Loss = 0.886854,	RMSE = 0.941729
	Test cost = 1.152641,	Krip Loss = 1.152641,	RMSE = 1.073611
	Test cost = 1.417332,	Krip Loss = 1.417332,	RMSE = 1.190517
Epoch = 38
	Train cost = 0.880093,	Krip Loss = 0.880093,	RMSE = 0.938133
	Test cost = 1.150008,	Krip Loss = 1.150008,	RMSE = 1.072384
	Test cost = 1.426306,	Krip Loss = 1.426306,	RMSE = 1.194281
Epoch = 39
	Train cost = 0.871710,	Krip Loss = 0.871710,	RMSE = 0.933654
	Test cost = 1.144217,	Krip Loss = 1.144217,	RMSE = 1.069681
	Test cost = 1.394280,	Krip Loss = 1.394280,	RMSE = 1.180796
Epoch = 40
	Train cost = 0.867256,	Krip Loss = 0.867256,	RMSE = 0.931266
	Test cost = 1.145794,	Krip Loss = 1.145794,	RMSE = 1.070418
	Test cost = 1.419714,	Krip Loss = 1.419714,	RMSE = 1.191518
Best Epoch = 39, Best Cost in Test = 1.394280
Validation Dyad = 8 	Testing Dyad = 4
RMSE of Average Prediction = 1.551682
(2870, 300, 148) (336, 300, 148) (206, 300, 148)
model = gru lambda = 0.0 last = True share = False #class = 1 drop = 0.0 update = adam2
Compiling function
Compilation done 1
Compilation done 2
Compilation done 3
Epoch = 1
	Train cost = 3.418818,	Krip Loss = 3.418818,	RMSE = 1.849005
	Test cost = 7.350600,	Krip Loss = 7.350600,	RMSE = 2.711199
	Test cost = 9.323299,	Krip Loss = 9.323299,	RMSE = 3.053408
Epoch = 2
	Train cost = 1.963455,	Krip Loss = 1.963455,	RMSE = 1.401233
	Test cost = 2.966240,	Krip Loss = 2.966240,	RMSE = 1.722278
	Test cost = 3.305762,	Krip Loss = 3.305762,	RMSE = 1.818175
Epoch = 3
	Train cost = 1.274675,	Krip Loss = 1.274675,	RMSE = 1.129015
	Test cost = 2.025559,	Krip Loss = 2.025559,	RMSE = 1.423221
	Test cost = 2.504655,	Krip Loss = 2.504655,	RMSE = 1.582610
Epoch = 4
	Train cost = 1.235622,	Krip Loss = 1.235622,	RMSE = 1.111585
	Test cost = 2.481655,	Krip Loss = 2.481655,	RMSE = 1.575327
	Test cost = 3.282489,	Krip Loss = 3.282489,	RMSE = 1.811764
Epoch = 5
	Train cost = 1.194762,	Krip Loss = 1.194762,	RMSE = 1.093052
	Test cost = 2.216841,	Krip Loss = 2.216841,	RMSE = 1.488906
	Test cost = 2.985213,	Krip Loss = 2.985213,	RMSE = 1.727777
Epoch = 6
	Train cost = 1.168413,	Krip Loss = 1.168413,	RMSE = 1.080932
	Test cost = 2.254370,	Krip Loss = 2.254370,	RMSE = 1.501456
	Test cost = 3.093988,	Krip Loss = 3.093988,	RMSE = 1.758974
Epoch = 7
	Train cost = 1.152623,	Krip Loss = 1.152623,	RMSE = 1.073603
	Test cost = 2.211670,	Krip Loss = 2.211670,	RMSE = 1.487169
	Test cost = 3.073565,	Krip Loss = 3.073565,	RMSE = 1.753159
Epoch = 8
	Train cost = 1.138487,	Krip Loss = 1.138487,	RMSE = 1.066999
	Test cost = 2.190657,	Krip Loss = 2.190657,	RMSE = 1.480087
	Test cost = 3.081292,	Krip Loss = 3.081292,	RMSE = 1.755361
Epoch = 9
	Train cost = 1.125328,	Krip Loss = 1.125328,	RMSE = 1.060815
	Test cost = 2.159343,	Krip Loss = 2.159343,	RMSE = 1.469470
	Test cost = 3.067715,	Krip Loss = 3.067715,	RMSE = 1.751489
Epoch = 10
	Train cost = 1.112911,	Krip Loss = 1.112911,	RMSE = 1.054946
	Test cost = 2.129300,	Krip Loss = 2.129300,	RMSE = 1.459212
	Test cost = 3.053288,	Krip Loss = 3.053288,	RMSE = 1.747366
Epoch = 11
	Train cost = 1.100760,	Krip Loss = 1.100760,	RMSE = 1.049171
	Test cost = 2.085641,	Krip Loss = 2.085641,	RMSE = 1.444175
	Test cost = 3.015014,	Krip Loss = 3.015014,	RMSE = 1.736379
Epoch = 12
	Train cost = 1.089004,	Krip Loss = 1.089004,	RMSE = 1.043553
	Test cost = 2.042177,	Krip Loss = 2.042177,	RMSE = 1.429048
	Test cost = 2.974968,	Krip Loss = 2.974968,	RMSE = 1.724810
Epoch = 13
	Train cost = 1.078200,	Krip Loss = 1.078200,	RMSE = 1.038364
	Test cost = 2.016641,	Krip Loss = 2.016641,	RMSE = 1.420085
	Test cost = 2.953188,	Krip Loss = 2.953188,	RMSE = 1.718484
Epoch = 14
	Train cost = 1.068402,	Krip Loss = 1.068402,	RMSE = 1.033636
	Test cost = 1.999796,	Krip Loss = 1.999796,	RMSE = 1.414141
	Test cost = 2.935948,	Krip Loss = 2.935948,	RMSE = 1.713461
Epoch = 15
	Train cost = 1.059319,	Krip Loss = 1.059319,	RMSE = 1.029232
	Test cost = 1.986081,	Krip Loss = 1.986081,	RMSE = 1.409284
	Test cost = 2.922206,	Krip Loss = 2.922206,	RMSE = 1.709446
Epoch = 16
	Train cost = 1.050676,	Krip Loss = 1.050676,	RMSE = 1.025025
	Test cost = 1.975312,	Krip Loss = 1.975312,	RMSE = 1.405458
	Test cost = 2.904639,	Krip Loss = 2.904639,	RMSE = 1.704300
Epoch = 17
	Train cost = 1.042144,	Krip Loss = 1.042144,	RMSE = 1.020855
	Test cost = 1.967249,	Krip Loss = 1.967249,	RMSE = 1.402587
	Test cost = 2.891412,	Krip Loss = 2.891412,	RMSE = 1.700415
Epoch = 18
	Train cost = 1.033671,	Krip Loss = 1.033671,	RMSE = 1.016696
	Test cost = 1.958096,	Krip Loss = 1.958096,	RMSE = 1.399320
	Test cost = 2.859806,	Krip Loss = 2.859806,	RMSE = 1.691096
Epoch = 19
	Train cost = 1.025395,	Krip Loss = 1.025395,	RMSE = 1.012618
	Test cost = 1.962516,	Krip Loss = 1.962516,	RMSE = 1.400898
	Test cost = 2.866561,	Krip Loss = 2.866561,	RMSE = 1.693092
Epoch = 20
	Train cost = 1.016908,	Krip Loss = 1.016908,	RMSE = 1.008418
	Test cost = 1.952081,	Krip Loss = 1.952081,	RMSE = 1.397169
	Test cost = 2.802629,	Krip Loss = 2.802629,	RMSE = 1.674106
Epoch = 21
	Train cost = 1.008527,	Krip Loss = 1.008527,	RMSE = 1.004254
	Test cost = 1.964482,	Krip Loss = 1.964482,	RMSE = 1.401600
	Test cost = 2.841792,	Krip Loss = 2.841792,	RMSE = 1.685761
Epoch = 22
	Train cost = 0.999075,	Krip Loss = 0.999075,	RMSE = 0.999537
	Test cost = 1.938799,	Krip Loss = 1.938799,	RMSE = 1.392408
	Test cost = 2.744858,	Krip Loss = 2.744858,	RMSE = 1.656761
Epoch = 23
	Train cost = 0.990965,	Krip Loss = 0.990965,	RMSE = 0.995472
	Test cost = 1.955815,	Krip Loss = 1.955815,	RMSE = 1.398505
	Test cost = 2.810304,	Krip Loss = 2.810304,	RMSE = 1.676396
Epoch = 24
	Train cost = 0.981667,	Krip Loss = 0.981667,	RMSE = 0.990791
	Test cost = 1.915383,	Krip Loss = 1.915383,	RMSE = 1.383974
	Test cost = 2.676159,	Krip Loss = 2.676159,	RMSE = 1.635897
Epoch = 25
	Train cost = 0.974590,	Krip Loss = 0.974590,	RMSE = 0.987213
	Test cost = 1.944259,	Krip Loss = 1.944259,	RMSE = 1.394367
	Test cost = 2.791302,	Krip Loss = 2.791302,	RMSE = 1.670719
Epoch = 26
	Train cost = 0.965056,	Krip Loss = 0.965056,	RMSE = 0.982373
	Test cost = 1.889283,	Krip Loss = 1.889283,	RMSE = 1.374512
	Test cost = 2.609100,	Krip Loss = 2.609100,	RMSE = 1.615271
Epoch = 27
	Train cost = 0.959107,	Krip Loss = 0.959107,	RMSE = 0.979340
	Test cost = 1.932818,	Krip Loss = 1.932818,	RMSE = 1.390258
	Test cost = 2.779747,	Krip Loss = 2.779747,	RMSE = 1.667257
Epoch = 28
	Train cost = 0.949410,	Krip Loss = 0.949410,	RMSE = 0.974377
	Test cost = 1.863794,	Krip Loss = 1.863794,	RMSE = 1.365208
	Test cost = 2.542315,	Krip Loss = 2.542315,	RMSE = 1.594464
Epoch = 29
	Train cost = 0.945030,	Krip Loss = 0.945030,	RMSE = 0.972127
	Test cost = 1.921663,	Krip Loss = 1.921663,	RMSE = 1.386241
	Test cost = 2.772475,	Krip Loss = 2.772475,	RMSE = 1.665075
Epoch = 30
	Train cost = 0.934977,	Krip Loss = 0.934977,	RMSE = 0.966942
	Test cost = 1.845317,	Krip Loss = 1.845317,	RMSE = 1.358424
	Test cost = 2.487256,	Krip Loss = 2.487256,	RMSE = 1.577104
Epoch = 31
	Train cost = 0.931628,	Krip Loss = 0.931628,	RMSE = 0.965209
	Test cost = 1.902393,	Krip Loss = 1.902393,	RMSE = 1.379273
	Test cost = 2.744528,	Krip Loss = 2.744528,	RMSE = 1.656662
Epoch = 32
	Train cost = 0.920821,	Krip Loss = 0.920821,	RMSE = 0.959594
	Test cost = 1.829894,	Krip Loss = 1.829894,	RMSE = 1.352736
	Test cost = 2.445460,	Krip Loss = 2.445460,	RMSE = 1.563797
Epoch = 33
	Train cost = 0.918008,	Krip Loss = 0.918008,	RMSE = 0.958128
	Test cost = 1.888516,	Krip Loss = 1.888516,	RMSE = 1.374233
	Test cost = 2.708001,	Krip Loss = 2.708001,	RMSE = 1.645600
Epoch = 34
	Train cost = 0.907566,	Krip Loss = 0.907566,	RMSE = 0.952663
	Test cost = 1.825976,	Krip Loss = 1.825976,	RMSE = 1.351287
	Test cost = 2.413982,	Krip Loss = 2.413982,	RMSE = 1.553699
Epoch = 35
	Train cost = 0.904961,	Krip Loss = 0.904961,	RMSE = 0.951294
	Test cost = 1.882418,	Krip Loss = 1.882418,	RMSE = 1.372012
	Test cost = 2.669647,	Krip Loss = 2.669647,	RMSE = 1.633905
Epoch = 36
	Train cost = 0.895008,	Krip Loss = 0.895008,	RMSE = 0.946048
	Test cost = 1.825796,	Krip Loss = 1.825796,	RMSE = 1.351220
	Test cost = 2.386784,	Krip Loss = 2.386784,	RMSE = 1.544922
Epoch = 37
	Train cost = 0.892426,	Krip Loss = 0.892426,	RMSE = 0.944683
	Test cost = 1.895462,	Krip Loss = 1.895462,	RMSE = 1.376758
	Test cost = 2.653787,	Krip Loss = 2.653787,	RMSE = 1.629045
Epoch = 38
	Train cost = 0.883324,	Krip Loss = 0.883324,	RMSE = 0.939853
	Test cost = 1.820632,	Krip Loss = 1.820632,	RMSE = 1.349308
	Test cost = 2.349179,	Krip Loss = 2.349179,	RMSE = 1.532703
Epoch = 39
	Train cost = 0.881135,	Krip Loss = 0.881135,	RMSE = 0.938688
	Test cost = 1.929663,	Krip Loss = 1.929663,	RMSE = 1.389123
	Test cost = 2.682785,	Krip Loss = 2.682785,	RMSE = 1.637921
Epoch = 40
	Train cost = 0.873945,	Krip Loss = 0.873945,	RMSE = 0.934850
	Test cost = 1.803003,	Krip Loss = 1.803003,	RMSE = 1.342759
	Test cost = 2.288399,	Krip Loss = 2.288399,	RMSE = 1.512746
Best Epoch = 40, Best Cost in Test = 2.288399
Validation Dyad = 3 	Testing Dyad = 7
RMSE of Average Prediction = 1.099699
(2634, 300, 148) (382, 300, 148) (396, 300, 148)
model = gru lambda = 0.0 last = True share = False #class = 1 drop = 0.0 update = adam2
Compiling function
Compilation done 1
Compilation done 2
Compilation done 3
Epoch = 1
	Train cost = 2.130544,	Krip Loss = 2.130544,	RMSE = 1.459638
	Test cost = 4.866897,	Krip Loss = 4.866897,	RMSE = 2.206105
	Test cost = 3.035994,	Krip Loss = 3.035994,	RMSE = 1.742410
Epoch = 2
	Train cost = 3.957661,	Krip Loss = 3.957661,	RMSE = 1.989387
	Test cost = 1.652541,	Krip Loss = 1.652541,	RMSE = 1.285512
	Test cost = 1.422816,	Krip Loss = 1.422816,	RMSE = 1.192818
Epoch = 3
	Train cost = 1.506498,	Krip Loss = 1.506498,	RMSE = 1.227395
	Test cost = 2.222094,	Krip Loss = 2.222094,	RMSE = 1.490669
	Test cost = 1.464780,	Krip Loss = 1.464780,	RMSE = 1.210281
Epoch = 4
	Train cost = 1.385436,	Krip Loss = 1.385436,	RMSE = 1.177046
	Test cost = 1.707811,	Krip Loss = 1.707811,	RMSE = 1.306832
	Test cost = 1.427442,	Krip Loss = 1.427442,	RMSE = 1.194756
Epoch = 5
	Train cost = 1.354580,	Krip Loss = 1.354580,	RMSE = 1.163864
	Test cost = 1.988291,	Krip Loss = 1.988291,	RMSE = 1.410068
	Test cost = 1.463665,	Krip Loss = 1.463665,	RMSE = 1.209820
Epoch = 6
	Train cost = 1.293956,	Krip Loss = 1.293956,	RMSE = 1.137522
	Test cost = 1.940310,	Krip Loss = 1.940310,	RMSE = 1.392950
	Test cost = 1.444950,	Krip Loss = 1.444950,	RMSE = 1.202061
Epoch = 7
	Train cost = 1.274694,	Krip Loss = 1.274694,	RMSE = 1.129024
	Test cost = 1.989571,	Krip Loss = 1.989571,	RMSE = 1.410522
	Test cost = 1.447240,	Krip Loss = 1.447240,	RMSE = 1.203013
Epoch = 8
	Train cost = 1.248518,	Krip Loss = 1.248518,	RMSE = 1.117371
	Test cost = 2.001143,	Krip Loss = 2.001143,	RMSE = 1.414618
	Test cost = 1.449660,	Krip Loss = 1.449660,	RMSE = 1.204018
Epoch = 9
	Train cost = 1.229648,	Krip Loss = 1.229648,	RMSE = 1.108895
	Test cost = 1.994623,	Krip Loss = 1.994623,	RMSE = 1.412311
	Test cost = 1.447676,	Krip Loss = 1.447676,	RMSE = 1.203194
Epoch = 10
	Train cost = 1.212780,	Krip Loss = 1.212780,	RMSE = 1.101263
	Test cost = 2.002678,	Krip Loss = 2.002678,	RMSE = 1.415160
	Test cost = 1.447298,	Krip Loss = 1.447298,	RMSE = 1.203037
Epoch = 11
	Train cost = 1.196421,	Krip Loss = 1.196421,	RMSE = 1.093810
	Test cost = 1.996176,	Krip Loss = 1.996176,	RMSE = 1.412861
	Test cost = 1.445387,	Krip Loss = 1.445387,	RMSE = 1.202242
Epoch = 12
	Train cost = 1.182678,	Krip Loss = 1.182678,	RMSE = 1.087510
	Test cost = 1.987275,	Krip Loss = 1.987275,	RMSE = 1.409707
	Test cost = 1.442426,	Krip Loss = 1.442426,	RMSE = 1.201010
Epoch = 13
	Train cost = 1.169389,	Krip Loss = 1.169389,	RMSE = 1.081383
	Test cost = 1.983793,	Krip Loss = 1.983793,	RMSE = 1.408472
	Test cost = 1.440564,	Krip Loss = 1.440564,	RMSE = 1.200235
Epoch = 14
	Train cost = 1.156517,	Krip Loss = 1.156517,	RMSE = 1.075415
	Test cost = 1.972651,	Krip Loss = 1.972651,	RMSE = 1.404511
	Test cost = 1.437584,	Krip Loss = 1.437584,	RMSE = 1.198993
Epoch = 15
	Train cost = 1.144534,	Krip Loss = 1.144534,	RMSE = 1.069829
	Test cost = 1.962442,	Krip Loss = 1.962442,	RMSE = 1.400872
	Test cost = 1.434864,	Krip Loss = 1.434864,	RMSE = 1.197858
Epoch = 16
	Train cost = 1.132751,	Krip Loss = 1.132751,	RMSE = 1.064308
	Test cost = 1.948014,	Krip Loss = 1.948014,	RMSE = 1.395713
	Test cost = 1.431642,	Krip Loss = 1.431642,	RMSE = 1.196513
Epoch = 17
	Train cost = 1.121690,	Krip Loss = 1.121690,	RMSE = 1.059099
	Test cost = 1.934135,	Krip Loss = 1.934135,	RMSE = 1.390732
	Test cost = 1.428826,	Krip Loss = 1.428826,	RMSE = 1.195335
Epoch = 18
	Train cost = 1.110956,	Krip Loss = 1.110956,	RMSE = 1.054019
	Test cost = 1.919417,	Krip Loss = 1.919417,	RMSE = 1.385430
	Test cost = 1.426341,	Krip Loss = 1.426341,	RMSE = 1.194295
Epoch = 19
	Train cost = 1.100672,	Krip Loss = 1.100672,	RMSE = 1.049129
	Test cost = 1.902279,	Krip Loss = 1.902279,	RMSE = 1.379231
	Test cost = 1.424046,	Krip Loss = 1.424046,	RMSE = 1.193334
Epoch = 20
	Train cost = 1.090701,	Krip Loss = 1.090701,	RMSE = 1.044366
	Test cost = 1.884233,	Krip Loss = 1.884233,	RMSE = 1.372674
	Test cost = 1.421662,	Krip Loss = 1.421662,	RMSE = 1.192335
Epoch = 21
	Train cost = 1.081344,	Krip Loss = 1.081344,	RMSE = 1.039877
	Test cost = 1.867015,	Krip Loss = 1.867015,	RMSE = 1.366388
	Test cost = 1.419227,	Krip Loss = 1.419227,	RMSE = 1.191313
Epoch = 22
	Train cost = 1.072199,	Krip Loss = 1.072199,	RMSE = 1.035470
	Test cost = 1.851856,	Krip Loss = 1.851856,	RMSE = 1.360829
	Test cost = 1.416654,	Krip Loss = 1.416654,	RMSE = 1.190233
Epoch = 23
	Train cost = 1.063164,	Krip Loss = 1.063164,	RMSE = 1.031098
	Test cost = 1.838468,	Krip Loss = 1.838468,	RMSE = 1.355901
	Test cost = 1.414176,	Krip Loss = 1.414176,	RMSE = 1.189191
Epoch = 24
	Train cost = 1.054016,	Krip Loss = 1.054016,	RMSE = 1.026653
	Test cost = 1.826328,	Krip Loss = 1.826328,	RMSE = 1.351417
	Test cost = 1.411734,	Krip Loss = 1.411734,	RMSE = 1.188164
Epoch = 25
	Train cost = 1.044305,	Krip Loss = 1.044305,	RMSE = 1.021912
	Test cost = 1.816351,	Krip Loss = 1.816351,	RMSE = 1.347721
	Test cost = 1.410220,	Krip Loss = 1.410220,	RMSE = 1.187527
Epoch = 26
	Train cost = 1.034830,	Krip Loss = 1.034830,	RMSE = 1.017266
	Test cost = 1.804602,	Krip Loss = 1.804602,	RMSE = 1.343355
	Test cost = 1.408358,	Krip Loss = 1.408358,	RMSE = 1.186743
Epoch = 27
	Train cost = 1.025889,	Krip Loss = 1.025889,	RMSE = 1.012862
	Test cost = 1.803871,	Krip Loss = 1.803871,	RMSE = 1.343083
	Test cost = 1.408588,	Krip Loss = 1.408588,	RMSE = 1.186839
Epoch = 28
	Train cost = 1.015996,	Krip Loss = 1.015996,	RMSE = 1.007966
	Test cost = 1.786589,	Krip Loss = 1.786589,	RMSE = 1.336633
	Test cost = 1.408223,	Krip Loss = 1.408223,	RMSE = 1.186686
Epoch = 29
	Train cost = 1.007909,	Krip Loss = 1.007909,	RMSE = 1.003946
	Test cost = 1.769867,	Krip Loss = 1.769867,	RMSE = 1.330363
	Test cost = 1.406194,	Krip Loss = 1.406194,	RMSE = 1.185831
Epoch = 30
	Train cost = 0.999740,	Krip Loss = 0.999740,	RMSE = 0.999870
	Test cost = 1.760803,	Krip Loss = 1.760803,	RMSE = 1.326953
	Test cost = 1.406210,	Krip Loss = 1.406210,	RMSE = 1.185837
Epoch = 31
	Train cost = 0.991785,	Krip Loss = 0.991785,	RMSE = 0.995884
	Test cost = 1.737950,	Krip Loss = 1.737950,	RMSE = 1.318313
	Test cost = 1.403403,	Krip Loss = 1.403403,	RMSE = 1.184653
Epoch = 32
	Train cost = 0.984065,	Krip Loss = 0.984065,	RMSE = 0.992001
	Test cost = 1.737663,	Krip Loss = 1.737663,	RMSE = 1.318204
	Test cost = 1.404610,	Krip Loss = 1.404610,	RMSE = 1.185162
Epoch = 33
	Train cost = 0.975938,	Krip Loss = 0.975938,	RMSE = 0.987896
	Test cost = 1.705767,	Krip Loss = 1.705767,	RMSE = 1.306050
	Test cost = 1.401356,	Krip Loss = 1.401356,	RMSE = 1.183789
Epoch = 34
	Train cost = 0.968660,	Krip Loss = 0.968660,	RMSE = 0.984205
	Test cost = 1.716806,	Krip Loss = 1.716806,	RMSE = 1.310269
	Test cost = 1.403196,	Krip Loss = 1.403196,	RMSE = 1.184566
Epoch = 35
	Train cost = 0.959811,	Krip Loss = 0.959811,	RMSE = 0.979699
	Test cost = 1.678244,	Krip Loss = 1.678244,	RMSE = 1.295471
	Test cost = 1.400842,	Krip Loss = 1.400842,	RMSE = 1.183572
Epoch = 36
	Train cost = 0.952788,	Krip Loss = 0.952788,	RMSE = 0.976108
	Test cost = 1.690957,	Krip Loss = 1.690957,	RMSE = 1.300368
	Test cost = 1.401576,	Krip Loss = 1.401576,	RMSE = 1.183882
Epoch = 37
	Train cost = 0.943753,	Krip Loss = 0.943753,	RMSE = 0.971470
	Test cost = 1.659729,	Krip Loss = 1.659729,	RMSE = 1.288305
	Test cost = 1.401198,	Krip Loss = 1.401198,	RMSE = 1.183722
Epoch = 38
	Train cost = 0.935929,	Krip Loss = 0.935929,	RMSE = 0.967434
	Test cost = 1.663614,	Krip Loss = 1.663614,	RMSE = 1.289812
	Test cost = 1.401025,	Krip Loss = 1.401025,	RMSE = 1.183649
Epoch = 39
	Train cost = 0.927682,	Krip Loss = 0.927682,	RMSE = 0.963163
	Test cost = 1.639895,	Krip Loss = 1.639895,	RMSE = 1.280584
	Test cost = 1.401127,	Krip Loss = 1.401127,	RMSE = 1.183692
Epoch = 40
	Train cost = 0.919242,	Krip Loss = 0.919242,	RMSE = 0.958771
	Test cost = 1.640971,	Krip Loss = 1.640971,	RMSE = 1.281004
	Test cost = 1.401045,	Krip Loss = 1.401045,	RMSE = 1.183657
Best Epoch = 39, Best Cost in Test = 1.401127
Validation Dyad = 16 	Testing Dyad = 8
RMSE of Average Prediction = 1.211513
(2872, 300, 148) (204, 300, 148) (336, 300, 148)
model = gru lambda = 0.0 last = True share = False #class = 1 drop = 0.0 update = adam2
Compiling function
Compilation done 1
Compilation done 2
Compilation done 3
Epoch = 1
	Train cost = 3.151496,	Krip Loss = 3.151496,	RMSE = 1.775245
	Test cost = 1.857643,	Krip Loss = 1.857643,	RMSE = 1.362954
	Test cost = 5.975899,	Krip Loss = 5.975899,	RMSE = 2.444565
Epoch = 2
	Train cost = 1.815804,	Krip Loss = 1.815804,	RMSE = 1.347518
	Test cost = 1.911494,	Krip Loss = 1.911494,	RMSE = 1.382568
	Test cost = 2.383063,	Krip Loss = 2.383063,	RMSE = 1.543717
Epoch = 3
	Train cost = 1.363392,	Krip Loss = 1.363392,	RMSE = 1.167644
	Test cost = 1.743146,	Krip Loss = 1.743146,	RMSE = 1.320283
	Test cost = 1.677580,	Krip Loss = 1.677580,	RMSE = 1.295214
Epoch = 4
	Train cost = 1.324675,	Krip Loss = 1.324675,	RMSE = 1.150945
	Test cost = 1.679824,	Krip Loss = 1.679824,	RMSE = 1.296080
	Test cost = 1.884515,	Krip Loss = 1.884515,	RMSE = 1.372776
Epoch = 5
	Train cost = 1.284775,	Krip Loss = 1.284775,	RMSE = 1.133479
	Test cost = 1.643325,	Krip Loss = 1.643325,	RMSE = 1.281922
	Test cost = 1.790273,	Krip Loss = 1.790273,	RMSE = 1.338011
Epoch = 6
	Train cost = 1.265880,	Krip Loss = 1.265880,	RMSE = 1.125113
	Test cost = 1.646640,	Krip Loss = 1.646640,	RMSE = 1.283215
	Test cost = 1.779065,	Krip Loss = 1.779065,	RMSE = 1.333816
Epoch = 7
	Train cost = 1.247198,	Krip Loss = 1.247198,	RMSE = 1.116780
	Test cost = 1.629276,	Krip Loss = 1.629276,	RMSE = 1.276431
	Test cost = 1.716388,	Krip Loss = 1.716388,	RMSE = 1.310110
Epoch = 8
	Train cost = 1.234835,	Krip Loss = 1.234835,	RMSE = 1.111231
	Test cost = 1.628473,	Krip Loss = 1.628473,	RMSE = 1.276116
	Test cost = 1.711437,	Krip Loss = 1.711437,	RMSE = 1.308219
Epoch = 9
	Train cost = 1.221729,	Krip Loss = 1.221729,	RMSE = 1.105319
	Test cost = 1.624007,	Krip Loss = 1.624007,	RMSE = 1.274365
	Test cost = 1.680328,	Krip Loss = 1.680328,	RMSE = 1.296275
Epoch = 10
	Train cost = 1.210154,	Krip Loss = 1.210154,	RMSE = 1.100070
	Test cost = 1.617604,	Krip Loss = 1.617604,	RMSE = 1.271851
	Test cost = 1.656361,	Krip Loss = 1.656361,	RMSE = 1.286997
Epoch = 11
	Train cost = 1.199428,	Krip Loss = 1.199428,	RMSE = 1.095184
	Test cost = 1.614372,	Krip Loss = 1.614372,	RMSE = 1.270580
	Test cost = 1.638041,	Krip Loss = 1.638041,	RMSE = 1.279860
Epoch = 12
	Train cost = 1.189531,	Krip Loss = 1.189531,	RMSE = 1.090656
	Test cost = 1.613826,	Krip Loss = 1.613826,	RMSE = 1.270364
	Test cost = 1.621444,	Krip Loss = 1.621444,	RMSE = 1.273360
Epoch = 13
	Train cost = 1.178995,	Krip Loss = 1.178995,	RMSE = 1.085816
	Test cost = 1.605541,	Krip Loss = 1.605541,	RMSE = 1.267100
	Test cost = 1.606197,	Krip Loss = 1.606197,	RMSE = 1.267358
Epoch = 14
	Train cost = 1.169668,	Krip Loss = 1.169668,	RMSE = 1.081512
	Test cost = 1.599307,	Krip Loss = 1.599307,	RMSE = 1.264637
	Test cost = 1.594285,	Krip Loss = 1.594285,	RMSE = 1.262650
Epoch = 15
	Train cost = 1.160430,	Krip Loss = 1.160430,	RMSE = 1.077232
	Test cost = 1.591742,	Krip Loss = 1.591742,	RMSE = 1.261643
	Test cost = 1.584122,	Krip Loss = 1.584122,	RMSE = 1.258619
Epoch = 16
	Train cost = 1.151011,	Krip Loss = 1.151011,	RMSE = 1.072852
	Test cost = 1.583787,	Krip Loss = 1.583787,	RMSE = 1.258486
	Test cost = 1.572247,	Krip Loss = 1.572247,	RMSE = 1.253893
Epoch = 17
	Train cost = 1.140835,	Krip Loss = 1.140835,	RMSE = 1.068099
	Test cost = 1.575487,	Krip Loss = 1.575487,	RMSE = 1.255184
	Test cost = 1.558762,	Krip Loss = 1.558762,	RMSE = 1.248504
Epoch = 18
	Train cost = 1.131310,	Krip Loss = 1.131310,	RMSE = 1.063630
	Test cost = 1.560263,	Krip Loss = 1.560263,	RMSE = 1.249105
	Test cost = 1.544407,	Krip Loss = 1.544407,	RMSE = 1.242742
Epoch = 19
	Train cost = 1.121795,	Krip Loss = 1.121795,	RMSE = 1.059148
	Test cost = 1.548214,	Krip Loss = 1.548214,	RMSE = 1.244273
	Test cost = 1.546421,	Krip Loss = 1.546421,	RMSE = 1.243552
Epoch = 20
	Train cost = 1.111997,	Krip Loss = 1.111997,	RMSE = 1.054513
	Test cost = 1.531102,	Krip Loss = 1.531102,	RMSE = 1.237377
	Test cost = 1.516161,	Krip Loss = 1.516161,	RMSE = 1.231325
Epoch = 21
	Train cost = 1.104521,	Krip Loss = 1.104521,	RMSE = 1.050962
	Test cost = 1.522245,	Krip Loss = 1.522245,	RMSE = 1.233793
	Test cost = 1.518414,	Krip Loss = 1.518414,	RMSE = 1.232239
Epoch = 22
	Train cost = 1.093368,	Krip Loss = 1.093368,	RMSE = 1.045642
	Test cost = 1.506478,	Krip Loss = 1.506478,	RMSE = 1.227387
	Test cost = 1.498179,	Krip Loss = 1.498179,	RMSE = 1.224001
Epoch = 23
	Train cost = 1.085600,	Krip Loss = 1.085600,	RMSE = 1.041921
	Test cost = 1.494578,	Krip Loss = 1.494578,	RMSE = 1.222529
	Test cost = 1.486624,	Krip Loss = 1.486624,	RMSE = 1.219272
Epoch = 24
	Train cost = 1.076324,	Krip Loss = 1.076324,	RMSE = 1.037460
	Test cost = 1.485787,	Krip Loss = 1.485787,	RMSE = 1.218928
	Test cost = 1.470068,	Krip Loss = 1.470068,	RMSE = 1.212463
Epoch = 25
	Train cost = 1.070392,	Krip Loss = 1.070392,	RMSE = 1.034597
	Test cost = 1.474665,	Krip Loss = 1.474665,	RMSE = 1.214358
	Test cost = 1.466917,	Krip Loss = 1.466917,	RMSE = 1.211163
Epoch = 26
	Train cost = 1.060140,	Krip Loss = 1.060140,	RMSE = 1.029631
	Test cost = 1.468927,	Krip Loss = 1.468927,	RMSE = 1.211993
	Test cost = 1.466141,	Krip Loss = 1.466141,	RMSE = 1.210843
Epoch = 27
	Train cost = 1.050956,	Krip Loss = 1.050956,	RMSE = 1.025161
	Test cost = 1.458803,	Krip Loss = 1.458803,	RMSE = 1.207809
	Test cost = 1.461002,	Krip Loss = 1.461002,	RMSE = 1.208719
Epoch = 28
	Train cost = 1.040262,	Krip Loss = 1.040262,	RMSE = 1.019932
	Test cost = 1.452482,	Krip Loss = 1.452482,	RMSE = 1.205190
	Test cost = 1.450803,	Krip Loss = 1.450803,	RMSE = 1.204493
Epoch = 29
	Train cost = 1.032583,	Krip Loss = 1.032583,	RMSE = 1.016161
	Test cost = 1.441866,	Krip Loss = 1.441866,	RMSE = 1.200777
	Test cost = 1.440141,	Krip Loss = 1.440141,	RMSE = 1.200059
Epoch = 30
	Train cost = 1.018690,	Krip Loss = 1.018690,	RMSE = 1.009302
	Test cost = 1.437776,	Krip Loss = 1.437776,	RMSE = 1.199073
	Test cost = 1.440663,	Krip Loss = 1.440663,	RMSE = 1.200276
Epoch = 31
	Train cost = 1.008049,	Krip Loss = 1.008049,	RMSE = 1.004016
	Test cost = 1.416133,	Krip Loss = 1.416133,	RMSE = 1.190014
	Test cost = 1.435144,	Krip Loss = 1.435144,	RMSE = 1.197975
Epoch = 32
	Train cost = 0.995273,	Krip Loss = 0.995273,	RMSE = 0.997634
	Test cost = 1.404007,	Krip Loss = 1.404007,	RMSE = 1.184908
	Test cost = 1.442782,	Krip Loss = 1.442782,	RMSE = 1.201159
Epoch = 33
	Train cost = 0.984883,	Krip Loss = 0.984883,	RMSE = 0.992413
	Test cost = 1.390852,	Krip Loss = 1.390852,	RMSE = 1.179344
	Test cost = 1.418839,	Krip Loss = 1.418839,	RMSE = 1.191150
Epoch = 34
	Train cost = 0.975356,	Krip Loss = 0.975356,	RMSE = 0.987601
	Test cost = 1.377530,	Krip Loss = 1.377530,	RMSE = 1.173682
	Test cost = 1.410670,	Krip Loss = 1.410670,	RMSE = 1.187716
Epoch = 35
	Train cost = 0.964833,	Krip Loss = 0.964833,	RMSE = 0.982259
	Test cost = 1.374524,	Krip Loss = 1.374524,	RMSE = 1.172401
	Test cost = 1.408796,	Krip Loss = 1.408796,	RMSE = 1.186927
Epoch = 36
	Train cost = 0.957436,	Krip Loss = 0.957436,	RMSE = 0.978486
	Test cost = 1.368373,	Krip Loss = 1.368373,	RMSE = 1.169775
	Test cost = 1.411041,	Krip Loss = 1.411041,	RMSE = 1.187872
Epoch = 37
	Train cost = 0.948226,	Krip Loss = 0.948226,	RMSE = 0.973769
	Test cost = 1.368182,	Krip Loss = 1.368182,	RMSE = 1.169693
	Test cost = 1.398327,	Krip Loss = 1.398327,	RMSE = 1.182509
Epoch = 38
	Train cost = 0.941408,	Krip Loss = 0.941408,	RMSE = 0.970262
	Test cost = 1.358648,	Krip Loss = 1.358648,	RMSE = 1.165610
	Test cost = 1.397554,	Krip Loss = 1.397554,	RMSE = 1.182182
Epoch = 39
	Train cost = 0.931746,	Krip Loss = 0.931746,	RMSE = 0.965270
	Test cost = 1.362150,	Krip Loss = 1.362150,	RMSE = 1.167112
	Test cost = 1.391935,	Krip Loss = 1.391935,	RMSE = 1.179803
Epoch = 40
	Train cost = 0.925408,	Krip Loss = 0.925408,	RMSE = 0.961982
	Test cost = 1.351673,	Krip Loss = 1.351673,	RMSE = 1.162615
	Test cost = 1.385790,	Krip Loss = 1.385790,	RMSE = 1.177196
Best Epoch = 40, Best Cost in Test = 1.385790
Validation Dyad = 12 	Testing Dyad = 9
RMSE of Average Prediction = 1.186886
(2634, 300, 148) (396, 300, 148) (382, 300, 148)
model = gru lambda = 0.0 last = True share = False #class = 1 drop = 0.0 update = adam2
Compiling function
Compilation done 1
Compilation done 2
Compilation done 3
Epoch = 1
	Train cost = 3.740054,	Krip Loss = 3.740054,	RMSE = 1.933922
	Test cost = 1.556489,	Krip Loss = 1.556489,	RMSE = 1.247593
	Test cost = 1.123194,	Krip Loss = 1.123194,	RMSE = 1.059809
Epoch = 2
	Train cost = 1.652380,	Krip Loss = 1.652380,	RMSE = 1.285449
	Test cost = 1.500041,	Krip Loss = 1.500041,	RMSE = 1.224762
	Test cost = 0.874868,	Krip Loss = 0.874868,	RMSE = 0.935344
Epoch = 3
	Train cost = 1.505400,	Krip Loss = 1.505400,	RMSE = 1.226948
	Test cost = 1.503070,	Krip Loss = 1.503070,	RMSE = 1.225998
	Test cost = 0.927485,	Krip Loss = 0.927485,	RMSE = 0.963060
Epoch = 4
	Train cost = 1.387197,	Krip Loss = 1.387197,	RMSE = 1.177793
	Test cost = 1.403391,	Krip Loss = 1.403391,	RMSE = 1.184648
	Test cost = 0.885594,	Krip Loss = 0.885594,	RMSE = 0.941060
Epoch = 5
	Train cost = 1.326815,	Krip Loss = 1.326815,	RMSE = 1.151875
	Test cost = 1.350388,	Krip Loss = 1.350388,	RMSE = 1.162062
	Test cost = 0.915854,	Krip Loss = 0.915854,	RMSE = 0.957003
Epoch = 6
	Train cost = 1.285092,	Krip Loss = 1.285092,	RMSE = 1.133619
	Test cost = 1.321209,	Krip Loss = 1.321209,	RMSE = 1.149439
	Test cost = 0.912769,	Krip Loss = 0.912769,	RMSE = 0.955390
Epoch = 7
	Train cost = 1.254165,	Krip Loss = 1.254165,	RMSE = 1.119895
	Test cost = 1.301645,	Krip Loss = 1.301645,	RMSE = 1.140896
	Test cost = 0.913319,	Krip Loss = 0.913319,	RMSE = 0.955677
Epoch = 8
	Train cost = 1.236788,	Krip Loss = 1.236788,	RMSE = 1.112110
	Test cost = 1.286228,	Krip Loss = 1.286228,	RMSE = 1.134120
	Test cost = 0.913800,	Krip Loss = 0.913800,	RMSE = 0.955929
Epoch = 9
	Train cost = 1.212289,	Krip Loss = 1.212289,	RMSE = 1.101040
	Test cost = 1.278215,	Krip Loss = 1.278215,	RMSE = 1.130582
	Test cost = 0.918346,	Krip Loss = 0.918346,	RMSE = 0.958303
Epoch = 10
	Train cost = 1.196478,	Krip Loss = 1.196478,	RMSE = 1.093836
	Test cost = 1.272431,	Krip Loss = 1.272431,	RMSE = 1.128021
	Test cost = 0.920080,	Krip Loss = 0.920080,	RMSE = 0.959208
Epoch = 11
	Train cost = 1.179937,	Krip Loss = 1.179937,	RMSE = 1.086249
	Test cost = 1.269999,	Krip Loss = 1.269999,	RMSE = 1.126942
	Test cost = 0.924303,	Krip Loss = 0.924303,	RMSE = 0.961407
Epoch = 12
	Train cost = 1.165573,	Krip Loss = 1.165573,	RMSE = 1.079617
	Test cost = 1.269913,	Krip Loss = 1.269913,	RMSE = 1.126904
	Test cost = 0.926877,	Krip Loss = 0.926877,	RMSE = 0.962744
Epoch = 13
	Train cost = 1.151297,	Krip Loss = 1.151297,	RMSE = 1.072985
	Test cost = 1.265575,	Krip Loss = 1.265575,	RMSE = 1.124978
	Test cost = 0.929233,	Krip Loss = 0.929233,	RMSE = 0.963967
Epoch = 14
	Train cost = 1.139434,	Krip Loss = 1.139434,	RMSE = 1.067443
	Test cost = 1.266295,	Krip Loss = 1.266295,	RMSE = 1.125298
	Test cost = 0.930731,	Krip Loss = 0.930731,	RMSE = 0.964744
Epoch = 15
	Train cost = 1.125457,	Krip Loss = 1.125457,	RMSE = 1.060875
	Test cost = 1.266641,	Krip Loss = 1.266641,	RMSE = 1.125452
	Test cost = 0.930502,	Krip Loss = 0.930502,	RMSE = 0.964626
Epoch = 16
	Train cost = 1.113844,	Krip Loss = 1.113844,	RMSE = 1.055388
	Test cost = 1.264139,	Krip Loss = 1.264139,	RMSE = 1.124340
	Test cost = 0.931216,	Krip Loss = 0.931216,	RMSE = 0.964995
Epoch = 17
	Train cost = 1.099748,	Krip Loss = 1.099748,	RMSE = 1.048689
	Test cost = 1.260408,	Krip Loss = 1.260408,	RMSE = 1.122679
	Test cost = 0.924809,	Krip Loss = 0.924809,	RMSE = 0.961670
Epoch = 18
	Train cost = 1.088150,	Krip Loss = 1.088150,	RMSE = 1.043144
	Test cost = 1.258901,	Krip Loss = 1.258901,	RMSE = 1.122007
	Test cost = 0.923064,	Krip Loss = 0.923064,	RMSE = 0.960762
Epoch = 19
	Train cost = 1.072619,	Krip Loss = 1.072619,	RMSE = 1.035673
	Test cost = 1.258165,	Krip Loss = 1.258165,	RMSE = 1.121680
	Test cost = 0.919044,	Krip Loss = 0.919044,	RMSE = 0.958668
Epoch = 20
	Train cost = 1.063220,	Krip Loss = 1.063220,	RMSE = 1.031126
	Test cost = 1.250623,	Krip Loss = 1.250623,	RMSE = 1.118313
	Test cost = 0.916763,	Krip Loss = 0.916763,	RMSE = 0.957477
Epoch = 21
	Train cost = 1.048097,	Krip Loss = 1.048097,	RMSE = 1.023766
	Test cost = 1.247252,	Krip Loss = 1.247252,	RMSE = 1.116804
	Test cost = 0.912600,	Krip Loss = 0.912600,	RMSE = 0.955301
Epoch = 22
	Train cost = 1.037049,	Krip Loss = 1.037049,	RMSE = 1.018356
	Test cost = 1.244466,	Krip Loss = 1.244466,	RMSE = 1.115556
	Test cost = 0.909573,	Krip Loss = 0.909573,	RMSE = 0.953715
Epoch = 23
	Train cost = 1.026656,	Krip Loss = 1.026656,	RMSE = 1.013240
	Test cost = 1.238172,	Krip Loss = 1.238172,	RMSE = 1.112732
	Test cost = 0.911084,	Krip Loss = 0.911084,	RMSE = 0.954507
Epoch = 24
	Train cost = 1.014835,	Krip Loss = 1.014835,	RMSE = 1.007390
	Test cost = 1.240431,	Krip Loss = 1.240431,	RMSE = 1.113746
	Test cost = 0.908859,	Krip Loss = 0.908859,	RMSE = 0.953341
Epoch = 25
	Train cost = 1.005563,	Krip Loss = 1.005563,	RMSE = 1.002777
	Test cost = 1.236125,	Krip Loss = 1.236125,	RMSE = 1.111811
	Test cost = 0.908311,	Krip Loss = 0.908311,	RMSE = 0.953053
Epoch = 26
	Train cost = 0.992904,	Krip Loss = 0.992904,	RMSE = 0.996446
	Test cost = 1.235957,	Krip Loss = 1.235957,	RMSE = 1.111736
	Test cost = 0.905601,	Krip Loss = 0.905601,	RMSE = 0.951631
Epoch = 27
	Train cost = 0.982968,	Krip Loss = 0.982968,	RMSE = 0.991447
	Test cost = 1.231884,	Krip Loss = 1.231884,	RMSE = 1.109903
	Test cost = 0.902799,	Krip Loss = 0.902799,	RMSE = 0.950157
Epoch = 28
	Train cost = 0.971189,	Krip Loss = 0.971189,	RMSE = 0.985489
	Test cost = 1.230591,	Krip Loss = 1.230591,	RMSE = 1.109320
	Test cost = 0.898464,	Krip Loss = 0.898464,	RMSE = 0.947874
Epoch = 29
	Train cost = 0.961041,	Krip Loss = 0.961041,	RMSE = 0.980327
	Test cost = 1.227188,	Krip Loss = 1.227188,	RMSE = 1.107785
	Test cost = 0.894536,	Krip Loss = 0.894536,	RMSE = 0.945799
Epoch = 30
	Train cost = 0.951688,	Krip Loss = 0.951688,	RMSE = 0.975545
	Test cost = 1.225991,	Krip Loss = 1.225991,	RMSE = 1.107245
	Test cost = 0.891550,	Krip Loss = 0.891550,	RMSE = 0.944220
Epoch = 31
	Train cost = 0.943036,	Krip Loss = 0.943036,	RMSE = 0.971100
	Test cost = 1.223031,	Krip Loss = 1.223031,	RMSE = 1.105907
	Test cost = 0.890574,	Krip Loss = 0.890574,	RMSE = 0.943702
Epoch = 32
	Train cost = 0.933957,	Krip Loss = 0.933957,	RMSE = 0.966414
	Test cost = 1.223391,	Krip Loss = 1.223391,	RMSE = 1.106070
	Test cost = 0.888289,	Krip Loss = 0.888289,	RMSE = 0.942491
Epoch = 33
	Train cost = 0.926013,	Krip Loss = 0.926013,	RMSE = 0.962296
	Test cost = 1.219460,	Krip Loss = 1.219460,	RMSE = 1.104292
	Test cost = 0.888259,	Krip Loss = 0.888259,	RMSE = 0.942475
Epoch = 34
	Train cost = 0.917309,	Krip Loss = 0.917309,	RMSE = 0.957763
	Test cost = 1.222431,	Krip Loss = 1.222431,	RMSE = 1.105636
	Test cost = 0.885381,	Krip Loss = 0.885381,	RMSE = 0.940947
Epoch = 35
	Train cost = 0.910548,	Krip Loss = 0.910548,	RMSE = 0.954226
	Test cost = 1.215595,	Krip Loss = 1.215595,	RMSE = 1.102540
	Test cost = 0.885918,	Krip Loss = 0.885918,	RMSE = 0.941232
Epoch = 36
	Train cost = 0.901477,	Krip Loss = 0.901477,	RMSE = 0.949461
	Test cost = 1.222742,	Krip Loss = 1.222742,	RMSE = 1.105777
	Test cost = 0.882973,	Krip Loss = 0.882973,	RMSE = 0.939667
Epoch = 37
	Train cost = 0.895018,	Krip Loss = 0.895018,	RMSE = 0.946054
	Test cost = 1.212021,	Krip Loss = 1.212021,	RMSE = 1.100918
	Test cost = 0.883336,	Krip Loss = 0.883336,	RMSE = 0.939859
Epoch = 38
	Train cost = 0.884365,	Krip Loss = 0.884365,	RMSE = 0.940407
	Test cost = 1.221655,	Krip Loss = 1.221655,	RMSE = 1.105285
	Test cost = 0.881396,	Krip Loss = 0.881396,	RMSE = 0.938827
Epoch = 39
	Train cost = 0.878179,	Krip Loss = 0.878179,	RMSE = 0.937112
	Test cost = 1.210134,	Krip Loss = 1.210134,	RMSE = 1.100061
	Test cost = 0.881958,	Krip Loss = 0.881958,	RMSE = 0.939126
Epoch = 40
	Train cost = 0.867881,	Krip Loss = 0.867881,	RMSE = 0.931601
	Test cost = 1.217706,	Krip Loss = 1.217706,	RMSE = 1.103497
	Test cost = 0.880923,	Krip Loss = 0.880923,	RMSE = 0.938575
Best Epoch = 39, Best Cost in Test = 0.881958
Validation Dyad = 11 	Testing Dyad = 10
RMSE of Average Prediction = 1.377776
(2700, 300, 148) (358, 300, 148) (354, 300, 148)
model = gru lambda = 0.0 last = True share = False #class = 1 drop = 0.0 update = adam2
Compiling function
Compilation done 1
Compilation done 2
Compilation done 3
Epoch = 1
	Train cost = 3.529082,	Krip Loss = 3.529082,	RMSE = 1.878585
	Test cost = 1.664733,	Krip Loss = 1.664733,	RMSE = 1.290245
	Test cost = 1.620804,	Krip Loss = 1.620804,	RMSE = 1.273108
Epoch = 2
	Train cost = 1.568678,	Krip Loss = 1.568678,	RMSE = 1.252469
	Test cost = 1.612336,	Krip Loss = 1.612336,	RMSE = 1.269778
	Test cost = 1.429188,	Krip Loss = 1.429188,	RMSE = 1.195486
Epoch = 3
	Train cost = 1.450956,	Krip Loss = 1.450956,	RMSE = 1.204557
	Test cost = 1.570212,	Krip Loss = 1.570212,	RMSE = 1.253081
	Test cost = 1.355565,	Krip Loss = 1.355565,	RMSE = 1.164287
Epoch = 4
	Train cost = 1.388100,	Krip Loss = 1.388100,	RMSE = 1.178176
	Test cost = 1.571101,	Krip Loss = 1.571101,	RMSE = 1.253436
	Test cost = 1.336020,	Krip Loss = 1.336020,	RMSE = 1.155863
Epoch = 5
	Train cost = 1.341832,	Krip Loss = 1.341832,	RMSE = 1.158375
	Test cost = 1.535969,	Krip Loss = 1.535969,	RMSE = 1.239342
	Test cost = 1.286932,	Krip Loss = 1.286932,	RMSE = 1.134430
Epoch = 6
	Train cost = 1.308088,	Krip Loss = 1.308088,	RMSE = 1.143717
	Test cost = 1.528880,	Krip Loss = 1.528880,	RMSE = 1.236479
	Test cost = 1.257972,	Krip Loss = 1.257972,	RMSE = 1.121594
Epoch = 7
	Train cost = 1.291440,	Krip Loss = 1.291440,	RMSE = 1.136415
	Test cost = 1.531124,	Krip Loss = 1.531124,	RMSE = 1.237386
	Test cost = 1.245366,	Krip Loss = 1.245366,	RMSE = 1.115960
Epoch = 8
	Train cost = 1.264696,	Krip Loss = 1.264696,	RMSE = 1.124587
	Test cost = 1.535589,	Krip Loss = 1.535589,	RMSE = 1.239189
	Test cost = 1.229752,	Krip Loss = 1.229752,	RMSE = 1.108942
Epoch = 9
	Train cost = 1.243182,	Krip Loss = 1.243182,	RMSE = 1.114981
	Test cost = 1.536777,	Krip Loss = 1.536777,	RMSE = 1.239668
	Test cost = 1.219085,	Krip Loss = 1.219085,	RMSE = 1.104122
Epoch = 10
	Train cost = 1.228249,	Krip Loss = 1.228249,	RMSE = 1.108264
	Test cost = 1.554541,	Krip Loss = 1.554541,	RMSE = 1.246812
	Test cost = 1.211359,	Krip Loss = 1.211359,	RMSE = 1.100617
Epoch = 11
	Train cost = 1.210366,	Krip Loss = 1.210366,	RMSE = 1.100166
	Test cost = 1.574858,	Krip Loss = 1.574858,	RMSE = 1.254934
	Test cost = 1.207108,	Krip Loss = 1.207108,	RMSE = 1.098685
Best Epoch = 6, Best Cost in Test = 1.257972
Validation Dyad = 10 	Testing Dyad = 11
RMSE of Average Prediction = 1.437857
(2700, 300, 148) (354, 300, 148) (358, 300, 148)
model = gru lambda = 0.0 last = True share = False #class = 1 drop = 0.0 update = adam2
Compiling function
Compilation done 1
Compilation done 2
Compilation done 3
Epoch = 1
	Train cost = 3.529082,	Krip Loss = 3.529082,	RMSE = 1.878585
	Test cost = 1.620804,	Krip Loss = 1.620804,	RMSE = 1.273108
	Test cost = 1.664733,	Krip Loss = 1.664733,	RMSE = 1.290245
Epoch = 2
	Train cost = 1.568678,	Krip Loss = 1.568678,	RMSE = 1.252469
	Test cost = 1.429188,	Krip Loss = 1.429188,	RMSE = 1.195486
	Test cost = 1.612336,	Krip Loss = 1.612336,	RMSE = 1.269778
Epoch = 3
	Train cost = 1.450956,	Krip Loss = 1.450956,	RMSE = 1.204557
	Test cost = 1.355565,	Krip Loss = 1.355565,	RMSE = 1.164287
	Test cost = 1.570212,	Krip Loss = 1.570212,	RMSE = 1.253081
Epoch = 4
	Train cost = 1.388100,	Krip Loss = 1.388100,	RMSE = 1.178176
	Test cost = 1.336020,	Krip Loss = 1.336020,	RMSE = 1.155863
	Test cost = 1.571101,	Krip Loss = 1.571101,	RMSE = 1.253436
Epoch = 5
	Train cost = 1.341832,	Krip Loss = 1.341832,	RMSE = 1.158375
	Test cost = 1.286932,	Krip Loss = 1.286932,	RMSE = 1.134430
	Test cost = 1.535969,	Krip Loss = 1.535969,	RMSE = 1.239342
Epoch = 6
	Train cost = 1.308088,	Krip Loss = 1.308088,	RMSE = 1.143717
	Test cost = 1.257972,	Krip Loss = 1.257972,	RMSE = 1.121594
	Test cost = 1.528880,	Krip Loss = 1.528880,	RMSE = 1.236479
Epoch = 7
	Train cost = 1.291440,	Krip Loss = 1.291440,	RMSE = 1.136415
	Test cost = 1.245366,	Krip Loss = 1.245366,	RMSE = 1.115960
	Test cost = 1.531124,	Krip Loss = 1.531124,	RMSE = 1.237386
Epoch = 8
	Train cost = 1.264696,	Krip Loss = 1.264696,	RMSE = 1.124587
	Test cost = 1.229752,	Krip Loss = 1.229752,	RMSE = 1.108942
	Test cost = 1.535589,	Krip Loss = 1.535589,	RMSE = 1.239189
Epoch = 9
	Train cost = 1.243182,	Krip Loss = 1.243182,	RMSE = 1.114981
	Test cost = 1.219085,	Krip Loss = 1.219085,	RMSE = 1.104122
	Test cost = 1.536777,	Krip Loss = 1.536777,	RMSE = 1.239668
Epoch = 10
	Train cost = 1.228249,	Krip Loss = 1.228249,	RMSE = 1.108264
	Test cost = 1.211359,	Krip Loss = 1.211359,	RMSE = 1.100617
	Test cost = 1.554541,	Krip Loss = 1.554541,	RMSE = 1.246812
Epoch = 11
	Train cost = 1.210366,	Krip Loss = 1.210366,	RMSE = 1.100166
	Test cost = 1.207108,	Krip Loss = 1.207108,	RMSE = 1.098685
	Test cost = 1.574858,	Krip Loss = 1.574858,	RMSE = 1.254934
Epoch = 12
	Train cost = 1.192010,	Krip Loss = 1.192010,	RMSE = 1.091792
	Test cost = 1.196145,	Krip Loss = 1.196145,	RMSE = 1.093684
	Test cost = 1.577995,	Krip Loss = 1.577995,	RMSE = 1.256183
Epoch = 13
	Train cost = 1.181001,	Krip Loss = 1.181001,	RMSE = 1.086739
	Test cost = 1.194713,	Krip Loss = 1.194713,	RMSE = 1.093029
	Test cost = 1.591383,	Krip Loss = 1.591383,	RMSE = 1.261500
Epoch = 14
	Train cost = 1.162381,	Krip Loss = 1.162381,	RMSE = 1.078138
	Test cost = 1.193368,	Krip Loss = 1.193368,	RMSE = 1.092414
	Test cost = 1.601135,	Krip Loss = 1.601135,	RMSE = 1.265360
Epoch = 15
	Train cost = 1.147664,	Krip Loss = 1.147664,	RMSE = 1.071291
	Test cost = 1.190220,	Krip Loss = 1.190220,	RMSE = 1.090972
	Test cost = 1.597676,	Krip Loss = 1.597676,	RMSE = 1.263992
Epoch = 16
	Train cost = 1.131700,	Krip Loss = 1.131700,	RMSE = 1.063814
	Test cost = 1.190937,	Krip Loss = 1.190937,	RMSE = 1.091300
	Test cost = 1.606399,	Krip Loss = 1.606399,	RMSE = 1.267438
Epoch = 17
	Train cost = 1.119734,	Krip Loss = 1.119734,	RMSE = 1.058175
	Test cost = 1.189857,	Krip Loss = 1.189857,	RMSE = 1.090806
	Test cost = 1.606330,	Krip Loss = 1.606330,	RMSE = 1.267411
Epoch = 18
	Train cost = 1.106059,	Krip Loss = 1.106059,	RMSE = 1.051693
	Test cost = 1.194186,	Krip Loss = 1.194186,	RMSE = 1.092788
	Test cost = 1.623944,	Krip Loss = 1.623944,	RMSE = 1.274341
Epoch = 19
	Train cost = 1.095572,	Krip Loss = 1.095572,	RMSE = 1.046696
	Test cost = 1.190454,	Krip Loss = 1.190454,	RMSE = 1.091079
	Test cost = 1.621139,	Krip Loss = 1.621139,	RMSE = 1.273239
Epoch = 20
	Train cost = 1.082794,	Krip Loss = 1.082794,	RMSE = 1.040574
	Test cost = 1.193800,	Krip Loss = 1.193800,	RMSE = 1.092611
	Test cost = 1.642808,	Krip Loss = 1.642808,	RMSE = 1.281721
Epoch = 21
	Train cost = 1.073969,	Krip Loss = 1.073969,	RMSE = 1.036325
	Test cost = 1.191055,	Krip Loss = 1.191055,	RMSE = 1.091355
	Test cost = 1.643819,	Krip Loss = 1.643819,	RMSE = 1.282115
Epoch = 22
	Train cost = 1.061799,	Krip Loss = 1.061799,	RMSE = 1.030436
	Test cost = 1.193567,	Krip Loss = 1.193567,	RMSE = 1.092505
	Test cost = 1.669873,	Krip Loss = 1.669873,	RMSE = 1.292235
Best Epoch = 17, Best Cost in Test = 1.606330
Validation Dyad = 4 	Testing Dyad = 12
RMSE of Average Prediction = 1.741178
(2810, 300, 148) (206, 300, 148) (396, 300, 148)
model = gru lambda = 0.0 last = True share = False #class = 1 drop = 0.0 update = adam2
Compiling function
Compilation done 1
Compilation done 2
Compilation done 3
Epoch = 1
	Train cost = 3.798722,	Krip Loss = 3.798722,	RMSE = 1.949031
	Test cost = 3.383362,	Krip Loss = 3.383362,	RMSE = 1.839392
	Test cost = 1.428967,	Krip Loss = 1.428967,	RMSE = 1.195394
Epoch = 2
	Train cost = 1.501736,	Krip Loss = 1.501736,	RMSE = 1.225453
	Test cost = 1.889671,	Krip Loss = 1.889671,	RMSE = 1.374653
	Test cost = 1.449408,	Krip Loss = 1.449408,	RMSE = 1.203913
Epoch = 3
	Train cost = 1.354808,	Krip Loss = 1.354808,	RMSE = 1.163962
	Test cost = 2.053391,	Krip Loss = 2.053391,	RMSE = 1.432966
	Test cost = 1.437352,	Krip Loss = 1.437352,	RMSE = 1.198896
Epoch = 4
	Train cost = 1.267559,	Krip Loss = 1.267559,	RMSE = 1.125859
	Test cost = 2.286996,	Krip Loss = 2.286996,	RMSE = 1.512282
	Test cost = 1.378295,	Krip Loss = 1.378295,	RMSE = 1.174008
Epoch = 5
	Train cost = 1.218859,	Krip Loss = 1.218859,	RMSE = 1.104019
	Test cost = 2.309062,	Krip Loss = 2.309062,	RMSE = 1.519560
	Test cost = 1.346294,	Krip Loss = 1.346294,	RMSE = 1.160299
Epoch = 6
	Train cost = 1.183888,	Krip Loss = 1.183888,	RMSE = 1.088066
	Test cost = 2.288429,	Krip Loss = 2.288429,	RMSE = 1.512755
	Test cost = 1.321197,	Krip Loss = 1.321197,	RMSE = 1.149434
Epoch = 7
	Train cost = 1.166699,	Krip Loss = 1.166699,	RMSE = 1.080138
	Test cost = 2.354412,	Krip Loss = 2.354412,	RMSE = 1.534409
	Test cost = 1.293331,	Krip Loss = 1.293331,	RMSE = 1.137247
Epoch = 8
	Train cost = 1.144565,	Krip Loss = 1.144565,	RMSE = 1.069844
	Test cost = 2.254146,	Krip Loss = 2.254146,	RMSE = 1.501381
	Test cost = 1.293973,	Krip Loss = 1.293973,	RMSE = 1.137529
Epoch = 9
	Train cost = 1.127758,	Krip Loss = 1.127758,	RMSE = 1.061959
	Test cost = 2.273259,	Krip Loss = 2.273259,	RMSE = 1.507733
	Test cost = 1.291962,	Krip Loss = 1.291962,	RMSE = 1.136645
Epoch = 10
	Train cost = 1.112965,	Krip Loss = 1.112965,	RMSE = 1.054972
	Test cost = 2.215759,	Krip Loss = 2.215759,	RMSE = 1.488543
	Test cost = 1.285183,	Krip Loss = 1.285183,	RMSE = 1.133659
Epoch = 11
	Train cost = 1.102412,	Krip Loss = 1.102412,	RMSE = 1.049958
	Test cost = 2.246629,	Krip Loss = 2.246629,	RMSE = 1.498876
	Test cost = 1.278054,	Krip Loss = 1.278054,	RMSE = 1.130511
Epoch = 12
	Train cost = 1.085469,	Krip Loss = 1.085469,	RMSE = 1.041859
	Test cost = 2.198488,	Krip Loss = 2.198488,	RMSE = 1.482730
	Test cost = 1.275593,	Krip Loss = 1.275593,	RMSE = 1.129421
Epoch = 13
	Train cost = 1.077288,	Krip Loss = 1.077288,	RMSE = 1.037925
	Test cost = 2.202889,	Krip Loss = 2.202889,	RMSE = 1.484213
	Test cost = 1.269109,	Krip Loss = 1.269109,	RMSE = 1.126547
Epoch = 14
	Train cost = 1.061829,	Krip Loss = 1.061829,	RMSE = 1.030451
	Test cost = 2.178257,	Krip Loss = 2.178257,	RMSE = 1.475892
	Test cost = 1.263898,	Krip Loss = 1.263898,	RMSE = 1.124232
Epoch = 15
	Train cost = 1.050711,	Krip Loss = 1.050711,	RMSE = 1.025042
	Test cost = 2.178912,	Krip Loss = 2.178912,	RMSE = 1.476114
	Test cost = 1.258973,	Krip Loss = 1.258973,	RMSE = 1.122040
Epoch = 16
	Train cost = 1.038703,	Krip Loss = 1.038703,	RMSE = 1.019168
	Test cost = 2.167681,	Krip Loss = 2.167681,	RMSE = 1.472305
	Test cost = 1.248576,	Krip Loss = 1.248576,	RMSE = 1.117397
Epoch = 17
	Train cost = 1.027844,	Krip Loss = 1.027844,	RMSE = 1.013826
	Test cost = 2.161898,	Krip Loss = 2.161898,	RMSE = 1.470339
	Test cost = 1.244014,	Krip Loss = 1.244014,	RMSE = 1.115354
Epoch = 18
	Train cost = 1.017515,	Krip Loss = 1.017515,	RMSE = 1.008720
	Test cost = 2.075686,	Krip Loss = 2.075686,	RMSE = 1.440724
	Test cost = 1.240945,	Krip Loss = 1.240945,	RMSE = 1.113977
Epoch = 19
	Train cost = 1.010703,	Krip Loss = 1.010703,	RMSE = 1.005337
	Test cost = 2.124827,	Krip Loss = 2.124827,	RMSE = 1.457679
	Test cost = 1.235929,	Krip Loss = 1.235929,	RMSE = 1.111724
Epoch = 20
	Train cost = 0.998179,	Krip Loss = 0.998179,	RMSE = 0.999089
	Test cost = 2.106596,	Krip Loss = 2.106596,	RMSE = 1.451412
	Test cost = 1.233964,	Krip Loss = 1.233964,	RMSE = 1.110839
Epoch = 21
	Train cost = 0.989329,	Krip Loss = 0.989329,	RMSE = 0.994650
	Test cost = 2.101582,	Krip Loss = 2.101582,	RMSE = 1.449683
	Test cost = 1.231377,	Krip Loss = 1.231377,	RMSE = 1.109674
Epoch = 22
	Train cost = 0.979083,	Krip Loss = 0.979083,	RMSE = 0.989486
	Test cost = 2.081133,	Krip Loss = 2.081133,	RMSE = 1.442613
	Test cost = 1.229673,	Krip Loss = 1.229673,	RMSE = 1.108906
Epoch = 23
	Train cost = 0.969708,	Krip Loss = 0.969708,	RMSE = 0.984738
	Test cost = 2.078037,	Krip Loss = 2.078037,	RMSE = 1.441540
	Test cost = 1.226008,	Krip Loss = 1.226008,	RMSE = 1.107252
Epoch = 24
	Train cost = 0.960234,	Krip Loss = 0.960234,	RMSE = 0.979915
	Test cost = 2.069846,	Krip Loss = 2.069846,	RMSE = 1.438696
	Test cost = 1.220212,	Krip Loss = 1.220212,	RMSE = 1.104632
Epoch = 25
	Train cost = 0.951589,	Krip Loss = 0.951589,	RMSE = 0.975494
	Test cost = 2.066805,	Krip Loss = 2.066805,	RMSE = 1.437639
	Test cost = 1.216190,	Krip Loss = 1.216190,	RMSE = 1.102810
Epoch = 26
	Train cost = 0.942928,	Krip Loss = 0.942928,	RMSE = 0.971045
	Test cost = 2.048108,	Krip Loss = 2.048108,	RMSE = 1.431121
	Test cost = 1.211247,	Krip Loss = 1.211247,	RMSE = 1.100567
Epoch = 27
	Train cost = 0.934852,	Krip Loss = 0.934852,	RMSE = 0.966877
	Test cost = 2.059486,	Krip Loss = 2.059486,	RMSE = 1.435091
	Test cost = 1.208553,	Krip Loss = 1.208553,	RMSE = 1.099342
Epoch = 28
	Train cost = 0.926658,	Krip Loss = 0.926658,	RMSE = 0.962631
	Test cost = 2.034364,	Krip Loss = 2.034364,	RMSE = 1.426311
	Test cost = 1.203865,	Krip Loss = 1.203865,	RMSE = 1.097208
Epoch = 29
	Train cost = 0.919343,	Krip Loss = 0.919343,	RMSE = 0.958824
	Test cost = 2.073990,	Krip Loss = 2.073990,	RMSE = 1.440135
	Test cost = 1.203631,	Krip Loss = 1.203631,	RMSE = 1.097101
Epoch = 30
	Train cost = 0.912328,	Krip Loss = 0.912328,	RMSE = 0.955159
	Test cost = 2.032435,	Krip Loss = 2.032435,	RMSE = 1.425635
	Test cost = 1.197905,	Krip Loss = 1.197905,	RMSE = 1.094489
Epoch = 31
	Train cost = 0.904984,	Krip Loss = 0.904984,	RMSE = 0.951307
	Test cost = 2.086810,	Krip Loss = 2.086810,	RMSE = 1.444580
	Test cost = 1.201148,	Krip Loss = 1.201148,	RMSE = 1.095969
Epoch = 32
	Train cost = 0.898226,	Krip Loss = 0.898226,	RMSE = 0.947748
	Test cost = 2.047952,	Krip Loss = 2.047952,	RMSE = 1.431067
	Test cost = 1.190039,	Krip Loss = 1.190039,	RMSE = 1.090889
Epoch = 33
	Train cost = 0.889252,	Krip Loss = 0.889252,	RMSE = 0.943002
	Test cost = 2.053081,	Krip Loss = 2.053081,	RMSE = 1.432858
	Test cost = 1.200963,	Krip Loss = 1.200963,	RMSE = 1.095885
Epoch = 34
	Train cost = 0.882427,	Krip Loss = 0.882427,	RMSE = 0.939376
	Test cost = 2.058831,	Krip Loss = 2.058831,	RMSE = 1.434863
	Test cost = 1.189812,	Krip Loss = 1.189812,	RMSE = 1.090785
Epoch = 35
	Train cost = 0.872906,	Krip Loss = 0.872906,	RMSE = 0.934294
	Test cost = 2.029380,	Krip Loss = 2.029380,	RMSE = 1.424563
	Test cost = 1.196602,	Krip Loss = 1.196602,	RMSE = 1.093893
Epoch = 36
	Train cost = 0.867700,	Krip Loss = 0.867700,	RMSE = 0.931504
	Test cost = 2.041853,	Krip Loss = 2.041853,	RMSE = 1.428934
	Test cost = 1.188074,	Krip Loss = 1.188074,	RMSE = 1.089988
Epoch = 37
	Train cost = 0.858794,	Krip Loss = 0.858794,	RMSE = 0.926711
	Test cost = 2.025368,	Krip Loss = 2.025368,	RMSE = 1.423154
	Test cost = 1.192212,	Krip Loss = 1.192212,	RMSE = 1.091885
Epoch = 38
	Train cost = 0.852928,	Krip Loss = 0.852928,	RMSE = 0.923541
	Test cost = 2.020045,	Krip Loss = 2.020045,	RMSE = 1.421283
	Test cost = 1.186882,	Krip Loss = 1.186882,	RMSE = 1.089441
Epoch = 39
	Train cost = 0.845301,	Krip Loss = 0.845301,	RMSE = 0.919402
	Test cost = 2.020252,	Krip Loss = 2.020252,	RMSE = 1.421356
	Test cost = 1.189627,	Krip Loss = 1.189627,	RMSE = 1.090700
Epoch = 40
	Train cost = 0.839613,	Krip Loss = 0.839613,	RMSE = 0.916304
	Test cost = 2.017010,	Krip Loss = 2.017010,	RMSE = 1.420215
	Test cost = 1.184805,	Krip Loss = 1.184805,	RMSE = 1.088487
Best Epoch = 2, Best Cost in Test = 1.449408
Validation Dyad = 18 	Testing Dyad = 16
RMSE of Average Prediction = 1.546499
(3006, 300, 148) (202, 300, 148) (204, 300, 148)
model = gru lambda = 0.0 last = True share = False #class = 1 drop = 0.0 update = adam2
Compiling function
Compilation done 1
Compilation done 2
Compilation done 3
Epoch = 1
	Train cost = 3.361491,	Krip Loss = 3.361491,	RMSE = 1.833437
	Test cost = 3.508042,	Krip Loss = 3.508042,	RMSE = 1.872977
	Test cost = 2.440244,	Krip Loss = 2.440244,	RMSE = 1.562128
Epoch = 2
	Train cost = 1.416489,	Krip Loss = 1.416489,	RMSE = 1.190163
	Test cost = 2.513390,	Krip Loss = 2.513390,	RMSE = 1.585367
	Test cost = 1.997733,	Krip Loss = 1.997733,	RMSE = 1.413412
Epoch = 3
	Train cost = 1.352518,	Krip Loss = 1.352518,	RMSE = 1.162978
	Test cost = 2.390653,	Krip Loss = 2.390653,	RMSE = 1.546174
	Test cost = 1.907558,	Krip Loss = 1.907558,	RMSE = 1.381144
Epoch = 4
	Train cost = 1.263942,	Krip Loss = 1.263942,	RMSE = 1.124252
	Test cost = 2.294951,	Krip Loss = 2.294951,	RMSE = 1.514909
	Test cost = 1.796830,	Krip Loss = 1.796830,	RMSE = 1.340459
Epoch = 5
	Train cost = 1.230212,	Krip Loss = 1.230212,	RMSE = 1.109149
	Test cost = 2.219550,	Krip Loss = 2.219550,	RMSE = 1.489815
	Test cost = 1.729456,	Krip Loss = 1.729456,	RMSE = 1.315088
Epoch = 6
	Train cost = 1.205442,	Krip Loss = 1.205442,	RMSE = 1.097926
	Test cost = 2.214662,	Krip Loss = 2.214662,	RMSE = 1.488174
	Test cost = 1.719258,	Krip Loss = 1.719258,	RMSE = 1.311205
Epoch = 7
	Train cost = 1.181542,	Krip Loss = 1.181542,	RMSE = 1.086988
	Test cost = 2.198426,	Krip Loss = 2.198426,	RMSE = 1.482709
	Test cost = 1.700592,	Krip Loss = 1.700592,	RMSE = 1.304067
Epoch = 8
	Train cost = 1.169470,	Krip Loss = 1.169470,	RMSE = 1.081420
	Test cost = 2.183940,	Krip Loss = 2.183940,	RMSE = 1.477816
	Test cost = 1.683518,	Krip Loss = 1.683518,	RMSE = 1.297505
Epoch = 9
	Train cost = 1.150113,	Krip Loss = 1.150113,	RMSE = 1.072433
	Test cost = 2.170587,	Krip Loss = 2.170587,	RMSE = 1.473291
	Test cost = 1.670545,	Krip Loss = 1.670545,	RMSE = 1.292496
Epoch = 10
	Train cost = 1.139977,	Krip Loss = 1.139977,	RMSE = 1.067697
	Test cost = 2.161848,	Krip Loss = 2.161848,	RMSE = 1.470322
	Test cost = 1.657087,	Krip Loss = 1.657087,	RMSE = 1.287279
Epoch = 11
	Train cost = 1.124148,	Krip Loss = 1.124148,	RMSE = 1.060259
	Test cost = 2.142759,	Krip Loss = 2.142759,	RMSE = 1.463817
	Test cost = 1.640754,	Krip Loss = 1.640754,	RMSE = 1.280919
Epoch = 12
	Train cost = 1.111346,	Krip Loss = 1.111346,	RMSE = 1.054204
	Test cost = 2.138007,	Krip Loss = 2.138007,	RMSE = 1.462192
	Test cost = 1.630864,	Krip Loss = 1.630864,	RMSE = 1.277053
Epoch = 13
	Train cost = 1.101908,	Krip Loss = 1.101908,	RMSE = 1.049718
	Test cost = 2.130449,	Krip Loss = 2.130449,	RMSE = 1.459606
	Test cost = 1.609641,	Krip Loss = 1.609641,	RMSE = 1.268716
Epoch = 14
	Train cost = 1.084729,	Krip Loss = 1.084729,	RMSE = 1.041503
	Test cost = 2.129610,	Krip Loss = 2.129610,	RMSE = 1.459318
	Test cost = 1.592276,	Krip Loss = 1.592276,	RMSE = 1.261854
Epoch = 15
	Train cost = 1.069701,	Krip Loss = 1.069701,	RMSE = 1.034263
	Test cost = 2.118275,	Krip Loss = 2.118275,	RMSE = 1.455430
	Test cost = 1.580813,	Krip Loss = 1.580813,	RMSE = 1.257304
Epoch = 16
	Train cost = 1.057852,	Krip Loss = 1.057852,	RMSE = 1.028519
	Test cost = 2.108825,	Krip Loss = 2.108825,	RMSE = 1.452179
	Test cost = 1.571978,	Krip Loss = 1.571978,	RMSE = 1.253785
Epoch = 17
	Train cost = 1.046644,	Krip Loss = 1.046644,	RMSE = 1.023056
	Test cost = 2.105191,	Krip Loss = 2.105191,	RMSE = 1.450928
	Test cost = 1.566563,	Krip Loss = 1.566563,	RMSE = 1.251624
Epoch = 18
	Train cost = 1.035593,	Krip Loss = 1.035593,	RMSE = 1.017641
	Test cost = 2.095786,	Krip Loss = 2.095786,	RMSE = 1.447683
	Test cost = 1.555295,	Krip Loss = 1.555295,	RMSE = 1.247114
Epoch = 19
	Train cost = 1.022844,	Krip Loss = 1.022844,	RMSE = 1.011357
	Test cost = 2.117484,	Krip Loss = 2.117484,	RMSE = 1.455158
	Test cost = 1.562113,	Krip Loss = 1.562113,	RMSE = 1.249845
Epoch = 20
	Train cost = 1.015120,	Krip Loss = 1.015120,	RMSE = 1.007532
	Test cost = 2.086477,	Krip Loss = 2.086477,	RMSE = 1.444464
	Test cost = 1.540153,	Krip Loss = 1.540153,	RMSE = 1.241029
Epoch = 21
	Train cost = 1.002922,	Krip Loss = 1.002922,	RMSE = 1.001460
	Test cost = 2.120779,	Krip Loss = 2.120779,	RMSE = 1.456289
	Test cost = 1.555568,	Krip Loss = 1.555568,	RMSE = 1.247224
Epoch = 22
	Train cost = 0.995221,	Krip Loss = 0.995221,	RMSE = 0.997608
	Test cost = 2.069886,	Krip Loss = 2.069886,	RMSE = 1.438710
	Test cost = 1.527251,	Krip Loss = 1.527251,	RMSE = 1.235820
Epoch = 23
	Train cost = 0.983153,	Krip Loss = 0.983153,	RMSE = 0.991541
	Test cost = 2.089118,	Krip Loss = 2.089118,	RMSE = 1.445378
	Test cost = 1.537400,	Krip Loss = 1.537400,	RMSE = 1.239919
Epoch = 24
	Train cost = 0.973878,	Krip Loss = 0.973878,	RMSE = 0.986853
	Test cost = 2.069672,	Krip Loss = 2.069672,	RMSE = 1.438636
	Test cost = 1.515595,	Krip Loss = 1.515595,	RMSE = 1.231095
Epoch = 25
	Train cost = 0.963888,	Krip Loss = 0.963888,	RMSE = 0.981778
	Test cost = 2.079592,	Krip Loss = 2.079592,	RMSE = 1.442079
	Test cost = 1.515390,	Krip Loss = 1.515390,	RMSE = 1.231012
Epoch = 26
	Train cost = 0.954918,	Krip Loss = 0.954918,	RMSE = 0.977199
	Test cost = 2.074015,	Krip Loss = 2.074015,	RMSE = 1.440144
	Test cost = 1.502403,	Krip Loss = 1.502403,	RMSE = 1.225726
Epoch = 27
	Train cost = 0.945993,	Krip Loss = 0.945993,	RMSE = 0.972622
	Test cost = 2.077096,	Krip Loss = 2.077096,	RMSE = 1.441213
	Test cost = 1.495230,	Krip Loss = 1.495230,	RMSE = 1.222796
Epoch = 28
	Train cost = 0.937880,	Krip Loss = 0.937880,	RMSE = 0.968442
	Test cost = 2.073366,	Krip Loss = 2.073366,	RMSE = 1.439919
	Test cost = 1.483537,	Krip Loss = 1.483537,	RMSE = 1.218005
Epoch = 29
	Train cost = 0.929052,	Krip Loss = 0.929052,	RMSE = 0.963874
	Test cost = 2.064947,	Krip Loss = 2.064947,	RMSE = 1.436992
	Test cost = 1.470753,	Krip Loss = 1.470753,	RMSE = 1.212746
Epoch = 30
	Train cost = 0.921402,	Krip Loss = 0.921402,	RMSE = 0.959897
	Test cost = 2.055246,	Krip Loss = 2.055246,	RMSE = 1.433613
	Test cost = 1.460405,	Krip Loss = 1.460405,	RMSE = 1.208472
Epoch = 31
	Train cost = 0.913603,	Krip Loss = 0.913603,	RMSE = 0.955826
	Test cost = 2.044537,	Krip Loss = 2.044537,	RMSE = 1.429873
	Test cost = 1.453396,	Krip Loss = 1.453396,	RMSE = 1.205569
Epoch = 32
	Train cost = 0.906746,	Krip Loss = 0.906746,	RMSE = 0.952232
	Test cost = 2.035337,	Krip Loss = 2.035337,	RMSE = 1.426652
	Test cost = 1.449178,	Krip Loss = 1.449178,	RMSE = 1.203818
Epoch = 33
	Train cost = 0.899614,	Krip Loss = 0.899614,	RMSE = 0.948480
	Test cost = 2.028340,	Krip Loss = 2.028340,	RMSE = 1.424198
	Test cost = 1.445322,	Krip Loss = 1.445322,	RMSE = 1.202215
Epoch = 34
	Train cost = 0.892970,	Krip Loss = 0.892970,	RMSE = 0.944971
	Test cost = 2.020820,	Krip Loss = 2.020820,	RMSE = 1.421555
	Test cost = 1.441749,	Krip Loss = 1.441749,	RMSE = 1.200728
Epoch = 35
	Train cost = 0.886291,	Krip Loss = 0.886291,	RMSE = 0.941430
	Test cost = 2.016452,	Krip Loss = 2.016452,	RMSE = 1.420018
	Test cost = 1.438594,	Krip Loss = 1.438594,	RMSE = 1.199414
Epoch = 36
	Train cost = 0.879644,	Krip Loss = 0.879644,	RMSE = 0.937893
	Test cost = 2.004758,	Krip Loss = 2.004758,	RMSE = 1.415895
	Test cost = 1.436568,	Krip Loss = 1.436568,	RMSE = 1.198569
Epoch = 37
	Train cost = 0.873009,	Krip Loss = 0.873009,	RMSE = 0.934349
	Test cost = 1.989973,	Krip Loss = 1.989973,	RMSE = 1.410664
	Test cost = 1.437232,	Krip Loss = 1.437232,	RMSE = 1.198846
Epoch = 38
	Train cost = 0.866686,	Krip Loss = 0.866686,	RMSE = 0.930960
	Test cost = 1.982381,	Krip Loss = 1.982381,	RMSE = 1.407971
	Test cost = 1.441053,	Krip Loss = 1.441053,	RMSE = 1.200439
Epoch = 39
	Train cost = 0.860759,	Krip Loss = 0.860759,	RMSE = 0.927771
	Test cost = 1.967644,	Krip Loss = 1.967644,	RMSE = 1.402727
	Test cost = 1.436144,	Krip Loss = 1.436144,	RMSE = 1.198392
Epoch = 40
	Train cost = 0.855002,	Krip Loss = 0.855002,	RMSE = 0.924663
	Test cost = 1.969526,	Krip Loss = 1.969526,	RMSE = 1.403398
	Test cost = 1.440110,	Krip Loss = 1.440110,	RMSE = 1.200046
Best Epoch = 39, Best Cost in Test = 1.436144
Validation Dyad = 9 	Testing Dyad = 17
RMSE of Average Prediction = 0.939190
(2834, 300, 148) (382, 300, 148) (196, 300, 148)
model = gru lambda = 0.0 last = True share = False #class = 1 drop = 0.0 update = adam2
Compiling function
Compilation done 1
Compilation done 2
Compilation done 3
Epoch = 1
	Train cost = 3.667856,	Krip Loss = 3.667856,	RMSE = 1.915165
	Test cost = 1.244406,	Krip Loss = 1.244406,	RMSE = 1.115529
	Test cost = 1.746934,	Krip Loss = 1.746934,	RMSE = 1.321716
Epoch = 2
	Train cost = 1.675621,	Krip Loss = 1.675621,	RMSE = 1.294458
	Test cost = 0.860442,	Krip Loss = 0.860442,	RMSE = 0.927600
	Test cost = 1.490399,	Krip Loss = 1.490399,	RMSE = 1.220819
Epoch = 3
	Train cost = 1.470791,	Krip Loss = 1.470791,	RMSE = 1.212762
	Test cost = 0.888370,	Krip Loss = 0.888370,	RMSE = 0.942534
	Test cost = 1.379394,	Krip Loss = 1.379394,	RMSE = 1.174476
Epoch = 4
	Train cost = 1.376752,	Krip Loss = 1.376752,	RMSE = 1.173351
	Test cost = 0.874109,	Krip Loss = 0.874109,	RMSE = 0.934938
	Test cost = 1.373725,	Krip Loss = 1.373725,	RMSE = 1.172060
Epoch = 5
	Train cost = 1.316251,	Krip Loss = 1.316251,	RMSE = 1.147280
	Test cost = 0.891357,	Krip Loss = 0.891357,	RMSE = 0.944117
	Test cost = 1.357311,	Krip Loss = 1.357311,	RMSE = 1.165037
Epoch = 6
	Train cost = 1.291099,	Krip Loss = 1.291099,	RMSE = 1.136266
	Test cost = 0.901222,	Krip Loss = 0.901222,	RMSE = 0.949327
	Test cost = 1.339436,	Krip Loss = 1.339436,	RMSE = 1.157340
Epoch = 7
	Train cost = 1.258012,	Krip Loss = 1.258012,	RMSE = 1.121611
	Test cost = 0.909889,	Krip Loss = 0.909889,	RMSE = 0.953881
	Test cost = 1.327740,	Krip Loss = 1.327740,	RMSE = 1.152276
Epoch = 8
	Train cost = 1.239435,	Krip Loss = 1.239435,	RMSE = 1.113299
	Test cost = 0.911807,	Krip Loss = 0.911807,	RMSE = 0.954886
	Test cost = 1.328926,	Krip Loss = 1.328926,	RMSE = 1.152791
Epoch = 9
	Train cost = 1.212181,	Krip Loss = 1.212181,	RMSE = 1.100991
	Test cost = 0.900369,	Krip Loss = 0.900369,	RMSE = 0.948878
	Test cost = 1.326540,	Krip Loss = 1.326540,	RMSE = 1.151755
Epoch = 10
	Train cost = 1.192707,	Krip Loss = 1.192707,	RMSE = 1.092111
	Test cost = 0.905187,	Krip Loss = 0.905187,	RMSE = 0.951413
	Test cost = 1.322463,	Krip Loss = 1.322463,	RMSE = 1.149984
Epoch = 11
	Train cost = 1.177022,	Krip Loss = 1.177022,	RMSE = 1.084907
	Test cost = 0.909159,	Krip Loss = 0.909159,	RMSE = 0.953498
	Test cost = 1.311075,	Krip Loss = 1.311075,	RMSE = 1.145022
Epoch = 12
	Train cost = 1.157758,	Krip Loss = 1.157758,	RMSE = 1.075992
	Test cost = 0.899193,	Krip Loss = 0.899193,	RMSE = 0.948258
	Test cost = 1.298992,	Krip Loss = 1.298992,	RMSE = 1.139734
Epoch = 13
	Train cost = 1.140865,	Krip Loss = 1.140865,	RMSE = 1.068113
	Test cost = 0.900323,	Krip Loss = 0.900323,	RMSE = 0.948854
	Test cost = 1.283854,	Krip Loss = 1.283854,	RMSE = 1.133073
Epoch = 14
	Train cost = 1.124217,	Krip Loss = 1.124217,	RMSE = 1.060291
	Test cost = 0.893640,	Krip Loss = 0.893640,	RMSE = 0.945325
	Test cost = 1.270689,	Krip Loss = 1.270689,	RMSE = 1.127248
Epoch = 15
	Train cost = 1.109307,	Krip Loss = 1.109307,	RMSE = 1.053237
	Test cost = 0.891932,	Krip Loss = 0.891932,	RMSE = 0.944422
	Test cost = 1.254991,	Krip Loss = 1.254991,	RMSE = 1.120264
Epoch = 16
	Train cost = 1.095139,	Krip Loss = 1.095139,	RMSE = 1.046489
	Test cost = 0.886290,	Krip Loss = 0.886290,	RMSE = 0.941430
	Test cost = 1.246623,	Krip Loss = 1.246623,	RMSE = 1.116523
Epoch = 17
	Train cost = 1.081240,	Krip Loss = 1.081240,	RMSE = 1.039827
	Test cost = 0.883352,	Krip Loss = 0.883352,	RMSE = 0.939868
	Test cost = 1.233114,	Krip Loss = 1.233114,	RMSE = 1.110457
Epoch = 18
	Train cost = 1.068310,	Krip Loss = 1.068310,	RMSE = 1.033591
	Test cost = 0.880387,	Krip Loss = 0.880387,	RMSE = 0.938289
	Test cost = 1.224000,	Krip Loss = 1.224000,	RMSE = 1.106346
Epoch = 19
	Train cost = 1.055515,	Krip Loss = 1.055515,	RMSE = 1.027383
	Test cost = 0.878208,	Krip Loss = 0.878208,	RMSE = 0.937128
	Test cost = 1.211718,	Krip Loss = 1.211718,	RMSE = 1.100781
Epoch = 20
	Train cost = 1.043807,	Krip Loss = 1.043807,	RMSE = 1.021669
	Test cost = 0.874867,	Krip Loss = 0.874867,	RMSE = 0.935343
	Test cost = 1.204985,	Krip Loss = 1.204985,	RMSE = 1.097718
Epoch = 21
	Train cost = 1.031627,	Krip Loss = 1.031627,	RMSE = 1.015690
	Test cost = 0.872201,	Krip Loss = 0.872201,	RMSE = 0.933917
	Test cost = 1.192475,	Krip Loss = 1.192475,	RMSE = 1.092005
Epoch = 22
	Train cost = 1.020205,	Krip Loss = 1.020205,	RMSE = 1.010052
	Test cost = 0.869798,	Krip Loss = 0.869798,	RMSE = 0.932630
	Test cost = 1.182484,	Krip Loss = 1.182484,	RMSE = 1.087421
Epoch = 23
	Train cost = 1.008951,	Krip Loss = 1.008951,	RMSE = 1.004465
	Test cost = 0.867981,	Krip Loss = 0.867981,	RMSE = 0.931655
	Test cost = 1.172742,	Krip Loss = 1.172742,	RMSE = 1.082932
Epoch = 24
	Train cost = 0.998283,	Krip Loss = 0.998283,	RMSE = 0.999141
	Test cost = 0.866168,	Krip Loss = 0.866168,	RMSE = 0.930681
	Test cost = 1.165424,	Krip Loss = 1.165424,	RMSE = 1.079548
Epoch = 25
	Train cost = 0.988093,	Krip Loss = 0.988093,	RMSE = 0.994029
	Test cost = 0.864497,	Krip Loss = 0.864497,	RMSE = 0.929783
	Test cost = 1.159359,	Krip Loss = 1.159359,	RMSE = 1.076736
Epoch = 26
	Train cost = 0.978296,	Krip Loss = 0.978296,	RMSE = 0.989088
	Test cost = 0.862927,	Krip Loss = 0.862927,	RMSE = 0.928939
	Test cost = 1.154935,	Krip Loss = 1.154935,	RMSE = 1.074679
Epoch = 27
	Train cost = 0.968899,	Krip Loss = 0.968899,	RMSE = 0.984327
	Test cost = 0.861648,	Krip Loss = 0.861648,	RMSE = 0.928250
	Test cost = 1.151345,	Krip Loss = 1.151345,	RMSE = 1.073007
Epoch = 28
	Train cost = 0.959756,	Krip Loss = 0.959756,	RMSE = 0.979671
	Test cost = 0.860558,	Krip Loss = 0.860558,	RMSE = 0.927663
	Test cost = 1.148607,	Krip Loss = 1.148607,	RMSE = 1.071731
Epoch = 29
	Train cost = 0.950563,	Krip Loss = 0.950563,	RMSE = 0.974968
	Test cost = 0.859365,	Krip Loss = 0.859365,	RMSE = 0.927019
	Test cost = 1.147010,	Krip Loss = 1.147010,	RMSE = 1.070986
Epoch = 30
	Train cost = 0.942026,	Krip Loss = 0.942026,	RMSE = 0.970580
	Test cost = 0.858598,	Krip Loss = 0.858598,	RMSE = 0.926605
	Test cost = 1.146834,	Krip Loss = 1.146834,	RMSE = 1.070903
Epoch = 31
	Train cost = 0.933176,	Krip Loss = 0.933176,	RMSE = 0.966011
	Test cost = 0.856844,	Krip Loss = 0.856844,	RMSE = 0.925659
	Test cost = 1.145694,	Krip Loss = 1.145694,	RMSE = 1.070371
Epoch = 32
	Train cost = 0.924477,	Krip Loss = 0.924477,	RMSE = 0.961497
	Test cost = 0.857122,	Krip Loss = 0.857122,	RMSE = 0.925809
	Test cost = 1.142584,	Krip Loss = 1.142584,	RMSE = 1.068917
Epoch = 33
	Train cost = 0.914657,	Krip Loss = 0.914657,	RMSE = 0.956377
	Test cost = 0.854422,	Krip Loss = 0.854422,	RMSE = 0.924349
	Test cost = 1.136942,	Krip Loss = 1.136942,	RMSE = 1.066275
Epoch = 34
	Train cost = 0.906933,	Krip Loss = 0.906933,	RMSE = 0.952331
	Test cost = 0.855545,	Krip Loss = 0.855545,	RMSE = 0.924957
	Test cost = 1.135697,	Krip Loss = 1.135697,	RMSE = 1.065691
Epoch = 35
	Train cost = 0.900431,	Krip Loss = 0.900431,	RMSE = 0.948911
	Test cost = 0.853974,	Krip Loss = 0.853974,	RMSE = 0.924107
	Test cost = 1.135376,	Krip Loss = 1.135376,	RMSE = 1.065540
Epoch = 36
	Train cost = 0.892703,	Krip Loss = 0.892703,	RMSE = 0.944830
	Test cost = 0.854756,	Krip Loss = 0.854756,	RMSE = 0.924530
	Test cost = 1.129712,	Krip Loss = 1.129712,	RMSE = 1.062879
Epoch = 37
	Train cost = 0.888048,	Krip Loss = 0.888048,	RMSE = 0.942363
	Test cost = 0.854276,	Krip Loss = 0.854276,	RMSE = 0.924271
	Test cost = 1.135450,	Krip Loss = 1.135450,	RMSE = 1.065575
Epoch = 38
	Train cost = 0.875790,	Krip Loss = 0.875790,	RMSE = 0.935836
	Test cost = 0.853748,	Krip Loss = 0.853748,	RMSE = 0.923985
	Test cost = 1.124868,	Krip Loss = 1.124868,	RMSE = 1.060598
Epoch = 39
	Train cost = 0.869549,	Krip Loss = 0.869549,	RMSE = 0.932496
	Test cost = 0.855689,	Krip Loss = 0.855689,	RMSE = 0.925034
	Test cost = 1.131681,	Krip Loss = 1.131681,	RMSE = 1.063805
Epoch = 40
	Train cost = 0.858257,	Krip Loss = 0.858257,	RMSE = 0.926422
	Test cost = 0.855081,	Krip Loss = 0.855081,	RMSE = 0.924706
	Test cost = 1.124042,	Krip Loss = 1.124042,	RMSE = 1.060209
Best Epoch = 38, Best Cost in Test = 1.124868
Validation Dyad = 7 	Testing Dyad = 18
RMSE of Average Prediction = 1.227084
(2814, 300, 148) (396, 300, 148) (202, 300, 148)
model = gru lambda = 0.0 last = True share = False #class = 1 drop = 0.0 update = adam2
Compiling function
Compilation done 1
Compilation done 2
Compilation done 3
Epoch = 1
	Train cost = 3.444931,	Krip Loss = 3.444931,	RMSE = 1.856052
	Test cost = 2.611964,	Krip Loss = 2.611964,	RMSE = 1.616157
	Test cost = 3.236349,	Krip Loss = 3.236349,	RMSE = 1.798986
Epoch = 2
	Train cost = 2.602812,	Krip Loss = 2.602812,	RMSE = 1.613323
	Test cost = 1.567257,	Krip Loss = 1.567257,	RMSE = 1.251901
	Test cost = 2.173486,	Krip Loss = 2.173486,	RMSE = 1.474275
Epoch = 3
	Train cost = 1.413759,	Krip Loss = 1.413759,	RMSE = 1.189016
	Test cost = 1.466729,	Krip Loss = 1.466729,	RMSE = 1.211086
	Test cost = 2.139269,	Krip Loss = 2.139269,	RMSE = 1.462624
Epoch = 4
	Train cost = 1.353660,	Krip Loss = 1.353660,	RMSE = 1.163469
	Test cost = 1.405394,	Krip Loss = 1.405394,	RMSE = 1.185493
	Test cost = 2.126447,	Krip Loss = 2.126447,	RMSE = 1.458234
Epoch = 5
	Train cost = 1.281473,	Krip Loss = 1.281473,	RMSE = 1.132022
	Test cost = 1.466433,	Krip Loss = 1.466433,	RMSE = 1.210964
	Test cost = 2.038426,	Krip Loss = 2.038426,	RMSE = 1.427734
Epoch = 6
	Train cost = 1.248160,	Krip Loss = 1.248160,	RMSE = 1.117211
	Test cost = 1.447035,	Krip Loss = 1.447035,	RMSE = 1.202928
	Test cost = 2.020177,	Krip Loss = 2.020177,	RMSE = 1.421329
Epoch = 7
	Train cost = 1.224093,	Krip Loss = 1.224093,	RMSE = 1.106387
	Test cost = 1.443314,	Krip Loss = 1.443314,	RMSE = 1.201380
	Test cost = 1.994919,	Krip Loss = 1.994919,	RMSE = 1.412416
Epoch = 8
	Train cost = 1.203833,	Krip Loss = 1.203833,	RMSE = 1.097193
	Test cost = 1.444436,	Krip Loss = 1.444436,	RMSE = 1.201847
	Test cost = 1.980172,	Krip Loss = 1.980172,	RMSE = 1.407186
Epoch = 9
	Train cost = 1.187802,	Krip Loss = 1.187802,	RMSE = 1.089863
	Test cost = 1.440535,	Krip Loss = 1.440535,	RMSE = 1.200223
	Test cost = 1.965106,	Krip Loss = 1.965106,	RMSE = 1.401822
Epoch = 10
	Train cost = 1.172418,	Krip Loss = 1.172418,	RMSE = 1.082783
	Test cost = 1.439913,	Krip Loss = 1.439913,	RMSE = 1.199964
	Test cost = 1.953156,	Krip Loss = 1.953156,	RMSE = 1.397554
Epoch = 11
	Train cost = 1.157400,	Krip Loss = 1.157400,	RMSE = 1.075825
	Test cost = 1.437606,	Krip Loss = 1.437606,	RMSE = 1.199002
	Test cost = 1.933584,	Krip Loss = 1.933584,	RMSE = 1.390534
Best Epoch = 4, Best Cost in Test = 2.126447
Written to ../results/result_grul_audio_b_share_False_drop_0.0_lamb_0.0_fact_None_sq.txt
