nohup: ignoring input
Couldn't import dot_parser, loading of dot files will not be possible.
WARNING (theano.sandbox.cuda): The cuda backend is deprecated and will be removed in the next release.  Please switch to the gpuarray backend. You can get more information about how to switch at this URL:
 https://github.com/Theano/Theano/wiki/Converting-to-the-new-gpu-back-end%28gpuarray%29

Using gpu device 2: GeForce GTX TITAN X (CNMeM is disabled, cuDNN 5103)
audio b
/usr0/home/hongliay/code/Rapport/data_info/AMT_Batch1_results_large.csv
/usr0/home/hongliay/code/Rapport/data_info/AMT_Batch2_results_large.csv
/usr0/home/hongliay/code/Rapport/data_info/AMT_Batch3_results_large.csv
/usr0/home/hongliay/code/Rapport/data_info/AMT_Batch4_results_large.csv
D10S1
D10S2
D11S1
D11S2
D12S1
D12S2
D16S2
D17S1
D18S1
D3S1
D3S2
D4S1
D4S2
D5S1
D5S2
D6S1
D6S2
D7S1
D7S2
D8S1
D8S2
D9S1
D9S2
[3, 4, 7, 8, 9, 10, 11, 12, 16, 17, 18]
Validation Dyad = 17 	Testing Dyad = 3
RMSE of Average Prediction = 1.113759
(2834, 300, 148) (196, 300, 148) (382, 300, 148)
dec = True model = ours + lstm lambda = 0.0 share = False #class = 1 drop = 0.0 update = adam2
Compiling function
Compilation done 1
Compilation done 2
Compilation done 3
Epoch = 1
	Train cost = 0.998072,	Krip Loss = 0.998072,	RMSE = 3.726955
	Test cost = 0.991511,	Krip Loss = 0.991511,	RMSE = 2.849685
	Test cost = 0.996505,	Krip Loss = 0.996505,	RMSE = 3.492588
Epoch = 2
	Train cost = 0.991199,	Krip Loss = 0.991199,	RMSE = 3.111832
	Test cost = 0.985054,	Krip Loss = 0.985054,	RMSE = 2.230357
	Test cost = 0.987390,	Krip Loss = 0.987390,	RMSE = 2.766163
Epoch = 3
	Train cost = 0.961538,	Krip Loss = 0.961538,	RMSE = 2.129326
	Test cost = 0.931173,	Krip Loss = 0.931173,	RMSE = 1.114779
	Test cost = 0.971385,	Krip Loss = 0.971385,	RMSE = 1.299900
Epoch = 4
	Train cost = 0.903533,	Krip Loss = 0.903533,	RMSE = 1.483518
	Test cost = 0.983974,	Krip Loss = 0.983974,	RMSE = 1.340477
	Test cost = 0.951404,	Krip Loss = 0.951404,	RMSE = 1.241175
Epoch = 5
	Train cost = 0.828162,	Krip Loss = 0.828162,	RMSE = 1.214589
	Test cost = 0.888585,	Krip Loss = 0.888585,	RMSE = 1.062474
	Test cost = 0.841428,	Krip Loss = 0.841428,	RMSE = 1.119357
Epoch = 6
	Train cost = 0.801568,	Krip Loss = 0.801568,	RMSE = 1.317179
	Test cost = 0.841885,	Krip Loss = 0.841885,	RMSE = 1.080041
	Test cost = 0.813636,	Krip Loss = 0.813636,	RMSE = 1.077894
Epoch = 7
	Train cost = 0.764100,	Krip Loss = 0.764100,	RMSE = 1.245520
	Test cost = 0.783272,	Krip Loss = 0.783272,	RMSE = 1.048114
	Test cost = 0.818952,	Krip Loss = 0.818952,	RMSE = 1.035307
Epoch = 8
	Train cost = 0.736178,	Krip Loss = 0.736178,	RMSE = 1.213851
	Test cost = 0.797111,	Krip Loss = 0.797111,	RMSE = 1.119595
	Test cost = 0.804282,	Krip Loss = 0.804282,	RMSE = 1.063836
Epoch = 9
	Train cost = 0.687789,	Krip Loss = 0.687789,	RMSE = 1.126257
	Test cost = 0.769814,	Krip Loss = 0.769814,	RMSE = 1.110512
	Test cost = 0.759626,	Krip Loss = 0.759626,	RMSE = 1.024609
Epoch = 10
	Train cost = 0.646979,	Krip Loss = 0.646979,	RMSE = 1.061439
	Test cost = 0.770569,	Krip Loss = 0.770569,	RMSE = 1.163816
	Test cost = 0.742731,	Krip Loss = 0.742731,	RMSE = 1.063970
Epoch = 11
	Train cost = 0.616304,	Krip Loss = 0.616304,	RMSE = 1.035550
	Test cost = 0.740706,	Krip Loss = 0.740706,	RMSE = 1.163991
	Test cost = 0.739489,	Krip Loss = 0.739489,	RMSE = 1.081637
Epoch = 12
	Train cost = 0.609175,	Krip Loss = 0.609175,	RMSE = 1.059845
	Test cost = 0.737812,	Krip Loss = 0.737812,	RMSE = 1.168712
	Test cost = 0.698180,	Krip Loss = 0.698180,	RMSE = 1.066696
Epoch = 13
	Train cost = 0.586422,	Krip Loss = 0.586422,	RMSE = 1.022177
	Test cost = 0.722592,	Krip Loss = 0.722592,	RMSE = 1.184202
	Test cost = 0.724418,	Krip Loss = 0.724418,	RMSE = 1.112679
Epoch = 14
	Train cost = 0.579076,	Krip Loss = 0.579076,	RMSE = 1.011227
	Test cost = 0.714481,	Krip Loss = 0.714481,	RMSE = 1.174120
	Test cost = 0.669913,	Krip Loss = 0.669913,	RMSE = 1.068031
Epoch = 15
	Train cost = 0.567614,	Krip Loss = 0.567614,	RMSE = 0.996235
	Test cost = 0.716651,	Krip Loss = 0.716651,	RMSE = 1.200242
	Test cost = 0.755809,	Krip Loss = 0.755809,	RMSE = 1.177805
Epoch = 16
	Train cost = 0.557373,	Krip Loss = 0.557373,	RMSE = 1.003467
	Test cost = 0.716795,	Krip Loss = 0.716795,	RMSE = 1.209969
	Test cost = 0.654033,	Krip Loss = 0.654033,	RMSE = 1.071853
Epoch = 17
	Train cost = 0.546489,	Krip Loss = 0.546489,	RMSE = 0.980019
	Test cost = 0.712302,	Krip Loss = 0.712302,	RMSE = 1.217370
	Test cost = 0.695838,	Krip Loss = 0.695838,	RMSE = 1.141351
Epoch = 18
	Train cost = 0.533714,	Krip Loss = 0.533714,	RMSE = 0.968913
	Test cost = 0.718241,	Krip Loss = 0.718241,	RMSE = 1.235440
	Test cost = 0.692344,	Krip Loss = 0.692344,	RMSE = 1.112853
Epoch = 19
	Train cost = 0.530708,	Krip Loss = 0.530708,	RMSE = 0.966529
	Test cost = 0.694945,	Krip Loss = 0.694945,	RMSE = 1.215382
	Test cost = 0.700989,	Krip Loss = 0.700989,	RMSE = 1.142837
Epoch = 20
	Train cost = 0.518207,	Krip Loss = 0.518207,	RMSE = 0.960567
	Test cost = 0.696835,	Krip Loss = 0.696835,	RMSE = 1.202097
	Test cost = 0.668074,	Krip Loss = 0.668074,	RMSE = 1.113856
Epoch = 21
	Train cost = 0.509266,	Krip Loss = 0.509266,	RMSE = 0.945364
	Test cost = 0.692457,	Krip Loss = 0.692457,	RMSE = 1.200851
	Test cost = 0.702836,	Krip Loss = 0.702836,	RMSE = 1.169172
Epoch = 22
