nohup: ignoring input
INFO (theano.gof.compilelock): Waiting for existing lock by process '97191' (I am process '98120')
INFO (theano.gof.compilelock): To manually release the lock, delete /usr0/home/hongliay/.theano/compiledir_Linux-3.19--generic-x86_64-with-Ubuntu-14.04-trusty-x86_64-2.7.6-64/lock_dir
INFO (theano.gof.compilelock): Waiting for existing lock by process '97408' (I am process '98120')
INFO (theano.gof.compilelock): To manually release the lock, delete /usr0/home/hongliay/.theano/compiledir_Linux-3.19--generic-x86_64-with-Ubuntu-14.04-trusty-x86_64-2.7.6-64/lock_dir
Using gpu device 3: GeForce GTX TITAN X (CNMeM is disabled, cuDNN 5103)
/usr/local/lib/python2.7/dist-packages/theano/sandbox/cuda/__init__.py:600: UserWarning: Your cuDNN version is more recent than the one Theano officially supports. If you see any problems, try updating Theano or downgrading cuDNN to version 5.
  warnings.warn(warn)
audio b
../data_info/AMT_Batch3_results_large.csv
../data_info/AMT_Batch1_results_large.csv
../data_info/AMT_Batch2_results_large.csv
../data_info/AMT_Batch4_results_large.csv
D10S1
D10S2
D11S1
D11S2
D12S1
D12S2
D16S2
D17S1
D18S1
D3S1
D3S2
D4S1
D4S2
D5S1
D5S2
D6S1
D6S2
D7S1
D7S2
D8S1
D8S2
D9S1
D9S2
Testing Dyad = 3
RMSE of Average Prediction = 1.091906
(3030, 300, 148) (382, 300, 148)
naive
Compiling function
Compilation done 1
Compilation done 2
Epoch = 1
	Train cost = 1.001860,	RMSE = 4.928182
	Test cost = 1.000080,	RMSE = 4.917241
Epoch = 2
	Train cost = 0.999467,	RMSE = 4.849828
	Test cost = 1.000069,	RMSE = 4.869422
Epoch = 3
	Train cost = 1.000844,	RMSE = 4.861705
	Test cost = 1.000057,	RMSE = 4.878913
Epoch = 4
	Train cost = 1.000069,	RMSE = 4.824244
	Test cost = 1.000048,	RMSE = 4.830923
Epoch = 5
	Train cost = 1.001761,	RMSE = 4.812560
	Test cost = 1.000038,	RMSE = 4.769758
Epoch = 6
	Train cost = 0.999413,	RMSE = 4.700814
	Test cost = 1.000028,	RMSE = 4.729434
Epoch = 7
	Train cost = 0.998998,	RMSE = 4.746338
	Test cost = 1.000017,	RMSE = 4.757246
Epoch = 8
	Train cost = 1.000235,	RMSE = 4.749069
	Test cost = 1.000003,	RMSE = 4.754416
Epoch = 9
	Train cost = 0.998957,	RMSE = 4.720029
	Test cost = 0.999995,	RMSE = 4.708580
Epoch = 10
	Train cost = 0.997294,	RMSE = 4.727607
	Test cost = 0.999983,	RMSE = 4.776817
Epoch = 11
	Train cost = 0.999396,	RMSE = 4.803456
	Test cost = 0.999969,	RMSE = 4.848792
Epoch = 12
	Train cost = 1.001065,	RMSE = 4.844104
	Test cost = 0.999953,	RMSE = 4.786397
Epoch = 13
	Train cost = 0.998265,	RMSE = 4.773844
	Test cost = 0.999930,	RMSE = 4.797562
Epoch = 14
	Train cost = 1.000344,	RMSE = 4.775857
	Test cost = 0.999906,	RMSE = 4.748619
Epoch = 15
	Train cost = 1.000532,	RMSE = 4.721754
	Test cost = 0.999879,	RMSE = 4.668983
Epoch = 16
	Train cost = 0.999307,	RMSE = 4.639436
	Test cost = 0.999834,	RMSE = 4.612761
Epoch = 17
	Train cost = 0.998996,	RMSE = 4.620826
	Test cost = 0.999759,	RMSE = 4.629475
Epoch = 18
	Train cost = 0.999266,	RMSE = 4.574008
	Test cost = 0.999618,	RMSE = 4.522390
Epoch = 19
	Train cost = 0.994995,	RMSE = 4.748041
	Test cost = 0.998671,	RMSE = 4.630219
Epoch = 20
	Train cost = 0.995456,	RMSE = 4.612023
	Test cost = 0.999042,	RMSE = 4.423693
Epoch = 21
	Train cost = 0.993662,	RMSE = 4.545564
	Test cost = 0.999052,	RMSE = 4.257134
Epoch = 22
	Train cost = 0.989682,	RMSE = 4.436268
	Test cost = 0.999040,	RMSE = 4.122386
Epoch = 23
	Train cost = 0.988078,	RMSE = 4.585398
	Test cost = 0.996853,	RMSE = 4.019633
Epoch = 24
	Train cost = 0.997256,	RMSE = 4.873377
	Test cost = 0.996718,	RMSE = 4.914489
Epoch = 25
	Train cost = 1.000572,	RMSE = 4.883981
	Test cost = 1.000000,	RMSE = 4.884532
Epoch = 26
	Train cost = 1.000674,	RMSE = 4.865107
	Test cost = 1.000000,	RMSE = 4.860796
Epoch = 27
	Train cost = 0.999648,	RMSE = 4.829543
	Test cost = 1.000000,	RMSE = 4.870319
Epoch = 28
	Train cost = 0.999145,	RMSE = 4.879599
	Test cost = 1.000000,	RMSE = 4.887097
Epoch = 29
	Train cost = 0.999801,	RMSE = 4.885751
	Test cost = 1.000000,	RMSE = 4.896841
Epoch = 30
	Train cost = 1.000682,	RMSE = 4.857889
	Test cost = 1.000000,	RMSE = 4.862791
Epoch = 31
	Train cost = 0.998583,	RMSE = 4.834079
	Test cost = 1.000000,	RMSE = 4.894077
Epoch = 32
	Train cost = 0.999136,	RMSE = 4.898865
	Test cost = 1.000000,	RMSE = 4.918971
Epoch = 33
	Train cost = 1.001298,	RMSE = 4.910858
	Test cost = 1.000000,	RMSE = 4.914713
Epoch = 34
	Train cost = 1.000786,	RMSE = 4.888300
	Test cost = 1.000000,	RMSE = 4.879204
Epoch = 35
	Train cost = 1.001634,	RMSE = 4.841998
	Test cost = 1.000000,	RMSE = 4.836842
Epoch = 36
	Train cost = 0.999877,	RMSE = 4.837051
	Test cost = 1.000000,	RMSE = 4.849396
Epoch = 37
	Train cost = 0.999804,	RMSE = 4.807177
	Test cost = 1.000000,	RMSE = 4.828974
Epoch = 38
	Train cost = 1.001957,	RMSE = 4.832810
	Test cost = 1.000000,	RMSE = 4.822825
Epoch = 39
	Train cost = 0.999092,	RMSE = 4.784486
	Test cost = 1.000000,	RMSE = 4.824265
Epoch = 40
	Train cost = 1.000709,	RMSE = 4.812333
	Test cost = 1.000000,	RMSE = 4.817531
Epoch = 41
	Train cost = 0.998925,	RMSE = 4.787917
	Test cost = 1.000000,	RMSE = 4.831362
Epoch = 42
	Train cost = 0.999552,	RMSE = 4.840585
	Test cost = 1.000000,	RMSE = 4.858205
Epoch = 43
	Train cost = 0.999150,	RMSE = 4.846578
	Test cost = 1.000000,	RMSE = 4.873049
Epoch = 44
	Train cost = 1.000313,	RMSE = 4.844224
	Test cost = 1.000000,	RMSE = 4.868900
Epoch = 45
	Train cost = 1.000854,	RMSE = 4.815640
	Test cost = 1.000000,	RMSE = 4.832225
Epoch = 46
	Train cost = 0.998734,	RMSE = 4.809614
	Test cost = 1.000000,	RMSE = 4.851600
Epoch = 47
	Train cost = 0.999909,	RMSE = 4.834379
	Test cost = 1.000000,	RMSE = 4.873174
Epoch = 48
	Train cost = 0.999717,	RMSE = 4.862235
	Test cost = 1.000000,	RMSE = 4.896503
Epoch = 49
	Train cost = 1.000451,	RMSE = 4.874819
	Test cost = 1.000000,	RMSE = 4.884746
Epoch = 50
	Train cost = 1.001028,	RMSE = 4.856136
	Test cost = 1.000000,	RMSE = 4.862770
Epoch = 51
	Train cost = 0.999127,	RMSE = 4.841573
	Test cost = 1.000000,	RMSE = 4.855045
Epoch = 52
	Train cost = 0.998164,	RMSE = 4.854014
	Test cost = 1.000000,	RMSE = 4.909145
Epoch = 53
	Train cost = 0.999889,	RMSE = 4.895731
	Test cost = 1.000000,	RMSE = 4.913887
Epoch = 54
	Train cost = 1.000673,	RMSE = 4.898483
	Test cost = 1.000000,	RMSE = 4.901529
Epoch = 55
	Train cost = 0.999934,	RMSE = 4.880315
	Test cost = 1.000000,	RMSE = 4.898703
Epoch = 56
	Train cost = 1.001306,	RMSE = 4.846288
	Test cost = 1.000000,	RMSE = 4.862552
Epoch = 57
	Train cost = 0.999754,	RMSE = 4.835655
	Test cost = 1.000000,	RMSE = 4.867501
Epoch = 58
	Train cost = 0.999876,	RMSE = 4.849287
	Test cost = 1.000000,	RMSE = 4.865384
Epoch = 59
	Train cost = 0.999689,	RMSE = 4.863656
	Test cost = 1.000000,	RMSE = 4.888921
Epoch = 60
	Train cost = 1.000799,	RMSE = 4.864905
	Test cost = 1.000000,	RMSE = 4.877825
Testing Dyad = 4
RMSE of Average Prediction = 1.768327
(3206, 300, 148) (206, 300, 148)
naive
Compiling function
Compilation done 1
Compilation done 2
Epoch = 1
	Train cost = 1.000762,	RMSE = 5.007110
	Test cost = 0.999839,	RMSE = 3.753315
Epoch = 2
	Train cost = 0.999715,	RMSE = 4.960642
	Test cost = 0.999732,	RMSE = 3.758732
Epoch = 3
	Train cost = 0.999224,	RMSE = 4.976459
	Test cost = 0.999674,	RMSE = 3.802905
Epoch = 4
	Train cost = 0.999751,	RMSE = 5.042068
	Test cost = 0.999595,	RMSE = 3.844834
Epoch = 5
	Train cost = 0.999145,	RMSE = 5.016524
	Test cost = 0.999502,	RMSE = 3.842280
Epoch = 6
	Train cost = 0.998528,	RMSE = 5.083136
	Test cost = 0.999416,	RMSE = 3.928369
Epoch = 7
	Train cost = 0.999920,	RMSE = 5.149769
	Test cost = 0.999290,	RMSE = 3.929403
Epoch = 8
	Train cost = 0.998278,	RMSE = 5.210863
	Test cost = 0.999171,	RMSE = 3.999458
Epoch = 9
	Train cost = 0.999706,	RMSE = 5.234453
	Test cost = 0.998968,	RMSE = 4.007575
Epoch = 10
	Train cost = 0.998003,	RMSE = 5.227064
	Test cost = 0.998780,	RMSE = 4.010363
Epoch = 11
	Train cost = 0.998078,	RMSE = 5.309020
	Test cost = 0.998449,	RMSE = 4.143839
Epoch = 12
	Train cost = 1.000739,	RMSE = 5.414619
	Test cost = 0.997479,	RMSE = 4.183310
Epoch = 13
	Train cost = 0.998106,	RMSE = 5.559713
	Test cost = 0.993502,	RMSE = 4.131364
Epoch = 14
	Train cost = 0.995959,	RMSE = 5.472954
	Test cost = 0.990542,	RMSE = 3.977684
Epoch = 15
	Train cost = 0.994526,	RMSE = 5.294062
	Test cost = 0.991681,	RMSE = 3.845867
Epoch = 16
	Train cost = 0.997431,	RMSE = 5.190349
	Test cost = 0.982308,	RMSE = 3.840052
Epoch = 17
	Train cost = 0.995514,	RMSE = 4.942889
	Test cost = 0.989126,	RMSE = 3.647875
Epoch = 18
	Train cost = 0.995735,	RMSE = 5.050058
	Test cost = 0.994767,	RMSE = 3.389173
Epoch = 19
	Train cost = 0.999148,	RMSE = 4.475577
	Test cost = 0.994516,	RMSE = 3.303867
Epoch = 20
	Train cost = 0.991866,	RMSE = 4.802523
	Test cost = 0.992992,	RMSE = 3.296234
Epoch = 21
	Train cost = 0.993431,	RMSE = 4.733259
	Test cost = 0.991945,	RMSE = 3.249318
Epoch = 22
	Train cost = 0.991440,	RMSE = 4.846101
	Test cost = 0.983122,	RMSE = 3.253410
Epoch = 23
	Train cost = 0.990421,	RMSE = 4.451628
	Test cost = 0.990755,	RMSE = 3.075330
Epoch = 24
	Train cost = 0.987623,	RMSE = 4.470229
	Test cost = 0.991280,	RMSE = 2.929847
Epoch = 25
	Train cost = 0.996574,	RMSE = 4.024488
	Test cost = 0.989666,	RMSE = 2.914855
Epoch = 26
	Train cost = 0.986928,	RMSE = 4.339738
	Test cost = 0.968928,	RMSE = 2.970833
Epoch = 27
	Train cost = 0.985573,	RMSE = 4.360734
	Test cost = 0.958284,	RMSE = 2.926292
Epoch = 28
	Train cost = 0.986442,	RMSE = 4.305107
	Test cost = 0.954018,	RMSE = 2.823017
Epoch = 29
	Train cost = 0.985792,	RMSE = 4.173651
	Test cost = 0.987277,	RMSE = 2.483644
Epoch = 30
	Train cost = 0.991487,	RMSE = 3.615256
	Test cost = 0.932975,	RMSE = 2.920646
Epoch = 31
	Train cost = 0.981801,	RMSE = 4.046574
	Test cost = 0.939155,	RMSE = 2.567789
Epoch = 32
	Train cost = 0.979549,	RMSE = 3.944051
	Test cost = 0.959418,	RMSE = 2.358315
Epoch = 33
	Train cost = 0.980474,	RMSE = 3.677434
	Test cost = 0.922490,	RMSE = 2.432673
Epoch = 34
	Train cost = 0.975568,	RMSE = 3.564412
	Test cost = 0.919217,	RMSE = 2.262978
Epoch = 35
	Train cost = 0.984050,	RMSE = 3.216379
	Test cost = 0.923721,	RMSE = 2.145381
Epoch = 36
	Train cost = 0.978058,	RMSE = 3.680528
	Test cost = 0.978422,	RMSE = 1.897459
Epoch = 37
	Train cost = 0.991865,	RMSE = 2.875079
	Test cost = 0.979162,	RMSE = 1.822600
Epoch = 38
	Train cost = 0.969312,	RMSE = 3.299492
	Test cost = 0.887382,	RMSE = 2.066873
Epoch = 39
	Train cost = 0.968433,	RMSE = 3.100684
	Test cost = 0.858877,	RMSE = 1.979821
Epoch = 40
	Train cost = 0.960855,	RMSE = 3.091137
	Test cost = 0.890718,	RMSE = 1.688517
Epoch = 41
	Train cost = 0.959039,	RMSE = 3.007531
	Test cost = 0.926149,	RMSE = 1.567600
Epoch = 42
	Train cost = 0.956930,	RMSE = 2.896726
	Test cost = 0.852799,	RMSE = 1.526978
Epoch = 43
	Train cost = 0.965381,	RMSE = 2.509883
	Test cost = 0.778526,	RMSE = 1.681948
Epoch = 44
	Train cost = 0.961363,	RMSE = 2.479442
	Test cost = 0.949045,	RMSE = 1.403055
Epoch = 45
	Train cost = 0.957755,	RMSE = 2.610042
	Test cost = 0.985355,	RMSE = 1.361812
Epoch = 46
	Train cost = 0.963873,	RMSE = 2.968065
	Test cost = 0.760090,	RMSE = 1.692672
Epoch = 47
	Train cost = 0.945984,	RMSE = 2.536600
	Test cost = 0.803400,	RMSE = 1.812856
Epoch = 48
	Train cost = 0.966878,	RMSE = 2.393276
	Test cost = 0.722088,	RMSE = 1.519770
Epoch = 49
	Train cost = 0.997740,	RMSE = 3.451454
	Test cost = 1.000588,	RMSE = 2.475579
Epoch = 50
	Train cost = 0.998217,	RMSE = 3.567416
	Test cost = 1.000130,	RMSE = 2.455097
Epoch = 51
	Train cost = 0.979995,	RMSE = 3.418534
	Test cost = 0.782139,	RMSE = 1.266493
Epoch = 52
	Train cost = 0.941245,	RMSE = 2.355802
	Test cost = 0.694466,	RMSE = 1.266582
Epoch = 53
	Train cost = 0.948376,	RMSE = 2.568947
	Test cost = 0.678554,	RMSE = 1.235451
Epoch = 54
	Train cost = 0.954951,	RMSE = 2.705206
	Test cost = 0.631024,	RMSE = 1.290451
Epoch = 55
	Train cost = 0.931820,	RMSE = 2.591436
	Test cost = 0.628704,	RMSE = 1.225821
Epoch = 56
	Train cost = 0.925910,	RMSE = 2.499438
	Test cost = 0.681901,	RMSE = 1.193760
Epoch = 57
	Train cost = 0.957134,	RMSE = 2.670072
	Test cost = 0.608835,	RMSE = 1.279441
Epoch = 58
	Train cost = 0.919706,	RMSE = 2.373348
	Test cost = 0.617834,	RMSE = 1.285477
Epoch = 59
	Train cost = 0.944888,	RMSE = 2.219949
	Test cost = 0.600643,	RMSE = 1.183515
Epoch = 60
