nohup: ignoring input
Couldn't import dot_parser, loading of dot files will not be possible.
WARNING (theano.sandbox.cuda): The cuda backend is deprecated and will be removed in the next release.  Please switch to the gpuarray backend. You can get more information about how to switch at this URL:
 https://github.com/Theano/Theano/wiki/Converting-to-the-new-gpu-back-end%28gpuarray%29

Using gpu device 2: GeForce GTX TITAN X (CNMeM is disabled, cuDNN 5103)
audio b
/usr0/home/hongliay/code/Rapport/data_info/AMT_Batch1_results_large.csv
/usr0/home/hongliay/code/Rapport/data_info/AMT_Batch2_results_large.csv
/usr0/home/hongliay/code/Rapport/data_info/AMT_Batch3_results_large.csv
/usr0/home/hongliay/code/Rapport/data_info/AMT_Batch4_results_large.csv
D10S1
D10S2
D11S1
D11S2
D12S1
D12S2
D16S2
D17S1
D18S1
D3S1
D3S2
D4S1
D4S2
D5S1
D5S2
D6S1
D6S2
D7S1
D7S2
D8S1
D8S2
D9S1
D9S2
[3, 4, 7, 8, 9, 10, 11, 12, 16, 17, 18]
Validation Dyad = 17 	Testing Dyad = 3
RMSE of Average Prediction = 1.113759
(2834, 300, 148) (196, 300, 148) (382, 300, 148)
model = gru lambda = 0.0 last = True share = False #class = 1 drop = 0.0 update = adam2
Compiling function
Compilation done 1
Compilation done 2
Compilation done 3
Epoch = 1
	Train cost = 1.001347,	Krip Loss = 1.001347,	RMSE = 4.476184
	Test cost = 1.003157,	Krip Loss = 1.003157,	RMSE = 3.916285
	Test cost = 1.000728,	Krip Loss = 1.000728,	RMSE = 5.402671
Epoch = 2
	Train cost = 0.990000,	Krip Loss = 0.990000,	RMSE = 4.152758
	Test cost = 1.014701,	Krip Loss = 1.014701,	RMSE = 2.575825
	Test cost = 1.000891,	Krip Loss = 1.000891,	RMSE = 3.953545
Epoch = 3
	Train cost = 0.958725,	Krip Loss = 0.958725,	RMSE = 2.779923
	Test cost = 1.046973,	Krip Loss = 1.046973,	RMSE = 1.397109
	Test cost = 1.004461,	Krip Loss = 1.004461,	RMSE = 2.371045
Epoch = 4
	Train cost = 0.906139,	Krip Loss = 0.906139,	RMSE = 1.700932
	Test cost = 1.050369,	Krip Loss = 1.050369,	RMSE = 1.287316
	Test cost = 0.977752,	Krip Loss = 0.977752,	RMSE = 1.125310
Epoch = 5
	Train cost = 0.876556,	Krip Loss = 0.876556,	RMSE = 1.639991
	Test cost = 1.056191,	Krip Loss = 1.056191,	RMSE = 1.300612
	Test cost = 0.967077,	Krip Loss = 0.967077,	RMSE = 1.110908
Epoch = 6
	Train cost = 0.832813,	Krip Loss = 0.832813,	RMSE = 1.437330
	Test cost = 1.023692,	Krip Loss = 1.023692,	RMSE = 1.258217
	Test cost = 0.943271,	Krip Loss = 0.943271,	RMSE = 1.128422
Epoch = 7
	Train cost = 0.799989,	Krip Loss = 0.799989,	RMSE = 1.318695
	Test cost = 1.019844,	Krip Loss = 1.019844,	RMSE = 1.239376
	Test cost = 0.924157,	Krip Loss = 0.924157,	RMSE = 1.158865
Epoch = 8
	Train cost = 0.774426,	Krip Loss = 0.774426,	RMSE = 1.265329
	Test cost = 1.012702,	Krip Loss = 1.012702,	RMSE = 1.244908
	Test cost = 0.919421,	Krip Loss = 0.919421,	RMSE = 1.162670
Epoch = 9
	Train cost = 0.744001,	Krip Loss = 0.744001,	RMSE = 1.183051
	Test cost = 1.007136,	Krip Loss = 1.007136,	RMSE = 1.232821
	Test cost = 0.903040,	Krip Loss = 0.903040,	RMSE = 1.191477
Epoch = 10
	Train cost = 0.716909,	Krip Loss = 0.716909,	RMSE = 1.127600
	Test cost = 0.990620,	Krip Loss = 0.990620,	RMSE = 1.202384
	Test cost = 0.902112,	Krip Loss = 0.902112,	RMSE = 1.224348
Epoch = 11
	Train cost = 0.694883,	Krip Loss = 0.694883,	RMSE = 1.104639
	Test cost = 0.986443,	Krip Loss = 0.986443,	RMSE = 1.218003
	Test cost = 0.899637,	Krip Loss = 0.899637,	RMSE = 1.228622
Epoch = 12
	Train cost = 0.669664,	Krip Loss = 0.669664,	RMSE = 1.069160
	Test cost = 0.976633,	Krip Loss = 0.976633,	RMSE = 1.208480
	Test cost = 0.899807,	Krip Loss = 0.899807,	RMSE = 1.283648
Epoch = 13
	Train cost = 0.650639,	Krip Loss = 0.650639,	RMSE = 1.056391
	Test cost = 0.969074,	Krip Loss = 0.969074,	RMSE = 1.205294
	Test cost = 0.896355,	Krip Loss = 0.896355,	RMSE = 1.256404
Epoch = 14
	Train cost = 0.630530,	Krip Loss = 0.630530,	RMSE = 1.032238
	Test cost = 0.958970,	Krip Loss = 0.958970,	RMSE = 1.197332
	Test cost = 0.899706,	Krip Loss = 0.899706,	RMSE = 1.301652
Epoch = 15
	Train cost = 0.613771,	Krip Loss = 0.613771,	RMSE = 1.021668
	Test cost = 0.948521,	Krip Loss = 0.948521,	RMSE = 1.191421
	Test cost = 0.899521,	Krip Loss = 0.899521,	RMSE = 1.295463
Epoch = 16
	Train cost = 0.598973,	Krip Loss = 0.598973,	RMSE = 1.011526
	Test cost = 0.945905,	Krip Loss = 0.945905,	RMSE = 1.196026
	Test cost = 0.902315,	Krip Loss = 0.902315,	RMSE = 1.313529
Epoch = 17
	Train cost = 0.582615,	Krip Loss = 0.582615,	RMSE = 0.997024
	Test cost = 0.937200,	Krip Loss = 0.937200,	RMSE = 1.181458
	Test cost = 0.904286,	Krip Loss = 0.904286,	RMSE = 1.328715
Epoch = 18
	Train cost = 0.569728,	Krip Loss = 0.569728,	RMSE = 0.990031
	Test cost = 0.937020,	Krip Loss = 0.937020,	RMSE = 1.186033
	Test cost = 0.904051,	Krip Loss = 0.904051,	RMSE = 1.320976
Epoch = 19
	Train cost = 0.554165,	Krip Loss = 0.554165,	RMSE = 0.972860
	Test cost = 0.927829,	Krip Loss = 0.927829,	RMSE = 1.177143
	Test cost = 0.907809,	Krip Loss = 0.907809,	RMSE = 1.348955
Epoch = 20
	Train cost = 0.543606,	Krip Loss = 0.543606,	RMSE = 0.969695
	Test cost = 0.926405,	Krip Loss = 0.926405,	RMSE = 1.181488
	Test cost = 0.905436,	Krip Loss = 0.905436,	RMSE = 1.329224
Epoch = 21
	Train cost = 0.528418,	Krip Loss = 0.528418,	RMSE = 0.951298
	Test cost = 0.916386,	Krip Loss = 0.916386,	RMSE = 1.173028
	Test cost = 0.910281,	Krip Loss = 0.910281,	RMSE = 1.366968
Epoch = 22
	Train cost = 0.519142,	Krip Loss = 0.519142,	RMSE = 0.948976
	Test cost = 0.912999,	Krip Loss = 0.912999,	RMSE = 1.174677
	Test cost = 0.907863,	Krip Loss = 0.907863,	RMSE = 1.345495
Epoch = 23
	Train cost = 0.505744,	Krip Loss = 0.505744,	RMSE = 0.933019
	Test cost = 0.904735,	Krip Loss = 0.904735,	RMSE = 1.170133
	Test cost = 0.914132,	Krip Loss = 0.914132,	RMSE = 1.390722
Epoch = 24
	Train cost = 0.497765,	Krip Loss = 0.497765,	RMSE = 0.931339
	Test cost = 0.900608,	Krip Loss = 0.900608,	RMSE = 1.169400
	Test cost = 0.912895,	Krip Loss = 0.912895,	RMSE = 1.371028
Epoch = 25
	Train cost = 0.486415,	Krip Loss = 0.486415,	RMSE = 0.918422
	Test cost = 0.894597,	Krip Loss = 0.894597,	RMSE = 1.164827
	Test cost = 0.919000,	Krip Loss = 0.919000,	RMSE = 1.417680
Epoch = 26
	Train cost = 0.479863,	Krip Loss = 0.479863,	RMSE = 0.918173
	Test cost = 0.891959,	Krip Loss = 0.891959,	RMSE = 1.162863
	Test cost = 0.919465,	Krip Loss = 0.919465,	RMSE = 1.400967
Epoch = 27
	Train cost = 0.470999,	Krip Loss = 0.470999,	RMSE = 0.909124
	Test cost = 0.886967,	Krip Loss = 0.886967,	RMSE = 1.159905
	Test cost = 0.925408,	Krip Loss = 0.925408,	RMSE = 1.450909
Epoch = 28
	Train cost = 0.466992,	Krip Loss = 0.466992,	RMSE = 0.912493
	Test cost = 0.883110,	Krip Loss = 0.883110,	RMSE = 1.158629
	Test cost = 0.926105,	Krip Loss = 0.926105,	RMSE = 1.423593
Epoch = 29
	Train cost = 0.460049,	Krip Loss = 0.460049,	RMSE = 0.906538
	Test cost = 0.878529,	Krip Loss = 0.878529,	RMSE = 1.158354
	Test cost = 0.930084,	Krip Loss = 0.930084,	RMSE = 1.463344
Epoch = 30
	Train cost = 0.456092,	Krip Loss = 0.456092,	RMSE = 0.909946
	Test cost = 0.876486,	Krip Loss = 0.876486,	RMSE = 1.160879
	Test cost = 0.929093,	Krip Loss = 0.929093,	RMSE = 1.422074
Epoch = 31
	Train cost = 0.447373,	Krip Loss = 0.447373,	RMSE = 0.899977
	Test cost = 0.872884,	Krip Loss = 0.872884,	RMSE = 1.161325
	Test cost = 0.929254,	Krip Loss = 0.929254,	RMSE = 1.444046
Epoch = 32
	Train cost = 0.440543,	Krip Loss = 0.440543,	RMSE = 0.897262
	Test cost = 0.871457,	Krip Loss = 0.871457,	RMSE = 1.164641
	Test cost = 0.927188,	Krip Loss = 0.927188,	RMSE = 1.412371
Epoch = 33
	Train cost = 0.430492,	Krip Loss = 0.430492,	RMSE = 0.884317
	Test cost = 0.868587,	Krip Loss = 0.868587,	RMSE = 1.163503
	Test cost = 0.925784,	Krip Loss = 0.925784,	RMSE = 1.424935
Epoch = 34
	Train cost = 0.422877,	Krip Loss = 0.422877,	RMSE = 0.879694
	Test cost = 0.866989,	Krip Loss = 0.866989,	RMSE = 1.165194
	Test cost = 0.924298,	Krip Loss = 0.924298,	RMSE = 1.405484
Epoch = 35
	Train cost = 0.413773,	Krip Loss = 0.413773,	RMSE = 0.867627
	Test cost = 0.864496,	Krip Loss = 0.864496,	RMSE = 1.162950
	Test cost = 0.923925,	Krip Loss = 0.923925,	RMSE = 1.416849
Epoch = 36
	Train cost = 0.407053,	Krip Loss = 0.407053,	RMSE = 0.864254
	Test cost = 0.862937,	Krip Loss = 0.862937,	RMSE = 1.163774
	Test cost = 0.923667,	Krip Loss = 0.923667,	RMSE = 1.403672
Epoch = 37
	Train cost = 0.399234,	Krip Loss = 0.399234,	RMSE = 0.853856
	Test cost = 0.860908,	Krip Loss = 0.860908,	RMSE = 1.161272
	Test cost = 0.923958,	Krip Loss = 0.923958,	RMSE = 1.412307
Epoch = 38
	Train cost = 0.393208,	Krip Loss = 0.393208,	RMSE = 0.851343
	Test cost = 0.859447,	Krip Loss = 0.859447,	RMSE = 1.161786
	Test cost = 0.924437,	Krip Loss = 0.924437,	RMSE = 1.402492
Epoch = 39
	Train cost = 0.386348,	Krip Loss = 0.386348,	RMSE = 0.842067
	Test cost = 0.857512,	Krip Loss = 0.857512,	RMSE = 1.159317
	Test cost = 0.924872,	Krip Loss = 0.924872,	RMSE = 1.407970
Epoch = 40
	Train cost = 0.380683,	Krip Loss = 0.380683,	RMSE = 0.839772
	Test cost = 0.855981,	Krip Loss = 0.855981,	RMSE = 1.159915
	Test cost = 0.925645,	Krip Loss = 0.925645,	RMSE = 1.400803
Validation Dyad = 8 	Testing Dyad = 4
RMSE of Average Prediction = 1.551682
(2870, 300, 148) (336, 300, 148) (206, 300, 148)
model = gru lambda = 0.0 last = True share = False #class = 1 drop = 0.0 update = adam2
Compiling function
Compilation done 1
Compilation done 2
Compilation done 3
Epoch = 1
	Train cost = 1.001159,	Krip Loss = 1.001159,	RMSE = 4.835204
	Test cost = 0.999576,	Krip Loss = 0.999576,	RMSE = 4.726629
	Test cost = 0.997193,	Krip Loss = 0.997193,	RMSE = 4.532116
Epoch = 2
	Train cost = 0.996153,	Krip Loss = 0.996153,	RMSE = 5.208920
	Test cost = 0.999400,	Krip Loss = 0.999400,	RMSE = 4.237906
	Test cost = 0.994569,	Krip Loss = 0.994569,	RMSE = 4.057153
Epoch = 3
	Train cost = 0.979062,	Krip Loss = 0.979062,	RMSE = 3.959440
	Test cost = 0.994303,	Krip Loss = 0.994303,	RMSE = 2.844342
	Test cost = 0.978913,	Krip Loss = 0.978913,	RMSE = 2.730533
Epoch = 4
	Train cost = 0.949041,	Krip Loss = 0.949041,	RMSE = 2.686758
	Test cost = 0.936104,	Krip Loss = 0.936104,	RMSE = 1.281950
	Test cost = 0.918304,	Krip Loss = 0.918304,	RMSE = 1.338950
Epoch = 5
	Train cost = 0.886000,	Krip Loss = 0.886000,	RMSE = 1.611974
	Test cost = 0.934701,	Krip Loss = 0.934701,	RMSE = 0.940449
	Test cost = 0.923342,	Krip Loss = 0.923342,	RMSE = 1.390500
Epoch = 6
	Train cost = 0.822167,	Krip Loss = 0.822167,	RMSE = 1.251548
	Test cost = 0.974082,	Krip Loss = 0.974082,	RMSE = 1.387294
	Test cost = 0.969906,	Krip Loss = 0.969906,	RMSE = 2.188676
Epoch = 7
	Train cost = 0.822694,	Krip Loss = 0.822694,	RMSE = 1.472936
	Test cost = 0.891001,	Krip Loss = 0.891001,	RMSE = 0.983596
	Test cost = 0.943723,	Krip Loss = 0.943723,	RMSE = 1.519559
Epoch = 8
	Train cost = 0.767373,	Krip Loss = 0.767373,	RMSE = 1.138800
	Test cost = 0.982645,	Krip Loss = 0.982645,	RMSE = 1.162371
	Test cost = 0.957444,	Krip Loss = 0.957444,	RMSE = 1.899253
Epoch = 9
	Train cost = 0.751587,	Krip Loss = 0.751587,	RMSE = 1.200441
	Test cost = 0.990330,	Krip Loss = 0.990330,	RMSE = 1.382400
	Test cost = 0.965668,	Krip Loss = 0.965668,	RMSE = 2.211792
Epoch = 10
	Train cost = 0.744633,	Krip Loss = 0.744633,	RMSE = 1.211398
	Test cost = 0.999010,	Krip Loss = 0.999010,	RMSE = 1.191201
	Test cost = 0.943751,	Krip Loss = 0.943751,	RMSE = 1.851934
Epoch = 11
	Train cost = 0.711253,	Krip Loss = 0.711253,	RMSE = 1.117265
	Test cost = 1.001393,	Krip Loss = 1.001393,	RMSE = 1.342267
	Test cost = 0.958184,	Krip Loss = 0.958184,	RMSE = 2.065335
Epoch = 12
	Train cost = 0.694557,	Krip Loss = 0.694557,	RMSE = 1.090668
	Test cost = 1.009983,	Krip Loss = 1.009983,	RMSE = 1.295855
	Test cost = 0.944275,	Krip Loss = 0.944275,	RMSE = 1.925170
Best Epoch = 7, Best Cost in Test = 0.943723
Validation Dyad = 3 	Testing Dyad = 7
RMSE of Average Prediction = 1.099699
(2634, 300, 148) (382, 300, 148) (396, 300, 148)
model = gru lambda = 0.0 last = True share = False #class = 1 drop = 0.0 update = adam2
Compiling function
Compilation done 1
Compilation done 2
Compilation done 3
Epoch = 1
	Train cost = 1.000015,	Krip Loss = 1.000015,	RMSE = 3.661097
	Test cost = 1.003212,	Krip Loss = 1.003212,	RMSE = 4.034071
	Test cost = 1.002033,	Krip Loss = 1.002033,	RMSE = 4.446720
Epoch = 2
	Train cost = 0.975481,	Krip Loss = 0.975481,	RMSE = 2.642247
	Test cost = 1.017619,	Krip Loss = 1.017619,	RMSE = 1.756853
	Test cost = 1.005807,	Krip Loss = 1.005807,	RMSE = 2.315974
Epoch = 3
	Train cost = 0.912733,	Krip Loss = 0.912733,	RMSE = 1.776675
	Test cost = 1.023047,	Krip Loss = 1.023047,	RMSE = 1.194579
	Test cost = 1.000254,	Krip Loss = 1.000254,	RMSE = 1.757961
Epoch = 4
	Train cost = 0.890177,	Krip Loss = 0.890177,	RMSE = 1.990297
	Test cost = 1.007619,	Krip Loss = 1.007619,	RMSE = 2.450960
	Test cost = 1.005199,	Krip Loss = 1.005199,	RMSE = 2.398700
Epoch = 5
	Train cost = 0.815187,	Krip Loss = 0.815187,	RMSE = 1.385054
	Test cost = 0.975522,	Krip Loss = 0.975522,	RMSE = 1.292126
	Test cost = 1.002257,	Krip Loss = 1.002257,	RMSE = 2.119439
Epoch = 6
	Train cost = 0.843658,	Krip Loss = 0.843658,	RMSE = 1.986924
	Test cost = 0.988545,	Krip Loss = 0.988545,	RMSE = 1.509620
	Test cost = 1.002310,	Krip Loss = 1.002310,	RMSE = 2.135899
Epoch = 7
	Train cost = 0.784474,	Krip Loss = 0.784474,	RMSE = 1.650856
	Test cost = 0.974882,	Krip Loss = 0.974882,	RMSE = 1.853676
	Test cost = 1.002771,	Krip Loss = 1.002771,	RMSE = 2.414869
Epoch = 8
	Train cost = 0.762686,	Krip Loss = 0.762686,	RMSE = 1.448837
	Test cost = 0.947128,	Krip Loss = 0.947128,	RMSE = 1.133922
	Test cost = 0.996989,	Krip Loss = 0.996989,	RMSE = 1.760820
Epoch = 9
	Train cost = 0.794906,	Krip Loss = 0.794906,	RMSE = 1.825355
	Test cost = 0.971609,	Krip Loss = 0.971609,	RMSE = 1.888987
	Test cost = 1.001491,	Krip Loss = 1.001491,	RMSE = 2.294704
Epoch = 10
	Train cost = 0.725152,	Krip Loss = 0.725152,	RMSE = 1.378598
	Test cost = 0.927134,	Krip Loss = 0.927134,	RMSE = 1.198076
	Test cost = 0.998646,	Krip Loss = 0.998646,	RMSE = 1.998262
Epoch = 11
	Train cost = 0.738009,	Krip Loss = 0.738009,	RMSE = 1.637028
	Test cost = 0.934088,	Krip Loss = 0.934088,	RMSE = 1.411505
	Test cost = 1.002720,	Krip Loss = 1.002720,	RMSE = 2.094692
Epoch = 12
	Train cost = 0.705954,	Krip Loss = 0.705954,	RMSE = 1.454512
	Test cost = 0.915461,	Krip Loss = 0.915461,	RMSE = 1.193266
	Test cost = 0.994316,	Krip Loss = 0.994316,	RMSE = 1.755573
Epoch = 13
	Train cost = 0.699086,	Krip Loss = 0.699086,	RMSE = 1.467185
	Test cost = 0.919569,	Krip Loss = 0.919569,	RMSE = 1.370901
	Test cost = 1.000847,	Krip Loss = 1.000847,	RMSE = 1.901271
Epoch = 14
	Train cost = 0.670942,	Krip Loss = 0.670942,	RMSE = 1.321436
	Test cost = 0.896603,	Krip Loss = 0.896603,	RMSE = 1.158788
	Test cost = 0.992708,	Krip Loss = 0.992708,	RMSE = 1.703571
Epoch = 15
	Train cost = 0.671068,	Krip Loss = 0.671068,	RMSE = 1.417009
	Test cost = 0.901685,	Krip Loss = 0.901685,	RMSE = 1.324419
	Test cost = 0.996886,	Krip Loss = 0.996886,	RMSE = 1.801254
Epoch = 16
	Train cost = 0.642811,	Krip Loss = 0.642811,	RMSE = 1.243672
	Test cost = 0.884945,	Krip Loss = 0.884945,	RMSE = 1.149841
	Test cost = 0.986193,	Krip Loss = 0.986193,	RMSE = 1.588657
Epoch = 17
	Train cost = 0.643105,	Krip Loss = 0.643105,	RMSE = 1.340213
	Test cost = 0.886378,	Krip Loss = 0.886378,	RMSE = 1.289682
	Test cost = 0.992062,	Krip Loss = 0.992062,	RMSE = 1.710807
Epoch = 18
	Train cost = 0.613273,	Krip Loss = 0.613273,	RMSE = 1.164250
	Test cost = 0.879550,	Krip Loss = 0.879550,	RMSE = 1.166727
	Test cost = 0.976409,	Krip Loss = 0.976409,	RMSE = 1.480836
Epoch = 19
	Train cost = 0.617232,	Krip Loss = 0.617232,	RMSE = 1.274290
	Test cost = 0.873140,	Krip Loss = 0.873140,	RMSE = 1.264172
	Test cost = 0.986523,	Krip Loss = 0.986523,	RMSE = 1.631860
Epoch = 20
	Train cost = 0.584067,	Krip Loss = 0.584067,	RMSE = 1.095413
	Test cost = 0.877755,	Krip Loss = 0.877755,	RMSE = 1.201434
	Test cost = 0.965512,	Krip Loss = 0.965512,	RMSE = 1.396491
Epoch = 21
	Train cost = 0.591279,	Krip Loss = 0.591279,	RMSE = 1.207742
	Test cost = 0.860005,	Krip Loss = 0.860005,	RMSE = 1.240856
	Test cost = 0.978950,	Krip Loss = 0.978950,	RMSE = 1.553317
Epoch = 22
	Train cost = 0.555451,	Krip Loss = 0.555451,	RMSE = 1.036684
	Test cost = 0.877132,	Krip Loss = 0.877132,	RMSE = 1.238705
	Test cost = 0.954353,	Krip Loss = 0.954353,	RMSE = 1.335592
Epoch = 23
	Train cost = 0.566164,	Krip Loss = 0.566164,	RMSE = 1.148426
	Test cost = 0.845885,	Krip Loss = 0.845885,	RMSE = 1.211080
	Test cost = 0.968286,	Krip Loss = 0.968286,	RMSE = 1.466379
Epoch = 24
	Train cost = 0.529286,	Krip Loss = 0.529286,	RMSE = 0.995550
	Test cost = 0.869069,	Krip Loss = 0.869069,	RMSE = 1.246340
	Test cost = 0.945636,	Krip Loss = 0.945636,	RMSE = 1.301245
Epoch = 25
	Train cost = 0.537858,	Krip Loss = 0.537858,	RMSE = 1.078600
	Test cost = 0.835563,	Krip Loss = 0.835563,	RMSE = 1.184217
	Test cost = 0.953938,	Krip Loss = 0.953938,	RMSE = 1.374307
Epoch = 26
	Train cost = 0.503757,	Krip Loss = 0.503757,	RMSE = 0.957480
	Test cost = 0.853572,	Krip Loss = 0.853572,	RMSE = 1.221831
	Test cost = 0.937934,	Krip Loss = 0.937934,	RMSE = 1.284872
Epoch = 27
	Train cost = 0.505035,	Krip Loss = 0.505035,	RMSE = 0.992394
	Test cost = 0.830875,	Krip Loss = 0.830875,	RMSE = 1.169806
	Test cost = 0.937055,	Krip Loss = 0.937055,	RMSE = 1.293618
Epoch = 28
	Train cost = 0.480920,	Krip Loss = 0.480920,	RMSE = 0.927043
	Test cost = 0.834237,	Krip Loss = 0.834237,	RMSE = 1.188030
	Test cost = 0.932303,	Krip Loss = 0.932303,	RMSE = 1.278908
Epoch = 29
	Train cost = 0.471299,	Krip Loss = 0.471299,	RMSE = 0.912435
	Test cost = 0.838438,	Krip Loss = 0.838438,	RMSE = 1.213901
	Test cost = 0.927100,	Krip Loss = 0.927100,	RMSE = 1.262269
Epoch = 30
	Train cost = 0.463966,	Krip Loss = 0.463966,	RMSE = 0.910931
	Test cost = 0.830632,	Krip Loss = 0.830632,	RMSE = 1.189443
	Test cost = 0.925013,	Krip Loss = 0.925013,	RMSE = 1.263052
Epoch = 31
	Train cost = 0.450087,	Krip Loss = 0.450087,	RMSE = 0.885205
	Test cost = 0.838531,	Krip Loss = 0.838531,	RMSE = 1.228324
	Test cost = 0.923481,	Krip Loss = 0.923481,	RMSE = 1.260638
Epoch = 32
	Train cost = 0.444912,	Krip Loss = 0.444912,	RMSE = 0.886642
	Test cost = 0.842053,	Krip Loss = 0.842053,	RMSE = 1.235140
	Test cost = 0.921983,	Krip Loss = 0.921983,	RMSE = 1.262372
Epoch = 33
	Train cost = 0.437537,	Krip Loss = 0.437537,	RMSE = 0.879624
	Test cost = 0.838141,	Krip Loss = 0.838141,	RMSE = 1.225400
	Test cost = 0.920886,	Krip Loss = 0.920886,	RMSE = 1.265557
Epoch = 34
	Train cost = 0.425833,	Krip Loss = 0.425833,	RMSE = 0.863161
	Test cost = 0.837391,	Krip Loss = 0.837391,	RMSE = 1.225979
	Test cost = 0.920242,	Krip Loss = 0.920242,	RMSE = 1.270132
Epoch = 35
	Train cost = 0.413898,	Krip Loss = 0.413898,	RMSE = 0.845567
	Test cost = 0.834451,	Krip Loss = 0.834451,	RMSE = 1.222499
	Test cost = 0.920276,	Krip Loss = 0.920276,	RMSE = 1.277010
Best Epoch = 30, Best Cost in Test = 0.925013
Validation Dyad = 16 	Testing Dyad = 8
RMSE of Average Prediction = 1.211513
(2872, 300, 148) (204, 300, 148) (336, 300, 148)
model = gru lambda = 0.0 last = True share = False #class = 1 drop = 0.0 update = adam2
Compiling function
Compilation done 1
Compilation done 2
Compilation done 3
Epoch = 1
	Train cost = 1.001472,	Krip Loss = 1.001472,	RMSE = 4.671224
	Test cost = 1.007260,	Krip Loss = 1.007260,	RMSE = 4.074488
	Test cost = 0.999974,	Krip Loss = 0.999974,	RMSE = 4.353261
Epoch = 2
	Train cost = 0.995527,	Krip Loss = 0.995527,	RMSE = 4.952776
	Test cost = 1.008446,	Krip Loss = 1.008446,	RMSE = 3.610464
	Test cost = 0.999921,	Krip Loss = 0.999921,	RMSE = 4.217833
Epoch = 3
	Train cost = 0.982214,	Krip Loss = 0.982214,	RMSE = 3.841750
	Test cost = 1.010659,	Krip Loss = 1.010659,	RMSE = 1.762134
	Test cost = 0.995986,	Krip Loss = 0.995986,	RMSE = 2.717405
Epoch = 4
	Train cost = 0.944207,	Krip Loss = 0.944207,	RMSE = 2.324904
	Test cost = 1.024764,	Krip Loss = 1.024764,	RMSE = 1.427463
	Test cost = 0.932239,	Krip Loss = 0.932239,	RMSE = 0.984860
Epoch = 5
	Train cost = 0.873394,	Krip Loss = 0.873394,	RMSE = 1.549188
	Test cost = 1.007555,	Krip Loss = 1.007555,	RMSE = 1.417087
	Test cost = 0.971720,	Krip Loss = 0.971720,	RMSE = 1.654884
Epoch = 6
	Train cost = 0.833196,	Krip Loss = 0.833196,	RMSE = 1.337996
	Test cost = 0.988632,	Krip Loss = 0.988632,	RMSE = 1.212850
	Test cost = 0.953662,	Krip Loss = 0.953662,	RMSE = 0.997128
Epoch = 7
	Train cost = 0.809076,	Krip Loss = 0.809076,	RMSE = 1.464197
	Test cost = 0.994501,	Krip Loss = 0.994501,	RMSE = 1.465442
	Test cost = 0.983762,	Krip Loss = 0.983762,	RMSE = 1.043345
Epoch = 8
	Train cost = 0.756521,	Krip Loss = 0.756521,	RMSE = 1.230316
	Test cost = 0.988318,	Krip Loss = 0.988318,	RMSE = 1.343166
	Test cost = 1.004403,	Krip Loss = 1.004403,	RMSE = 1.189341
Epoch = 9
	Train cost = 0.728256,	Krip Loss = 0.728256,	RMSE = 1.161120
	Test cost = 0.986104,	Krip Loss = 0.986104,	RMSE = 1.289227
	Test cost = 1.033886,	Krip Loss = 1.033886,	RMSE = 1.144908
Epoch = 10
	Train cost = 0.707519,	Krip Loss = 0.707519,	RMSE = 1.119281
	Test cost = 0.985324,	Krip Loss = 0.985324,	RMSE = 1.338867
	Test cost = 1.037794,	Krip Loss = 1.037794,	RMSE = 1.111220
Epoch = 11
	Train cost = 0.692988,	Krip Loss = 0.692988,	RMSE = 1.108370
	Test cost = 0.983653,	Krip Loss = 0.983653,	RMSE = 1.374863
	Test cost = 1.026633,	Krip Loss = 1.026633,	RMSE = 1.217217
Epoch = 12
	Train cost = 0.690491,	Krip Loss = 0.690491,	RMSE = 1.164641
	Test cost = 0.984818,	Krip Loss = 0.984818,	RMSE = 1.431537
	Test cost = 1.038085,	Krip Loss = 1.038085,	RMSE = 1.197541
Epoch = 13
	Train cost = 0.661764,	Krip Loss = 0.661764,	RMSE = 1.081855
	Test cost = 0.982776,	Krip Loss = 0.982776,	RMSE = 1.413349
	Test cost = 1.042773,	Krip Loss = 1.042773,	RMSE = 1.185812
Epoch = 14
	Train cost = 0.638984,	Krip Loss = 0.638984,	RMSE = 1.041798
	Test cost = 0.979809,	Krip Loss = 0.979809,	RMSE = 1.384617
	Test cost = 1.055137,	Krip Loss = 1.055137,	RMSE = 1.201161
Epoch = 15
	Train cost = 0.622773,	Krip Loss = 0.622773,	RMSE = 1.023910
	Test cost = 0.977784,	Krip Loss = 0.977784,	RMSE = 1.396150
	Test cost = 1.052744,	Krip Loss = 1.052744,	RMSE = 1.209113
Epoch = 16
	Train cost = 0.607599,	Krip Loss = 0.607599,	RMSE = 1.011789
	Test cost = 0.975935,	Krip Loss = 0.975935,	RMSE = 1.411184
	Test cost = 1.054545,	Krip Loss = 1.054545,	RMSE = 1.230065
Epoch = 17
	Train cost = 0.592553,	Krip Loss = 0.592553,	RMSE = 1.001263
	Test cost = 0.974397,	Krip Loss = 0.974397,	RMSE = 1.417806
	Test cost = 1.054535,	Krip Loss = 1.054535,	RMSE = 1.236941
Epoch = 18
	Train cost = 0.576407,	Krip Loss = 0.576407,	RMSE = 0.986206
	Test cost = 0.971076,	Krip Loss = 0.971076,	RMSE = 1.407604
	Test cost = 1.056193,	Krip Loss = 1.056193,	RMSE = 1.254590
Epoch = 19
	Train cost = 0.562747,	Krip Loss = 0.562747,	RMSE = 0.978704
	Test cost = 0.969648,	Krip Loss = 0.969648,	RMSE = 1.406028
	Test cost = 1.058224,	Krip Loss = 1.058224,	RMSE = 1.278691
Epoch = 20
	Train cost = 0.549751,	Krip Loss = 0.549751,	RMSE = 0.968865
	Test cost = 0.964928,	Krip Loss = 0.964928,	RMSE = 1.392668
	Test cost = 1.058846,	Krip Loss = 1.058846,	RMSE = 1.298949
Epoch = 21
	Train cost = 0.537845,	Krip Loss = 0.537845,	RMSE = 0.964600
	Test cost = 0.961842,	Krip Loss = 0.961842,	RMSE = 1.385205
	Test cost = 1.054803,	Krip Loss = 1.054803,	RMSE = 1.318129
Epoch = 22
	Train cost = 0.524727,	Krip Loss = 0.524727,	RMSE = 0.952360
	Test cost = 0.957022,	Krip Loss = 0.957022,	RMSE = 1.375499
	Test cost = 1.048046,	Krip Loss = 1.048046,	RMSE = 1.324662
Epoch = 23
	Train cost = 0.512971,	Krip Loss = 0.512971,	RMSE = 0.946832
	Test cost = 0.956607,	Krip Loss = 0.956607,	RMSE = 1.378772
	Test cost = 1.044677,	Krip Loss = 1.044677,	RMSE = 1.337991
Epoch = 24
	Train cost = 0.501421,	Krip Loss = 0.501421,	RMSE = 0.933571
	Test cost = 0.952646,	Krip Loss = 0.952646,	RMSE = 1.365703
	Test cost = 1.041439,	Krip Loss = 1.041439,	RMSE = 1.352154
Epoch = 25
	Train cost = 0.491212,	Krip Loss = 0.491212,	RMSE = 0.930040
	Test cost = 0.952091,	Krip Loss = 0.952091,	RMSE = 1.367108
	Test cost = 1.039016,	Krip Loss = 1.039016,	RMSE = 1.365670
Epoch = 26
	Train cost = 0.481426,	Krip Loss = 0.481426,	RMSE = 0.917821
	Test cost = 0.949200,	Krip Loss = 0.949200,	RMSE = 1.355389
	Test cost = 1.032272,	Krip Loss = 1.032272,	RMSE = 1.356372
Epoch = 27
	Train cost = 0.472905,	Krip Loss = 0.472905,	RMSE = 0.916284
	Test cost = 0.948660,	Krip Loss = 0.948660,	RMSE = 1.364651
	Test cost = 1.026566,	Krip Loss = 1.026566,	RMSE = 1.352097
Epoch = 28
	Train cost = 0.463881,	Krip Loss = 0.463881,	RMSE = 0.904018
	Test cost = 0.946738,	Krip Loss = 0.946738,	RMSE = 1.351306
	Test cost = 1.015664,	Krip Loss = 1.015664,	RMSE = 1.319808
Epoch = 29
	Train cost = 0.457407,	Krip Loss = 0.457407,	RMSE = 0.906007
	Test cost = 0.946281,	Krip Loss = 0.946281,	RMSE = 1.365504
	Test cost = 1.010188,	Krip Loss = 1.010188,	RMSE = 1.332254
Epoch = 30
	Train cost = 0.445759,	Krip Loss = 0.445759,	RMSE = 0.885300
	Test cost = 0.944888,	Krip Loss = 0.944888,	RMSE = 1.351660
	Test cost = 0.998854,	Krip Loss = 0.998854,	RMSE = 1.298900
Epoch = 31
	Train cost = 0.440868,	Krip Loss = 0.440868,	RMSE = 0.890010
	Test cost = 0.945424,	Krip Loss = 0.945424,	RMSE = 1.361796
	Test cost = 1.002944,	Krip Loss = 1.002944,	RMSE = 1.330241
Epoch = 32
	Train cost = 0.430277,	Krip Loss = 0.430277,	RMSE = 0.871166
	Test cost = 0.944410,	Krip Loss = 0.944410,	RMSE = 1.347341
	Test cost = 0.994871,	Krip Loss = 0.994871,	RMSE = 1.315279
Epoch = 33
	Train cost = 0.424945,	Krip Loss = 0.424945,	RMSE = 0.873590
	Test cost = 0.945478,	Krip Loss = 0.945478,	RMSE = 1.355275
	Test cost = 1.000602,	Krip Loss = 1.000602,	RMSE = 1.343789
Epoch = 34
	Train cost = 0.416517,	Krip Loss = 0.416517,	RMSE = 0.860039
	Test cost = 0.944242,	Krip Loss = 0.944242,	RMSE = 1.342364
	Test cost = 0.992798,	Krip Loss = 0.992798,	RMSE = 1.333281
Epoch = 35
	Train cost = 0.411446,	Krip Loss = 0.411446,	RMSE = 0.861596
	Test cost = 0.945676,	Krip Loss = 0.945676,	RMSE = 1.353820
	Test cost = 0.997590,	Krip Loss = 0.997590,	RMSE = 1.352357
Epoch = 36
	Train cost = 0.403932,	Krip Loss = 0.403932,	RMSE = 0.849672
	Test cost = 0.944134,	Krip Loss = 0.944134,	RMSE = 1.340657
	Test cost = 0.989277,	Krip Loss = 0.989277,	RMSE = 1.347074
Epoch = 37
	Train cost = 0.398905,	Krip Loss = 0.398905,	RMSE = 0.850450
	Test cost = 0.945922,	Krip Loss = 0.945922,	RMSE = 1.354868
	Test cost = 0.996211,	Krip Loss = 0.996211,	RMSE = 1.363981
Epoch = 38
	Train cost = 0.391974,	Krip Loss = 0.391974,	RMSE = 0.839674
	Test cost = 0.944217,	Krip Loss = 0.944217,	RMSE = 1.339167
	Test cost = 0.987380,	Krip Loss = 0.987380,	RMSE = 1.365606
Epoch = 39
	Train cost = 0.386782,	Krip Loss = 0.386782,	RMSE = 0.839360
	Test cost = 0.945952,	Krip Loss = 0.945952,	RMSE = 1.355246
	Test cost = 0.997081,	Krip Loss = 0.997081,	RMSE = 1.385872
Epoch = 40
	Train cost = 0.380536,	Krip Loss = 0.380536,	RMSE = 0.829834
	Test cost = 0.944194,	Krip Loss = 0.944194,	RMSE = 1.336699
	Test cost = 0.987468,	Krip Loss = 0.987468,	RMSE = 1.390498
Validation Dyad = 12 	Testing Dyad = 9
RMSE of Average Prediction = 1.186886
(2634, 300, 148) (396, 300, 148) (382, 300, 148)
model = gru lambda = 0.0 last = True share = False #class = 1 drop = 0.0 update = adam2
Compiling function
Compilation done 1
Compilation done 2
Compilation done 3
Epoch = 1
	Train cost = 1.001454,	Krip Loss = 1.001454,	RMSE = 4.547593
	Test cost = 1.000756,	Krip Loss = 1.000756,	RMSE = 5.155147
	Test cost = 0.997916,	Krip Loss = 0.997916,	RMSE = 5.866752
Epoch = 2
	Train cost = 0.992241,	Krip Loss = 0.992241,	RMSE = 4.949355
	Test cost = 0.999539,	Krip Loss = 0.999539,	RMSE = 4.064011
	Test cost = 0.994624,	Krip Loss = 0.994624,	RMSE = 5.102844
Epoch = 3
	Train cost = 0.964061,	Krip Loss = 0.964061,	RMSE = 3.600585
	Test cost = 0.982727,	Krip Loss = 0.982727,	RMSE = 2.524776
	Test cost = 0.990816,	Krip Loss = 0.990816,	RMSE = 3.688906
Epoch = 4
	Train cost = 0.948979,	Krip Loss = 0.948979,	RMSE = 3.319266
	Test cost = 0.982693,	Krip Loss = 0.982693,	RMSE = 2.570922
	Test cost = 0.992215,	Krip Loss = 0.992215,	RMSE = 3.368087
Epoch = 5
	Train cost = 0.901833,	Krip Loss = 0.901833,	RMSE = 2.054352
	Test cost = 0.951426,	Krip Loss = 0.951426,	RMSE = 1.819514
	Test cost = 1.010784,	Krip Loss = 1.010784,	RMSE = 1.442136
Epoch = 6
	Train cost = 0.863768,	Krip Loss = 0.863768,	RMSE = 1.635066
	Test cost = 0.925945,	Krip Loss = 0.925945,	RMSE = 1.496424
	Test cost = 1.044913,	Krip Loss = 1.044913,	RMSE = 1.182779
Epoch = 7
	Train cost = 0.805917,	Krip Loss = 0.805917,	RMSE = 1.547503
	Test cost = 0.921872,	Krip Loss = 0.921872,	RMSE = 1.546234
	Test cost = 1.030810,	Krip Loss = 1.030810,	RMSE = 1.239440
Epoch = 8
	Train cost = 0.769086,	Krip Loss = 0.769086,	RMSE = 1.413154
	Test cost = 0.909143,	Krip Loss = 0.909143,	RMSE = 1.436171
	Test cost = 1.016844,	Krip Loss = 1.016844,	RMSE = 1.224137
Epoch = 9
	Train cost = 0.726074,	Krip Loss = 0.726074,	RMSE = 1.363603
	Test cost = 0.922070,	Krip Loss = 0.922070,	RMSE = 1.529124
	Test cost = 1.029303,	Krip Loss = 1.029303,	RMSE = 1.262973
Epoch = 10
	Train cost = 0.710856,	Krip Loss = 0.710856,	RMSE = 1.351180
	Test cost = 0.903668,	Krip Loss = 0.903668,	RMSE = 1.376425
	Test cost = 1.021921,	Krip Loss = 1.021921,	RMSE = 1.181541
Epoch = 11
	Train cost = 0.681808,	Krip Loss = 0.681808,	RMSE = 1.296874
	Test cost = 0.910001,	Krip Loss = 0.910001,	RMSE = 1.425894
	Test cost = 1.012115,	Krip Loss = 1.012115,	RMSE = 1.233085
Epoch = 12
	Train cost = 0.659858,	Krip Loss = 0.659858,	RMSE = 1.248565
	Test cost = 0.912509,	Krip Loss = 0.912509,	RMSE = 1.407982
	Test cost = 1.007358,	Krip Loss = 1.007358,	RMSE = 1.210175
Epoch = 13
	Train cost = 0.642746,	Krip Loss = 0.642746,	RMSE = 1.221592
	Test cost = 0.910130,	Krip Loss = 0.910130,	RMSE = 1.385109
	Test cost = 1.008153,	Krip Loss = 1.008153,	RMSE = 1.195617
Epoch = 14
	Train cost = 0.629349,	Krip Loss = 0.629349,	RMSE = 1.197702
	Test cost = 0.912263,	Krip Loss = 0.912263,	RMSE = 1.375909
	Test cost = 1.005026,	Krip Loss = 1.005026,	RMSE = 1.183770
Epoch = 15
	Train cost = 0.612477,	Krip Loss = 0.612477,	RMSE = 1.166995
	Test cost = 0.913273,	Krip Loss = 0.913273,	RMSE = 1.378547
	Test cost = 1.008686,	Krip Loss = 1.008686,	RMSE = 1.177920
Best Epoch = 10, Best Cost in Test = 1.021921
Validation Dyad = 11 	Testing Dyad = 10
RMSE of Average Prediction = 1.377776
(2700, 300, 148) (358, 300, 148) (354, 300, 148)
model = gru lambda = 0.0 last = True share = False #class = 1 drop = 0.0 update = adam2
Compiling function
Compilation done 1
Compilation done 2
Compilation done 3
Epoch = 1
	Train cost = 1.001670,	Krip Loss = 1.001670,	RMSE = 4.569563
	Test cost = 1.000826,	Krip Loss = 1.000826,	RMSE = 5.721270
	Test cost = 0.999373,	Krip Loss = 0.999373,	RMSE = 5.788331
Epoch = 2
	Train cost = 0.996001,	Krip Loss = 0.996001,	RMSE = 5.285547
	Test cost = 1.000331,	Krip Loss = 1.000331,	RMSE = 5.030209
	Test cost = 0.999062,	Krip Loss = 0.999062,	RMSE = 5.225207
Epoch = 3
	Train cost = 0.984351,	Krip Loss = 0.984351,	RMSE = 4.460224
	Test cost = 0.994467,	Krip Loss = 0.994467,	RMSE = 3.206436
	Test cost = 0.996106,	Krip Loss = 0.996106,	RMSE = 3.698547
Epoch = 4
	Train cost = 0.955747,	Krip Loss = 0.955747,	RMSE = 2.946579
	Test cost = 0.955480,	Krip Loss = 0.955480,	RMSE = 1.609605
	Test cost = 0.990272,	Krip Loss = 0.990272,	RMSE = 2.231862
Epoch = 5
	Train cost = 0.920965,	Krip Loss = 0.920965,	RMSE = 1.804643
	Test cost = 0.917017,	Krip Loss = 0.917017,	RMSE = 1.348662
	Test cost = 0.981874,	Krip Loss = 0.981874,	RMSE = 1.831790
Epoch = 6
	Train cost = 0.888025,	Krip Loss = 0.888025,	RMSE = 1.693310
	Test cost = 0.939529,	Krip Loss = 0.939529,	RMSE = 1.573984
	Test cost = 0.981246,	Krip Loss = 0.981246,	RMSE = 2.088702
Epoch = 7
	Train cost = 0.835435,	Krip Loss = 0.835435,	RMSE = 1.394780
	Test cost = 0.916306,	Krip Loss = 0.916306,	RMSE = 1.341174
	Test cost = 0.970380,	Krip Loss = 0.970380,	RMSE = 1.643722
Epoch = 8
	Train cost = 0.820478,	Krip Loss = 0.820478,	RMSE = 1.516662
	Test cost = 0.906194,	Krip Loss = 0.906194,	RMSE = 1.323184
	Test cost = 0.969996,	Krip Loss = 0.969996,	RMSE = 1.568795
Epoch = 9
	Train cost = 0.772483,	Krip Loss = 0.772483,	RMSE = 1.250874
	Test cost = 0.900391,	Krip Loss = 0.900391,	RMSE = 1.313704
	Test cost = 0.972906,	Krip Loss = 0.972906,	RMSE = 1.496353
Epoch = 10
	Train cost = 0.751433,	Krip Loss = 0.751433,	RMSE = 1.263468
	Test cost = 0.895405,	Krip Loss = 0.895405,	RMSE = 1.287659
	Test cost = 0.967717,	Krip Loss = 0.967717,	RMSE = 1.390714
Epoch = 11
	Train cost = 0.728659,	Krip Loss = 0.728659,	RMSE = 1.205237
	Test cost = 0.890085,	Krip Loss = 0.890085,	RMSE = 1.281982
	Test cost = 0.965941,	Krip Loss = 0.965941,	RMSE = 1.363318
Epoch = 12
	Train cost = 0.704595,	Krip Loss = 0.704595,	RMSE = 1.161969
	Test cost = 0.895206,	Krip Loss = 0.895206,	RMSE = 1.304402
	Test cost = 0.962470,	Krip Loss = 0.962470,	RMSE = 1.326147
Epoch = 13
	Train cost = 0.680990,	Krip Loss = 0.680990,	RMSE = 1.128541
	Test cost = 0.889318,	Krip Loss = 0.889318,	RMSE = 1.263629
	Test cost = 0.957869,	Krip Loss = 0.957869,	RMSE = 1.248189
Epoch = 14
	Train cost = 0.659156,	Krip Loss = 0.659156,	RMSE = 1.086508
	Test cost = 0.896430,	Krip Loss = 0.896430,	RMSE = 1.314936
	Test cost = 0.955220,	Krip Loss = 0.955220,	RMSE = 1.294783
Epoch = 15
	Train cost = 0.648138,	Krip Loss = 0.648138,	RMSE = 1.103021
	Test cost = 0.884424,	Krip Loss = 0.884424,	RMSE = 1.232899
	Test cost = 0.956609,	Krip Loss = 0.956609,	RMSE = 1.165095
Epoch = 16
	Train cost = 0.626831,	Krip Loss = 0.626831,	RMSE = 1.059625
	Test cost = 0.892273,	Krip Loss = 0.892273,	RMSE = 1.327101
	Test cost = 0.953919,	Krip Loss = 0.953919,	RMSE = 1.286441
Epoch = 17
	Train cost = 0.618678,	Krip Loss = 0.618678,	RMSE = 1.076804
	Test cost = 0.882378,	Krip Loss = 0.882378,	RMSE = 1.227674
	Test cost = 0.961330,	Krip Loss = 0.961330,	RMSE = 1.137320
Epoch = 18
	Train cost = 0.598298,	Krip Loss = 0.598298,	RMSE = 1.035793
	Test cost = 0.890849,	Krip Loss = 0.890849,	RMSE = 1.338097
	Test cost = 0.950899,	Krip Loss = 0.950899,	RMSE = 1.274227
Epoch = 19
	Train cost = 0.590068,	Krip Loss = 0.590068,	RMSE = 1.048066
	Test cost = 0.882067,	Krip Loss = 0.882067,	RMSE = 1.239365
	Test cost = 0.956420,	Krip Loss = 0.956420,	RMSE = 1.136951
Epoch = 20
	Train cost = 0.569772,	Krip Loss = 0.569772,	RMSE = 1.007592
	Test cost = 0.890029,	Krip Loss = 0.890029,	RMSE = 1.342615
	Test cost = 0.948453,	Krip Loss = 0.948453,	RMSE = 1.252933
Epoch = 21
	Train cost = 0.560274,	Krip Loss = 0.560274,	RMSE = 1.013545
	Test cost = 0.880174,	Krip Loss = 0.880174,	RMSE = 1.247762
	Test cost = 0.950191,	Krip Loss = 0.950191,	RMSE = 1.142203
Epoch = 22
	Train cost = 0.543253,	Krip Loss = 0.543253,	RMSE = 0.984033
	Test cost = 0.886971,	Krip Loss = 0.886971,	RMSE = 1.337440
	Test cost = 0.945199,	Krip Loss = 0.945199,	RMSE = 1.229797
Epoch = 23
	Train cost = 0.531820,	Krip Loss = 0.531820,	RMSE = 0.980510
	Test cost = 0.876007,	Krip Loss = 0.876007,	RMSE = 1.258550
	Test cost = 0.944499,	Krip Loss = 0.944499,	RMSE = 1.153677
Epoch = 24
	Train cost = 0.518207,	Krip Loss = 0.518207,	RMSE = 0.961590
	Test cost = 0.883940,	Krip Loss = 0.883940,	RMSE = 1.326443
	Test cost = 0.945806,	Krip Loss = 0.945806,	RMSE = 1.211947
Epoch = 25
	Train cost = 0.505344,	Krip Loss = 0.505344,	RMSE = 0.950980
	Test cost = 0.876068,	Krip Loss = 0.876068,	RMSE = 1.279502
	Test cost = 0.943872,	Krip Loss = 0.943872,	RMSE = 1.167132
Epoch = 26
	Train cost = 0.492724,	Krip Loss = 0.492724,	RMSE = 0.936232
	Test cost = 0.882894,	Krip Loss = 0.882894,	RMSE = 1.332775
	Test cost = 0.945199,	Krip Loss = 0.945199,	RMSE = 1.204242
Epoch = 27
	Train cost = 0.484188,	Krip Loss = 0.484188,	RMSE = 0.931728
	Test cost = 0.873409,	Krip Loss = 0.873409,	RMSE = 1.276358
	Test cost = 0.941771,	Krip Loss = 0.941771,	RMSE = 1.173822
Epoch = 28
	Train cost = 0.470976,	Krip Loss = 0.470976,	RMSE = 0.916368
	Test cost = 0.882587,	Krip Loss = 0.882587,	RMSE = 1.351214
	Test cost = 0.943548,	Krip Loss = 0.943548,	RMSE = 1.213869
Epoch = 29
	Train cost = 0.463318,	Krip Loss = 0.463318,	RMSE = 0.911471
	Test cost = 0.870924,	Krip Loss = 0.870924,	RMSE = 1.282971
	Test cost = 0.939683,	Krip Loss = 0.939683,	RMSE = 1.180197
Epoch = 30
	Train cost = 0.451685,	Krip Loss = 0.451685,	RMSE = 0.898807
	Test cost = 0.878238,	Krip Loss = 0.878238,	RMSE = 1.342209
	Test cost = 0.940288,	Krip Loss = 0.940288,	RMSE = 1.209642
Epoch = 31
	Train cost = 0.442849,	Krip Loss = 0.442849,	RMSE = 0.890419
	Test cost = 0.870700,	Krip Loss = 0.870700,	RMSE = 1.305639
	Test cost = 0.938013,	Krip Loss = 0.938013,	RMSE = 1.191220
Epoch = 32
	Train cost = 0.432600,	Krip Loss = 0.432600,	RMSE = 0.879584
	Test cost = 0.871362,	Krip Loss = 0.871362,	RMSE = 1.322132
	Test cost = 0.936748,	Krip Loss = 0.936748,	RMSE = 1.204429
Epoch = 33
	Train cost = 0.425671,	Krip Loss = 0.425671,	RMSE = 0.874518
	Test cost = 0.873047,	Krip Loss = 0.873047,	RMSE = 1.332618
	Test cost = 0.936075,	Krip Loss = 0.936075,	RMSE = 1.199171
Epoch = 34
	Train cost = 0.416440,	Krip Loss = 0.416440,	RMSE = 0.863909
	Test cost = 0.866387,	Krip Loss = 0.866387,	RMSE = 1.311388
	Test cost = 0.934868,	Krip Loss = 0.934868,	RMSE = 1.206817
Epoch = 35
	Train cost = 0.411281,	Krip Loss = 0.411281,	RMSE = 0.862369
	Test cost = 0.874137,	Krip Loss = 0.874137,	RMSE = 1.345402
	Test cost = 0.934047,	Krip Loss = 0.934047,	RMSE = 1.205934
Epoch = 36
	Train cost = 0.399228,	Krip Loss = 0.399228,	RMSE = 0.846805
	Test cost = 0.868626,	Krip Loss = 0.868626,	RMSE = 1.331426
	Test cost = 0.934362,	Krip Loss = 0.934362,	RMSE = 1.211985
Epoch = 37
	Train cost = 0.392550,	Krip Loss = 0.392550,	RMSE = 0.841563
	Test cost = 0.871996,	Krip Loss = 0.871996,	RMSE = 1.351660
	Test cost = 0.931555,	Krip Loss = 0.931555,	RMSE = 1.217390
Epoch = 38
	Train cost = 0.383716,	Krip Loss = 0.383716,	RMSE = 0.832962
	Test cost = 0.875518,	Krip Loss = 0.875518,	RMSE = 1.360117
	Test cost = 0.932586,	Krip Loss = 0.932586,	RMSE = 1.206238
Epoch = 39
	Train cost = 0.378740,	Krip Loss = 0.378740,	RMSE = 0.828394
	Test cost = 0.867137,	Krip Loss = 0.867137,	RMSE = 1.332739
	Test cost = 0.931485,	Krip Loss = 0.931485,	RMSE = 1.221919
Best Epoch = 34, Best Cost in Test = 0.934868
Validation Dyad = 10 	Testing Dyad = 11
RMSE of Average Prediction = 1.437857
(2700, 300, 148) (354, 300, 148) (358, 300, 148)
model = gru lambda = 0.0 last = True share = False #class = 1 drop = 0.0 update = adam2
Compiling function
Compilation done 1
Compilation done 2
Compilation done 3
Epoch = 1
	Train cost = 1.001670,	Krip Loss = 1.001670,	RMSE = 4.569563
	Test cost = 0.999373,	Krip Loss = 0.999373,	RMSE = 5.788331
	Test cost = 1.000826,	Krip Loss = 1.000826,	RMSE = 5.721270
Epoch = 2
	Train cost = 0.996001,	Krip Loss = 0.996001,	RMSE = 5.285547
	Test cost = 0.999062,	Krip Loss = 0.999062,	RMSE = 5.225207
	Test cost = 1.000331,	Krip Loss = 1.000331,	RMSE = 5.030209
Epoch = 3
	Train cost = 0.984351,	Krip Loss = 0.984351,	RMSE = 4.460224
	Test cost = 0.996106,	Krip Loss = 0.996106,	RMSE = 3.698547
	Test cost = 0.994467,	Krip Loss = 0.994467,	RMSE = 3.206436
Epoch = 4
	Train cost = 0.955747,	Krip Loss = 0.955747,	RMSE = 2.946579
	Test cost = 0.990272,	Krip Loss = 0.990272,	RMSE = 2.231862
	Test cost = 0.955480,	Krip Loss = 0.955480,	RMSE = 1.609605
Epoch = 5
	Train cost = 0.920965,	Krip Loss = 0.920965,	RMSE = 1.804643
	Test cost = 0.981874,	Krip Loss = 0.981874,	RMSE = 1.831790
	Test cost = 0.917017,	Krip Loss = 0.917017,	RMSE = 1.348662
Epoch = 6
	Train cost = 0.888025,	Krip Loss = 0.888025,	RMSE = 1.693310
	Test cost = 0.981246,	Krip Loss = 0.981246,	RMSE = 2.088702
	Test cost = 0.939529,	Krip Loss = 0.939529,	RMSE = 1.573984
Epoch = 7
	Train cost = 0.835435,	Krip Loss = 0.835435,	RMSE = 1.394780
	Test cost = 0.970380,	Krip Loss = 0.970380,	RMSE = 1.643722
	Test cost = 0.916306,	Krip Loss = 0.916306,	RMSE = 1.341174
Epoch = 8
	Train cost = 0.820478,	Krip Loss = 0.820478,	RMSE = 1.516662
	Test cost = 0.969996,	Krip Loss = 0.969996,	RMSE = 1.568795
	Test cost = 0.906194,	Krip Loss = 0.906194,	RMSE = 1.323184
Epoch = 9
	Train cost = 0.772483,	Krip Loss = 0.772483,	RMSE = 1.250874
	Test cost = 0.972906,	Krip Loss = 0.972906,	RMSE = 1.496353
	Test cost = 0.900391,	Krip Loss = 0.900391,	RMSE = 1.313704
Epoch = 10
	Train cost = 0.751433,	Krip Loss = 0.751433,	RMSE = 1.263468
	Test cost = 0.967717,	Krip Loss = 0.967717,	RMSE = 1.390714
	Test cost = 0.895405,	Krip Loss = 0.895405,	RMSE = 1.287659
Epoch = 11
	Train cost = 0.728659,	Krip Loss = 0.728659,	RMSE = 1.205237
	Test cost = 0.965941,	Krip Loss = 0.965941,	RMSE = 1.363318
	Test cost = 0.890085,	Krip Loss = 0.890085,	RMSE = 1.281982
Epoch = 12
	Train cost = 0.704595,	Krip Loss = 0.704595,	RMSE = 1.161969
	Test cost = 0.962470,	Krip Loss = 0.962470,	RMSE = 1.326147
	Test cost = 0.895206,	Krip Loss = 0.895206,	RMSE = 1.304402
Epoch = 13
	Train cost = 0.680990,	Krip Loss = 0.680990,	RMSE = 1.128541
	Test cost = 0.957869,	Krip Loss = 0.957869,	RMSE = 1.248189
	Test cost = 0.889318,	Krip Loss = 0.889318,	RMSE = 1.263629
Epoch = 14
	Train cost = 0.659156,	Krip Loss = 0.659156,	RMSE = 1.086508
	Test cost = 0.955220,	Krip Loss = 0.955220,	RMSE = 1.294783
	Test cost = 0.896430,	Krip Loss = 0.896430,	RMSE = 1.314936
Epoch = 15
	Train cost = 0.648138,	Krip Loss = 0.648138,	RMSE = 1.103021
	Test cost = 0.956609,	Krip Loss = 0.956609,	RMSE = 1.165095
	Test cost = 0.884424,	Krip Loss = 0.884424,	RMSE = 1.232899
Epoch = 16
	Train cost = 0.626831,	Krip Loss = 0.626831,	RMSE = 1.059625
	Test cost = 0.953919,	Krip Loss = 0.953919,	RMSE = 1.286441
	Test cost = 0.892273,	Krip Loss = 0.892273,	RMSE = 1.327101
Epoch = 17
	Train cost = 0.618678,	Krip Loss = 0.618678,	RMSE = 1.076804
	Test cost = 0.961330,	Krip Loss = 0.961330,	RMSE = 1.137320
	Test cost = 0.882378,	Krip Loss = 0.882378,	RMSE = 1.227674
Epoch = 18
	Train cost = 0.598298,	Krip Loss = 0.598298,	RMSE = 1.035793
	Test cost = 0.950899,	Krip Loss = 0.950899,	RMSE = 1.274227
	Test cost = 0.890849,	Krip Loss = 0.890849,	RMSE = 1.338097
Epoch = 19
	Train cost = 0.590068,	Krip Loss = 0.590068,	RMSE = 1.048066
	Test cost = 0.956420,	Krip Loss = 0.956420,	RMSE = 1.136951
	Test cost = 0.882067,	Krip Loss = 0.882067,	RMSE = 1.239365
Epoch = 20
	Train cost = 0.569772,	Krip Loss = 0.569772,	RMSE = 1.007592
	Test cost = 0.948453,	Krip Loss = 0.948453,	RMSE = 1.252933
	Test cost = 0.890029,	Krip Loss = 0.890029,	RMSE = 1.342615
Epoch = 21
	Train cost = 0.560274,	Krip Loss = 0.560274,	RMSE = 1.013545
	Test cost = 0.950191,	Krip Loss = 0.950191,	RMSE = 1.142203
	Test cost = 0.880174,	Krip Loss = 0.880174,	RMSE = 1.247762
Epoch = 22
	Train cost = 0.543253,	Krip Loss = 0.543253,	RMSE = 0.984033
	Test cost = 0.945199,	Krip Loss = 0.945199,	RMSE = 1.229797
	Test cost = 0.886971,	Krip Loss = 0.886971,	RMSE = 1.337440
Epoch = 23
	Train cost = 0.531820,	Krip Loss = 0.531820,	RMSE = 0.980510
	Test cost = 0.944499,	Krip Loss = 0.944499,	RMSE = 1.153677
	Test cost = 0.876007,	Krip Loss = 0.876007,	RMSE = 1.258550
Epoch = 24
	Train cost = 0.518207,	Krip Loss = 0.518207,	RMSE = 0.961590
	Test cost = 0.945806,	Krip Loss = 0.945806,	RMSE = 1.211947
	Test cost = 0.883940,	Krip Loss = 0.883940,	RMSE = 1.326443
Epoch = 25
	Train cost = 0.505344,	Krip Loss = 0.505344,	RMSE = 0.950980
	Test cost = 0.943872,	Krip Loss = 0.943872,	RMSE = 1.167132
	Test cost = 0.876068,	Krip Loss = 0.876068,	RMSE = 1.279502
Epoch = 26
	Train cost = 0.492724,	Krip Loss = 0.492724,	RMSE = 0.936232
	Test cost = 0.945199,	Krip Loss = 0.945199,	RMSE = 1.204242
	Test cost = 0.882894,	Krip Loss = 0.882894,	RMSE = 1.332775
Epoch = 27
	Train cost = 0.484188,	Krip Loss = 0.484188,	RMSE = 0.931728
	Test cost = 0.941771,	Krip Loss = 0.941771,	RMSE = 1.173822
	Test cost = 0.873409,	Krip Loss = 0.873409,	RMSE = 1.276358
Epoch = 28
	Train cost = 0.470976,	Krip Loss = 0.470976,	RMSE = 0.916368
	Test cost = 0.943548,	Krip Loss = 0.943548,	RMSE = 1.213869
	Test cost = 0.882587,	Krip Loss = 0.882587,	RMSE = 1.351214
Epoch = 29
	Train cost = 0.463318,	Krip Loss = 0.463318,	RMSE = 0.911471
	Test cost = 0.939683,	Krip Loss = 0.939683,	RMSE = 1.180197
	Test cost = 0.870924,	Krip Loss = 0.870924,	RMSE = 1.282971
Epoch = 30
	Train cost = 0.451685,	Krip Loss = 0.451685,	RMSE = 0.898807
	Test cost = 0.940288,	Krip Loss = 0.940288,	RMSE = 1.209642
	Test cost = 0.878238,	Krip Loss = 0.878238,	RMSE = 1.342209
Epoch = 31
	Train cost = 0.442849,	Krip Loss = 0.442849,	RMSE = 0.890419
	Test cost = 0.938013,	Krip Loss = 0.938013,	RMSE = 1.191220
	Test cost = 0.870700,	Krip Loss = 0.870700,	RMSE = 1.305639
Epoch = 32
	Train cost = 0.432600,	Krip Loss = 0.432600,	RMSE = 0.879584
	Test cost = 0.936748,	Krip Loss = 0.936748,	RMSE = 1.204429
	Test cost = 0.871362,	Krip Loss = 0.871362,	RMSE = 1.322132
Epoch = 33
	Train cost = 0.425671,	Krip Loss = 0.425671,	RMSE = 0.874518
	Test cost = 0.936075,	Krip Loss = 0.936075,	RMSE = 1.199171
	Test cost = 0.873047,	Krip Loss = 0.873047,	RMSE = 1.332618
Epoch = 34
	Train cost = 0.416440,	Krip Loss = 0.416440,	RMSE = 0.863909
	Test cost = 0.934868,	Krip Loss = 0.934868,	RMSE = 1.206817
	Test cost = 0.866387,	Krip Loss = 0.866387,	RMSE = 1.311388
Epoch = 35
	Train cost = 0.411281,	Krip Loss = 0.411281,	RMSE = 0.862369
	Test cost = 0.934047,	Krip Loss = 0.934047,	RMSE = 1.205934
	Test cost = 0.874137,	Krip Loss = 0.874137,	RMSE = 1.345402
Epoch = 36
	Train cost = 0.399228,	Krip Loss = 0.399228,	RMSE = 0.846805
	Test cost = 0.934362,	Krip Loss = 0.934362,	RMSE = 1.211985
	Test cost = 0.868626,	Krip Loss = 0.868626,	RMSE = 1.331426
Epoch = 37
	Train cost = 0.392550,	Krip Loss = 0.392550,	RMSE = 0.841563
	Test cost = 0.931555,	Krip Loss = 0.931555,	RMSE = 1.217390
	Test cost = 0.871996,	Krip Loss = 0.871996,	RMSE = 1.351660
Epoch = 38
	Train cost = 0.383716,	Krip Loss = 0.383716,	RMSE = 0.832962
	Test cost = 0.932586,	Krip Loss = 0.932586,	RMSE = 1.206238
	Test cost = 0.875518,	Krip Loss = 0.875518,	RMSE = 1.360117
Epoch = 39
	Train cost = 0.378740,	Krip Loss = 0.378740,	RMSE = 0.828394
	Test cost = 0.931485,	Krip Loss = 0.931485,	RMSE = 1.221919
	Test cost = 0.867137,	Krip Loss = 0.867137,	RMSE = 1.332739
Epoch = 40
	Train cost = 0.376926,	Krip Loss = 0.376926,	RMSE = 0.832413
	Test cost = 0.932064,	Krip Loss = 0.932064,	RMSE = 1.207291
	Test cost = 0.877243,	Krip Loss = 0.877243,	RMSE = 1.360984
Validation Dyad = 4 	Testing Dyad = 12
RMSE of Average Prediction = 1.741178
(2810, 300, 148) (206, 300, 148) (396, 300, 148)
model = gru lambda = 0.0 last = True share = False #class = 1 drop = 0.0 update = adam2
Compiling function
Compilation done 1
Compilation done 2
Compilation done 3
Epoch = 1
	Train cost = 1.001341,	Krip Loss = 1.001341,	RMSE = 4.810390
	Test cost = 0.996805,	Krip Loss = 0.996805,	RMSE = 4.744923
	Test cost = 1.001444,	Krip Loss = 1.001444,	RMSE = 5.303226
Epoch = 2
	Train cost = 0.996804,	Krip Loss = 0.996804,	RMSE = 5.487819
	Test cost = 0.993056,	Krip Loss = 0.993056,	RMSE = 4.407241
	Test cost = 1.002172,	Krip Loss = 1.002172,	RMSE = 4.828706
Epoch = 3
	Train cost = 0.983407,	Krip Loss = 0.983407,	RMSE = 4.272982
	Test cost = 0.981807,	Krip Loss = 0.981807,	RMSE = 2.599460
	Test cost = 1.001423,	Krip Loss = 1.001423,	RMSE = 3.071615
Epoch = 4
	Train cost = 0.948099,	Krip Loss = 0.948099,	RMSE = 2.708216
	Test cost = 0.912105,	Krip Loss = 0.912105,	RMSE = 1.358941
	Test cost = 0.972989,	Krip Loss = 0.972989,	RMSE = 1.785734
Epoch = 5
	Train cost = 0.880168,	Krip Loss = 0.880168,	RMSE = 1.562303
	Test cost = 0.865851,	Krip Loss = 0.865851,	RMSE = 1.326259
	Test cost = 0.960423,	Krip Loss = 0.960423,	RMSE = 1.596888
Epoch = 6
	Train cost = 0.828219,	Krip Loss = 0.828219,	RMSE = 1.405225
	Test cost = 0.873765,	Krip Loss = 0.873765,	RMSE = 1.316522
	Test cost = 0.955443,	Krip Loss = 0.955443,	RMSE = 1.658607
Epoch = 7
	Train cost = 0.795688,	Krip Loss = 0.795688,	RMSE = 1.359674
	Test cost = 0.868057,	Krip Loss = 0.868057,	RMSE = 1.427633
	Test cost = 0.946137,	Krip Loss = 0.946137,	RMSE = 1.509101
Epoch = 8
	Train cost = 0.758653,	Krip Loss = 0.758653,	RMSE = 1.279972
	Test cost = 0.862215,	Krip Loss = 0.862215,	RMSE = 1.540310
	Test cost = 0.941535,	Krip Loss = 0.941535,	RMSE = 1.417381
Epoch = 9
	Train cost = 0.732230,	Krip Loss = 0.732230,	RMSE = 1.200191
	Test cost = 0.917607,	Krip Loss = 0.917607,	RMSE = 2.161198
	Test cost = 0.934083,	Krip Loss = 0.934083,	RMSE = 1.384484
Epoch = 10
	Train cost = 0.731234,	Krip Loss = 0.731234,	RMSE = 1.203373
	Test cost = 0.906589,	Krip Loss = 0.906589,	RMSE = 2.033279
	Test cost = 0.932597,	Krip Loss = 0.932597,	RMSE = 1.361647
Epoch = 11
	Train cost = 0.714628,	Krip Loss = 0.714628,	RMSE = 1.150988
	Test cost = 0.888732,	Krip Loss = 0.888732,	RMSE = 1.889710
	Test cost = 0.923922,	Krip Loss = 0.923922,	RMSE = 1.276045
Epoch = 12
	Train cost = 0.686095,	Krip Loss = 0.686095,	RMSE = 1.091636
	Test cost = 0.881883,	Krip Loss = 0.881883,	RMSE = 1.879840
	Test cost = 0.910610,	Krip Loss = 0.910610,	RMSE = 1.251750
Epoch = 13
	Train cost = 0.665417,	Krip Loss = 0.665417,	RMSE = 1.057688
	Test cost = 0.864585,	Krip Loss = 0.864585,	RMSE = 1.788460
	Test cost = 0.900454,	Krip Loss = 0.900454,	RMSE = 1.255835
Best Epoch = 8, Best Cost in Test = 0.941535
Validation Dyad = 18 	Testing Dyad = 16
RMSE of Average Prediction = 1.546499
(3006, 300, 148) (202, 300, 148) (204, 300, 148)
model = gru lambda = 0.0 last = True share = False #class = 1 drop = 0.0 update = adam2
Compiling function
Compilation done 1
Compilation done 2
Compilation done 3
Epoch = 1
	Train cost = 1.001095,	Krip Loss = 1.001095,	RMSE = 4.787027
	Test cost = 1.002273,	Krip Loss = 1.002273,	RMSE = 3.671248
	Test cost = 1.004751,	Krip Loss = 1.004751,	RMSE = 4.090339
Epoch = 2
	Train cost = 0.995409,	Krip Loss = 0.995409,	RMSE = 4.857289
	Test cost = 1.013496,	Krip Loss = 1.013496,	RMSE = 2.928519
	Test cost = 1.009355,	Krip Loss = 1.009355,	RMSE = 3.087612
Epoch = 3
	Train cost = 0.982211,	Krip Loss = 0.982211,	RMSE = 3.625499
	Test cost = 1.061006,	Krip Loss = 1.061006,	RMSE = 1.518399
	Test cost = 1.030280,	Krip Loss = 1.030280,	RMSE = 1.509682
Epoch = 4
	Train cost = 0.905906,	Krip Loss = 0.905906,	RMSE = 1.541747
	Test cost = 1.074940,	Krip Loss = 1.074940,	RMSE = 1.456383
	Test cost = 1.097572,	Krip Loss = 1.097572,	RMSE = 1.478776
Epoch = 5
	Train cost = 0.830398,	Krip Loss = 0.830398,	RMSE = 1.193154
	Test cost = 1.066849,	Krip Loss = 1.066849,	RMSE = 1.510050
	Test cost = 1.075246,	Krip Loss = 1.075246,	RMSE = 1.622483
Epoch = 6
	Train cost = 0.786920,	Krip Loss = 0.786920,	RMSE = 1.148967
	Test cost = 1.058728,	Krip Loss = 1.058728,	RMSE = 1.387935
	Test cost = 1.087001,	Krip Loss = 1.087001,	RMSE = 1.451611
Epoch = 7
	Train cost = 0.758460,	Krip Loss = 0.758460,	RMSE = 1.132966
	Test cost = 1.047922,	Krip Loss = 1.047922,	RMSE = 1.364870
	Test cost = 1.081385,	Krip Loss = 1.081385,	RMSE = 1.437731
Epoch = 8
	Train cost = 0.739612,	Krip Loss = 0.739612,	RMSE = 1.128732
	Test cost = 1.032698,	Krip Loss = 1.032698,	RMSE = 1.386946
	Test cost = 1.074631,	Krip Loss = 1.074631,	RMSE = 1.483958
Epoch = 9
	Train cost = 0.724592,	Krip Loss = 0.724592,	RMSE = 1.120294
	Test cost = 1.023926,	Krip Loss = 1.023926,	RMSE = 1.394889
	Test cost = 1.069600,	Krip Loss = 1.069600,	RMSE = 1.497415
Epoch = 10
	Train cost = 0.704491,	Krip Loss = 0.704491,	RMSE = 1.091042
	Test cost = 1.008820,	Krip Loss = 1.008820,	RMSE = 1.419029
	Test cost = 1.067976,	Krip Loss = 1.067976,	RMSE = 1.531542
Epoch = 11
	Train cost = 0.682863,	Krip Loss = 0.682863,	RMSE = 1.068255
	Test cost = 1.000450,	Krip Loss = 1.000450,	RMSE = 1.404676
	Test cost = 1.069597,	Krip Loss = 1.069597,	RMSE = 1.505877
Epoch = 12
	Train cost = 0.662804,	Krip Loss = 0.662804,	RMSE = 1.047572
	Test cost = 0.986326,	Krip Loss = 0.986326,	RMSE = 1.397557
	Test cost = 1.065776,	Krip Loss = 1.065776,	RMSE = 1.504199
Epoch = 13
	Train cost = 0.646558,	Krip Loss = 0.646558,	RMSE = 1.034068
	Test cost = 0.978841,	Krip Loss = 0.978841,	RMSE = 1.371611
	Test cost = 1.065833,	Krip Loss = 1.065833,	RMSE = 1.478576
Epoch = 14
	Train cost = 0.631088,	Krip Loss = 0.631088,	RMSE = 1.021378
	Test cost = 0.965708,	Krip Loss = 0.965708,	RMSE = 1.381650
	Test cost = 1.060535,	Krip Loss = 1.060535,	RMSE = 1.490942
Epoch = 15
	Train cost = 0.616329,	Krip Loss = 0.616329,	RMSE = 1.009390
	Test cost = 0.954751,	Krip Loss = 0.954751,	RMSE = 1.369132
	Test cost = 1.060379,	Krip Loss = 1.060379,	RMSE = 1.472509
Epoch = 16
	Train cost = 0.602163,	Krip Loss = 0.602163,	RMSE = 0.998763
	Test cost = 0.934997,	Krip Loss = 0.934997,	RMSE = 1.355506
	Test cost = 1.052060,	Krip Loss = 1.052060,	RMSE = 1.461198
Epoch = 17
	Train cost = 0.589754,	Krip Loss = 0.589754,	RMSE = 0.989808
	Test cost = 0.934484,	Krip Loss = 0.934484,	RMSE = 1.345184
	Test cost = 1.060177,	Krip Loss = 1.060177,	RMSE = 1.463358
Epoch = 18
	Train cost = 0.577336,	Krip Loss = 0.577336,	RMSE = 0.979329
	Test cost = 0.918949,	Krip Loss = 0.918949,	RMSE = 1.356312
	Test cost = 1.051714,	Krip Loss = 1.051714,	RMSE = 1.467676
Epoch = 19
	Train cost = 0.564400,	Krip Loss = 0.564400,	RMSE = 0.968070
	Test cost = 0.916337,	Krip Loss = 0.916337,	RMSE = 1.323682
	Test cost = 1.060334,	Krip Loss = 1.060334,	RMSE = 1.451880
Epoch = 20
	Train cost = 0.552592,	Krip Loss = 0.552592,	RMSE = 0.960045
	Test cost = 0.902059,	Krip Loss = 0.902059,	RMSE = 1.337575
	Test cost = 1.050466,	Krip Loss = 1.050466,	RMSE = 1.458026
Epoch = 21
	Train cost = 0.539518,	Krip Loss = 0.539518,	RMSE = 0.948671
	Test cost = 0.899785,	Krip Loss = 0.899785,	RMSE = 1.321339
	Test cost = 1.059222,	Krip Loss = 1.059222,	RMSE = 1.456418
Epoch = 22
	Train cost = 0.528687,	Krip Loss = 0.528687,	RMSE = 0.941511
	Test cost = 0.887133,	Krip Loss = 0.887133,	RMSE = 1.318527
	Test cost = 1.052324,	Krip Loss = 1.052324,	RMSE = 1.454780
Epoch = 23
	Train cost = 0.517863,	Krip Loss = 0.517863,	RMSE = 0.933317
	Test cost = 0.884262,	Krip Loss = 0.884262,	RMSE = 1.306715
	Test cost = 1.057801,	Krip Loss = 1.057801,	RMSE = 1.452666
Epoch = 24
	Train cost = 0.508962,	Krip Loss = 0.508962,	RMSE = 0.929462
	Test cost = 0.875913,	Krip Loss = 0.875913,	RMSE = 1.310497
	Test cost = 1.053367,	Krip Loss = 1.053367,	RMSE = 1.456950
Epoch = 25
	Train cost = 0.498975,	Krip Loss = 0.498975,	RMSE = 0.921178
	Test cost = 0.871414,	Krip Loss = 0.871414,	RMSE = 1.299760
	Test cost = 1.057642,	Krip Loss = 1.057642,	RMSE = 1.453762
Epoch = 26
	Train cost = 0.490771,	Krip Loss = 0.490771,	RMSE = 0.918281
	Test cost = 0.862821,	Krip Loss = 0.862821,	RMSE = 1.298769
	Test cost = 1.055481,	Krip Loss = 1.055481,	RMSE = 1.456699
Epoch = 27
	Train cost = 0.481536,	Krip Loss = 0.481536,	RMSE = 0.910279
	Test cost = 0.857496,	Krip Loss = 0.857496,	RMSE = 1.286952
	Test cost = 1.059523,	Krip Loss = 1.059523,	RMSE = 1.452619
Epoch = 28
	Train cost = 0.474442,	Krip Loss = 0.474442,	RMSE = 0.909149
	Test cost = 0.851769,	Krip Loss = 0.851769,	RMSE = 1.286447
	Test cost = 1.056760,	Krip Loss = 1.056760,	RMSE = 1.454311
Epoch = 29
	Train cost = 0.465807,	Krip Loss = 0.465807,	RMSE = 0.900881
	Test cost = 0.848980,	Krip Loss = 0.848980,	RMSE = 1.275956
	Test cost = 1.059260,	Krip Loss = 1.059260,	RMSE = 1.448546
Epoch = 30
	Train cost = 0.459371,	Krip Loss = 0.459371,	RMSE = 0.900092
	Test cost = 0.846464,	Krip Loss = 0.846464,	RMSE = 1.285082
	Test cost = 1.055308,	Krip Loss = 1.055308,	RMSE = 1.454584
Epoch = 31
	Train cost = 0.451910,	Krip Loss = 0.451910,	RMSE = 0.892969
	Test cost = 0.842876,	Krip Loss = 0.842876,	RMSE = 1.272960
	Test cost = 1.058605,	Krip Loss = 1.058605,	RMSE = 1.448230
Epoch = 32
	Train cost = 0.445191,	Krip Loss = 0.445191,	RMSE = 0.890691
	Test cost = 0.841486,	Krip Loss = 0.841486,	RMSE = 1.284944
	Test cost = 1.054549,	Krip Loss = 1.054549,	RMSE = 1.454628
Epoch = 33
	Train cost = 0.439221,	Krip Loss = 0.439221,	RMSE = 0.885210
	Test cost = 0.836578,	Krip Loss = 0.836578,	RMSE = 1.263730
	Test cost = 1.059858,	Krip Loss = 1.059858,	RMSE = 1.443710
Epoch = 34
	Train cost = 0.431829,	Krip Loss = 0.431829,	RMSE = 0.881494
	Test cost = 0.837518,	Krip Loss = 0.837518,	RMSE = 1.283364
	Test cost = 1.052697,	Krip Loss = 1.052697,	RMSE = 1.453400
Epoch = 35
	Train cost = 0.427841,	Krip Loss = 0.427841,	RMSE = 0.878335
	Test cost = 0.831932,	Krip Loss = 0.831932,	RMSE = 1.259643
	Test cost = 1.059939,	Krip Loss = 1.059939,	RMSE = 1.442296
Epoch = 36
	Train cost = 0.419424,	Krip Loss = 0.419424,	RMSE = 0.872863
	Test cost = 0.833933,	Krip Loss = 0.833933,	RMSE = 1.284586
	Test cost = 1.051311,	Krip Loss = 1.051311,	RMSE = 1.451688
Epoch = 37
	Train cost = 0.416013,	Krip Loss = 0.416013,	RMSE = 0.869135
	Test cost = 0.827921,	Krip Loss = 0.827921,	RMSE = 1.258771
	Test cost = 1.059189,	Krip Loss = 1.059189,	RMSE = 1.441159
Epoch = 38
	Train cost = 0.407746,	Krip Loss = 0.407746,	RMSE = 0.864408
	Test cost = 0.829193,	Krip Loss = 0.829193,	RMSE = 1.279489
	Test cost = 1.050727,	Krip Loss = 1.050727,	RMSE = 1.445850
Epoch = 39
	Train cost = 0.403834,	Krip Loss = 0.403834,	RMSE = 0.858515
	Test cost = 0.824590,	Krip Loss = 0.824590,	RMSE = 1.259076
	Test cost = 1.057897,	Krip Loss = 1.057897,	RMSE = 1.440400
Epoch = 40
	Train cost = 0.396657,	Krip Loss = 0.396657,	RMSE = 0.855694
	Test cost = 0.825733,	Krip Loss = 0.825733,	RMSE = 1.278907
	Test cost = 1.049922,	Krip Loss = 1.049922,	RMSE = 1.442934
Validation Dyad = 9 	Testing Dyad = 17
RMSE of Average Prediction = 0.939190
(2834, 300, 148) (382, 300, 148) (196, 300, 148)
model = gru lambda = 0.0 last = True share = False #class = 1 drop = 0.0 update = adam2
Compiling function
Compilation done 1
Compilation done 2
Compilation done 3
Epoch = 1
	Train cost = 1.001547,	Krip Loss = 1.001547,	RMSE = 4.650703
	Test cost = 0.997990,	Krip Loss = 0.997990,	RMSE = 5.804353
	Test cost = 1.000839,	Krip Loss = 1.000839,	RMSE = 4.184646
Epoch = 2
	Train cost = 0.994303,	Krip Loss = 0.994303,	RMSE = 5.067750
	Test cost = 0.995897,	Krip Loss = 0.995897,	RMSE = 5.379153
	Test cost = 1.004885,	Krip Loss = 1.004885,	RMSE = 3.503070
Epoch = 3
	Train cost = 0.969699,	Krip Loss = 0.969699,	RMSE = 3.967951
	Test cost = 0.991542,	Krip Loss = 0.991542,	RMSE = 4.020366
	Test cost = 1.021057,	Krip Loss = 1.021057,	RMSE = 1.920899
Epoch = 4
	Train cost = 0.939190,	Krip Loss = 0.939190,	RMSE = 2.967738
	Test cost = 0.982717,	Krip Loss = 0.982717,	RMSE = 2.575060
	Test cost = 1.071815,	Krip Loss = 1.071815,	RMSE = 1.297458
Epoch = 5
	Train cost = 0.887069,	Krip Loss = 0.887069,	RMSE = 1.760991
	Test cost = 0.993216,	Krip Loss = 0.993216,	RMSE = 1.506027
	Test cost = 1.050562,	Krip Loss = 1.050562,	RMSE = 1.234679
Epoch = 6
	Train cost = 0.842702,	Krip Loss = 0.842702,	RMSE = 1.604666
	Test cost = 0.988662,	Krip Loss = 0.988662,	RMSE = 1.412197
	Test cost = 1.060055,	Krip Loss = 1.060055,	RMSE = 1.250937
Epoch = 7
	Train cost = 0.784829,	Krip Loss = 0.784829,	RMSE = 1.420102
	Test cost = 1.004368,	Krip Loss = 1.004368,	RMSE = 1.244040
	Test cost = 1.019270,	Krip Loss = 1.019270,	RMSE = 1.216542
Epoch = 8
	Train cost = 0.765339,	Krip Loss = 0.765339,	RMSE = 1.431338
	Test cost = 1.024313,	Krip Loss = 1.024313,	RMSE = 1.183109
	Test cost = 1.034126,	Krip Loss = 1.034126,	RMSE = 1.255123
Epoch = 9
	Train cost = 0.765438,	Krip Loss = 0.765438,	RMSE = 1.507662
	Test cost = 1.005189,	Krip Loss = 1.005189,	RMSE = 1.120599
	Test cost = 1.039694,	Krip Loss = 1.039694,	RMSE = 1.276747
Epoch = 10
	Train cost = 0.713523,	Krip Loss = 0.713523,	RMSE = 1.281980
	Test cost = 0.971028,	Krip Loss = 0.971028,	RMSE = 1.202752
	Test cost = 1.017829,	Krip Loss = 1.017829,	RMSE = 1.251657
Epoch = 11
	Train cost = 0.687325,	Krip Loss = 0.687325,	RMSE = 1.234572
	Test cost = 0.975922,	Krip Loss = 0.975922,	RMSE = 1.126427
	Test cost = 1.007440,	Krip Loss = 1.007440,	RMSE = 1.246085
Epoch = 12
	Train cost = 0.667555,	Krip Loss = 0.667555,	RMSE = 1.206601
	Test cost = 0.989396,	Krip Loss = 0.989396,	RMSE = 1.116881
	Test cost = 0.995625,	Krip Loss = 0.995625,	RMSE = 1.233036
Epoch = 13
	Train cost = 0.660379,	Krip Loss = 0.660379,	RMSE = 1.218620
	Test cost = 0.994532,	Krip Loss = 0.994532,	RMSE = 1.141478
	Test cost = 0.988213,	Krip Loss = 0.988213,	RMSE = 1.223721
Epoch = 14
	Train cost = 0.650945,	Krip Loss = 0.650945,	RMSE = 1.206620
	Test cost = 0.975881,	Krip Loss = 0.975881,	RMSE = 1.113111
	Test cost = 0.988277,	Krip Loss = 0.988277,	RMSE = 1.244018
Epoch = 15
	Train cost = 0.629122,	Krip Loss = 0.629122,	RMSE = 1.151907
	Test cost = 0.958429,	Krip Loss = 0.958429,	RMSE = 1.097581
	Test cost = 0.986147,	Krip Loss = 0.986147,	RMSE = 1.247579
Epoch = 16
	Train cost = 0.606709,	Krip Loss = 0.606709,	RMSE = 1.106775
	Test cost = 0.958574,	Krip Loss = 0.958574,	RMSE = 1.104697
	Test cost = 0.973399,	Krip Loss = 0.973399,	RMSE = 1.222187
Epoch = 17
	Train cost = 0.592515,	Krip Loss = 0.592515,	RMSE = 1.089428
	Test cost = 0.963979,	Krip Loss = 0.963979,	RMSE = 1.111054
	Test cost = 0.965164,	Krip Loss = 0.965164,	RMSE = 1.206938
Epoch = 18
	Train cost = 0.582994,	Krip Loss = 0.582994,	RMSE = 1.080240
	Test cost = 0.971174,	Krip Loss = 0.971174,	RMSE = 1.160718
	Test cost = 0.958048,	Krip Loss = 0.958048,	RMSE = 1.206915
Epoch = 19
	Train cost = 0.575789,	Krip Loss = 0.575789,	RMSE = 1.080986
	Test cost = 0.975278,	Krip Loss = 0.975278,	RMSE = 1.189412
	Test cost = 0.951529,	Krip Loss = 0.951529,	RMSE = 1.199369
Epoch = 20
	Train cost = 0.565625,	Krip Loss = 0.565625,	RMSE = 1.065482
	Test cost = 0.954068,	Krip Loss = 0.954068,	RMSE = 1.140361
	Test cost = 0.949116,	Krip Loss = 0.949116,	RMSE = 1.206157
Epoch = 21
	Train cost = 0.547771,	Krip Loss = 0.547771,	RMSE = 1.034545
	Test cost = 0.946776,	Krip Loss = 0.946776,	RMSE = 1.125812
	Test cost = 0.946629,	Krip Loss = 0.946629,	RMSE = 1.210567
Epoch = 22
	Train cost = 0.529077,	Krip Loss = 0.529077,	RMSE = 1.001418
	Test cost = 0.949062,	Krip Loss = 0.949062,	RMSE = 1.131037
	Test cost = 0.939241,	Krip Loss = 0.939241,	RMSE = 1.197855
Epoch = 23
	Train cost = 0.516278,	Krip Loss = 0.516278,	RMSE = 0.989001
	Test cost = 0.949148,	Krip Loss = 0.949148,	RMSE = 1.132876
	Test cost = 0.932862,	Krip Loss = 0.932862,	RMSE = 1.189746
Epoch = 24
	Train cost = 0.505480,	Krip Loss = 0.505480,	RMSE = 0.973773
	Test cost = 0.952575,	Krip Loss = 0.952575,	RMSE = 1.151355
	Test cost = 0.919465,	Krip Loss = 0.919465,	RMSE = 1.177285
Epoch = 25
	Train cost = 0.497760,	Krip Loss = 0.497760,	RMSE = 0.971330
	Test cost = 0.952208,	Krip Loss = 0.952208,	RMSE = 1.164403
	Test cost = 0.917197,	Krip Loss = 0.917197,	RMSE = 1.179059
Epoch = 26
	Train cost = 0.489366,	Krip Loss = 0.489366,	RMSE = 0.960232
	Test cost = 0.956348,	Krip Loss = 0.956348,	RMSE = 1.192795
	Test cost = 0.907747,	Krip Loss = 0.907747,	RMSE = 1.174106
Best Epoch = 21, Best Cost in Test = 0.946629
Validation Dyad = 7 	Testing Dyad = 18
RMSE of Average Prediction = 1.227084
(2814, 300, 148) (396, 300, 148) (202, 300, 148)
model = gru lambda = 0.0 last = True share = False #class = 1 drop = 0.0 update = adam2
Compiling function
Compilation done 1
Compilation done 2
Compilation done 3
Epoch = 1
	Train cost = 1.000874,	Krip Loss = 1.000874,	RMSE = 4.310047
	Test cost = 1.000272,	Krip Loss = 1.000272,	RMSE = 5.353606
	Test cost = 0.999615,	Krip Loss = 0.999615,	RMSE = 3.356421
Epoch = 2
	Train cost = 0.992562,	Krip Loss = 0.992562,	RMSE = 4.031710
	Test cost = 1.003515,	Krip Loss = 1.003515,	RMSE = 3.495699
	Test cost = 1.012137,	Krip Loss = 1.012137,	RMSE = 2.199832
Epoch = 3
	Train cost = 0.948436,	Krip Loss = 0.948436,	RMSE = 2.013274
	Test cost = 1.005162,	Krip Loss = 1.005162,	RMSE = 1.574927
	Test cost = 0.999404,	Krip Loss = 0.999404,	RMSE = 1.273697
Epoch = 4
	Train cost = 0.908731,	Krip Loss = 0.908731,	RMSE = 1.764259
	Test cost = 1.009309,	Krip Loss = 1.009309,	RMSE = 2.078776
	Test cost = 0.998811,	Krip Loss = 0.998811,	RMSE = 1.481147
Epoch = 5
	Train cost = 0.830782,	Krip Loss = 0.830782,	RMSE = 1.325499
	Test cost = 1.006477,	Krip Loss = 1.006477,	RMSE = 1.831262
	Test cost = 0.974164,	Krip Loss = 0.974164,	RMSE = 1.256820
Epoch = 6
	Train cost = 0.784449,	Krip Loss = 0.784449,	RMSE = 1.272995
	Test cost = 0.997066,	Krip Loss = 0.997066,	RMSE = 1.390927
	Test cost = 1.003605,	Krip Loss = 1.003605,	RMSE = 1.433509
Epoch = 7
	Train cost = 0.761948,	Krip Loss = 0.761948,	RMSE = 1.313786
	Test cost = 0.997734,	Krip Loss = 0.997734,	RMSE = 1.430518
	Test cost = 0.997275,	Krip Loss = 0.997275,	RMSE = 1.528432
Epoch = 8
	Train cost = 0.729043,	Krip Loss = 0.729043,	RMSE = 1.275062
	Test cost = 0.998905,	Krip Loss = 0.998905,	RMSE = 1.533976
	Test cost = 0.989766,	Krip Loss = 0.989766,	RMSE = 1.450352
Epoch = 9
	Train cost = 0.711009,	Krip Loss = 0.711009,	RMSE = 1.289027
	Test cost = 0.994678,	Krip Loss = 0.994678,	RMSE = 1.572784
	Test cost = 0.984134,	Krip Loss = 0.984134,	RMSE = 1.522550
Epoch = 10
	Train cost = 0.681700,	Krip Loss = 0.681700,	RMSE = 1.196948
	Test cost = 0.999778,	Krip Loss = 0.999778,	RMSE = 1.616790
	Test cost = 0.971149,	Krip Loss = 0.971149,	RMSE = 1.323341
Epoch = 11
	Train cost = 0.669715,	Krip Loss = 0.669715,	RMSE = 1.218967
	Test cost = 0.996365,	Krip Loss = 0.996365,	RMSE = 1.456432
	Test cost = 0.971890,	Krip Loss = 0.971890,	RMSE = 1.443232
Epoch = 12
	Train cost = 0.646006,	Krip Loss = 0.646006,	RMSE = 1.121009
	Test cost = 0.995266,	Krip Loss = 0.995266,	RMSE = 1.402617
	Test cost = 0.957582,	Krip Loss = 0.957582,	RMSE = 1.326878
Epoch = 13
	Train cost = 0.632732,	Krip Loss = 0.632732,	RMSE = 1.092860
	Test cost = 0.988220,	Krip Loss = 0.988220,	RMSE = 1.341764
	Test cost = 0.947561,	Krip Loss = 0.947561,	RMSE = 1.265596
Epoch = 14
	Train cost = 0.630684,	Krip Loss = 0.630684,	RMSE = 1.163709
	Test cost = 0.989025,	Krip Loss = 0.989025,	RMSE = 1.343659
	Test cost = 0.953374,	Krip Loss = 0.953374,	RMSE = 1.449535
Epoch = 15
	Train cost = 0.613290,	Krip Loss = 0.613290,	RMSE = 1.131654
	Test cost = 0.986468,	Krip Loss = 0.986468,	RMSE = 1.399294
	Test cost = 0.939527,	Krip Loss = 0.939527,	RMSE = 1.410001
Epoch = 16
	Train cost = 0.599993,	Krip Loss = 0.599993,	RMSE = 1.145313
	Test cost = 0.990214,	Krip Loss = 0.990214,	RMSE = 1.489470
	Test cost = 0.935427,	Krip Loss = 0.935427,	RMSE = 1.397801
Epoch = 17
	Train cost = 0.581510,	Krip Loss = 0.581510,	RMSE = 1.095364
	Test cost = 0.983548,	Krip Loss = 0.983548,	RMSE = 1.440979
	Test cost = 0.922652,	Krip Loss = 0.922652,	RMSE = 1.333104
Epoch = 18
	Train cost = 0.566082,	Krip Loss = 0.566082,	RMSE = 1.051860
	Test cost = 0.981698,	Krip Loss = 0.981698,	RMSE = 1.358949
	Test cost = 0.913075,	Krip Loss = 0.913075,	RMSE = 1.283613
Epoch = 19
	Train cost = 0.553093,	Krip Loss = 0.553093,	RMSE = 1.008168
	Test cost = 0.972236,	Krip Loss = 0.972236,	RMSE = 1.273346
	Test cost = 0.906723,	Krip Loss = 0.906723,	RMSE = 1.262939
Epoch = 20
	Train cost = 0.553995,	Krip Loss = 0.553995,	RMSE = 1.003908
	Test cost = 0.970368,	Krip Loss = 0.970368,	RMSE = 1.248362
	Test cost = 0.893652,	Krip Loss = 0.893652,	RMSE = 1.241883
Epoch = 21
	Train cost = 0.559458,	Krip Loss = 0.559458,	RMSE = 1.078729
	Test cost = 0.970411,	Krip Loss = 0.970411,	RMSE = 1.295480
	Test cost = 0.906455,	Krip Loss = 0.906455,	RMSE = 1.374600
Epoch = 22
	Train cost = 0.548341,	Krip Loss = 0.548341,	RMSE = 1.076627
	Test cost = 0.976167,	Krip Loss = 0.976167,	RMSE = 1.374059
	Test cost = 0.906478,	Krip Loss = 0.906478,	RMSE = 1.478959
Epoch = 23
	Train cost = 0.520332,	Krip Loss = 0.520332,	RMSE = 1.013468
	Test cost = 0.974575,	Krip Loss = 0.974575,	RMSE = 1.385931
	Test cost = 0.879237,	Krip Loss = 0.879237,	RMSE = 1.321640
Epoch = 24
	Train cost = 0.500970,	Krip Loss = 0.500970,	RMSE = 0.960185
	Test cost = 0.964462,	Krip Loss = 0.964462,	RMSE = 1.312807
	Test cost = 0.863767,	Krip Loss = 0.863767,	RMSE = 1.245599
Epoch = 25
	Train cost = 0.486197,	Krip Loss = 0.486197,	RMSE = 0.923202
	Test cost = 0.957860,	Krip Loss = 0.957860,	RMSE = 1.266316
	Test cost = 0.857076,	Krip Loss = 0.857076,	RMSE = 1.231824
Epoch = 26
	Train cost = 0.484061,	Krip Loss = 0.484061,	RMSE = 0.911277
	Test cost = 0.957295,	Krip Loss = 0.957295,	RMSE = 1.263985
	Test cost = 0.852417,	Krip Loss = 0.852417,	RMSE = 1.222835
Epoch = 27
	Train cost = 0.499047,	Krip Loss = 0.499047,	RMSE = 0.969911
	Test cost = 0.955400,	Krip Loss = 0.955400,	RMSE = 1.253149
	Test cost = 0.852160,	Krip Loss = 0.852160,	RMSE = 1.228751
Epoch = 28
	Train cost = 0.501007,	Krip Loss = 0.501007,	RMSE = 0.973051
	Test cost = 0.950288,	Krip Loss = 0.950288,	RMSE = 1.274760
	Test cost = 0.875237,	Krip Loss = 0.875237,	RMSE = 1.365163
Epoch = 29
	Train cost = 0.469936,	Krip Loss = 0.469936,	RMSE = 0.926145
	Test cost = 0.950617,	Krip Loss = 0.950617,	RMSE = 1.278964
	Test cost = 0.866849,	Krip Loss = 0.866849,	RMSE = 1.401067
Epoch = 30
	Train cost = 0.446457,	Krip Loss = 0.446457,	RMSE = 0.876604
	Test cost = 0.946079,	Krip Loss = 0.946079,	RMSE = 1.269436
	Test cost = 0.848514,	Krip Loss = 0.848514,	RMSE = 1.308403
Epoch = 31
	Train cost = 0.433329,	Krip Loss = 0.433329,	RMSE = 0.855325
	Test cost = 0.945454,	Krip Loss = 0.945454,	RMSE = 1.268358
	Test cost = 0.836703,	Krip Loss = 0.836703,	RMSE = 1.238830
Epoch = 32
	Train cost = 0.428247,	Krip Loss = 0.428247,	RMSE = 0.850735
	Test cost = 0.945645,	Krip Loss = 0.945645,	RMSE = 1.272350
	Test cost = 0.831159,	Krip Loss = 0.831159,	RMSE = 1.209859
Epoch = 33
	Train cost = 0.426281,	Krip Loss = 0.426281,	RMSE = 0.855331
	Test cost = 0.944760,	Krip Loss = 0.944760,	RMSE = 1.280207
	Test cost = 0.831613,	Krip Loss = 0.831613,	RMSE = 1.209987
Epoch = 34
	Train cost = 0.425386,	Krip Loss = 0.425386,	RMSE = 0.859195
	Test cost = 0.943779,	Krip Loss = 0.943779,	RMSE = 1.292288
	Test cost = 0.840128,	Krip Loss = 0.840128,	RMSE = 1.254384
Epoch = 35
	Train cost = 0.417436,	Krip Loss = 0.417436,	RMSE = 0.854926
	Test cost = 0.943678,	Krip Loss = 0.943678,	RMSE = 1.310210
	Test cost = 0.845480,	Krip Loss = 0.845480,	RMSE = 1.328252
Epoch = 36
	Train cost = 0.406386,	Krip Loss = 0.406386,	RMSE = 0.836920
	Test cost = 0.943698,	Krip Loss = 0.943698,	RMSE = 1.313645
	Test cost = 0.843382,	Krip Loss = 0.843382,	RMSE = 1.351014
Epoch = 37
	Train cost = 0.393230,	Krip Loss = 0.393230,	RMSE = 0.823379
	Test cost = 0.940448,	Krip Loss = 0.940448,	RMSE = 1.302193
	Test cost = 0.835918,	Krip Loss = 0.835918,	RMSE = 1.340542
Epoch = 38
	Train cost = 0.384371,	Krip Loss = 0.384371,	RMSE = 0.808898
	Test cost = 0.938572,	Krip Loss = 0.938572,	RMSE = 1.300651
	Test cost = 0.829441,	Krip Loss = 0.829441,	RMSE = 1.287239
Epoch = 39
	Train cost = 0.374482,	Krip Loss = 0.374482,	RMSE = 0.802375
	Test cost = 0.935717,	Krip Loss = 0.935717,	RMSE = 1.288543
	Test cost = 0.823992,	Krip Loss = 0.823992,	RMSE = 1.290331
Epoch = 40
	Train cost = 0.368403,	Krip Loss = 0.368403,	RMSE = 0.792389
	Test cost = 0.936553,	Krip Loss = 0.936553,	RMSE = 1.311581
	Test cost = 0.825361,	Krip Loss = 0.825361,	RMSE = 1.290704
Written to ../results/result_grul_audio_b_share_False_drop_0.0_lamb_0.0_fact_None.txt
