nohup: ignoring input
Couldn't import dot_parser, loading of dot files will not be possible.
WARNING (theano.sandbox.cuda): The cuda backend is deprecated and will be removed in the next release.  Please switch to the gpuarray backend. You can get more information about how to switch at this URL:
 https://github.com/Theano/Theano/wiki/Converting-to-the-new-gpu-back-end%28gpuarray%29

Using gpu device 0: GeForce GTX TITAN X (CNMeM is disabled, cuDNN 5103)
audio b
/usr0/home/hongliay/code/Rapport/data_info/AMT_Batch1_results_large.csv
/usr0/home/hongliay/code/Rapport/data_info/AMT_Batch2_results_large.csv
/usr0/home/hongliay/code/Rapport/data_info/AMT_Batch3_results_large.csv
/usr0/home/hongliay/code/Rapport/data_info/AMT_Batch4_results_large.csv
D10S1
D10S2
D11S1
D11S2
D12S1
D12S2
D16S2
D17S1
D18S1
D3S1
D3S2
D4S1
D4S2
D5S1
D5S2
D6S1
D6S2
D7S1
D7S2
D8S1
D8S2
D9S1
D9S2
[3, 4, 7, 8, 9, 10, 11, 12, 16, 17, 18]
Validation Dyad = 17 	Testing Dyad = 3
RMSE of Average Prediction = 1.113759
(2834, 300, 148) (196, 300, 148) (382, 300, 148)
Compiling function
Compilation done 1
Compilation done 2
Compilation done 3
Epoch = 1
	Train cost = 1.000090,	Krip Loss = 1.000090,	RMSE = 4.807379
	Test cost = 0.998758,	Krip Loss = 0.998758,	RMSE = 3.667797
	Test cost = 0.999171,	Krip Loss = 0.999171,	RMSE = 5.502256
Epoch = 2
	Train cost = 0.983288,	Krip Loss = 0.983288,	RMSE = 3.976893
	Test cost = 0.941519,	Krip Loss = 0.941519,	RMSE = 1.271029
	Test cost = 0.994959,	Krip Loss = 0.994959,	RMSE = 3.723491
Epoch = 3
	Train cost = 0.939973,	Krip Loss = 0.939973,	RMSE = 1.805151
	Test cost = 0.936851,	Krip Loss = 0.936851,	RMSE = 1.227324
	Test cost = 0.953746,	Krip Loss = 0.953746,	RMSE = 1.354917
Epoch = 4
	Train cost = 0.917320,	Krip Loss = 0.917320,	RMSE = 1.263245
	Test cost = 0.952278,	Krip Loss = 0.952278,	RMSE = 1.188546
	Test cost = 0.979631,	Krip Loss = 0.979631,	RMSE = 2.484615
Epoch = 5
	Train cost = 0.904660,	Krip Loss = 0.904660,	RMSE = 1.543590
	Test cost = 0.981766,	Krip Loss = 0.981766,	RMSE = 1.161837
	Test cost = 0.941733,	Krip Loss = 0.941733,	RMSE = 1.266471
Epoch = 6
	Train cost = 0.888816,	Krip Loss = 0.888816,	RMSE = 1.571156
	Test cost = 0.977304,	Krip Loss = 0.977304,	RMSE = 1.197839
	Test cost = 0.886588,	Krip Loss = 0.886588,	RMSE = 1.247890
Epoch = 7
	Train cost = 0.860422,	Krip Loss = 0.860422,	RMSE = 1.520975
	Test cost = 0.928099,	Krip Loss = 0.928099,	RMSE = 1.170637
	Test cost = 0.922137,	Krip Loss = 0.922137,	RMSE = 1.526508
Epoch = 8
	Train cost = 0.841355,	Krip Loss = 0.841355,	RMSE = 1.391060
	Test cost = 0.968619,	Krip Loss = 0.968619,	RMSE = 1.226855
	Test cost = 0.901654,	Krip Loss = 0.901654,	RMSE = 1.258980
Epoch = 9
	Train cost = 0.803836,	Krip Loss = 0.803836,	RMSE = 1.308345
	Test cost = 0.926849,	Krip Loss = 0.926849,	RMSE = 1.264767
	Test cost = 0.923835,	Krip Loss = 0.923835,	RMSE = 1.499077
Epoch = 10
	Train cost = 0.796719,	Krip Loss = 0.796719,	RMSE = 1.332857
	Test cost = 0.945276,	Krip Loss = 0.945276,	RMSE = 1.252096
	Test cost = 0.899575,	Krip Loss = 0.899575,	RMSE = 1.278606
Epoch = 11
	Train cost = 0.777242,	Krip Loss = 0.777242,	RMSE = 1.366526
	Test cost = 0.944275,	Krip Loss = 0.944275,	RMSE = 1.237119
	Test cost = 0.936563,	Krip Loss = 0.936563,	RMSE = 1.640067
Epoch = 12
	Train cost = 0.765350,	Krip Loss = 0.765350,	RMSE = 1.314687
	Test cost = 0.929415,	Krip Loss = 0.929415,	RMSE = 1.245624
	Test cost = 0.916272,	Krip Loss = 0.916272,	RMSE = 1.470576
Epoch = 13
	Train cost = 0.735372,	Krip Loss = 0.735372,	RMSE = 1.248844
	Test cost = 0.955020,	Krip Loss = 0.955020,	RMSE = 1.299980
	Test cost = 0.941494,	Krip Loss = 0.941494,	RMSE = 1.275054
Epoch = 14
	Train cost = 0.714024,	Krip Loss = 0.714024,	RMSE = 1.209049
	Test cost = 0.923330,	Krip Loss = 0.923330,	RMSE = 1.239003
	Test cost = 0.963548,	Krip Loss = 0.963548,	RMSE = 1.367804
Epoch = 15
	Train cost = 0.694705,	Krip Loss = 0.694705,	RMSE = 1.235217
	Test cost = 0.909194,	Krip Loss = 0.909194,	RMSE = 1.268312
	Test cost = 0.931329,	Krip Loss = 0.931329,	RMSE = 1.430019
Epoch = 16
	Train cost = 0.677099,	Krip Loss = 0.677099,	RMSE = 1.195701
	Test cost = 0.918651,	Krip Loss = 0.918651,	RMSE = 1.288676
	Test cost = 0.968509,	Krip Loss = 0.968509,	RMSE = 1.344956
Epoch = 17
	Train cost = 0.664938,	Krip Loss = 0.664938,	RMSE = 1.178465
	Test cost = 0.922787,	Krip Loss = 0.922787,	RMSE = 1.260718
	Test cost = 0.971946,	Krip Loss = 0.971946,	RMSE = 1.571394
Epoch = 18
	Train cost = 0.676904,	Krip Loss = 0.676904,	RMSE = 1.303651
	Test cost = 0.917445,	Krip Loss = 0.917445,	RMSE = 1.278127
	Test cost = 0.969996,	Krip Loss = 0.969996,	RMSE = 1.370983
Epoch = 19
	Train cost = 0.643391,	Krip Loss = 0.643391,	RMSE = 1.181369
	Test cost = 0.905986,	Krip Loss = 0.905986,	RMSE = 1.301843
	Test cost = 0.987262,	Krip Loss = 0.987262,	RMSE = 1.394377
Epoch = 20
	Train cost = 0.628907,	Krip Loss = 0.628907,	RMSE = 1.162815
	Test cost = 0.928497,	Krip Loss = 0.928497,	RMSE = 1.291590
	Test cost = 1.003168,	Krip Loss = 1.003168,	RMSE = 1.693230
Epoch = 21
	Train cost = 0.634732,	Krip Loss = 0.634732,	RMSE = 1.292798
	Test cost = 0.924896,	Krip Loss = 0.924896,	RMSE = 1.278974
	Test cost = 1.004898,	Krip Loss = 1.004898,	RMSE = 1.418609
Epoch = 22
	Train cost = 0.596099,	Krip Loss = 0.596099,	RMSE = 1.125994
	Test cost = 0.917676,	Krip Loss = 0.917676,	RMSE = 1.302858
	Test cost = 1.029562,	Krip Loss = 1.029562,	RMSE = 1.439758
Epoch = 23
	Train cost = 0.606573,	Krip Loss = 0.606573,	RMSE = 1.184902
	Test cost = 0.890747,	Krip Loss = 0.890747,	RMSE = 1.269580
	Test cost = 0.988315,	Krip Loss = 0.988315,	RMSE = 1.524924
Epoch = 24
	Train cost = 0.580182,	Krip Loss = 0.580182,	RMSE = 1.156706
	Test cost = 0.921025,	Krip Loss = 0.921025,	RMSE = 1.305485
	Test cost = 1.027982,	Krip Loss = 1.027982,	RMSE = 1.521647
Epoch = 25
	Train cost = 0.567818,	Krip Loss = 0.567818,	RMSE = 1.148287
	Test cost = 0.909946,	Krip Loss = 0.909946,	RMSE = 1.276773
	Test cost = 1.016680,	Krip Loss = 1.016680,	RMSE = 1.568941
Epoch = 26
	Train cost = 0.559151,	Krip Loss = 0.559151,	RMSE = 1.142098
	Test cost = 0.906827,	Krip Loss = 0.906827,	RMSE = 1.283490
	Test cost = 1.043545,	Krip Loss = 1.043545,	RMSE = 1.517847
Epoch = 27
	Train cost = 0.555750,	Krip Loss = 0.555750,	RMSE = 1.099203
	Test cost = 0.906833,	Krip Loss = 0.906833,	RMSE = 1.286116
	Test cost = 1.029274,	Krip Loss = 1.029274,	RMSE = 1.474540
Epoch = 28
	Train cost = 0.540510,	Krip Loss = 0.540510,	RMSE = 1.093501
	Test cost = 0.914419,	Krip Loss = 0.914419,	RMSE = 1.277391
	Test cost = 1.045954,	Krip Loss = 1.045954,	RMSE = 1.578087
Validation Dyad = 8 	Testing Dyad = 4
RMSE of Average Prediction = 1.551682
(2870, 300, 148) (336, 300, 148) (206, 300, 148)
Compiling function
Compilation done 1
Compilation done 2
Compilation done 3
Epoch = 1
	Train cost = 0.999044,	Krip Loss = 0.999044,	RMSE = 4.047930
	Test cost = 0.998799,	Krip Loss = 0.998799,	RMSE = 3.715702
	Test cost = 0.997293,	Krip Loss = 0.997293,	RMSE = 3.580075
Epoch = 2
	Train cost = 0.981993,	Krip Loss = 0.981993,	RMSE = 3.285153
	Test cost = 0.994870,	Krip Loss = 0.994870,	RMSE = 2.805947
	Test cost = 0.991207,	Krip Loss = 0.991207,	RMSE = 2.661779
Epoch = 3
	Train cost = 0.956426,	Krip Loss = 0.956426,	RMSE = 1.890555
	Test cost = 0.924662,	Krip Loss = 0.924662,	RMSE = 1.027704
	Test cost = 0.938244,	Krip Loss = 0.938244,	RMSE = 1.269587
Epoch = 4
	Train cost = 0.926078,	Krip Loss = 0.926078,	RMSE = 1.427740
	Test cost = 0.854135,	Krip Loss = 0.854135,	RMSE = 0.936956
	Test cost = 0.913728,	Krip Loss = 0.913728,	RMSE = 1.358910
Epoch = 5
	Train cost = 0.893355,	Krip Loss = 0.893355,	RMSE = 1.327262
	Test cost = 0.968036,	Krip Loss = 0.968036,	RMSE = 2.080712
	Test cost = 0.962830,	Krip Loss = 0.962830,	RMSE = 1.923371
Epoch = 6
	Train cost = 0.905293,	Krip Loss = 0.905293,	RMSE = 1.593949
	Test cost = 0.969398,	Krip Loss = 0.969398,	RMSE = 1.628817
	Test cost = 0.970113,	Krip Loss = 0.970113,	RMSE = 2.274533
Epoch = 7
	Train cost = 0.897358,	Krip Loss = 0.897358,	RMSE = 1.661417
	Test cost = 0.921665,	Krip Loss = 0.921665,	RMSE = 1.221685
	Test cost = 0.933416,	Krip Loss = 0.933416,	RMSE = 1.389998
Epoch = 8
	Train cost = 0.853525,	Krip Loss = 0.853525,	RMSE = 1.249716
	Test cost = 0.924932,	Krip Loss = 0.924932,	RMSE = 1.523721
	Test cost = 0.926511,	Krip Loss = 0.926511,	RMSE = 1.535593
Epoch = 9
	Train cost = 0.862101,	Krip Loss = 0.862101,	RMSE = 1.370900
	Test cost = 0.957745,	Krip Loss = 0.957745,	RMSE = 1.219126
	Test cost = 0.948950,	Krip Loss = 0.948950,	RMSE = 1.885278
Epoch = 10
	Train cost = 0.818092,	Krip Loss = 0.818092,	RMSE = 1.250850
	Test cost = 0.905553,	Krip Loss = 0.905553,	RMSE = 1.101518
	Test cost = 0.815419,	Krip Loss = 0.815419,	RMSE = 1.327621
Epoch = 11
	Train cost = 0.803562,	Krip Loss = 0.803562,	RMSE = 1.200144
	Test cost = 0.940421,	Krip Loss = 0.940421,	RMSE = 1.709508
	Test cost = 0.850411,	Krip Loss = 0.850411,	RMSE = 1.537509
Epoch = 12
	Train cost = 0.842505,	Krip Loss = 0.842505,	RMSE = 1.350123
	Test cost = 0.896489,	Krip Loss = 0.896489,	RMSE = 1.144393
	Test cost = 0.894192,	Krip Loss = 0.894192,	RMSE = 1.622262
Epoch = 13
	Train cost = 0.783488,	Krip Loss = 0.783488,	RMSE = 1.186726
	Test cost = 0.887418,	Krip Loss = 0.887418,	RMSE = 1.149477
	Test cost = 0.792460,	Krip Loss = 0.792460,	RMSE = 1.587022
Epoch = 14
	Train cost = 0.766433,	Krip Loss = 0.766433,	RMSE = 1.187910
	Test cost = 0.919425,	Krip Loss = 0.919425,	RMSE = 1.138129
	Test cost = 0.792255,	Krip Loss = 0.792255,	RMSE = 1.412629
Epoch = 15
	Train cost = 0.736466,	Krip Loss = 0.736466,	RMSE = 1.201777
	Test cost = 0.932848,	Krip Loss = 0.932848,	RMSE = 1.197747
	Test cost = 0.796238,	Krip Loss = 0.796238,	RMSE = 1.416933
Epoch = 16
	Train cost = 0.729084,	Krip Loss = 0.729084,	RMSE = 1.214888
	Test cost = 0.907309,	Krip Loss = 0.907309,	RMSE = 1.307410
	Test cost = 0.877556,	Krip Loss = 0.877556,	RMSE = 1.879886
Validation Dyad = 3 	Testing Dyad = 7
RMSE of Average Prediction = 1.099699
(2634, 300, 148) (382, 300, 148) (396, 300, 148)
Compiling function
Compilation done 1
Compilation done 2
Compilation done 3
Epoch = 1
	Train cost = 1.000685,	Krip Loss = 1.000685,	RMSE = 4.127424
	Test cost = 0.998712,	Krip Loss = 0.998712,	RMSE = 5.408096
	Test cost = 0.999076,	Krip Loss = 0.999076,	RMSE = 5.103088
Epoch = 2
	Train cost = 0.997004,	Krip Loss = 0.997004,	RMSE = 4.594321
	Test cost = 0.998734,	Krip Loss = 0.998734,	RMSE = 5.586409
	Test cost = 0.999231,	Krip Loss = 0.999231,	RMSE = 5.253644
Epoch = 3
	Train cost = 0.976829,	Krip Loss = 0.976829,	RMSE = 3.564012
	Test cost = 0.996561,	Krip Loss = 0.996561,	RMSE = 4.002143
	Test cost = 0.998275,	Krip Loss = 0.998275,	RMSE = 3.480677
Epoch = 4
	Train cost = 0.963123,	Krip Loss = 0.963123,	RMSE = 2.255167
	Test cost = 0.963921,	Krip Loss = 0.963921,	RMSE = 1.457912
	Test cost = 0.998290,	Krip Loss = 0.998290,	RMSE = 1.564787
Epoch = 5
	Train cost = 0.883931,	Krip Loss = 0.883931,	RMSE = 1.152748
	Test cost = 0.951784,	Krip Loss = 0.951784,	RMSE = 1.502342
	Test cost = 1.004096,	Krip Loss = 1.004096,	RMSE = 1.714130
Epoch = 6
	Train cost = 0.888929,	Krip Loss = 0.888929,	RMSE = 1.353721
	Test cost = 0.906838,	Krip Loss = 0.906838,	RMSE = 1.288255
	Test cost = 1.025060,	Krip Loss = 1.025060,	RMSE = 1.225542
Epoch = 7
	Train cost = 0.869430,	Krip Loss = 0.869430,	RMSE = 1.593723
	Test cost = 0.893218,	Krip Loss = 0.893218,	RMSE = 1.236516
	Test cost = 1.012775,	Krip Loss = 1.012775,	RMSE = 1.398134
Epoch = 8
	Train cost = 0.819630,	Krip Loss = 0.819630,	RMSE = 1.233480
	Test cost = 0.911546,	Krip Loss = 0.911546,	RMSE = 1.305173
	Test cost = 0.994287,	Krip Loss = 0.994287,	RMSE = 1.584862
Epoch = 9
	Train cost = 0.820963,	Krip Loss = 0.820963,	RMSE = 1.316597
	Test cost = 0.908646,	Krip Loss = 0.908646,	RMSE = 1.147206
	Test cost = 0.983749,	Krip Loss = 0.983749,	RMSE = 1.467504
Epoch = 10
	Train cost = 0.884616,	Krip Loss = 0.884616,	RMSE = 2.229305
	Test cost = 0.955457,	Krip Loss = 0.955457,	RMSE = 1.810845
	Test cost = 0.995436,	Krip Loss = 0.995436,	RMSE = 2.240214
Epoch = 11
	Train cost = 0.800060,	Krip Loss = 0.800060,	RMSE = 1.225087
	Test cost = 0.913974,	Krip Loss = 0.913974,	RMSE = 1.183509
	Test cost = 1.007969,	Krip Loss = 1.007969,	RMSE = 1.569814
Epoch = 12
	Train cost = 0.861019,	Krip Loss = 0.861019,	RMSE = 2.189519
	Test cost = 0.953859,	Krip Loss = 0.953859,	RMSE = 1.944221
	Test cost = 1.001482,	Krip Loss = 1.001482,	RMSE = 1.964625
Epoch = 13
	Train cost = 0.743752,	Krip Loss = 0.743752,	RMSE = 1.281623
	Test cost = 0.886293,	Krip Loss = 0.886293,	RMSE = 1.332053
	Test cost = 0.979498,	Krip Loss = 0.979498,	RMSE = 1.223848
Epoch = 14
	Train cost = 0.812965,	Krip Loss = 0.812965,	RMSE = 1.822331
	Test cost = 0.931275,	Krip Loss = 0.931275,	RMSE = 1.409703
	Test cost = 1.007211,	Krip Loss = 1.007211,	RMSE = 1.572269
Epoch = 15
	Train cost = 0.720135,	Krip Loss = 0.720135,	RMSE = 1.214505
	Test cost = 0.906050,	Krip Loss = 0.906050,	RMSE = 1.188114
	Test cost = 1.014400,	Krip Loss = 1.014400,	RMSE = 1.366220
Epoch = 16
	Train cost = 0.814943,	Krip Loss = 0.814943,	RMSE = 1.941479
	Test cost = 0.917316,	Krip Loss = 0.917316,	RMSE = 1.426620
	Test cost = 0.997515,	Krip Loss = 0.997515,	RMSE = 1.813330
Epoch = 17
	Train cost = 0.683527,	Krip Loss = 0.683527,	RMSE = 1.169585
	Test cost = 0.889455,	Krip Loss = 0.889455,	RMSE = 1.175416
	Test cost = 0.993395,	Krip Loss = 0.993395,	RMSE = 1.459815
Epoch = 18
	Train cost = 0.749262,	Krip Loss = 0.749262,	RMSE = 1.490163
	Test cost = 0.927718,	Krip Loss = 0.927718,	RMSE = 1.571976
	Test cost = 0.980873,	Krip Loss = 0.980873,	RMSE = 1.316281
Validation Dyad = 16 	Testing Dyad = 8
RMSE of Average Prediction = 1.211513
(2872, 300, 148) (204, 300, 148) (336, 300, 148)
Compiling function
Compilation done 1
Compilation done 2
Compilation done 3
Epoch = 1
	Train cost = 0.999560,	Krip Loss = 0.999560,	RMSE = 4.190788
	Test cost = 1.009813,	Krip Loss = 1.009813,	RMSE = 3.010597
	Test cost = 0.998539,	Krip Loss = 0.998539,	RMSE = 3.728132
Epoch = 2
	Train cost = 0.985238,	Krip Loss = 0.985238,	RMSE = 3.397406
	Test cost = 1.025214,	Krip Loss = 1.025214,	RMSE = 1.512645
	Test cost = 0.993252,	Krip Loss = 0.993252,	RMSE = 2.554909
Epoch = 3
	Train cost = 0.945528,	Krip Loss = 0.945528,	RMSE = 1.702469
	Test cost = 1.057327,	Krip Loss = 1.057327,	RMSE = 1.553732
	Test cost = 0.916509,	Krip Loss = 0.916509,	RMSE = 1.154234
Epoch = 4
	Train cost = 0.903415,	Krip Loss = 0.903415,	RMSE = 1.385245
	Test cost = 1.043096,	Krip Loss = 1.043096,	RMSE = 1.189915
	Test cost = 0.963347,	Krip Loss = 0.963347,	RMSE = 1.802300
Epoch = 5
	Train cost = 0.873842,	Krip Loss = 0.873842,	RMSE = 1.410633
	Test cost = 1.022304,	Krip Loss = 1.022304,	RMSE = 1.488828
	Test cost = 0.897239,	Krip Loss = 0.897239,	RMSE = 1.179370
Epoch = 6
	Train cost = 0.833907,	Krip Loss = 0.833907,	RMSE = 1.475450
	Test cost = 0.979453,	Krip Loss = 0.979453,	RMSE = 1.254340
	Test cost = 0.947954,	Krip Loss = 0.947954,	RMSE = 1.581346
Epoch = 7
	Train cost = 0.869370,	Krip Loss = 0.869370,	RMSE = 1.620287
	Test cost = 1.027286,	Krip Loss = 1.027286,	RMSE = 1.550901
	Test cost = 0.947412,	Krip Loss = 0.947412,	RMSE = 1.336080
Epoch = 8
	Train cost = 0.790762,	Krip Loss = 0.790762,	RMSE = 1.407307
	Test cost = 1.045601,	Krip Loss = 1.045601,	RMSE = 1.298014
	Test cost = 0.959051,	Krip Loss = 0.959051,	RMSE = 1.667442
Epoch = 9
	Train cost = 0.820324,	Krip Loss = 0.820324,	RMSE = 1.394249
	Test cost = 1.010883,	Krip Loss = 1.010883,	RMSE = 1.387413
	Test cost = 0.979595,	Krip Loss = 0.979595,	RMSE = 1.354797
Epoch = 10
	Train cost = 0.793957,	Krip Loss = 0.793957,	RMSE = 1.451845
	Test cost = 1.020463,	Krip Loss = 1.020463,	RMSE = 1.515655
	Test cost = 1.002115,	Krip Loss = 1.002115,	RMSE = 1.505638
Epoch = 11
	Train cost = 0.789994,	Krip Loss = 0.789994,	RMSE = 1.695044
	Test cost = 0.987082,	Krip Loss = 0.987082,	RMSE = 1.550379
	Test cost = 0.978976,	Krip Loss = 0.978976,	RMSE = 2.159664
Epoch = 12
	Train cost = 0.735010,	Krip Loss = 0.735010,	RMSE = 1.310369
	Test cost = 0.920689,	Krip Loss = 0.920689,	RMSE = 1.208861
	Test cost = 0.998302,	Krip Loss = 0.998302,	RMSE = 2.047514
Epoch = 13
	Train cost = 0.781866,	Krip Loss = 0.781866,	RMSE = 1.373685
	Test cost = 0.945487,	Krip Loss = 0.945487,	RMSE = 1.261864
	Test cost = 1.002653,	Krip Loss = 1.002653,	RMSE = 1.431212
Epoch = 14
	Train cost = 0.762771,	Krip Loss = 0.762771,	RMSE = 1.621809
	Test cost = 1.013270,	Krip Loss = 1.013270,	RMSE = 1.875780
	Test cost = 0.967801,	Krip Loss = 0.967801,	RMSE = 1.720396
Epoch = 15
	Train cost = 0.702497,	Krip Loss = 0.702497,	RMSE = 1.307751
	Test cost = 0.956588,	Krip Loss = 0.956588,	RMSE = 1.293594
	Test cost = 0.998270,	Krip Loss = 0.998270,	RMSE = 1.831602
Epoch = 16
	Train cost = 0.704136,	Krip Loss = 0.704136,	RMSE = 1.284212
	Test cost = 0.945357,	Krip Loss = 0.945357,	RMSE = 1.412062
	Test cost = 1.049891,	Krip Loss = 1.049891,	RMSE = 1.694923
Epoch = 17
	Train cost = 0.687606,	Krip Loss = 0.687606,	RMSE = 1.246927
	Test cost = 0.941512,	Krip Loss = 0.941512,	RMSE = 1.266334
	Test cost = 1.077607,	Krip Loss = 1.077607,	RMSE = 1.741681
Validation Dyad = 12 	Testing Dyad = 9
RMSE of Average Prediction = 1.186886
(2634, 300, 148) (396, 300, 148) (382, 300, 148)
Compiling function
Compilation done 1
Compilation done 2
Compilation done 3
Epoch = 1
	Train cost = 1.000137,	Krip Loss = 1.000137,	RMSE = 3.794585
	Test cost = 0.996166,	Krip Loss = 0.996166,	RMSE = 4.010836
	Test cost = 0.995008,	Krip Loss = 0.995008,	RMSE = 5.070224
Epoch = 2
	Train cost = 0.989095,	Krip Loss = 0.989095,	RMSE = 4.093837
	Test cost = 0.992455,	Krip Loss = 0.992455,	RMSE = 2.839869
	Test cost = 0.994290,	Krip Loss = 0.994290,	RMSE = 4.154271
Epoch = 3
	Train cost = 0.952578,	Krip Loss = 0.952578,	RMSE = 2.051174
	Test cost = 0.963006,	Krip Loss = 0.963006,	RMSE = 1.167031
	Test cost = 0.967284,	Krip Loss = 0.967284,	RMSE = 1.599594
Epoch = 4
	Train cost = 0.870395,	Krip Loss = 0.870395,	RMSE = 1.393628
	Test cost = 0.975798,	Krip Loss = 0.975798,	RMSE = 1.601038
	Test cost = 1.014677,	Krip Loss = 1.014677,	RMSE = 1.233625
Epoch = 5
	Train cost = 0.903902,	Krip Loss = 0.903902,	RMSE = 1.863765
	Test cost = 0.946733,	Krip Loss = 0.946733,	RMSE = 1.435159
	Test cost = 1.024626,	Krip Loss = 1.024626,	RMSE = 1.613133
Epoch = 6
	Train cost = 0.873438,	Krip Loss = 0.873438,	RMSE = 1.401370
	Test cost = 0.973245,	Krip Loss = 0.973245,	RMSE = 1.308052
	Test cost = 1.020384,	Krip Loss = 1.020384,	RMSE = 1.394938
Epoch = 7
	Train cost = 0.859914,	Krip Loss = 0.859914,	RMSE = 1.504852
	Test cost = 0.938169,	Krip Loss = 0.938169,	RMSE = 1.258699
	Test cost = 1.019107,	Krip Loss = 1.019107,	RMSE = 2.261376
Epoch = 8
	Train cost = 0.871907,	Krip Loss = 0.871907,	RMSE = 1.805912
	Test cost = 0.886751,	Krip Loss = 0.886751,	RMSE = 1.513252
	Test cost = 0.996255,	Krip Loss = 0.996255,	RMSE = 2.641275
Epoch = 9
	Train cost = 0.854547,	Krip Loss = 0.854547,	RMSE = 1.819068
	Test cost = 0.933315,	Krip Loss = 0.933315,	RMSE = 1.567914
	Test cost = 1.075469,	Krip Loss = 1.075469,	RMSE = 1.754450
Epoch = 10
	Train cost = 0.870060,	Krip Loss = 0.870060,	RMSE = 1.768344
	Test cost = 0.920644,	Krip Loss = 0.920644,	RMSE = 1.288376
	Test cost = 1.092335,	Krip Loss = 1.092335,	RMSE = 1.323523
Epoch = 11
	Train cost = 0.789661,	Krip Loss = 0.789661,	RMSE = 1.356042
	Test cost = 0.950535,	Krip Loss = 0.950535,	RMSE = 1.859395
	Test cost = 1.033156,	Krip Loss = 1.033156,	RMSE = 1.659786
Epoch = 12
	Train cost = 0.826857,	Krip Loss = 0.826857,	RMSE = 1.723629
	Test cost = 0.883701,	Krip Loss = 0.883701,	RMSE = 1.259710
	Test cost = 1.017257,	Krip Loss = 1.017257,	RMSE = 1.788206
Epoch = 13
	Train cost = 0.796844,	Krip Loss = 0.796844,	RMSE = 1.506923
	Test cost = 0.928318,	Krip Loss = 0.928318,	RMSE = 1.490958
	Test cost = 1.024525,	Krip Loss = 1.024525,	RMSE = 1.665506
Epoch = 14
	Train cost = 0.807547,	Krip Loss = 0.807547,	RMSE = 1.512925
	Test cost = 0.858060,	Krip Loss = 0.858060,	RMSE = 1.184652
	Test cost = 1.057843,	Krip Loss = 1.057843,	RMSE = 1.361405
Epoch = 15
	Train cost = 0.755937,	Krip Loss = 0.755937,	RMSE = 1.357156
	Test cost = 0.940441,	Krip Loss = 0.940441,	RMSE = 1.671001
	Test cost = 1.061195,	Krip Loss = 1.061195,	RMSE = 1.416992
Epoch = 16
	Train cost = 0.802166,	Krip Loss = 0.802166,	RMSE = 1.692684
	Test cost = 0.875919,	Krip Loss = 0.875919,	RMSE = 1.277386
	Test cost = 1.062481,	Krip Loss = 1.062481,	RMSE = 1.565898
Epoch = 17
	Train cost = 0.756258,	Krip Loss = 0.756258,	RMSE = 1.383631
	Test cost = 0.904324,	Krip Loss = 0.904324,	RMSE = 1.476114
	Test cost = 1.051216,	Krip Loss = 1.051216,	RMSE = 1.318340
Epoch = 18
	Train cost = 0.739587,	Krip Loss = 0.739587,	RMSE = 1.463724
	Test cost = 0.873896,	Krip Loss = 0.873896,	RMSE = 1.310652
	Test cost = 1.015671,	Krip Loss = 1.015671,	RMSE = 1.449433
Epoch = 19
	Train cost = 0.736808,	Krip Loss = 0.736808,	RMSE = 1.400140
	Test cost = 0.901817,	Krip Loss = 0.901817,	RMSE = 1.358116
	Test cost = 1.005898,	Krip Loss = 1.005898,	RMSE = 1.615290
Validation Dyad = 11 	Testing Dyad = 10
RMSE of Average Prediction = 1.377776
(2700, 300, 148) (358, 300, 148) (354, 300, 148)
Compiling function
Compilation done 1
Compilation done 2
Compilation done 3
Epoch = 1
	Train cost = 0.997976,	Krip Loss = 0.997976,	RMSE = 3.815583
	Test cost = 1.001809,	Krip Loss = 1.001809,	RMSE = 3.791366
	Test cost = 1.000025,	Krip Loss = 1.000025,	RMSE = 4.034778
Epoch = 2
	Train cost = 0.980783,	Krip Loss = 0.980783,	RMSE = 3.240233
	Test cost = 1.015306,	Krip Loss = 1.015306,	RMSE = 2.206221
	Test cost = 0.999307,	Krip Loss = 0.999307,	RMSE = 2.394188
Epoch = 3
	Train cost = 0.964725,	Krip Loss = 0.964725,	RMSE = 2.264027
	Test cost = 0.998154,	Krip Loss = 0.998154,	RMSE = 1.682512
	Test cost = 0.988086,	Krip Loss = 0.988086,	RMSE = 1.929689
Epoch = 4
	Train cost = 0.953156,	Krip Loss = 0.953156,	RMSE = 2.496323
	Test cost = 1.013829,	Krip Loss = 1.013829,	RMSE = 1.779450
	Test cost = 1.004203,	Krip Loss = 1.004203,	RMSE = 1.788277
Epoch = 5
	Train cost = 0.914101,	Krip Loss = 0.914101,	RMSE = 1.411860
	Test cost = 1.001150,	Krip Loss = 1.001150,	RMSE = 1.597786
	Test cost = 1.025004,	Krip Loss = 1.025004,	RMSE = 1.451250
Epoch = 6
	Train cost = 0.899738,	Krip Loss = 0.899738,	RMSE = 1.369144
	Test cost = 1.002355,	Krip Loss = 1.002355,	RMSE = 1.478109
	Test cost = 1.030435,	Krip Loss = 1.030435,	RMSE = 1.269471
Epoch = 7
	Train cost = 0.840323,	Krip Loss = 0.840323,	RMSE = 1.296121
	Test cost = 1.027623,	Krip Loss = 1.027623,	RMSE = 1.938182
	Test cost = 1.006279,	Krip Loss = 1.006279,	RMSE = 1.727802
Epoch = 8
	Train cost = 0.871625,	Krip Loss = 0.871625,	RMSE = 1.554960
	Test cost = 1.024862,	Krip Loss = 1.024862,	RMSE = 1.535896
	Test cost = 1.005126,	Krip Loss = 1.005126,	RMSE = 1.403140
Epoch = 9
	Train cost = 0.867576,	Krip Loss = 0.867576,	RMSE = 1.523163
	Test cost = 0.994488,	Krip Loss = 0.994488,	RMSE = 1.702767
	Test cost = 1.002087,	Krip Loss = 1.002087,	RMSE = 1.515050
Epoch = 10
	Train cost = 0.859653,	Krip Loss = 0.859653,	RMSE = 1.536680
	Test cost = 1.009882,	Krip Loss = 1.009882,	RMSE = 1.849291
	Test cost = 0.991643,	Krip Loss = 0.991643,	RMSE = 1.647804
Epoch = 11
	Train cost = 0.903660,	Krip Loss = 0.903660,	RMSE = 1.993605
	Test cost = 1.003931,	Krip Loss = 1.003931,	RMSE = 2.165008
	Test cost = 0.998310,	Krip Loss = 0.998310,	RMSE = 1.914121
Epoch = 12
	Train cost = 0.828869,	Krip Loss = 0.828869,	RMSE = 1.368755
	Test cost = 1.006706,	Krip Loss = 1.006706,	RMSE = 1.782132
	Test cost = 0.989972,	Krip Loss = 0.989972,	RMSE = 1.441211
Epoch = 13
	Train cost = 0.832803,	Krip Loss = 0.832803,	RMSE = 1.395697
	Test cost = 0.994806,	Krip Loss = 0.994806,	RMSE = 1.496537
	Test cost = 1.016161,	Krip Loss = 1.016161,	RMSE = 1.267959
Epoch = 14
	Train cost = 0.825742,	Krip Loss = 0.825742,	RMSE = 1.356182
	Test cost = 0.988813,	Krip Loss = 0.988813,	RMSE = 1.455871
	Test cost = 1.001996,	Krip Loss = 1.001996,	RMSE = 1.256617
Epoch = 15
	Train cost = 0.794515,	Krip Loss = 0.794515,	RMSE = 1.301173
	Test cost = 0.984569,	Krip Loss = 0.984569,	RMSE = 1.383781
	Test cost = 1.003728,	Krip Loss = 1.003728,	RMSE = 1.173455
Epoch = 16
	Train cost = 0.772517,	Krip Loss = 0.772517,	RMSE = 1.248590
	Test cost = 0.980546,	Krip Loss = 0.980546,	RMSE = 1.474037
	Test cost = 1.006426,	Krip Loss = 1.006426,	RMSE = 1.203979
Epoch = 17
	Train cost = 0.771344,	Krip Loss = 0.771344,	RMSE = 1.371724
	Test cost = 1.006384,	Krip Loss = 1.006384,	RMSE = 1.341374
	Test cost = 1.003858,	Krip Loss = 1.003858,	RMSE = 1.122725
Epoch = 18
	Train cost = 0.745230,	Krip Loss = 0.745230,	RMSE = 1.254767
	Test cost = 0.989128,	Krip Loss = 0.989128,	RMSE = 1.464814
	Test cost = 1.020763,	Krip Loss = 1.020763,	RMSE = 1.227806
Epoch = 19
	Train cost = 0.756156,	Krip Loss = 0.756156,	RMSE = 1.291812
	Test cost = 1.000366,	Krip Loss = 1.000366,	RMSE = 1.326211
	Test cost = 1.024710,	Krip Loss = 1.024710,	RMSE = 1.200362
Epoch = 20
	Train cost = 0.720393,	Krip Loss = 0.720393,	RMSE = 1.204359
	Test cost = 0.975956,	Krip Loss = 0.975956,	RMSE = 1.424156
	Test cost = 1.034107,	Krip Loss = 1.034107,	RMSE = 1.243423
Epoch = 21
	Train cost = 0.722633,	Krip Loss = 0.722633,	RMSE = 1.304758
	Test cost = 0.968756,	Krip Loss = 0.968756,	RMSE = 1.278912
	Test cost = 1.012519,	Krip Loss = 1.012519,	RMSE = 1.190069
Epoch = 22
	Train cost = 0.684155,	Krip Loss = 0.684155,	RMSE = 1.161278
	Test cost = 0.987999,	Krip Loss = 0.987999,	RMSE = 1.344655
	Test cost = 1.002654,	Krip Loss = 1.002654,	RMSE = 1.198167
Epoch = 23
	Train cost = 0.691617,	Krip Loss = 0.691617,	RMSE = 1.220610
	Test cost = 0.983506,	Krip Loss = 0.983506,	RMSE = 1.355751
	Test cost = 1.002801,	Krip Loss = 1.002801,	RMSE = 1.146770
Epoch = 24
	Train cost = 0.667390,	Krip Loss = 0.667390,	RMSE = 1.167787
	Test cost = 0.975005,	Krip Loss = 0.975005,	RMSE = 1.365812
	Test cost = 1.007336,	Krip Loss = 1.007336,	RMSE = 1.225291
Epoch = 25
	Train cost = 0.677107,	Krip Loss = 0.677107,	RMSE = 1.175292
	Test cost = 0.990798,	Krip Loss = 0.990798,	RMSE = 1.362150
	Test cost = 1.006674,	Krip Loss = 1.006674,	RMSE = 1.221360
Epoch = 26
	Train cost = 0.657078,	Krip Loss = 0.657078,	RMSE = 1.158205
	Test cost = 0.973693,	Krip Loss = 0.973693,	RMSE = 1.281904
	Test cost = 0.988328,	Krip Loss = 0.988328,	RMSE = 1.171362
Validation Dyad = 10 	Testing Dyad = 11
RMSE of Average Prediction = 1.437857
(2700, 300, 148) (354, 300, 148) (358, 300, 148)
Compiling function
Compilation done 1
Compilation done 2
Compilation done 3
Epoch = 1
	Train cost = 0.997976,	Krip Loss = 0.997976,	RMSE = 3.815583
	Test cost = 1.000025,	Krip Loss = 1.000025,	RMSE = 4.034778
	Test cost = 1.001809,	Krip Loss = 1.001809,	RMSE = 3.791366
Epoch = 2
	Train cost = 0.980783,	Krip Loss = 0.980783,	RMSE = 3.240233
	Test cost = 0.999307,	Krip Loss = 0.999307,	RMSE = 2.394188
	Test cost = 1.015306,	Krip Loss = 1.015306,	RMSE = 2.206221
Epoch = 3
	Train cost = 0.964725,	Krip Loss = 0.964725,	RMSE = 2.264027
	Test cost = 0.988086,	Krip Loss = 0.988086,	RMSE = 1.929689
	Test cost = 0.998154,	Krip Loss = 0.998154,	RMSE = 1.682512
Epoch = 4
	Train cost = 0.953156,	Krip Loss = 0.953156,	RMSE = 2.496323
	Test cost = 1.004203,	Krip Loss = 1.004203,	RMSE = 1.788277
	Test cost = 1.013829,	Krip Loss = 1.013829,	RMSE = 1.779450
Epoch = 5
	Train cost = 0.914101,	Krip Loss = 0.914101,	RMSE = 1.411860
	Test cost = 1.025004,	Krip Loss = 1.025004,	RMSE = 1.451250
	Test cost = 1.001150,	Krip Loss = 1.001150,	RMSE = 1.597786
Epoch = 6
	Train cost = 0.899738,	Krip Loss = 0.899738,	RMSE = 1.369144
	Test cost = 1.030435,	Krip Loss = 1.030435,	RMSE = 1.269471
	Test cost = 1.002355,	Krip Loss = 1.002355,	RMSE = 1.478109
Epoch = 7
	Train cost = 0.840323,	Krip Loss = 0.840323,	RMSE = 1.296121
	Test cost = 1.006279,	Krip Loss = 1.006279,	RMSE = 1.727802
	Test cost = 1.027623,	Krip Loss = 1.027623,	RMSE = 1.938182
Epoch = 8
	Train cost = 0.871625,	Krip Loss = 0.871625,	RMSE = 1.554960
	Test cost = 1.005126,	Krip Loss = 1.005126,	RMSE = 1.403140
	Test cost = 1.024862,	Krip Loss = 1.024862,	RMSE = 1.535896
Epoch = 9
	Train cost = 0.867576,	Krip Loss = 0.867576,	RMSE = 1.523163
	Test cost = 1.002087,	Krip Loss = 1.002087,	RMSE = 1.515050
	Test cost = 0.994488,	Krip Loss = 0.994488,	RMSE = 1.702767
Epoch = 10
	Train cost = 0.859653,	Krip Loss = 0.859653,	RMSE = 1.536680
	Test cost = 0.991643,	Krip Loss = 0.991643,	RMSE = 1.647804
	Test cost = 1.009882,	Krip Loss = 1.009882,	RMSE = 1.849291
Epoch = 11
	Train cost = 0.903660,	Krip Loss = 0.903660,	RMSE = 1.993605
	Test cost = 0.998310,	Krip Loss = 0.998310,	RMSE = 1.914121
	Test cost = 1.003931,	Krip Loss = 1.003931,	RMSE = 2.165008
Epoch = 12
	Train cost = 0.828869,	Krip Loss = 0.828869,	RMSE = 1.368755
	Test cost = 0.989972,	Krip Loss = 0.989972,	RMSE = 1.441211
	Test cost = 1.006706,	Krip Loss = 1.006706,	RMSE = 1.782132
Epoch = 13
	Train cost = 0.832803,	Krip Loss = 0.832803,	RMSE = 1.395697
	Test cost = 1.016161,	Krip Loss = 1.016161,	RMSE = 1.267959
	Test cost = 0.994806,	Krip Loss = 0.994806,	RMSE = 1.496537
Epoch = 14
	Train cost = 0.825742,	Krip Loss = 0.825742,	RMSE = 1.356182
	Test cost = 1.001996,	Krip Loss = 1.001996,	RMSE = 1.256617
	Test cost = 0.988813,	Krip Loss = 0.988813,	RMSE = 1.455871
Epoch = 15
	Train cost = 0.794515,	Krip Loss = 0.794515,	RMSE = 1.301173
	Test cost = 1.003728,	Krip Loss = 1.003728,	RMSE = 1.173455
	Test cost = 0.984569,	Krip Loss = 0.984569,	RMSE = 1.383781
Epoch = 16
	Train cost = 0.772517,	Krip Loss = 0.772517,	RMSE = 1.248590
	Test cost = 1.006426,	Krip Loss = 1.006426,	RMSE = 1.203979
	Test cost = 0.980546,	Krip Loss = 0.980546,	RMSE = 1.474037
Epoch = 17
	Train cost = 0.771344,	Krip Loss = 0.771344,	RMSE = 1.371724
	Test cost = 1.003858,	Krip Loss = 1.003858,	RMSE = 1.122725
	Test cost = 1.006384,	Krip Loss = 1.006384,	RMSE = 1.341374
Epoch = 18
	Train cost = 0.745230,	Krip Loss = 0.745230,	RMSE = 1.254767
	Test cost = 1.020763,	Krip Loss = 1.020763,	RMSE = 1.227806
	Test cost = 0.989128,	Krip Loss = 0.989128,	RMSE = 1.464814
Epoch = 19
	Train cost = 0.756156,	Krip Loss = 0.756156,	RMSE = 1.291812
	Test cost = 1.024710,	Krip Loss = 1.024710,	RMSE = 1.200362
	Test cost = 1.000366,	Krip Loss = 1.000366,	RMSE = 1.326211
Epoch = 20
	Train cost = 0.720393,	Krip Loss = 0.720393,	RMSE = 1.204359
	Test cost = 1.034107,	Krip Loss = 1.034107,	RMSE = 1.243423
	Test cost = 0.975956,	Krip Loss = 0.975956,	RMSE = 1.424156
Epoch = 21
	Train cost = 0.722633,	Krip Loss = 0.722633,	RMSE = 1.304758
	Test cost = 1.012519,	Krip Loss = 1.012519,	RMSE = 1.190069
	Test cost = 0.968756,	Krip Loss = 0.968756,	RMSE = 1.278912
Epoch = 22
	Train cost = 0.684155,	Krip Loss = 0.684155,	RMSE = 1.161278
	Test cost = 1.002654,	Krip Loss = 1.002654,	RMSE = 1.198167
	Test cost = 0.987999,	Krip Loss = 0.987999,	RMSE = 1.344655
Epoch = 23
	Train cost = 0.691617,	Krip Loss = 0.691617,	RMSE = 1.220610
	Test cost = 1.002801,	Krip Loss = 1.002801,	RMSE = 1.146770
	Test cost = 0.983506,	Krip Loss = 0.983506,	RMSE = 1.355751
Epoch = 24
	Train cost = 0.667390,	Krip Loss = 0.667390,	RMSE = 1.167787
	Test cost = 1.007336,	Krip Loss = 1.007336,	RMSE = 1.225291
	Test cost = 0.975005,	Krip Loss = 0.975005,	RMSE = 1.365812
Epoch = 25
	Train cost = 0.677107,	Krip Loss = 0.677107,	RMSE = 1.175292
	Test cost = 1.006674,	Krip Loss = 1.006674,	RMSE = 1.221360
	Test cost = 0.990798,	Krip Loss = 0.990798,	RMSE = 1.362150
Epoch = 26
	Train cost = 0.657078,	Krip Loss = 0.657078,	RMSE = 1.158205
	Test cost = 0.988328,	Krip Loss = 0.988328,	RMSE = 1.171362
	Test cost = 0.973693,	Krip Loss = 0.973693,	RMSE = 1.281904
Epoch = 27
	Train cost = 0.653031,	Krip Loss = 0.653031,	RMSE = 1.194244
	Test cost = 1.009751,	Krip Loss = 1.009751,	RMSE = 1.234753
	Test cost = 0.958598,	Krip Loss = 0.958598,	RMSE = 1.330949
Epoch = 28
	Train cost = 0.609477,	Krip Loss = 0.609477,	RMSE = 1.120023
	Test cost = 0.988794,	Krip Loss = 0.988794,	RMSE = 1.212067
	Test cost = 0.953942,	Krip Loss = 0.953942,	RMSE = 1.318853
Epoch = 29
	Train cost = 0.611606,	Krip Loss = 0.611606,	RMSE = 1.118924
	Test cost = 1.001474,	Krip Loss = 1.001474,	RMSE = 1.268034
	Test cost = 0.940564,	Krip Loss = 0.940564,	RMSE = 1.387678
Epoch = 30
	Train cost = 0.590923,	Krip Loss = 0.590923,	RMSE = 1.122848
	Test cost = 0.974881,	Krip Loss = 0.974881,	RMSE = 1.196460
	Test cost = 0.954838,	Krip Loss = 0.954838,	RMSE = 1.350135
Epoch = 31
	Train cost = 0.581772,	Krip Loss = 0.581772,	RMSE = 1.092136
	Test cost = 0.963823,	Krip Loss = 0.963823,	RMSE = 1.162941
	Test cost = 0.953745,	Krip Loss = 0.953745,	RMSE = 1.291126
Epoch = 32
	Train cost = 0.574368,	Krip Loss = 0.574368,	RMSE = 1.097966
	Test cost = 0.969640,	Krip Loss = 0.969640,	RMSE = 1.186513
	Test cost = 0.934319,	Krip Loss = 0.934319,	RMSE = 1.323589
Epoch = 33
	Train cost = 0.572740,	Krip Loss = 0.572740,	RMSE = 1.098026
	Test cost = 0.972504,	Krip Loss = 0.972504,	RMSE = 1.191166
	Test cost = 0.934620,	Krip Loss = 0.934620,	RMSE = 1.320196
Epoch = 34
	Train cost = 0.561258,	Krip Loss = 0.561258,	RMSE = 1.080785
	Test cost = 0.961706,	Krip Loss = 0.961706,	RMSE = 1.165664
	Test cost = 0.956289,	Krip Loss = 0.956289,	RMSE = 1.408933
Epoch = 35
	Train cost = 0.543801,	Krip Loss = 0.543801,	RMSE = 1.040148
	Test cost = 0.965647,	Krip Loss = 0.965647,	RMSE = 1.229456
	Test cost = 0.932189,	Krip Loss = 0.932189,	RMSE = 1.381067
Epoch = 36
	Train cost = 0.534235,	Krip Loss = 0.534235,	RMSE = 1.055232
	Test cost = 0.970581,	Krip Loss = 0.970581,	RMSE = 1.223845
	Test cost = 0.955822,	Krip Loss = 0.955822,	RMSE = 1.422688
Epoch = 37
	Train cost = 0.539375,	Krip Loss = 0.539375,	RMSE = 1.059390
	Test cost = 0.963431,	Krip Loss = 0.963431,	RMSE = 1.247666
	Test cost = 0.943634,	Krip Loss = 0.943634,	RMSE = 1.360107
Epoch = 38
	Train cost = 0.525756,	Krip Loss = 0.525756,	RMSE = 1.034806
	Test cost = 0.941415,	Krip Loss = 0.941415,	RMSE = 1.193520
	Test cost = 0.940937,	Krip Loss = 0.940937,	RMSE = 1.328729
Epoch = 39
	Train cost = 0.515457,	Krip Loss = 0.515457,	RMSE = 1.051202
	Test cost = 0.947568,	Krip Loss = 0.947568,	RMSE = 1.208804
	Test cost = 0.935161,	Krip Loss = 0.935161,	RMSE = 1.320356
Epoch = 40
	Train cost = 0.502584,	Krip Loss = 0.502584,	RMSE = 1.032618
	Test cost = 0.970164,	Krip Loss = 0.970164,	RMSE = 1.204463
	Test cost = 0.940751,	Krip Loss = 0.940751,	RMSE = 1.378853
Epoch = 41
	Train cost = 0.490838,	Krip Loss = 0.490838,	RMSE = 1.007244
	Test cost = 0.952071,	Krip Loss = 0.952071,	RMSE = 1.186241
	Test cost = 0.953654,	Krip Loss = 0.953654,	RMSE = 1.377250
Epoch = 42
	Train cost = 0.516067,	Krip Loss = 0.516067,	RMSE = 1.086281
	Test cost = 0.968444,	Krip Loss = 0.968444,	RMSE = 1.219153
	Test cost = 0.938719,	Krip Loss = 0.938719,	RMSE = 1.356878
Epoch = 43
	Train cost = 0.477240,	Krip Loss = 0.477240,	RMSE = 0.986419
	Test cost = 0.955764,	Krip Loss = 0.955764,	RMSE = 1.187194
	Test cost = 0.953119,	Krip Loss = 0.953119,	RMSE = 1.402123
Validation Dyad = 4 	Testing Dyad = 12
RMSE of Average Prediction = 1.741178
(2810, 300, 148) (206, 300, 148) (396, 300, 148)
Compiling function
Compilation done 1
Compilation done 2
Compilation done 3
Epoch = 1
	Train cost = 0.999832,	Krip Loss = 0.999832,	RMSE = 4.117143
	Test cost = 0.997671,	Krip Loss = 0.997671,	RMSE = 4.547426
	Test cost = 0.996837,	Krip Loss = 0.996837,	RMSE = 4.577992
Epoch = 2
	Train cost = 0.991678,	Krip Loss = 0.991678,	RMSE = 4.392415
	Test cost = 0.990817,	Krip Loss = 0.990817,	RMSE = 2.834803
	Test cost = 1.000322,	Krip Loss = 1.000322,	RMSE = 2.709272
Epoch = 3
	Train cost = 0.957959,	Krip Loss = 0.957959,	RMSE = 1.851684
	Test cost = 0.938213,	Krip Loss = 0.938213,	RMSE = 1.679042
	Test cost = 0.986212,	Krip Loss = 0.986212,	RMSE = 1.227066
Epoch = 4
	Train cost = 0.907633,	Krip Loss = 0.907633,	RMSE = 1.387102
	Test cost = 0.918768,	Krip Loss = 0.918768,	RMSE = 1.600767
	Test cost = 0.946154,	Krip Loss = 0.946154,	RMSE = 1.519797
Epoch = 5
	Train cost = 0.896986,	Krip Loss = 0.896986,	RMSE = 1.567243
	Test cost = 0.898772,	Krip Loss = 0.898772,	RMSE = 1.609245
	Test cost = 0.985042,	Krip Loss = 0.985042,	RMSE = 1.289290
Epoch = 6
	Train cost = 0.850986,	Krip Loss = 0.850986,	RMSE = 1.377331
	Test cost = 0.947929,	Krip Loss = 0.947929,	RMSE = 2.083077
	Test cost = 0.988748,	Krip Loss = 0.988748,	RMSE = 1.676018
Epoch = 7
	Train cost = 0.879116,	Krip Loss = 0.879116,	RMSE = 1.536225
	Test cost = 0.890369,	Krip Loss = 0.890369,	RMSE = 1.519372
	Test cost = 0.998159,	Krip Loss = 0.998159,	RMSE = 2.035776
Epoch = 8
	Train cost = 0.888591,	Krip Loss = 0.888591,	RMSE = 1.681538
	Test cost = 0.924901,	Krip Loss = 0.924901,	RMSE = 2.415207
	Test cost = 0.972430,	Krip Loss = 0.972430,	RMSE = 1.472097
Epoch = 9
	Train cost = 0.855114,	Krip Loss = 0.855114,	RMSE = 1.481128
	Test cost = 0.890659,	Krip Loss = 0.890659,	RMSE = 1.473705
	Test cost = 1.000845,	Krip Loss = 1.000845,	RMSE = 1.662499
Epoch = 10
	Train cost = 0.855002,	Krip Loss = 0.855002,	RMSE = 1.532246
	Test cost = 0.865541,	Krip Loss = 0.865541,	RMSE = 1.676759
	Test cost = 0.947011,	Krip Loss = 0.947011,	RMSE = 1.366927
Epoch = 11
	Train cost = 0.829202,	Krip Loss = 0.829202,	RMSE = 1.330487
	Test cost = 0.962989,	Krip Loss = 0.962989,	RMSE = 2.777634
	Test cost = 0.927199,	Krip Loss = 0.927199,	RMSE = 1.481300
Epoch = 12
	Train cost = 0.883982,	Krip Loss = 0.883982,	RMSE = 1.820917
	Test cost = 0.954380,	Krip Loss = 0.954380,	RMSE = 2.909027
	Test cost = 0.919361,	Krip Loss = 0.919361,	RMSE = 1.550636
Epoch = 13
	Train cost = 0.838782,	Krip Loss = 0.838782,	RMSE = 1.507687
	Test cost = 0.883232,	Krip Loss = 0.883232,	RMSE = 1.700855
	Test cost = 0.961245,	Krip Loss = 0.961245,	RMSE = 1.602095
Epoch = 14
	Train cost = 0.847371,	Krip Loss = 0.847371,	RMSE = 1.588452
	Test cost = 0.952597,	Krip Loss = 0.952597,	RMSE = 2.907793
	Test cost = 0.944494,	Krip Loss = 0.944494,	RMSE = 1.248884
Epoch = 15
	Train cost = 0.821242,	Krip Loss = 0.821242,	RMSE = 1.492890
	Test cost = 0.833485,	Krip Loss = 0.833485,	RMSE = 1.491895
	Test cost = 0.941477,	Krip Loss = 0.941477,	RMSE = 1.448837
Epoch = 16
	Train cost = 0.784622,	Krip Loss = 0.784622,	RMSE = 1.449872
	Test cost = 0.887784,	Krip Loss = 0.887784,	RMSE = 1.700299
	Test cost = 0.913326,	Krip Loss = 0.913326,	RMSE = 1.468298
Epoch = 17
	Train cost = 0.767024,	Krip Loss = 0.767024,	RMSE = 1.433084
	Test cost = 0.910657,	Krip Loss = 0.910657,	RMSE = 2.075036
	Test cost = 0.939895,	Krip Loss = 0.939895,	RMSE = 1.511439
Epoch = 18
	Train cost = 0.777815,	Krip Loss = 0.777815,	RMSE = 1.461789
	Test cost = 0.952400,	Krip Loss = 0.952400,	RMSE = 2.675702
	Test cost = 0.969493,	Krip Loss = 0.969493,	RMSE = 1.513617
Epoch = 19
	Train cost = 0.771861,	Krip Loss = 0.771861,	RMSE = 1.435838
	Test cost = 0.918701,	Krip Loss = 0.918701,	RMSE = 2.183050
	Test cost = 0.930738,	Krip Loss = 0.930738,	RMSE = 1.448257
Epoch = 20
	Train cost = 0.753073,	Krip Loss = 0.753073,	RMSE = 1.479591
	Test cost = 0.853845,	Krip Loss = 0.853845,	RMSE = 1.636928
	Test cost = 0.909280,	Krip Loss = 0.909280,	RMSE = 1.491293
Validation Dyad = 18 	Testing Dyad = 16
RMSE of Average Prediction = 1.546499
(3006, 300, 148) (202, 300, 148) (204, 300, 148)
Compiling function
Compilation done 1
Compilation done 2
Compilation done 3
Epoch = 1
	Train cost = 0.998745,	Krip Loss = 0.998745,	RMSE = 4.098949
	Test cost = 0.997725,	Krip Loss = 0.997725,	RMSE = 2.776036
	Test cost = 1.006584,	Krip Loss = 1.006584,	RMSE = 3.396081
Epoch = 2
	Train cost = 0.988125,	Krip Loss = 0.988125,	RMSE = 3.861395
	Test cost = 1.052015,	Krip Loss = 1.052015,	RMSE = 1.175613
	Test cost = 1.033926,	Krip Loss = 1.033926,	RMSE = 1.338259
Epoch = 3
	Train cost = 0.921392,	Krip Loss = 0.921392,	RMSE = 1.672246
	Test cost = 1.014896,	Krip Loss = 1.014896,	RMSE = 1.492685
	Test cost = 1.064726,	Krip Loss = 1.064726,	RMSE = 1.336680
Epoch = 4
	Train cost = 0.877470,	Krip Loss = 0.877470,	RMSE = 1.495096
	Test cost = 1.004476,	Krip Loss = 1.004476,	RMSE = 2.032998
	Test cost = 1.076023,	Krip Loss = 1.076023,	RMSE = 1.564081
Epoch = 5
	Train cost = 0.879825,	Krip Loss = 0.879825,	RMSE = 1.429527
	Test cost = 1.035793,	Krip Loss = 1.035793,	RMSE = 1.934030
	Test cost = 1.045913,	Krip Loss = 1.045913,	RMSE = 1.515099
Epoch = 6
	Train cost = 0.854604,	Krip Loss = 0.854604,	RMSE = 1.297762
	Test cost = 1.014358,	Krip Loss = 1.014358,	RMSE = 1.805179
	Test cost = 1.071847,	Krip Loss = 1.071847,	RMSE = 1.519981
Epoch = 7
