nohup: ignoring input
Using gpu device 3: GeForce GTX TITAN X (CNMeM is disabled, cuDNN 5103)
/usr/local/lib/python2.7/dist-packages/theano/sandbox/cuda/__init__.py:600: UserWarning: Your cuDNN version is more recent than the one Theano officially supports. If you see any problems, try updating Theano or downgrading cuDNN to version 5.
  warnings.warn(warn)
audio b
../data_info/AMT_Batch3_results_large.csv
../data_info/AMT_Batch1_results_large.csv
../data_info/AMT_Batch2_results_large.csv
../data_info/AMT_Batch4_results_large.csv
D10S1
D10S2
D11S1
D11S2
D12S1
D12S2
D16S2
D17S1
D18S1
D3S1
D3S2
D4S1
D4S2
D5S1
D5S2
D6S1
D6S2
D7S1
D7S2
D8S1
D8S2
D9S1
D9S2
Testing Dyad = 3
RMSE of Average Prediction = 1.091906
(3030, 300, 148) (382, 300, 148)
naive
Compiling function
Compilation done 1
Compilation done 2
Epoch = 1
	Train cost = 1.091983,	Krip Loss = 1.000202,	RMSE = 3.751960
	Test cost = 1.091292,	Krip Loss = 1.001324,	RMSE = 3.784653
Epoch = 2
	Train cost = 1.087056,	Krip Loss = 0.998657,	RMSE = 3.745398
	Test cost = 1.086457,	Krip Loss = 0.999780,	RMSE = 3.739582
Epoch = 3
	Train cost = 1.080864,	Krip Loss = 0.995530,	RMSE = 3.684231
	Test cost = 1.080374,	Krip Loss = 0.996469,	RMSE = 3.515869
Epoch = 4
	Train cost = 1.067512,	Krip Loss = 0.984464,	RMSE = 3.557042
	Test cost = 1.062045,	Krip Loss = 0.979946,	RMSE = 3.019604
Epoch = 5
	Train cost = 1.038217,	Krip Loss = 0.956663,	RMSE = 3.066418
	Test cost = 1.028722,	Krip Loss = 0.947791,	RMSE = 2.772553
Epoch = 6
	Train cost = 1.004431,	Krip Loss = 0.923919,	RMSE = 2.943925
	Test cost = 1.021448,	Krip Loss = 0.941390,	RMSE = 2.270963
Epoch = 7
	Train cost = 0.984324,	Krip Loss = 0.904490,	RMSE = 3.012614
	Test cost = 1.022167,	Krip Loss = 0.942636,	RMSE = 1.967865
Epoch = 8
	Train cost = 0.959915,	Krip Loss = 0.880607,	RMSE = 2.413547
	Test cost = 1.018548,	Krip Loss = 0.939490,	RMSE = 1.769927
Epoch = 9
	Train cost = 0.934227,	Krip Loss = 0.855367,	RMSE = 2.533182
	Test cost = 1.018364,	Krip Loss = 0.939727,	RMSE = 1.484864
Epoch = 10
	Train cost = 0.909083,	Krip Loss = 0.830617,	RMSE = 2.351649
	Test cost = 1.001244,	Krip Loss = 0.922971,	RMSE = 1.296514
Epoch = 11
	Train cost = 0.894492,	Krip Loss = 0.816345,	RMSE = 2.211335
	Test cost = 0.979958,	Krip Loss = 0.901965,	RMSE = 1.285788
Epoch = 12
	Train cost = 0.888993,	Krip Loss = 0.811115,	RMSE = 2.273485
	Test cost = 0.977236,	Krip Loss = 0.899493,	RMSE = 1.221166
Epoch = 13
	Train cost = 0.880332,	Krip Loss = 0.802699,	RMSE = 2.216857
	Test cost = 0.972937,	Krip Loss = 0.895431,	RMSE = 1.238572
Epoch = 14
	Train cost = 0.869164,	Krip Loss = 0.791763,	RMSE = 2.140332
	Test cost = 0.988532,	Krip Loss = 0.911253,	RMSE = 1.211577
Epoch = 15
	Train cost = 0.882343,	Krip Loss = 0.805168,	RMSE = 2.161480
	Test cost = 0.993318,	Krip Loss = 0.916258,	RMSE = 1.250524
Epoch = 16
	Train cost = 0.857344,	Krip Loss = 0.780388,	RMSE = 2.037716
	Test cost = 0.977789,	Krip Loss = 0.900941,	RMSE = 1.253926
Epoch = 17
	Train cost = 0.851307,	Krip Loss = 0.774557,	RMSE = 1.999398
	Test cost = 0.995368,	Krip Loss = 0.918712,	RMSE = 1.275755
Epoch = 18
	Train cost = 0.859384,	Krip Loss = 0.782816,	RMSE = 1.990116
	Test cost = 1.013769,	Krip Loss = 0.937293,	RMSE = 1.312907
Testing Dyad = 4
RMSE of Average Prediction = 1.768327
(3206, 300, 148) (206, 300, 148)
naive
Compiling function
Compilation done 1
Compilation done 2
Epoch = 1
	Train cost = 1.092328,	Krip Loss = 1.000769,	RMSE = 3.925024
	Test cost = 1.086642,	Krip Loss = 0.997015,	RMSE = 2.791611
Epoch = 2
	Train cost = 1.087307,	Krip Loss = 0.999431,	RMSE = 3.947584
	Test cost = 1.079202,	Krip Loss = 0.993298,	RMSE = 2.763306
Epoch = 3
	Train cost = 1.082006,	Krip Loss = 0.997743,	RMSE = 3.957953
	Test cost = 1.071795,	Krip Loss = 0.989373,	RMSE = 2.736085
Epoch = 4
	Train cost = 1.072968,	Krip Loss = 0.992042,	RMSE = 3.783221
	Test cost = 1.014629,	Krip Loss = 0.935301,	RMSE = 2.364386
Epoch = 5
	Train cost = 1.048164,	Krip Loss = 0.969830,	RMSE = 3.536924
	Test cost = 0.979704,	Krip Loss = 0.902297,	RMSE = 2.724399
Epoch = 6
	Train cost = 1.041796,	Krip Loss = 0.965046,	RMSE = 4.309853
	Test cost = 0.837283,	Krip Loss = 0.761190,	RMSE = 1.938805
Epoch = 7
	Train cost = 1.051454,	Krip Loss = 0.975657,	RMSE = 4.420675
	Test cost = 0.994929,	Krip Loss = 0.919521,	RMSE = 3.287255
Epoch = 8
	Train cost = 1.013264,	Krip Loss = 0.938080,	RMSE = 3.556563
	Test cost = 0.822266,	Krip Loss = 0.747357,	RMSE = 1.711743
Epoch = 9
	Train cost = 0.993434,	Krip Loss = 0.918814,	RMSE = 2.719892
	Test cost = 0.757296,	Krip Loss = 0.682968,	RMSE = 1.615401
Epoch = 10
	Train cost = 0.978889,	Krip Loss = 0.904802,	RMSE = 2.415925
	Test cost = 0.732202,	Krip Loss = 0.658378,	RMSE = 1.828262
Epoch = 11
	Train cost = 0.967948,	Krip Loss = 0.894339,	RMSE = 2.857416
	Test cost = 0.718863,	Krip Loss = 0.645484,	RMSE = 1.415770
Epoch = 12
	Train cost = 0.950345,	Krip Loss = 0.877127,	RMSE = 2.367960
	Test cost = 0.729760,	Krip Loss = 0.656710,	RMSE = 1.742261
Epoch = 13
	Train cost = 0.915911,	Krip Loss = 0.842989,	RMSE = 2.155900
	Test cost = 0.671879,	Krip Loss = 0.599115,	RMSE = 1.513402
Epoch = 14
	Train cost = 0.932317,	Krip Loss = 0.859669,	RMSE = 2.404529
	Test cost = 0.752972,	Krip Loss = 0.680473,	RMSE = 1.906589
Epoch = 15
	Train cost = 0.904382,	Krip Loss = 0.832024,	RMSE = 2.086870
	Test cost = 0.719637,	Krip Loss = 0.647420,	RMSE = 1.504250
Epoch = 16
	Train cost = 0.899282,	Krip Loss = 0.827166,	RMSE = 2.107388
	Test cost = 0.739260,	Krip Loss = 0.667258,	RMSE = 1.688917
Epoch = 17
	Train cost = 0.873596,	Krip Loss = 0.801691,	RMSE = 1.885979
	Test cost = 0.699287,	Krip Loss = 0.627490,	RMSE = 1.631431
Epoch = 18
	Train cost = 0.884825,	Krip Loss = 0.813132,	RMSE = 1.987041
	Test cost = 0.771664,	Krip Loss = 0.700072,	RMSE = 1.818587
Testing Dyad = 7
RMSE of Average Prediction = 1.252923
(3016, 300, 148) (396, 300, 148)
naive
Compiling function
Compilation done 1
Compilation done 2
Epoch = 1
	Train cost = 1.091790,	Krip Loss = 1.000041,	RMSE = 3.689241
	Test cost = 1.089091,	Krip Loss = 0.999076,	RMSE = 4.179811
Epoch = 2
	Train cost = 1.087717,	Krip Loss = 0.999169,	RMSE = 3.643872
	Test cost = 1.085477,	Krip Loss = 0.998617,	RMSE = 4.150190
Epoch = 3
	Train cost = 1.082373,	Krip Loss = 0.996962,	RMSE = 3.606223
	Test cost = 1.081886,	Krip Loss = 0.998097,	RMSE = 4.063943
Epoch = 4
	Train cost = 1.075718,	Krip Loss = 0.993220,	RMSE = 3.458418
	Test cost = 1.078023,	Krip Loss = 0.996944,	RMSE = 3.955376
Epoch = 5
	Train cost = 1.055281,	Krip Loss = 0.975195,	RMSE = 3.209202
	Test cost = 1.069628,	Krip Loss = 0.990592,	RMSE = 3.975845
Epoch = 6
	Train cost = 1.019624,	Krip Loss = 0.941205,	RMSE = 3.147762
	Test cost = 1.071507,	Krip Loss = 0.993721,	RMSE = 2.945646
Epoch = 7
	Train cost = 0.998717,	Krip Loss = 0.921321,	RMSE = 2.698842
	Test cost = 1.067990,	Krip Loss = 0.991001,	RMSE = 2.590041
Epoch = 8
	Train cost = 0.982094,	Krip Loss = 0.905427,	RMSE = 2.576291
	Test cost = 1.058001,	Krip Loss = 0.981667,	RMSE = 2.514156
Epoch = 9
	Train cost = 0.953830,	Krip Loss = 0.877728,	RMSE = 2.498948
	Test cost = 1.052473,	Krip Loss = 0.976626,	RMSE = 2.241108
Epoch = 10
	Train cost = 0.941606,	Krip Loss = 0.865966,	RMSE = 2.573241
	Test cost = 1.053284,	Krip Loss = 0.977861,	RMSE = 1.791350
Epoch = 11
	Train cost = 0.938053,	Krip Loss = 0.862793,	RMSE = 2.148988
	Test cost = 1.045703,	Krip Loss = 0.970621,	RMSE = 1.804370
Epoch = 12
	Train cost = 0.927961,	Krip Loss = 0.853018,	RMSE = 2.049997
	Test cost = 1.035372,	Krip Loss = 0.960602,	RMSE = 2.009638
Epoch = 13
	Train cost = 0.887235,	Krip Loss = 0.812596,	RMSE = 2.364477
	Test cost = 1.030307,	Krip Loss = 0.955834,	RMSE = 1.819944
Epoch = 14
	Train cost = 0.905351,	Krip Loss = 0.831006,	RMSE = 2.185126
	Test cost = 1.021946,	Krip Loss = 0.947758,	RMSE = 1.542032
Epoch = 15
	Train cost = 0.880274,	Krip Loss = 0.806189,	RMSE = 2.058543
	Test cost = 1.012528,	Krip Loss = 0.938565,	RMSE = 1.635579
Epoch = 16
	Train cost = 0.897061,	Krip Loss = 0.823216,	RMSE = 2.079138
	Test cost = 1.005692,	Krip Loss = 0.931989,	RMSE = 1.486844
Epoch = 17
	Train cost = 0.888714,	Krip Loss = 0.815140,	RMSE = 2.204565
	Test cost = 1.011973,	Krip Loss = 0.938543,	RMSE = 1.356860
Epoch = 18
	Train cost = 0.879280,	Krip Loss = 0.805970,	RMSE = 2.108639
	Test cost = 1.012294,	Krip Loss = 0.939118,	RMSE = 1.232975
Epoch = 19
	Train cost = 0.885284,	Krip Loss = 0.812210,	RMSE = 2.053687
	Test cost = 1.013733,	Krip Loss = 0.940785,	RMSE = 1.213678
Epoch = 20
	Train cost = 0.865894,	Krip Loss = 0.793069,	RMSE = 2.082652
	Test cost = 1.012580,	Krip Loss = 0.939891,	RMSE = 1.238433
Epoch = 21
	Train cost = 0.866176,	Krip Loss = 0.793613,	RMSE = 2.059536
	Test cost = 1.009254,	Krip Loss = 0.936815,	RMSE = 1.225040
Testing Dyad = 8
RMSE of Average Prediction = 1.482276
(3076, 300, 148) (336, 300, 148)
naive
Compiling function
Compilation done 1
Compilation done 2
Epoch = 1
	Train cost = 1.091894,	Krip Loss = 1.000184,	RMSE = 3.841429
	Test cost = 1.090331,	Krip Loss = 1.000429,	RMSE = 2.719785
Epoch = 2
	Train cost = 1.087418,	Krip Loss = 0.999060,	RMSE = 3.812875
	Test cost = 1.088257,	Krip Loss = 1.001680,	RMSE = 2.715083
Epoch = 3
	Train cost = 1.081235,	Krip Loss = 0.996172,	RMSE = 3.759624
	Test cost = 1.085260,	Krip Loss = 1.001908,	RMSE = 2.679566
Epoch = 4
	Train cost = 1.073303,	Krip Loss = 0.991215,	RMSE = 3.643531
	Test cost = 1.074347,	Krip Loss = 0.993669,	RMSE = 2.705713
Epoch = 5
	Train cost = 1.050453,	Krip Loss = 0.970700,	RMSE = 3.428820
	Test cost = 1.074079,	Krip Loss = 0.995234,	RMSE = 3.190074
Epoch = 6
	Train cost = 1.031446,	Krip Loss = 0.953050,	RMSE = 3.748689
	Test cost = 1.073490,	Krip Loss = 0.995512,	RMSE = 3.062565
Epoch = 7
	Train cost = 1.017653,	Krip Loss = 0.939906,	RMSE = 3.454810
	Test cost = 1.060349,	Krip Loss = 0.982951,	RMSE = 2.989350
Epoch = 8
	Train cost = 0.990767,	Krip Loss = 0.913683,	RMSE = 2.667466
	Test cost = 1.049898,	Krip Loss = 0.973180,	RMSE = 3.202016
Epoch = 9
	Train cost = 0.967378,	Krip Loss = 0.890885,	RMSE = 2.766537
	Test cost = 1.036033,	Krip Loss = 0.959811,	RMSE = 3.246310
Epoch = 10
	Train cost = 0.936827,	Krip Loss = 0.860773,	RMSE = 2.459202
	Test cost = 1.026642,	Krip Loss = 0.950801,	RMSE = 3.309511
Epoch = 11
	Train cost = 0.930300,	Krip Loss = 0.854613,	RMSE = 2.309551
	Test cost = 1.011922,	Krip Loss = 0.936419,	RMSE = 3.020983
Epoch = 12
	Train cost = 0.918052,	Krip Loss = 0.842681,	RMSE = 2.369749
	Test cost = 1.016694,	Krip Loss = 0.941494,	RMSE = 3.354377
Epoch = 13
	Train cost = 0.910518,	Krip Loss = 0.835439,	RMSE = 2.230624
	Test cost = 0.993720,	Krip Loss = 0.918804,	RMSE = 3.071595
Epoch = 14
	Train cost = 0.912551,	Krip Loss = 0.837740,	RMSE = 2.299884
	Test cost = 0.918401,	Krip Loss = 0.843732,	RMSE = 2.168663
Epoch = 15
	Train cost = 0.912312,	Krip Loss = 0.837754,	RMSE = 2.253780
	Test cost = 0.892389,	Krip Loss = 0.817973,	RMSE = 1.892507
Epoch = 16
	Train cost = 0.904135,	Krip Loss = 0.829831,	RMSE = 2.241265
	Test cost = 0.886818,	Krip Loss = 0.812646,	RMSE = 1.680056
Epoch = 17
	Train cost = 0.918077,	Krip Loss = 0.844020,	RMSE = 2.082616
	Test cost = 0.918963,	Krip Loss = 0.845032,	RMSE = 2.294995
Epoch = 18
	Train cost = 0.877131,	Krip Loss = 0.803307,	RMSE = 2.072107
	Test cost = 0.871486,	Krip Loss = 0.797774,	RMSE = 1.784741
Epoch = 19
	Train cost = 0.908329,	Krip Loss = 0.834709,	RMSE = 2.110232
	Test cost = 0.916828,	Krip Loss = 0.843321,	RMSE = 2.122859
Epoch = 20
	Train cost = 0.887833,	Krip Loss = 0.814432,	RMSE = 2.132234
	Test cost = 0.877709,	Krip Loss = 0.804420,	RMSE = 1.637925
Epoch = 21
	Train cost = 0.892272,	Krip Loss = 0.819065,	RMSE = 1.987067
	Test cost = 0.924329,	Krip Loss = 0.851222,	RMSE = 2.563238
Epoch = 22
	Train cost = 0.886975,	Krip Loss = 0.813967,	RMSE = 2.192911
	Test cost = 0.863813,	Krip Loss = 0.790908,	RMSE = 1.749733
Epoch = 23
	Train cost = 0.883709,	Krip Loss = 0.810872,	RMSE = 1.998025
	Test cost = 0.911448,	Krip Loss = 0.838695,	RMSE = 2.471982
Epoch = 24
	Train cost = 0.886944,	Krip Loss = 0.814284,	RMSE = 2.178939
	Test cost = 0.869286,	Krip Loss = 0.796723,	RMSE = 1.865621
Epoch = 25
	Train cost = 0.872919,	Krip Loss = 0.800431,	RMSE = 2.033689
	Test cost = 0.925240,	Krip Loss = 0.852840,	RMSE = 2.796229
Epoch = 26
	Train cost = 0.862337,	Krip Loss = 0.790044,	RMSE = 2.088602
	Test cost = 0.854578,	Krip Loss = 0.782387,	RMSE = 1.758050
Epoch = 27
	Train cost = 0.886224,	Krip Loss = 0.814099,	RMSE = 2.056642
	Test cost = 0.906132,	Krip Loss = 0.834086,	RMSE = 2.434580
Epoch = 28
	Train cost = 0.894337,	Krip Loss = 0.822398,	RMSE = 2.288052
	Test cost = 0.886331,	Krip Loss = 0.814507,	RMSE = 2.295796
Epoch = 29
	Train cost = 0.883412,	Krip Loss = 0.811687,	RMSE = 2.163781
	Test cost = 0.906741,	Krip Loss = 0.835121,	RMSE = 2.649901
Epoch = 30
	Train cost = 0.864849,	Krip Loss = 0.793330,	RMSE = 2.146592
	Test cost = 0.899708,	Krip Loss = 0.828291,	RMSE = 2.540843
Testing Dyad = 9
RMSE of Average Prediction = 0.944229
(3030, 300, 148) (382, 300, 148)
naive
Compiling function
Compilation done 1
Compilation done 2
Epoch = 1
	Train cost = 1.092283,	Krip Loss = 1.000523,	RMSE = 3.762355
	Test cost = 1.090844,	Krip Loss = 1.000832,	RMSE = 3.864325
Epoch = 2
	Train cost = 1.087176,	Krip Loss = 0.998736,	RMSE = 3.719294
	Test cost = 1.086398,	Krip Loss = 0.999782,	RMSE = 3.794686
Epoch = 3
	Train cost = 1.081165,	Krip Loss = 0.996048,	RMSE = 3.690370
	Test cost = 1.081735,	Krip Loss = 0.998277,	RMSE = 3.713688
Epoch = 4
	Train cost = 1.070759,	Krip Loss = 0.988515,	RMSE = 3.524148
	Test cost = 1.068388,	Krip Loss = 0.987426,	RMSE = 3.474313
Epoch = 5
	Train cost = 1.041305,	Krip Loss = 0.961209,	RMSE = 3.197858
	Test cost = 1.034599,	Krip Loss = 0.955356,	RMSE = 3.013183
Epoch = 6
	Train cost = 1.011511,	Krip Loss = 0.932764,	RMSE = 2.904906
	Test cost = 1.018080,	Krip Loss = 0.939882,	RMSE = 2.603674
Epoch = 7
	Train cost = 0.997969,	Krip Loss = 0.920150,	RMSE = 2.751150
	Test cost = 0.997779,	Krip Loss = 0.920379,	RMSE = 2.864216
Epoch = 8
	Train cost = 0.982853,	Krip Loss = 0.905689,	RMSE = 2.453789
	Test cost = 0.983790,	Krip Loss = 0.906889,	RMSE = 3.279535
Epoch = 9
	Train cost = 0.962648,	Krip Loss = 0.885974,	RMSE = 2.505846
	Test cost = 0.956899,	Krip Loss = 0.880486,	RMSE = 2.691950
Epoch = 10
	Train cost = 0.930504,	Krip Loss = 0.854255,	RMSE = 2.412145
	Test cost = 0.944729,	Krip Loss = 0.868700,	RMSE = 2.718773
Epoch = 11
	Train cost = 0.921154,	Krip Loss = 0.845295,	RMSE = 2.538642
	Test cost = 0.892525,	Krip Loss = 0.816871,	RMSE = 1.619027
Epoch = 12
	Train cost = 0.922150,	Krip Loss = 0.846657,	RMSE = 2.303799
	Test cost = 0.875259,	Krip Loss = 0.799951,	RMSE = 1.512448
Epoch = 13
	Train cost = 0.895390,	Krip Loss = 0.820245,	RMSE = 2.249900
	Test cost = 0.845546,	Krip Loss = 0.770576,	RMSE = 1.635192
Epoch = 14
	Train cost = 0.890907,	Krip Loss = 0.816073,	RMSE = 2.308028
	Test cost = 0.815748,	Krip Loss = 0.741064,	RMSE = 1.266651
Epoch = 15
	Train cost = 0.898112,	Krip Loss = 0.823564,	RMSE = 2.366449
	Test cost = 0.856615,	Krip Loss = 0.782225,	RMSE = 1.105309
Epoch = 16
	Train cost = 0.869203,	Krip Loss = 0.794970,	RMSE = 2.294238
	Test cost = 0.776530,	Krip Loss = 0.702449,	RMSE = 0.997035
Epoch = 17
	Train cost = 0.897701,	Krip Loss = 0.823748,	RMSE = 2.081952
	Test cost = 0.839563,	Krip Loss = 0.765754,	RMSE = 0.936142
Epoch = 18
	Train cost = 0.947358,	Krip Loss = 0.873697,	RMSE = 2.503800
	Test cost = 0.793423,	Krip Loss = 0.719929,	RMSE = 0.887162
Epoch = 19
	Train cost = 0.903275,	Krip Loss = 0.829926,	RMSE = 2.127630
	Test cost = 0.800090,	Krip Loss = 0.726885,	RMSE = 0.902531
Epoch = 20
	Train cost = 0.883352,	Krip Loss = 0.810278,	RMSE = 2.037297
	Test cost = 0.774760,	Krip Loss = 0.701820,	RMSE = 0.903719
Epoch = 21
	Train cost = 0.882283,	Krip Loss = 0.809478,	RMSE = 2.043734
	Test cost = 0.795279,	Krip Loss = 0.722613,	RMSE = 0.936782
Epoch = 22
	Train cost = 0.882456,	Krip Loss = 0.809936,	RMSE = 2.132317
	Test cost = 0.773903,	Krip Loss = 0.701530,	RMSE = 0.908817
Epoch = 23
	Train cost = 0.887231,	Krip Loss = 0.814997,	RMSE = 2.078065
	Test cost = 0.814347,	Krip Loss = 0.742234,	RMSE = 0.956652
Epoch = 24
	Train cost = 0.869211,	Krip Loss = 0.797228,	RMSE = 2.007001
	Test cost = 0.743734,	Krip Loss = 0.671873,	RMSE = 0.894992
Epoch = 25
	Train cost = 0.866269,	Krip Loss = 0.794533,	RMSE = 1.972594
	Test cost = 0.735691,	Krip Loss = 0.664082,	RMSE = 0.946482
Epoch = 26
	Train cost = 0.856864,	Krip Loss = 0.785376,	RMSE = 2.076198
	Test cost = 0.706982,	Krip Loss = 0.635605,	RMSE = 0.869205
Epoch = 27
	Train cost = 0.866385,	Krip Loss = 0.795111,	RMSE = 2.077422
	Test cost = 0.810632,	Krip Loss = 0.739459,	RMSE = 1.018072
Epoch = 28
	Train cost = 0.866857,	Krip Loss = 0.795786,	RMSE = 2.045076
	Test cost = 0.823160,	Krip Loss = 0.752193,	RMSE = 1.037153
Epoch = 29
	Train cost = 0.886048,	Krip Loss = 0.815216,	RMSE = 2.074517
	Test cost = 0.782307,	Krip Loss = 0.711606,	RMSE = 1.002091
Epoch = 30
	Train cost = 0.875989,	Krip Loss = 0.805409,	RMSE = 2.176795
	Test cost = 0.700295,	Krip Loss = 0.629815,	RMSE = 0.874664
Testing Dyad = 10
RMSE of Average Prediction = 1.355091
(3058, 300, 148) (354, 300, 148)
naive
Compiling function
Compilation done 1
Compilation done 2
Epoch = 1
	Train cost = 1.092718,	Krip Loss = 1.000999,	RMSE = 3.675724
	Test cost = 1.091297,	Krip Loss = 1.001331,	RMSE = 4.627613
Epoch = 2
	Train cost = 1.086810,	Krip Loss = 0.998534,	RMSE = 3.729098
	Test cost = 1.087190,	Krip Loss = 1.000743,	RMSE = 4.689115
Epoch = 3
	Train cost = 1.079578,	Krip Loss = 0.994708,	RMSE = 3.702568
	Test cost = 1.082859,	Krip Loss = 0.999637,	RMSE = 4.530871
Epoch = 4
	Train cost = 1.062314,	Krip Loss = 0.980299,	RMSE = 3.401258
	Test cost = 1.068230,	Krip Loss = 0.987435,	RMSE = 4.494315
Epoch = 5
	Train cost = 1.030450,	Krip Loss = 0.950378,	RMSE = 3.209068
	Test cost = 1.049519,	Krip Loss = 0.970161,	RMSE = 4.051932
Epoch = 6
	Train cost = 1.001995,	Krip Loss = 0.923050,	RMSE = 3.101310
	Test cost = 1.035669,	Krip Loss = 0.957158,	RMSE = 3.022632
Epoch = 7
	Train cost = 0.990393,	Krip Loss = 0.912224,	RMSE = 2.588726
	Test cost = 1.019394,	Krip Loss = 0.941587,	RMSE = 2.709585
Epoch = 8
	Train cost = 0.965604,	Krip Loss = 0.888137,	RMSE = 2.502666
	Test cost = 1.002269,	Krip Loss = 0.925124,	RMSE = 2.707246
Epoch = 9
	Train cost = 0.936251,	Krip Loss = 0.859281,	RMSE = 2.326965
	Test cost = 0.986456,	Krip Loss = 0.909695,	RMSE = 2.486992
Epoch = 10
	Train cost = 0.922059,	Krip Loss = 0.845470,	RMSE = 2.337469
	Test cost = 0.967289,	Krip Loss = 0.890897,	RMSE = 2.073581
Epoch = 11
	Train cost = 0.917826,	Krip Loss = 0.841591,	RMSE = 2.187549
	Test cost = 0.968465,	Krip Loss = 0.892404,	RMSE = 1.613923
Epoch = 12
	Train cost = 0.912064,	Krip Loss = 0.836154,	RMSE = 2.122802
	Test cost = 0.959011,	Krip Loss = 0.883254,	RMSE = 1.551182
Epoch = 13
	Train cost = 0.909211,	Krip Loss = 0.833602,	RMSE = 2.172508
	Test cost = 0.957174,	Krip Loss = 0.881729,	RMSE = 1.378648
Epoch = 14
	Train cost = 0.902522,	Krip Loss = 0.827269,	RMSE = 2.242604
	Test cost = 0.946022,	Krip Loss = 0.870947,	RMSE = 1.366726
Epoch = 15
	Train cost = 0.901137,	Krip Loss = 0.826193,	RMSE = 2.063486
	Test cost = 0.935849,	Krip Loss = 0.861037,	RMSE = 1.277257
Epoch = 16
	Train cost = 0.895779,	Krip Loss = 0.821132,	RMSE = 2.275531
	Test cost = 0.938290,	Krip Loss = 0.863801,	RMSE = 1.123370
Epoch = 17
	Train cost = 0.885186,	Krip Loss = 0.810828,	RMSE = 1.907158
	Test cost = 0.922838,	Krip Loss = 0.848614,	RMSE = 1.099035
Epoch = 18
	Train cost = 0.885923,	Krip Loss = 0.811842,	RMSE = 2.003339
	Test cost = 0.900470,	Krip Loss = 0.826525,	RMSE = 1.112333
Epoch = 19
	Train cost = 0.859660,	Krip Loss = 0.785850,	RMSE = 1.934011
	Test cost = 0.886772,	Krip Loss = 0.813094,	RMSE = 1.121827
Epoch = 20
	Train cost = 0.872347,	Krip Loss = 0.798815,	RMSE = 2.028391
	Test cost = 0.885741,	Krip Loss = 0.812344,	RMSE = 0.988935
Epoch = 21
	Train cost = 0.862181,	Krip Loss = 0.788926,	RMSE = 1.938356
	Test cost = 0.864231,	Krip Loss = 0.791098,	RMSE = 1.003689
Epoch = 22
	Train cost = 0.869878,	Krip Loss = 0.796874,	RMSE = 1.954317
	Test cost = 0.852231,	Krip Loss = 0.779336,	RMSE = 0.985749
Epoch = 23
	Train cost = 0.852620,	Krip Loss = 0.779833,	RMSE = 1.870817
	Test cost = 0.836055,	Krip Loss = 0.763376,	RMSE = 1.107998
Epoch = 24
	Train cost = 0.871961,	Krip Loss = 0.799402,	RMSE = 1.977780
	Test cost = 0.842235,	Krip Loss = 0.769784,	RMSE = 0.989103
Epoch = 25
	Train cost = 0.869441,	Krip Loss = 0.797123,	RMSE = 2.016357
	Test cost = 0.840013,	Krip Loss = 0.767807,	RMSE = 0.979847
Epoch = 26
	Train cost = 0.871656,	Krip Loss = 0.799583,	RMSE = 2.042618
	Test cost = 0.824185,	Krip Loss = 0.752223,	RMSE = 0.966723
Epoch = 27
	Train cost = 0.869894,	Krip Loss = 0.798034,	RMSE = 1.984603
	Test cost = 0.819455,	Krip Loss = 0.747700,	RMSE = 1.130421
Epoch = 28
	Train cost = 0.862488,	Krip Loss = 0.790855,	RMSE = 2.095670
	Test cost = 0.809576,	Krip Loss = 0.738041,	RMSE = 1.047775
Epoch = 29
	Train cost = 0.847492,	Krip Loss = 0.776062,	RMSE = 1.962247
	Test cost = 0.819611,	Krip Loss = 0.748270,	RMSE = 0.978640
Epoch = 30
	Train cost = 0.852973,	Krip Loss = 0.781749,	RMSE = 1.968806
	Test cost = 0.812229,	Krip Loss = 0.741098,	RMSE = 1.015987
Testing Dyad = 11
RMSE of Average Prediction = 1.293873
(3054, 300, 148) (358, 300, 148)
naive
Compiling function
Compilation done 1
Compilation done 2
Epoch = 1
	Train cost = 1.092638,	Krip Loss = 1.000893,	RMSE = 3.719287
	Test cost = 1.088913,	Krip Loss = 0.998879,	RMSE = 4.323385
Epoch = 2
	Train cost = 1.087724,	Krip Loss = 0.999193,	RMSE = 3.679518
	Test cost = 1.085789,	Krip Loss = 0.998897,	RMSE = 4.319511
Epoch = 3
	Train cost = 1.082213,	Krip Loss = 0.996775,	RMSE = 3.620010
	Test cost = 1.082038,	Krip Loss = 0.998181,	RMSE = 4.232685
Epoch = 4
	Train cost = 1.075854,	Krip Loss = 0.993310,	RMSE = 3.518118
	Test cost = 1.077012,	Krip Loss = 0.995878,	RMSE = 4.117548
Epoch = 5
	Train cost = 1.058837,	Krip Loss = 0.978785,	RMSE = 3.297144
	Test cost = 1.055944,	Krip Loss = 0.977006,	RMSE = 3.847456
Epoch = 6
	Train cost = 1.032187,	Krip Loss = 0.953908,	RMSE = 3.250966
	Test cost = 1.044673,	Krip Loss = 0.967038,	RMSE = 3.473029
Epoch = 7
	Train cost = 1.018730,	Krip Loss = 0.941405,	RMSE = 2.768055
	Test cost = 1.037883,	Krip Loss = 0.960787,	RMSE = 3.069178
Epoch = 8
	Train cost = 1.011535,	Krip Loss = 0.934707,	RMSE = 2.597756
	Test cost = 1.022461,	Krip Loss = 0.945946,	RMSE = 3.363525
Epoch = 9
	Train cost = 0.981895,	Krip Loss = 0.905665,	RMSE = 2.567173
	Test cost = 0.990136,	Krip Loss = 0.914251,	RMSE = 2.758670
Epoch = 10
	Train cost = 0.972072,	Krip Loss = 0.896449,	RMSE = 2.799872
	Test cost = 0.973090,	Krip Loss = 0.897736,	RMSE = 2.565611
Epoch = 11
	Train cost = 0.933339,	Krip Loss = 0.858177,	RMSE = 2.102369
	Test cost = 0.942313,	Krip Loss = 0.867365,	RMSE = 2.334772
Epoch = 12
	Train cost = 0.935071,	Krip Loss = 0.860289,	RMSE = 2.287052
	Test cost = 0.931528,	Krip Loss = 0.856922,	RMSE = 2.217992
Epoch = 13
	Train cost = 0.927809,	Krip Loss = 0.853374,	RMSE = 2.170929
	Test cost = 0.915195,	Krip Loss = 0.840938,	RMSE = 2.216609
Epoch = 14
	Train cost = 0.910821,	Krip Loss = 0.836703,	RMSE = 2.026967
	Test cost = 0.923507,	Krip Loss = 0.849550,	RMSE = 2.482505
Epoch = 15
	Train cost = 0.902003,	Krip Loss = 0.828183,	RMSE = 2.164339
	Test cost = 0.909223,	Krip Loss = 0.835547,	RMSE = 2.093629
Epoch = 16
	Train cost = 0.905201,	Krip Loss = 0.831664,	RMSE = 2.160978
	Test cost = 0.835920,	Krip Loss = 0.762530,	RMSE = 1.579044
Epoch = 17
	Train cost = 0.896404,	Krip Loss = 0.823145,	RMSE = 2.044333
	Test cost = 0.813517,	Krip Loss = 0.740392,	RMSE = 1.426265
Epoch = 18
	Train cost = 0.910325,	Krip Loss = 0.837312,	RMSE = 1.941491
	Test cost = 0.823435,	Krip Loss = 0.750537,	RMSE = 1.721776
Epoch = 19
	Train cost = 0.901041,	Krip Loss = 0.828278,	RMSE = 2.240845
	Test cost = 0.783335,	Krip Loss = 0.710711,	RMSE = 1.334089
Epoch = 20
	Train cost = 0.884204,	Krip Loss = 0.811690,	RMSE = 1.991380
	Test cost = 0.781360,	Krip Loss = 0.708954,	RMSE = 1.438050
Epoch = 21
	Train cost = 0.889529,	Krip Loss = 0.817237,	RMSE = 2.057939
	Test cost = 0.791511,	Krip Loss = 0.719324,	RMSE = 1.367433
Epoch = 22
	Train cost = 0.889743,	Krip Loss = 0.817643,	RMSE = 1.913107
	Test cost = 0.769397,	Krip Loss = 0.697387,	RMSE = 1.482465
Epoch = 23
	Train cost = 0.869916,	Krip Loss = 0.798025,	RMSE = 2.109877
	Test cost = 0.775978,	Krip Loss = 0.704203,	RMSE = 1.413188
Epoch = 24
	Train cost = 0.881488,	Krip Loss = 0.809821,	RMSE = 1.984083
	Test cost = 0.766526,	Krip Loss = 0.694961,	RMSE = 1.456645
Epoch = 25
	Train cost = 0.882483,	Krip Loss = 0.811025,	RMSE = 2.039260
	Test cost = 0.763260,	Krip Loss = 0.691911,	RMSE = 1.389849
Epoch = 26
	Train cost = 0.869724,	Krip Loss = 0.798484,	RMSE = 1.969723
	Test cost = 0.739791,	Krip Loss = 0.668649,	RMSE = 1.291875
Epoch = 27
	Train cost = 0.891329,	Krip Loss = 0.820287,	RMSE = 2.036580
	Test cost = 0.746577,	Krip Loss = 0.675637,	RMSE = 1.424154
Epoch = 28
	Train cost = 0.859439,	Krip Loss = 0.788615,	RMSE = 1.959726
	Test cost = 0.716454,	Krip Loss = 0.645741,	RMSE = 1.236782
Epoch = 29
	Train cost = 0.878491,	Krip Loss = 0.807891,	RMSE = 2.050903
	Test cost = 0.759671,	Krip Loss = 0.689187,	RMSE = 1.503850
Epoch = 30
	Train cost = 0.876331,	Krip Loss = 0.805964,	RMSE = 2.169968
	Test cost = 0.760462,	Krip Loss = 0.690200,	RMSE = 1.422637
Testing Dyad = 12
RMSE of Average Prediction = 1.177035
(3016, 300, 148) (396, 300, 148)
naive
Compiling function
Compilation done 1
Compilation done 2
Epoch = 1
	Train cost = 1.092407,	Krip Loss = 1.000632,	RMSE = 3.706202
	Test cost = 1.089125,	Krip Loss = 0.999087,	RMSE = 3.948930
Epoch = 2
	Train cost = 1.088312,	Krip Loss = 0.999733,	RMSE = 3.696991
	Test cost = 1.084498,	Krip Loss = 0.997600,	RMSE = 3.947855
Epoch = 3
	Train cost = 1.083167,	Krip Loss = 0.997660,	RMSE = 3.637298
	Test cost = 1.079250,	Krip Loss = 0.995381,	RMSE = 3.894822
Epoch = 4
	Train cost = 1.078733,	Krip Loss = 0.996192,	RMSE = 3.567170
	Test cost = 1.072198,	Krip Loss = 0.991162,	RMSE = 3.846079
Epoch = 5
	Train cost = 1.067542,	Krip Loss = 0.987669,	RMSE = 3.447103
	Test cost = 1.050684,	Krip Loss = 0.972117,	RMSE = 3.304689
Epoch = 6
	Train cost = 1.038624,	Krip Loss = 0.960962,	RMSE = 3.083987
	Test cost = 1.006046,	Krip Loss = 0.929197,	RMSE = 2.999767
Epoch = 7
	Train cost = 1.036285,	Krip Loss = 0.959809,	RMSE = 3.393119
	Test cost = 0.988551,	Krip Loss = 0.912488,	RMSE = 3.846649
Epoch = 8
	Train cost = 1.025696,	Krip Loss = 0.949936,	RMSE = 3.374297
	Test cost = 0.967044,	Krip Loss = 0.891646,	RMSE = 3.657385
Epoch = 9
	Train cost = 1.010944,	Krip Loss = 0.935829,	RMSE = 3.155563
	Test cost = 0.935404,	Krip Loss = 0.860549,	RMSE = 2.863181
Epoch = 10
	Train cost = 1.008252,	Krip Loss = 0.933582,	RMSE = 2.939642
	Test cost = 0.946578,	Krip Loss = 0.872162,	RMSE = 2.340116
Epoch = 11
	Train cost = 1.036549,	Krip Loss = 0.962294,	RMSE = 2.134003
	Test cost = 0.986405,	Krip Loss = 0.912335,	RMSE = 2.036112
Epoch = 12
	Train cost = 1.000164,	Krip Loss = 0.926228,	RMSE = 2.112370
	Test cost = 0.926282,	Krip Loss = 0.852497,	RMSE = 2.174622
Epoch = 13
	Train cost = 0.989200,	Krip Loss = 0.915641,	RMSE = 2.799776
	Test cost = 0.862187,	Krip Loss = 0.788895,	RMSE = 2.479735
Epoch = 14
	Train cost = 0.969209,	Krip Loss = 0.896043,	RMSE = 2.861545
	Test cost = 0.846291,	Krip Loss = 0.773309,	RMSE = 2.119232
Epoch = 15
	Train cost = 0.961756,	Krip Loss = 0.888981,	RMSE = 2.411381
	Test cost = 0.873121,	Krip Loss = 0.800562,	RMSE = 1.717832
Epoch = 16
	Train cost = 0.964812,	Krip Loss = 0.892427,	RMSE = 2.158553
	Test cost = 0.830392,	Krip Loss = 0.758237,	RMSE = 1.679682
Epoch = 17
	Train cost = 0.954839,	Krip Loss = 0.882853,	RMSE = 2.227874
	Test cost = 0.799994,	Krip Loss = 0.728202,	RMSE = 2.036385
Epoch = 18
	Train cost = 0.957980,	Krip Loss = 0.886321,	RMSE = 2.924998
	Test cost = 0.814792,	Krip Loss = 0.743293,	RMSE = 1.481506
Epoch = 19
	Train cost = 0.952705,	Krip Loss = 0.881369,	RMSE = 2.080312
	Test cost = 0.773417,	Krip Loss = 0.702267,	RMSE = 2.105289
Epoch = 20
	Train cost = 0.926061,	Krip Loss = 0.855079,	RMSE = 2.351244
	Test cost = 0.760110,	Krip Loss = 0.689335,	RMSE = 2.195650
Epoch = 21
	Train cost = 0.922136,	Krip Loss = 0.851472,	RMSE = 2.510532
	Test cost = 0.714704,	Krip Loss = 0.644174,	RMSE = 1.411981
Epoch = 22
	Train cost = 0.918001,	Krip Loss = 0.847605,	RMSE = 2.300985
	Test cost = 0.673761,	Krip Loss = 0.603530,	RMSE = 1.284043
Epoch = 23
	Train cost = 0.920564,	Krip Loss = 0.850483,	RMSE = 2.213579
	Test cost = 0.681651,	Krip Loss = 0.611731,	RMSE = 1.267560
Epoch = 24
	Train cost = 0.907396,	Krip Loss = 0.837586,	RMSE = 2.038598
	Test cost = 0.614082,	Krip Loss = 0.544418,	RMSE = 1.205948
Epoch = 25
	Train cost = 0.913762,	Krip Loss = 0.844227,	RMSE = 2.208175
	Test cost = 0.600811,	Krip Loss = 0.531430,	RMSE = 1.159374
Epoch = 26
	Train cost = 0.907199,	Krip Loss = 0.837970,	RMSE = 2.135609
	Test cost = 0.572098,	Krip Loss = 0.503045,	RMSE = 1.159616
Epoch = 27
	Train cost = 0.904737,	Krip Loss = 0.835806,	RMSE = 2.106965
	Test cost = 0.561396,	Krip Loss = 0.492608,	RMSE = 1.249951
Epoch = 28
	Train cost = 0.897504,	Krip Loss = 0.828857,	RMSE = 2.094970
	Test cost = 0.571000,	Krip Loss = 0.502498,	RMSE = 1.389319
Epoch = 29
	Train cost = 0.899226,	Krip Loss = 0.830847,	RMSE = 2.212918
	Test cost = 0.593159,	Krip Loss = 0.524921,	RMSE = 1.496378
Epoch = 30
	Train cost = 0.885418,	Krip Loss = 0.817313,	RMSE = 2.123526
	Test cost = 0.567502,	Krip Loss = 0.499546,	RMSE = 1.244236
Testing Dyad = 16
RMSE of Average Prediction = 1.157776
(3208, 300, 148) (204, 300, 148)
naive
Compiling function
Compilation done 1
Compilation done 2
Epoch = 1
	Train cost = 1.092390,	Krip Loss = 1.000752,	RMSE = 3.792563
	Test cost = 1.088092,	Krip Loss = 0.998417,	RMSE = 3.186581
Epoch = 2
	Train cost = 1.087258,	Krip Loss = 0.999234,	RMSE = 3.756307
	Test cost = 1.082852,	Krip Loss = 0.996792,	RMSE = 3.179718
Epoch = 3
	Train cost = 1.081323,	Krip Loss = 0.996907,	RMSE = 3.685113
	Test cost = 1.076377,	Krip Loss = 0.993789,	RMSE = 3.082824
Epoch = 4
	Train cost = 1.071251,	Krip Loss = 0.989990,	RMSE = 3.531976
	Test cost = 1.060067,	Krip Loss = 0.980242,	RMSE = 2.817515
Epoch = 5
	Train cost = 1.043786,	Krip Loss = 0.964881,	RMSE = 3.260792
	Test cost = 1.035597,	Krip Loss = 0.957704,	RMSE = 2.868676
Epoch = 6
	Train cost = 1.012309,	Krip Loss = 0.934904,	RMSE = 3.102597
	Test cost = 0.974019,	Krip Loss = 0.897105,	RMSE = 2.181501
Epoch = 7
	Train cost = 0.994224,	Krip Loss = 0.917693,	RMSE = 2.916562
	Test cost = 0.941499,	Krip Loss = 0.865414,	RMSE = 1.583307
Epoch = 8
	Train cost = 0.980534,	Krip Loss = 0.904728,	RMSE = 2.531073
	Test cost = 0.895500,	Krip Loss = 0.819986,	RMSE = 1.649405
Epoch = 9
	Train cost = 0.952710,	Krip Loss = 0.877384,	RMSE = 2.479033
	Test cost = 0.883514,	Krip Loss = 0.808400,	RMSE = 1.691281
Epoch = 10
	Train cost = 0.930351,	Krip Loss = 0.855394,	RMSE = 2.214766
	Test cost = 0.845067,	Krip Loss = 0.770300,	RMSE = 1.548548
Epoch = 11
	Train cost = 0.906617,	Krip Loss = 0.832008,	RMSE = 2.121958
	Test cost = 0.855556,	Krip Loss = 0.781108,	RMSE = 1.112763
Epoch = 12
	Train cost = 0.922975,	Krip Loss = 0.848654,	RMSE = 2.144261
	Test cost = 0.841479,	Krip Loss = 0.767309,	RMSE = 1.598016
Epoch = 13
	Train cost = 0.897900,	Krip Loss = 0.823867,	RMSE = 2.085803
	Test cost = 0.830732,	Krip Loss = 0.756860,	RMSE = 1.497606
Epoch = 14
	Train cost = 0.897249,	Krip Loss = 0.823501,	RMSE = 2.016124
	Test cost = 0.856968,	Krip Loss = 0.783359,	RMSE = 1.782080
Epoch = 15
	Train cost = 0.871651,	Krip Loss = 0.798179,	RMSE = 2.070762
	Test cost = 0.820869,	Krip Loss = 0.747524,	RMSE = 1.430323
Epoch = 16
	Train cost = 0.881460,	Krip Loss = 0.808236,	RMSE = 1.986102
	Test cost = 0.839364,	Krip Loss = 0.766266,	RMSE = 1.581975
Epoch = 17
	Train cost = 0.900399,	Krip Loss = 0.827436,	RMSE = 2.190394
	Test cost = 0.848372,	Krip Loss = 0.775542,	RMSE = 1.248182
Epoch = 18
	Train cost = 0.885372,	Krip Loss = 0.812661,	RMSE = 1.931742
	Test cost = 0.837828,	Krip Loss = 0.765238,	RMSE = 1.339925
Epoch = 19
	Train cost = 0.879679,	Krip Loss = 0.807209,	RMSE = 1.981458
	Test cost = 0.837915,	Krip Loss = 0.765567,	RMSE = 1.346990
Epoch = 20
	Train cost = 0.880718,	Krip Loss = 0.808494,	RMSE = 1.974296
	Test cost = 0.839074,	Krip Loss = 0.766969,	RMSE = 1.454380
Testing Dyad = 17
RMSE of Average Prediction = 1.117277
(3216, 300, 148) (196, 300, 148)
naive
Compiling function
Compilation done 1
Compilation done 2
Epoch = 1
	Train cost = 1.092213,	Krip Loss = 1.000556,	RMSE = 3.805845
	Test cost = 1.092021,	Krip Loss = 1.002292,	RMSE = 3.173230
Epoch = 2
	Train cost = 1.087093,	Krip Loss = 0.999058,	RMSE = 3.747010
	Test cost = 1.086277,	Krip Loss = 1.000149,	RMSE = 3.148230
Epoch = 3
	Train cost = 1.082076,	Krip Loss = 0.997561,	RMSE = 3.750594
	Test cost = 1.080090,	Krip Loss = 0.997396,	RMSE = 3.152095
Epoch = 4
	Train cost = 1.075343,	Krip Loss = 0.994107,	RMSE = 3.743948
	Test cost = 1.068160,	Krip Loss = 0.988525,	RMSE = 3.042489
Epoch = 5
	Train cost = 1.047246,	Krip Loss = 0.968675,	RMSE = 3.378970
	Test cost = 1.058463,	Krip Loss = 0.980926,	RMSE = 3.191023
Epoch = 6
	Train cost = 1.023207,	Krip Loss = 0.946191,	RMSE = 3.236557
	Test cost = 1.050498,	Krip Loss = 0.974139,	RMSE = 3.017058
Epoch = 7
	Train cost = 1.002835,	Krip Loss = 0.926907,	RMSE = 3.355563
	Test cost = 0.981916,	Krip Loss = 0.906438,	RMSE = 2.204318
Epoch = 8
	Train cost = 1.004631,	Krip Loss = 0.929452,	RMSE = 2.504768
	Test cost = 0.983874,	Krip Loss = 0.909036,	RMSE = 2.315001
Epoch = 9
	Train cost = 0.972143,	Krip Loss = 0.897551,	RMSE = 2.585049
	Test cost = 0.967963,	Krip Loss = 0.893673,	RMSE = 2.332461
Epoch = 10
	Train cost = 0.958528,	Krip Loss = 0.884415,	RMSE = 2.598101
	Test cost = 0.954327,	Krip Loss = 0.880434,	RMSE = 2.301954
Epoch = 11
	Train cost = 0.939941,	Krip Loss = 0.866206,	RMSE = 2.549672
	Test cost = 0.916867,	Krip Loss = 0.843324,	RMSE = 2.158310
Epoch = 12
	Train cost = 0.913517,	Krip Loss = 0.840132,	RMSE = 2.220388
	Test cost = 0.933869,	Krip Loss = 0.860654,	RMSE = 2.293299
Epoch = 13
	Train cost = 0.916248,	Krip Loss = 0.843164,	RMSE = 2.214612
	Test cost = 0.934003,	Krip Loss = 0.861076,	RMSE = 2.415591
Epoch = 14
	Train cost = 0.892704,	Krip Loss = 0.819927,	RMSE = 2.282284
	Test cost = 0.906362,	Krip Loss = 0.833750,	RMSE = 2.077969
Epoch = 15
	Train cost = 0.907732,	Krip Loss = 0.835231,	RMSE = 2.174376
	Test cost = 0.963333,	Krip Loss = 0.890956,	RMSE = 2.643859
Epoch = 16
	Train cost = 0.899084,	Krip Loss = 0.826848,	RMSE = 2.365576
	Test cost = 0.880594,	Krip Loss = 0.808512,	RMSE = 1.932453
Epoch = 17
	Train cost = 0.852866,	Krip Loss = 0.780903,	RMSE = 1.961879
	Test cost = 0.943456,	Krip Loss = 0.871619,	RMSE = 2.471887
Epoch = 18
	Train cost = 0.898152,	Krip Loss = 0.826425,	RMSE = 2.216838
	Test cost = 0.961762,	Krip Loss = 0.890156,	RMSE = 2.680622
Epoch = 19
	Train cost = 0.866064,	Krip Loss = 0.794593,	RMSE = 2.263449
	Test cost = 0.921451,	Krip Loss = 0.850104,	RMSE = 2.281281
Epoch = 20
	Train cost = 0.871337,	Krip Loss = 0.800095,	RMSE = 1.969845
	Test cost = 0.941253,	Krip Loss = 0.870121,	RMSE = 2.515441
Epoch = 21
	Train cost = 0.886549,	Krip Loss = 0.815518,	RMSE = 2.189266
	Test cost = 0.927216,	Krip Loss = 0.856282,	RMSE = 2.407479
Testing Dyad = 18
RMSE of Average Prediction = 1.520631
(3210, 300, 148) (202, 300, 148)
naive
Compiling function
Compilation done 1
Compilation done 2
Epoch = 1
	Train cost = 1.092481,	Krip Loss = 1.000836,	RMSE = 3.862480
	Test cost = 1.087661,	Krip Loss = 0.997928,	RMSE = 2.700061
Epoch = 2
	Train cost = 1.087444,	Krip Loss = 0.999334,	RMSE = 3.850328
	Test cost = 1.081455,	Krip Loss = 0.995176,	RMSE = 2.682912
Epoch = 3
	Train cost = 1.082037,	Krip Loss = 0.997376,	RMSE = 3.872348
	Test cost = 1.075365,	Krip Loss = 0.992542,	RMSE = 2.759163
Epoch = 4
	Train cost = 1.073493,	Krip Loss = 0.992111,	RMSE = 3.777260
	Test cost = 1.049950,	Krip Loss = 0.970075,	RMSE = 2.607076
Epoch = 5
	Train cost = 1.046588,	Krip Loss = 0.967715,	RMSE = 3.432843
	Test cost = 1.017079,	Krip Loss = 0.939120,	RMSE = 2.799417
Epoch = 6
	Train cost = 1.029159,	Krip Loss = 0.951684,	RMSE = 3.772537
	Test cost = 0.991900,	Krip Loss = 0.914959,	RMSE = 2.440506
Epoch = 7
	Train cost = 1.021417,	Krip Loss = 0.944892,	RMSE = 2.931320
	Test cost = 0.981850,	Krip Loss = 0.905739,	RMSE = 2.657736
Epoch = 8
	Train cost = 1.003904,	Krip Loss = 0.928206,	RMSE = 2.944329
	Test cost = 0.967574,	Krip Loss = 0.892318,	RMSE = 2.531043
Epoch = 9
	Train cost = 1.000174,	Krip Loss = 0.925110,	RMSE = 3.450539
	Test cost = 0.966820,	Krip Loss = 0.891986,	RMSE = 2.337534
Epoch = 10
	Train cost = 0.997547,	Krip Loss = 0.922906,	RMSE = 2.370546
	Test cost = 0.951989,	Krip Loss = 0.877475,	RMSE = 2.295549
Epoch = 11
	Train cost = 0.967524,	Krip Loss = 0.893153,	RMSE = 2.536636
	Test cost = 0.946701,	Krip Loss = 0.872540,	RMSE = 2.415063
Epoch = 12
	Train cost = 0.955705,	Krip Loss = 0.881760,	RMSE = 2.599062
	Test cost = 0.945795,	Krip Loss = 0.872129,	RMSE = 2.176874
Epoch = 13
	Train cost = 0.927282,	Krip Loss = 0.853818,	RMSE = 2.424452
	Test cost = 0.888769,	Krip Loss = 0.815523,	RMSE = 1.802036
Epoch = 14
	Train cost = 0.919387,	Krip Loss = 0.846312,	RMSE = 2.236629
	Test cost = 0.899244,	Krip Loss = 0.826366,	RMSE = 1.774703
Epoch = 15
	Train cost = 0.920921,	Krip Loss = 0.848225,	RMSE = 2.188129
	Test cost = 0.911244,	Krip Loss = 0.838748,	RMSE = 2.215790
Epoch = 16
	Train cost = 0.870426,	Krip Loss = 0.798076,	RMSE = 2.361641
	Test cost = 0.841681,	Krip Loss = 0.769487,	RMSE = 1.681261
Epoch = 17
	Train cost = 0.887668,	Krip Loss = 0.815593,	RMSE = 2.001353
	Test cost = 0.856051,	Krip Loss = 0.784108,	RMSE = 2.139966
Epoch = 18
	Train cost = 0.860220,	Krip Loss = 0.788391,	RMSE = 1.965117
	Test cost = 0.834248,	Krip Loss = 0.762534,	RMSE = 2.035247
Epoch = 19
	Train cost = 0.857656,	Krip Loss = 0.786062,	RMSE = 2.075985
	Test cost = 0.800616,	Krip Loss = 0.729139,	RMSE = 1.719197
Epoch = 20
	Train cost = 0.882260,	Krip Loss = 0.810873,	RMSE = 2.070270
	Test cost = 0.838886,	Krip Loss = 0.767599,	RMSE = 1.928665
Epoch = 21
	Train cost = 0.876807,	Krip Loss = 0.805629,	RMSE = 2.055922
	Test cost = 0.855226,	Krip Loss = 0.784172,	RMSE = 2.148871
Epoch = 22
	Train cost = 0.891076,	Krip Loss = 0.820148,	RMSE = 2.221160
	Test cost = 0.861831,	Krip Loss = 0.791021,	RMSE = 1.955984
Epoch = 23
	Train cost = 0.911716,	Krip Loss = 0.841026,	RMSE = 2.057231
	Test cost = 0.862350,	Krip Loss = 0.791770,	RMSE = 2.087037
Epoch = 24
	Train cost = 0.871176,	Krip Loss = 0.800712,	RMSE = 2.258964
	Test cost = 0.828420,	Krip Loss = 0.758072,	RMSE = 1.962782
