nohup: ignoring input
Using gpu device 3: GeForce GTX TITAN X (CNMeM is disabled, cuDNN 5103)
/usr/local/lib/python2.7/dist-packages/theano/sandbox/cuda/__init__.py:600: UserWarning: Your cuDNN version is more recent than the one Theano officially supports. If you see any problems, try updating Theano or downgrading cuDNN to version 5.
  warnings.warn(warn)
gemo ba
../data_info/AMT_Batch3_results_large.csv
../data_info/AMT_Batch1_results_large.csv
../data_info/AMT_Batch2_results_large.csv
../data_info/AMT_Batch4_results_large.csv
D10S1
D10S2
D11S1
D11S2
D12S1
D12S2
D16S2
D17S1
D18S1
D3S1
D3S2
D4S1
D4S2
D5S1
D5S2
D6S1
D6S2
D7S1
D7S2
D8S1
D8S2
D9S1
D9S2
Testing Dyad = 3
RMSE of Average Prediction = 1.143461
(1060, 76, 427) (165, 76, 427)
bi-naive
Compiling function
Compilation done 1
Compilation done 2
Epoch = 1
	Train cost = 0.999092,	RMSE = 3.615419
	Test cost = 0.999805,	RMSE = 3.539767
Epoch = 2
	Train cost = 1.000536,	RMSE = 3.392887
	Test cost = 0.999705,	RMSE = 3.317237
Epoch = 3
	Train cost = 1.002206,	RMSE = 3.282590
	Test cost = 0.999337,	RMSE = 3.318775
Epoch = 4
	Train cost = 0.999905,	RMSE = 3.615869
	Test cost = 0.999457,	RMSE = 3.765796
Epoch = 5
	Train cost = 0.998965,	RMSE = 3.608884
	Test cost = 0.999107,	RMSE = 3.678654
Epoch = 6
	Train cost = 0.998003,	RMSE = 3.663011
	Test cost = 0.998117,	RMSE = 3.924214
Epoch = 7
	Train cost = 0.996806,	RMSE = 3.525988
	Test cost = 0.995699,	RMSE = 4.038977
Epoch = 8
	Train cost = 0.993556,	RMSE = 3.195097
	Test cost = 0.997384,	RMSE = 3.205346
Epoch = 9
	Train cost = 0.998779,	RMSE = 3.320239
	Test cost = 0.998402,	RMSE = 4.289004
Epoch = 10
	Train cost = 0.998953,	RMSE = 3.906753
	Test cost = 0.999009,	RMSE = 4.802137
Epoch = 11
	Train cost = 0.994980,	RMSE = 3.991625
	Test cost = 0.998295,	RMSE = 3.795597
Epoch = 12
	Train cost = 0.998485,	RMSE = 3.171129
	Test cost = 0.997318,	RMSE = 2.983492
Epoch = 13
	Train cost = 0.996630,	RMSE = 2.785093
	Test cost = 0.995887,	RMSE = 3.149500
Epoch = 14
	Train cost = 0.976556,	RMSE = 2.780999
	Test cost = 0.994359,	RMSE = 2.577097
Epoch = 15
	Train cost = 1.003143,	RMSE = 2.590296
	Test cost = 0.991912,	RMSE = 3.168458
Epoch = 16
	Train cost = 0.969123,	RMSE = 2.762552
	Test cost = 0.989326,	RMSE = 3.194156
Epoch = 17
	Train cost = 0.980295,	RMSE = 2.410119
	Test cost = 0.993132,	RMSE = 2.045161
Epoch = 18
	Train cost = 0.990847,	RMSE = 2.354290
	Test cost = 0.989809,	RMSE = 2.021762
Epoch = 19
	Train cost = 1.014054,	RMSE = 2.597196
	Test cost = 0.996562,	RMSE = 3.567158
Epoch = 20
	Train cost = 0.994059,	RMSE = 3.205418
	Test cost = 0.996734,	RMSE = 3.744611
Epoch = 21
	Train cost = 1.001725,	RMSE = 3.168592
	Test cost = 0.996197,	RMSE = 3.870876
Epoch = 22
	Train cost = 1.004987,	RMSE = 3.326017
	Test cost = 0.995683,	RMSE = 4.228833
Epoch = 23
	Train cost = 0.991039,	RMSE = 4.173369
	Test cost = 0.998033,	RMSE = 5.477247
Epoch = 24
	Train cost = 0.999445,	RMSE = 4.216158
	Test cost = 0.995796,	RMSE = 4.234668
Epoch = 25
	Train cost = 0.994477,	RMSE = 3.623000
	Test cost = 0.995124,	RMSE = 4.593813
Epoch = 26
	Train cost = 0.993651,	RMSE = 4.126033
	Test cost = 0.994563,	RMSE = 5.141008
Epoch = 27
	Train cost = 0.983426,	RMSE = 4.050526
	Test cost = 0.990037,	RMSE = 3.786474
Epoch = 28
	Train cost = 0.991963,	RMSE = 3.019692
	Test cost = 0.994377,	RMSE = 4.058188
Epoch = 29
	Train cost = 0.970238,	RMSE = 3.238064
	Test cost = 0.986339,	RMSE = 4.843849
Epoch = 30
	Train cost = 0.990997,	RMSE = 3.592462
	Test cost = 0.981434,	RMSE = 5.402088
Epoch = 31
	Train cost = 1.000403,	RMSE = 4.902238
	Test cost = 0.981154,	RMSE = 5.081099
Epoch = 32
	Train cost = 0.994547,	RMSE = 4.568008
	Test cost = 0.985717,	RMSE = 4.195698
Epoch = 33
	Train cost = 0.950416,	RMSE = 2.871690
	Test cost = 0.996638,	RMSE = 2.747958
Epoch = 34
	Train cost = 0.937359,	RMSE = 2.823310
	Test cost = 0.997406,	RMSE = 4.132892
Epoch = 35
	Train cost = 0.942011,	RMSE = 2.964024
	Test cost = 0.998293,	RMSE = 4.460836
Epoch = 36
	Train cost = 0.944117,	RMSE = 3.392902
	Test cost = 1.000827,	RMSE = 4.614504
Epoch = 37
	Train cost = 0.989128,	RMSE = 2.883828
	Test cost = 0.974428,	RMSE = 1.952505
Epoch = 38
	Train cost = 0.990712,	RMSE = 2.532645
	Test cost = 0.973722,	RMSE = 1.511834
Epoch = 39
	Train cost = 0.988293,	RMSE = 2.447720
	Test cost = 0.978113,	RMSE = 2.187256
Epoch = 40
	Train cost = 0.983434,	RMSE = 2.649212
	Test cost = 0.983654,	RMSE = 4.023536
Epoch = 41
	Train cost = 0.979148,	RMSE = 3.328913
	Test cost = 0.974580,	RMSE = 2.563834
Epoch = 42
	Train cost = 0.965808,	RMSE = 2.504623
	Test cost = 0.957892,	RMSE = 1.674581
Epoch = 43
	Train cost = 0.982267,	RMSE = 2.632067
	Test cost = 0.991363,	RMSE = 3.238057
Epoch = 44
	Train cost = 1.000715,	RMSE = 2.944542
	Test cost = 1.002086,	RMSE = 3.616631
Epoch = 45
	Train cost = 0.965062,	RMSE = 3.291384
	Test cost = 0.983506,	RMSE = 5.108977
Epoch = 46
	Train cost = 0.982215,	RMSE = 4.041390
	Test cost = 0.981788,	RMSE = 5.157385
Epoch = 47
	Train cost = 0.975785,	RMSE = 3.321023
	Test cost = 0.982885,	RMSE = 4.647759
Epoch = 48
	Train cost = 0.973417,	RMSE = 3.451419
	Test cost = 0.967109,	RMSE = 5.542456
Epoch = 49
	Train cost = 0.984244,	RMSE = 4.675140
	Test cost = 0.970702,	RMSE = 5.406269
Epoch = 50
	Train cost = 0.965355,	RMSE = 3.932411
	Test cost = 0.977821,	RMSE = 4.845414
Testing Dyad = 4
RMSE of Average Prediction = 1.687663
(1178, 76, 427) (47, 76, 427)
bi-naive
Compiling function
Compilation done 1
Compilation done 2
Epoch = 1
	Train cost = 0.999902,	RMSE = 3.663336
	Test cost = 0.999984,	RMSE = 2.658009
Epoch = 2
	Train cost = 0.999984,	RMSE = 3.477239
	Test cost = 0.998543,	RMSE = 2.466724
Epoch = 3
	Train cost = 0.999926,	RMSE = 3.531473
	Test cost = 0.999233,	RMSE = 2.577512
Epoch = 4
	Train cost = 1.000604,	RMSE = 3.694321
	Test cost = 0.999472,	RMSE = 2.880767
Epoch = 5
	Train cost = 0.999904,	RMSE = 4.023607
	Test cost = 0.999727,	RMSE = 3.271391
Epoch = 6
	Train cost = 0.999349,	RMSE = 4.357014
	Test cost = 0.999796,	RMSE = 3.513635
Epoch = 7
	Train cost = 0.999291,	RMSE = 4.674670
	Test cost = 0.997910,	RMSE = 3.240199
Epoch = 8
	Train cost = 1.001469,	RMSE = 4.623441
	Test cost = 0.999878,	RMSE = 3.737289
Epoch = 9
	Train cost = 0.999900,	RMSE = 4.533859
	Test cost = 1.000065,	RMSE = 3.399640
Epoch = 10
	Train cost = 1.000222,	RMSE = 4.466748
	Test cost = 1.000279,	RMSE = 3.490322
Epoch = 11
	Train cost = 1.000002,	RMSE = 4.370152
	Test cost = 1.000586,	RMSE = 3.323104
Epoch = 12
	Train cost = 1.000397,	RMSE = 4.315178
	Test cost = 1.000828,	RMSE = 3.313115
Epoch = 13
	Train cost = 0.999985,	RMSE = 4.202446
	Test cost = 1.001312,	RMSE = 3.137394
Epoch = 14
	Train cost = 1.000010,	RMSE = 4.068814
	Test cost = 1.001076,	RMSE = 2.976104
Epoch = 15
	Train cost = 0.998794,	RMSE = 3.805403
	Test cost = 1.002774,	RMSE = 2.850667
Epoch = 16
	Train cost = 0.997981,	RMSE = 3.660123
	Test cost = 1.006594,	RMSE = 2.651017
Epoch = 17
	Train cost = 0.998803,	RMSE = 3.400664
	Test cost = 1.006740,	RMSE = 2.849608
Epoch = 18
	Train cost = 1.002770,	RMSE = 3.510304
	Test cost = 1.000662,	RMSE = 3.500701
Epoch = 19
	Train cost = 0.998477,	RMSE = 4.335166
	Test cost = 1.000499,	RMSE = 3.763751
Epoch = 20
	Train cost = 0.998494,	RMSE = 4.637528
	Test cost = 1.000998,	RMSE = 3.928735
Epoch = 21
	Train cost = 0.997635,	RMSE = 4.730762
	Test cost = 1.000572,	RMSE = 4.019396
Epoch = 22
	Train cost = 0.999033,	RMSE = 4.790548
	Test cost = 1.000850,	RMSE = 4.123506
Epoch = 23
	Train cost = 0.996354,	RMSE = 5.038823
	Test cost = 1.001046,	RMSE = 4.435832
Epoch = 24
	Train cost = 1.002892,	RMSE = 5.293091
	Test cost = 1.001354,	RMSE = 4.082071
Epoch = 25
	Train cost = 1.001095,	RMSE = 4.301463
	Test cost = 1.002688,	RMSE = 3.193853
Epoch = 26
	Train cost = 0.998317,	RMSE = 4.099312
	Test cost = 1.002427,	RMSE = 3.590041
Epoch = 27
	Train cost = 0.999274,	RMSE = 4.454738
	Test cost = 1.002991,	RMSE = 3.614217
Epoch = 28
	Train cost = 0.998169,	RMSE = 4.227381
	Test cost = 1.004645,	RMSE = 3.639641
Epoch = 29
	Train cost = 0.993771,	RMSE = 3.797158
	Test cost = 1.037915,	RMSE = 2.901608
Epoch = 30
	Train cost = 0.995402,	RMSE = 3.255811
	Test cost = 0.993063,	RMSE = 3.872213
Epoch = 31
	Train cost = 0.987394,	RMSE = 3.663453
	Test cost = 0.993993,	RMSE = 4.630684
Epoch = 32
	Train cost = 0.989886,	RMSE = 4.296135
	Test cost = 0.987364,	RMSE = 4.476595
Epoch = 33
	Train cost = 1.000512,	RMSE = 3.760817
	Test cost = 0.956997,	RMSE = 4.345915
Epoch = 34
	Train cost = 1.003387,	RMSE = 3.586261
	Test cost = 0.981558,	RMSE = 4.385506
Epoch = 35
	Train cost = 0.958180,	RMSE = 3.652995
	Test cost = 0.953110,	RMSE = 4.084327
Epoch = 36
	Train cost = 0.958002,	RMSE = 3.589205
	Test cost = 0.945713,	RMSE = 4.383689
Epoch = 37
	Train cost = 0.988881,	RMSE = 3.311021
	Test cost = 1.089727,	RMSE = 3.339948
Epoch = 38
	Train cost = 1.023068,	RMSE = 2.599907
	Test cost = 1.012580,	RMSE = 1.312543
Epoch = 39
	Train cost = 1.012755,	RMSE = 2.422167
	Test cost = 1.063616,	RMSE = 1.859621
Epoch = 40
	Train cost = 0.985497,	RMSE = 2.789973
	Test cost = 1.069775,	RMSE = 2.034180
Epoch = 41
	Train cost = 1.001595,	RMSE = 2.677003
	Test cost = 1.044152,	RMSE = 2.463794
Epoch = 42
	Train cost = 0.976315,	RMSE = 2.919144
	Test cost = 1.093189,	RMSE = 1.780922
Epoch = 43
	Train cost = 0.983728,	RMSE = 2.340008
	Test cost = 1.047738,	RMSE = 1.226883
Epoch = 44
	Train cost = 1.028525,	RMSE = 2.368996
	Test cost = 1.097768,	RMSE = 2.352260
Epoch = 45
	Train cost = 0.973144,	RMSE = 2.694573
	Test cost = 1.083155,	RMSE = 2.183844
Epoch = 46
	Train cost = 0.982977,	RMSE = 2.402833
	Test cost = 1.071880,	RMSE = 1.413198
Epoch = 47
	Train cost = 0.981566,	RMSE = 2.544095
	Test cost = 0.997707,	RMSE = 2.517737
Epoch = 48
	Train cost = 0.994715,	RMSE = 3.068329
	Test cost = 1.064238,	RMSE = 1.948294
Epoch = 49
	Train cost = 1.005213,	RMSE = 2.552506
	Test cost = 1.017933,	RMSE = 2.169883
Epoch = 50
	Train cost = 0.982105,	RMSE = 3.158471
	Test cost = 1.011365,	RMSE = 2.745471
Testing Dyad = 7
RMSE of Average Prediction = 1.200576
(1033, 76, 427) (192, 76, 427)
bi-naive
Compiling function
Compilation done 1
Compilation done 2
Epoch = 1
	Train cost = 1.000177,	RMSE = 3.809486
	Test cost = 1.000074,	RMSE = 4.403505
Epoch = 2
	Train cost = 0.999708,	RMSE = 4.075362
	Test cost = 1.000082,	RMSE = 4.362766
Epoch = 3
	Train cost = 1.000381,	RMSE = 4.058979
	Test cost = 1.000128,	RMSE = 4.391987
Epoch = 4
	Train cost = 0.999491,	RMSE = 4.075778
	Test cost = 1.000011,	RMSE = 4.185921
Epoch = 5
	Train cost = 0.997882,	RMSE = 4.179048
	Test cost = 1.000062,	RMSE = 4.717464
Epoch = 6
	Train cost = 1.000277,	RMSE = 4.435457
	Test cost = 1.000057,	RMSE = 4.787557
Epoch = 7
	Train cost = 1.000063,	RMSE = 4.485331
	Test cost = 1.000103,	RMSE = 4.620103
Epoch = 8
	Train cost = 0.996687,	RMSE = 4.125342
	Test cost = 1.000424,	RMSE = 3.999855
Epoch = 9
	Train cost = 0.995056,	RMSE = 3.538748
	Test cost = 1.001867,	RMSE = 3.494642
Epoch = 10
	Train cost = 0.991603,	RMSE = 4.077047
	Test cost = 0.999799,	RMSE = 4.805195
Epoch = 11
	Train cost = 0.990620,	RMSE = 4.326111
	Test cost = 1.000178,	RMSE = 3.177306
Epoch = 12
	Train cost = 0.999008,	RMSE = 3.012122
	Test cost = 1.000075,	RMSE = 3.230845
Epoch = 13
	Train cost = 1.000398,	RMSE = 3.006965
	Test cost = 1.000064,	RMSE = 3.285195
Epoch = 14
	Train cost = 1.006847,	RMSE = 3.265081
	Test cost = 1.000096,	RMSE = 3.823471
Epoch = 15
	Train cost = 0.995765,	RMSE = 3.699469
	Test cost = 1.000190,	RMSE = 4.132735
Epoch = 16
	Train cost = 0.995787,	RMSE = 3.869628
	Test cost = 1.000252,	RMSE = 4.380561
Epoch = 17
	Train cost = 0.995258,	RMSE = 4.346936
	Test cost = 1.000120,	RMSE = 5.050293
Epoch = 18
	Train cost = 0.998537,	RMSE = 4.836529
	Test cost = 1.000034,	RMSE = 5.383545
Epoch = 19
	Train cost = 0.999830,	RMSE = 5.019383
	Test cost = 1.000029,	RMSE = 5.352390
Epoch = 20
	Train cost = 0.997735,	RMSE = 5.016788
	Test cost = 1.000032,	RMSE = 5.388525
Epoch = 21
	Train cost = 1.001076,	RMSE = 5.100307
	Test cost = 1.000041,	RMSE = 5.287467
Epoch = 22
	Train cost = 1.000237,	RMSE = 4.901556
	Test cost = 1.000040,	RMSE = 5.070620
Epoch = 23
	Train cost = 1.000152,	RMSE = 4.555266
	Test cost = 1.000004,	RMSE = 4.725860
Epoch = 24
	Train cost = 0.997528,	RMSE = 4.357162
	Test cost = 1.000136,	RMSE = 4.702076
Epoch = 25
	Train cost = 0.997592,	RMSE = 4.159211
	Test cost = 1.001076,	RMSE = 4.114739
Epoch = 26
	Train cost = 0.993776,	RMSE = 3.550619
	Test cost = 0.999278,	RMSE = 3.966420
Epoch = 27
	Train cost = 0.989869,	RMSE = 4.157824
	Test cost = 0.999850,	RMSE = 4.925006
Epoch = 28
	Train cost = 0.991796,	RMSE = 4.614211
	Test cost = 0.999809,	RMSE = 5.020890
Epoch = 29
	Train cost = 0.984757,	RMSE = 4.320593
	Test cost = 0.999119,	RMSE = 4.060738
Epoch = 30
	Train cost = 0.988985,	RMSE = 4.416765
	Test cost = 1.000386,	RMSE = 5.372400
Epoch = 31
	Train cost = 0.983949,	RMSE = 5.005325
	Test cost = 1.000070,	RMSE = 5.500899
Epoch = 32
	Train cost = 0.987732,	RMSE = 4.812285
	Test cost = 1.009617,	RMSE = 4.458236
Epoch = 33
	Train cost = 0.986374,	RMSE = 3.941984
	Test cost = 1.002395,	RMSE = 3.867358
Epoch = 34
	Train cost = 0.996978,	RMSE = 3.924748
	Test cost = 1.001993,	RMSE = 3.746568
Epoch = 35
	Train cost = 0.996589,	RMSE = 4.628590
	Test cost = 0.999608,	RMSE = 5.223169
Epoch = 36
	Train cost = 0.997944,	RMSE = 4.930594
	Test cost = 0.999645,	RMSE = 5.267971
Epoch = 37
	Train cost = 0.984482,	RMSE = 3.977683
	Test cost = 0.999109,	RMSE = 5.376550
Epoch = 38
	Train cost = 0.975800,	RMSE = 4.019005
	Test cost = 1.009235,	RMSE = 4.243594
Epoch = 39
	Train cost = 0.971327,	RMSE = 4.640336
	Test cost = 1.012693,	RMSE = 5.022061
Epoch = 40
	Train cost = 0.965086,	RMSE = 4.886486
	Test cost = 1.014435,	RMSE = 5.150674
Epoch = 41
	Train cost = 0.939511,	RMSE = 4.065326
	Test cost = 0.999843,	RMSE = 1.891275
Epoch = 42
	Train cost = 1.000518,	RMSE = 2.311609
	Test cost = 0.999727,	RMSE = 1.932193
Epoch = 43
	Train cost = 1.018569,	RMSE = 2.260092
	Test cost = 0.999769,	RMSE = 2.370769
Epoch = 44
	Train cost = 0.983508,	RMSE = 2.527569
	Test cost = 0.999743,	RMSE = 2.269525
Epoch = 45
	Train cost = 0.971843,	RMSE = 2.271850
	Test cost = 0.999928,	RMSE = 2.056057
Epoch = 46
	Train cost = 0.990307,	RMSE = 2.520185
	Test cost = 1.001174,	RMSE = 2.560247
Epoch = 47
	Train cost = 0.980819,	RMSE = 3.115016
	Test cost = 1.001470,	RMSE = 3.956017
Epoch = 48
	Train cost = 0.989574,	RMSE = 4.274092
	Test cost = 1.001820,	RMSE = 5.115815
Epoch = 49
	Train cost = 0.989330,	RMSE = 5.396675
	Test cost = 1.001386,	RMSE = 6.260939
Epoch = 50
	Train cost = 0.989587,	RMSE = 5.983750
	Test cost = 1.000968,	RMSE = 6.167628
Testing Dyad = 8
RMSE of Average Prediction = 1.326581
(1157, 76, 427) (68, 76, 427)
bi-naive
Compiling function
Compilation done 1
Compilation done 2
Epoch = 1
	Train cost = 1.000870,	RMSE = 3.727422
	Test cost = 1.000624,	RMSE = 3.068836
Epoch = 2
	Train cost = 0.999853,	RMSE = 4.088063
	Test cost = 1.000473,	RMSE = 3.288633
Epoch = 3
	Train cost = 1.000972,	RMSE = 4.290691
	Test cost = 1.002133,	RMSE = 3.168847
Epoch = 4
	Train cost = 0.999689,	RMSE = 3.777832
	Test cost = 0.996218,	RMSE = 2.909327
Epoch = 5
	Train cost = 1.000279,	RMSE = 4.249193
	Test cost = 1.003397,	RMSE = 3.210004
Epoch = 6
	Train cost = 1.000310,	RMSE = 3.989115
	Test cost = 1.000767,	RMSE = 3.072634
Epoch = 7
	Train cost = 0.998133,	RMSE = 3.829178
	Test cost = 1.002320,	RMSE = 2.407971
Epoch = 8
	Train cost = 0.998880,	RMSE = 3.556705
	Test cost = 0.998120,	RMSE = 2.439908
Epoch = 9
	Train cost = 0.996659,	RMSE = 3.232047
	Test cost = 1.002080,	RMSE = 2.068359
Epoch = 10
	Train cost = 1.001361,	RMSE = 2.986827
	Test cost = 1.000754,	RMSE = 1.903110
Epoch = 11
	Train cost = 1.002471,	RMSE = 2.782333
	Test cost = 1.003548,	RMSE = 1.642798
Epoch = 12
	Train cost = 1.003280,	RMSE = 2.992790
	Test cost = 0.996429,	RMSE = 2.167904
Epoch = 13
	Train cost = 1.001741,	RMSE = 3.687443
	Test cost = 0.994536,	RMSE = 3.136677
Epoch = 14
	Train cost = 0.999617,	RMSE = 4.051309
	Test cost = 0.992918,	RMSE = 3.210367
Epoch = 15
	Train cost = 0.999107,	RMSE = 3.784800
	Test cost = 1.003349,	RMSE = 2.246454
Epoch = 16
	Train cost = 0.997891,	RMSE = 3.782402
	Test cost = 0.996103,	RMSE = 3.211690
Epoch = 17
	Train cost = 0.999182,	RMSE = 4.395855
	Test cost = 1.001226,	RMSE = 3.677005
Epoch = 18
	Train cost = 0.999596,	RMSE = 4.016146
	Test cost = 0.989511,	RMSE = 2.394376
Epoch = 19
	Train cost = 0.996959,	RMSE = 3.330216
	Test cost = 0.991489,	RMSE = 1.804778
Epoch = 20
	Train cost = 1.000257,	RMSE = 3.867854
	Test cost = 0.998270,	RMSE = 3.707752
Epoch = 21
	Train cost = 1.001477,	RMSE = 4.724783
	Test cost = 0.990577,	RMSE = 3.424281
Epoch = 22
	Train cost = 0.988840,	RMSE = 3.399356
	Test cost = 0.994189,	RMSE = 1.524252
Epoch = 23
	Train cost = 1.001111,	RMSE = 3.159258
	Test cost = 0.965279,	RMSE = 1.625593
Epoch = 24
	Train cost = 1.009040,	RMSE = 2.622719
	Test cost = 0.993803,	RMSE = 1.542549
Epoch = 25
	Train cost = 1.002298,	RMSE = 3.109567
	Test cost = 0.984290,	RMSE = 1.664177
Epoch = 26
	Train cost = 0.980376,	RMSE = 2.692064
	Test cost = 0.998871,	RMSE = 1.408440
Epoch = 27
	Train cost = 1.004948,	RMSE = 3.350513
	Test cost = 0.987939,	RMSE = 3.732831
Epoch = 28
	Train cost = 1.001413,	RMSE = 4.186836
	Test cost = 1.008110,	RMSE = 3.789008
Epoch = 29
	Train cost = 0.999779,	RMSE = 4.860756
	Test cost = 1.005595,	RMSE = 3.866515
Epoch = 30
	Train cost = 0.999330,	RMSE = 3.939606
	Test cost = 0.989397,	RMSE = 3.118649
Epoch = 31
	Train cost = 0.996553,	RMSE = 3.949587
	Test cost = 1.073761,	RMSE = 1.521520
Epoch = 32
	Train cost = 1.002033,	RMSE = 4.178455
	Test cost = 1.001837,	RMSE = 4.175334
Epoch = 33
	Train cost = 1.000833,	RMSE = 4.353926
	Test cost = 1.005539,	RMSE = 2.543412
Epoch = 34
	Train cost = 0.997113,	RMSE = 3.893966
	Test cost = 1.004389,	RMSE = 3.321235
Epoch = 35
	Train cost = 0.999161,	RMSE = 3.795097
	Test cost = 1.002860,	RMSE = 2.636458
Epoch = 36
	Train cost = 1.000818,	RMSE = 3.368803
	Test cost = 1.002638,	RMSE = 2.345157
Epoch = 37
	Train cost = 0.999049,	RMSE = 3.489261
	Test cost = 1.002778,	RMSE = 2.635046
Epoch = 38
	Train cost = 1.000606,	RMSE = 3.440458
	Test cost = 1.002623,	RMSE = 2.482684
Epoch = 39
	Train cost = 0.996324,	RMSE = 3.267277
	Test cost = 1.002902,	RMSE = 2.067165
Epoch = 40
	Train cost = 1.003570,	RMSE = 3.322617
	Test cost = 1.002598,	RMSE = 2.558045
Epoch = 41
	Train cost = 1.001608,	RMSE = 3.678220
	Test cost = 1.002477,	RMSE = 2.961357
Epoch = 42
	Train cost = 1.000062,	RMSE = 4.229706
	Test cost = 0.991645,	RMSE = 3.483930
Epoch = 43
	Train cost = 1.000572,	RMSE = 4.613174
	Test cost = 0.996425,	RMSE = 3.571595
Epoch = 44
	Train cost = 0.999667,	RMSE = 4.519496
	Test cost = 1.001535,	RMSE = 3.441353
Epoch = 45
	Train cost = 1.000444,	RMSE = 4.254184
	Test cost = 0.997867,	RMSE = 2.985004
Epoch = 46
	Train cost = 0.995157,	RMSE = 3.591265
	Test cost = 0.990512,	RMSE = 1.924260
Epoch = 47
	Train cost = 0.980959,	RMSE = 2.745428
	Test cost = 1.067135,	RMSE = 1.288712
Epoch = 48
	Train cost = 0.977195,	RMSE = 2.387590
	Test cost = 1.141443,	RMSE = 1.436652
Epoch = 49
	Train cost = 1.017018,	RMSE = 2.838479
	Test cost = 0.994299,	RMSE = 3.379710
Epoch = 50
	Train cost = 0.984858,	RMSE = 3.261055
	Test cost = 1.018712,	RMSE = 1.107212
Testing Dyad = 9
RMSE of Average Prediction = 0.934212
(1069, 76, 427) (156, 76, 427)
bi-naive
Compiling function
Compilation done 1
Compilation done 2
Epoch = 1
	Train cost = 0.999632,	RMSE = 3.667945
	Test cost = 1.000060,	RMSE = 3.512646
Epoch = 2
	Train cost = 0.999852,	RMSE = 3.724900
	Test cost = 1.000027,	RMSE = 3.621994
Epoch = 3
	Train cost = 0.999440,	RMSE = 3.708945
	Test cost = 0.999573,	RMSE = 3.495966
Epoch = 4
	Train cost = 0.999420,	RMSE = 3.616072
	Test cost = 0.999375,	RMSE = 3.484475
Epoch = 5
	Train cost = 1.000513,	RMSE = 3.720843
	Test cost = 0.998102,	RMSE = 3.427175
Epoch = 6
	Train cost = 0.994545,	RMSE = 3.578848
	Test cost = 0.999869,	RMSE = 3.116986
Epoch = 7
	Train cost = 0.995070,	RMSE = 3.394168
	Test cost = 0.999431,	RMSE = 2.839383
Epoch = 8
	Train cost = 0.985184,	RMSE = 3.473929
	Test cost = 1.000124,	RMSE = 2.617472
Epoch = 9
	Train cost = 0.989277,	RMSE = 2.775836
	Test cost = 1.000359,	RMSE = 2.272816
Epoch = 10
	Train cost = 0.999885,	RMSE = 2.630738
	Test cost = 1.000351,	RMSE = 2.210412
Epoch = 11
	Train cost = 0.977896,	RMSE = 2.499137
	Test cost = 1.000017,	RMSE = 1.855391
Epoch = 12
	Train cost = 1.011671,	RMSE = 2.414315
	Test cost = 0.999589,	RMSE = 1.808139
Epoch = 13
	Train cost = 1.021714,	RMSE = 2.514884
	Test cost = 0.999056,	RMSE = 2.292975
Epoch = 14
	Train cost = 1.003885,	RMSE = 2.782950
	Test cost = 0.998566,	RMSE = 2.557173
Epoch = 15
	Train cost = 1.003695,	RMSE = 3.097988
	Test cost = 0.997569,	RMSE = 3.095467
Epoch = 16
	Train cost = 0.997484,	RMSE = 3.517334
	Test cost = 0.998053,	RMSE = 3.162483
Epoch = 17
	Train cost = 0.994277,	RMSE = 3.406211
	Test cost = 0.998037,	RMSE = 2.921908
Epoch = 18
	Train cost = 1.001451,	RMSE = 3.615386
	Test cost = 0.995812,	RMSE = 2.910709
Epoch = 19
	Train cost = 1.010932,	RMSE = 3.510358
	Test cost = 0.999744,	RMSE = 2.797002
Epoch = 20
	Train cost = 0.994728,	RMSE = 3.139087
	Test cost = 1.000022,	RMSE = 2.919870
Epoch = 21
	Train cost = 0.989222,	RMSE = 3.077125
	Test cost = 1.000069,	RMSE = 2.773370
Epoch = 22
	Train cost = 0.997362,	RMSE = 2.810027
	Test cost = 0.999860,	RMSE = 2.432601
Epoch = 23
	Train cost = 0.981379,	RMSE = 2.715700
	Test cost = 0.999600,	RMSE = 2.287416
Epoch = 24
	Train cost = 0.988260,	RMSE = 2.740037
	Test cost = 0.998348,	RMSE = 2.227847
Epoch = 25
	Train cost = 1.010152,	RMSE = 3.866066
	Test cost = 0.976563,	RMSE = 4.098104
Epoch = 26
	Train cost = 1.001356,	RMSE = 4.751420
	Test cost = 0.996495,	RMSE = 5.240068
Epoch = 27
	Train cost = 0.996802,	RMSE = 5.370998
	Test cost = 0.999900,	RMSE = 5.366084
Epoch = 28
	Train cost = 0.999805,	RMSE = 5.540228
	Test cost = 0.999936,	RMSE = 5.369628
Epoch = 29
	Train cost = 1.002137,	RMSE = 5.492971
	Test cost = 0.999954,	RMSE = 5.324167
Epoch = 30
	Train cost = 0.999079,	RMSE = 5.380816
	Test cost = 0.999984,	RMSE = 5.210139
Epoch = 31
	Train cost = 1.001084,	RMSE = 5.421793
	Test cost = 1.000011,	RMSE = 5.246485
Epoch = 32
	Train cost = 0.997572,	RMSE = 5.407771
	Test cost = 0.999978,	RMSE = 5.286343
Epoch = 33
	Train cost = 0.996415,	RMSE = 5.484907
	Test cost = 0.999964,	RMSE = 5.535872
Epoch = 34
	Train cost = 0.997162,	RMSE = 5.840031
	Test cost = 0.999953,	RMSE = 5.791264
Epoch = 35
	Train cost = 0.997966,	RMSE = 6.023747
	Test cost = 0.999977,	RMSE = 5.951596
Epoch = 36
	Train cost = 1.003075,	RMSE = 6.149969
	Test cost = 1.000023,	RMSE = 5.778427
Epoch = 37
	Train cost = 1.001179,	RMSE = 5.791876
	Test cost = 1.000044,	RMSE = 5.509759
Epoch = 38
	Train cost = 0.998441,	RMSE = 5.568761
	Test cost = 1.000095,	RMSE = 5.424800
Epoch = 39
	Train cost = 0.999874,	RMSE = 5.632919
	Test cost = 1.000136,	RMSE = 5.339133
Epoch = 40
	Train cost = 0.998579,	RMSE = 5.460825
	Test cost = 1.000219,	RMSE = 5.238754
Epoch = 41
	Train cost = 1.002171,	RMSE = 5.021900
	Test cost = 1.000588,	RMSE = 4.445304
Epoch = 42
	Train cost = 0.998261,	RMSE = 4.576305
	Test cost = 1.000555,	RMSE = 4.585158
Epoch = 43
	Train cost = 1.000140,	RMSE = 4.537988
	Test cost = 1.000590,	RMSE = 4.363785
Epoch = 44
	Train cost = 0.999604,	RMSE = 4.728321
	Test cost = 1.000422,	RMSE = 4.797122
Epoch = 45
	Train cost = 0.999290,	RMSE = 5.119246
	Test cost = 1.000334,	RMSE = 5.032611
Epoch = 46
	Train cost = 0.998619,	RMSE = 4.961516
	Test cost = 1.001007,	RMSE = 4.508624
Epoch = 47
	Train cost = 1.001612,	RMSE = 4.611416
	Test cost = 1.000291,	RMSE = 4.335667
Epoch = 48
	Train cost = 0.996208,	RMSE = 4.196145
	Test cost = 1.000910,	RMSE = 3.336951
Epoch = 49
	Train cost = 0.998776,	RMSE = 3.206118
	Test cost = 0.999377,	RMSE = 2.738566
Epoch = 50
	Train cost = 0.999344,	RMSE = 3.619251
	Test cost = 0.999617,	RMSE = 4.572304
Testing Dyad = 10
RMSE of Average Prediction = 1.325452
(1074, 76, 427) (151, 76, 427)
bi-naive
Compiling function
Compilation done 1
Compilation done 2
Epoch = 1
	Train cost = 1.000419,	RMSE = 3.566057
	Test cost = 1.000057,	RMSE = 4.495635
Epoch = 2
	Train cost = 1.000149,	RMSE = 3.787433
	Test cost = 1.000116,	RMSE = 4.941164
Epoch = 3
	Train cost = 0.999537,	RMSE = 4.068398
	Test cost = 1.000123,	RMSE = 5.057349
Epoch = 4
	Train cost = 1.000557,	RMSE = 4.218471
	Test cost = 1.000095,	RMSE = 5.164501
Epoch = 5
	Train cost = 1.000487,	RMSE = 4.090848
	Test cost = 1.000126,	RMSE = 4.887388
Epoch = 6
	Train cost = 1.000380,	RMSE = 3.892095
	Test cost = 1.000144,	RMSE = 4.750799
Epoch = 7
	Train cost = 0.999900,	RMSE = 3.829262
	Test cost = 1.000105,	RMSE = 4.698267
Epoch = 8
	Train cost = 0.999758,	RMSE = 3.733155
	Test cost = 1.000089,	RMSE = 4.579066
Epoch = 9
	Train cost = 1.000344,	RMSE = 3.834601
	Test cost = 1.000046,	RMSE = 4.927450
Epoch = 10
	Train cost = 0.999873,	RMSE = 4.079008
	Test cost = 1.000004,	RMSE = 5.020236
Epoch = 11
	Train cost = 0.999218,	RMSE = 4.138405
	Test cost = 0.999980,	RMSE = 5.198723
Epoch = 12
	Train cost = 0.999014,	RMSE = 4.331632
	Test cost = 0.999942,	RMSE = 5.334739
Epoch = 13
	Train cost = 0.998663,	RMSE = 4.492418
	Test cost = 0.999941,	RMSE = 5.530147
Epoch = 14
	Train cost = 1.000306,	RMSE = 4.634656
	Test cost = 0.999953,	RMSE = 5.534280
Epoch = 15
	Train cost = 0.997699,	RMSE = 4.675713
	Test cost = 0.999920,	RMSE = 5.783728
Epoch = 16
	Train cost = 1.001572,	RMSE = 4.995466
	Test cost = 0.999900,	RMSE = 5.846935
Epoch = 17
	Train cost = 1.000306,	RMSE = 4.898663
	Test cost = 0.999860,	RMSE = 5.628935
Epoch = 18
	Train cost = 0.996502,	RMSE = 4.737651
	Test cost = 0.999867,	RMSE = 5.969990
Epoch = 19
	Train cost = 0.996882,	RMSE = 5.118266
	Test cost = 0.999897,	RMSE = 6.192348
Epoch = 20
	Train cost = 1.001063,	RMSE = 5.416283
	Test cost = 0.999931,	RMSE = 6.297616
Epoch = 21
	Train cost = 0.997688,	RMSE = 5.291994
	Test cost = 0.999940,	RMSE = 6.191165
Epoch = 22
	Train cost = 0.999779,	RMSE = 5.327819
	Test cost = 0.999946,	RMSE = 6.342521
Epoch = 23
	Train cost = 0.997507,	RMSE = 5.436384
	Test cost = 0.999950,	RMSE = 6.407045
Epoch = 24
	Train cost = 0.998470,	RMSE = 5.488780
	Test cost = 0.999964,	RMSE = 6.328023
Epoch = 25
	Train cost = 1.002998,	RMSE = 5.449695
	Test cost = 1.000054,	RMSE = 6.268756
Epoch = 26
	Train cost = 0.998294,	RMSE = 5.100946
	Test cost = 1.000306,	RMSE = 6.174367
Epoch = 27
	Train cost = 0.994181,	RMSE = 4.053227
	Test cost = 0.999933,	RMSE = 5.519902
Epoch = 28
	Train cost = 1.036954,	RMSE = 4.065107
	Test cost = 0.999945,	RMSE = 3.025063
Epoch = 29
	Train cost = 1.012193,	RMSE = 2.774047
	Test cost = 0.999597,	RMSE = 3.987156
Epoch = 30
	Train cost = 1.000078,	RMSE = 3.174311
	Test cost = 0.999491,	RMSE = 4.292089
Epoch = 31
	Train cost = 0.991770,	RMSE = 3.073576
	Test cost = 0.999884,	RMSE = 3.332965
Epoch = 32
	Train cost = 1.004080,	RMSE = 2.468518
	Test cost = 0.998843,	RMSE = 3.796068
Epoch = 33
	Train cost = 0.999394,	RMSE = 4.428815
	Test cost = 0.999400,	RMSE = 6.182400
Epoch = 34
	Train cost = 0.996982,	RMSE = 4.282646
	Test cost = 0.999432,	RMSE = 4.800457
Epoch = 35
	Train cost = 0.984212,	RMSE = 2.901683
	Test cost = 0.999809,	RMSE = 2.984678
Epoch = 36
	Train cost = 0.995154,	RMSE = 2.330254
	Test cost = 0.999821,	RMSE = 2.788712
Epoch = 37
	Train cost = 0.979284,	RMSE = 2.281512
	Test cost = 0.999586,	RMSE = 2.639403
Epoch = 38
	Train cost = 1.003453,	RMSE = 2.366114
	Test cost = 0.998772,	RMSE = 2.752188
Epoch = 39
	Train cost = 1.012362,	RMSE = 2.605015
	Test cost = 0.997795,	RMSE = 4.528633
Epoch = 40
	Train cost = 0.998079,	RMSE = 3.237399
	Test cost = 0.997937,	RMSE = 4.361734
Epoch = 41
	Train cost = 0.994968,	RMSE = 3.263263
	Test cost = 0.998116,	RMSE = 4.236233
Epoch = 42
	Train cost = 0.990723,	RMSE = 3.286939
	Test cost = 0.997236,	RMSE = 4.824924
Epoch = 43
	Train cost = 0.966280,	RMSE = 3.090734
	Test cost = 0.998122,	RMSE = 2.971438
Epoch = 44
	Train cost = 0.996896,	RMSE = 2.298603
	Test cost = 0.999748,	RMSE = 2.350282
Epoch = 45
	Train cost = 0.987403,	RMSE = 2.092485
	Test cost = 1.000447,	RMSE = 2.435132
Epoch = 46
	Train cost = 0.973154,	RMSE = 2.526719
	Test cost = 1.003473,	RMSE = 2.229877
Epoch = 47
	Train cost = 1.009909,	RMSE = 2.361670
	Test cost = 1.006966,	RMSE = 2.041957
Epoch = 48
	Train cost = 0.980040,	RMSE = 2.722622
	Test cost = 0.996305,	RMSE = 2.363931
Epoch = 49
	Train cost = 1.012305,	RMSE = 2.316595
	Test cost = 0.990561,	RMSE = 2.813584
Epoch = 50
	Train cost = 0.974286,	RMSE = 2.389542
	Test cost = 0.984846,	RMSE = 2.515117
Testing Dyad = 11
RMSE of Average Prediction = 1.222433
(1064, 76, 427) (161, 76, 427)
bi-naive
Compiling function
Compilation done 1
Compilation done 2
Epoch = 1
	Train cost = 0.997713,	RMSE = 3.472395
	Test cost = 1.000340,	RMSE = 3.904204
Epoch = 2
	Train cost = 0.995494,	RMSE = 3.150321
	Test cost = 1.000704,	RMSE = 3.523337
Epoch = 3
	Train cost = 1.003237,	RMSE = 3.066950
	Test cost = 1.001039,	RMSE = 3.700477
Epoch = 4
	Train cost = 0.996555,	RMSE = 3.126173
	Test cost = 1.000744,	RMSE = 3.539095
Epoch = 5
	Train cost = 1.004722,	RMSE = 3.228497
	Test cost = 1.001583,	RMSE = 4.205064
Epoch = 6
	Train cost = 0.997036,	RMSE = 3.693674
	Test cost = 1.000642,	RMSE = 3.850645
Epoch = 7
	Train cost = 1.003472,	RMSE = 3.595351
	Test cost = 1.000923,	RMSE = 3.922319
Epoch = 8
	Train cost = 0.996779,	RMSE = 3.404880
	Test cost = 1.000542,	RMSE = 3.854080
Epoch = 9
	Train cost = 1.000077,	RMSE = 3.724412
	Test cost = 1.000824,	RMSE = 4.480155
Epoch = 10
	Train cost = 0.999035,	RMSE = 3.429137
	Test cost = 1.000472,	RMSE = 3.945833
Epoch = 11
	Train cost = 1.000064,	RMSE = 3.656465
	Test cost = 1.000959,	RMSE = 3.936269
Epoch = 12
	Train cost = 1.000001,	RMSE = 3.683035
	Test cost = 1.001585,	RMSE = 4.529210
Epoch = 13
	Train cost = 0.996503,	RMSE = 3.714382
	Test cost = 1.000896,	RMSE = 3.754678
Epoch = 14
	Train cost = 0.999523,	RMSE = 3.333697
	Test cost = 1.001040,	RMSE = 4.299568
Epoch = 15
	Train cost = 0.998479,	RMSE = 3.941952
	Test cost = 1.001052,	RMSE = 4.882083
Epoch = 16
	Train cost = 0.998315,	RMSE = 4.315889
	Test cost = 1.000991,	RMSE = 5.125014
Epoch = 17
	Train cost = 1.002816,	RMSE = 4.045941
	Test cost = 1.001448,	RMSE = 3.723221
Epoch = 18
	Train cost = 0.999074,	RMSE = 3.676350
	Test cost = 1.001321,	RMSE = 4.921116
Epoch = 19
	Train cost = 0.999611,	RMSE = 4.344656
	Test cost = 1.001277,	RMSE = 4.950891
Epoch = 20
	Train cost = 0.998458,	RMSE = 4.166333
	Test cost = 1.001284,	RMSE = 5.024526
Epoch = 21
	Train cost = 0.998714,	RMSE = 4.230180
	Test cost = 1.001412,	RMSE = 5.020909
Epoch = 22
	Train cost = 0.998671,	RMSE = 4.321656
	Test cost = 1.001504,	RMSE = 5.050708
Epoch = 23
	Train cost = 0.998678,	RMSE = 4.567158
	Test cost = 1.001081,	RMSE = 4.942701
Epoch = 24
	Train cost = 0.997028,	RMSE = 4.566050
	Test cost = 1.001422,	RMSE = 5.617271
Epoch = 25
	Train cost = 1.000480,	RMSE = 4.771349
	Test cost = 1.001589,	RMSE = 4.798525
Epoch = 26
	Train cost = 0.999542,	RMSE = 4.280823
	Test cost = 1.001497,	RMSE = 5.049247
Epoch = 27
	Train cost = 1.000693,	RMSE = 4.148264
	Test cost = 1.000108,	RMSE = 4.303609
Epoch = 28
	Train cost = 0.999804,	RMSE = 4.170759
	Test cost = 1.001432,	RMSE = 5.275391
Epoch = 29
	Train cost = 1.000176,	RMSE = 4.531805
	Test cost = 1.001300,	RMSE = 4.984867
Epoch = 30
	Train cost = 0.998750,	RMSE = 4.417207
	Test cost = 1.001440,	RMSE = 5.188636
Epoch = 31
	Train cost = 0.999691,	RMSE = 4.486330
	Test cost = 1.001863,	RMSE = 5.025594
Epoch = 32
	Train cost = 0.999466,	RMSE = 4.134366
	Test cost = 1.002378,	RMSE = 4.813229
Epoch = 33
	Train cost = 0.999706,	RMSE = 4.310639
	Test cost = 1.002770,	RMSE = 5.158630
Epoch = 34
	Train cost = 0.997764,	RMSE = 4.393926
	Test cost = 1.002528,	RMSE = 5.288449
Epoch = 35
	Train cost = 0.996796,	RMSE = 4.634444
	Test cost = 1.002152,	RMSE = 5.321285
Epoch = 36
	Train cost = 0.997653,	RMSE = 4.651635
	Test cost = 0.999625,	RMSE = 5.232372
Epoch = 37
	Train cost = 1.000343,	RMSE = 4.347212
	Test cost = 1.001080,	RMSE = 6.263987
Epoch = 38
	Train cost = 0.998743,	RMSE = 5.514639
	Test cost = 1.000698,	RMSE = 6.108615
Epoch = 39
	Train cost = 1.002799,	RMSE = 5.345350
	Test cost = 1.001267,	RMSE = 5.928074
Epoch = 40
	Train cost = 1.000882,	RMSE = 5.115310
	Test cost = 1.001170,	RMSE = 5.498502
Epoch = 41
	Train cost = 1.000230,	RMSE = 4.834889
	Test cost = 1.001162,	RMSE = 5.697200
Epoch = 42
	Train cost = 0.997694,	RMSE = 5.057748
	Test cost = 1.001023,	RMSE = 5.826710
Epoch = 43
	Train cost = 0.999541,	RMSE = 5.230484
	Test cost = 1.001122,	RMSE = 5.856293
Epoch = 44
	Train cost = 0.999511,	RMSE = 5.141277
	Test cost = 1.001183,	RMSE = 5.876087
Epoch = 45
	Train cost = 0.995987,	RMSE = 5.248134
	Test cost = 1.001059,	RMSE = 6.123566
Epoch = 46
	Train cost = 0.999554,	RMSE = 5.460773
	Test cost = 1.000970,	RMSE = 6.049745
Epoch = 47
	Train cost = 0.998752,	RMSE = 5.449647
	Test cost = 1.000946,	RMSE = 6.106474
Epoch = 48
	Train cost = 1.000883,	RMSE = 5.401166
	Test cost = 1.001030,	RMSE = 5.733606
Epoch = 49
	Train cost = 1.001728,	RMSE = 4.547149
	Test cost = 1.000730,	RMSE = 4.455411
Epoch = 50
	Train cost = 1.000377,	RMSE = 3.533017
	Test cost = 1.002276,	RMSE = 5.095220
Testing Dyad = 12
RMSE of Average Prediction = 1.740798
(1212, 76, 427) (13, 76, 427)
bi-naive
Compiling function
Compilation done 1
Compilation done 2
Epoch = 1
	Train cost = 1.000469,	RMSE = 3.591546
	Test cost = 1.000171,	RMSE = 5.176129
Epoch = 2
	Train cost = 0.999697,	RMSE = 3.690740
	Test cost = 1.000245,	RMSE = 4.991299
Epoch = 3
	Train cost = 1.000436,	RMSE = 3.766999
	Test cost = 1.000206,	RMSE = 5.583195
Epoch = 4
	Train cost = 1.000014,	RMSE = 4.148731
	Test cost = 1.000008,	RMSE = 5.642933
Epoch = 5
	Train cost = 0.999693,	RMSE = 4.184692
	Test cost = 1.000147,	RMSE = 5.675435
Epoch = 6
	Train cost = 0.999777,	RMSE = 4.322251
	Test cost = 1.000154,	RMSE = 5.813402
Epoch = 7
	Train cost = 1.000149,	RMSE = 4.360583
	Test cost = 1.000026,	RMSE = 5.814852
Epoch = 8
	Train cost = 0.999428,	RMSE = 4.437964
	Test cost = 1.000067,	RMSE = 5.893702
Epoch = 9
	Train cost = 0.999663,	RMSE = 4.500393
	Test cost = 1.000191,	RMSE = 5.990389
Epoch = 10
	Train cost = 0.998145,	RMSE = 4.589914
	Test cost = 1.000307,	RMSE = 6.194222
Epoch = 11
	Train cost = 0.999991,	RMSE = 4.933962
	Test cost = 1.000436,	RMSE = 6.421078
Epoch = 12
	Train cost = 1.000373,	RMSE = 4.978205
	Test cost = 1.000628,	RMSE = 6.331039
Epoch = 13
	Train cost = 0.998995,	RMSE = 5.040520
	Test cost = 1.000543,	RMSE = 6.466507
Epoch = 14
	Train cost = 0.996305,	RMSE = 5.285986
	Test cost = 1.000425,	RMSE = 6.891445
Epoch = 15
	Train cost = 1.001164,	RMSE = 5.456189
	Test cost = 1.000739,	RMSE = 6.783459
Epoch = 16
	Train cost = 0.999983,	RMSE = 5.426670
	Test cost = 1.001268,	RMSE = 6.719789
Epoch = 17
	Train cost = 0.999448,	RMSE = 5.120536
	Test cost = 1.000985,	RMSE = 6.803401
Epoch = 18
	Train cost = 0.998928,	RMSE = 5.471793
	Test cost = 1.000430,	RMSE = 6.915299
Epoch = 19
	Train cost = 1.000745,	RMSE = 5.560024
	Test cost = 1.000407,	RMSE = 6.801537
Epoch = 20
	Train cost = 0.998821,	RMSE = 5.430316
	Test cost = 1.000496,	RMSE = 6.737808
Epoch = 21
	Train cost = 0.999697,	RMSE = 5.365845
	Test cost = 1.000637,	RMSE = 6.708111
Epoch = 22
	Train cost = 1.000195,	RMSE = 5.124512
	Test cost = 1.000878,	RMSE = 6.210479
Epoch = 23
	Train cost = 0.999650,	RMSE = 5.006632
	Test cost = 1.000902,	RMSE = 6.303261
Epoch = 24
	Train cost = 0.998789,	RMSE = 4.768178
	Test cost = 1.001230,	RMSE = 6.149982
Epoch = 25
	Train cost = 0.998316,	RMSE = 4.909356
	Test cost = 1.001462,	RMSE = 6.151667
Epoch = 26
	Train cost = 0.997604,	RMSE = 4.944817
	Test cost = 1.001772,	RMSE = 6.193419
Epoch = 27
	Train cost = 0.998427,	RMSE = 5.029513
	Test cost = 1.001736,	RMSE = 6.113087
Epoch = 28
	Train cost = 0.999178,	RMSE = 4.757123
	Test cost = 1.001647,	RMSE = 5.771782
Epoch = 29
	Train cost = 0.998504,	RMSE = 4.946983
	Test cost = 1.002089,	RMSE = 6.809288
Epoch = 30
	Train cost = 0.998392,	RMSE = 5.621089
	Test cost = 1.002076,	RMSE = 6.869535
Epoch = 31
	Train cost = 1.002918,	RMSE = 5.351390
	Test cost = 1.002601,	RMSE = 5.984070
Epoch = 32
	Train cost = 0.998040,	RMSE = 4.459844
	Test cost = 1.003069,	RMSE = 5.901054
Epoch = 33
	Train cost = 0.998473,	RMSE = 4.805749
	Test cost = 1.003196,	RMSE = 6.052766
Epoch = 34
	Train cost = 0.997867,	RMSE = 4.473245
	Test cost = 1.004327,	RMSE = 5.599642
Epoch = 35
	Train cost = 0.995761,	RMSE = 3.890486
	Test cost = 1.005923,	RMSE = 4.084423
Epoch = 36
	Train cost = 1.001203,	RMSE = 3.803332
	Test cost = 1.004171,	RMSE = 6.424667
Epoch = 37
	Train cost = 0.996310,	RMSE = 5.142730
	Test cost = 1.003216,	RMSE = 6.362907
Epoch = 38
	Train cost = 0.998015,	RMSE = 5.390344
	Test cost = 1.002366,	RMSE = 6.893024
Epoch = 39
	Train cost = 0.999925,	RMSE = 5.334975
	Test cost = 1.002806,	RMSE = 5.077476
Epoch = 40
	Train cost = 1.003134,	RMSE = 3.710136
	Test cost = 1.002946,	RMSE = 4.634595
Epoch = 41
	Train cost = 0.998489,	RMSE = 3.741602
	Test cost = 1.002722,	RMSE = 5.358223
Epoch = 42
	Train cost = 0.998277,	RMSE = 4.233377
	Test cost = 1.003551,	RMSE = 5.857758
Epoch = 43
	Train cost = 0.996866,	RMSE = 5.308256
	Test cost = 1.002645,	RMSE = 6.881132
Epoch = 44
	Train cost = 1.001072,	RMSE = 5.314787
	Test cost = 1.002777,	RMSE = 6.047500
Epoch = 45
	Train cost = 0.996275,	RMSE = 4.637520
	Test cost = 1.004288,	RMSE = 5.732708
Epoch = 46
	Train cost = 0.999609,	RMSE = 4.703869
	Test cost = 1.007749,	RMSE = 5.941064
Epoch = 47
	Train cost = 0.979872,	RMSE = 4.100488
	Test cost = 1.004079,	RMSE = 3.344118
Epoch = 48
	Train cost = 0.983341,	RMSE = 3.977308
	Test cost = 0.926962,	RMSE = 3.488739
Epoch = 49
	Train cost = 0.960068,	RMSE = 4.137028
	Test cost = 0.964821,	RMSE = 4.023805
Epoch = 50
	Train cost = 0.987184,	RMSE = 5.653299
	Test cost = 1.008042,	RMSE = 7.673896
Testing Dyad = 16
RMSE of Average Prediction = 1.226222
(1125, 76, 427) (100, 76, 427)
bi-naive
Compiling function
Compilation done 1
Compilation done 2
Epoch = 1
	Train cost = 1.000087,	RMSE = 3.527939
	Test cost = 0.999594,	RMSE = 2.953457
Epoch = 2
	Train cost = 0.998913,	RMSE = 3.453401
	Test cost = 1.000259,	RMSE = 2.626182
Epoch = 3
	Train cost = 0.999782,	RMSE = 3.284604
	Test cost = 1.000230,	RMSE = 2.640434
Epoch = 4
	Train cost = 1.003426,	RMSE = 3.474547
	Test cost = 1.000114,	RMSE = 3.034341
Epoch = 5
	Train cost = 1.000210,	RMSE = 3.802028
	Test cost = 0.999766,	RMSE = 3.242700
Epoch = 6
	Train cost = 1.000213,	RMSE = 3.851232
	Test cost = 0.999497,	RMSE = 3.066269
Epoch = 7
	Train cost = 0.999507,	RMSE = 3.861370
	Test cost = 0.999297,	RMSE = 3.235885
Epoch = 8
	Train cost = 0.999272,	RMSE = 4.079693
	Test cost = 0.999007,	RMSE = 3.580500
Epoch = 9
	Train cost = 1.000333,	RMSE = 4.198259
	Test cost = 0.998748,	RMSE = 3.457413
Epoch = 10
	Train cost = 0.999550,	RMSE = 4.303857
	Test cost = 0.999461,	RMSE = 3.323225
Epoch = 11
	Train cost = 0.997863,	RMSE = 3.863047
	Test cost = 0.999433,	RMSE = 2.948927
Epoch = 12
	Train cost = 0.998938,	RMSE = 3.558852
	Test cost = 0.999746,	RMSE = 2.648065
Epoch = 13
	Train cost = 0.999844,	RMSE = 3.446335
	Test cost = 1.000955,	RMSE = 2.678460
Epoch = 14
	Train cost = 0.999038,	RMSE = 3.686280
	Test cost = 1.001225,	RMSE = 3.443396
Epoch = 15
	Train cost = 0.998471,	RMSE = 3.796090
	Test cost = 1.000663,	RMSE = 3.564183
Epoch = 16
	Train cost = 0.997791,	RMSE = 3.476293
	Test cost = 1.000911,	RMSE = 3.503280
Epoch = 17
	Train cost = 1.001938,	RMSE = 4.301289
	Test cost = 0.997096,	RMSE = 3.476691
Epoch = 18
	Train cost = 0.997243,	RMSE = 4.609260
	Test cost = 0.999551,	RMSE = 4.073988
Epoch = 19
	Train cost = 1.000068,	RMSE = 4.773410
	Test cost = 0.999302,	RMSE = 4.088975
Epoch = 20
	Train cost = 0.999805,	RMSE = 4.423485
	Test cost = 0.998188,	RMSE = 2.935841
Epoch = 21
	Train cost = 0.999734,	RMSE = 3.749393
	Test cost = 0.998216,	RMSE = 3.565599
Epoch = 22
	Train cost = 1.000253,	RMSE = 4.823968
	Test cost = 0.999653,	RMSE = 3.878326
Epoch = 23
	Train cost = 1.000326,	RMSE = 4.537760
	Test cost = 0.998905,	RMSE = 4.030947
Epoch = 24
	Train cost = 0.999423,	RMSE = 4.627208
	Test cost = 0.998471,	RMSE = 3.725563
Epoch = 25
	Train cost = 1.001043,	RMSE = 3.804904
	Test cost = 0.998936,	RMSE = 2.787820
Epoch = 26
	Train cost = 1.001237,	RMSE = 4.166811
	Test cost = 0.997506,	RMSE = 2.679566
Epoch = 27
	Train cost = 1.000600,	RMSE = 3.750521
	Test cost = 0.997713,	RMSE = 3.498757
Epoch = 28
	Train cost = 0.998237,	RMSE = 4.399772
	Test cost = 0.997420,	RMSE = 3.715923
Epoch = 29
	Train cost = 0.999427,	RMSE = 4.404060
	Test cost = 0.996703,	RMSE = 3.601883
Epoch = 30
	Train cost = 0.996854,	RMSE = 4.844130
	Test cost = 0.998287,	RMSE = 4.079392
Epoch = 31
	Train cost = 0.997915,	RMSE = 4.571081
	Test cost = 0.996757,	RMSE = 3.069262
Epoch = 32
	Train cost = 1.001791,	RMSE = 3.677093
	Test cost = 0.995586,	RMSE = 3.142019
Epoch = 33
	Train cost = 0.999277,	RMSE = 4.432424
	Test cost = 0.997896,	RMSE = 3.295380
Epoch = 34
	Train cost = 0.998804,	RMSE = 4.175640
	Test cost = 0.997266,	RMSE = 3.696099
Epoch = 35
	Train cost = 0.996408,	RMSE = 4.757412
	Test cost = 0.997412,	RMSE = 3.687447
Epoch = 36
	Train cost = 0.997648,	RMSE = 4.774728
	Test cost = 0.996924,	RMSE = 3.902865
Epoch = 37
	Train cost = 0.997371,	RMSE = 4.636226
	Test cost = 0.994288,	RMSE = 3.013245
Epoch = 38
	Train cost = 0.995917,	RMSE = 4.193728
	Test cost = 0.993690,	RMSE = 3.043461
Epoch = 39
	Train cost = 0.991659,	RMSE = 3.855416
	Test cost = 0.990494,	RMSE = 2.073824
Epoch = 40
	Train cost = 0.993412,	RMSE = 3.420315
	Test cost = 0.982958,	RMSE = 2.030904
Epoch = 41
	Train cost = 0.994398,	RMSE = 3.573537
	Test cost = 0.985340,	RMSE = 2.124320
Epoch = 42
	Train cost = 1.008210,	RMSE = 3.660133
	Test cost = 0.986587,	RMSE = 2.090926
Epoch = 43
	Train cost = 0.978114,	RMSE = 3.685249
	Test cost = 0.998682,	RMSE = 2.079255
Epoch = 44
	Train cost = 0.983887,	RMSE = 3.758437
	Test cost = 1.004813,	RMSE = 2.405725
Epoch = 45
	Train cost = 0.994966,	RMSE = 4.965730
	Test cost = 0.998539,	RMSE = 2.743416
Epoch = 46
	Train cost = 0.992917,	RMSE = 5.062082
	Test cost = 0.999326,	RMSE = 2.723350
Epoch = 47
	Train cost = 1.000642,	RMSE = 5.066953
	Test cost = 0.994062,	RMSE = 3.195389
Epoch = 48
	Train cost = 1.007514,	RMSE = 5.682795
	Test cost = 0.960474,	RMSE = 3.946565
Epoch = 49
	Train cost = 1.007679,	RMSE = 5.559274
	Test cost = 0.964474,	RMSE = 3.703080
Epoch = 50
	Train cost = 0.997152,	RMSE = 5.209731
	Test cost = 0.992073,	RMSE = 3.188010
Testing Dyad = 17
RMSE of Average Prediction = 1.107895
(1136, 76, 427) (89, 76, 427)
bi-naive
Compiling function
Compilation done 1
Compilation done 2
Epoch = 1
	Train cost = 1.000216,	RMSE = 3.868244
	Test cost = 1.005134,	RMSE = 3.386020
Epoch = 2
	Train cost = 0.999063,	RMSE = 3.987278
	Test cost = 1.003997,	RMSE = 3.081064
Epoch = 3
	Train cost = 0.997671,	RMSE = 3.893467
	Test cost = 1.029859,	RMSE = 3.807870
Epoch = 4
	Train cost = 0.999919,	RMSE = 3.709148
	Test cost = 1.012489,	RMSE = 2.915276
Epoch = 5
	Train cost = 0.995329,	RMSE = 4.086166
	Test cost = 1.024383,	RMSE = 3.160134
Epoch = 6
	Train cost = 0.992885,	RMSE = 4.009969
	Test cost = 1.037057,	RMSE = 3.631849
Epoch = 7
	Train cost = 0.992411,	RMSE = 3.658663
	Test cost = 1.005417,	RMSE = 2.441569
Epoch = 8
	Train cost = 0.994628,	RMSE = 4.197759
	Test cost = 1.053070,	RMSE = 4.110388
Epoch = 9
	Train cost = 0.997504,	RMSE = 4.477375
	Test cost = 1.039406,	RMSE = 3.210879
Epoch = 10
	Train cost = 0.984772,	RMSE = 3.929807
	Test cost = 1.051234,	RMSE = 3.626167
Epoch = 11
	Train cost = 0.983686,	RMSE = 3.827684
	Test cost = 1.010924,	RMSE = 2.203686
Epoch = 12
	Train cost = 0.989452,	RMSE = 3.854666
	Test cost = 1.069878,	RMSE = 3.969390
Epoch = 13
	Train cost = 0.977236,	RMSE = 3.786853
	Test cost = 1.007686,	RMSE = 1.704577
Epoch = 14
	Train cost = 0.983249,	RMSE = 3.926003
	Test cost = 1.043560,	RMSE = 1.754568
Epoch = 15
	Train cost = 0.985402,	RMSE = 3.335248
	Test cost = 1.003792,	RMSE = 1.424674
Epoch = 16
	Train cost = 1.011744,	RMSE = 2.419108
	Test cost = 1.003673,	RMSE = 1.318053
Epoch = 17
	Train cost = 0.975417,	RMSE = 2.371168
	Test cost = 1.004628,	RMSE = 1.205071
Epoch = 18
	Train cost = 1.009058,	RMSE = 2.339003
	Test cost = 1.005962,	RMSE = 1.173677
Epoch = 19
	Train cost = 1.009487,	RMSE = 2.362111
	Test cost = 1.007515,	RMSE = 1.367706
Epoch = 20
	Train cost = 1.003837,	RMSE = 2.413865
	Test cost = 1.009898,	RMSE = 1.380729
Epoch = 21
	Train cost = 0.977183,	RMSE = 2.279594
	Test cost = 1.016395,	RMSE = 1.148358
Epoch = 22
	Train cost = 1.007417,	RMSE = 2.477282
	Test cost = 1.111894,	RMSE = 2.673593
Epoch = 23
	Train cost = 0.961981,	RMSE = 3.028903
	Test cost = 1.027747,	RMSE = 1.157656
Epoch = 24
	Train cost = 1.008289,	RMSE = 2.301499
	Test cost = 1.027531,	RMSE = 1.183949
Epoch = 25
	Train cost = 0.975466,	RMSE = 2.326881
	Test cost = 1.050468,	RMSE = 1.408821
Epoch = 26
	Train cost = 0.982865,	RMSE = 2.683233
	Test cost = 1.085781,	RMSE = 1.924327
Epoch = 27
	Train cost = 0.974129,	RMSE = 3.330120
	Test cost = 1.075348,	RMSE = 1.369454
Epoch = 28
	Train cost = 1.004252,	RMSE = 2.527621
	Test cost = 1.103678,	RMSE = 1.476780
Epoch = 29
	Train cost = 0.941125,	RMSE = 3.036439
	Test cost = 1.089542,	RMSE = 1.108163
Epoch = 30
	Train cost = 0.960800,	RMSE = 2.545623
	Test cost = 1.029197,	RMSE = 0.977436
Epoch = 31
	Train cost = 0.977076,	RMSE = 2.293464
	Test cost = 1.066003,	RMSE = 1.002254
Epoch = 32
	Train cost = 0.989232,	RMSE = 2.490799
	Test cost = 1.053877,	RMSE = 2.175429
Epoch = 33
	Train cost = 0.984240,	RMSE = 3.019299
	Test cost = 1.129612,	RMSE = 2.127341
Epoch = 34
	Train cost = 0.960857,	RMSE = 3.496158
	Test cost = 1.206070,	RMSE = 1.241293
Epoch = 35
	Train cost = 0.982928,	RMSE = 2.642018
	Test cost = 1.047776,	RMSE = 2.310266
Epoch = 36
	Train cost = 1.002739,	RMSE = 3.473496
	Test cost = 1.016624,	RMSE = 3.006876
Epoch = 37
	Train cost = 0.997106,	RMSE = 3.861755
	Test cost = 1.007413,	RMSE = 3.285094
Epoch = 38
	Train cost = 0.998566,	RMSE = 3.977504
	Test cost = 1.014412,	RMSE = 3.391233
Epoch = 39
	Train cost = 0.997156,	RMSE = 4.349564
	Test cost = 1.033141,	RMSE = 4.043167
Epoch = 40
	Train cost = 0.993966,	RMSE = 5.113445
	Test cost = 1.036203,	RMSE = 4.779169
Epoch = 41
	Train cost = 0.997302,	RMSE = 5.621297
	Test cost = 1.022228,	RMSE = 4.078972
Epoch = 42
	Train cost = 0.996979,	RMSE = 4.478133
	Test cost = 1.049509,	RMSE = 3.233188
Epoch = 43
	Train cost = 0.974224,	RMSE = 4.141403
	Test cost = 1.327954,	RMSE = 1.376744
Epoch = 44
	Train cost = 0.967156,	RMSE = 3.507082
	Test cost = 1.254328,	RMSE = 1.230094
Epoch = 45
	Train cost = 0.968384,	RMSE = 3.632741
	Test cost = 1.189519,	RMSE = 2.419033
Epoch = 46
	Train cost = 0.963555,	RMSE = 4.349848
	Test cost = 1.075131,	RMSE = 1.412054
Epoch = 47
	Train cost = 0.950783,	RMSE = 5.118553
	Test cost = 1.155681,	RMSE = 3.821407
Epoch = 48
	Train cost = 0.956398,	RMSE = 5.251414
	Test cost = 1.172687,	RMSE = 1.325876
Epoch = 49
	Train cost = 0.968575,	RMSE = 4.265006
	Test cost = 1.365134,	RMSE = 1.683250
Epoch = 50
	Train cost = 0.956984,	RMSE = 4.444111
	Test cost = 1.310769,	RMSE = 2.340144
Testing Dyad = 18
RMSE of Average Prediction = 1.632056
(1142, 76, 427) (83, 76, 427)
bi-naive
Compiling function
Compilation done 1
Compilation done 2
Epoch = 1
	Train cost = 0.996457,	RMSE = 3.678770
	Test cost = 1.000505,	RMSE = 2.163950
Epoch = 2
	Train cost = 0.999410,	RMSE = 3.254593
	Test cost = 1.001187,	RMSE = 1.906911
Epoch = 3
	Train cost = 1.002134,	RMSE = 3.244752
	Test cost = 1.001554,	RMSE = 2.091128
Epoch = 4
	Train cost = 1.001195,	RMSE = 3.669178
	Test cost = 1.001734,	RMSE = 2.596703
Epoch = 5
	Train cost = 0.998760,	RMSE = 4.154170
	Test cost = 1.001757,	RMSE = 2.978996
Epoch = 6
	Train cost = 1.000221,	RMSE = 4.340241
	Test cost = 1.002192,	RMSE = 2.862444
Epoch = 7
	Train cost = 0.999465,	RMSE = 4.243391
	Test cost = 1.002443,	RMSE = 2.858633
Epoch = 8
	Train cost = 0.998684,	RMSE = 4.406708
	Test cost = 1.002549,	RMSE = 2.950842
Epoch = 9
	Train cost = 0.997212,	RMSE = 4.470011
	Test cost = 1.003019,	RMSE = 3.143471
Epoch = 10
	Train cost = 1.000347,	RMSE = 4.809033
	Test cost = 1.001982,	RMSE = 2.966684
Epoch = 11
	Train cost = 0.999740,	RMSE = 4.371916
	Test cost = 1.002260,	RMSE = 2.745336
Epoch = 12
	Train cost = 0.997626,	RMSE = 4.017281
	Test cost = 1.001727,	RMSE = 2.045114
Epoch = 13
	Train cost = 0.995146,	RMSE = 4.021055
	Test cost = 1.004820,	RMSE = 2.618573
Epoch = 14
	Train cost = 0.998806,	RMSE = 5.049811
	Test cost = 1.003343,	RMSE = 2.603817
Epoch = 15
	Train cost = 0.997697,	RMSE = 4.307381
	Test cost = 1.004424,	RMSE = 2.119744
Epoch = 16
	Train cost = 0.996131,	RMSE = 3.840623
	Test cost = 1.006051,	RMSE = 1.432725
Epoch = 17
	Train cost = 0.994527,	RMSE = 3.482352
	Test cost = 1.011837,	RMSE = 1.432248
Epoch = 18
	Train cost = 0.988819,	RMSE = 3.909233
	Test cost = 1.017917,	RMSE = 1.677065
Epoch = 19
	Train cost = 0.989152,	RMSE = 3.922317
	Test cost = 1.003996,	RMSE = 1.130326
Epoch = 20
	Train cost = 0.990646,	RMSE = 3.038214
	Test cost = 1.013267,	RMSE = 1.337260
Epoch = 21
	Train cost = 0.984841,	RMSE = 3.724468
	Test cost = 1.006356,	RMSE = 1.136759
Epoch = 22
	Train cost = 0.992145,	RMSE = 3.737425
	Test cost = 1.030191,	RMSE = 1.233001
Epoch = 23
	Train cost = 0.988610,	RMSE = 4.560732
	Test cost = 1.012394,	RMSE = 1.094211
Epoch = 24
	Train cost = 0.992862,	RMSE = 3.513188
	Test cost = 1.006748,	RMSE = 1.084666
Epoch = 25
	Train cost = 0.972237,	RMSE = 4.051138
	Test cost = 1.050855,	RMSE = 1.215982
Epoch = 26
	Train cost = 0.987209,	RMSE = 5.205125
	Test cost = 1.060372,	RMSE = 1.233427
Epoch = 27
	Train cost = 0.980475,	RMSE = 5.311234
	Test cost = 1.028667,	RMSE = 1.381492
Epoch = 28
	Train cost = 0.984105,	RMSE = 5.069266
	Test cost = 1.002448,	RMSE = 1.075309
Epoch = 29
	Train cost = 0.963117,	RMSE = 4.586892
	Test cost = 1.001124,	RMSE = 1.125262
Epoch = 30
	Train cost = 0.945017,	RMSE = 3.849188
	Test cost = 1.000281,	RMSE = 1.208888
Epoch = 31
	Train cost = 0.979377,	RMSE = 5.027797
	Test cost = 1.047215,	RMSE = 1.681230
Epoch = 32
	Train cost = 0.994759,	RMSE = 5.603495
	Test cost = 1.025759,	RMSE = 2.967902
Epoch = 33
	Train cost = 0.995806,	RMSE = 6.011120
	Test cost = 0.990003,	RMSE = 3.856712
Epoch = 34
	Train cost = 0.997177,	RMSE = 5.300291
	Test cost = 0.959673,	RMSE = 2.675943
Epoch = 35
	Train cost = 1.000189,	RMSE = 4.342183
	Test cost = 0.994934,	RMSE = 2.693679
Epoch = 36
	Train cost = 0.997234,	RMSE = 6.587328
	Test cost = 1.015955,	RMSE = 5.248530
Epoch = 37
	Train cost = 1.003331,	RMSE = 7.022889
	Test cost = 1.000188,	RMSE = 5.500799
Epoch = 38
	Train cost = 1.001576,	RMSE = 7.089283
	Test cost = 1.000186,	RMSE = 5.521971
Epoch = 39
	Train cost = 0.997813,	RMSE = 7.081817
	Test cost = 1.000104,	RMSE = 5.535516
Epoch = 40
	Train cost = 1.002382,	RMSE = 7.113550
	Test cost = 1.000106,	RMSE = 5.327193
Epoch = 41
	Train cost = 0.998137,	RMSE = 6.561694
	Test cost = 1.015023,	RMSE = 4.284449
Epoch = 42
	Train cost = 0.999889,	RMSE = 5.507243
	Test cost = 0.988529,	RMSE = 3.050408
Epoch = 43
	Train cost = 0.998548,	RMSE = 5.648198
	Test cost = 0.999736,	RMSE = 4.262712
Epoch = 44
	Train cost = 0.997066,	RMSE = 5.926649
	Test cost = 0.999563,	RMSE = 4.278369
Epoch = 45
	Train cost = 0.997627,	RMSE = 6.026260
	Test cost = 0.999493,	RMSE = 4.022835
Epoch = 46
	Train cost = 0.996832,	RMSE = 5.586805
	Test cost = 0.999863,	RMSE = 3.106283
Epoch = 47
	Train cost = 0.996711,	RMSE = 4.931751
	Test cost = 0.999277,	RMSE = 2.909515
Epoch = 48
	Train cost = 1.001730,	RMSE = 5.387667
	Test cost = 1.004569,	RMSE = 1.896313
Epoch = 49
	Train cost = 0.994442,	RMSE = 5.364033
	Test cost = 1.000533,	RMSE = 2.892697
Epoch = 50
	Train cost = 0.991177,	RMSE = 4.715354
	Test cost = 1.002141,	RMSE = 1.926858
