nohup: ignoring input
Couldn't import dot_parser, loading of dot files will not be possible.
WARNING (theano.sandbox.cuda): The cuda backend is deprecated and will be removed in the next release.  Please switch to the gpuarray backend. You can get more information about how to switch at this URL:
 https://github.com/Theano/Theano/wiki/Converting-to-the-new-gpu-back-end%28gpuarray%29

Using gpu device 1: GeForce GTX TITAN X (CNMeM is disabled, cuDNN 5103)
hog lr
/usr0/home/hongliay/code/Rapport/data_info/AMT_Batch1_results_large.csv
/usr0/home/hongliay/code/Rapport/data_info/AMT_Batch2_results_large.csv
/usr0/home/hongliay/code/Rapport/data_info/AMT_Batch3_results_large.csv
/usr0/home/hongliay/code/Rapport/data_info/AMT_Batch4_results_large.csv
D10S1
D10S2
D11S1
D11S2
D12S1
D12S2
D16S2
D17S1
D18S1
D3S1
D3S2
D4S1
D4S2
D5S1
D5S2
D6S1
D6S2
D7S1
D7S2
D8S1
D8S2
D9S1
D9S2
[3, 4, 7, 8, 9, 10, 11, 12, 16, 17, 18]
Validation Dyad = 17 	Testing Dyad = 3
RMSE of Average Prediction = 1.113890
(1957, 76, 1360) (179, 76, 1360) (332, 76, 1360)
model = lstm lambda = 0.0 last = True share = False #class = 1 drop = 0.0 update = adam2
Compiling function
Compilation done 1
Compilation done 2
Compilation done 3
Epoch = 1
	Train cost = 0.998140,	Krip Loss = 0.998140,	RMSE = 4.069221
	Test cost = 1.000513,	Krip Loss = 1.000513,	RMSE = 5.351813
	Test cost = 0.968409,	Krip Loss = 0.968409,	RMSE = 5.589608
Epoch = 2
	Train cost = 0.942169,	Krip Loss = 0.942169,	RMSE = 3.654956
	Test cost = 1.010949,	Krip Loss = 1.010949,	RMSE = 2.519959
	Test cost = 0.956586,	Krip Loss = 0.956586,	RMSE = 2.614359
Epoch = 3
	Train cost = 0.916412,	Krip Loss = 0.916412,	RMSE = 2.053066
	Test cost = 0.999491,	Krip Loss = 0.999491,	RMSE = 1.618938
	Test cost = 0.974779,	Krip Loss = 0.974779,	RMSE = 1.943352
Epoch = 4
	Train cost = 0.947539,	Krip Loss = 0.947539,	RMSE = 2.329286
	Test cost = 1.022512,	Krip Loss = 1.022512,	RMSE = 2.229983
	Test cost = 0.935800,	Krip Loss = 0.935800,	RMSE = 2.285487
Epoch = 5
	Train cost = 0.863435,	Krip Loss = 0.863435,	RMSE = 1.549929
	Test cost = 1.009844,	Krip Loss = 1.009844,	RMSE = 1.130462
	Test cost = 0.962315,	Krip Loss = 0.962315,	RMSE = 1.196462
Epoch = 6
	Train cost = 0.814321,	Krip Loss = 0.814321,	RMSE = 1.358975
	Test cost = 0.972533,	Krip Loss = 0.972533,	RMSE = 1.204822
	Test cost = 0.914039,	Krip Loss = 0.914039,	RMSE = 1.204022
Epoch = 7
	Train cost = 0.793769,	Krip Loss = 0.793769,	RMSE = 1.342222
	Test cost = 1.010818,	Krip Loss = 1.010818,	RMSE = 1.193708
	Test cost = 0.945397,	Krip Loss = 0.945397,	RMSE = 1.234315
Epoch = 8
	Train cost = 0.682906,	Krip Loss = 0.682906,	RMSE = 1.210069
	Test cost = 1.018573,	Krip Loss = 1.018573,	RMSE = 1.527171
	Test cost = 0.962731,	Krip Loss = 0.962731,	RMSE = 1.394785
Epoch = 9
	Train cost = 0.677986,	Krip Loss = 0.677986,	RMSE = 1.333589
	Test cost = 1.012719,	Krip Loss = 1.012719,	RMSE = 2.202792
	Test cost = 0.982368,	Krip Loss = 0.982368,	RMSE = 2.289696
Epoch = 10
	Train cost = 0.693548,	Krip Loss = 0.693548,	RMSE = 1.581799
	Test cost = 1.011391,	Krip Loss = 1.011391,	RMSE = 2.694706
	Test cost = 0.987553,	Krip Loss = 0.987553,	RMSE = 2.784350
Epoch = 11
	Train cost = 0.787964,	Krip Loss = 0.787964,	RMSE = 1.975119
	Test cost = 1.038623,	Krip Loss = 1.038623,	RMSE = 1.793979
	Test cost = 0.949638,	Krip Loss = 0.949638,	RMSE = 1.422242
Best Epoch = 6, Best Cost in Test = 0.914039
Validation Dyad = 8 	Testing Dyad = 4
RMSE of Average Prediction = 1.380024
(2235, 76, 1360) (138, 76, 1360) (95, 76, 1360)
model = lstm lambda = 0.0 last = True share = False #class = 1 drop = 0.0 update = adam2
Compiling function
Compilation done 1
Compilation done 2
Compilation done 3
Epoch = 1
	Train cost = 0.989998,	Krip Loss = 0.989998,	RMSE = 4.787375
	Test cost = 0.960356,	Krip Loss = 0.960356,	RMSE = 3.296543
	Test cost = 0.972188,	Krip Loss = 0.972188,	RMSE = 5.483916
Epoch = 2
	Train cost = 0.942208,	Krip Loss = 0.942208,	RMSE = 4.623716
	Test cost = 1.016663,	Krip Loss = 1.016663,	RMSE = 7.032007
	Test cost = 0.997255,	Krip Loss = 0.997255,	RMSE = 7.773976
Epoch = 3
	Train cost = 0.944795,	Krip Loss = 0.944795,	RMSE = 3.638121
	Test cost = 1.079273,	Krip Loss = 1.079273,	RMSE = 1.595386
	Test cost = 1.002993,	Krip Loss = 1.002993,	RMSE = 1.942371
Epoch = 4
	Train cost = 0.868870,	Krip Loss = 0.868870,	RMSE = 1.437187
	Test cost = 1.036285,	Krip Loss = 1.036285,	RMSE = 1.213461
	Test cost = 0.962741,	Krip Loss = 0.962741,	RMSE = 1.374633
Epoch = 5
	Train cost = 0.793810,	Krip Loss = 0.793810,	RMSE = 1.508734
	Test cost = 0.970188,	Krip Loss = 0.970188,	RMSE = 1.206209
	Test cost = 0.951996,	Krip Loss = 0.951996,	RMSE = 1.456495
Epoch = 6
	Train cost = 0.692423,	Krip Loss = 0.692423,	RMSE = 1.116537
	Test cost = 1.003271,	Krip Loss = 1.003271,	RMSE = 1.360630
	Test cost = 0.956753,	Krip Loss = 0.956753,	RMSE = 1.771111
Epoch = 7
	Train cost = 0.646986,	Krip Loss = 0.646986,	RMSE = 1.111310
	Test cost = 1.027115,	Krip Loss = 1.027115,	RMSE = 1.465277
	Test cost = 0.930130,	Krip Loss = 0.930130,	RMSE = 1.382491
Epoch = 8
	Train cost = 0.715241,	Krip Loss = 0.715241,	RMSE = 1.456025
	Test cost = 1.041496,	Krip Loss = 1.041496,	RMSE = 1.206994
	Test cost = 0.976365,	Krip Loss = 0.976365,	RMSE = 1.405265
Epoch = 9
	Train cost = 0.624451,	Krip Loss = 0.624451,	RMSE = 1.141459
	Test cost = 1.050200,	Krip Loss = 1.050200,	RMSE = 1.329242
	Test cost = 0.986616,	Krip Loss = 0.986616,	RMSE = 1.296697
Epoch = 10
	Train cost = 0.533384,	Krip Loss = 0.533384,	RMSE = 1.030641
	Test cost = 1.046267,	Krip Loss = 1.046267,	RMSE = 1.517942
	Test cost = 0.931047,	Krip Loss = 0.931047,	RMSE = 1.330557
Epoch = 11
	Train cost = 0.557254,	Krip Loss = 0.557254,	RMSE = 1.147152
	Test cost = 1.044564,	Krip Loss = 1.044564,	RMSE = 1.310753
	Test cost = 0.974829,	Krip Loss = 0.974829,	RMSE = 1.415863
Epoch = 12
	Train cost = 0.466828,	Krip Loss = 0.466828,	RMSE = 0.960380
	Test cost = 1.047510,	Krip Loss = 1.047510,	RMSE = 1.421976
	Test cost = 1.001582,	Krip Loss = 1.001582,	RMSE = 1.539238
Epoch = 13
	Train cost = 0.621776,	Krip Loss = 0.621776,	RMSE = 1.478596
	Test cost = 0.896047,	Krip Loss = 0.896047,	RMSE = 1.517282
	Test cost = 1.053596,	Krip Loss = 1.053596,	RMSE = 1.846951
Epoch = 14
	Train cost = 0.618324,	Krip Loss = 0.618324,	RMSE = 1.343519
	Test cost = 0.984431,	Krip Loss = 0.984431,	RMSE = 1.650727
	Test cost = 0.969124,	Krip Loss = 0.969124,	RMSE = 1.969035
Epoch = 15
	Train cost = 0.514556,	Krip Loss = 0.514556,	RMSE = 1.127780
	Test cost = 0.953034,	Krip Loss = 0.953034,	RMSE = 1.949534
	Test cost = 0.957418,	Krip Loss = 0.957418,	RMSE = 1.983592
Epoch = 16
	Train cost = 0.528558,	Krip Loss = 0.528558,	RMSE = 1.216996
	Test cost = 0.981634,	Krip Loss = 0.981634,	RMSE = 2.049556
	Test cost = 0.971491,	Krip Loss = 0.971491,	RMSE = 2.196732
Epoch = 17
	Train cost = 0.485143,	Krip Loss = 0.485143,	RMSE = 1.097496
	Test cost = 0.991901,	Krip Loss = 0.991901,	RMSE = 1.944094
	Test cost = 0.949190,	Krip Loss = 0.949190,	RMSE = 2.064308
Epoch = 18
	Train cost = 0.452227,	Krip Loss = 0.452227,	RMSE = 0.955226
	Test cost = 0.995742,	Krip Loss = 0.995742,	RMSE = 1.376571
	Test cost = 0.921547,	Krip Loss = 0.921547,	RMSE = 1.747560
Best Epoch = 13, Best Cost in Test = 1.053596
Validation Dyad = 3 	Testing Dyad = 7
RMSE of Average Prediction = 1.104264
(1750, 76, 1360) (332, 76, 1360) (386, 76, 1360)
model = lstm lambda = 0.0 last = True share = False #class = 1 drop = 0.0 update = adam2
Compiling function
Compilation done 1
Compilation done 2
Compilation done 3
Epoch = 1
	Train cost = 0.985870,	Krip Loss = 0.985870,	RMSE = 3.550251
	Test cost = 0.999229,	Krip Loss = 0.999229,	RMSE = 2.902482
	Test cost = 1.004360,	Krip Loss = 1.004360,	RMSE = 2.849922
Epoch = 2
	Train cost = 0.871857,	Krip Loss = 0.871857,	RMSE = 1.984502
	Test cost = 0.931159,	Krip Loss = 0.931159,	RMSE = 1.285859
	Test cost = 1.032962,	Krip Loss = 1.032962,	RMSE = 1.382972
Epoch = 3
	Train cost = 0.812157,	Krip Loss = 0.812157,	RMSE = 1.856598
	Test cost = 0.928024,	Krip Loss = 0.928024,	RMSE = 1.576236
	Test cost = 1.035347,	Krip Loss = 1.035347,	RMSE = 1.728959
Epoch = 4
	Train cost = 0.701208,	Krip Loss = 0.701208,	RMSE = 1.207770
	Test cost = 0.933622,	Krip Loss = 0.933622,	RMSE = 1.834043
	Test cost = 1.029776,	Krip Loss = 1.029776,	RMSE = 1.970897
Epoch = 5
	Train cost = 0.614028,	Krip Loss = 0.614028,	RMSE = 1.031288
	Test cost = 0.917681,	Krip Loss = 0.917681,	RMSE = 1.913862
	Test cost = 1.005543,	Krip Loss = 1.005543,	RMSE = 2.292184
Epoch = 6
	Train cost = 0.681517,	Krip Loss = 0.681517,	RMSE = 1.432583
	Test cost = 0.918077,	Krip Loss = 0.918077,	RMSE = 1.310938
	Test cost = 1.025438,	Krip Loss = 1.025438,	RMSE = 1.371182
Epoch = 7
	Train cost = 0.583221,	Krip Loss = 0.583221,	RMSE = 1.236768
	Test cost = 0.961289,	Krip Loss = 0.961289,	RMSE = 1.213050
	Test cost = 1.025972,	Krip Loss = 1.025972,	RMSE = 1.349078
Epoch = 8
	Train cost = 0.551224,	Krip Loss = 0.551224,	RMSE = 1.058668
	Test cost = 0.928454,	Krip Loss = 0.928454,	RMSE = 1.495023
	Test cost = 1.019073,	Krip Loss = 1.019073,	RMSE = 1.479595
Epoch = 9
	Train cost = 0.525278,	Krip Loss = 0.525278,	RMSE = 1.090767
	Test cost = 0.934075,	Krip Loss = 0.934075,	RMSE = 1.492690
	Test cost = 1.016746,	Krip Loss = 1.016746,	RMSE = 1.614329
Epoch = 10
	Train cost = 0.441041,	Krip Loss = 0.441041,	RMSE = 0.930489
	Test cost = 0.967151,	Krip Loss = 0.967151,	RMSE = 1.466695
	Test cost = 0.993230,	Krip Loss = 0.993230,	RMSE = 1.507455
Epoch = 11
	Train cost = 0.396254,	Krip Loss = 0.396254,	RMSE = 0.872724
	Test cost = 0.941884,	Krip Loss = 0.941884,	RMSE = 1.220312
	Test cost = 1.004506,	Krip Loss = 1.004506,	RMSE = 1.502307
Best Epoch = 5, Best Cost in Test = 1.005543
Validation Dyad = 16 	Testing Dyad = 8
RMSE of Average Prediction = 1.254867
(2129, 76, 1360) (201, 76, 1360) (138, 76, 1360)
model = lstm lambda = 0.0 last = True share = False #class = 1 drop = 0.0 update = adam2
Compiling function
Compilation done 1
Compilation done 2
Compilation done 3
Epoch = 1
	Train cost = 0.990291,	Krip Loss = 0.990291,	RMSE = 6.111304
	Test cost = 0.999103,	Krip Loss = 0.999103,	RMSE = 12.776899
	Test cost = 1.002860,	Krip Loss = 1.002860,	RMSE = 11.151677
Epoch = 2
	Train cost = 0.991562,	Krip Loss = 0.991562,	RMSE = 10.620489
	Test cost = 0.990123,	Krip Loss = 0.990123,	RMSE = 8.325612
	Test cost = 1.003472,	Krip Loss = 1.003472,	RMSE = 7.208908
Epoch = 3
	Train cost = 0.976279,	Krip Loss = 0.976279,	RMSE = 5.706848
	Test cost = 0.977282,	Krip Loss = 0.977282,	RMSE = 3.067875
	Test cost = 0.990799,	Krip Loss = 0.990799,	RMSE = 3.832239
Epoch = 4
	Train cost = 0.985880,	Krip Loss = 0.985880,	RMSE = 5.130464
	Test cost = 0.956678,	Krip Loss = 0.956678,	RMSE = 3.692069
	Test cost = 0.990607,	Krip Loss = 0.990607,	RMSE = 4.754964
Epoch = 5
	Train cost = 0.965212,	Krip Loss = 0.965212,	RMSE = 3.903003
	Test cost = 0.972686,	Krip Loss = 0.972686,	RMSE = 2.857127
	Test cost = 1.017559,	Krip Loss = 1.017559,	RMSE = 2.856964
Epoch = 6
	Train cost = 0.903676,	Krip Loss = 0.903676,	RMSE = 2.022889
	Test cost = 1.011137,	Krip Loss = 1.011137,	RMSE = 1.163822
	Test cost = 0.967782,	Krip Loss = 0.967782,	RMSE = 1.200452
Epoch = 7
	Train cost = 0.971396,	Krip Loss = 0.971396,	RMSE = 2.188563
	Test cost = 0.986960,	Krip Loss = 0.986960,	RMSE = 3.685937
	Test cost = 1.027626,	Krip Loss = 1.027626,	RMSE = 3.126754
Epoch = 8
	Train cost = 0.889748,	Krip Loss = 0.889748,	RMSE = 2.079222
	Test cost = 1.010346,	Krip Loss = 1.010346,	RMSE = 1.718409
	Test cost = 1.018657,	Krip Loss = 1.018657,	RMSE = 1.812738
Epoch = 9
	Train cost = 0.834105,	Krip Loss = 0.834105,	RMSE = 1.188451
	Test cost = 0.963800,	Krip Loss = 0.963800,	RMSE = 1.112715
	Test cost = 0.969058,	Krip Loss = 0.969058,	RMSE = 1.034616
Epoch = 10
	Train cost = 0.774629,	Krip Loss = 0.774629,	RMSE = 1.123198
	Test cost = 1.005446,	Krip Loss = 1.005446,	RMSE = 1.322390
	Test cost = 1.011984,	Krip Loss = 1.011984,	RMSE = 1.360669
Epoch = 11
	Train cost = 0.718346,	Krip Loss = 0.718346,	RMSE = 1.171229
	Test cost = 0.965558,	Krip Loss = 0.965558,	RMSE = 1.814795
	Test cost = 0.966509,	Krip Loss = 0.966509,	RMSE = 1.954556
Best Epoch = 4, Best Cost in Test = 0.990607
Validation Dyad = 12 	Testing Dyad = 9
RMSE of Average Prediction = 1.701513
(2126, 76, 1360) (28, 76, 1360) (314, 76, 1360)
model = lstm lambda = 0.0 last = True share = False #class = 1 drop = 0.0 update = adam2
Compiling function
Compilation done 1
Compilation done 2
Compilation done 3
Epoch = 1
	Train cost = 0.984604,	Krip Loss = 0.984604,	RMSE = 3.176005
	Test cost = 1.008488,	Krip Loss = 1.008488,	RMSE = 3.745867
	Test cost = 0.973663,	Krip Loss = 0.973663,	RMSE = 2.811767
Epoch = 2
	Train cost = 0.889024,	Krip Loss = 0.889024,	RMSE = 2.693095
	Test cost = 1.005202,	Krip Loss = 1.005202,	RMSE = 3.331389
	Test cost = 0.964006,	Krip Loss = 0.964006,	RMSE = 2.031252
Epoch = 3
	Train cost = 0.815460,	Krip Loss = 0.815460,	RMSE = 1.501438
	Test cost = 1.010188,	Krip Loss = 1.010188,	RMSE = 3.506566
	Test cost = 0.960043,	Krip Loss = 0.960043,	RMSE = 2.243368
Epoch = 4
	Train cost = 0.751850,	Krip Loss = 0.751850,	RMSE = 1.199665
	Test cost = 1.007115,	Krip Loss = 1.007115,	RMSE = 4.140329
	Test cost = 0.984793,	Krip Loss = 0.984793,	RMSE = 3.253703
Epoch = 5
	Train cost = 0.776020,	Krip Loss = 0.776020,	RMSE = 1.609627
	Test cost = 1.016036,	Krip Loss = 1.016036,	RMSE = 3.445222
	Test cost = 0.972454,	Krip Loss = 0.972454,	RMSE = 2.030233
Epoch = 6
	Train cost = 0.788678,	Krip Loss = 0.788678,	RMSE = 1.816260
	Test cost = 1.039468,	Krip Loss = 1.039468,	RMSE = 2.393548
	Test cost = 0.941767,	Krip Loss = 0.941767,	RMSE = 1.413366
Epoch = 7
	Train cost = 0.717452,	Krip Loss = 0.717452,	RMSE = 1.356275
	Test cost = 1.089834,	Krip Loss = 1.089834,	RMSE = 2.382297
	Test cost = 0.947015,	Krip Loss = 0.947015,	RMSE = 1.497527
Epoch = 8
	Train cost = 0.628970,	Krip Loss = 0.628970,	RMSE = 1.143471
	Test cost = 1.079753,	Krip Loss = 1.079753,	RMSE = 2.744735
	Test cost = 0.991205,	Krip Loss = 0.991205,	RMSE = 1.953809
Epoch = 9
	Train cost = 0.606883,	Krip Loss = 0.606883,	RMSE = 1.201400
	Test cost = 1.072207,	Krip Loss = 1.072207,	RMSE = 2.425877
	Test cost = 0.982767,	Krip Loss = 0.982767,	RMSE = 1.347726
Epoch = 10
	Train cost = 0.562284,	Krip Loss = 0.562284,	RMSE = 1.113705
	Test cost = 1.151754,	Krip Loss = 1.151754,	RMSE = 1.776687
	Test cost = 1.009716,	Krip Loss = 1.009716,	RMSE = 1.103960
Epoch = 11
	Train cost = 0.574808,	Krip Loss = 0.574808,	RMSE = 1.058648
	Test cost = 1.136013,	Krip Loss = 1.136013,	RMSE = 2.237330
	Test cost = 1.049288,	Krip Loss = 1.049288,	RMSE = 1.373623
Epoch = 12
	Train cost = 0.521660,	Krip Loss = 0.521660,	RMSE = 1.028659
	Test cost = 1.106102,	Krip Loss = 1.106102,	RMSE = 2.297043
	Test cost = 1.026650,	Krip Loss = 1.026650,	RMSE = 1.713912
Epoch = 13
	Train cost = 0.494728,	Krip Loss = 0.494728,	RMSE = 1.041592
	Test cost = 1.173601,	Krip Loss = 1.173601,	RMSE = 1.799298
	Test cost = 1.083441,	Krip Loss = 1.083441,	RMSE = 1.263825
Epoch = 14
	Train cost = 0.493397,	Krip Loss = 0.493397,	RMSE = 1.041325
	Test cost = 1.238687,	Krip Loss = 1.238687,	RMSE = 1.584425
	Test cost = 1.034499,	Krip Loss = 1.034499,	RMSE = 1.395200
Epoch = 15
	Train cost = 0.516931,	Krip Loss = 0.516931,	RMSE = 1.113495
	Test cost = 1.193573,	Krip Loss = 1.193573,	RMSE = 1.868968
	Test cost = 1.071419,	Krip Loss = 1.071419,	RMSE = 1.280101
Epoch = 16
	Train cost = 0.418504,	Krip Loss = 0.418504,	RMSE = 0.965534
	Test cost = 1.101619,	Krip Loss = 1.101619,	RMSE = 1.842716
	Test cost = 1.051568,	Krip Loss = 1.051568,	RMSE = 1.445397
Epoch = 17
	Train cost = 0.372453,	Krip Loss = 0.372453,	RMSE = 0.916687
	Test cost = 1.116970,	Krip Loss = 1.116970,	RMSE = 1.565047
	Test cost = 1.074044,	Krip Loss = 1.074044,	RMSE = 1.262541
Epoch = 18
	Train cost = 0.347046,	Krip Loss = 0.347046,	RMSE = 0.876930
	Test cost = 1.084433,	Krip Loss = 1.084433,	RMSE = 1.810474
	Test cost = 1.032441,	Krip Loss = 1.032441,	RMSE = 1.483703
Epoch = 19
	Train cost = 0.355675,	Krip Loss = 0.355675,	RMSE = 0.875668
	Test cost = 1.057405,	Krip Loss = 1.057405,	RMSE = 2.373330
	Test cost = 1.006881,	Krip Loss = 1.006881,	RMSE = 1.788155
Epoch = 20
	Train cost = 0.377711,	Krip Loss = 0.377711,	RMSE = 0.902047
	Test cost = 1.007416,	Krip Loss = 1.007416,	RMSE = 2.706852
	Test cost = 1.002682,	Krip Loss = 1.002682,	RMSE = 1.820987
Epoch = 21
	Train cost = 0.388591,	Krip Loss = 0.388591,	RMSE = 0.914179
	Test cost = 1.022093,	Krip Loss = 1.022093,	RMSE = 2.711224
	Test cost = 0.980012,	Krip Loss = 0.980012,	RMSE = 1.635960
Epoch = 22
	Train cost = 0.420463,	Krip Loss = 0.420463,	RMSE = 1.073760
	Test cost = 1.009524,	Krip Loss = 1.009524,	RMSE = 2.249692
	Test cost = 1.006505,	Krip Loss = 1.006505,	RMSE = 1.417429
Epoch = 23
	Train cost = 0.240318,	Krip Loss = 0.240318,	RMSE = 0.703004
	Test cost = 1.036779,	Krip Loss = 1.036779,	RMSE = 2.024981
	Test cost = 1.024483,	Krip Loss = 1.024483,	RMSE = 1.332145
Epoch = 24
	Train cost = 0.202284,	Krip Loss = 0.202284,	RMSE = 0.663682
	Test cost = 1.062985,	Krip Loss = 1.062985,	RMSE = 1.835476
	Test cost = 1.041967,	Krip Loss = 1.041967,	RMSE = 1.308509
Epoch = 25
	Train cost = 0.186826,	Krip Loss = 0.186826,	RMSE = 0.649631
	Test cost = 1.076957,	Krip Loss = 1.076957,	RMSE = 1.541211
	Test cost = 1.055640,	Krip Loss = 1.055640,	RMSE = 1.217667
Epoch = 26
	Train cost = 0.173565,	Krip Loss = 0.173565,	RMSE = 0.619188
	Test cost = 1.060821,	Krip Loss = 1.060821,	RMSE = 1.814611
	Test cost = 1.044467,	Krip Loss = 1.044467,	RMSE = 1.423600
Epoch = 27
	Train cost = 0.171358,	Krip Loss = 0.171358,	RMSE = 0.602743
	Test cost = 1.017677,	Krip Loss = 1.017677,	RMSE = 2.250078
	Test cost = 1.013235,	Krip Loss = 1.013235,	RMSE = 1.693124
Epoch = 28
	Train cost = 0.210459,	Krip Loss = 0.210459,	RMSE = 0.702061
	Test cost = 1.032924,	Krip Loss = 1.032924,	RMSE = 2.329751
	Test cost = 1.013796,	Krip Loss = 1.013796,	RMSE = 1.493160
Epoch = 29
	Train cost = 0.161975,	Krip Loss = 0.161975,	RMSE = 0.572151
	Test cost = 0.987007,	Krip Loss = 0.987007,	RMSE = 2.434092
	Test cost = 1.011411,	Krip Loss = 1.011411,	RMSE = 1.576310
Epoch = 30
	Train cost = 0.154114,	Krip Loss = 0.154114,	RMSE = 0.586098
	Test cost = 0.990332,	Krip Loss = 0.990332,	RMSE = 2.149714
	Test cost = 1.017123,	Krip Loss = 1.017123,	RMSE = 1.337263
Epoch = 31
	Train cost = 0.127608,	Krip Loss = 0.127608,	RMSE = 0.537381
	Test cost = 1.018196,	Krip Loss = 1.018196,	RMSE = 1.870249
	Test cost = 1.044876,	Krip Loss = 1.044876,	RMSE = 1.262978
Epoch = 32
	Train cost = 0.119119,	Krip Loss = 0.119119,	RMSE = 0.509424
	Test cost = 1.072530,	Krip Loss = 1.072530,	RMSE = 1.712886
	Test cost = 1.072210,	Krip Loss = 1.072210,	RMSE = 1.295566
Epoch = 33
	Train cost = 0.135843,	Krip Loss = 0.135843,	RMSE = 0.565945
	Test cost = 1.066116,	Krip Loss = 1.066116,	RMSE = 1.784841
	Test cost = 1.068845,	Krip Loss = 1.068845,	RMSE = 1.338990
Epoch = 34
	Train cost = 0.119289,	Krip Loss = 0.119289,	RMSE = 0.510013
	Test cost = 1.038200,	Krip Loss = 1.038200,	RMSE = 2.175011
	Test cost = 1.019051,	Krip Loss = 1.019051,	RMSE = 1.465293
Best Epoch = 29, Best Cost in Test = 1.011411
Validation Dyad = 11 	Testing Dyad = 10
RMSE of Average Prediction = 1.332671
(1840, 76, 1360) (324, 76, 1360) (304, 76, 1360)
model = lstm lambda = 0.0 last = True share = False #class = 1 drop = 0.0 update = adam2
Compiling function
Compilation done 1
Compilation done 2
Compilation done 3
Epoch = 1
	Train cost = 0.990307,	Krip Loss = 0.990307,	RMSE = 5.889888
	Test cost = 0.999050,	Krip Loss = 0.999050,	RMSE = 10.937924
	Test cost = 0.999492,	Krip Loss = 0.999492,	RMSE = 10.807199
Epoch = 2
	Train cost = 0.986349,	Krip Loss = 0.986349,	RMSE = 7.615663
	Test cost = 0.987191,	Krip Loss = 0.987191,	RMSE = 1.387187
	Test cost = 1.000708,	Krip Loss = 1.000708,	RMSE = 1.615206
Epoch = 3
	Train cost = 0.917824,	Krip Loss = 0.917824,	RMSE = 1.808800
	Test cost = 0.981215,	Krip Loss = 0.981215,	RMSE = 1.087451
	Test cost = 0.959523,	Krip Loss = 0.959523,	RMSE = 0.827831
Epoch = 4
	Train cost = 0.899562,	Krip Loss = 0.899562,	RMSE = 1.884602
	Test cost = 0.989550,	Krip Loss = 0.989550,	RMSE = 1.335274
	Test cost = 0.943903,	Krip Loss = 0.943903,	RMSE = 1.098898
Epoch = 5
	Train cost = 0.841765,	Krip Loss = 0.841765,	RMSE = 1.526987
	Test cost = 1.000311,	Krip Loss = 1.000311,	RMSE = 3.572135
	Test cost = 0.990364,	Krip Loss = 0.990364,	RMSE = 3.481143
Epoch = 6
	Train cost = 0.821097,	Krip Loss = 0.821097,	RMSE = 1.895736
	Test cost = 1.007809,	Krip Loss = 1.007809,	RMSE = 1.263913
	Test cost = 0.921862,	Krip Loss = 0.921862,	RMSE = 1.172183
Epoch = 7
	Train cost = 0.724592,	Krip Loss = 0.724592,	RMSE = 1.273793
	Test cost = 1.000803,	Krip Loss = 1.000803,	RMSE = 3.085441
	Test cost = 0.983620,	Krip Loss = 0.983620,	RMSE = 3.011642
Epoch = 8
	Train cost = 0.763846,	Krip Loss = 0.763846,	RMSE = 1.799534
	Test cost = 0.983005,	Krip Loss = 0.983005,	RMSE = 1.061629
	Test cost = 0.906656,	Krip Loss = 0.906656,	RMSE = 0.999931
Epoch = 9
	Train cost = 0.826745,	Krip Loss = 0.826745,	RMSE = 1.743134
	Test cost = 0.987230,	Krip Loss = 0.987230,	RMSE = 1.083744
	Test cost = 0.934445,	Krip Loss = 0.934445,	RMSE = 1.020034
Epoch = 10
	Train cost = 0.770543,	Krip Loss = 0.770543,	RMSE = 1.903306
	Test cost = 0.996545,	Krip Loss = 0.996545,	RMSE = 1.933023
	Test cost = 0.967255,	Krip Loss = 0.967255,	RMSE = 1.931058
Epoch = 11
	Train cost = 0.771923,	Krip Loss = 0.771923,	RMSE = 1.765834
	Test cost = 0.996938,	Krip Loss = 0.996938,	RMSE = 1.123653
	Test cost = 0.915097,	Krip Loss = 0.915097,	RMSE = 1.054203
Epoch = 12
	Train cost = 0.639951,	Krip Loss = 0.639951,	RMSE = 1.164359
	Test cost = 1.001947,	Krip Loss = 1.001947,	RMSE = 1.966394
	Test cost = 0.962448,	Krip Loss = 0.962448,	RMSE = 1.864948
Epoch = 13
	Train cost = 0.624479,	Krip Loss = 0.624479,	RMSE = 1.318462
	Test cost = 0.986773,	Krip Loss = 0.986773,	RMSE = 1.326851
	Test cost = 0.933204,	Krip Loss = 0.933204,	RMSE = 1.332709
Epoch = 14
	Train cost = 0.582568,	Krip Loss = 0.582568,	RMSE = 1.165315
	Test cost = 0.979551,	Krip Loss = 0.979551,	RMSE = 1.232966
	Test cost = 0.930002,	Krip Loss = 0.930002,	RMSE = 1.312632
Epoch = 15
	Train cost = 0.518745,	Krip Loss = 0.518745,	RMSE = 1.072911
	Test cost = 0.971383,	Krip Loss = 0.971383,	RMSE = 1.332263
	Test cost = 0.947881,	Krip Loss = 0.947881,	RMSE = 1.487611
Epoch = 16
	Train cost = 0.474970,	Krip Loss = 0.474970,	RMSE = 1.007940
	Test cost = 0.955514,	Krip Loss = 0.955514,	RMSE = 1.336341
	Test cost = 0.955449,	Krip Loss = 0.955449,	RMSE = 1.541016
Epoch = 17
	Train cost = 0.446396,	Krip Loss = 0.446396,	RMSE = 0.955516
	Test cost = 0.966909,	Krip Loss = 0.966909,	RMSE = 1.759158
	Test cost = 0.979120,	Krip Loss = 0.979120,	RMSE = 2.091281
Epoch = 18
	Train cost = 0.501911,	Krip Loss = 0.501911,	RMSE = 1.148031
	Test cost = 0.960769,	Krip Loss = 0.960769,	RMSE = 1.256681
	Test cost = 0.966702,	Krip Loss = 0.966702,	RMSE = 1.503125
Epoch = 19
	Train cost = 0.461363,	Krip Loss = 0.461363,	RMSE = 1.115514
	Test cost = 0.959019,	Krip Loss = 0.959019,	RMSE = 1.161708
	Test cost = 0.944038,	Krip Loss = 0.944038,	RMSE = 1.147505
Epoch = 20
	Train cost = 0.505338,	Krip Loss = 0.505338,	RMSE = 1.117499
	Test cost = 0.942866,	Krip Loss = 0.942866,	RMSE = 1.174231
	Test cost = 0.950527,	Krip Loss = 0.950527,	RMSE = 1.416746
Epoch = 21
	Train cost = 0.397768,	Krip Loss = 0.397768,	RMSE = 0.960806
	Test cost = 0.976017,	Krip Loss = 0.976017,	RMSE = 1.392427
	Test cost = 0.919670,	Krip Loss = 0.919670,	RMSE = 1.182946
Epoch = 22
	Train cost = 0.397685,	Krip Loss = 0.397685,	RMSE = 0.945675
	Test cost = 0.970710,	Krip Loss = 0.970710,	RMSE = 1.271047
	Test cost = 0.914598,	Krip Loss = 0.914598,	RMSE = 1.269360
Epoch = 23
	Train cost = 0.368555,	Krip Loss = 0.368555,	RMSE = 0.920454
	Test cost = 0.976209,	Krip Loss = 0.976209,	RMSE = 1.512015
	Test cost = 0.896306,	Krip Loss = 0.896306,	RMSE = 1.198306
Epoch = 24
	Train cost = 0.411138,	Krip Loss = 0.411138,	RMSE = 1.029434
	Test cost = 0.950377,	Krip Loss = 0.950377,	RMSE = 1.291761
	Test cost = 0.915127,	Krip Loss = 0.915127,	RMSE = 1.176364
Epoch = 25
	Train cost = 0.532985,	Krip Loss = 0.532985,	RMSE = 1.515484
	Test cost = 0.973302,	Krip Loss = 0.973302,	RMSE = 1.605931
	Test cost = 0.978219,	Krip Loss = 0.978219,	RMSE = 1.872681
Best Epoch = 20, Best Cost in Test = 0.950527
Validation Dyad = 10 	Testing Dyad = 11
RMSE of Average Prediction = 1.429377
(1840, 76, 1360) (304, 76, 1360) (324, 76, 1360)
model = lstm lambda = 0.0 last = True share = False #class = 1 drop = 0.0 update = adam2
Compiling function
Compilation done 1
Compilation done 2
Compilation done 3
Epoch = 1
	Train cost = 0.990307,	Krip Loss = 0.990307,	RMSE = 5.889888
	Test cost = 0.999492,	Krip Loss = 0.999492,	RMSE = 10.807199
	Test cost = 0.999050,	Krip Loss = 0.999050,	RMSE = 10.937924
Epoch = 2
	Train cost = 0.986349,	Krip Loss = 0.986349,	RMSE = 7.615663
	Test cost = 1.000708,	Krip Loss = 1.000708,	RMSE = 1.615206
	Test cost = 0.987191,	Krip Loss = 0.987191,	RMSE = 1.387187
Epoch = 3
	Train cost = 0.917824,	Krip Loss = 0.917824,	RMSE = 1.808800
	Test cost = 0.959523,	Krip Loss = 0.959523,	RMSE = 0.827831
	Test cost = 0.981215,	Krip Loss = 0.981215,	RMSE = 1.087451
Epoch = 4
	Train cost = 0.899562,	Krip Loss = 0.899562,	RMSE = 1.884602
	Test cost = 0.943903,	Krip Loss = 0.943903,	RMSE = 1.098898
	Test cost = 0.989550,	Krip Loss = 0.989550,	RMSE = 1.335274
Epoch = 5
	Train cost = 0.841765,	Krip Loss = 0.841765,	RMSE = 1.526987
	Test cost = 0.990364,	Krip Loss = 0.990364,	RMSE = 3.481143
	Test cost = 1.000311,	Krip Loss = 1.000311,	RMSE = 3.572135
Epoch = 6
	Train cost = 0.821097,	Krip Loss = 0.821097,	RMSE = 1.895736
	Test cost = 0.921862,	Krip Loss = 0.921862,	RMSE = 1.172183
	Test cost = 1.007809,	Krip Loss = 1.007809,	RMSE = 1.263913
Epoch = 7
	Train cost = 0.724592,	Krip Loss = 0.724592,	RMSE = 1.273793
	Test cost = 0.983620,	Krip Loss = 0.983620,	RMSE = 3.011642
	Test cost = 1.000803,	Krip Loss = 1.000803,	RMSE = 3.085441
Epoch = 8
	Train cost = 0.763846,	Krip Loss = 0.763846,	RMSE = 1.799534
	Test cost = 0.906656,	Krip Loss = 0.906656,	RMSE = 0.999931
	Test cost = 0.983005,	Krip Loss = 0.983005,	RMSE = 1.061629
Epoch = 9
	Train cost = 0.826745,	Krip Loss = 0.826745,	RMSE = 1.743134
	Test cost = 0.934445,	Krip Loss = 0.934445,	RMSE = 1.020034
	Test cost = 0.987230,	Krip Loss = 0.987230,	RMSE = 1.083744
Epoch = 10
	Train cost = 0.770543,	Krip Loss = 0.770543,	RMSE = 1.903306
	Test cost = 0.967255,	Krip Loss = 0.967255,	RMSE = 1.931058
	Test cost = 0.996545,	Krip Loss = 0.996545,	RMSE = 1.933023
Epoch = 11
	Train cost = 0.771923,	Krip Loss = 0.771923,	RMSE = 1.765834
	Test cost = 0.915097,	Krip Loss = 0.915097,	RMSE = 1.054203
	Test cost = 0.996938,	Krip Loss = 0.996938,	RMSE = 1.123653
Epoch = 12
	Train cost = 0.639951,	Krip Loss = 0.639951,	RMSE = 1.164359
	Test cost = 0.962448,	Krip Loss = 0.962448,	RMSE = 1.864948
	Test cost = 1.001947,	Krip Loss = 1.001947,	RMSE = 1.966394
Epoch = 13
	Train cost = 0.624479,	Krip Loss = 0.624479,	RMSE = 1.318462
	Test cost = 0.933204,	Krip Loss = 0.933204,	RMSE = 1.332709
	Test cost = 0.986773,	Krip Loss = 0.986773,	RMSE = 1.326851
Best Epoch = 8, Best Cost in Test = 0.983005
Validation Dyad = 4 	Testing Dyad = 12
RMSE of Average Prediction = 1.712594
(2345, 76, 1360) (95, 76, 1360) (28, 76, 1360)
model = lstm lambda = 0.0 last = True share = False #class = 1 drop = 0.0 update = adam2
Compiling function
Compilation done 1
Compilation done 2
Compilation done 3
Epoch = 1
	Train cost = 0.997657,	Krip Loss = 0.997657,	RMSE = 4.146551
	Test cost = 1.004370,	Krip Loss = 1.004370,	RMSE = 6.123089
	Test cost = 1.012949,	Krip Loss = 1.012949,	RMSE = 4.258577
Epoch = 2
	Train cost = 0.969065,	Krip Loss = 0.969065,	RMSE = 3.821484
	Test cost = 0.968565,	Krip Loss = 0.968565,	RMSE = 2.530076
	Test cost = 1.026526,	Krip Loss = 1.026526,	RMSE = 2.391904
Epoch = 3
	Train cost = 0.913141,	Krip Loss = 0.913141,	RMSE = 1.677772
	Test cost = 0.959800,	Krip Loss = 0.959800,	RMSE = 1.435829
	Test cost = 1.002529,	Krip Loss = 1.002529,	RMSE = 2.562734
Epoch = 4
	Train cost = 0.845458,	Krip Loss = 0.845458,	RMSE = 1.250234
	Test cost = 0.932965,	Krip Loss = 0.932965,	RMSE = 1.299949
	Test cost = 1.011228,	Krip Loss = 1.011228,	RMSE = 3.187131
Epoch = 5
	Train cost = 0.783211,	Krip Loss = 0.783211,	RMSE = 1.156841
	Test cost = 0.946287,	Krip Loss = 0.946287,	RMSE = 1.407707
	Test cost = 1.009983,	Krip Loss = 1.009983,	RMSE = 3.402730
Epoch = 6
	Train cost = 0.834722,	Krip Loss = 0.834722,	RMSE = 2.162598
	Test cost = 0.985276,	Krip Loss = 0.985276,	RMSE = 2.961897
	Test cost = 1.006868,	Krip Loss = 1.006868,	RMSE = 1.060230
Epoch = 7
	Train cost = 0.706358,	Krip Loss = 0.706358,	RMSE = 1.316177
	Test cost = 0.984027,	Krip Loss = 0.984027,	RMSE = 1.534435
	Test cost = 1.000833,	Krip Loss = 1.000833,	RMSE = 3.168965
Epoch = 8
	Train cost = 0.702837,	Krip Loss = 0.702837,	RMSE = 1.270064
	Test cost = 0.968455,	Krip Loss = 0.968455,	RMSE = 1.567909
	Test cost = 1.004090,	Krip Loss = 1.004090,	RMSE = 3.636450
Epoch = 9
	Train cost = 0.695056,	Krip Loss = 0.695056,	RMSE = 1.319114
	Test cost = 0.893570,	Krip Loss = 0.893570,	RMSE = 1.423874
	Test cost = 1.007781,	Krip Loss = 1.007781,	RMSE = 3.987917
Epoch = 10
	Train cost = 0.936152,	Krip Loss = 0.936152,	RMSE = 2.347706
	Test cost = 0.960479,	Krip Loss = 0.960479,	RMSE = 1.461540
	Test cost = 1.010525,	Krip Loss = 1.010525,	RMSE = 2.409657
Epoch = 11
	Train cost = 0.836582,	Krip Loss = 0.836582,	RMSE = 1.558321
	Test cost = 0.865412,	Krip Loss = 0.865412,	RMSE = 1.432943
	Test cost = 1.006468,	Krip Loss = 1.006468,	RMSE = 3.981437
Epoch = 12
	Train cost = 0.895256,	Krip Loss = 0.895256,	RMSE = 2.565215
	Test cost = 0.950436,	Krip Loss = 0.950436,	RMSE = 1.607507
	Test cost = 0.982973,	Krip Loss = 0.982973,	RMSE = 2.091709
Epoch = 13
	Train cost = 0.734194,	Krip Loss = 0.734194,	RMSE = 1.202351
	Test cost = 0.885082,	Krip Loss = 0.885082,	RMSE = 1.396239
	Test cost = 1.008830,	Krip Loss = 1.008830,	RMSE = 3.539508
Epoch = 14
	Train cost = 0.733839,	Krip Loss = 0.733839,	RMSE = 1.368904
	Test cost = 0.912477,	Krip Loss = 0.912477,	RMSE = 1.240210
	Test cost = 1.015149,	Krip Loss = 1.015149,	RMSE = 3.024505
Epoch = 15
	Train cost = 0.794477,	Krip Loss = 0.794477,	RMSE = 1.582274
	Test cost = 0.948284,	Krip Loss = 0.948284,	RMSE = 1.712589
	Test cost = 1.017551,	Krip Loss = 1.017551,	RMSE = 1.688635
Epoch = 16
	Train cost = 0.729563,	Krip Loss = 0.729563,	RMSE = 1.330707
	Test cost = 0.927865,	Krip Loss = 0.927865,	RMSE = 1.509481
	Test cost = 1.003920,	Krip Loss = 1.003920,	RMSE = 2.041263
Best Epoch = 11, Best Cost in Test = 1.006468
Validation Dyad = 18 	Testing Dyad = 16
RMSE of Average Prediction = 1.688062
(2100, 76, 1360) (167, 76, 1360) (201, 76, 1360)
model = lstm lambda = 0.0 last = True share = False #class = 1 drop = 0.0 update = adam2
Compiling function
Compilation done 1
Compilation done 2
Compilation done 3
Epoch = 1
	Train cost = 0.955587,	Krip Loss = 0.955587,	RMSE = 3.086557
	Test cost = 1.023049,	Krip Loss = 1.023049,	RMSE = 2.946365
	Test cost = 1.017780,	Krip Loss = 1.017780,	RMSE = 2.385506
Epoch = 2
	Train cost = 0.921704,	Krip Loss = 0.921704,	RMSE = 1.648426
	Test cost = 0.981815,	Krip Loss = 0.981815,	RMSE = 1.598390
	Test cost = 0.944520,	Krip Loss = 0.944520,	RMSE = 1.174098
Epoch = 3
	Train cost = 0.816299,	Krip Loss = 0.816299,	RMSE = 1.533799
	Test cost = 0.954844,	Krip Loss = 0.954844,	RMSE = 1.578161
	Test cost = 0.921629,	Krip Loss = 0.921629,	RMSE = 1.179065
Epoch = 4
	Train cost = 0.788361,	Krip Loss = 0.788361,	RMSE = 1.585975
	Test cost = 0.978965,	Krip Loss = 0.978965,	RMSE = 2.571142
	Test cost = 0.976536,	Krip Loss = 0.976536,	RMSE = 2.105609
Epoch = 5
	Train cost = 0.755494,	Krip Loss = 0.755494,	RMSE = 1.276513
	Test cost = 0.942315,	Krip Loss = 0.942315,	RMSE = 1.347107
	Test cost = 0.941932,	Krip Loss = 0.941932,	RMSE = 1.144109
Epoch = 6
	Train cost = 0.665067,	Krip Loss = 0.665067,	RMSE = 1.084604
	Test cost = 0.931003,	Krip Loss = 0.931003,	RMSE = 1.510903
	Test cost = 0.931199,	Krip Loss = 0.931199,	RMSE = 1.363994
Epoch = 7
	Train cost = 0.643156,	Krip Loss = 0.643156,	RMSE = 1.242886
	Test cost = 0.944672,	Krip Loss = 0.944672,	RMSE = 1.768861
	Test cost = 0.972499,	Krip Loss = 0.972499,	RMSE = 1.661939
Epoch = 8
	Train cost = 0.580293,	Krip Loss = 0.580293,	RMSE = 1.009744
	Test cost = 0.944008,	Krip Loss = 0.944008,	RMSE = 2.066766
	Test cost = 0.978673,	Krip Loss = 0.978673,	RMSE = 2.079291
Epoch = 9
	Train cost = 0.594080,	Krip Loss = 0.594080,	RMSE = 1.115311
	Test cost = 0.944884,	Krip Loss = 0.944884,	RMSE = 1.889412
	Test cost = 0.973784,	Krip Loss = 0.973784,	RMSE = 1.898307
Epoch = 10
	Train cost = 0.566956,	Krip Loss = 0.566956,	RMSE = 1.118191
	Test cost = 0.957375,	Krip Loss = 0.957375,	RMSE = 2.409474
	Test cost = 0.981929,	Krip Loss = 0.981929,	RMSE = 2.525899
Epoch = 11
	Train cost = 0.611496,	Krip Loss = 0.611496,	RMSE = 1.271067
	Test cost = 0.973518,	Krip Loss = 0.973518,	RMSE = 3.430210
	Test cost = 0.983177,	Krip Loss = 0.983177,	RMSE = 3.709877
Best Epoch = 6, Best Cost in Test = 0.931199
Validation Dyad = 9 	Testing Dyad = 17
RMSE of Average Prediction = 0.934876
(1975, 76, 1360) (314, 76, 1360) (179, 76, 1360)
model = lstm lambda = 0.0 last = True share = False #class = 1 drop = 0.0 update = adam2
Compiling function
Compilation done 1
Compilation done 2
Compilation done 3
Epoch = 1
	Train cost = 0.977609,	Krip Loss = 0.977609,	RMSE = 3.234097
	Test cost = 0.903556,	Krip Loss = 0.903556,	RMSE = 2.410200
	Test cost = 0.923475,	Krip Loss = 0.923475,	RMSE = 1.974367
Epoch = 2
	Train cost = 0.811461,	Krip Loss = 0.811461,	RMSE = 1.551252
	Test cost = 0.955184,	Krip Loss = 0.955184,	RMSE = 3.206159
	Test cost = 0.983288,	Krip Loss = 0.983288,	RMSE = 2.611381
Epoch = 3
	Train cost = 0.806026,	Krip Loss = 0.806026,	RMSE = 2.008373
	Test cost = 0.918516,	Krip Loss = 0.918516,	RMSE = 1.364786
	Test cost = 1.036985,	Krip Loss = 1.036985,	RMSE = 1.875972
Epoch = 4
	Train cost = 0.742459,	Krip Loss = 0.742459,	RMSE = 1.619819
	Test cost = 0.964678,	Krip Loss = 0.964678,	RMSE = 1.230964
	Test cost = 1.062892,	Krip Loss = 1.062892,	RMSE = 1.808338
Epoch = 5
	Train cost = 0.646337,	Krip Loss = 0.646337,	RMSE = 1.356483
	Test cost = 0.984681,	Krip Loss = 0.984681,	RMSE = 1.193717
	Test cost = 1.049770,	Krip Loss = 1.049770,	RMSE = 2.396722
Epoch = 6
	Train cost = 0.572109,	Krip Loss = 0.572109,	RMSE = 1.148891
	Test cost = 0.971363,	Krip Loss = 0.971363,	RMSE = 1.269628
	Test cost = 1.045691,	Krip Loss = 1.045691,	RMSE = 1.924160
Epoch = 7
	Train cost = 0.585357,	Krip Loss = 0.585357,	RMSE = 1.244438
	Test cost = 1.040141,	Krip Loss = 1.040141,	RMSE = 1.211697
	Test cost = 1.040492,	Krip Loss = 1.040492,	RMSE = 1.817319
Epoch = 8
	Train cost = 0.455683,	Krip Loss = 0.455683,	RMSE = 0.966609
	Test cost = 1.067782,	Krip Loss = 1.067782,	RMSE = 1.220009
	Test cost = 1.055806,	Krip Loss = 1.055806,	RMSE = 1.778562
Epoch = 9
	Train cost = 0.414429,	Krip Loss = 0.414429,	RMSE = 0.963165
	Test cost = 1.036676,	Krip Loss = 1.036676,	RMSE = 1.178358
	Test cost = 1.059550,	Krip Loss = 1.059550,	RMSE = 1.846376
Epoch = 10
	Train cost = 0.394079,	Krip Loss = 0.394079,	RMSE = 0.929263
	Test cost = 1.046822,	Krip Loss = 1.046822,	RMSE = 1.311323
	Test cost = 1.061091,	Krip Loss = 1.061091,	RMSE = 1.719117
Epoch = 11
	Train cost = 0.358075,	Krip Loss = 0.358075,	RMSE = 0.863244
	Test cost = 1.048468,	Krip Loss = 1.048468,	RMSE = 1.468330
	Test cost = 1.004751,	Krip Loss = 1.004751,	RMSE = 2.055958
Epoch = 12
	Train cost = 0.396282,	Krip Loss = 0.396282,	RMSE = 1.037048
	Test cost = 1.081213,	Krip Loss = 1.081213,	RMSE = 1.439377
	Test cost = 1.025593,	Krip Loss = 1.025593,	RMSE = 1.710489
Epoch = 13
	Train cost = 0.381316,	Krip Loss = 0.381316,	RMSE = 1.023983
	Test cost = 1.061165,	Krip Loss = 1.061165,	RMSE = 2.110277
	Test cost = 1.007885,	Krip Loss = 1.007885,	RMSE = 2.234813
Epoch = 14
	Train cost = 0.356226,	Krip Loss = 0.356226,	RMSE = 1.039510
	Test cost = 1.073723,	Krip Loss = 1.073723,	RMSE = 1.784008
	Test cost = 1.020990,	Krip Loss = 1.020990,	RMSE = 2.596420
Epoch = 15
	Train cost = 0.456251,	Krip Loss = 0.456251,	RMSE = 1.214265
	Test cost = 1.117283,	Krip Loss = 1.117283,	RMSE = 1.571828
	Test cost = 1.026545,	Krip Loss = 1.026545,	RMSE = 1.937269
Epoch = 16
	Train cost = 0.461168,	Krip Loss = 0.461168,	RMSE = 1.213162
	Test cost = 1.042693,	Krip Loss = 1.042693,	RMSE = 1.781165
	Test cost = 1.006711,	Krip Loss = 1.006711,	RMSE = 1.650189
Epoch = 17
	Train cost = 0.389399,	Krip Loss = 0.389399,	RMSE = 0.959063
	Test cost = 1.051071,	Krip Loss = 1.051071,	RMSE = 1.552874
	Test cost = 0.955197,	Krip Loss = 0.955197,	RMSE = 1.343537
Epoch = 18
	Train cost = 0.286493,	Krip Loss = 0.286493,	RMSE = 0.780737
	Test cost = 1.046609,	Krip Loss = 1.046609,	RMSE = 1.537961
	Test cost = 0.994892,	Krip Loss = 0.994892,	RMSE = 1.582209
Epoch = 19
	Train cost = 0.216808,	Krip Loss = 0.216808,	RMSE = 0.663937
	Test cost = 1.041383,	Krip Loss = 1.041383,	RMSE = 1.531624
	Test cost = 0.988342,	Krip Loss = 0.988342,	RMSE = 1.553982
Epoch = 20
	Train cost = 0.189131,	Krip Loss = 0.189131,	RMSE = 0.635140
	Test cost = 1.053357,	Krip Loss = 1.053357,	RMSE = 1.417289
	Test cost = 0.980648,	Krip Loss = 0.980648,	RMSE = 1.472056
Epoch = 21
	Train cost = 0.159197,	Krip Loss = 0.159197,	RMSE = 0.587629
	Test cost = 1.042003,	Krip Loss = 1.042003,	RMSE = 1.492546
	Test cost = 1.005834,	Krip Loss = 1.005834,	RMSE = 1.611313
Epoch = 22
	Train cost = 0.147947,	Krip Loss = 0.147947,	RMSE = 0.566299
	Test cost = 1.054676,	Krip Loss = 1.054676,	RMSE = 1.456819
	Test cost = 0.975828,	Krip Loss = 0.975828,	RMSE = 1.553006
Epoch = 23
	Train cost = 0.137440,	Krip Loss = 0.137440,	RMSE = 0.556073
	Test cost = 1.062948,	Krip Loss = 1.062948,	RMSE = 1.394049
	Test cost = 0.982883,	Krip Loss = 0.982883,	RMSE = 1.489445
Epoch = 24
	Train cost = 0.126239,	Krip Loss = 0.126239,	RMSE = 0.519541
	Test cost = 1.050044,	Krip Loss = 1.050044,	RMSE = 1.554850
	Test cost = 0.996260,	Krip Loss = 0.996260,	RMSE = 1.575072
Epoch = 25
	Train cost = 0.135813,	Krip Loss = 0.135813,	RMSE = 0.555674
	Test cost = 1.058763,	Krip Loss = 1.058763,	RMSE = 1.530573
	Test cost = 0.958792,	Krip Loss = 0.958792,	RMSE = 1.479150
Epoch = 26
	Train cost = 0.136424,	Krip Loss = 0.136424,	RMSE = 0.543783
	Test cost = 1.062917,	Krip Loss = 1.062917,	RMSE = 1.585226
	Test cost = 0.983926,	Krip Loss = 0.983926,	RMSE = 1.522836
Epoch = 27
	Train cost = 0.152045,	Krip Loss = 0.152045,	RMSE = 0.568437
	Test cost = 1.049229,	Krip Loss = 1.049229,	RMSE = 1.655526
	Test cost = 0.983908,	Krip Loss = 0.983908,	RMSE = 1.579653
Epoch = 28
	Train cost = 0.144672,	Krip Loss = 0.144672,	RMSE = 0.566694
	Test cost = 1.056732,	Krip Loss = 1.056732,	RMSE = 1.534488
	Test cost = 0.958248,	Krip Loss = 0.958248,	RMSE = 1.496227
Epoch = 29
	Train cost = 0.138722,	Krip Loss = 0.138722,	RMSE = 0.564089
	Test cost = 1.053552,	Krip Loss = 1.053552,	RMSE = 1.307989
	Test cost = 0.968182,	Krip Loss = 0.968182,	RMSE = 1.309601
Epoch = 30
	Train cost = 0.112725,	Krip Loss = 0.112725,	RMSE = 0.492015
	Test cost = 1.057144,	Krip Loss = 1.057144,	RMSE = 1.452609
	Test cost = 0.994855,	Krip Loss = 0.994855,	RMSE = 1.522488
Epoch = 31
	Train cost = 0.103939,	Krip Loss = 0.103939,	RMSE = 0.472592
	Test cost = 1.078781,	Krip Loss = 1.078781,	RMSE = 1.313800
	Test cost = 0.975367,	Krip Loss = 0.975367,	RMSE = 1.429407
Epoch = 32
	Train cost = 0.094561,	Krip Loss = 0.094561,	RMSE = 0.467772
	Test cost = 1.042003,	Krip Loss = 1.042003,	RMSE = 1.507545
	Test cost = 1.001207,	Krip Loss = 1.001207,	RMSE = 1.593449
Epoch = 33
	Train cost = 0.087636,	Krip Loss = 0.087636,	RMSE = 0.446221
	Test cost = 1.066032,	Krip Loss = 1.066032,	RMSE = 1.528494
	Test cost = 0.980768,	Krip Loss = 0.980768,	RMSE = 1.450603
Epoch = 34
	Train cost = 0.090514,	Krip Loss = 0.090514,	RMSE = 0.440694
	Test cost = 1.045221,	Krip Loss = 1.045221,	RMSE = 1.523981
	Test cost = 0.987152,	Krip Loss = 0.987152,	RMSE = 1.444140
Epoch = 35
	Train cost = 0.060726,	Krip Loss = 0.060726,	RMSE = 0.358411
	Test cost = 1.039704,	Krip Loss = 1.039704,	RMSE = 1.632176
	Test cost = 0.986737,	Krip Loss = 0.986737,	RMSE = 1.509870
Epoch = 36
	Train cost = 0.062492,	Krip Loss = 0.062492,	RMSE = 0.374312
	Test cost = 1.044297,	Krip Loss = 1.044297,	RMSE = 1.465657
	Test cost = 0.970331,	Krip Loss = 0.970331,	RMSE = 1.379100
Epoch = 37
	Train cost = 0.090157,	Krip Loss = 0.090157,	RMSE = 0.456015
	Test cost = 1.059354,	Krip Loss = 1.059354,	RMSE = 1.383863
	Test cost = 0.998889,	Krip Loss = 0.998889,	RMSE = 1.431728
Epoch = 38
	Train cost = 0.073571,	Krip Loss = 0.073571,	RMSE = 0.393565
	Test cost = 1.068724,	Krip Loss = 1.068724,	RMSE = 1.417588
	Test cost = 0.987711,	Krip Loss = 0.987711,	RMSE = 1.644422
Epoch = 39
	Train cost = 0.093835,	Krip Loss = 0.093835,	RMSE = 0.458523
	Test cost = 1.091169,	Krip Loss = 1.091169,	RMSE = 1.326552
	Test cost = 1.033507,	Krip Loss = 1.033507,	RMSE = 1.752511
Epoch = 40
	Train cost = 0.118549,	Krip Loss = 0.118549,	RMSE = 0.542345
	Test cost = 1.075907,	Krip Loss = 1.075907,	RMSE = 1.493313
	Test cost = 1.022309,	Krip Loss = 1.022309,	RMSE = 1.839525
Validation Dyad = 7 	Testing Dyad = 18
RMSE of Average Prediction = 1.184179
(1915, 76, 1360) (386, 76, 1360) (167, 76, 1360)
model = lstm lambda = 0.0 last = True share = False #class = 1 drop = 0.0 update = adam2
Compiling function
Compilation done 1
Compilation done 2
Compilation done 3
Epoch = 1
	Train cost = 0.968179,	Krip Loss = 0.968179,	RMSE = 2.872737
	Test cost = 1.036073,	Krip Loss = 1.036073,	RMSE = 1.587108
	Test cost = 0.952780,	Krip Loss = 0.952780,	RMSE = 1.832883
Epoch = 2
	Train cost = 0.871456,	Krip Loss = 0.871456,	RMSE = 1.693818
	Test cost = 1.009972,	Krip Loss = 1.009972,	RMSE = 2.389856
	Test cost = 0.916848,	Krip Loss = 0.916848,	RMSE = 1.357198
Epoch = 3
	Train cost = 0.827820,	Krip Loss = 0.827820,	RMSE = 1.273999
	Test cost = 1.011378,	Krip Loss = 1.011378,	RMSE = 2.544174
	Test cost = 0.942354,	Krip Loss = 0.942354,	RMSE = 1.342270
Epoch = 4
	Train cost = 0.783269,	Krip Loss = 0.783269,	RMSE = 1.366299
	Test cost = 1.019765,	Krip Loss = 1.019765,	RMSE = 2.272972
	Test cost = 0.932050,	Krip Loss = 0.932050,	RMSE = 1.186667
Epoch = 5
	Train cost = 0.882264,	Krip Loss = 0.882264,	RMSE = 2.249217
	Test cost = 1.050244,	Krip Loss = 1.050244,	RMSE = 1.708009
	Test cost = 0.936128,	Krip Loss = 0.936128,	RMSE = 1.532531
Epoch = 6
	Train cost = 0.758994,	Krip Loss = 0.758994,	RMSE = 1.305117
	Test cost = 1.027870,	Krip Loss = 1.027870,	RMSE = 1.985669
	Test cost = 0.932310,	Krip Loss = 0.932310,	RMSE = 1.153866
Epoch = 7
	Train cost = 0.835761,	Krip Loss = 0.835761,	RMSE = 1.939481
	Test cost = 1.065875,	Krip Loss = 1.065875,	RMSE = 1.701082
	Test cost = 0.933682,	Krip Loss = 0.933682,	RMSE = 1.663306
Epoch = 8
	Train cost = 0.735951,	Krip Loss = 0.735951,	RMSE = 1.373116
	Test cost = 1.081866,	Krip Loss = 1.081866,	RMSE = 1.498899
	Test cost = 0.976289,	Krip Loss = 0.976289,	RMSE = 1.760125
Epoch = 9
	Train cost = 0.698281,	Krip Loss = 0.698281,	RMSE = 1.154039
	Test cost = 1.057825,	Krip Loss = 1.057825,	RMSE = 1.358706
	Test cost = 0.991067,	Krip Loss = 0.991067,	RMSE = 1.623969
Epoch = 10
	Train cost = 0.707537,	Krip Loss = 0.707537,	RMSE = 1.363836
	Test cost = 1.086976,	Krip Loss = 1.086976,	RMSE = 1.586651
	Test cost = 0.987290,	Krip Loss = 0.987290,	RMSE = 2.215489
Epoch = 11
	Train cost = 0.710909,	Krip Loss = 0.710909,	RMSE = 1.481486
	Test cost = 1.021269,	Krip Loss = 1.021269,	RMSE = 2.839647
	Test cost = 0.993450,	Krip Loss = 0.993450,	RMSE = 3.987524
Epoch = 12
	Train cost = 0.825226,	Krip Loss = 0.825226,	RMSE = 2.593246
	Test cost = 1.091314,	Krip Loss = 1.091314,	RMSE = 1.572685
	Test cost = 0.988253,	Krip Loss = 0.988253,	RMSE = 2.119663
Epoch = 13
	Train cost = 0.709014,	Krip Loss = 0.709014,	RMSE = 1.406508
	Test cost = 1.086968,	Krip Loss = 1.086968,	RMSE = 1.602583
	Test cost = 0.987598,	Krip Loss = 0.987598,	RMSE = 2.083869
Epoch = 14
	Train cost = 0.645170,	Krip Loss = 0.645170,	RMSE = 1.266217
	Test cost = 1.071983,	Krip Loss = 1.071983,	RMSE = 1.930962
	Test cost = 0.987347,	Krip Loss = 0.987347,	RMSE = 2.465123
Epoch = 15
	Train cost = 0.582787,	Krip Loss = 0.582787,	RMSE = 1.133136
	Test cost = 1.068389,	Krip Loss = 1.068389,	RMSE = 1.768744
	Test cost = 0.986291,	Krip Loss = 0.986291,	RMSE = 2.393328
Epoch = 16
	Train cost = 0.583544,	Krip Loss = 0.583544,	RMSE = 1.153637
	Test cost = 1.067730,	Krip Loss = 1.067730,	RMSE = 1.915688
	Test cost = 0.979305,	Krip Loss = 0.979305,	RMSE = 2.426431
Epoch = 17
	Train cost = 0.599941,	Krip Loss = 0.599941,	RMSE = 1.260162
	Test cost = 1.049119,	Krip Loss = 1.049119,	RMSE = 1.468820
	Test cost = 0.961372,	Krip Loss = 0.961372,	RMSE = 1.524913
Epoch = 18
	Train cost = 0.530903,	Krip Loss = 0.530903,	RMSE = 1.000253
	Test cost = 1.049372,	Krip Loss = 1.049372,	RMSE = 1.557791
	Test cost = 0.959526,	Krip Loss = 0.959526,	RMSE = 1.507756
Epoch = 19
	Train cost = 0.493349,	Krip Loss = 0.493349,	RMSE = 0.954573
	Test cost = 1.034341,	Krip Loss = 1.034341,	RMSE = 1.540847
	Test cost = 0.953780,	Krip Loss = 0.953780,	RMSE = 1.380652
Epoch = 20
	Train cost = 0.443190,	Krip Loss = 0.443190,	RMSE = 0.887853
	Test cost = 1.037076,	Krip Loss = 1.037076,	RMSE = 1.602138
	Test cost = 0.949506,	Krip Loss = 0.949506,	RMSE = 1.392996
Epoch = 21
	Train cost = 0.400258,	Krip Loss = 0.400258,	RMSE = 0.859186
	Test cost = 1.038579,	Krip Loss = 1.038579,	RMSE = 1.525162
	Test cost = 0.963538,	Krip Loss = 0.963538,	RMSE = 1.506457
Epoch = 22
	Train cost = 0.349782,	Krip Loss = 0.349782,	RMSE = 0.792070
	Test cost = 1.036108,	Krip Loss = 1.036108,	RMSE = 1.546029
	Test cost = 0.978974,	Krip Loss = 0.978974,	RMSE = 1.646824
Epoch = 23
	Train cost = 0.343342,	Krip Loss = 0.343342,	RMSE = 0.779106
	Test cost = 1.039718,	Krip Loss = 1.039718,	RMSE = 1.481325
	Test cost = 0.985912,	Krip Loss = 0.985912,	RMSE = 1.746563
Epoch = 24
	Train cost = 0.311028,	Krip Loss = 0.311028,	RMSE = 0.789565
	Test cost = 1.022068,	Krip Loss = 1.022068,	RMSE = 1.561797
	Test cost = 0.997248,	Krip Loss = 0.997248,	RMSE = 1.804803
Epoch = 25
	Train cost = 0.280722,	Krip Loss = 0.280722,	RMSE = 0.741087
	Test cost = 1.030094,	Krip Loss = 1.030094,	RMSE = 1.823538
	Test cost = 0.995296,	Krip Loss = 0.995296,	RMSE = 2.544511
Epoch = 26
	Train cost = 0.334668,	Krip Loss = 0.334668,	RMSE = 0.852188
	Test cost = 1.038469,	Krip Loss = 1.038469,	RMSE = 1.634747
	Test cost = 0.984919,	Krip Loss = 0.984919,	RMSE = 2.298569
Epoch = 27
	Train cost = 0.321214,	Krip Loss = 0.321214,	RMSE = 0.811425
	Test cost = 1.021786,	Krip Loss = 1.021786,	RMSE = 1.510942
	Test cost = 0.988400,	Krip Loss = 0.988400,	RMSE = 2.069601
Epoch = 28
	Train cost = 0.311101,	Krip Loss = 0.311101,	RMSE = 0.816670
	Test cost = 1.027713,	Krip Loss = 1.027713,	RMSE = 1.514000
	Test cost = 0.976710,	Krip Loss = 0.976710,	RMSE = 1.710881
Epoch = 29
	Train cost = 0.296597,	Krip Loss = 0.296597,	RMSE = 0.756979
	Test cost = 0.991317,	Krip Loss = 0.991317,	RMSE = 1.511797
	Test cost = 0.996026,	Krip Loss = 0.996026,	RMSE = 1.439534
Epoch = 30
	Train cost = 0.276426,	Krip Loss = 0.276426,	RMSE = 0.718314
	Test cost = 0.988848,	Krip Loss = 0.988848,	RMSE = 1.455965
	Test cost = 0.965670,	Krip Loss = 0.965670,	RMSE = 1.351615
Epoch = 31
	Train cost = 0.259126,	Krip Loss = 0.259126,	RMSE = 0.679007
	Test cost = 1.003400,	Krip Loss = 1.003400,	RMSE = 1.328223
	Test cost = 0.970921,	Krip Loss = 0.970921,	RMSE = 1.607904
Epoch = 32
	Train cost = 0.221992,	Krip Loss = 0.221992,	RMSE = 0.632818
	Test cost = 1.026330,	Krip Loss = 1.026330,	RMSE = 1.490806
	Test cost = 0.984871,	Krip Loss = 0.984871,	RMSE = 1.985132
Epoch = 33
	Train cost = 0.206476,	Krip Loss = 0.206476,	RMSE = 0.621537
	Test cost = 1.020617,	Krip Loss = 1.020617,	RMSE = 1.624865
	Test cost = 0.983161,	Krip Loss = 0.983161,	RMSE = 2.139154
Epoch = 34
	Train cost = 0.217481,	Krip Loss = 0.217481,	RMSE = 0.656475
	Test cost = 0.980185,	Krip Loss = 0.980185,	RMSE = 1.418592
	Test cost = 0.980578,	Krip Loss = 0.980578,	RMSE = 1.618414
Epoch = 35
	Train cost = 0.194312,	Krip Loss = 0.194312,	RMSE = 0.612139
	Test cost = 0.985312,	Krip Loss = 0.985312,	RMSE = 1.534775
	Test cost = 0.994735,	Krip Loss = 0.994735,	RMSE = 1.421396
Epoch = 36
	Train cost = 0.221672,	Krip Loss = 0.221672,	RMSE = 0.657821
	Test cost = 0.975682,	Krip Loss = 0.975682,	RMSE = 1.422649
	Test cost = 0.975476,	Krip Loss = 0.975476,	RMSE = 1.424075
Epoch = 37
	Train cost = 0.229135,	Krip Loss = 0.229135,	RMSE = 0.676315
	Test cost = 1.020345,	Krip Loss = 1.020345,	RMSE = 1.490863
	Test cost = 0.986497,	Krip Loss = 0.986497,	RMSE = 2.033780
Epoch = 38
	Train cost = 0.175757,	Krip Loss = 0.175757,	RMSE = 0.600697
	Test cost = 1.008868,	Krip Loss = 1.008868,	RMSE = 1.516835
	Test cost = 0.992982,	Krip Loss = 0.992982,	RMSE = 2.058500
Epoch = 39
	Train cost = 0.170853,	Krip Loss = 0.170853,	RMSE = 0.598898
	Test cost = 0.988827,	Krip Loss = 0.988827,	RMSE = 1.538757
	Test cost = 0.987052,	Krip Loss = 0.987052,	RMSE = 1.629675
Epoch = 40
	Train cost = 0.162982,	Krip Loss = 0.162982,	RMSE = 0.589391
	Test cost = 0.983857,	Krip Loss = 0.983857,	RMSE = 1.434775
	Test cost = 1.012255,	Krip Loss = 1.012255,	RMSE = 1.496364
Written to ../results/result_lstml_hog_lr_share_False_drop_0.0_lamb_0.0_fact_None.txt
