nohup: ignoring input
Couldn't import dot_parser, loading of dot files will not be possible.
WARNING (theano.sandbox.cuda): The cuda backend is deprecated and will be removed in the next release.  Please switch to the gpuarray backend. You can get more information about how to switch at this URL:
 https://github.com/Theano/Theano/wiki/Converting-to-the-new-gpu-back-end%28gpuarray%29

Using gpu device 3: GeForce GTX TITAN X (CNMeM is disabled, cuDNN 5103)
hog lr
/usr0/home/hongliay/code/Rapport/data_info/AMT_Batch1_results_large.csv
/usr0/home/hongliay/code/Rapport/data_info/AMT_Batch2_results_large.csv
/usr0/home/hongliay/code/Rapport/data_info/AMT_Batch3_results_large.csv
/usr0/home/hongliay/code/Rapport/data_info/AMT_Batch4_results_large.csv
D10S1
D10S2
D11S1
D11S2
D12S1
D12S2
D16S2
D17S1
D18S1
D3S1
D3S2
D4S1
D4S2
D5S1
D5S2
D6S1
D6S2
D7S1
D7S2
D8S1
D8S2
D9S1
D9S2
[3, 4, 7, 8, 9, 10, 11, 12, 16, 17, 18]
Validation Dyad = 17 	Testing Dyad = 3
RMSE of Average Prediction = 1.113890
(1957, 76, 1360) (179, 76, 1360) (332, 76, 1360)
model = gru lambda = 0.0 last = True share = False #class = 1 drop = 0.0 update = adam2
Compiling function
Compilation done 1
Compilation done 2
Compilation done 3
Epoch = 1
	Train cost = 0.991955,	Krip Loss = 0.991955,	RMSE = 4.255045
	Test cost = 1.016547,	Krip Loss = 1.016547,	RMSE = 3.643088
	Test cost = 0.934007,	Krip Loss = 0.934007,	RMSE = 1.588255
Epoch = 2
	Train cost = 0.805928,	Krip Loss = 0.805928,	RMSE = 2.036484
	Test cost = 1.003866,	Krip Loss = 1.003866,	RMSE = 1.930920
	Test cost = 0.955713,	Krip Loss = 0.955713,	RMSE = 1.943726
Epoch = 3
	Train cost = 0.694510,	Krip Loss = 0.694510,	RMSE = 1.524641
	Test cost = 1.025570,	Krip Loss = 1.025570,	RMSE = 2.212660
	Test cost = 0.927228,	Krip Loss = 0.927228,	RMSE = 1.431014
Epoch = 4
	Train cost = 0.671739,	Krip Loss = 0.671739,	RMSE = 1.604750
	Test cost = 1.039937,	Krip Loss = 1.039937,	RMSE = 2.127472
	Test cost = 0.928586,	Krip Loss = 0.928586,	RMSE = 1.439600
Epoch = 5
	Train cost = 0.510866,	Krip Loss = 0.510866,	RMSE = 1.202845
	Test cost = 1.021499,	Krip Loss = 1.021499,	RMSE = 1.541896
	Test cost = 0.952939,	Krip Loss = 0.952939,	RMSE = 1.294112
Epoch = 6
	Train cost = 0.359925,	Krip Loss = 0.359925,	RMSE = 0.875515
	Test cost = 1.038398,	Krip Loss = 1.038398,	RMSE = 1.721538
	Test cost = 0.973019,	Krip Loss = 0.973019,	RMSE = 1.317532
Epoch = 7
	Train cost = 0.328314,	Krip Loss = 0.328314,	RMSE = 0.905610
	Test cost = 1.015790,	Krip Loss = 1.015790,	RMSE = 2.451680
	Test cost = 0.962573,	Krip Loss = 0.962573,	RMSE = 1.703285
Epoch = 8
	Train cost = 0.374203,	Krip Loss = 0.374203,	RMSE = 1.124129
	Test cost = 0.997380,	Krip Loss = 0.997380,	RMSE = 1.787502
	Test cost = 0.978724,	Krip Loss = 0.978724,	RMSE = 1.342914
Epoch = 9
	Train cost = 0.235846,	Krip Loss = 0.235846,	RMSE = 0.722677
	Test cost = 1.013718,	Krip Loss = 1.013718,	RMSE = 1.847644
	Test cost = 0.964935,	Krip Loss = 0.964935,	RMSE = 1.302817
Epoch = 10
	Train cost = 0.254365,	Krip Loss = 0.254365,	RMSE = 0.836943
	Test cost = 1.023411,	Krip Loss = 1.023411,	RMSE = 2.057754
	Test cost = 0.959853,	Krip Loss = 0.959853,	RMSE = 1.406269
Epoch = 11
	Train cost = 0.156394,	Krip Loss = 0.156394,	RMSE = 0.601724
	Test cost = 0.982462,	Krip Loss = 0.982462,	RMSE = 1.701766
	Test cost = 0.958354,	Krip Loss = 0.958354,	RMSE = 1.264569
Epoch = 12
	Train cost = 0.150526,	Krip Loss = 0.150526,	RMSE = 0.569326
	Test cost = 0.983461,	Krip Loss = 0.983461,	RMSE = 1.539399
	Test cost = 0.977528,	Krip Loss = 0.977528,	RMSE = 1.415163
Epoch = 13
	Train cost = 0.156292,	Krip Loss = 0.156292,	RMSE = 0.589782
	Test cost = 1.013503,	Krip Loss = 1.013503,	RMSE = 1.638965
	Test cost = 0.987738,	Krip Loss = 0.987738,	RMSE = 1.743856
Epoch = 14
	Train cost = 0.213936,	Krip Loss = 0.213936,	RMSE = 0.719996
	Test cost = 0.996851,	Krip Loss = 0.996851,	RMSE = 1.332516
	Test cost = 0.977467,	Krip Loss = 0.977467,	RMSE = 1.500379
Epoch = 15
	Train cost = 0.267625,	Krip Loss = 0.267625,	RMSE = 0.798317
	Test cost = 0.966088,	Krip Loss = 0.966088,	RMSE = 1.252766
	Test cost = 0.947836,	Krip Loss = 0.947836,	RMSE = 1.263681
Epoch = 16
	Train cost = 0.302286,	Krip Loss = 0.302286,	RMSE = 0.888390
	Test cost = 1.004642,	Krip Loss = 1.004642,	RMSE = 1.567498
	Test cost = 0.931293,	Krip Loss = 0.931293,	RMSE = 1.312735
Epoch = 17
	Train cost = 0.266965,	Krip Loss = 0.266965,	RMSE = 0.840598
	Test cost = 1.014041,	Krip Loss = 1.014041,	RMSE = 1.902153
	Test cost = 0.955516,	Krip Loss = 0.955516,	RMSE = 1.332890
Epoch = 18
	Train cost = 0.140589,	Krip Loss = 0.140589,	RMSE = 0.564496
	Test cost = 1.004300,	Krip Loss = 1.004300,	RMSE = 1.917884
	Test cost = 0.971067,	Krip Loss = 0.971067,	RMSE = 1.347018
Epoch = 19
	Train cost = 0.131882,	Krip Loss = 0.131882,	RMSE = 0.547148
	Test cost = 1.008391,	Krip Loss = 1.008391,	RMSE = 1.590184
	Test cost = 0.970021,	Krip Loss = 0.970021,	RMSE = 1.470551
Epoch = 20
	Train cost = 0.090277,	Krip Loss = 0.090277,	RMSE = 0.451464
	Test cost = 1.004698,	Krip Loss = 1.004698,	RMSE = 1.326756
	Test cost = 0.958629,	Krip Loss = 0.958629,	RMSE = 1.371540
Best Epoch = 15, Best Cost in Test = 0.947836
Validation Dyad = 8 	Testing Dyad = 4
RMSE of Average Prediction = 1.380024
(2235, 76, 1360) (138, 76, 1360) (95, 76, 1360)
model = gru lambda = 0.0 last = True share = False #class = 1 drop = 0.0 update = adam2
Compiling function
Compilation done 1
Compilation done 2
Compilation done 3
Epoch = 1
	Train cost = 0.996849,	Krip Loss = 0.996849,	RMSE = 7.553052
	Test cost = 0.992991,	Krip Loss = 0.992991,	RMSE = 15.257376
	Test cost = 0.976509,	Krip Loss = 0.976509,	RMSE = 12.008571
Epoch = 2
	Train cost = 0.988353,	Krip Loss = 0.988353,	RMSE = 11.390663
	Test cost = 0.995718,	Krip Loss = 0.995718,	RMSE = 8.355179
	Test cost = 0.947837,	Krip Loss = 0.947837,	RMSE = 6.244078
Epoch = 3
	Train cost = 0.972316,	Krip Loss = 0.972316,	RMSE = 6.363726
	Test cost = 0.948411,	Krip Loss = 0.948411,	RMSE = 2.116480
	Test cost = 0.952120,	Krip Loss = 0.952120,	RMSE = 2.164403
Epoch = 4
	Train cost = 1.030521,	Krip Loss = 1.030521,	RMSE = 3.694373
	Test cost = 1.002487,	Krip Loss = 1.002487,	RMSE = 8.602843
	Test cost = 1.026151,	Krip Loss = 1.026151,	RMSE = 6.921822
Epoch = 5
	Train cost = 1.006804,	Krip Loss = 1.006804,	RMSE = 6.638613
	Test cost = 1.002171,	Krip Loss = 1.002171,	RMSE = 9.515245
	Test cost = 1.012499,	Krip Loss = 1.012499,	RMSE = 8.054068
Epoch = 6
	Train cost = 1.004282,	Krip Loss = 1.004282,	RMSE = 7.313829
	Test cost = 1.000390,	Krip Loss = 1.000390,	RMSE = 9.540387
	Test cost = 1.005589,	Krip Loss = 1.005589,	RMSE = 8.503674
Epoch = 7
	Train cost = 1.001714,	Krip Loss = 1.001714,	RMSE = 7.728679
	Test cost = 0.998827,	Krip Loss = 0.998827,	RMSE = 9.113492
	Test cost = 0.999827,	Krip Loss = 0.999827,	RMSE = 8.824428
Epoch = 8
	Train cost = 0.998716,	Krip Loss = 0.998716,	RMSE = 7.938152
	Test cost = 0.997066,	Krip Loss = 0.997066,	RMSE = 8.253493
	Test cost = 0.995272,	Krip Loss = 0.995272,	RMSE = 8.917020
Epoch = 9
	Train cost = 0.994580,	Krip Loss = 0.994580,	RMSE = 7.634172
	Test cost = 0.993075,	Krip Loss = 0.993075,	RMSE = 6.511916
	Test cost = 0.992424,	Krip Loss = 0.992424,	RMSE = 8.124619
Epoch = 10
	Train cost = 0.982831,	Krip Loss = 0.982831,	RMSE = 6.060737
	Test cost = 0.996750,	Krip Loss = 0.996750,	RMSE = 3.168968
	Test cost = 0.979732,	Krip Loss = 0.979732,	RMSE = 4.716946
Epoch = 11
	Train cost = 0.944683,	Krip Loss = 0.944683,	RMSE = 2.715059
	Test cost = 1.050145,	Krip Loss = 1.050145,	RMSE = 1.859628
	Test cost = 1.000920,	Krip Loss = 1.000920,	RMSE = 2.483929
Epoch = 12
	Train cost = 0.863968,	Krip Loss = 0.863968,	RMSE = 1.510459
	Test cost = 1.010620,	Krip Loss = 1.010620,	RMSE = 1.314976
	Test cost = 0.969088,	Krip Loss = 0.969088,	RMSE = 1.683009
Epoch = 13
	Train cost = 0.835351,	Krip Loss = 0.835351,	RMSE = 1.672543
	Test cost = 0.989184,	Krip Loss = 0.989184,	RMSE = 1.718202
	Test cost = 0.976923,	Krip Loss = 0.976923,	RMSE = 1.976266
Epoch = 14
	Train cost = 0.774843,	Krip Loss = 0.774843,	RMSE = 1.608059
	Test cost = 1.014391,	Krip Loss = 1.014391,	RMSE = 1.906483
	Test cost = 0.967417,	Krip Loss = 0.967417,	RMSE = 2.243282
Epoch = 15
	Train cost = 0.766862,	Krip Loss = 0.766862,	RMSE = 1.624116
	Test cost = 1.088150,	Krip Loss = 1.088150,	RMSE = 1.538108
	Test cost = 0.943736,	Krip Loss = 0.943736,	RMSE = 2.324256
Epoch = 16
	Train cost = 0.771393,	Krip Loss = 0.771393,	RMSE = 1.552992
	Test cost = 0.940819,	Krip Loss = 0.940819,	RMSE = 1.234580
	Test cost = 0.892305,	Krip Loss = 0.892305,	RMSE = 1.371765
Epoch = 17
	Train cost = 0.708979,	Krip Loss = 0.708979,	RMSE = 1.147665
	Test cost = 0.875743,	Krip Loss = 0.875743,	RMSE = 1.132700
	Test cost = 0.993429,	Krip Loss = 0.993429,	RMSE = 1.424462
Epoch = 18
	Train cost = 0.899891,	Krip Loss = 0.899891,	RMSE = 2.979739
	Test cost = 1.007991,	Krip Loss = 1.007991,	RMSE = 2.672596
	Test cost = 0.993459,	Krip Loss = 0.993459,	RMSE = 2.493324
Epoch = 19
	Train cost = 0.917597,	Krip Loss = 0.917597,	RMSE = 3.864137
	Test cost = 0.972892,	Krip Loss = 0.972892,	RMSE = 2.668425
	Test cost = 0.964086,	Krip Loss = 0.964086,	RMSE = 2.673062
Epoch = 20
	Train cost = 0.861568,	Krip Loss = 0.861568,	RMSE = 2.896051
	Test cost = 0.947121,	Krip Loss = 0.947121,	RMSE = 1.145516
	Test cost = 0.987256,	Krip Loss = 0.987256,	RMSE = 1.450629
Epoch = 21
	Train cost = 0.800375,	Krip Loss = 0.800375,	RMSE = 1.576407
	Test cost = 0.935716,	Krip Loss = 0.935716,	RMSE = 1.205085
	Test cost = 1.023150,	Krip Loss = 1.023150,	RMSE = 1.430448
Epoch = 22
	Train cost = 0.837985,	Krip Loss = 0.837985,	RMSE = 1.879904
	Test cost = 0.988352,	Krip Loss = 0.988352,	RMSE = 2.031278
	Test cost = 0.989360,	Krip Loss = 0.989360,	RMSE = 2.133626
Best Epoch = 17, Best Cost in Test = 0.993429
Validation Dyad = 3 	Testing Dyad = 7
RMSE of Average Prediction = 1.104264
(1750, 76, 1360) (332, 76, 1360) (386, 76, 1360)
model = gru lambda = 0.0 last = True share = False #class = 1 drop = 0.0 update = adam2
Compiling function
Compilation done 1
Compilation done 2
Compilation done 3
Epoch = 1
	Train cost = 0.988138,	Krip Loss = 0.988138,	RMSE = 4.178395
	Test cost = 0.954910,	Krip Loss = 0.954910,	RMSE = 3.253652
	Test cost = 1.012096,	Krip Loss = 1.012096,	RMSE = 3.061674
Epoch = 2
	Train cost = 0.829057,	Krip Loss = 0.829057,	RMSE = 2.582009
	Test cost = 0.934604,	Krip Loss = 0.934604,	RMSE = 1.981913
	Test cost = 1.005032,	Krip Loss = 1.005032,	RMSE = 2.277115
Epoch = 3
	Train cost = 0.749470,	Krip Loss = 0.749470,	RMSE = 1.995165
	Test cost = 0.963491,	Krip Loss = 0.963491,	RMSE = 1.850458
	Test cost = 1.021117,	Krip Loss = 1.021117,	RMSE = 1.532028
Epoch = 4
	Train cost = 0.668745,	Krip Loss = 0.668745,	RMSE = 1.484301
	Test cost = 0.955664,	Krip Loss = 0.955664,	RMSE = 1.739010
	Test cost = 0.991317,	Krip Loss = 0.991317,	RMSE = 2.037644
Epoch = 5
	Train cost = 0.681504,	Krip Loss = 0.681504,	RMSE = 1.553197
	Test cost = 0.949690,	Krip Loss = 0.949690,	RMSE = 1.607992
	Test cost = 0.986904,	Krip Loss = 0.986904,	RMSE = 1.780672
Epoch = 6
	Train cost = 0.650688,	Krip Loss = 0.650688,	RMSE = 1.474110
	Test cost = 0.910406,	Krip Loss = 0.910406,	RMSE = 1.335655
	Test cost = 1.011177,	Krip Loss = 1.011177,	RMSE = 1.532288
Epoch = 7
	Train cost = 0.496858,	Krip Loss = 0.496858,	RMSE = 1.128040
	Test cost = 0.909525,	Krip Loss = 0.909525,	RMSE = 1.426029
	Test cost = 0.999504,	Krip Loss = 0.999504,	RMSE = 1.559819
Epoch = 8
	Train cost = 0.404258,	Krip Loss = 0.404258,	RMSE = 0.954328
	Test cost = 0.914111,	Krip Loss = 0.914111,	RMSE = 1.356082
	Test cost = 0.988957,	Krip Loss = 0.988957,	RMSE = 1.587957
Epoch = 9
	Train cost = 0.380023,	Krip Loss = 0.380023,	RMSE = 0.910307
	Test cost = 0.902111,	Krip Loss = 0.902111,	RMSE = 1.236648
	Test cost = 0.938684,	Krip Loss = 0.938684,	RMSE = 1.441246
Epoch = 10
	Train cost = 0.434915,	Krip Loss = 0.434915,	RMSE = 1.115408
	Test cost = 0.921799,	Krip Loss = 0.921799,	RMSE = 1.313538
	Test cost = 0.930762,	Krip Loss = 0.930762,	RMSE = 1.440003
Epoch = 11
	Train cost = 0.260426,	Krip Loss = 0.260426,	RMSE = 0.670881
	Test cost = 0.946739,	Krip Loss = 0.946739,	RMSE = 1.657755
	Test cost = 0.925418,	Krip Loss = 0.925418,	RMSE = 1.752279
Epoch = 12
	Train cost = 0.284850,	Krip Loss = 0.284850,	RMSE = 0.757415
	Test cost = 0.964632,	Krip Loss = 0.964632,	RMSE = 1.514001
	Test cost = 0.946839,	Krip Loss = 0.946839,	RMSE = 1.733263
Epoch = 13
	Train cost = 0.293470,	Krip Loss = 0.293470,	RMSE = 0.824191
	Test cost = 0.926473,	Krip Loss = 0.926473,	RMSE = 1.292810
	Test cost = 0.940106,	Krip Loss = 0.940106,	RMSE = 1.468334
Epoch = 14
	Train cost = 0.186662,	Krip Loss = 0.186662,	RMSE = 0.595399
	Test cost = 0.920039,	Krip Loss = 0.920039,	RMSE = 1.216379
	Test cost = 0.954039,	Krip Loss = 0.954039,	RMSE = 1.383333
Best Epoch = 9, Best Cost in Test = 0.938684
Validation Dyad = 16 	Testing Dyad = 8
RMSE of Average Prediction = 1.254867
(2129, 76, 1360) (201, 76, 1360) (138, 76, 1360)
model = gru lambda = 0.0 last = True share = False #class = 1 drop = 0.0 update = adam2
Compiling function
Compilation done 1
Compilation done 2
Compilation done 3
Epoch = 1
	Train cost = 0.998789,	Krip Loss = 0.998789,	RMSE = 3.914510
	Test cost = 0.970290,	Krip Loss = 0.970290,	RMSE = 7.640186
	Test cost = 0.997176,	Krip Loss = 0.997176,	RMSE = 11.319087
Epoch = 2
	Train cost = 0.990248,	Krip Loss = 0.990248,	RMSE = 10.039317
	Test cost = 0.995147,	Krip Loss = 0.995147,	RMSE = 7.768231
	Test cost = 0.999784,	Krip Loss = 0.999784,	RMSE = 8.579444
Epoch = 3
	Train cost = 0.943001,	Krip Loss = 0.943001,	RMSE = 4.723886
	Test cost = 0.885235,	Krip Loss = 0.885235,	RMSE = 1.162267
	Test cost = 0.914622,	Krip Loss = 0.914622,	RMSE = 1.394651
Epoch = 4
	Train cost = 0.830666,	Krip Loss = 0.830666,	RMSE = 1.400824
	Test cost = 0.918683,	Krip Loss = 0.918683,	RMSE = 1.369040
	Test cost = 0.946324,	Krip Loss = 0.946324,	RMSE = 1.713839
Epoch = 5
	Train cost = 0.699582,	Krip Loss = 0.699582,	RMSE = 1.243666
	Test cost = 0.905536,	Krip Loss = 0.905536,	RMSE = 1.217790
	Test cost = 0.937106,	Krip Loss = 0.937106,	RMSE = 1.600693
Epoch = 6
	Train cost = 0.677274,	Krip Loss = 0.677274,	RMSE = 1.501514
	Test cost = 0.963003,	Krip Loss = 0.963003,	RMSE = 1.615190
	Test cost = 0.969134,	Krip Loss = 0.969134,	RMSE = 1.700889
Epoch = 7
	Train cost = 0.814850,	Krip Loss = 0.814850,	RMSE = 1.934172
	Test cost = 0.929685,	Krip Loss = 0.929685,	RMSE = 1.512472
	Test cost = 0.963026,	Krip Loss = 0.963026,	RMSE = 1.626399
Epoch = 8
	Train cost = 0.620210,	Krip Loss = 0.620210,	RMSE = 1.146355
	Test cost = 0.918166,	Krip Loss = 0.918166,	RMSE = 1.249803
	Test cost = 0.968902,	Krip Loss = 0.968902,	RMSE = 1.181848
Epoch = 9
	Train cost = 0.591490,	Krip Loss = 0.591490,	RMSE = 1.204844
	Test cost = 0.927246,	Krip Loss = 0.927246,	RMSE = 1.278791
	Test cost = 0.976731,	Krip Loss = 0.976731,	RMSE = 1.233407
Epoch = 10
	Train cost = 0.454217,	Krip Loss = 0.454217,	RMSE = 0.924978
	Test cost = 0.922814,	Krip Loss = 0.922814,	RMSE = 1.378060
	Test cost = 0.983821,	Krip Loss = 0.983821,	RMSE = 1.300978
Epoch = 11
	Train cost = 0.437881,	Krip Loss = 0.437881,	RMSE = 0.960419
	Test cost = 0.964761,	Krip Loss = 0.964761,	RMSE = 1.535362
	Test cost = 1.001349,	Krip Loss = 1.001349,	RMSE = 1.424234
Epoch = 12
	Train cost = 0.388149,	Krip Loss = 0.388149,	RMSE = 0.885577
	Test cost = 0.921371,	Krip Loss = 0.921371,	RMSE = 1.375610
	Test cost = 0.991718,	Krip Loss = 0.991718,	RMSE = 1.258598
Epoch = 13
	Train cost = 0.362682,	Krip Loss = 0.362682,	RMSE = 0.887405
	Test cost = 0.939215,	Krip Loss = 0.939215,	RMSE = 1.385816
	Test cost = 1.017081,	Krip Loss = 1.017081,	RMSE = 1.338873
Epoch = 14
	Train cost = 0.364302,	Krip Loss = 0.364302,	RMSE = 0.969058
	Test cost = 0.947183,	Krip Loss = 0.947183,	RMSE = 1.899222
	Test cost = 0.983290,	Krip Loss = 0.983290,	RMSE = 1.668055
Epoch = 15
	Train cost = 0.325592,	Krip Loss = 0.325592,	RMSE = 0.870135
	Test cost = 0.967413,	Krip Loss = 0.967413,	RMSE = 2.323549
	Test cost = 1.009985,	Krip Loss = 1.009985,	RMSE = 2.269868
Epoch = 16
	Train cost = 0.353300,	Krip Loss = 0.353300,	RMSE = 0.996631
	Test cost = 0.946626,	Krip Loss = 0.946626,	RMSE = 1.749368
	Test cost = 1.031442,	Krip Loss = 1.031442,	RMSE = 1.692392
Epoch = 17
	Train cost = 0.250763,	Krip Loss = 0.250763,	RMSE = 0.764090
	Test cost = 0.946498,	Krip Loss = 0.946498,	RMSE = 1.268185
	Test cost = 1.012508,	Krip Loss = 1.012508,	RMSE = 1.379440
Epoch = 18
	Train cost = 0.201646,	Krip Loss = 0.201646,	RMSE = 0.652452
	Test cost = 0.964140,	Krip Loss = 0.964140,	RMSE = 1.309793
	Test cost = 1.021740,	Krip Loss = 1.021740,	RMSE = 1.442348
Epoch = 19
	Train cost = 0.191968,	Krip Loss = 0.191968,	RMSE = 0.647147
	Test cost = 0.984463,	Krip Loss = 0.984463,	RMSE = 1.286154
	Test cost = 1.009229,	Krip Loss = 1.009229,	RMSE = 1.477303
Epoch = 20
	Train cost = 0.262680,	Krip Loss = 0.262680,	RMSE = 0.829548
	Test cost = 0.977382,	Krip Loss = 0.977382,	RMSE = 1.261891
	Test cost = 1.017529,	Krip Loss = 1.017529,	RMSE = 1.378589
Epoch = 21
	Train cost = 0.154294,	Krip Loss = 0.154294,	RMSE = 0.567307
	Test cost = 0.989503,	Krip Loss = 0.989503,	RMSE = 1.250417
	Test cost = 1.057622,	Krip Loss = 1.057622,	RMSE = 1.460086
Epoch = 22
	Train cost = 0.174429,	Krip Loss = 0.174429,	RMSE = 0.619599
	Test cost = 0.936851,	Krip Loss = 0.936851,	RMSE = 1.217690
	Test cost = 1.022524,	Krip Loss = 1.022524,	RMSE = 1.299644
Epoch = 23
	Train cost = 0.189325,	Krip Loss = 0.189325,	RMSE = 0.652504
	Test cost = 0.950994,	Krip Loss = 0.950994,	RMSE = 1.677832
	Test cost = 1.024185,	Krip Loss = 1.024185,	RMSE = 1.639157
Epoch = 24
	Train cost = 0.242099,	Krip Loss = 0.242099,	RMSE = 0.772486
	Test cost = 0.953189,	Krip Loss = 0.953189,	RMSE = 1.894904
	Test cost = 1.003468,	Krip Loss = 1.003468,	RMSE = 1.815687
Epoch = 25
	Train cost = 0.241240,	Krip Loss = 0.241240,	RMSE = 0.809822
	Test cost = 0.964952,	Krip Loss = 0.964952,	RMSE = 1.652071
	Test cost = 0.998552,	Krip Loss = 0.998552,	RMSE = 1.731832
Epoch = 26
	Train cost = 0.190351,	Krip Loss = 0.190351,	RMSE = 0.680940
	Test cost = 1.009866,	Krip Loss = 1.009866,	RMSE = 1.339528
	Test cost = 1.021964,	Krip Loss = 1.021964,	RMSE = 1.448999
Epoch = 27
	Train cost = 0.153338,	Krip Loss = 0.153338,	RMSE = 0.583061
	Test cost = 0.979533,	Krip Loss = 0.979533,	RMSE = 1.243836
	Test cost = 1.049123,	Krip Loss = 1.049123,	RMSE = 1.360767
Epoch = 28
	Train cost = 0.172605,	Krip Loss = 0.172605,	RMSE = 0.641121
	Test cost = 0.954073,	Krip Loss = 0.954073,	RMSE = 1.158764
	Test cost = 1.047682,	Krip Loss = 1.047682,	RMSE = 1.283647
Epoch = 29
	Train cost = 0.130961,	Krip Loss = 0.130961,	RMSE = 0.532932
	Test cost = 0.949113,	Krip Loss = 0.949113,	RMSE = 1.383400
	Test cost = 1.011770,	Krip Loss = 1.011770,	RMSE = 1.434971
Epoch = 30
	Train cost = 0.109771,	Krip Loss = 0.109771,	RMSE = 0.489666
	Test cost = 0.963918,	Krip Loss = 0.963918,	RMSE = 1.698217
	Test cost = 1.025955,	Krip Loss = 1.025955,	RMSE = 1.760915
Epoch = 31
	Train cost = 0.130864,	Krip Loss = 0.130864,	RMSE = 0.564816
	Test cost = 0.980661,	Krip Loss = 0.980661,	RMSE = 1.362239
	Test cost = 1.019027,	Krip Loss = 1.019027,	RMSE = 1.478791
Epoch = 32
	Train cost = 0.084469,	Krip Loss = 0.084469,	RMSE = 0.421226
	Test cost = 0.948012,	Krip Loss = 0.948012,	RMSE = 1.218566
	Test cost = 1.033910,	Krip Loss = 1.033910,	RMSE = 1.366704
Epoch = 33
	Train cost = 0.115514,	Krip Loss = 0.115514,	RMSE = 0.506466
	Test cost = 0.943489,	Krip Loss = 0.943489,	RMSE = 1.179278
	Test cost = 1.041702,	Krip Loss = 1.041702,	RMSE = 1.292594
Epoch = 34
	Train cost = 0.117059,	Krip Loss = 0.117059,	RMSE = 0.507199
	Test cost = 0.938177,	Krip Loss = 0.938177,	RMSE = 1.378082
	Test cost = 1.025791,	Krip Loss = 1.025791,	RMSE = 1.436505
Epoch = 35
	Train cost = 0.084576,	Krip Loss = 0.084576,	RMSE = 0.428502
	Test cost = 0.969242,	Krip Loss = 0.969242,	RMSE = 1.564518
	Test cost = 1.020546,	Krip Loss = 1.020546,	RMSE = 1.642849
Epoch = 36
	Train cost = 0.107681,	Krip Loss = 0.107681,	RMSE = 0.492161
	Test cost = 0.967317,	Krip Loss = 0.967317,	RMSE = 1.303409
	Test cost = 1.017925,	Krip Loss = 1.017925,	RMSE = 1.458924
Epoch = 37
	Train cost = 0.072416,	Krip Loss = 0.072416,	RMSE = 0.387307
	Test cost = 0.934062,	Krip Loss = 0.934062,	RMSE = 1.186388
	Test cost = 1.038933,	Krip Loss = 1.038933,	RMSE = 1.326303
Epoch = 38
	Train cost = 0.092982,	Krip Loss = 0.092982,	RMSE = 0.452169
	Test cost = 0.925726,	Krip Loss = 0.925726,	RMSE = 1.237565
	Test cost = 1.038081,	Krip Loss = 1.038081,	RMSE = 1.313851
Epoch = 39
	Train cost = 0.079970,	Krip Loss = 0.079970,	RMSE = 0.409995
	Test cost = 0.943523,	Krip Loss = 0.943523,	RMSE = 1.463900
	Test cost = 1.035730,	Krip Loss = 1.035730,	RMSE = 1.508169
Epoch = 40
	Train cost = 0.065657,	Krip Loss = 0.065657,	RMSE = 0.379392
	Test cost = 0.970588,	Krip Loss = 0.970588,	RMSE = 1.446483
	Test cost = 1.011313,	Krip Loss = 1.011313,	RMSE = 1.544973
Validation Dyad = 12 	Testing Dyad = 9
RMSE of Average Prediction = 1.701513
(2126, 76, 1360) (28, 76, 1360) (314, 76, 1360)
model = gru lambda = 0.0 last = True share = False #class = 1 drop = 0.0 update = adam2
Compiling function
Compilation done 1
Compilation done 2
Compilation done 3
Epoch = 1
	Train cost = 0.988616,	Krip Loss = 0.988616,	RMSE = 5.171744
	Test cost = 0.988083,	Krip Loss = 0.988083,	RMSE = 7.728231
	Test cost = 0.967580,	Krip Loss = 0.967580,	RMSE = 8.511435
Epoch = 2
	Train cost = 0.964100,	Krip Loss = 0.964100,	RMSE = 4.943940
	Test cost = 0.999585,	Krip Loss = 0.999585,	RMSE = 4.251190
	Test cost = 0.973934,	Krip Loss = 0.973934,	RMSE = 3.368545
Epoch = 3
	Train cost = 0.858533,	Krip Loss = 0.858533,	RMSE = 2.833191
	Test cost = 0.874084,	Krip Loss = 0.874084,	RMSE = 1.438179
	Test cost = 0.935716,	Krip Loss = 0.935716,	RMSE = 1.630537
Epoch = 4
	Train cost = 0.792462,	Krip Loss = 0.792462,	RMSE = 2.237945
	Test cost = 0.883144,	Krip Loss = 0.883144,	RMSE = 2.539797
	Test cost = 0.992251,	Krip Loss = 0.992251,	RMSE = 3.595869
Epoch = 5
	Train cost = 0.697087,	Krip Loss = 0.697087,	RMSE = 1.834659
	Test cost = 0.954629,	Krip Loss = 0.954629,	RMSE = 1.554534
	Test cost = 0.996113,	Krip Loss = 0.996113,	RMSE = 1.778213
Epoch = 6
	Train cost = 0.654218,	Krip Loss = 0.654218,	RMSE = 1.583918
	Test cost = 0.948780,	Krip Loss = 0.948780,	RMSE = 1.336080
	Test cost = 1.015052,	Krip Loss = 1.015052,	RMSE = 1.462636
Epoch = 7
	Train cost = 0.553731,	Krip Loss = 0.553731,	RMSE = 1.156020
	Test cost = 0.912178,	Krip Loss = 0.912178,	RMSE = 1.585705
	Test cost = 1.028167,	Krip Loss = 1.028167,	RMSE = 1.451578
Epoch = 8
	Train cost = 0.424509,	Krip Loss = 0.424509,	RMSE = 0.941510
	Test cost = 0.910571,	Krip Loss = 0.910571,	RMSE = 1.515206
	Test cost = 1.014448,	Krip Loss = 1.014448,	RMSE = 1.401028
Epoch = 9
	Train cost = 0.373474,	Krip Loss = 0.373474,	RMSE = 0.887565
	Test cost = 0.936683,	Krip Loss = 0.936683,	RMSE = 2.070993
	Test cost = 1.005314,	Krip Loss = 1.005314,	RMSE = 1.652167
Epoch = 10
	Train cost = 0.400613,	Krip Loss = 0.400613,	RMSE = 0.917078
	Test cost = 0.996456,	Krip Loss = 0.996456,	RMSE = 2.108056
	Test cost = 1.006085,	Krip Loss = 1.006085,	RMSE = 1.782504
Epoch = 11
	Train cost = 0.370497,	Krip Loss = 0.370497,	RMSE = 0.929187
	Test cost = 0.966834,	Krip Loss = 0.966834,	RMSE = 1.785654
	Test cost = 0.988855,	Krip Loss = 0.988855,	RMSE = 1.247663
Epoch = 12
	Train cost = 0.365806,	Krip Loss = 0.365806,	RMSE = 0.870745
	Test cost = 0.978137,	Krip Loss = 0.978137,	RMSE = 1.912309
	Test cost = 0.983004,	Krip Loss = 0.983004,	RMSE = 1.406925
Epoch = 13
	Train cost = 0.339144,	Krip Loss = 0.339144,	RMSE = 0.870986
	Test cost = 0.915550,	Krip Loss = 0.915550,	RMSE = 1.310530
	Test cost = 1.000107,	Krip Loss = 1.000107,	RMSE = 1.205057
Epoch = 14
	Train cost = 0.313415,	Krip Loss = 0.313415,	RMSE = 0.847813
	Test cost = 0.961839,	Krip Loss = 0.961839,	RMSE = 1.323653
	Test cost = 1.007731,	Krip Loss = 1.007731,	RMSE = 1.145479
Epoch = 15
	Train cost = 0.277405,	Krip Loss = 0.277405,	RMSE = 0.788576
	Test cost = 0.966091,	Krip Loss = 0.966091,	RMSE = 1.102854
	Test cost = 0.988260,	Krip Loss = 0.988260,	RMSE = 1.168217
Epoch = 16
	Train cost = 0.280077,	Krip Loss = 0.280077,	RMSE = 0.775708
	Test cost = 0.894302,	Krip Loss = 0.894302,	RMSE = 1.157772
	Test cost = 1.018566,	Krip Loss = 1.018566,	RMSE = 1.360706
Epoch = 17
	Train cost = 0.334908,	Krip Loss = 0.334908,	RMSE = 0.908393
	Test cost = 0.899990,	Krip Loss = 0.899990,	RMSE = 1.583412
	Test cost = 1.041815,	Krip Loss = 1.041815,	RMSE = 1.658439
Epoch = 18
	Train cost = 0.260153,	Krip Loss = 0.260153,	RMSE = 0.768474
	Test cost = 0.938650,	Krip Loss = 0.938650,	RMSE = 2.086442
	Test cost = 1.004816,	Krip Loss = 1.004816,	RMSE = 1.905996
Epoch = 19
	Train cost = 0.248249,	Krip Loss = 0.248249,	RMSE = 0.759017
	Test cost = 0.950968,	Krip Loss = 0.950968,	RMSE = 2.444269
	Test cost = 1.001787,	Krip Loss = 1.001787,	RMSE = 1.873665
Epoch = 20
	Train cost = 0.279763,	Krip Loss = 0.279763,	RMSE = 0.831291
	Test cost = 0.943280,	Krip Loss = 0.943280,	RMSE = 1.948003
	Test cost = 0.995036,	Krip Loss = 0.995036,	RMSE = 1.455708
Epoch = 21
	Train cost = 0.248487,	Krip Loss = 0.248487,	RMSE = 0.803991
	Test cost = 0.936296,	Krip Loss = 0.936296,	RMSE = 1.296787
	Test cost = 1.032559,	Krip Loss = 1.032559,	RMSE = 1.267101
Epoch = 22
	Train cost = 0.180579,	Krip Loss = 0.180579,	RMSE = 0.663366
	Test cost = 0.964955,	Krip Loss = 0.964955,	RMSE = 1.219738
	Test cost = 1.032657,	Krip Loss = 1.032657,	RMSE = 1.256402
Epoch = 23
	Train cost = 0.195929,	Krip Loss = 0.195929,	RMSE = 0.691577
	Test cost = 0.947996,	Krip Loss = 0.947996,	RMSE = 1.576284
	Test cost = 1.028103,	Krip Loss = 1.028103,	RMSE = 1.582897
Epoch = 24
	Train cost = 0.161427,	Krip Loss = 0.161427,	RMSE = 0.592397
	Test cost = 0.950495,	Krip Loss = 0.950495,	RMSE = 2.028575
	Test cost = 1.020722,	Krip Loss = 1.020722,	RMSE = 1.767642
Epoch = 25
	Train cost = 0.152358,	Krip Loss = 0.152358,	RMSE = 0.583424
	Test cost = 0.964291,	Krip Loss = 0.964291,	RMSE = 2.093033
	Test cost = 1.028319,	Krip Loss = 1.028319,	RMSE = 1.665729
Epoch = 26
	Train cost = 0.170833,	Krip Loss = 0.170833,	RMSE = 0.620418
	Test cost = 0.962518,	Krip Loss = 0.962518,	RMSE = 1.792219
	Test cost = 1.032830,	Krip Loss = 1.032830,	RMSE = 1.543457
Epoch = 27
	Train cost = 0.125368,	Krip Loss = 0.125368,	RMSE = 0.538573
	Test cost = 0.978466,	Krip Loss = 0.978466,	RMSE = 1.616889
	Test cost = 1.062474,	Krip Loss = 1.062474,	RMSE = 1.430068
Epoch = 28
	Train cost = 0.132622,	Krip Loss = 0.132622,	RMSE = 0.555089
	Test cost = 0.934163,	Krip Loss = 0.934163,	RMSE = 1.533119
	Test cost = 1.048940,	Krip Loss = 1.048940,	RMSE = 1.392613
Epoch = 29
	Train cost = 0.141869,	Krip Loss = 0.141869,	RMSE = 0.557632
	Test cost = 0.983671,	Krip Loss = 0.983671,	RMSE = 1.861105
	Test cost = 1.007863,	Krip Loss = 1.007863,	RMSE = 1.602802
Epoch = 30
	Train cost = 0.125781,	Krip Loss = 0.125781,	RMSE = 0.510386
	Test cost = 0.999629,	Krip Loss = 0.999629,	RMSE = 2.140748
	Test cost = 1.003764,	Krip Loss = 1.003764,	RMSE = 1.648960
Epoch = 31
	Train cost = 0.143297,	Krip Loss = 0.143297,	RMSE = 0.572500
	Test cost = 0.993897,	Krip Loss = 0.993897,	RMSE = 1.860683
	Test cost = 1.010243,	Krip Loss = 1.010243,	RMSE = 1.413992
Epoch = 32
	Train cost = 0.117797,	Krip Loss = 0.117797,	RMSE = 0.515395
	Test cost = 1.008620,	Krip Loss = 1.008620,	RMSE = 1.479497
	Test cost = 1.028345,	Krip Loss = 1.028345,	RMSE = 1.289825
Epoch = 33
	Train cost = 0.120823,	Krip Loss = 0.120823,	RMSE = 0.527542
	Test cost = 0.972932,	Krip Loss = 0.972932,	RMSE = 1.334034
	Test cost = 1.015888,	Krip Loss = 1.015888,	RMSE = 1.351219
Epoch = 34
	Train cost = 0.127046,	Krip Loss = 0.127046,	RMSE = 0.529754
	Test cost = 0.969929,	Krip Loss = 0.969929,	RMSE = 1.928596
	Test cost = 1.000635,	Krip Loss = 1.000635,	RMSE = 1.754097
Epoch = 35
	Train cost = 0.124801,	Krip Loss = 0.124801,	RMSE = 0.514062
	Test cost = 0.978317,	Krip Loss = 0.978317,	RMSE = 2.081023
	Test cost = 1.020090,	Krip Loss = 1.020090,	RMSE = 1.654489
Epoch = 36
	Train cost = 0.126958,	Krip Loss = 0.126958,	RMSE = 0.527187
	Test cost = 0.988307,	Krip Loss = 0.988307,	RMSE = 1.832207
	Test cost = 1.015254,	Krip Loss = 1.015254,	RMSE = 1.476246
Epoch = 37
	Train cost = 0.098774,	Krip Loss = 0.098774,	RMSE = 0.457865
	Test cost = 0.992583,	Krip Loss = 0.992583,	RMSE = 1.533067
	Test cost = 1.030675,	Krip Loss = 1.030675,	RMSE = 1.396301
Epoch = 38
	Train cost = 0.093601,	Krip Loss = 0.093601,	RMSE = 0.460044
	Test cost = 0.952218,	Krip Loss = 0.952218,	RMSE = 1.493665
	Test cost = 1.031024,	Krip Loss = 1.031024,	RMSE = 1.442443
Epoch = 39
	Train cost = 0.110187,	Krip Loss = 0.110187,	RMSE = 0.491255
	Test cost = 1.003795,	Krip Loss = 1.003795,	RMSE = 1.858313
	Test cost = 1.003088,	Krip Loss = 1.003088,	RMSE = 1.610491
Epoch = 40
	Train cost = 0.095296,	Krip Loss = 0.095296,	RMSE = 0.446579
	Test cost = 0.986466,	Krip Loss = 0.986466,	RMSE = 2.107561
	Test cost = 1.001478,	Krip Loss = 1.001478,	RMSE = 1.685616
Validation Dyad = 11 	Testing Dyad = 10
RMSE of Average Prediction = 1.332671
(1840, 76, 1360) (324, 76, 1360) (304, 76, 1360)
model = gru lambda = 0.0 last = True share = False #class = 1 drop = 0.0 update = adam2
Compiling function
Compilation done 1
Compilation done 2
Compilation done 3
Epoch = 1
	Train cost = 0.990419,	Krip Loss = 0.990419,	RMSE = 3.874497
	Test cost = 1.023143,	Krip Loss = 1.023143,	RMSE = 1.550837
	Test cost = 0.858211,	Krip Loss = 0.858211,	RMSE = 1.160006
Epoch = 2
	Train cost = 0.786866,	Krip Loss = 0.786866,	RMSE = 1.657151
	Test cost = 1.001497,	Krip Loss = 1.001497,	RMSE = 2.794701
	Test cost = 0.954910,	Krip Loss = 0.954910,	RMSE = 2.302370
Epoch = 3
	Train cost = 0.657599,	Krip Loss = 0.657599,	RMSE = 1.498395
	Test cost = 0.968606,	Krip Loss = 0.968606,	RMSE = 1.816851
	Test cost = 0.929935,	Krip Loss = 0.929935,	RMSE = 2.303218
Epoch = 4
	Train cost = 0.684000,	Krip Loss = 0.684000,	RMSE = 1.787136
	Test cost = 0.987811,	Krip Loss = 0.987811,	RMSE = 1.861738
	Test cost = 0.951233,	Krip Loss = 0.951233,	RMSE = 1.893429
Epoch = 5
	Train cost = 0.514856,	Krip Loss = 0.514856,	RMSE = 1.152327
	Test cost = 0.975372,	Krip Loss = 0.975372,	RMSE = 1.309819
	Test cost = 0.914983,	Krip Loss = 0.914983,	RMSE = 1.393885
Epoch = 6
	Train cost = 0.426063,	Krip Loss = 0.426063,	RMSE = 0.980063
	Test cost = 0.964496,	Krip Loss = 0.964496,	RMSE = 1.288164
	Test cost = 0.933727,	Krip Loss = 0.933727,	RMSE = 1.306483
Epoch = 7
	Train cost = 0.397578,	Krip Loss = 0.397578,	RMSE = 0.970964
	Test cost = 0.932242,	Krip Loss = 0.932242,	RMSE = 1.164380
	Test cost = 0.928693,	Krip Loss = 0.928693,	RMSE = 1.449050
Epoch = 8
	Train cost = 0.448734,	Krip Loss = 0.448734,	RMSE = 1.042241
	Test cost = 0.930807,	Krip Loss = 0.930807,	RMSE = 1.363733
	Test cost = 0.903724,	Krip Loss = 0.903724,	RMSE = 1.200319
Epoch = 9
	Train cost = 0.467342,	Krip Loss = 0.467342,	RMSE = 1.275622
	Test cost = 0.945844,	Krip Loss = 0.945844,	RMSE = 1.330824
	Test cost = 0.915439,	Krip Loss = 0.915439,	RMSE = 1.276868
Epoch = 10
	Train cost = 0.455344,	Krip Loss = 0.455344,	RMSE = 1.190512
	Test cost = 0.995814,	Krip Loss = 0.995814,	RMSE = 2.233148
	Test cost = 0.957988,	Krip Loss = 0.957988,	RMSE = 2.134088
Epoch = 11
	Train cost = 0.365979,	Krip Loss = 0.365979,	RMSE = 1.018842
	Test cost = 0.979972,	Krip Loss = 0.979972,	RMSE = 2.211865
	Test cost = 0.970500,	Krip Loss = 0.970500,	RMSE = 2.156305
Epoch = 12
	Train cost = 0.309243,	Krip Loss = 0.309243,	RMSE = 0.905280
	Test cost = 0.967226,	Krip Loss = 0.967226,	RMSE = 1.756476
	Test cost = 0.970318,	Krip Loss = 0.970318,	RMSE = 1.763743
Epoch = 13
	Train cost = 0.198560,	Krip Loss = 0.198560,	RMSE = 0.664508
	Test cost = 0.954641,	Krip Loss = 0.954641,	RMSE = 1.451760
	Test cost = 0.957358,	Krip Loss = 0.957358,	RMSE = 1.513771
Best Epoch = 8, Best Cost in Test = 0.903724
Validation Dyad = 10 	Testing Dyad = 11
RMSE of Average Prediction = 1.429377
(1840, 76, 1360) (304, 76, 1360) (324, 76, 1360)
model = gru lambda = 0.0 last = True share = False #class = 1 drop = 0.0 update = adam2
Compiling function
Compilation done 1
Compilation done 2
Compilation done 3
Epoch = 1
	Train cost = 0.990419,	Krip Loss = 0.990419,	RMSE = 3.874497
	Test cost = 0.858211,	Krip Loss = 0.858211,	RMSE = 1.160006
	Test cost = 1.023143,	Krip Loss = 1.023143,	RMSE = 1.550837
Epoch = 2
	Train cost = 0.786866,	Krip Loss = 0.786866,	RMSE = 1.657151
	Test cost = 0.954910,	Krip Loss = 0.954910,	RMSE = 2.302370
	Test cost = 1.001497,	Krip Loss = 1.001497,	RMSE = 2.794701
Epoch = 3
	Train cost = 0.657599,	Krip Loss = 0.657599,	RMSE = 1.498395
	Test cost = 0.929935,	Krip Loss = 0.929935,	RMSE = 2.303218
	Test cost = 0.968606,	Krip Loss = 0.968606,	RMSE = 1.816851
Epoch = 4
	Train cost = 0.684000,	Krip Loss = 0.684000,	RMSE = 1.787136
	Test cost = 0.951233,	Krip Loss = 0.951233,	RMSE = 1.893429
	Test cost = 0.987811,	Krip Loss = 0.987811,	RMSE = 1.861738
Epoch = 5
	Train cost = 0.514856,	Krip Loss = 0.514856,	RMSE = 1.152327
	Test cost = 0.914983,	Krip Loss = 0.914983,	RMSE = 1.393885
	Test cost = 0.975372,	Krip Loss = 0.975372,	RMSE = 1.309819
Epoch = 6
	Train cost = 0.426063,	Krip Loss = 0.426063,	RMSE = 0.980063
	Test cost = 0.933727,	Krip Loss = 0.933727,	RMSE = 1.306483
	Test cost = 0.964496,	Krip Loss = 0.964496,	RMSE = 1.288164
Epoch = 7
	Train cost = 0.397578,	Krip Loss = 0.397578,	RMSE = 0.970964
	Test cost = 0.928693,	Krip Loss = 0.928693,	RMSE = 1.449050
	Test cost = 0.932242,	Krip Loss = 0.932242,	RMSE = 1.164380
Epoch = 8
	Train cost = 0.448734,	Krip Loss = 0.448734,	RMSE = 1.042241
	Test cost = 0.903724,	Krip Loss = 0.903724,	RMSE = 1.200319
	Test cost = 0.930807,	Krip Loss = 0.930807,	RMSE = 1.363733
Epoch = 9
	Train cost = 0.467342,	Krip Loss = 0.467342,	RMSE = 1.275622
	Test cost = 0.915439,	Krip Loss = 0.915439,	RMSE = 1.276868
	Test cost = 0.945844,	Krip Loss = 0.945844,	RMSE = 1.330824
Epoch = 10
	Train cost = 0.455344,	Krip Loss = 0.455344,	RMSE = 1.190512
	Test cost = 0.957988,	Krip Loss = 0.957988,	RMSE = 2.134088
	Test cost = 0.995814,	Krip Loss = 0.995814,	RMSE = 2.233148
Epoch = 11
	Train cost = 0.365979,	Krip Loss = 0.365979,	RMSE = 1.018842
	Test cost = 0.970500,	Krip Loss = 0.970500,	RMSE = 2.156305
	Test cost = 0.979972,	Krip Loss = 0.979972,	RMSE = 2.211865
Epoch = 12
	Train cost = 0.309243,	Krip Loss = 0.309243,	RMSE = 0.905280
	Test cost = 0.970318,	Krip Loss = 0.970318,	RMSE = 1.763743
	Test cost = 0.967226,	Krip Loss = 0.967226,	RMSE = 1.756476
Epoch = 13
	Train cost = 0.198560,	Krip Loss = 0.198560,	RMSE = 0.664508
	Test cost = 0.957358,	Krip Loss = 0.957358,	RMSE = 1.513771
	Test cost = 0.954641,	Krip Loss = 0.954641,	RMSE = 1.451760
Epoch = 14
	Train cost = 0.186268,	Krip Loss = 0.186268,	RMSE = 0.642351
	Test cost = 0.938616,	Krip Loss = 0.938616,	RMSE = 1.502710
	Test cost = 0.954114,	Krip Loss = 0.954114,	RMSE = 1.526872
Epoch = 15
	Train cost = 0.178259,	Krip Loss = 0.178259,	RMSE = 0.639263
	Test cost = 0.933650,	Krip Loss = 0.933650,	RMSE = 1.649098
	Test cost = 0.946060,	Krip Loss = 0.946060,	RMSE = 1.676485
Epoch = 16
	Train cost = 0.168506,	Krip Loss = 0.168506,	RMSE = 0.616321
	Test cost = 0.958483,	Krip Loss = 0.958483,	RMSE = 2.010123
	Test cost = 0.973537,	Krip Loss = 0.973537,	RMSE = 2.007179
Epoch = 17
	Train cost = 0.178981,	Krip Loss = 0.178981,	RMSE = 0.648604
	Test cost = 0.977382,	Krip Loss = 0.977382,	RMSE = 2.031817
	Test cost = 0.976815,	Krip Loss = 0.976815,	RMSE = 2.001681
Epoch = 18
	Train cost = 0.160930,	Krip Loss = 0.160930,	RMSE = 0.628909
	Test cost = 0.963023,	Krip Loss = 0.963023,	RMSE = 1.692483
	Test cost = 0.945603,	Krip Loss = 0.945603,	RMSE = 1.589530
Epoch = 19
	Train cost = 0.164074,	Krip Loss = 0.164074,	RMSE = 0.613659
	Test cost = 0.953559,	Krip Loss = 0.953559,	RMSE = 1.376216
	Test cost = 0.935456,	Krip Loss = 0.935456,	RMSE = 1.373277
Epoch = 20
	Train cost = 0.169548,	Krip Loss = 0.169548,	RMSE = 0.644690
	Test cost = 0.932122,	Krip Loss = 0.932122,	RMSE = 1.380105
	Test cost = 0.939938,	Krip Loss = 0.939938,	RMSE = 1.404301
Epoch = 21
	Train cost = 0.157833,	Krip Loss = 0.157833,	RMSE = 0.644045
	Test cost = 0.965259,	Krip Loss = 0.965259,	RMSE = 1.841273
	Test cost = 0.955037,	Krip Loss = 0.955037,	RMSE = 1.831732
Epoch = 22
	Train cost = 0.154665,	Krip Loss = 0.154665,	RMSE = 0.605426
	Test cost = 0.973165,	Krip Loss = 0.973165,	RMSE = 2.099334
	Test cost = 0.979947,	Krip Loss = 0.979947,	RMSE = 2.074024
Epoch = 23
	Train cost = 0.169013,	Krip Loss = 0.169013,	RMSE = 0.663895
	Test cost = 0.983157,	Krip Loss = 0.983157,	RMSE = 1.701525
	Test cost = 0.955476,	Krip Loss = 0.955476,	RMSE = 1.625641
Epoch = 24
	Train cost = 0.093322,	Krip Loss = 0.093322,	RMSE = 0.458387
	Test cost = 0.962789,	Krip Loss = 0.962789,	RMSE = 1.441361
	Test cost = 0.925611,	Krip Loss = 0.925611,	RMSE = 1.409441
Epoch = 25
	Train cost = 0.109791,	Krip Loss = 0.109791,	RMSE = 0.512924
	Test cost = 0.964391,	Krip Loss = 0.964391,	RMSE = 1.780228
	Test cost = 0.961308,	Krip Loss = 0.961308,	RMSE = 1.783753
Epoch = 26
	Train cost = 0.107554,	Krip Loss = 0.107554,	RMSE = 0.496946
	Test cost = 0.974548,	Krip Loss = 0.974548,	RMSE = 2.010511
	Test cost = 0.967047,	Krip Loss = 0.967047,	RMSE = 1.919238
Epoch = 27
	Train cost = 0.108582,	Krip Loss = 0.108582,	RMSE = 0.514344
	Test cost = 0.972592,	Krip Loss = 0.972592,	RMSE = 1.713665
	Test cost = 0.949828,	Krip Loss = 0.949828,	RMSE = 1.621706
Epoch = 28
	Train cost = 0.072819,	Krip Loss = 0.072819,	RMSE = 0.408416
	Test cost = 0.960455,	Krip Loss = 0.960455,	RMSE = 1.493834
	Test cost = 0.933423,	Krip Loss = 0.933423,	RMSE = 1.432706
Epoch = 29
	Train cost = 0.072809,	Krip Loss = 0.072809,	RMSE = 0.411832
	Test cost = 0.967366,	Krip Loss = 0.967366,	RMSE = 1.746023
	Test cost = 0.956615,	Krip Loss = 0.956615,	RMSE = 1.705485
Epoch = 30
	Train cost = 0.072564,	Krip Loss = 0.072564,	RMSE = 0.406661
	Test cost = 0.978113,	Krip Loss = 0.978113,	RMSE = 2.004722
	Test cost = 0.961973,	Krip Loss = 0.961973,	RMSE = 1.909250
Epoch = 31
	Train cost = 0.078253,	Krip Loss = 0.078253,	RMSE = 0.425679
	Test cost = 0.973820,	Krip Loss = 0.973820,	RMSE = 1.756743
	Test cost = 0.953271,	Krip Loss = 0.953271,	RMSE = 1.655114
Epoch = 32
	Train cost = 0.066980,	Krip Loss = 0.066980,	RMSE = 0.385913
	Test cost = 0.963817,	Krip Loss = 0.963817,	RMSE = 1.522268
	Test cost = 0.936135,	Krip Loss = 0.936135,	RMSE = 1.448334
Epoch = 33
	Train cost = 0.052518,	Krip Loss = 0.052518,	RMSE = 0.344362
	Test cost = 0.967635,	Krip Loss = 0.967635,	RMSE = 1.695648
	Test cost = 0.952781,	Krip Loss = 0.952781,	RMSE = 1.650030
Epoch = 34
	Train cost = 0.054641,	Krip Loss = 0.054641,	RMSE = 0.349171
	Test cost = 0.980235,	Krip Loss = 0.980235,	RMSE = 1.963827
	Test cost = 0.960789,	Krip Loss = 0.960789,	RMSE = 1.879402
Epoch = 35
	Train cost = 0.055763,	Krip Loss = 0.055763,	RMSE = 0.355200
	Test cost = 0.976267,	Krip Loss = 0.976267,	RMSE = 1.830698
	Test cost = 0.955422,	Krip Loss = 0.955422,	RMSE = 1.724295
Epoch = 36
	Train cost = 0.052230,	Krip Loss = 0.052230,	RMSE = 0.341675
	Test cost = 0.966271,	Krip Loss = 0.966271,	RMSE = 1.578270
	Test cost = 0.937553,	Krip Loss = 0.937553,	RMSE = 1.479364
Epoch = 37
	Train cost = 0.041978,	Krip Loss = 0.041978,	RMSE = 0.305176
	Test cost = 0.966231,	Krip Loss = 0.966231,	RMSE = 1.639716
	Test cost = 0.950135,	Krip Loss = 0.950135,	RMSE = 1.579533
Epoch = 38
	Train cost = 0.042488,	Krip Loss = 0.042488,	RMSE = 0.307423
	Test cost = 0.979875,	Krip Loss = 0.979875,	RMSE = 1.911870
	Test cost = 0.958449,	Krip Loss = 0.958449,	RMSE = 1.838042
Epoch = 39
	Train cost = 0.041752,	Krip Loss = 0.041752,	RMSE = 0.304161
	Test cost = 0.977791,	Krip Loss = 0.977791,	RMSE = 1.871083
	Test cost = 0.954884,	Krip Loss = 0.954884,	RMSE = 1.769162
Epoch = 40
	Train cost = 0.040823,	Krip Loss = 0.040823,	RMSE = 0.303482
	Test cost = 0.970346,	Krip Loss = 0.970346,	RMSE = 1.635860
	Test cost = 0.941185,	Krip Loss = 0.941185,	RMSE = 1.526477
Validation Dyad = 4 	Testing Dyad = 12
RMSE of Average Prediction = 1.712594
(2345, 76, 1360) (95, 76, 1360) (28, 76, 1360)
model = gru lambda = 0.0 last = True share = False #class = 1 drop = 0.0 update = adam2
Compiling function
Compilation done 1
Compilation done 2
Compilation done 3
Epoch = 1
	Train cost = 0.993110,	Krip Loss = 0.993110,	RMSE = 5.226595
	Test cost = 0.986779,	Krip Loss = 0.986779,	RMSE = 7.443926
	Test cost = 1.000170,	Krip Loss = 1.000170,	RMSE = 10.215131
Epoch = 2
	Train cost = 0.956385,	Krip Loss = 0.956385,	RMSE = 4.227795
	Test cost = 0.994255,	Krip Loss = 0.994255,	RMSE = 4.831288
	Test cost = 1.004400,	Krip Loss = 1.004400,	RMSE = 6.300886
Epoch = 3
	Train cost = 0.945065,	Krip Loss = 0.945065,	RMSE = 4.202784
	Test cost = 0.934293,	Krip Loss = 0.934293,	RMSE = 1.485176
	Test cost = 1.035794,	Krip Loss = 1.035794,	RMSE = 2.079864
Epoch = 4
	Train cost = 0.765884,	Krip Loss = 0.765884,	RMSE = 1.374911
	Test cost = 0.949368,	Krip Loss = 0.949368,	RMSE = 1.327862
	Test cost = 1.021588,	Krip Loss = 1.021588,	RMSE = 1.743287
Epoch = 5
	Train cost = 0.664323,	Krip Loss = 0.664323,	RMSE = 1.178701
	Test cost = 0.966919,	Krip Loss = 0.966919,	RMSE = 1.435331
	Test cost = 1.000301,	Krip Loss = 1.000301,	RMSE = 1.916299
Epoch = 6
	Train cost = 0.624210,	Krip Loss = 0.624210,	RMSE = 1.221714
	Test cost = 0.932439,	Krip Loss = 0.932439,	RMSE = 1.542692
	Test cost = 0.994243,	Krip Loss = 0.994243,	RMSE = 1.030091
Epoch = 7
	Train cost = 0.577825,	Krip Loss = 0.577825,	RMSE = 1.133430
	Test cost = 0.929062,	Krip Loss = 0.929062,	RMSE = 1.758694
	Test cost = 0.840893,	Krip Loss = 0.840893,	RMSE = 0.792513
Epoch = 8
	Train cost = 0.602350,	Krip Loss = 0.602350,	RMSE = 1.204321
	Test cost = 0.990357,	Krip Loss = 0.990357,	RMSE = 1.439911
	Test cost = 0.978759,	Krip Loss = 0.978759,	RMSE = 2.657404
Epoch = 9
	Train cost = 0.594409,	Krip Loss = 0.594409,	RMSE = 1.254478
	Test cost = 0.955294,	Krip Loss = 0.955294,	RMSE = 1.259784
	Test cost = 0.959848,	Krip Loss = 0.959848,	RMSE = 2.008851
Epoch = 10
	Train cost = 0.427582,	Krip Loss = 0.427582,	RMSE = 0.968576
	Test cost = 0.990041,	Krip Loss = 0.990041,	RMSE = 1.457101
	Test cost = 0.981158,	Krip Loss = 0.981158,	RMSE = 2.567246
Epoch = 11
	Train cost = 0.404991,	Krip Loss = 0.404991,	RMSE = 1.040425
	Test cost = 1.007302,	Krip Loss = 1.007302,	RMSE = 1.389870
	Test cost = 0.891063,	Krip Loss = 0.891063,	RMSE = 1.322426
Epoch = 12
	Train cost = 0.361769,	Krip Loss = 0.361769,	RMSE = 0.928518
	Test cost = 0.979767,	Krip Loss = 0.979767,	RMSE = 1.284626
	Test cost = 0.971927,	Krip Loss = 0.971927,	RMSE = 1.549892
Best Epoch = 7, Best Cost in Test = 0.840893
Validation Dyad = 18 	Testing Dyad = 16
RMSE of Average Prediction = 1.688062
(2100, 76, 1360) (167, 76, 1360) (201, 76, 1360)
model = gru lambda = 0.0 last = True share = False #class = 1 drop = 0.0 update = adam2
Compiling function
Compilation done 1
Compilation done 2
Compilation done 3
Epoch = 1
	Train cost = 0.980502,	Krip Loss = 0.980502,	RMSE = 3.707716
	Test cost = 1.003772,	Krip Loss = 1.003772,	RMSE = 2.511936
	Test cost = 0.973261,	Krip Loss = 0.973261,	RMSE = 2.578039
Epoch = 2
	Train cost = 0.843213,	Krip Loss = 0.843213,	RMSE = 2.018746
	Test cost = 0.978541,	Krip Loss = 0.978541,	RMSE = 2.555033
	Test cost = 0.954617,	Krip Loss = 0.954617,	RMSE = 2.257932
Epoch = 3
	Train cost = 0.728274,	Krip Loss = 0.728274,	RMSE = 1.496268
	Test cost = 0.962736,	Krip Loss = 0.962736,	RMSE = 2.152871
	Test cost = 0.952512,	Krip Loss = 0.952512,	RMSE = 1.932817
Epoch = 4
	Train cost = 0.575862,	Krip Loss = 0.575862,	RMSE = 1.150043
	Test cost = 0.908885,	Krip Loss = 0.908885,	RMSE = 1.481571
	Test cost = 0.948852,	Krip Loss = 0.948852,	RMSE = 1.370501
Epoch = 5
	Train cost = 0.476111,	Krip Loss = 0.476111,	RMSE = 1.030826
	Test cost = 0.881050,	Krip Loss = 0.881050,	RMSE = 1.465568
	Test cost = 0.962793,	Krip Loss = 0.962793,	RMSE = 1.276469
Epoch = 6
	Train cost = 0.499318,	Krip Loss = 0.499318,	RMSE = 1.136325
	Test cost = 0.965069,	Krip Loss = 0.965069,	RMSE = 3.085863
	Test cost = 0.978759,	Krip Loss = 0.978759,	RMSE = 2.798830
Epoch = 7
	Train cost = 0.500752,	Krip Loss = 0.500752,	RMSE = 1.136563
	Test cost = 0.968831,	Krip Loss = 0.968831,	RMSE = 3.195754
	Test cost = 0.979940,	Krip Loss = 0.979940,	RMSE = 2.942036
Epoch = 8
	Train cost = 0.510510,	Krip Loss = 0.510510,	RMSE = 1.236543
	Test cost = 0.968179,	Krip Loss = 0.968179,	RMSE = 3.023426
	Test cost = 0.973669,	Krip Loss = 0.973669,	RMSE = 2.416452
Epoch = 9
	Train cost = 0.583091,	Krip Loss = 0.583091,	RMSE = 1.507598
	Test cost = 0.857287,	Krip Loss = 0.857287,	RMSE = 1.278725
	Test cost = 0.995977,	Krip Loss = 0.995977,	RMSE = 1.333785
Epoch = 10
	Train cost = 0.418411,	Krip Loss = 0.418411,	RMSE = 1.120971
	Test cost = 0.867580,	Krip Loss = 0.867580,	RMSE = 1.347418
	Test cost = 0.968507,	Krip Loss = 0.968507,	RMSE = 1.191464
Epoch = 11
	Train cost = 0.313532,	Krip Loss = 0.313532,	RMSE = 0.871111
	Test cost = 0.831878,	Krip Loss = 0.831878,	RMSE = 1.151809
	Test cost = 1.004032,	Krip Loss = 1.004032,	RMSE = 1.285311
Epoch = 12
	Train cost = 0.280480,	Krip Loss = 0.280480,	RMSE = 0.825278
	Test cost = 0.857606,	Krip Loss = 0.857606,	RMSE = 1.243409
	Test cost = 0.975465,	Krip Loss = 0.975465,	RMSE = 1.187911
Epoch = 13
	Train cost = 0.230202,	Krip Loss = 0.230202,	RMSE = 0.706002
	Test cost = 0.864739,	Krip Loss = 0.864739,	RMSE = 1.405373
	Test cost = 0.978723,	Krip Loss = 0.978723,	RMSE = 1.268566
Epoch = 14
	Train cost = 0.221309,	Krip Loss = 0.221309,	RMSE = 0.683713
	Test cost = 0.933904,	Krip Loss = 0.933904,	RMSE = 2.085084
	Test cost = 0.982771,	Krip Loss = 0.982771,	RMSE = 1.831333
Epoch = 15
	Train cost = 0.202564,	Krip Loss = 0.202564,	RMSE = 0.680216
	Test cost = 0.951281,	Krip Loss = 0.951281,	RMSE = 2.288067
	Test cost = 0.980233,	Krip Loss = 0.980233,	RMSE = 1.722054
Epoch = 16
	Train cost = 0.183106,	Krip Loss = 0.183106,	RMSE = 0.631977
	Test cost = 0.942988,	Krip Loss = 0.942988,	RMSE = 2.106425
	Test cost = 0.982411,	Krip Loss = 0.982411,	RMSE = 1.594007
Best Epoch = 11, Best Cost in Test = 1.004032
Validation Dyad = 9 	Testing Dyad = 17
RMSE of Average Prediction = 0.934876
(1975, 76, 1360) (314, 76, 1360) (179, 76, 1360)
model = gru lambda = 0.0 last = True share = False #class = 1 drop = 0.0 update = adam2
Compiling function
Compilation done 1
Compilation done 2
Compilation done 3
Epoch = 1
	Train cost = 0.987543,	Krip Loss = 0.987543,	RMSE = 4.983541
	Test cost = 0.969903,	Krip Loss = 0.969903,	RMSE = 8.322674
	Test cost = 0.979845,	Krip Loss = 0.979845,	RMSE = 6.799073
Epoch = 2
	Train cost = 0.932627,	Krip Loss = 0.932627,	RMSE = 4.858030
	Test cost = 0.972096,	Krip Loss = 0.972096,	RMSE = 6.631986
	Test cost = 1.005828,	Krip Loss = 1.005828,	RMSE = 6.999659
Epoch = 3
	Train cost = 0.966101,	Krip Loss = 0.966101,	RMSE = 6.747102
	Test cost = 0.978982,	Krip Loss = 0.978982,	RMSE = 5.296780
	Test cost = 1.017349,	Krip Loss = 1.017349,	RMSE = 4.848901
Epoch = 4
	Train cost = 0.888299,	Krip Loss = 0.888299,	RMSE = 2.850613
	Test cost = 0.985140,	Krip Loss = 0.985140,	RMSE = 2.715868
	Test cost = 1.002306,	Krip Loss = 1.002306,	RMSE = 3.203527
Epoch = 5
	Train cost = 0.794101,	Krip Loss = 0.794101,	RMSE = 1.710202
	Test cost = 0.948840,	Krip Loss = 0.948840,	RMSE = 2.141514
	Test cost = 0.912715,	Krip Loss = 0.912715,	RMSE = 1.867269
Epoch = 6
	Train cost = 0.816584,	Krip Loss = 0.816584,	RMSE = 1.849257
	Test cost = 0.944529,	Krip Loss = 0.944529,	RMSE = 1.518852
	Test cost = 0.909452,	Krip Loss = 0.909452,	RMSE = 2.333604
Epoch = 7
	Train cost = 0.715299,	Krip Loss = 0.715299,	RMSE = 1.723983
	Test cost = 0.992756,	Krip Loss = 0.992756,	RMSE = 1.995192
	Test cost = 0.999182,	Krip Loss = 0.999182,	RMSE = 2.308107
Epoch = 8
	Train cost = 0.666128,	Krip Loss = 0.666128,	RMSE = 1.312578
	Test cost = 0.981331,	Krip Loss = 0.981331,	RMSE = 1.926781
	Test cost = 0.988695,	Krip Loss = 0.988695,	RMSE = 1.894821
Epoch = 9
	Train cost = 0.581295,	Krip Loss = 0.581295,	RMSE = 1.102238
	Test cost = 0.977789,	Krip Loss = 0.977789,	RMSE = 1.964805
	Test cost = 0.981874,	Krip Loss = 0.981874,	RMSE = 1.791517
Epoch = 10
	Train cost = 0.530881,	Krip Loss = 0.530881,	RMSE = 1.057674
	Test cost = 0.974283,	Krip Loss = 0.974283,	RMSE = 1.802737
	Test cost = 0.972061,	Krip Loss = 0.972061,	RMSE = 1.637990
Epoch = 11
	Train cost = 0.486343,	Krip Loss = 0.486343,	RMSE = 1.007976
	Test cost = 0.974462,	Krip Loss = 0.974462,	RMSE = 1.673516
	Test cost = 0.971823,	Krip Loss = 0.971823,	RMSE = 1.622182
Best Epoch = 6, Best Cost in Test = 0.909452
Validation Dyad = 7 	Testing Dyad = 18
RMSE of Average Prediction = 1.184179
(1915, 76, 1360) (386, 76, 1360) (167, 76, 1360)
model = gru lambda = 0.0 last = True share = False #class = 1 drop = 0.0 update = adam2
Compiling function
Compilation done 1
Compilation done 2
Compilation done 3
Epoch = 1
	Train cost = 0.965105,	Krip Loss = 0.965105,	RMSE = 4.152594
	Test cost = 1.000592,	Krip Loss = 1.000592,	RMSE = 6.411738
	Test cost = 0.999450,	Krip Loss = 0.999450,	RMSE = 7.983733
Epoch = 2
	Train cost = 0.951125,	Krip Loss = 0.951125,	RMSE = 5.956961
	Test cost = 1.000991,	Krip Loss = 1.000991,	RMSE = 2.294222
	Test cost = 0.999966,	Krip Loss = 0.999966,	RMSE = 1.369987
Epoch = 3
	Train cost = 0.793144,	Krip Loss = 0.793144,	RMSE = 2.411742
	Test cost = 0.985700,	Krip Loss = 0.985700,	RMSE = 2.449257
	Test cost = 0.950961,	Krip Loss = 0.950961,	RMSE = 1.250477
Epoch = 4
	Train cost = 0.836616,	Krip Loss = 0.836616,	RMSE = 2.387049
	Test cost = 1.006334,	Krip Loss = 1.006334,	RMSE = 1.376131
	Test cost = 0.979088,	Krip Loss = 0.979088,	RMSE = 2.338218
Epoch = 5
	Train cost = 0.682780,	Krip Loss = 0.682780,	RMSE = 1.392690
	Test cost = 0.983447,	Krip Loss = 0.983447,	RMSE = 1.401926
	Test cost = 0.939573,	Krip Loss = 0.939573,	RMSE = 1.721624
Epoch = 6
	Train cost = 0.570798,	Krip Loss = 0.570798,	RMSE = 1.085139
	Test cost = 0.971700,	Krip Loss = 0.971700,	RMSE = 1.369602
	Test cost = 0.950802,	Krip Loss = 0.950802,	RMSE = 1.841609
Epoch = 7
	Train cost = 0.554392,	Krip Loss = 0.554392,	RMSE = 1.152162
	Test cost = 0.976989,	Krip Loss = 0.976989,	RMSE = 1.517596
	Test cost = 0.965965,	Krip Loss = 0.965965,	RMSE = 2.564359
Epoch = 8
	Train cost = 0.612731,	Krip Loss = 0.612731,	RMSE = 1.604122
	Test cost = 0.960689,	Krip Loss = 0.960689,	RMSE = 1.692179
	Test cost = 0.963440,	Krip Loss = 0.963440,	RMSE = 2.634507
Epoch = 9
	Train cost = 0.573177,	Krip Loss = 0.573177,	RMSE = 1.258953
	Test cost = 0.970487,	Krip Loss = 0.970487,	RMSE = 2.224411
	Test cost = 0.975855,	Krip Loss = 0.975855,	RMSE = 3.394405
Epoch = 10
	Train cost = 0.578289,	Krip Loss = 0.578289,	RMSE = 1.348299
	Test cost = 0.947855,	Krip Loss = 0.947855,	RMSE = 1.529850
	Test cost = 0.928252,	Krip Loss = 0.928252,	RMSE = 1.580560
Epoch = 11
	Train cost = 0.433553,	Krip Loss = 0.433553,	RMSE = 1.020593
	Test cost = 0.954309,	Krip Loss = 0.954309,	RMSE = 1.476475
	Test cost = 0.949090,	Krip Loss = 0.949090,	RMSE = 1.883252
Epoch = 12
	Train cost = 0.325681,	Krip Loss = 0.325681,	RMSE = 0.797628
	Test cost = 0.949204,	Krip Loss = 0.949204,	RMSE = 1.342730
	Test cost = 0.940092,	Krip Loss = 0.940092,	RMSE = 1.892015
Epoch = 13
	Train cost = 0.266622,	Krip Loss = 0.266622,	RMSE = 0.733098
	Test cost = 0.936873,	Krip Loss = 0.936873,	RMSE = 1.424016
	Test cost = 0.946560,	Krip Loss = 0.946560,	RMSE = 2.217739
Epoch = 14
	Train cost = 0.245163,	Krip Loss = 0.245163,	RMSE = 0.700146
	Test cost = 0.939467,	Krip Loss = 0.939467,	RMSE = 1.439759
	Test cost = 0.946064,	Krip Loss = 0.946064,	RMSE = 2.256205
Epoch = 15
	Train cost = 0.248479,	Krip Loss = 0.248479,	RMSE = 0.712660
	Test cost = 0.964017,	Krip Loss = 0.964017,	RMSE = 1.579086
	Test cost = 0.927920,	Krip Loss = 0.927920,	RMSE = 1.847559
Epoch = 16
	Train cost = 0.240180,	Krip Loss = 0.240180,	RMSE = 0.696142
	Test cost = 0.988851,	Krip Loss = 0.988851,	RMSE = 1.692309
	Test cost = 0.916016,	Krip Loss = 0.916016,	RMSE = 1.575773
Epoch = 17
	Train cost = 0.213275,	Krip Loss = 0.213275,	RMSE = 0.658851
	Test cost = 0.984783,	Krip Loss = 0.984783,	RMSE = 1.558049
	Test cost = 0.931961,	Krip Loss = 0.931961,	RMSE = 1.766332
Epoch = 18
	Train cost = 0.214231,	Krip Loss = 0.214231,	RMSE = 0.659249
	Test cost = 0.962812,	Krip Loss = 0.962812,	RMSE = 1.516838
	Test cost = 0.956152,	Krip Loss = 0.956152,	RMSE = 2.315724
Best Epoch = 13, Best Cost in Test = 0.946560
Written to ../results/result_grul_hog_lr_share_False_drop_0.0_lamb_0.0_fact_None.txt
