nohup: ignoring input
Couldn't import dot_parser, loading of dot files will not be possible.
WARNING (theano.sandbox.cuda): The cuda backend is deprecated and will be removed in the next release.  Please switch to the gpuarray backend. You can get more information about how to switch at this URL:
 https://github.com/Theano/Theano/wiki/Converting-to-the-new-gpu-back-end%28gpuarray%29

Using gpu device 3: GeForce GTX TITAN X (CNMeM is disabled, cuDNN 5103)
hog lr
/usr0/home/hongliay/code/Rapport/data_info/AMT_Batch1_results_large.csv
/usr0/home/hongliay/code/Rapport/data_info/AMT_Batch2_results_large.csv
/usr0/home/hongliay/code/Rapport/data_info/AMT_Batch3_results_large.csv
/usr0/home/hongliay/code/Rapport/data_info/AMT_Batch4_results_large.csv
D10S1
D10S2
D11S1
D11S2
D12S1
D12S2
D16S2
D17S1
D18S1
D3S1
D3S2
D4S1
D4S2
D5S1
D5S2
D6S1
D6S2
D7S1
D7S2
D8S1
D8S2
D9S1
D9S2
[3, 4, 7, 8, 9, 10, 11, 12, 16, 17, 18]
Validation Dyad = 17 	Testing Dyad = 3
RMSE of Average Prediction = 1.113890
(1957, 76, 1360) (179, 76, 1360) (332, 76, 1360)
dec = True model = lstm lambda = 0.0 share = False #class = 1 drop = 0.0 update = adam
Compiling function
Compilation done 1
Compilation done 2
Compilation done 3
Epoch = 1
	Train cost = 0.999702,	Krip Loss = 0.999702,	RMSE = 4.035663
	Test cost = 0.999733,	Krip Loss = 0.999733,	RMSE = 3.419644
	Test cost = 0.999714,	Krip Loss = 0.999714,	RMSE = 3.929659
Epoch = 2
	Train cost = 0.998392,	Krip Loss = 0.998392,	RMSE = 4.004875
	Test cost = 0.999364,	Krip Loss = 0.999364,	RMSE = 3.399695
	Test cost = 0.999159,	Krip Loss = 0.999159,	RMSE = 3.897276
Epoch = 3
	Train cost = 0.996416,	Krip Loss = 0.996416,	RMSE = 3.933199
	Test cost = 0.998614,	Krip Loss = 0.998614,	RMSE = 3.343513
	Test cost = 0.998054,	Krip Loss = 0.998054,	RMSE = 3.815334
Epoch = 4
	Train cost = 0.990490,	Krip Loss = 0.990490,	RMSE = 3.739767
	Test cost = 0.995273,	Krip Loss = 0.995273,	RMSE = 3.106480
	Test cost = 0.992243,	Krip Loss = 0.992243,	RMSE = 3.480724
Epoch = 5
	Train cost = 0.922267,	Krip Loss = 0.922267,	RMSE = 2.651967
	Test cost = 1.000053,	Krip Loss = 1.000053,	RMSE = 2.510636
	Test cost = 0.956057,	Krip Loss = 0.956057,	RMSE = 1.647999
Epoch = 6
	Train cost = 0.793109,	Krip Loss = 0.793109,	RMSE = 1.585730
	Test cost = 1.008443,	Krip Loss = 1.008443,	RMSE = 2.313919
	Test cost = 0.929932,	Krip Loss = 0.929932,	RMSE = 1.296834
Epoch = 7
	Train cost = 0.716951,	Krip Loss = 0.716951,	RMSE = 1.297830
	Test cost = 1.016170,	Krip Loss = 1.016170,	RMSE = 2.252247
	Test cost = 0.944571,	Krip Loss = 0.944571,	RMSE = 1.368759
Epoch = 8
	Train cost = 0.674748,	Krip Loss = 0.674748,	RMSE = 1.241009
	Test cost = 1.027597,	Krip Loss = 1.027597,	RMSE = 2.289530
	Test cost = 0.942800,	Krip Loss = 0.942800,	RMSE = 1.322111
Epoch = 9
	Train cost = 0.627506,	Krip Loss = 0.627506,	RMSE = 1.133878
	Test cost = 1.002681,	Krip Loss = 1.002681,	RMSE = 2.076272
	Test cost = 0.921400,	Krip Loss = 0.921400,	RMSE = 1.422092
Epoch = 10
	Train cost = 0.610300,	Krip Loss = 0.610300,	RMSE = 1.154353
	Test cost = 0.992617,	Krip Loss = 0.992617,	RMSE = 2.032429
	Test cost = 0.949995,	Krip Loss = 0.949995,	RMSE = 1.505711
Epoch = 11
	Train cost = 0.614039,	Krip Loss = 0.614039,	RMSE = 1.157454
	Test cost = 1.022283,	Krip Loss = 1.022283,	RMSE = 1.821117
	Test cost = 0.942339,	Krip Loss = 0.942339,	RMSE = 1.333854
Epoch = 12
	Train cost = 0.614909,	Krip Loss = 0.614909,	RMSE = 1.147494
	Test cost = 1.014814,	Krip Loss = 1.014814,	RMSE = 2.360697
	Test cost = 0.960889,	Krip Loss = 0.960889,	RMSE = 1.641620
Epoch = 13
	Train cost = 0.534128,	Krip Loss = 0.534128,	RMSE = 1.091010
	Test cost = 1.020434,	Krip Loss = 1.020434,	RMSE = 2.149180
	Test cost = 0.970865,	Krip Loss = 0.970865,	RMSE = 1.546141
Epoch = 14
	Train cost = 0.521788,	Krip Loss = 0.521788,	RMSE = 1.048188
	Test cost = 1.034286,	Krip Loss = 1.034286,	RMSE = 2.327547
	Test cost = 0.969295,	Krip Loss = 0.969295,	RMSE = 1.594590
Epoch = 15
	Train cost = 0.586681,	Krip Loss = 0.586681,	RMSE = 1.196593
	Test cost = 0.978655,	Krip Loss = 0.978655,	RMSE = 2.594532
	Test cost = 0.985044,	Krip Loss = 0.985044,	RMSE = 2.202754
Epoch = 16
	Train cost = 0.602986,	Krip Loss = 0.602986,	RMSE = 1.410853
	Test cost = 1.005993,	Krip Loss = 1.005993,	RMSE = 3.039717
	Test cost = 0.984867,	Krip Loss = 0.984867,	RMSE = 1.624258
Epoch = 17
	Train cost = 0.526168,	Krip Loss = 0.526168,	RMSE = 1.227483
	Test cost = 0.954814,	Krip Loss = 0.954814,	RMSE = 1.840066
	Test cost = 0.957125,	Krip Loss = 0.957125,	RMSE = 1.342242
Epoch = 18
	Train cost = 0.452936,	Krip Loss = 0.452936,	RMSE = 0.947298
	Test cost = 0.941816,	Krip Loss = 0.941816,	RMSE = 1.675869
	Test cost = 0.965963,	Krip Loss = 0.965963,	RMSE = 1.492285
Epoch = 19
	Train cost = 0.424879,	Krip Loss = 0.424879,	RMSE = 0.935329
	Test cost = 0.957405,	Krip Loss = 0.957405,	RMSE = 1.464836
	Test cost = 0.968202,	Krip Loss = 0.968202,	RMSE = 1.423234
Epoch = 20
	Train cost = 0.451334,	Krip Loss = 0.451334,	RMSE = 1.001202
	Test cost = 0.966224,	Krip Loss = 0.966224,	RMSE = 1.435385
	Test cost = 0.976567,	Krip Loss = 0.976567,	RMSE = 1.354861
Epoch = 21
	Train cost = 0.467430,	Krip Loss = 0.467430,	RMSE = 1.064907
	Test cost = 0.946469,	Krip Loss = 0.946469,	RMSE = 2.093212
	Test cost = 1.004113,	Krip Loss = 1.004113,	RMSE = 1.833932
Epoch = 22
	Train cost = 0.530999,	Krip Loss = 0.530999,	RMSE = 1.175337
	Test cost = 1.009261,	Krip Loss = 1.009261,	RMSE = 2.617834
	Test cost = 0.984123,	Krip Loss = 0.984123,	RMSE = 1.590692
Epoch = 23
	Train cost = 0.464501,	Krip Loss = 0.464501,	RMSE = 1.150080
	Test cost = 0.949524,	Krip Loss = 0.949524,	RMSE = 1.875570
	Test cost = 0.995158,	Krip Loss = 0.995158,	RMSE = 1.447021
Validation Dyad = 8 	Testing Dyad = 4
RMSE of Average Prediction = 1.380024
(2235, 76, 1360) (138, 76, 1360) (95, 76, 1360)
dec = True model = lstm lambda = 0.0 share = False #class = 1 drop = 0.0 update = adam
Compiling function
Compilation done 1
Compilation done 2
Compilation done 3
Epoch = 1
	Train cost = 0.999749,	Krip Loss = 0.999749,	RMSE = 4.067427
	Test cost = 0.999596,	Krip Loss = 0.999596,	RMSE = 3.056568
	Test cost = 0.999772,	Krip Loss = 0.999772,	RMSE = 2.950752
Epoch = 2
	Train cost = 0.998403,	Krip Loss = 0.998403,	RMSE = 4.031787
	Test cost = 0.999251,	Krip Loss = 0.999251,	RMSE = 3.040390
	Test cost = 0.999529,	Krip Loss = 0.999529,	RMSE = 2.920080
Epoch = 3
	Train cost = 0.995956,	Krip Loss = 0.995956,	RMSE = 3.932241
	Test cost = 0.998358,	Krip Loss = 0.998358,	RMSE = 2.978711
	Test cost = 0.999269,	Krip Loss = 0.999269,	RMSE = 2.824848
Epoch = 4
	Train cost = 0.970302,	Krip Loss = 0.970302,	RMSE = 3.490438
	Test cost = 0.980975,	Krip Loss = 0.980975,	RMSE = 2.375359
	Test cost = 1.015795,	Krip Loss = 1.015795,	RMSE = 1.884740
Epoch = 5
	Train cost = 0.807191,	Krip Loss = 0.807191,	RMSE = 1.561623
	Test cost = 0.971643,	Krip Loss = 0.971643,	RMSE = 2.056849
	Test cost = 1.022972,	Krip Loss = 1.022972,	RMSE = 1.574977
Epoch = 6
	Train cost = 0.866102,	Krip Loss = 0.866102,	RMSE = 2.142245
	Test cost = 0.929639,	Krip Loss = 0.929639,	RMSE = 1.411408
	Test cost = 1.003031,	Krip Loss = 1.003031,	RMSE = 1.416166
Epoch = 7
	Train cost = 0.759287,	Krip Loss = 0.759287,	RMSE = 1.538072
	Test cost = 0.942174,	Krip Loss = 0.942174,	RMSE = 1.585821
	Test cost = 0.992993,	Krip Loss = 0.992993,	RMSE = 1.321474
Epoch = 8
	Train cost = 0.686459,	Krip Loss = 0.686459,	RMSE = 1.228878
	Test cost = 0.933890,	Krip Loss = 0.933890,	RMSE = 1.384155
	Test cost = 0.998190,	Krip Loss = 0.998190,	RMSE = 1.360285
Epoch = 9
	Train cost = 0.722950,	Krip Loss = 0.722950,	RMSE = 1.582610
	Test cost = 0.957528,	Krip Loss = 0.957528,	RMSE = 1.567367
	Test cost = 0.929336,	Krip Loss = 0.929336,	RMSE = 1.375923
Epoch = 10
	Train cost = 0.689368,	Krip Loss = 0.689368,	RMSE = 1.401194
	Test cost = 0.969543,	Krip Loss = 0.969543,	RMSE = 1.844067
	Test cost = 0.912800,	Krip Loss = 0.912800,	RMSE = 1.642923
Epoch = 11
	Train cost = 0.638315,	Krip Loss = 0.638315,	RMSE = 1.300834
	Test cost = 0.976786,	Krip Loss = 0.976786,	RMSE = 1.582493
	Test cost = 0.925299,	Krip Loss = 0.925299,	RMSE = 1.545899
Epoch = 12
	Train cost = 0.601566,	Krip Loss = 0.601566,	RMSE = 1.189600
	Test cost = 0.974542,	Krip Loss = 0.974542,	RMSE = 1.543431
	Test cost = 0.900280,	Krip Loss = 0.900280,	RMSE = 1.368175
Epoch = 13
	Train cost = 0.560428,	Krip Loss = 0.560428,	RMSE = 1.177966
	Test cost = 0.970316,	Krip Loss = 0.970316,	RMSE = 1.491536
	Test cost = 0.912172,	Krip Loss = 0.912172,	RMSE = 1.437059
Epoch = 14
	Train cost = 0.577928,	Krip Loss = 0.577928,	RMSE = 1.136164
	Test cost = 0.965352,	Krip Loss = 0.965352,	RMSE = 1.386381
	Test cost = 0.939720,	Krip Loss = 0.939720,	RMSE = 1.468645
Epoch = 15
	Train cost = 0.560490,	Krip Loss = 0.560490,	RMSE = 1.019964
	Test cost = 0.926851,	Krip Loss = 0.926851,	RMSE = 1.652580
	Test cost = 0.954894,	Krip Loss = 0.954894,	RMSE = 1.269553
Epoch = 16
	Train cost = 0.530568,	Krip Loss = 0.530568,	RMSE = 1.110928
	Test cost = 0.964888,	Krip Loss = 0.964888,	RMSE = 1.504511
	Test cost = 0.950050,	Krip Loss = 0.950050,	RMSE = 1.373202
Epoch = 17
	Train cost = 0.488513,	Krip Loss = 0.488513,	RMSE = 0.993285
	Test cost = 0.964212,	Krip Loss = 0.964212,	RMSE = 1.481952
	Test cost = 0.956900,	Krip Loss = 0.956900,	RMSE = 1.373517
Epoch = 18
	Train cost = 0.541512,	Krip Loss = 0.541512,	RMSE = 1.068499
	Test cost = 0.986349,	Krip Loss = 0.986349,	RMSE = 2.044155
	Test cost = 0.930630,	Krip Loss = 0.930630,	RMSE = 1.610116
Epoch = 19
	Train cost = 0.457861,	Krip Loss = 0.457861,	RMSE = 1.021437
	Test cost = 1.003386,	Krip Loss = 1.003386,	RMSE = 1.873216
	Test cost = 0.934796,	Krip Loss = 0.934796,	RMSE = 1.782202
Epoch = 20
	Train cost = 0.457685,	Krip Loss = 0.457685,	RMSE = 1.020702
	Test cost = 0.995739,	Krip Loss = 0.995739,	RMSE = 2.120107
	Test cost = 0.948560,	Krip Loss = 0.948560,	RMSE = 1.923651
Validation Dyad = 3 	Testing Dyad = 7
RMSE of Average Prediction = 1.104264
(1750, 76, 1360) (332, 76, 1360) (386, 76, 1360)
dec = True model = lstm lambda = 0.0 share = False #class = 1 drop = 0.0 update = adam
Compiling function
Compilation done 1
Compilation done 2
Compilation done 3
Epoch = 1
	Train cost = 0.999673,	Krip Loss = 0.999673,	RMSE = 3.928579
	Test cost = 0.999695,	Krip Loss = 0.999695,	RMSE = 3.916854
	Test cost = 0.999995,	Krip Loss = 0.999995,	RMSE = 4.240616
Epoch = 2
	Train cost = 0.998229,	Krip Loss = 0.998229,	RMSE = 3.907463
	Test cost = 0.999198,	Krip Loss = 0.999198,	RMSE = 3.878163
	Test cost = 0.999997,	Krip Loss = 0.999997,	RMSE = 4.199622
Epoch = 3
	Train cost = 0.996237,	Krip Loss = 0.996237,	RMSE = 3.856262
	Test cost = 0.998299,	Krip Loss = 0.998299,	RMSE = 3.796162
	Test cost = 0.999982,	Krip Loss = 0.999982,	RMSE = 4.119448
Epoch = 4
	Train cost = 0.991522,	Krip Loss = 0.991522,	RMSE = 3.732833
	Test cost = 0.995036,	Krip Loss = 0.995036,	RMSE = 3.546660
	Test cost = 0.999855,	Krip Loss = 0.999855,	RMSE = 3.890949
Epoch = 5
	Train cost = 0.920898,	Krip Loss = 0.920898,	RMSE = 3.115631
	Test cost = 0.945927,	Krip Loss = 0.945927,	RMSE = 1.944259
	Test cost = 1.009033,	Krip Loss = 1.009033,	RMSE = 1.919174
Epoch = 6
	Train cost = 0.812850,	Krip Loss = 0.812850,	RMSE = 1.730566
	Test cost = 0.954791,	Krip Loss = 0.954791,	RMSE = 1.597188
	Test cost = 1.009450,	Krip Loss = 1.009450,	RMSE = 1.639369
Epoch = 7
	Train cost = 0.836374,	Krip Loss = 0.836374,	RMSE = 1.736032
	Test cost = 0.981381,	Krip Loss = 0.981381,	RMSE = 1.783305
	Test cost = 1.022650,	Krip Loss = 1.022650,	RMSE = 1.397587
Epoch = 8
	Train cost = 0.695375,	Krip Loss = 0.695375,	RMSE = 1.425314
	Test cost = 0.963864,	Krip Loss = 0.963864,	RMSE = 1.658597
	Test cost = 1.006351,	Krip Loss = 1.006351,	RMSE = 1.424946
Epoch = 9
	Train cost = 0.642766,	Krip Loss = 0.642766,	RMSE = 1.312740
	Test cost = 0.970723,	Krip Loss = 0.970723,	RMSE = 1.743781
	Test cost = 1.000226,	Krip Loss = 1.000226,	RMSE = 1.394178
Epoch = 10
	Train cost = 0.583683,	Krip Loss = 0.583683,	RMSE = 1.207381
	Test cost = 0.945049,	Krip Loss = 0.945049,	RMSE = 1.461844
	Test cost = 0.991637,	Krip Loss = 0.991637,	RMSE = 1.368051
Epoch = 11
	Train cost = 0.532736,	Krip Loss = 0.532736,	RMSE = 1.075257
	Test cost = 0.953687,	Krip Loss = 0.953687,	RMSE = 1.579791
	Test cost = 1.004336,	Krip Loss = 1.004336,	RMSE = 1.446323
Epoch = 12
	Train cost = 0.511842,	Krip Loss = 0.511842,	RMSE = 1.055368
	Test cost = 0.946945,	Krip Loss = 0.946945,	RMSE = 1.530359
	Test cost = 1.001543,	Krip Loss = 1.001543,	RMSE = 1.582826
Epoch = 13
	Train cost = 0.509701,	Krip Loss = 0.509701,	RMSE = 1.036485
	Test cost = 0.968328,	Krip Loss = 0.968328,	RMSE = 1.791912
	Test cost = 1.002428,	Krip Loss = 1.002428,	RMSE = 1.749426
Epoch = 14
	Train cost = 0.543959,	Krip Loss = 0.543959,	RMSE = 1.156598
	Test cost = 0.958173,	Krip Loss = 0.958173,	RMSE = 1.524001
	Test cost = 1.007571,	Krip Loss = 1.007571,	RMSE = 1.658372
Epoch = 15
	Train cost = 0.535687,	Krip Loss = 0.535687,	RMSE = 1.042184
	Test cost = 0.929162,	Krip Loss = 0.929162,	RMSE = 1.328819
	Test cost = 0.980363,	Krip Loss = 0.980363,	RMSE = 1.426783
Epoch = 16
	Train cost = 0.472634,	Krip Loss = 0.472634,	RMSE = 0.901845
	Test cost = 0.927515,	Krip Loss = 0.927515,	RMSE = 1.479079
	Test cost = 0.978254,	Krip Loss = 0.978254,	RMSE = 1.619738
Epoch = 17
	Train cost = 0.490856,	Krip Loss = 0.490856,	RMSE = 1.010599
	Test cost = 0.930753,	Krip Loss = 0.930753,	RMSE = 1.394313
	Test cost = 0.987426,	Krip Loss = 0.987426,	RMSE = 1.411434
Epoch = 18
	Train cost = 0.484591,	Krip Loss = 0.484591,	RMSE = 1.089732
	Test cost = 0.955780,	Krip Loss = 0.955780,	RMSE = 1.570543
	Test cost = 0.993958,	Krip Loss = 0.993958,	RMSE = 1.591429
Epoch = 19
	Train cost = 0.464068,	Krip Loss = 0.464068,	RMSE = 1.078911
	Test cost = 0.959237,	Krip Loss = 0.959237,	RMSE = 1.803032
	Test cost = 1.006726,	Krip Loss = 1.006726,	RMSE = 1.976641
Epoch = 20
	Train cost = 0.498752,	Krip Loss = 0.498752,	RMSE = 1.124334
	Test cost = 0.928768,	Krip Loss = 0.928768,	RMSE = 1.495125
	Test cost = 0.994519,	Krip Loss = 0.994519,	RMSE = 1.506911
Epoch = 21
	Train cost = 0.421928,	Krip Loss = 0.421928,	RMSE = 0.918114
	Test cost = 0.910412,	Krip Loss = 0.910412,	RMSE = 1.267442
	Test cost = 0.974966,	Krip Loss = 0.974966,	RMSE = 1.393593
Epoch = 22
	Train cost = 0.375281,	Krip Loss = 0.375281,	RMSE = 0.883173
	Test cost = 0.934503,	Krip Loss = 0.934503,	RMSE = 1.318245
	Test cost = 0.991044,	Krip Loss = 0.991044,	RMSE = 1.415866
Epoch = 23
	Train cost = 0.350811,	Krip Loss = 0.350811,	RMSE = 0.844641
	Test cost = 0.964201,	Krip Loss = 0.964201,	RMSE = 1.699314
	Test cost = 1.004125,	Krip Loss = 1.004125,	RMSE = 1.828382
Epoch = 24
	Train cost = 0.375646,	Krip Loss = 0.375646,	RMSE = 0.953937
	Test cost = 0.938658,	Krip Loss = 0.938658,	RMSE = 1.232345
	Test cost = 0.992221,	Krip Loss = 0.992221,	RMSE = 1.399458
Epoch = 25
	Train cost = 0.345056,	Krip Loss = 0.345056,	RMSE = 0.811260
	Test cost = 0.925529,	Krip Loss = 0.925529,	RMSE = 1.464165
	Test cost = 0.990335,	Krip Loss = 0.990335,	RMSE = 1.601214
Epoch = 26
	Train cost = 0.393425,	Krip Loss = 0.393425,	RMSE = 0.907642
	Test cost = 0.954066,	Krip Loss = 0.954066,	RMSE = 1.237143
	Test cost = 0.984956,	Krip Loss = 0.984956,	RMSE = 1.476523
Validation Dyad = 16 	Testing Dyad = 8
RMSE of Average Prediction = 1.254867
(2129, 76, 1360) (201, 76, 1360) (138, 76, 1360)
dec = True model = lstm lambda = 0.0 share = False #class = 1 drop = 0.0 update = adam
Compiling function
Compilation done 1
Compilation done 2
Compilation done 3
Epoch = 1
	Train cost = 0.999758,	Krip Loss = 0.999758,	RMSE = 4.077734
	Test cost = 0.999353,	Krip Loss = 0.999353,	RMSE = 3.402836
	Test cost = 0.999541,	Krip Loss = 0.999541,	RMSE = 3.054897
Epoch = 2
	Train cost = 0.998457,	Krip Loss = 0.998457,	RMSE = 4.043667
	Test cost = 0.998857,	Krip Loss = 0.998857,	RMSE = 3.348953
	Test cost = 0.999209,	Krip Loss = 0.999209,	RMSE = 3.042752
Epoch = 3
	Train cost = 0.996417,	Krip Loss = 0.996417,	RMSE = 3.961147
	Test cost = 0.997702,	Krip Loss = 0.997702,	RMSE = 3.230838
	Test cost = 0.998476,	Krip Loss = 0.998476,	RMSE = 3.000959
Epoch = 4
	Train cost = 0.988097,	Krip Loss = 0.988097,	RMSE = 3.694549
	Test cost = 0.989082,	Krip Loss = 0.989082,	RMSE = 2.703158
	Test cost = 0.994691,	Krip Loss = 0.994691,	RMSE = 2.768377
Epoch = 5
	Train cost = 0.893593,	Krip Loss = 0.893593,	RMSE = 2.147757
	Test cost = 0.916898,	Krip Loss = 0.916898,	RMSE = 1.362239
	Test cost = 0.963101,	Krip Loss = 0.963101,	RMSE = 1.651666
Epoch = 6
	Train cost = 0.822179,	Krip Loss = 0.822179,	RMSE = 1.609345
	Test cost = 0.877464,	Krip Loss = 0.877464,	RMSE = 1.274154
	Test cost = 0.975915,	Krip Loss = 0.975915,	RMSE = 1.832451
Epoch = 7
	Train cost = 0.788259,	Krip Loss = 0.788259,	RMSE = 1.736694
	Test cost = 0.950632,	Krip Loss = 0.950632,	RMSE = 1.923671
	Test cost = 0.947445,	Krip Loss = 0.947445,	RMSE = 1.487438
Epoch = 8
	Train cost = 0.720667,	Krip Loss = 0.720667,	RMSE = 1.549917
	Test cost = 0.953573,	Krip Loss = 0.953573,	RMSE = 2.039868
	Test cost = 0.955222,	Krip Loss = 0.955222,	RMSE = 1.510682
Epoch = 9
	Train cost = 0.675771,	Krip Loss = 0.675771,	RMSE = 1.418907
	Test cost = 0.932966,	Krip Loss = 0.932966,	RMSE = 1.844162
	Test cost = 0.964813,	Krip Loss = 0.964813,	RMSE = 1.457338
Epoch = 10
	Train cost = 0.636773,	Krip Loss = 0.636773,	RMSE = 1.332287
	Test cost = 0.940193,	Krip Loss = 0.940193,	RMSE = 1.843753
	Test cost = 0.982226,	Krip Loss = 0.982226,	RMSE = 1.417067
Epoch = 11
	Train cost = 0.600125,	Krip Loss = 0.600125,	RMSE = 1.264625
	Test cost = 0.936525,	Krip Loss = 0.936525,	RMSE = 1.767450
	Test cost = 0.993558,	Krip Loss = 0.993558,	RMSE = 1.533450
Epoch = 12
	Train cost = 0.606975,	Krip Loss = 0.606975,	RMSE = 1.234924
	Test cost = 0.908911,	Krip Loss = 0.908911,	RMSE = 1.276778
	Test cost = 1.020262,	Krip Loss = 1.020262,	RMSE = 1.374035
Epoch = 13
	Train cost = 0.538711,	Krip Loss = 0.538711,	RMSE = 1.059826
	Test cost = 0.884878,	Krip Loss = 0.884878,	RMSE = 1.435865
	Test cost = 1.032016,	Krip Loss = 1.032016,	RMSE = 1.647634
Epoch = 14
	Train cost = 0.534832,	Krip Loss = 0.534832,	RMSE = 1.105288
	Test cost = 0.900808,	Krip Loss = 0.900808,	RMSE = 1.279819
	Test cost = 1.041792,	Krip Loss = 1.041792,	RMSE = 1.509409
Epoch = 15
	Train cost = 0.494827,	Krip Loss = 0.494827,	RMSE = 1.005219
	Test cost = 0.930869,	Krip Loss = 0.930869,	RMSE = 1.578457
	Test cost = 1.024634,	Krip Loss = 1.024634,	RMSE = 2.002116
Epoch = 16
	Train cost = 0.523103,	Krip Loss = 0.523103,	RMSE = 1.094843
	Test cost = 0.918441,	Krip Loss = 0.918441,	RMSE = 1.256088
	Test cost = 1.029402,	Krip Loss = 1.029402,	RMSE = 1.358132
Validation Dyad = 12 	Testing Dyad = 9
RMSE of Average Prediction = 1.701513
(2126, 76, 1360) (28, 76, 1360) (314, 76, 1360)
dec = True model = lstm lambda = 0.0 share = False #class = 1 drop = 0.0 update = adam
Compiling function
Compilation done 1
Compilation done 2
Compilation done 3
Epoch = 1
	Train cost = 0.999746,	Krip Loss = 0.999746,	RMSE = 3.964902
	Test cost = 0.999848,	Krip Loss = 0.999848,	RMSE = 5.341138
	Test cost = 0.999180,	Krip Loss = 0.999180,	RMSE = 3.907779
Epoch = 2
	Train cost = 0.998372,	Krip Loss = 0.998372,	RMSE = 3.923183
	Test cost = 0.999746,	Krip Loss = 0.999746,	RMSE = 5.283864
	Test cost = 0.998505,	Krip Loss = 0.998505,	RMSE = 3.889254
Epoch = 3
	Train cost = 0.996186,	Krip Loss = 0.996186,	RMSE = 3.831021
	Test cost = 0.999615,	Krip Loss = 0.999615,	RMSE = 5.145791
	Test cost = 0.997173,	Krip Loss = 0.997173,	RMSE = 3.826014
Epoch = 4
	Train cost = 0.985944,	Krip Loss = 0.985944,	RMSE = 3.528110
	Test cost = 1.000850,	Krip Loss = 1.000850,	RMSE = 4.292479
	Test cost = 0.989519,	Krip Loss = 0.989519,	RMSE = 3.399712
Epoch = 5
	Train cost = 0.876458,	Krip Loss = 0.876458,	RMSE = 1.887012
	Test cost = 0.999332,	Krip Loss = 0.999332,	RMSE = 2.699349
	Test cost = 0.957843,	Krip Loss = 0.957843,	RMSE = 2.345922
Epoch = 6
	Train cost = 0.875873,	Krip Loss = 0.875873,	RMSE = 1.987772
	Test cost = 0.963750,	Krip Loss = 0.963750,	RMSE = 0.780083
	Test cost = 0.880821,	Krip Loss = 0.880821,	RMSE = 1.457804
Epoch = 7
	Train cost = 0.805920,	Krip Loss = 0.805920,	RMSE = 1.688295
	Test cost = 0.991116,	Krip Loss = 0.991116,	RMSE = 1.229077
	Test cost = 0.921548,	Krip Loss = 0.921548,	RMSE = 1.884696
Epoch = 8
	Train cost = 0.733843,	Krip Loss = 0.733843,	RMSE = 1.458709
	Test cost = 1.013769,	Krip Loss = 1.013769,	RMSE = 1.501080
	Test cost = 0.940343,	Krip Loss = 0.940343,	RMSE = 2.046291
Epoch = 9
	Train cost = 0.679176,	Krip Loss = 0.679176,	RMSE = 1.263090
	Test cost = 1.021118,	Krip Loss = 1.021118,	RMSE = 1.536689
	Test cost = 0.947969,	Krip Loss = 0.947969,	RMSE = 1.617415
Epoch = 10
	Train cost = 0.660292,	Krip Loss = 0.660292,	RMSE = 1.254740
	Test cost = 1.015916,	Krip Loss = 1.015916,	RMSE = 1.015036
	Test cost = 0.943999,	Krip Loss = 0.943999,	RMSE = 1.216952
Epoch = 11
	Train cost = 0.653817,	Krip Loss = 0.653817,	RMSE = 1.163307
	Test cost = 1.007080,	Krip Loss = 1.007080,	RMSE = 2.193607
	Test cost = 0.967441,	Krip Loss = 0.967441,	RMSE = 1.999707
Epoch = 12
	Train cost = 0.622453,	Krip Loss = 0.622453,	RMSE = 1.300572
	Test cost = 1.042839,	Krip Loss = 1.042839,	RMSE = 1.640479
	Test cost = 0.953378,	Krip Loss = 0.953378,	RMSE = 1.316463
Epoch = 13
	Train cost = 0.551164,	Krip Loss = 0.551164,	RMSE = 1.025341
	Test cost = 1.034614,	Krip Loss = 1.034614,	RMSE = 1.771441
	Test cost = 0.957978,	Krip Loss = 0.957978,	RMSE = 1.481714
Epoch = 14
	Train cost = 0.562331,	Krip Loss = 0.562331,	RMSE = 1.165488
	Test cost = 1.099584,	Krip Loss = 1.099584,	RMSE = 1.428794
	Test cost = 1.004663,	Krip Loss = 1.004663,	RMSE = 1.230804
Epoch = 15
	Train cost = 0.525527,	Krip Loss = 0.525527,	RMSE = 1.161137
	Test cost = 1.116023,	Krip Loss = 1.116023,	RMSE = 1.230100
	Test cost = 0.973669,	Krip Loss = 0.973669,	RMSE = 1.842806
Epoch = 16
	Train cost = 0.622066,	Krip Loss = 0.622066,	RMSE = 1.371374
	Test cost = 1.137881,	Krip Loss = 1.137881,	RMSE = 1.067915
	Test cost = 0.956770,	Krip Loss = 0.956770,	RMSE = 1.625457
Validation Dyad = 11 	Testing Dyad = 10
RMSE of Average Prediction = 1.332671
(1840, 76, 1360) (324, 76, 1360) (304, 76, 1360)
dec = True model = lstm lambda = 0.0 share = False #class = 1 drop = 0.0 update = adam
Compiling function
Compilation done 1
Compilation done 2
Compilation done 3
Epoch = 1
	Train cost = 0.999614,	Krip Loss = 0.999614,	RMSE = 3.725643
	Test cost = 0.999840,	Krip Loss = 0.999840,	RMSE = 4.513539
	Test cost = 0.999576,	Krip Loss = 0.999576,	RMSE = 4.735825
Epoch = 2
	Train cost = 0.997979,	Krip Loss = 0.997979,	RMSE = 3.694908
	Test cost = 0.999812,	Krip Loss = 0.999812,	RMSE = 4.478166
	Test cost = 0.999033,	Krip Loss = 0.999033,	RMSE = 4.664944
Epoch = 3
	Train cost = 0.995498,	Krip Loss = 0.995498,	RMSE = 3.623812
	Test cost = 0.999752,	Krip Loss = 0.999752,	RMSE = 4.396983
	Test cost = 0.998013,	Krip Loss = 0.998013,	RMSE = 4.519499
Epoch = 4
	Train cost = 0.988070,	Krip Loss = 0.988070,	RMSE = 3.433201
	Test cost = 0.999584,	Krip Loss = 0.999584,	RMSE = 4.110982
	Test cost = 0.993570,	Krip Loss = 0.993570,	RMSE = 3.992857
Epoch = 5
	Train cost = 0.897915,	Krip Loss = 0.897915,	RMSE = 2.495047
	Test cost = 1.000766,	Krip Loss = 1.000766,	RMSE = 2.315692
	Test cost = 0.908257,	Krip Loss = 0.908257,	RMSE = 1.851457
Epoch = 6
	Train cost = 0.818321,	Krip Loss = 0.818321,	RMSE = 1.694556
	Test cost = 1.010290,	Krip Loss = 1.010290,	RMSE = 2.240078
	Test cost = 0.918302,	Krip Loss = 0.918302,	RMSE = 1.930301
Epoch = 7
	Train cost = 0.768631,	Krip Loss = 0.768631,	RMSE = 1.481322
	Test cost = 1.006607,	Krip Loss = 1.006607,	RMSE = 1.690516
	Test cost = 0.900222,	Krip Loss = 0.900222,	RMSE = 1.681948
Epoch = 8
	Train cost = 0.724163,	Krip Loss = 0.724163,	RMSE = 1.382354
	Test cost = 0.990003,	Krip Loss = 0.990003,	RMSE = 1.382450
	Test cost = 0.884246,	Krip Loss = 0.884246,	RMSE = 1.576451
Epoch = 9
	Train cost = 0.687999,	Krip Loss = 0.687999,	RMSE = 1.378776
	Test cost = 0.990068,	Krip Loss = 0.990068,	RMSE = 1.504181
	Test cost = 0.880467,	Krip Loss = 0.880467,	RMSE = 1.571936
Epoch = 10
	Train cost = 0.654742,	Krip Loss = 0.654742,	RMSE = 1.254264
	Test cost = 0.973430,	Krip Loss = 0.973430,	RMSE = 1.209533
	Test cost = 0.867564,	Krip Loss = 0.867564,	RMSE = 1.523952
Epoch = 11
	Train cost = 0.619617,	Krip Loss = 0.619617,	RMSE = 1.315821
	Test cost = 0.983497,	Krip Loss = 0.983497,	RMSE = 1.757754
	Test cost = 0.887532,	Krip Loss = 0.887532,	RMSE = 1.654092
Epoch = 12
	Train cost = 0.597782,	Krip Loss = 0.597782,	RMSE = 1.164440
	Test cost = 0.980399,	Krip Loss = 0.980399,	RMSE = 1.688200
	Test cost = 0.869607,	Krip Loss = 0.869607,	RMSE = 1.706338
Epoch = 13
	Train cost = 0.582202,	Krip Loss = 0.582202,	RMSE = 1.176523
	Test cost = 0.971021,	Krip Loss = 0.971021,	RMSE = 1.843809
	Test cost = 0.934623,	Krip Loss = 0.934623,	RMSE = 1.898251
Epoch = 14
	Train cost = 0.529572,	Krip Loss = 0.529572,	RMSE = 1.068195
	Test cost = 0.951733,	Krip Loss = 0.951733,	RMSE = 1.565401
	Test cost = 0.898483,	Krip Loss = 0.898483,	RMSE = 1.701432
Epoch = 15
	Train cost = 0.538401,	Krip Loss = 0.538401,	RMSE = 1.092502
	Test cost = 0.952542,	Krip Loss = 0.952542,	RMSE = 1.620612
	Test cost = 0.915582,	Krip Loss = 0.915582,	RMSE = 1.763510
Epoch = 16
	Train cost = 0.510562,	Krip Loss = 0.510562,	RMSE = 1.077153
	Test cost = 0.930660,	Krip Loss = 0.930660,	RMSE = 1.301350
	Test cost = 0.910322,	Krip Loss = 0.910322,	RMSE = 1.530861
Epoch = 17
	Train cost = 0.560488,	Krip Loss = 0.560488,	RMSE = 1.206366
	Test cost = 0.944102,	Krip Loss = 0.944102,	RMSE = 1.268047
	Test cost = 0.859990,	Krip Loss = 0.859990,	RMSE = 1.319989
Epoch = 18
	Train cost = 0.637079,	Krip Loss = 0.637079,	RMSE = 1.326986
	Test cost = 0.944797,	Krip Loss = 0.944797,	RMSE = 1.157605
	Test cost = 0.844217,	Krip Loss = 0.844217,	RMSE = 1.208468
Epoch = 19
	Train cost = 0.613279,	Krip Loss = 0.613279,	RMSE = 1.388340
	Test cost = 0.969992,	Krip Loss = 0.969992,	RMSE = 1.515375
	Test cost = 0.909281,	Krip Loss = 0.909281,	RMSE = 1.630633
Epoch = 20
	Train cost = 0.490649,	Krip Loss = 0.490649,	RMSE = 1.065803
	Test cost = 0.961240,	Krip Loss = 0.961240,	RMSE = 1.572490
	Test cost = 0.891739,	Krip Loss = 0.891739,	RMSE = 1.637335
Epoch = 21
	Train cost = 0.427922,	Krip Loss = 0.427922,	RMSE = 1.012896
	Test cost = 0.949757,	Krip Loss = 0.949757,	RMSE = 1.329544
	Test cost = 0.875445,	Krip Loss = 0.875445,	RMSE = 1.452312
Validation Dyad = 10 	Testing Dyad = 11
RMSE of Average Prediction = 1.429377
(1840, 76, 1360) (304, 76, 1360) (324, 76, 1360)
dec = True model = lstm lambda = 0.0 share = False #class = 1 drop = 0.0 update = adam
Compiling function
Compilation done 1
Compilation done 2
Compilation done 3
Epoch = 1
	Train cost = 0.999614,	Krip Loss = 0.999614,	RMSE = 3.725643
	Test cost = 0.999576,	Krip Loss = 0.999576,	RMSE = 4.735825
	Test cost = 0.999840,	Krip Loss = 0.999840,	RMSE = 4.513539
Epoch = 2
	Train cost = 0.997979,	Krip Loss = 0.997979,	RMSE = 3.694908
	Test cost = 0.999033,	Krip Loss = 0.999033,	RMSE = 4.664944
	Test cost = 0.999812,	Krip Loss = 0.999812,	RMSE = 4.478166
Epoch = 3
	Train cost = 0.995498,	Krip Loss = 0.995498,	RMSE = 3.623812
	Test cost = 0.998013,	Krip Loss = 0.998013,	RMSE = 4.519499
	Test cost = 0.999752,	Krip Loss = 0.999752,	RMSE = 4.396983
Epoch = 4
	Train cost = 0.988070,	Krip Loss = 0.988070,	RMSE = 3.433201
	Test cost = 0.993570,	Krip Loss = 0.993570,	RMSE = 3.992857
	Test cost = 0.999584,	Krip Loss = 0.999584,	RMSE = 4.110982
Epoch = 5
	Train cost = 0.897915,	Krip Loss = 0.897915,	RMSE = 2.495047
	Test cost = 0.908257,	Krip Loss = 0.908257,	RMSE = 1.851457
	Test cost = 1.000766,	Krip Loss = 1.000766,	RMSE = 2.315692
Epoch = 6
	Train cost = 0.818321,	Krip Loss = 0.818321,	RMSE = 1.694556
	Test cost = 0.918302,	Krip Loss = 0.918302,	RMSE = 1.930301
	Test cost = 1.010290,	Krip Loss = 1.010290,	RMSE = 2.240078
Epoch = 7
	Train cost = 0.768631,	Krip Loss = 0.768631,	RMSE = 1.481322
	Test cost = 0.900222,	Krip Loss = 0.900222,	RMSE = 1.681948
	Test cost = 1.006607,	Krip Loss = 1.006607,	RMSE = 1.690516
Epoch = 8
	Train cost = 0.724163,	Krip Loss = 0.724163,	RMSE = 1.382354
	Test cost = 0.884246,	Krip Loss = 0.884246,	RMSE = 1.576451
	Test cost = 0.990003,	Krip Loss = 0.990003,	RMSE = 1.382450
Epoch = 9
	Train cost = 0.687999,	Krip Loss = 0.687999,	RMSE = 1.378776
	Test cost = 0.880467,	Krip Loss = 0.880467,	RMSE = 1.571936
	Test cost = 0.990068,	Krip Loss = 0.990068,	RMSE = 1.504181
Epoch = 10
	Train cost = 0.654742,	Krip Loss = 0.654742,	RMSE = 1.254264
	Test cost = 0.867564,	Krip Loss = 0.867564,	RMSE = 1.523952
	Test cost = 0.973430,	Krip Loss = 0.973430,	RMSE = 1.209533
Epoch = 11
	Train cost = 0.619617,	Krip Loss = 0.619617,	RMSE = 1.315821
	Test cost = 0.887532,	Krip Loss = 0.887532,	RMSE = 1.654092
	Test cost = 0.983497,	Krip Loss = 0.983497,	RMSE = 1.757754
Epoch = 12
	Train cost = 0.597782,	Krip Loss = 0.597782,	RMSE = 1.164440
	Test cost = 0.869607,	Krip Loss = 0.869607,	RMSE = 1.706338
	Test cost = 0.980399,	Krip Loss = 0.980399,	RMSE = 1.688200
Epoch = 13
	Train cost = 0.582202,	Krip Loss = 0.582202,	RMSE = 1.176523
	Test cost = 0.934623,	Krip Loss = 0.934623,	RMSE = 1.898251
	Test cost = 0.971021,	Krip Loss = 0.971021,	RMSE = 1.843809
Epoch = 14
	Train cost = 0.529572,	Krip Loss = 0.529572,	RMSE = 1.068195
	Test cost = 0.898483,	Krip Loss = 0.898483,	RMSE = 1.701432
	Test cost = 0.951733,	Krip Loss = 0.951733,	RMSE = 1.565401
Epoch = 15
	Train cost = 0.538401,	Krip Loss = 0.538401,	RMSE = 1.092502
	Test cost = 0.915582,	Krip Loss = 0.915582,	RMSE = 1.763510
	Test cost = 0.952542,	Krip Loss = 0.952542,	RMSE = 1.620612
Epoch = 16
	Train cost = 0.510562,	Krip Loss = 0.510562,	RMSE = 1.077153
	Test cost = 0.910322,	Krip Loss = 0.910322,	RMSE = 1.530861
	Test cost = 0.930660,	Krip Loss = 0.930660,	RMSE = 1.301350
Validation Dyad = 4 	Testing Dyad = 12
RMSE of Average Prediction = 1.712594
(2345, 76, 1360) (95, 76, 1360) (28, 76, 1360)
dec = True model = lstm lambda = 0.0 share = False #class = 1 drop = 0.0 update = adam
Compiling function
Compilation done 1
Compilation done 2
Compilation done 3
Epoch = 1
	Train cost = 0.999688,	Krip Loss = 0.999688,	RMSE = 3.993741
	Test cost = 0.999889,	Krip Loss = 0.999889,	RMSE = 2.946440
	Test cost = 0.999752,	Krip Loss = 0.999752,	RMSE = 5.328642
Epoch = 2
	Train cost = 0.998147,	Krip Loss = 0.998147,	RMSE = 3.948898
	Test cost = 0.999840,	Krip Loss = 0.999840,	RMSE = 2.911758
	Test cost = 0.999484,	Krip Loss = 0.999484,	RMSE = 5.240350
Epoch = 3
	Train cost = 0.995062,	Krip Loss = 0.995062,	RMSE = 3.828987
	Test cost = 1.000136,	Krip Loss = 1.000136,	RMSE = 2.794464
	Test cost = 0.998905,	Krip Loss = 0.998905,	RMSE = 4.983478
Epoch = 4
	Train cost = 0.945112,	Krip Loss = 0.945112,	RMSE = 3.200636
	Test cost = 1.016064,	Krip Loss = 1.016064,	RMSE = 1.705256
	Test cost = 0.957644,	Krip Loss = 0.957644,	RMSE = 1.624537
Epoch = 5
	Train cost = 0.835848,	Krip Loss = 0.835848,	RMSE = 1.572674
	Test cost = 1.029619,	Krip Loss = 1.029619,	RMSE = 1.583052
	Test cost = 0.989928,	Krip Loss = 0.989928,	RMSE = 2.324610
Epoch = 6
	Train cost = 0.871448,	Krip Loss = 0.871448,	RMSE = 1.948019
	Test cost = 1.034074,	Krip Loss = 1.034074,	RMSE = 1.431136
	Test cost = 0.973393,	Krip Loss = 0.973393,	RMSE = 1.234397
Epoch = 7
	Train cost = 0.779794,	Krip Loss = 0.779794,	RMSE = 1.423405
	Test cost = 1.009015,	Krip Loss = 1.009015,	RMSE = 1.308233
	Test cost = 0.998129,	Krip Loss = 0.998129,	RMSE = 1.196705
Epoch = 8
	Train cost = 0.711888,	Krip Loss = 0.711888,	RMSE = 1.311098
	Test cost = 0.996881,	Krip Loss = 0.996881,	RMSE = 1.359084
	Test cost = 1.040004,	Krip Loss = 1.040004,	RMSE = 0.934624
Epoch = 9
	Train cost = 0.704501,	Krip Loss = 0.704501,	RMSE = 1.400744
	Test cost = 0.972383,	Krip Loss = 0.972383,	RMSE = 1.510220
	Test cost = 1.089796,	Krip Loss = 1.089796,	RMSE = 1.083430
Epoch = 10
	Train cost = 0.668032,	Krip Loss = 0.668032,	RMSE = 1.362751
	Test cost = 0.951043,	Krip Loss = 0.951043,	RMSE = 1.820795
	Test cost = 1.058439,	Krip Loss = 1.058439,	RMSE = 1.578800
Epoch = 11
	Train cost = 0.673029,	Krip Loss = 0.673029,	RMSE = 1.536674
	Test cost = 0.921251,	Krip Loss = 0.921251,	RMSE = 1.461102
	Test cost = 1.123027,	Krip Loss = 1.123027,	RMSE = 1.002103
Epoch = 12
	Train cost = 0.644044,	Krip Loss = 0.644044,	RMSE = 1.292308
	Test cost = 0.922602,	Krip Loss = 0.922602,	RMSE = 1.319046
	Test cost = 1.005759,	Krip Loss = 1.005759,	RMSE = 1.419636
Epoch = 13
	Train cost = 0.579805,	Krip Loss = 0.579805,	RMSE = 1.074064
	Test cost = 0.956645,	Krip Loss = 0.956645,	RMSE = 1.299674
	Test cost = 0.978639,	Krip Loss = 0.978639,	RMSE = 1.607948
Epoch = 14
	Train cost = 0.530838,	Krip Loss = 0.530838,	RMSE = 1.022554
	Test cost = 0.979224,	Krip Loss = 0.979224,	RMSE = 1.321213
	Test cost = 0.965633,	Krip Loss = 0.965633,	RMSE = 1.669189
Epoch = 15
	Train cost = 0.499078,	Krip Loss = 0.499078,	RMSE = 0.969813
	Test cost = 1.001772,	Krip Loss = 1.001772,	RMSE = 1.612948
	Test cost = 0.958149,	Krip Loss = 0.958149,	RMSE = 2.249744
Epoch = 16
	Train cost = 0.506320,	Krip Loss = 0.506320,	RMSE = 1.028548
	Test cost = 1.003413,	Krip Loss = 1.003413,	RMSE = 1.769727
	Test cost = 0.937243,	Krip Loss = 0.937243,	RMSE = 2.305534
Validation Dyad = 18 	Testing Dyad = 16
RMSE of Average Prediction = 1.688062
(2100, 76, 1360) (167, 76, 1360) (201, 76, 1360)
dec = True model = lstm lambda = 0.0 share = False #class = 1 drop = 0.0 update = adam
Compiling function
Compilation done 1
Compilation done 2
Compilation done 3
Epoch = 1
	Train cost = 0.999668,	Krip Loss = 0.999668,	RMSE = 4.101755
	Test cost = 0.999744,	Krip Loss = 0.999744,	RMSE = 2.826098
	Test cost = 0.999176,	Krip Loss = 0.999176,	RMSE = 3.400484
Epoch = 2
	Train cost = 0.998202,	Krip Loss = 0.998202,	RMSE = 4.068325
	Test cost = 0.999352,	Krip Loss = 0.999352,	RMSE = 2.774277
	Test cost = 0.998277,	Krip Loss = 0.998277,	RMSE = 3.345001
Epoch = 3
	Train cost = 0.995815,	Krip Loss = 0.995815,	RMSE = 3.984648
	Test cost = 0.998376,	Krip Loss = 0.998376,	RMSE = 2.647125
	Test cost = 0.996172,	Krip Loss = 0.996172,	RMSE = 3.217461
Epoch = 4
	Train cost = 0.986181,	Krip Loss = 0.986181,	RMSE = 3.680319
	Test cost = 0.986415,	Krip Loss = 0.986415,	RMSE = 1.936498
	Test cost = 0.976162,	Krip Loss = 0.976162,	RMSE = 2.564490
Epoch = 5
	Train cost = 0.881241,	Krip Loss = 0.881241,	RMSE = 2.070470
	Test cost = 0.983558,	Krip Loss = 0.983558,	RMSE = 2.695279
	Test cost = 0.925035,	Krip Loss = 0.925035,	RMSE = 1.742632
Epoch = 6
	Train cost = 0.838094,	Krip Loss = 0.838094,	RMSE = 1.700543
	Test cost = 0.981212,	Krip Loss = 0.981212,	RMSE = 2.570491
	Test cost = 0.920060,	Krip Loss = 0.920060,	RMSE = 1.694510
Epoch = 7
	Train cost = 0.779272,	Krip Loss = 0.779272,	RMSE = 1.571764
	Test cost = 0.982043,	Krip Loss = 0.982043,	RMSE = 2.874237
	Test cost = 0.935844,	Krip Loss = 0.935844,	RMSE = 1.980545
Epoch = 8
	Train cost = 0.739150,	Krip Loss = 0.739150,	RMSE = 1.571732
	Test cost = 0.978900,	Krip Loss = 0.978900,	RMSE = 2.974690
	Test cost = 0.934290,	Krip Loss = 0.934290,	RMSE = 2.114117
Epoch = 9
	Train cost = 0.705165,	Krip Loss = 0.705165,	RMSE = 1.502389
	Test cost = 0.970886,	Krip Loss = 0.970886,	RMSE = 2.697016
	Test cost = 0.915899,	Krip Loss = 0.915899,	RMSE = 1.911431
Epoch = 10
	Train cost = 0.662940,	Krip Loss = 0.662940,	RMSE = 1.428583
	Test cost = 0.947336,	Krip Loss = 0.947336,	RMSE = 2.040391
	Test cost = 0.836163,	Krip Loss = 0.836163,	RMSE = 1.386329
Epoch = 11
	Train cost = 0.627444,	Krip Loss = 0.627444,	RMSE = 1.251847
	Test cost = 0.904166,	Krip Loss = 0.904166,	RMSE = 1.514582
	Test cost = 0.798179,	Krip Loss = 0.798179,	RMSE = 1.114490
Epoch = 12
	Train cost = 0.593809,	Krip Loss = 0.593809,	RMSE = 1.070371
	Test cost = 0.876434,	Krip Loss = 0.876434,	RMSE = 1.210104
	Test cost = 0.832595,	Krip Loss = 0.832595,	RMSE = 1.153831
Epoch = 13
	Train cost = 0.590823,	Krip Loss = 0.590823,	RMSE = 1.082991
	Test cost = 0.891882,	Krip Loss = 0.891882,	RMSE = 1.364845
	Test cost = 0.825391,	Krip Loss = 0.825391,	RMSE = 1.198176
Epoch = 14
	Train cost = 0.601441,	Krip Loss = 0.601441,	RMSE = 1.125274
	Test cost = 0.940412,	Krip Loss = 0.940412,	RMSE = 1.589919
	Test cost = 0.908720,	Krip Loss = 0.908720,	RMSE = 1.299994
Epoch = 15
	Train cost = 0.667747,	Krip Loss = 0.667747,	RMSE = 1.345561
	Test cost = 0.972570,	Krip Loss = 0.972570,	RMSE = 3.001514
	Test cost = 0.975637,	Krip Loss = 0.975637,	RMSE = 2.578222
Epoch = 16
	Train cost = 0.638888,	Krip Loss = 0.638888,	RMSE = 1.480504
	Test cost = 0.969298,	Krip Loss = 0.969298,	RMSE = 2.422131
	Test cost = 0.942544,	Krip Loss = 0.942544,	RMSE = 2.113475
Epoch = 17
	Train cost = 0.550994,	Krip Loss = 0.550994,	RMSE = 1.289996
	Test cost = 0.944773,	Krip Loss = 0.944773,	RMSE = 2.046759
	Test cost = 0.939694,	Krip Loss = 0.939694,	RMSE = 1.619349
Validation Dyad = 9 	Testing Dyad = 17
RMSE of Average Prediction = 0.934876
(1975, 76, 1360) (314, 76, 1360) (179, 76, 1360)
dec = True model = lstm lambda = 0.0 share = False #class = 1 drop = 0.0 update = adam
Compiling function
Compilation done 1
Compilation done 2
Compilation done 3
Epoch = 1
	Train cost = 0.999663,	Krip Loss = 0.999663,	RMSE = 4.033915
	Test cost = 0.999128,	Krip Loss = 0.999128,	RMSE = 3.904289
	Test cost = 0.999838,	Krip Loss = 0.999838,	RMSE = 3.408869
Epoch = 2
	Train cost = 0.998247,	Krip Loss = 0.998247,	RMSE = 3.991137
	Test cost = 0.998355,	Krip Loss = 0.998355,	RMSE = 3.876649
	Test cost = 0.999494,	Krip Loss = 0.999494,	RMSE = 3.375911
Epoch = 3
	Train cost = 0.996066,	Krip Loss = 0.996066,	RMSE = 3.902540
	Test cost = 0.996923,	Krip Loss = 0.996923,	RMSE = 3.804832
	Test cost = 0.998756,	Krip Loss = 0.998756,	RMSE = 3.296084
Epoch = 4
	Train cost = 0.988889,	Krip Loss = 0.988889,	RMSE = 3.660433
	Test cost = 0.990835,	Krip Loss = 0.990835,	RMSE = 3.497168
	Test cost = 0.993740,	Krip Loss = 0.993740,	RMSE = 2.951625
Epoch = 5
	Train cost = 0.889848,	Krip Loss = 0.889848,	RMSE = 2.339249
	Test cost = 0.825902,	Krip Loss = 0.825902,	RMSE = 1.379603
	Test cost = 0.992077,	Krip Loss = 0.992077,	RMSE = 2.594336
Epoch = 6
	Train cost = 0.815314,	Krip Loss = 0.815314,	RMSE = 1.747612
	Test cost = 0.848222,	Krip Loss = 0.848222,	RMSE = 1.506922
	Test cost = 1.006471,	Krip Loss = 1.006471,	RMSE = 2.945616
Epoch = 7
	Train cost = 0.799666,	Krip Loss = 0.799666,	RMSE = 1.743033
	Test cost = 0.942597,	Krip Loss = 0.942597,	RMSE = 2.477489
	Test cost = 0.991402,	Krip Loss = 0.991402,	RMSE = 2.686335
Epoch = 8
	Train cost = 0.737051,	Krip Loss = 0.737051,	RMSE = 1.412741
	Test cost = 0.937800,	Krip Loss = 0.937800,	RMSE = 2.055511
	Test cost = 0.993717,	Krip Loss = 0.993717,	RMSE = 2.438313
Epoch = 9
	Train cost = 0.683345,	Krip Loss = 0.683345,	RMSE = 1.227621
	Test cost = 0.939601,	Krip Loss = 0.939601,	RMSE = 1.826476
	Test cost = 0.993168,	Krip Loss = 0.993168,	RMSE = 2.308356
Epoch = 10
	Train cost = 0.681385,	Krip Loss = 0.681385,	RMSE = 1.308605
	Test cost = 0.931151,	Krip Loss = 0.931151,	RMSE = 1.342647
	Test cost = 1.000136,	Krip Loss = 1.000136,	RMSE = 2.250362
Epoch = 11
	Train cost = 0.756063,	Krip Loss = 0.756063,	RMSE = 1.717011
	Test cost = 0.934073,	Krip Loss = 0.934073,	RMSE = 1.274760
	Test cost = 1.021870,	Krip Loss = 1.021870,	RMSE = 2.649924
Epoch = 12
	Train cost = 0.675093,	Krip Loss = 0.675093,	RMSE = 1.435475
	Test cost = 0.907837,	Krip Loss = 0.907837,	RMSE = 1.181585
	Test cost = 1.001950,	Krip Loss = 1.001950,	RMSE = 2.924603
Epoch = 13
	Train cost = 0.583849,	Krip Loss = 0.583849,	RMSE = 1.193114
	Test cost = 0.937002,	Krip Loss = 0.937002,	RMSE = 1.254435
	Test cost = 0.999687,	Krip Loss = 0.999687,	RMSE = 2.677555
Epoch = 14
	Train cost = 0.521681,	Krip Loss = 0.521681,	RMSE = 1.062538
	Test cost = 0.924106,	Krip Loss = 0.924106,	RMSE = 1.116070
	Test cost = 0.986240,	Krip Loss = 0.986240,	RMSE = 2.457977
Epoch = 15
	Train cost = 0.494909,	Krip Loss = 0.494909,	RMSE = 1.082000
	Test cost = 0.929335,	Krip Loss = 0.929335,	RMSE = 1.095214
	Test cost = 0.998131,	Krip Loss = 0.998131,	RMSE = 2.312736
Epoch = 16
	Train cost = 0.506963,	Krip Loss = 0.506963,	RMSE = 1.086197
	Test cost = 0.962777,	Krip Loss = 0.962777,	RMSE = 1.350224
	Test cost = 0.987184,	Krip Loss = 0.987184,	RMSE = 2.837568
Validation Dyad = 7 	Testing Dyad = 18
RMSE of Average Prediction = 1.184179
(1915, 76, 1360) (386, 76, 1360) (167, 76, 1360)
dec = True model = lstm lambda = 0.0 share = False #class = 1 drop = 0.0 update = adam
Compiling function
Compilation done 1
Compilation done 2
Compilation done 3
Epoch = 1
	Train cost = 0.999548,	Krip Loss = 0.999548,	RMSE = 4.005534
	Test cost = 1.000032,	Krip Loss = 1.000032,	RMSE = 4.224336
	Test cost = 0.999872,	Krip Loss = 0.999872,	RMSE = 2.823319
Epoch = 2
	Train cost = 0.997787,	Krip Loss = 0.997787,	RMSE = 3.975499
	Test cost = 1.000125,	Krip Loss = 1.000125,	RMSE = 4.159038
	Test cost = 0.999814,	Krip Loss = 0.999814,	RMSE = 2.766221
Epoch = 3
	Train cost = 0.994836,	Krip Loss = 0.994836,	RMSE = 3.898665
	Test cost = 1.000298,	Krip Loss = 1.000298,	RMSE = 4.010288
	Test cost = 0.999596,	Krip Loss = 0.999596,	RMSE = 2.631347
Epoch = 4
	Train cost = 0.982265,	Krip Loss = 0.982265,	RMSE = 3.628547
	Test cost = 1.001829,	Krip Loss = 1.001829,	RMSE = 3.276053
	Test cost = 0.998141,	Krip Loss = 0.998141,	RMSE = 1.965939
Epoch = 5
	Train cost = 0.879827,	Krip Loss = 0.879827,	RMSE = 2.251767
	Test cost = 1.037949,	Krip Loss = 1.037949,	RMSE = 1.606656
	Test cost = 0.987884,	Krip Loss = 0.987884,	RMSE = 2.690711
Epoch = 6
	Train cost = 0.832232,	Krip Loss = 0.832232,	RMSE = 1.934719
	Test cost = 1.025083,	Krip Loss = 1.025083,	RMSE = 2.086989
	Test cost = 0.992487,	Krip Loss = 0.992487,	RMSE = 3.429159
Epoch = 7
	Train cost = 0.784699,	Krip Loss = 0.784699,	RMSE = 1.888224
	Test cost = 1.034372,	Krip Loss = 1.034372,	RMSE = 1.664836
	Test cost = 0.984844,	Krip Loss = 0.984844,	RMSE = 2.802390
Epoch = 8
	Train cost = 0.717273,	Krip Loss = 0.717273,	RMSE = 1.578534
	Test cost = 1.029040,	Krip Loss = 1.029040,	RMSE = 1.601838
	Test cost = 0.977288,	Krip Loss = 0.977288,	RMSE = 2.565479
Epoch = 9
	Train cost = 0.650515,	Krip Loss = 0.650515,	RMSE = 1.360933
	Test cost = 1.018169,	Krip Loss = 1.018169,	RMSE = 1.487314
	Test cost = 0.959788,	Krip Loss = 0.959788,	RMSE = 2.205166
Epoch = 10
	Train cost = 0.589691,	Krip Loss = 0.589691,	RMSE = 1.118496
	Test cost = 1.011629,	Krip Loss = 1.011629,	RMSE = 1.425826
	Test cost = 0.948736,	Krip Loss = 0.948736,	RMSE = 2.047303
Epoch = 11
	Train cost = 0.549489,	Krip Loss = 0.549489,	RMSE = 1.012719
	Test cost = 0.995377,	Krip Loss = 0.995377,	RMSE = 1.356508
	Test cost = 0.930582,	Krip Loss = 0.930582,	RMSE = 1.816173
Epoch = 12
	Train cost = 0.530556,	Krip Loss = 0.530556,	RMSE = 0.989322
	Test cost = 0.992338,	Krip Loss = 0.992338,	RMSE = 1.474264
	Test cost = 0.925299,	Krip Loss = 0.925299,	RMSE = 1.761574
Epoch = 13
	Train cost = 0.541411,	Krip Loss = 0.541411,	RMSE = 1.051594
	Test cost = 0.999631,	Krip Loss = 0.999631,	RMSE = 1.518911
	Test cost = 0.954378,	Krip Loss = 0.954378,	RMSE = 2.268429
Epoch = 14
	Train cost = 0.495556,	Krip Loss = 0.495556,	RMSE = 0.991151
	Test cost = 1.004557,	Krip Loss = 1.004557,	RMSE = 1.457948
	Test cost = 0.953901,	Krip Loss = 0.953901,	RMSE = 2.282179
Epoch = 15
	Train cost = 0.512642,	Krip Loss = 0.512642,	RMSE = 1.002147
	Test cost = 1.012015,	Krip Loss = 1.012015,	RMSE = 1.585535
	Test cost = 0.952070,	Krip Loss = 0.952070,	RMSE = 2.306184
Epoch = 16
	Train cost = 0.516338,	Krip Loss = 0.516338,	RMSE = 1.067462
	Test cost = 1.006842,	Krip Loss = 1.006842,	RMSE = 2.145255
	Test cost = 0.972720,	Krip Loss = 0.972720,	RMSE = 3.127896
Epoch = 17
	Train cost = 0.562888,	Krip Loss = 0.562888,	RMSE = 1.253977
	Test cost = 1.010022,	Krip Loss = 1.010022,	RMSE = 1.571216
	Test cost = 0.948212,	Krip Loss = 0.948212,	RMSE = 2.280495
