nohup: ignoring input
Couldn't import dot_parser, loading of dot files will not be possible.
WARNING (theano.sandbox.cuda): The cuda backend is deprecated and will be removed in the next release.  Please switch to the gpuarray backend. You can get more information about how to switch at this URL:
 https://github.com/Theano/Theano/wiki/Converting-to-the-new-gpu-back-end%28gpuarray%29

Using gpu device 3: GeForce GTX TITAN X (CNMeM is disabled, cuDNN 5103)
hog lr
/usr0/home/hongliay/code/Rapport/data_info/AMT_Batch1_results_large.csv
/usr0/home/hongliay/code/Rapport/data_info/AMT_Batch2_results_large.csv
/usr0/home/hongliay/code/Rapport/data_info/AMT_Batch3_results_large.csv
/usr0/home/hongliay/code/Rapport/data_info/AMT_Batch4_results_large.csv
D10S1
D10S2
D11S1
D11S2
D12S1
D12S2
D16S2
D17S1
D18S1
D3S1
D3S2
D4S1
D4S2
D5S1
D5S2
D6S1
D6S2
D7S1
D7S2
D8S1
D8S2
D9S1
D9S2
[3, 4, 7, 8, 9, 10, 11, 12, 16, 17, 18]
Validation Dyad = 17 	Testing Dyad = 3
RMSE of Average Prediction = 1.113890
(1957, 76, 1360) (179, 76, 1360) (332, 76, 1360)
Compiling function
Compilation done 1
Compilation done 2
Compilation done 3
Epoch = 1
	Train cost = 0.993107,	Krip Loss = 0.993107,	RMSE = 3.578635
	Test cost = 0.992588,	Krip Loss = 0.992588,	RMSE = 1.443448
	Test cost = 0.981955,	Krip Loss = 0.981955,	RMSE = 1.224791
Epoch = 2
	Train cost = 0.953149,	Krip Loss = 0.953149,	RMSE = 2.928885
	Test cost = 0.995341,	Krip Loss = 0.995341,	RMSE = 5.852148
	Test cost = 0.997809,	Krip Loss = 0.997809,	RMSE = 5.382139
Epoch = 3
	Train cost = 0.938064,	Krip Loss = 0.938064,	RMSE = 3.702918
	Test cost = 0.968197,	Krip Loss = 0.968197,	RMSE = 1.453456
	Test cost = 0.960919,	Krip Loss = 0.960919,	RMSE = 1.573620
Epoch = 4
	Train cost = 0.854310,	Krip Loss = 0.854310,	RMSE = 1.430790
	Test cost = 0.996753,	Krip Loss = 0.996753,	RMSE = 1.129558
	Test cost = 0.982613,	Krip Loss = 0.982613,	RMSE = 1.367197
Epoch = 5
	Train cost = 0.706702,	Krip Loss = 0.706702,	RMSE = 1.180206
	Test cost = 1.001091,	Krip Loss = 1.001091,	RMSE = 2.489380
	Test cost = 0.977078,	Krip Loss = 0.977078,	RMSE = 2.383126
Epoch = 6
	Train cost = 0.694778,	Krip Loss = 0.694778,	RMSE = 1.578754
	Test cost = 1.001721,	Krip Loss = 1.001721,	RMSE = 1.649553
	Test cost = 0.980061,	Krip Loss = 0.980061,	RMSE = 1.722532
Epoch = 7
	Train cost = 0.622732,	Krip Loss = 0.622732,	RMSE = 1.233781
	Test cost = 0.994645,	Krip Loss = 0.994645,	RMSE = 1.336236
	Test cost = 0.956360,	Krip Loss = 0.956360,	RMSE = 1.329700
Epoch = 8
	Train cost = 0.534834,	Krip Loss = 0.534834,	RMSE = 1.013970
	Test cost = 0.997500,	Krip Loss = 0.997500,	RMSE = 1.631181
	Test cost = 0.975671,	Krip Loss = 0.975671,	RMSE = 1.732409
Epoch = 9
	Train cost = 0.498816,	Krip Loss = 0.498816,	RMSE = 1.057503
	Test cost = 0.983982,	Krip Loss = 0.983982,	RMSE = 1.346294
	Test cost = 1.006041,	Krip Loss = 1.006041,	RMSE = 1.433673
Epoch = 10
	Train cost = 0.541719,	Krip Loss = 0.541719,	RMSE = 1.181391
	Test cost = 0.989594,	Krip Loss = 0.989594,	RMSE = 1.114595
	Test cost = 0.982271,	Krip Loss = 0.982271,	RMSE = 1.273857
Epoch = 11
	Train cost = 0.428645,	Krip Loss = 0.428645,	RMSE = 0.938677
	Test cost = 0.994599,	Krip Loss = 0.994599,	RMSE = 1.110394
	Test cost = 0.954712,	Krip Loss = 0.954712,	RMSE = 1.262552
Epoch = 12
	Train cost = 0.388767,	Krip Loss = 0.388767,	RMSE = 0.889563
	Test cost = 1.030465,	Krip Loss = 1.030465,	RMSE = 1.158729
	Test cost = 0.939993,	Krip Loss = 0.939993,	RMSE = 1.238301
Epoch = 13
	Train cost = 0.488531,	Krip Loss = 0.488531,	RMSE = 1.261571
	Test cost = 0.961152,	Krip Loss = 0.961152,	RMSE = 1.666193
	Test cost = 0.969560,	Krip Loss = 0.969560,	RMSE = 1.591095
Epoch = 14
	Train cost = 0.526773,	Krip Loss = 0.526773,	RMSE = 1.451519
	Test cost = 0.995064,	Krip Loss = 0.995064,	RMSE = 1.311672
	Test cost = 0.949413,	Krip Loss = 0.949413,	RMSE = 1.274734
Epoch = 15
	Train cost = 0.496621,	Krip Loss = 0.496621,	RMSE = 1.373323
	Test cost = 1.021999,	Krip Loss = 1.021999,	RMSE = 1.329098
	Test cost = 0.936044,	Krip Loss = 0.936044,	RMSE = 1.276687
Epoch = 16
	Train cost = 0.423799,	Krip Loss = 0.423799,	RMSE = 1.068044
	Test cost = 0.988886,	Krip Loss = 0.988886,	RMSE = 1.287157
	Test cost = 0.935305,	Krip Loss = 0.935305,	RMSE = 1.250262
Epoch = 17
	Train cost = 0.299318,	Krip Loss = 0.299318,	RMSE = 0.800759
	Test cost = 1.028249,	Krip Loss = 1.028249,	RMSE = 1.494894
	Test cost = 0.938110,	Krip Loss = 0.938110,	RMSE = 1.294617
Epoch = 18
	Train cost = 0.256221,	Krip Loss = 0.256221,	RMSE = 0.750380
	Test cost = 0.978111,	Krip Loss = 0.978111,	RMSE = 1.471185
	Test cost = 0.975997,	Krip Loss = 0.975997,	RMSE = 1.414241
Validation Dyad = 8 	Testing Dyad = 4
RMSE of Average Prediction = 1.380024
(2235, 76, 1360) (138, 76, 1360) (95, 76, 1360)
Compiling function
Compilation done 1
Compilation done 2
Compilation done 3
Epoch = 1
	Train cost = 0.995898,	Krip Loss = 0.995898,	RMSE = 4.561926
	Test cost = 1.000021,	Krip Loss = 1.000021,	RMSE = 8.942619
	Test cost = 1.005208,	Krip Loss = 1.005208,	RMSE = 9.199749
Epoch = 2
	Train cost = 1.000722,	Krip Loss = 1.000722,	RMSE = 9.300721
	Test cost = 1.000014,	Krip Loss = 1.000014,	RMSE = 11.035312
	Test cost = 1.003873,	Krip Loss = 1.003873,	RMSE = 11.271433
Epoch = 3
	Train cost = 1.000650,	Krip Loss = 1.000650,	RMSE = 10.251397
	Test cost = 1.000020,	Krip Loss = 1.000020,	RMSE = 11.534733
	Test cost = 1.003619,	Krip Loss = 1.003619,	RMSE = 11.764467
Epoch = 4
	Train cost = 1.000583,	Krip Loss = 1.000583,	RMSE = 10.635501
	Test cost = 1.000020,	Krip Loss = 1.000020,	RMSE = 11.917102
	Test cost = 1.003426,	Krip Loss = 1.003426,	RMSE = 12.142711
Epoch = 5
	Train cost = 1.000248,	Krip Loss = 1.000248,	RMSE = 10.989802
	Test cost = 1.000029,	Krip Loss = 1.000029,	RMSE = 12.071534
	Test cost = 1.003337,	Krip Loss = 1.003337,	RMSE = 12.293797
Epoch = 6
	Train cost = 1.000203,	Krip Loss = 1.000203,	RMSE = 11.122070
	Test cost = 1.000043,	Krip Loss = 1.000043,	RMSE = 12.246242
	Test cost = 1.003247,	Krip Loss = 1.003247,	RMSE = 12.464364
Epoch = 7
	Train cost = 1.000121,	Krip Loss = 1.000121,	RMSE = 11.249688
	Test cost = 1.000067,	Krip Loss = 1.000067,	RMSE = 12.232095
	Test cost = 1.003207,	Krip Loss = 1.003207,	RMSE = 12.442595
Epoch = 8
	Train cost = 1.000033,	Krip Loss = 1.000033,	RMSE = 11.297844
	Test cost = 1.000137,	Krip Loss = 1.000137,	RMSE = 12.233975
	Test cost = 1.003134,	Krip Loss = 1.003134,	RMSE = 12.435037
Epoch = 9
	Train cost = 0.999744,	Krip Loss = 0.999744,	RMSE = 11.205780
	Test cost = 1.000184,	Krip Loss = 1.000184,	RMSE = 12.264799
	Test cost = 1.002980,	Krip Loss = 1.002980,	RMSE = 12.452891
Epoch = 10
	Train cost = 0.999618,	Krip Loss = 0.999618,	RMSE = 10.795132
	Test cost = 1.000317,	Krip Loss = 1.000317,	RMSE = 11.768102
	Test cost = 1.002916,	Krip Loss = 1.002916,	RMSE = 11.932097
Epoch = 11
	Train cost = 0.998821,	Krip Loss = 0.998821,	RMSE = 10.167247
	Test cost = 1.000508,	Krip Loss = 1.000508,	RMSE = 10.790613
	Test cost = 1.002946,	Krip Loss = 1.002946,	RMSE = 10.909494
Epoch = 12
	Train cost = 0.998414,	Krip Loss = 0.998414,	RMSE = 9.081123
	Test cost = 1.000646,	Krip Loss = 1.000646,	RMSE = 8.190136
	Test cost = 1.004486,	Krip Loss = 1.004486,	RMSE = 8.394112
Epoch = 13
	Train cost = 0.997808,	Krip Loss = 0.997808,	RMSE = 7.213849
	Test cost = 1.003869,	Krip Loss = 1.003869,	RMSE = 5.653241
	Test cost = 1.004738,	Krip Loss = 1.004738,	RMSE = 5.834825
Epoch = 14
	Train cost = 0.945457,	Krip Loss = 0.945457,	RMSE = 1.988997
	Test cost = 1.038902,	Krip Loss = 1.038902,	RMSE = 1.009249
	Test cost = 0.958084,	Krip Loss = 0.958084,	RMSE = 1.345773
Epoch = 15
	Train cost = 0.830875,	Krip Loss = 0.830875,	RMSE = 1.228321
	Test cost = 1.132043,	Krip Loss = 1.132043,	RMSE = 1.454822
	Test cost = 0.962769,	Krip Loss = 0.962769,	RMSE = 1.577073
Epoch = 16
	Train cost = 0.811279,	Krip Loss = 0.811279,	RMSE = 1.344237
	Test cost = 1.055540,	Krip Loss = 1.055540,	RMSE = 1.387527
	Test cost = 1.017588,	Krip Loss = 1.017588,	RMSE = 1.443450
Epoch = 17
	Train cost = 0.741704,	Krip Loss = 0.741704,	RMSE = 1.298366
	Test cost = 1.032098,	Krip Loss = 1.032098,	RMSE = 1.522283
	Test cost = 1.022157,	Krip Loss = 1.022157,	RMSE = 1.552057
Epoch = 18
	Train cost = 0.712807,	Krip Loss = 0.712807,	RMSE = 1.303091
	Test cost = 1.043165,	Krip Loss = 1.043165,	RMSE = 1.384202
	Test cost = 1.050873,	Krip Loss = 1.050873,	RMSE = 1.423274
Epoch = 19
	Train cost = 0.671676,	Krip Loss = 0.671676,	RMSE = 1.197327
	Test cost = 1.060317,	Krip Loss = 1.060317,	RMSE = 1.277059
	Test cost = 1.018890,	Krip Loss = 1.018890,	RMSE = 1.395131
Epoch = 20
	Train cost = 0.635907,	Krip Loss = 0.635907,	RMSE = 1.130076
	Test cost = 1.082918,	Krip Loss = 1.082918,	RMSE = 1.421847
	Test cost = 0.988103,	Krip Loss = 0.988103,	RMSE = 1.558626
Epoch = 21
	Train cost = 0.698961,	Krip Loss = 0.698961,	RMSE = 1.346939
	Test cost = 1.012339,	Krip Loss = 1.012339,	RMSE = 2.272716
	Test cost = 1.008900,	Krip Loss = 1.008900,	RMSE = 2.251954
Epoch = 22
	Train cost = 0.658496,	Krip Loss = 0.658496,	RMSE = 1.436683
	Test cost = 1.079178,	Krip Loss = 1.079178,	RMSE = 1.295234
	Test cost = 1.021118,	Krip Loss = 1.021118,	RMSE = 1.329807
Epoch = 23
	Train cost = 0.594652,	Krip Loss = 0.594652,	RMSE = 1.059715
	Test cost = 1.044383,	Krip Loss = 1.044383,	RMSE = 1.385033
	Test cost = 1.049010,	Krip Loss = 1.049010,	RMSE = 1.394171
Epoch = 24
	Train cost = 0.572626,	Krip Loss = 0.572626,	RMSE = 1.039421
	Test cost = 1.038745,	Krip Loss = 1.038745,	RMSE = 1.335851
	Test cost = 1.042929,	Krip Loss = 1.042929,	RMSE = 1.352633
Epoch = 25
	Train cost = 0.551033,	Krip Loss = 0.551033,	RMSE = 1.029218
	Test cost = 1.027308,	Krip Loss = 1.027308,	RMSE = 1.413186
	Test cost = 1.031384,	Krip Loss = 1.031384,	RMSE = 1.410817
Epoch = 26
	Train cost = 0.569820,	Krip Loss = 0.569820,	RMSE = 1.107660
	Test cost = 1.008434,	Krip Loss = 1.008434,	RMSE = 1.940053
	Test cost = 1.006535,	Krip Loss = 1.006535,	RMSE = 1.870962
Epoch = 27
	Train cost = 0.617317,	Krip Loss = 0.617317,	RMSE = 1.373782
	Test cost = 1.015208,	Krip Loss = 1.015208,	RMSE = 1.810725
	Test cost = 1.010309,	Krip Loss = 1.010309,	RMSE = 1.739862
Epoch = 28
	Train cost = 0.802485,	Krip Loss = 0.802485,	RMSE = 2.066969
	Test cost = 1.033827,	Krip Loss = 1.033827,	RMSE = 1.907040
	Test cost = 0.982344,	Krip Loss = 0.982344,	RMSE = 2.079534
Epoch = 29
	Train cost = 0.505988,	Krip Loss = 0.505988,	RMSE = 0.992006
	Test cost = 1.017766,	Krip Loss = 1.017766,	RMSE = 1.526637
	Test cost = 1.024143,	Krip Loss = 1.024143,	RMSE = 1.528979
Epoch = 30
	Train cost = 0.508315,	Krip Loss = 0.508315,	RMSE = 1.155619
	Test cost = 1.014029,	Krip Loss = 1.014029,	RMSE = 1.590829
	Test cost = 1.032520,	Krip Loss = 1.032520,	RMSE = 1.570635
Epoch = 31
	Train cost = 0.520340,	Krip Loss = 0.520340,	RMSE = 1.240061
	Test cost = 1.021052,	Krip Loss = 1.021052,	RMSE = 1.431224
	Test cost = 1.034850,	Krip Loss = 1.034850,	RMSE = 1.440733
Epoch = 32
	Train cost = 0.495187,	Krip Loss = 0.495187,	RMSE = 1.141399
	Test cost = 1.020256,	Krip Loss = 1.020256,	RMSE = 1.511451
	Test cost = 1.032051,	Krip Loss = 1.032051,	RMSE = 1.502978
Epoch = 33
	Train cost = 0.498641,	Krip Loss = 0.498641,	RMSE = 1.219923
	Test cost = 1.008684,	Krip Loss = 1.008684,	RMSE = 1.402392
	Test cost = 1.033709,	Krip Loss = 1.033709,	RMSE = 1.415698
Epoch = 34
	Train cost = 0.446130,	Krip Loss = 0.446130,	RMSE = 1.102252
	Test cost = 1.016137,	Krip Loss = 1.016137,	RMSE = 1.317499
	Test cost = 1.024100,	Krip Loss = 1.024100,	RMSE = 1.364802
Epoch = 35
	Train cost = 0.486296,	Krip Loss = 0.486296,	RMSE = 1.230912
	Test cost = 1.006219,	Krip Loss = 1.006219,	RMSE = 1.291387
	Test cost = 1.000869,	Krip Loss = 1.000869,	RMSE = 1.453260
Epoch = 36
	Train cost = 0.490202,	Krip Loss = 0.490202,	RMSE = 1.455928
	Test cost = 0.991266,	Krip Loss = 0.991266,	RMSE = 2.356374
	Test cost = 1.000649,	Krip Loss = 1.000649,	RMSE = 2.528934
Epoch = 37
	Train cost = 0.590327,	Krip Loss = 0.590327,	RMSE = 1.557709
	Test cost = 0.968505,	Krip Loss = 0.968505,	RMSE = 1.813525
	Test cost = 0.995244,	Krip Loss = 0.995244,	RMSE = 1.987992
Epoch = 38
	Train cost = 0.524932,	Krip Loss = 0.524932,	RMSE = 1.574359
	Test cost = 0.991818,	Krip Loss = 0.991818,	RMSE = 3.057729
	Test cost = 1.006927,	Krip Loss = 1.006927,	RMSE = 3.224529
Epoch = 39
	Train cost = 0.594253,	Krip Loss = 0.594253,	RMSE = 1.794554
	Test cost = 0.963410,	Krip Loss = 0.963410,	RMSE = 1.667683
	Test cost = 0.999771,	Krip Loss = 0.999771,	RMSE = 1.803540
Epoch = 40
	Train cost = 0.437861,	Krip Loss = 0.437861,	RMSE = 1.343939
	Test cost = 0.984132,	Krip Loss = 0.984132,	RMSE = 2.579105
	Test cost = 1.007909,	Krip Loss = 1.007909,	RMSE = 2.752005
Epoch = 41
	Train cost = 0.534362,	Krip Loss = 0.534362,	RMSE = 1.426801
	Test cost = 0.956412,	Krip Loss = 0.956412,	RMSE = 1.441428
	Test cost = 1.017173,	Krip Loss = 1.017173,	RMSE = 1.656357
Epoch = 42
	Train cost = 0.379856,	Krip Loss = 0.379856,	RMSE = 1.204295
	Test cost = 0.986096,	Krip Loss = 0.986096,	RMSE = 2.584164
	Test cost = 0.992491,	Krip Loss = 0.992491,	RMSE = 2.585608
Epoch = 43
	Train cost = 0.455453,	Krip Loss = 0.455453,	RMSE = 1.250035
	Test cost = 0.942635,	Krip Loss = 0.942635,	RMSE = 1.686985
	Test cost = 1.053210,	Krip Loss = 1.053210,	RMSE = 1.979291
Epoch = 44
	Train cost = 0.372524,	Krip Loss = 0.372524,	RMSE = 1.167322
	Test cost = 0.983600,	Krip Loss = 0.983600,	RMSE = 2.662670
	Test cost = 1.004895,	Krip Loss = 1.004895,	RMSE = 2.641995
Epoch = 45
	Train cost = 0.452239,	Krip Loss = 0.452239,	RMSE = 1.239596
	Test cost = 0.991587,	Krip Loss = 0.991587,	RMSE = 1.796165
	Test cost = 1.012163,	Krip Loss = 1.012163,	RMSE = 1.790715
Epoch = 46
	Train cost = 0.318575,	Krip Loss = 0.318575,	RMSE = 1.051926
	Test cost = 0.986702,	Krip Loss = 0.986702,	RMSE = 2.656686
	Test cost = 1.010830,	Krip Loss = 1.010830,	RMSE = 2.620148
Epoch = 47
	Train cost = 0.390066,	Krip Loss = 0.390066,	RMSE = 1.180871
	Test cost = 0.980448,	Krip Loss = 0.980448,	RMSE = 2.051989
	Test cost = 1.015896,	Krip Loss = 1.015896,	RMSE = 2.068913
Epoch = 48
	Train cost = 0.334909,	Krip Loss = 0.334909,	RMSE = 0.997159
	Test cost = 0.972166,	Krip Loss = 0.972166,	RMSE = 1.952690
	Test cost = 1.025558,	Krip Loss = 1.025558,	RMSE = 2.050254
Validation Dyad = 3 	Testing Dyad = 7
RMSE of Average Prediction = 1.104264
(1750, 76, 1360) (332, 76, 1360) (386, 76, 1360)
Compiling function
Compilation done 1
Compilation done 2
Compilation done 3
Epoch = 1
	Train cost = 0.997390,	Krip Loss = 0.997390,	RMSE = 3.551807
	Test cost = 0.995916,	Krip Loss = 0.995916,	RMSE = 3.737299
	Test cost = 0.999713,	Krip Loss = 0.999713,	RMSE = 4.063799
Epoch = 2
	Train cost = 0.930538,	Krip Loss = 0.930538,	RMSE = 2.917236
	Test cost = 0.978646,	Krip Loss = 0.978646,	RMSE = 2.230260
	Test cost = 1.006314,	Krip Loss = 1.006314,	RMSE = 2.546909
Epoch = 3
	Train cost = 0.817218,	Krip Loss = 0.817218,	RMSE = 1.328011
	Test cost = 0.958852,	Krip Loss = 0.958852,	RMSE = 1.817751
	Test cost = 1.005571,	Krip Loss = 1.005571,	RMSE = 1.994113
Epoch = 4
	Train cost = 0.814449,	Krip Loss = 0.814449,	RMSE = 1.399264
	Test cost = 0.988899,	Krip Loss = 0.988899,	RMSE = 2.182168
	Test cost = 0.979500,	Krip Loss = 0.979500,	RMSE = 2.467691
Epoch = 5
	Train cost = 0.628843,	Krip Loss = 0.628843,	RMSE = 1.056083
	Test cost = 0.974040,	Krip Loss = 0.974040,	RMSE = 2.588687
	Test cost = 0.965317,	Krip Loss = 0.965317,	RMSE = 3.088826
Epoch = 6
	Train cost = 0.561802,	Krip Loss = 0.561802,	RMSE = 1.024860
	Test cost = 0.977963,	Krip Loss = 0.977963,	RMSE = 1.941985
	Test cost = 0.969520,	Krip Loss = 0.969520,	RMSE = 2.239669
Epoch = 7
	Train cost = 0.847759,	Krip Loss = 0.847759,	RMSE = 2.301197
	Test cost = 0.981170,	Krip Loss = 0.981170,	RMSE = 2.352314
	Test cost = 0.953351,	Krip Loss = 0.953351,	RMSE = 2.237501
Epoch = 8
	Train cost = 0.839186,	Krip Loss = 0.839186,	RMSE = 2.034445
	Test cost = 0.968439,	Krip Loss = 0.968439,	RMSE = 1.248037
	Test cost = 1.007111,	Krip Loss = 1.007111,	RMSE = 1.212994
Epoch = 9
	Train cost = 0.714072,	Krip Loss = 0.714072,	RMSE = 1.289370
	Test cost = 0.983863,	Krip Loss = 0.983863,	RMSE = 2.006083
	Test cost = 0.979313,	Krip Loss = 0.979313,	RMSE = 2.249220
Epoch = 10
	Train cost = 0.599247,	Krip Loss = 0.599247,	RMSE = 0.958016
	Test cost = 0.978135,	Krip Loss = 0.978135,	RMSE = 1.762677
	Test cost = 0.972521,	Krip Loss = 0.972521,	RMSE = 2.003225
Epoch = 11
	Train cost = 0.526059,	Krip Loss = 0.526059,	RMSE = 1.027867
	Test cost = 0.993094,	Krip Loss = 0.993094,	RMSE = 1.751085
	Test cost = 0.966547,	Krip Loss = 0.966547,	RMSE = 2.052727
Epoch = 12
	Train cost = 0.687739,	Krip Loss = 0.687739,	RMSE = 1.602893
	Test cost = 1.001296,	Krip Loss = 1.001296,	RMSE = 1.347128
	Test cost = 0.936243,	Krip Loss = 0.936243,	RMSE = 1.459929
Epoch = 13
	Train cost = 0.602251,	Krip Loss = 0.602251,	RMSE = 1.328474
	Test cost = 0.963291,	Krip Loss = 0.963291,	RMSE = 1.281576
	Test cost = 0.957440,	Krip Loss = 0.957440,	RMSE = 1.420523
Epoch = 14
	Train cost = 0.577182,	Krip Loss = 0.577182,	RMSE = 1.454512
	Test cost = 0.948314,	Krip Loss = 0.948314,	RMSE = 1.342189
	Test cost = 0.956694,	Krip Loss = 0.956694,	RMSE = 1.473558
Epoch = 15
	Train cost = 0.460542,	Krip Loss = 0.460542,	RMSE = 1.119287
	Test cost = 0.941202,	Krip Loss = 0.941202,	RMSE = 1.279622
	Test cost = 0.951754,	Krip Loss = 0.951754,	RMSE = 1.457798
Epoch = 16
	Train cost = 0.377761,	Krip Loss = 0.377761,	RMSE = 0.977326
	Test cost = 0.919486,	Krip Loss = 0.919486,	RMSE = 1.279579
	Test cost = 0.958999,	Krip Loss = 0.958999,	RMSE = 1.448541
Epoch = 17
	Train cost = 0.370444,	Krip Loss = 0.370444,	RMSE = 0.915176
	Test cost = 0.899500,	Krip Loss = 0.899500,	RMSE = 1.324779
	Test cost = 0.943102,	Krip Loss = 0.943102,	RMSE = 1.572431
Epoch = 18
	Train cost = 0.384109,	Krip Loss = 0.384109,	RMSE = 0.934279
	Test cost = 0.904007,	Krip Loss = 0.904007,	RMSE = 1.510688
	Test cost = 0.950237,	Krip Loss = 0.950237,	RMSE = 1.734061
Epoch = 19
	Train cost = 0.373777,	Krip Loss = 0.373777,	RMSE = 0.929889
	Test cost = 0.911749,	Krip Loss = 0.911749,	RMSE = 1.337963
	Test cost = 0.944889,	Krip Loss = 0.944889,	RMSE = 1.431124
Epoch = 20
	Train cost = 0.300589,	Krip Loss = 0.300589,	RMSE = 0.800671
	Test cost = 0.891094,	Krip Loss = 0.891094,	RMSE = 1.261121
	Test cost = 0.933314,	Krip Loss = 0.933314,	RMSE = 1.402818
Epoch = 21
	Train cost = 0.251254,	Krip Loss = 0.251254,	RMSE = 0.708558
	Test cost = 0.880793,	Krip Loss = 0.880793,	RMSE = 1.245771
	Test cost = 0.932664,	Krip Loss = 0.932664,	RMSE = 1.392551
Epoch = 22
	Train cost = 0.221177,	Krip Loss = 0.221177,	RMSE = 0.626991
	Test cost = 0.893702,	Krip Loss = 0.893702,	RMSE = 1.361691
	Test cost = 0.970584,	Krip Loss = 0.970584,	RMSE = 1.586241
Epoch = 23
	Train cost = 0.217537,	Krip Loss = 0.217537,	RMSE = 0.620235
	Test cost = 0.899425,	Krip Loss = 0.899425,	RMSE = 1.380224
	Test cost = 0.948013,	Krip Loss = 0.948013,	RMSE = 1.588108
Epoch = 24
	Train cost = 0.227926,	Krip Loss = 0.227926,	RMSE = 0.654588
	Test cost = 0.904747,	Krip Loss = 0.904747,	RMSE = 1.354157
	Test cost = 0.941022,	Krip Loss = 0.941022,	RMSE = 1.547475
Epoch = 25
	Train cost = 0.227812,	Krip Loss = 0.227812,	RMSE = 0.676205
	Test cost = 0.893342,	Krip Loss = 0.893342,	RMSE = 1.248324
	Test cost = 0.951085,	Krip Loss = 0.951085,	RMSE = 1.397931
Epoch = 26
	Train cost = 0.197916,	Krip Loss = 0.197916,	RMSE = 0.652773
	Test cost = 0.908085,	Krip Loss = 0.908085,	RMSE = 1.359520
	Test cost = 0.948940,	Krip Loss = 0.948940,	RMSE = 1.400334
Validation Dyad = 16 	Testing Dyad = 8
RMSE of Average Prediction = 1.254867
(2129, 76, 1360) (201, 76, 1360) (138, 76, 1360)
Compiling function
Compilation done 1
Compilation done 2
Compilation done 3
Epoch = 1
	Train cost = 0.995339,	Krip Loss = 0.995339,	RMSE = 4.900711
	Test cost = 1.024765,	Krip Loss = 1.024765,	RMSE = 4.921165
	Test cost = 1.013998,	Krip Loss = 1.013998,	RMSE = 4.314998
Epoch = 2
	Train cost = 1.013245,	Krip Loss = 1.013245,	RMSE = 6.665013
	Test cost = 1.012828,	Krip Loss = 1.012828,	RMSE = 7.718154
	Test cost = 1.025614,	Krip Loss = 1.025614,	RMSE = 5.990667
Epoch = 3
	Train cost = 0.988557,	Krip Loss = 0.988557,	RMSE = 6.118838
	Test cost = 0.983446,	Krip Loss = 0.983446,	RMSE = 5.355881
	Test cost = 0.972143,	Krip Loss = 0.972143,	RMSE = 5.703338
Epoch = 4
	Train cost = 0.986912,	Krip Loss = 0.986912,	RMSE = 10.630927
	Test cost = 1.010521,	Krip Loss = 1.010521,	RMSE = 12.698383
	Test cost = 1.013537,	Krip Loss = 1.013537,	RMSE = 10.778776
Epoch = 5
	Train cost = 1.005553,	Krip Loss = 1.005553,	RMSE = 12.250800
	Test cost = 1.010882,	Krip Loss = 1.010882,	RMSE = 13.144806
	Test cost = 1.014070,	Krip Loss = 1.014070,	RMSE = 11.086714
Epoch = 6
	Train cost = 1.006281,	Krip Loss = 1.006281,	RMSE = 12.902875
	Test cost = 1.009826,	Krip Loss = 1.009826,	RMSE = 13.988654
	Test cost = 1.012928,	Krip Loss = 1.012928,	RMSE = 11.746511
Epoch = 7
	Train cost = 1.005667,	Krip Loss = 1.005667,	RMSE = 13.631859
	Test cost = 1.009057,	Krip Loss = 1.009057,	RMSE = 14.710745
	Test cost = 1.012022,	Krip Loss = 1.012022,	RMSE = 12.327217
Epoch = 8
	Train cost = 1.005244,	Krip Loss = 1.005244,	RMSE = 14.262359
	Test cost = 1.008471,	Krip Loss = 1.008471,	RMSE = 15.348521
	Test cost = 1.011295,	Krip Loss = 1.011295,	RMSE = 12.850589
Epoch = 9
	Train cost = 1.004927,	Krip Loss = 1.004927,	RMSE = 14.828298
	Test cost = 1.008000,	Krip Loss = 1.008000,	RMSE = 15.930751
	Test cost = 1.010693,	Krip Loss = 1.010693,	RMSE = 13.334861
Epoch = 10
	Train cost = 1.004674,	Krip Loss = 1.004674,	RMSE = 15.349955
	Test cost = 1.007607,	Krip Loss = 1.007607,	RMSE = 16.472611
	Test cost = 1.010181,	Krip Loss = 1.010181,	RMSE = 13.789573
Epoch = 11
	Train cost = 1.004464,	Krip Loss = 1.004464,	RMSE = 15.838994
	Test cost = 1.007269,	Krip Loss = 1.007269,	RMSE = 16.983939
	Test cost = 1.009735,	Krip Loss = 1.009735,	RMSE = 14.221394
Epoch = 12
	Train cost = 1.004283,	Krip Loss = 1.004283,	RMSE = 16.303269
	Test cost = 1.006972,	Krip Loss = 1.006972,	RMSE = 17.471811
	Test cost = 1.009340,	Krip Loss = 1.009340,	RMSE = 14.635447
Epoch = 13
	Train cost = 1.004124,	Krip Loss = 1.004124,	RMSE = 16.748320
	Test cost = 1.006707,	Krip Loss = 1.006707,	RMSE = 17.941215
	Test cost = 1.008985,	Krip Loss = 1.008985,	RMSE = 15.035446
Epoch = 14
	Train cost = 1.003982,	Krip Loss = 1.003982,	RMSE = 17.177855
	Test cost = 1.006469,	Krip Loss = 1.006469,	RMSE = 18.395279
	Test cost = 1.008662,	Krip Loss = 1.008662,	RMSE = 15.423691
Epoch = 15
	Train cost = 1.003854,	Krip Loss = 1.003854,	RMSE = 17.594102
	Test cost = 1.006252,	Krip Loss = 1.006252,	RMSE = 18.835849
	Test cost = 1.008367,	Krip Loss = 1.008367,	RMSE = 15.801494
Epoch = 16
	Train cost = 1.003738,	Krip Loss = 1.003738,	RMSE = 17.998521
	Test cost = 1.006053,	Krip Loss = 1.006053,	RMSE = 19.264457
	Test cost = 1.008095,	Krip Loss = 1.008095,	RMSE = 16.169961
Epoch = 17
	Train cost = 1.003631,	Krip Loss = 1.003631,	RMSE = 18.392476
	Test cost = 1.005869,	Krip Loss = 1.005869,	RMSE = 19.682585
	Test cost = 1.007843,	Krip Loss = 1.007843,	RMSE = 16.530235
Epoch = 18
	Train cost = 1.003532,	Krip Loss = 1.003532,	RMSE = 18.777116
	Test cost = 1.005699,	Krip Loss = 1.005699,	RMSE = 20.091154
	Test cost = 1.007608,	Krip Loss = 1.007608,	RMSE = 16.883023
Epoch = 19
	Train cost = 1.003440,	Krip Loss = 1.003440,	RMSE = 19.153004
	Test cost = 1.005540,	Krip Loss = 1.005540,	RMSE = 20.490314
	Test cost = 1.007388,	Krip Loss = 1.007388,	RMSE = 17.228401
Epoch = 20
	Train cost = 1.003354,	Krip Loss = 1.003354,	RMSE = 19.520122
	Test cost = 1.005392,	Krip Loss = 1.005392,	RMSE = 20.879750
	Test cost = 1.007182,	Krip Loss = 1.007182,	RMSE = 17.566036
Epoch = 21
	Train cost = 1.003274,	Krip Loss = 1.003274,	RMSE = 19.878283
	Test cost = 1.005253,	Krip Loss = 1.005253,	RMSE = 21.259281
	Test cost = 1.006988,	Krip Loss = 1.006988,	RMSE = 17.895726
Epoch = 22
	Train cost = 1.003199,	Krip Loss = 1.003199,	RMSE = 20.227590
	Test cost = 1.005122,	Krip Loss = 1.005122,	RMSE = 21.629206
	Test cost = 1.006806,	Krip Loss = 1.006806,	RMSE = 18.217718
Epoch = 23
	Train cost = 1.003129,	Krip Loss = 1.003129,	RMSE = 20.568563
	Test cost = 1.004999,	Krip Loss = 1.004999,	RMSE = 21.990206
	Test cost = 1.006633,	Krip Loss = 1.006633,	RMSE = 18.532625
Epoch = 24
	Train cost = 1.003063,	Krip Loss = 1.003063,	RMSE = 20.901954
	Test cost = 1.004881,	Krip Loss = 1.004881,	RMSE = 22.343079
	Test cost = 1.006467,	Krip Loss = 1.006467,	RMSE = 18.841194
Epoch = 25
	Train cost = 1.003000,	Krip Loss = 1.003000,	RMSE = 21.228559
	Test cost = 1.004769,	Krip Loss = 1.004769,	RMSE = 22.688601
	Test cost = 1.006308,	Krip Loss = 1.006308,	RMSE = 19.144168
Epoch = 26
	Train cost = 1.002939,	Krip Loss = 1.002939,	RMSE = 21.549144
	Test cost = 1.004660,	Krip Loss = 1.004660,	RMSE = 23.027499
	Test cost = 1.006154,	Krip Loss = 1.006154,	RMSE = 19.442271
Epoch = 27
	Train cost = 1.002881,	Krip Loss = 1.002881,	RMSE = 21.864448
	Test cost = 1.004555,	Krip Loss = 1.004555,	RMSE = 23.360501
	Test cost = 1.006005,	Krip Loss = 1.006005,	RMSE = 19.736238
Epoch = 28
	Train cost = 1.002825,	Krip Loss = 1.002825,	RMSE = 22.175210
	Test cost = 1.004453,	Krip Loss = 1.004453,	RMSE = 23.688335
	Test cost = 1.005858,	Krip Loss = 1.005858,	RMSE = 20.026820
Epoch = 29
	Train cost = 1.002771,	Krip Loss = 1.002771,	RMSE = 22.482143
	Test cost = 1.004353,	Krip Loss = 1.004353,	RMSE = 24.011716
	Test cost = 1.005714,	Krip Loss = 1.005714,	RMSE = 20.314765
Epoch = 30
	Train cost = 1.002718,	Krip Loss = 1.002718,	RMSE = 22.785876
	Test cost = 1.004256,	Krip Loss = 1.004256,	RMSE = 24.331231
	Test cost = 1.005572,	Krip Loss = 1.005572,	RMSE = 20.600685
Epoch = 31
	Train cost = 1.002666,	Krip Loss = 1.002666,	RMSE = 23.086793
	Test cost = 1.003410,	Krip Loss = 1.003410,	RMSE = 24.548397
	Test cost = 1.005433,	Krip Loss = 1.005433,	RMSE = 20.884823
Epoch = 32
	Train cost = 1.002536,	Krip Loss = 1.002536,	RMSE = 23.373047
	Test cost = 1.003336,	Krip Loss = 1.003336,	RMSE = 24.853247
	Test cost = 1.005304,	Krip Loss = 1.005304,	RMSE = 21.160392
Epoch = 33
	Train cost = 1.002490,	Krip Loss = 1.002490,	RMSE = 23.660483
	Test cost = 1.003265,	Krip Loss = 1.003265,	RMSE = 25.153141
	Test cost = 1.005178,	Krip Loss = 1.005178,	RMSE = 21.432540
Epoch = 34
	Train cost = 1.002446,	Krip Loss = 1.002446,	RMSE = 23.944386
	Test cost = 1.003196,	Krip Loss = 1.003196,	RMSE = 25.448961
	Test cost = 1.005056,	Krip Loss = 1.005056,	RMSE = 21.702166
Epoch = 35
	Train cost = 1.002402,	Krip Loss = 1.002402,	RMSE = 24.225027
	Test cost = 1.003129,	Krip Loss = 1.003129,	RMSE = 25.740708
	Test cost = 1.004937,	Krip Loss = 1.004937,	RMSE = 21.969368
Epoch = 36
	Train cost = 1.002360,	Krip Loss = 1.002360,	RMSE = 24.502561
	Test cost = 1.003063,	Krip Loss = 1.003063,	RMSE = 26.028530
	Test cost = 1.004820,	Krip Loss = 1.004820,	RMSE = 22.234459
Epoch = 37
	Train cost = 1.002318,	Krip Loss = 1.002318,	RMSE = 24.777260
	Test cost = 1.002997,	Krip Loss = 1.002997,	RMSE = 26.312552
	Test cost = 1.004703,	Krip Loss = 1.004703,	RMSE = 22.497818
Epoch = 38
	Train cost = 1.002222,	Krip Loss = 1.002222,	RMSE = 25.038614
	Test cost = 1.002934,	Krip Loss = 1.002934,	RMSE = 26.589786
	Test cost = 1.004592,	Krip Loss = 1.004592,	RMSE = 22.756202
Epoch = 39
	Train cost = 1.002184,	Krip Loss = 1.002184,	RMSE = 25.303306
	Test cost = 1.002872,	Krip Loss = 1.002872,	RMSE = 26.861389
	Test cost = 1.004481,	Krip Loss = 1.004481,	RMSE = 23.011360
Epoch = 40
	Train cost = 1.002145,	Krip Loss = 1.002145,	RMSE = 25.564351
	Test cost = 1.002810,	Krip Loss = 1.002810,	RMSE = 27.127725
	Test cost = 1.004370,	Krip Loss = 1.004370,	RMSE = 23.264492
Epoch = 41
	Train cost = 1.002106,	Krip Loss = 1.002106,	RMSE = 25.821014
	Test cost = 1.002747,	Krip Loss = 1.002747,	RMSE = 27.387082
	Test cost = 1.004257,	Krip Loss = 1.004257,	RMSE = 23.514494
Epoch = 42
	Train cost = 1.002067,	Krip Loss = 1.002067,	RMSE = 26.071663
	Test cost = 1.002684,	Krip Loss = 1.002684,	RMSE = 27.637465
	Test cost = 1.004143,	Krip Loss = 1.004143,	RMSE = 23.759953
Epoch = 43
	Train cost = 1.002027,	Krip Loss = 1.002027,	RMSE = 26.314493
	Test cost = 1.002620,	Krip Loss = 1.002620,	RMSE = 27.876820
	Test cost = 1.004029,	Krip Loss = 1.004029,	RMSE = 23.999369
Epoch = 44
	Train cost = 1.001988,	Krip Loss = 1.001988,	RMSE = 26.547582
	Test cost = 1.002557,	Krip Loss = 1.002557,	RMSE = 28.103070
	Test cost = 1.003914,	Krip Loss = 1.003914,	RMSE = 24.231137
Epoch = 45
	Train cost = 1.001947,	Krip Loss = 1.001947,	RMSE = 26.768931
	Test cost = 1.002494,	Krip Loss = 1.002494,	RMSE = 28.314256
	Test cost = 1.003799,	Krip Loss = 1.003799,	RMSE = 24.453474
Epoch = 46
	Train cost = 1.001907,	Krip Loss = 1.001907,	RMSE = 26.976583
	Test cost = 1.002433,	Krip Loss = 1.002433,	RMSE = 28.508668
	Test cost = 1.003687,	Krip Loss = 1.003687,	RMSE = 24.664518
Epoch = 47
	Train cost = 1.001867,	Krip Loss = 1.001867,	RMSE = 27.168715
	Test cost = 1.002374,	Krip Loss = 1.002374,	RMSE = 28.684305
	Test cost = 1.003579,	Krip Loss = 1.003579,	RMSE = 24.862364
Epoch = 48
	Train cost = 1.001827,	Krip Loss = 1.001827,	RMSE = 27.343100
	Test cost = 1.002316,	Krip Loss = 1.002316,	RMSE = 28.837955
	Test cost = 1.003472,	Krip Loss = 1.003472,	RMSE = 25.044628
Epoch = 49
	Train cost = 1.001786,	Krip Loss = 1.001786,	RMSE = 27.496461
	Test cost = 1.002258,	Krip Loss = 1.002258,	RMSE = 28.964677
	Test cost = 1.003368,	Krip Loss = 1.003368,	RMSE = 25.207965
Epoch = 50
	Train cost = 1.001745,	Krip Loss = 1.001745,	RMSE = 27.624195
	Test cost = 1.002201,	Krip Loss = 1.002201,	RMSE = 29.057905
	Test cost = 1.003263,	Krip Loss = 1.003263,	RMSE = 25.348012
Epoch = 51
	Train cost = 1.001702,	Krip Loss = 1.001702,	RMSE = 27.719538
	Test cost = 1.002141,	Krip Loss = 1.002141,	RMSE = 29.107222
	Test cost = 1.003156,	Krip Loss = 1.003156,	RMSE = 25.457784
Epoch = 52
	Train cost = 1.001630,	Krip Loss = 1.001630,	RMSE = 27.757916
	Test cost = 1.002079,	Krip Loss = 1.002079,	RMSE = 29.085862
	Test cost = 1.003046,	Krip Loss = 1.003046,	RMSE = 25.517280
Epoch = 53
	Train cost = 1.001577,	Krip Loss = 1.001577,	RMSE = 27.707899
	Test cost = 1.002010,	Krip Loss = 1.002010,	RMSE = 28.865423
	Test cost = 1.002929,	Krip Loss = 1.002929,	RMSE = 25.435884
Epoch = 54
	Train cost = 1.001500,	Krip Loss = 1.001500,	RMSE = 26.840945
	Test cost = 1.001892,	Krip Loss = 1.001892,	RMSE = 27.717139
	Test cost = 1.002731,	Krip Loss = 1.002731,	RMSE = 24.658914
Epoch = 55
	Train cost = 1.001395,	Krip Loss = 1.001395,	RMSE = 26.258209
	Test cost = 1.001718,	Krip Loss = 1.001718,	RMSE = 26.750440
	Test cost = 1.002506,	Krip Loss = 1.002506,	RMSE = 24.068428
Epoch = 56
	Train cost = 1.001187,	Krip Loss = 1.001187,	RMSE = 24.717262
	Test cost = 1.001395,	Krip Loss = 1.001395,	RMSE = 24.694039
	Test cost = 1.002139,	Krip Loss = 1.002139,	RMSE = 22.647453
Epoch = 57
	Train cost = 1.000474,	Krip Loss = 1.000474,	RMSE = 23.381291
	Test cost = 1.003654,	Krip Loss = 1.003654,	RMSE = 27.250848
	Test cost = 1.004632,	Krip Loss = 1.004632,	RMSE = 23.435519
Epoch = 58
	Train cost = 1.001124,	Krip Loss = 1.001124,	RMSE = 24.253368
	Test cost = 1.004979,	Krip Loss = 1.004979,	RMSE = 26.328452
	Test cost = 1.005039,	Krip Loss = 1.005039,	RMSE = 22.728010
Epoch = 59
	Train cost = 1.001117,	Krip Loss = 1.001117,	RMSE = 24.042995
	Test cost = 1.004971,	Krip Loss = 1.004971,	RMSE = 26.483453
	Test cost = 1.005035,	Krip Loss = 1.005035,	RMSE = 22.858896
Epoch = 60
	Train cost = 1.001103,	Krip Loss = 1.001103,	RMSE = 24.190611
	Test cost = 1.004956,	Krip Loss = 1.004956,	RMSE = 26.662772
	Test cost = 1.005025,	Krip Loss = 1.005025,	RMSE = 23.011226
Validation Dyad = 12 	Testing Dyad = 9
RMSE of Average Prediction = 1.701513
(2126, 76, 1360) (28, 76, 1360) (314, 76, 1360)
Compiling function
Compilation done 1
Compilation done 2
Compilation done 3
Epoch = 1
	Train cost = 0.998014,	Krip Loss = 0.998014,	RMSE = 4.456229
	Test cost = 0.844332,	Krip Loss = 0.844332,	RMSE = 2.999899
	Test cost = 1.018748,	Krip Loss = 1.018748,	RMSE = 1.921679
Epoch = 2
	Train cost = 0.998387,	Krip Loss = 0.998387,	RMSE = 3.372658
	Test cost = 0.958996,	Krip Loss = 0.958996,	RMSE = 5.685522
	Test cost = 0.969134,	Krip Loss = 0.969134,	RMSE = 4.575882
Epoch = 3
	Train cost = 0.986196,	Krip Loss = 0.986196,	RMSE = 4.000930
	Test cost = 0.945751,	Krip Loss = 0.945751,	RMSE = 4.933396
	Test cost = 0.960484,	Krip Loss = 0.960484,	RMSE = 3.897528
Epoch = 4
	Train cost = 0.977173,	Krip Loss = 0.977173,	RMSE = 2.902367
	Test cost = 0.892220,	Krip Loss = 0.892220,	RMSE = 3.460724
	Test cost = 0.932023,	Krip Loss = 0.932023,	RMSE = 2.778535
Epoch = 5
	Train cost = 0.950591,	Krip Loss = 0.950591,	RMSE = 2.551720
	Test cost = 0.807643,	Krip Loss = 0.807643,	RMSE = 2.690211
	Test cost = 0.970735,	Krip Loss = 0.970735,	RMSE = 3.246083
Epoch = 6
	Train cost = 0.933907,	Krip Loss = 0.933907,	RMSE = 2.612007
	Test cost = 0.792612,	Krip Loss = 0.792612,	RMSE = 2.396314
	Test cost = 0.940150,	Krip Loss = 0.940150,	RMSE = 2.698734
Epoch = 7
	Train cost = 0.907965,	Krip Loss = 0.907965,	RMSE = 2.430370
	Test cost = 0.791139,	Krip Loss = 0.791139,	RMSE = 2.262226
	Test cost = 0.957192,	Krip Loss = 0.957192,	RMSE = 2.695781
Epoch = 8
	Train cost = 0.867776,	Krip Loss = 0.867776,	RMSE = 2.116030
	Test cost = 0.809291,	Krip Loss = 0.809291,	RMSE = 1.978975
	Test cost = 0.878136,	Krip Loss = 0.878136,	RMSE = 1.979072
Epoch = 9
	Train cost = 0.814132,	Krip Loss = 0.814132,	RMSE = 2.045781
	Test cost = 0.771134,	Krip Loss = 0.771134,	RMSE = 1.652574
	Test cost = 0.915442,	Krip Loss = 0.915442,	RMSE = 1.857837
Epoch = 10
	Train cost = 0.788811,	Krip Loss = 0.788811,	RMSE = 1.684115
	Test cost = 0.831204,	Krip Loss = 0.831204,	RMSE = 1.625016
	Test cost = 0.901575,	Krip Loss = 0.901575,	RMSE = 1.605968
Epoch = 11
	Train cost = 0.742276,	Krip Loss = 0.742276,	RMSE = 1.795055
	Test cost = 0.923927,	Krip Loss = 0.923927,	RMSE = 2.057608
	Test cost = 0.917887,	Krip Loss = 0.917887,	RMSE = 1.736592
Epoch = 12
	Train cost = 0.776740,	Krip Loss = 0.776740,	RMSE = 1.904189
	Test cost = 1.066631,	Krip Loss = 1.066631,	RMSE = 1.882808
	Test cost = 0.926792,	Krip Loss = 0.926792,	RMSE = 1.471022
Epoch = 13
	Train cost = 0.770166,	Krip Loss = 0.770166,	RMSE = 1.411403
	Test cost = 1.106369,	Krip Loss = 1.106369,	RMSE = 1.438095
	Test cost = 0.938941,	Krip Loss = 0.938941,	RMSE = 1.290610
Epoch = 14
	Train cost = 0.666580,	Krip Loss = 0.666580,	RMSE = 1.326391
	Test cost = 1.072443,	Krip Loss = 1.072443,	RMSE = 2.209454
	Test cost = 0.972725,	Krip Loss = 0.972725,	RMSE = 1.932288
Epoch = 15
	Train cost = 0.616269,	Krip Loss = 0.616269,	RMSE = 1.222814
	Test cost = 1.037875,	Krip Loss = 1.037875,	RMSE = 2.616259
	Test cost = 0.991697,	Krip Loss = 0.991697,	RMSE = 2.180470
Epoch = 16
	Train cost = 0.612303,	Krip Loss = 0.612303,	RMSE = 1.330571
	Test cost = 1.045484,	Krip Loss = 1.045484,	RMSE = 1.913053
	Test cost = 0.924102,	Krip Loss = 0.924102,	RMSE = 1.434952
Validation Dyad = 11 	Testing Dyad = 10
RMSE of Average Prediction = 1.332671
(1840, 76, 1360) (324, 76, 1360) (304, 76, 1360)
Compiling function
Compilation done 1
Compilation done 2
Compilation done 3
Epoch = 1
	Train cost = 0.986749,	Krip Loss = 0.986749,	RMSE = 4.546215
	Test cost = 1.002582,	Krip Loss = 1.002582,	RMSE = 5.259282
	Test cost = 1.014184,	Krip Loss = 1.014184,	RMSE = 7.059727
Epoch = 2
	Train cost = 1.001874,	Krip Loss = 1.001874,	RMSE = 5.493671
	Test cost = 0.996573,	Krip Loss = 0.996573,	RMSE = 5.700384
	Test cost = 1.002290,	Krip Loss = 1.002290,	RMSE = 5.981870
Epoch = 3
	Train cost = 0.995775,	Krip Loss = 0.995775,	RMSE = 5.430956
	Test cost = 1.008971,	Krip Loss = 1.008971,	RMSE = 6.261252
	Test cost = 1.005094,	Krip Loss = 1.005094,	RMSE = 6.221665
Epoch = 4
	Train cost = 0.983533,	Krip Loss = 0.983533,	RMSE = 4.694481
	Test cost = 1.008545,	Krip Loss = 1.008545,	RMSE = 5.179761
	Test cost = 0.988821,	Krip Loss = 0.988821,	RMSE = 5.354854
Epoch = 5
	Train cost = 0.983578,	Krip Loss = 0.983578,	RMSE = 4.053968
	Test cost = 0.989233,	Krip Loss = 0.989233,	RMSE = 3.934197
	Test cost = 0.964729,	Krip Loss = 0.964729,	RMSE = 4.487854
Epoch = 6
	Train cost = 0.993143,	Krip Loss = 0.993143,	RMSE = 3.386157
	Test cost = 0.990284,	Krip Loss = 0.990284,	RMSE = 2.800305
	Test cost = 0.953564,	Krip Loss = 0.953564,	RMSE = 2.826965
Epoch = 7
