nohup: ignoring input
Couldn't import dot_parser, loading of dot files will not be possible.
WARNING (theano.sandbox.cuda): The cuda backend is deprecated and will be removed in the next release.  Please switch to the gpuarray backend. You can get more information about how to switch at this URL:
 https://github.com/Theano/Theano/wiki/Converting-to-the-new-gpu-back-end%28gpuarray%29

Using gpu device 3: GeForce GTX TITAN X (CNMeM is disabled, cuDNN 5103)
hog lr
/usr0/home/hongliay/code/Rapport/data_info/AMT_Batch1_results_large.csv
/usr0/home/hongliay/code/Rapport/data_info/AMT_Batch2_results_large.csv
/usr0/home/hongliay/code/Rapport/data_info/AMT_Batch3_results_large.csv
/usr0/home/hongliay/code/Rapport/data_info/AMT_Batch4_results_large.csv
D10S1
D10S2
D11S1
D11S2
D12S1
D12S2
D16S2
D17S1
D18S1
D3S1
D3S2
D4S1
D4S2
D5S1
D5S2
D6S1
D6S2
D7S1
D7S2
D8S1
D8S2
D9S1
D9S2
[3, 4, 7, 8, 9, 10, 11, 12, 16, 17, 18]
Validation Dyad = 17 	Testing Dyad = 3
RMSE of Average Prediction = 1.113890
(1957, 76, 1360) (179, 76, 1360) (332, 76, 1360)
dec = True model = ours + lstm lambda = 0.0 share = False #class = 1 drop = 0.0 update = adam2
Compiling function
Compilation done 1
Compilation done 2
Compilation done 3
Epoch = 1
	Train cost = 5.228644,	Krip Loss = 5.228644,	RMSE = 2.286623
	Test cost = 1.058167,	Krip Loss = 1.058167,	RMSE = 1.028673
	Test cost = 1.369162,	Krip Loss = 1.369162,	RMSE = 1.170112
Epoch = 2
	Train cost = 2.471742,	Krip Loss = 2.471742,	RMSE = 1.572177
	Test cost = 2.120586,	Krip Loss = 2.120586,	RMSE = 1.456223
	Test cost = 2.457919,	Krip Loss = 2.457919,	RMSE = 1.567775
Epoch = 3
	Train cost = 1.931771,	Krip Loss = 1.931771,	RMSE = 1.389882
	Test cost = 1.380751,	Krip Loss = 1.380751,	RMSE = 1.175054
	Test cost = 1.233362,	Krip Loss = 1.233362,	RMSE = 1.110568
Epoch = 4
	Train cost = 1.261668,	Krip Loss = 1.261668,	RMSE = 1.123240
	Test cost = 1.507539,	Krip Loss = 1.507539,	RMSE = 1.227819
	Test cost = 1.226248,	Krip Loss = 1.226248,	RMSE = 1.107361
Epoch = 5
	Train cost = 1.217640,	Krip Loss = 1.217640,	RMSE = 1.103467
	Test cost = 1.702362,	Krip Loss = 1.702362,	RMSE = 1.304746
	Test cost = 1.244291,	Krip Loss = 1.244291,	RMSE = 1.115478
Epoch = 6
	Train cost = 1.162283,	Krip Loss = 1.162283,	RMSE = 1.078092
	Test cost = 1.915180,	Krip Loss = 1.915180,	RMSE = 1.383900
	Test cost = 1.259061,	Krip Loss = 1.259061,	RMSE = 1.122079
Epoch = 7
	Train cost = 1.075424,	Krip Loss = 1.075424,	RMSE = 1.037027
	Test cost = 1.780505,	Krip Loss = 1.780505,	RMSE = 1.334356
	Test cost = 1.251213,	Krip Loss = 1.251213,	RMSE = 1.118576
Epoch = 8
	Train cost = 1.046786,	Krip Loss = 1.046786,	RMSE = 1.023125
	Test cost = 2.123651,	Krip Loss = 2.123651,	RMSE = 1.457275
	Test cost = 1.311402,	Krip Loss = 1.311402,	RMSE = 1.145165
Epoch = 9
	Train cost = 0.989909,	Krip Loss = 0.989909,	RMSE = 0.994942
	Test cost = 1.901711,	Krip Loss = 1.901711,	RMSE = 1.379025
	Test cost = 1.247375,	Krip Loss = 1.247375,	RMSE = 1.116860
Epoch = 10
	Train cost = 0.985464,	Krip Loss = 0.985464,	RMSE = 0.992705
	Test cost = 2.018092,	Krip Loss = 2.018092,	RMSE = 1.420596
	Test cost = 1.361486,	Krip Loss = 1.361486,	RMSE = 1.166827
Epoch = 11
	Train cost = 0.927613,	Krip Loss = 0.927613,	RMSE = 0.963126
	Test cost = 1.901920,	Krip Loss = 1.901920,	RMSE = 1.379101
	Test cost = 1.374087,	Krip Loss = 1.374087,	RMSE = 1.172215
Epoch = 12
	Train cost = 0.838330,	Krip Loss = 0.838330,	RMSE = 0.915604
	Test cost = 2.018031,	Krip Loss = 2.018031,	RMSE = 1.420574
	Test cost = 1.398677,	Krip Loss = 1.398677,	RMSE = 1.182657
Epoch = 13
	Train cost = 0.784266,	Krip Loss = 0.784266,	RMSE = 0.885588
	Test cost = 1.789416,	Krip Loss = 1.789416,	RMSE = 1.337691
	Test cost = 1.354818,	Krip Loss = 1.354818,	RMSE = 1.163966
Epoch = 14
	Train cost = 0.870960,	Krip Loss = 0.870960,	RMSE = 0.933252
	Test cost = 1.896085,	Krip Loss = 1.896085,	RMSE = 1.376984
	Test cost = 1.381246,	Krip Loss = 1.381246,	RMSE = 1.175264
Epoch = 15
	Train cost = 0.826789,	Krip Loss = 0.826789,	RMSE = 0.909279
	Test cost = 2.033913,	Krip Loss = 2.033913,	RMSE = 1.426153
	Test cost = 1.356893,	Krip Loss = 1.356893,	RMSE = 1.164857
Epoch = 16
	Train cost = 0.733156,	Krip Loss = 0.733156,	RMSE = 0.856245
	Test cost = 2.018118,	Krip Loss = 2.018118,	RMSE = 1.420605
	Test cost = 1.401724,	Krip Loss = 1.401724,	RMSE = 1.183944
Epoch = 17
	Train cost = 0.696916,	Krip Loss = 0.696916,	RMSE = 0.834815
	Test cost = 2.277018,	Krip Loss = 2.277018,	RMSE = 1.508979
	Test cost = 1.403773,	Krip Loss = 1.403773,	RMSE = 1.184809
Epoch = 18
	Train cost = 0.597891,	Krip Loss = 0.597891,	RMSE = 0.773234
	Test cost = 2.238492,	Krip Loss = 2.238492,	RMSE = 1.496159
