nohup: ignoring input
Using gpu device 0: GeForce GTX TITAN X (CNMeM is disabled, cuDNN 5103)
/usr/local/lib/python2.7/dist-packages/theano/sandbox/cuda/__init__.py:600: UserWarning: Your cuDNN version is more recent than the one Theano officially supports. If you see any problems, try updating Theano or downgrading cuDNN to version 5.
  warnings.warn(warn)
audio b
../data_info/AMT_Batch3_results_large.csv
../data_info/AMT_Batch1_results_large.csv
../data_info/AMT_Batch2_results_large.csv
../data_info/AMT_Batch4_results_large.csv
D10S1
D10S2
D11S1
D11S2
D12S1
D12S2
D16S2
D17S1
D18S1
D3S1
D3S2
D4S1
D4S2
D5S1
D5S2
D6S1
D6S2
D7S1
D7S2
D8S1
D8S2
D9S1
D9S2
3
(1521, 300, 148) (1521,)
4
(586, 300, 148) (586,)
7
(1949, 300, 148) (1949,)
8
(1049, 300, 148) (1049,)
9
(1156, 300, 148) (1156,)
10
(846, 300, 148) (846,)
11
(1169, 300, 148) (1169,)
12
(1780, 300, 148) (1780,)
16
(471, 300, 148) (471,)
17
(367, 300, 148) (367,)
18
(361, 300, 148) (361,)
(9734, 300, 148) (1521, 300, 148)
bi-naive
Compiling function
Compilation done 1
Compilation done 2
Epoch = 1
	Train cost = 0.697976,	Accuracy = 0.496918
	Test cost = 0.684948,	Accuracy = 0.539776
Epoch = 2
	Train cost = 0.681933,	Accuracy = 0.567187
	Test cost = 0.680123,	Accuracy = 0.552926
Epoch = 3
	Train cost = 0.670142,	Accuracy = 0.597802
	Test cost = 0.687290,	Accuracy = 0.529257
Epoch = 4
	Train cost = 0.662015,	Accuracy = 0.609308
	Test cost = 0.702038,	Accuracy = 0.521368
Epoch = 5
	Train cost = 0.656405,	Accuracy = 0.625539
	Test cost = 0.712752,	Accuracy = 0.539776
Epoch = 6
	Train cost = 0.651164,	Accuracy = 0.632114
	Test cost = 0.721765,	Accuracy = 0.531887
Epoch = 7
	Train cost = 0.645727,	Accuracy = 0.640538
	Test cost = 0.729125,	Accuracy = 0.531887
Epoch = 8
	Train cost = 0.639909,	Accuracy = 0.649168
	Test cost = 0.732997,	Accuracy = 0.539776
Epoch = 9
	Train cost = 0.633808,	Accuracy = 0.654510
	Test cost = 0.733258,	Accuracy = 0.552926
Epoch = 10
	Train cost = 0.627749,	Accuracy = 0.665194
	Test cost = 0.731529,	Accuracy = 0.558185
Epoch = 11
	Train cost = 0.621756,	Accuracy = 0.661701
	Test cost = 0.730285,	Accuracy = 0.551611
Epoch = 12
	Train cost = 0.615414,	Accuracy = 0.663961
	Test cost = 0.733964,	Accuracy = 0.538462
Epoch = 13
	Train cost = 0.608773,	Accuracy = 0.665400
	Test cost = 0.743345,	Accuracy = 0.533202
Epoch = 14
	Train cost = 0.602199,	Accuracy = 0.671769
	Test cost = 0.753050,	Accuracy = 0.533202
Epoch = 15
	Train cost = 0.596156,	Accuracy = 0.682248
	Test cost = 0.760738,	Accuracy = 0.530572
(10669, 300, 148) (586, 300, 148)
bi-naive
Compiling function
Compilation done 1
Compilation done 2
Epoch = 1
	Train cost = 0.691917,	Accuracy = 0.531727
	Test cost = 0.708806,	Accuracy = 0.406143
Epoch = 2
	Train cost = 0.680269,	Accuracy = 0.562283
	Test cost = 0.706829,	Accuracy = 0.406143
Epoch = 3
	Train cost = 0.665715,	Accuracy = 0.608586
	Test cost = 0.701571,	Accuracy = 0.412969
Epoch = 4
	Train cost = 0.653644,	Accuracy = 0.618896
	Test cost = 0.704767,	Accuracy = 0.433447
Epoch = 5
	Train cost = 0.643541,	Accuracy = 0.629675
	Test cost = 0.712453,	Accuracy = 0.433447
Epoch = 6
	Train cost = 0.635373,	Accuracy = 0.639235
	Test cost = 0.719142,	Accuracy = 0.433447
Epoch = 7
	Train cost = 0.628496,	Accuracy = 0.650108
	Test cost = 0.728369,	Accuracy = 0.467577
Epoch = 8
	Train cost = 0.622667,	Accuracy = 0.656294
	Test cost = 0.736151,	Accuracy = 0.416382
Epoch = 9
	Train cost = 0.617570,	Accuracy = 0.675227
	Test cost = 0.742963,	Accuracy = 0.416382
Epoch = 10
	Train cost = 0.613063,	Accuracy = 0.680289
	Test cost = 0.753188,	Accuracy = 0.416382
Epoch = 11
	Train cost = 0.608572,	Accuracy = 0.684788
	Test cost = 0.754670,	Accuracy = 0.416382
Epoch = 12
	Train cost = 0.603823,	Accuracy = 0.684600
	Test cost = 0.752903,	Accuracy = 0.450512
Epoch = 13
	Train cost = 0.598332,	Accuracy = 0.686850
	Test cost = 0.773147,	Accuracy = 0.460751
Epoch = 14
	Train cost = 0.593078,	Accuracy = 0.687975
	Test cost = 0.801320,	Accuracy = 0.460751
Epoch = 15
	Train cost = 0.587662,	Accuracy = 0.693786
	Test cost = 0.829968,	Accuracy = 0.498294
(9306, 300, 148) (1949, 300, 148)
bi-naive
Compiling function
Compilation done 1
Compilation done 2
Epoch = 1
	Train cost = 0.700305,	Accuracy = 0.504406
	Test cost = 0.687219,	Accuracy = 0.545921
Epoch = 2
	Train cost = 0.687453,	Accuracy = 0.536428
	Test cost = 0.687689,	Accuracy = 0.553104
Epoch = 3
	Train cost = 0.673942,	Accuracy = 0.588867
	Test cost = 0.690384,	Accuracy = 0.539251
Epoch = 4
	Train cost = 0.662809,	Accuracy = 0.595100
	Test cost = 0.692457,	Accuracy = 0.531042
Epoch = 5
	Train cost = 0.653494,	Accuracy = 0.615087
	Test cost = 0.692162,	Accuracy = 0.542842
Epoch = 6
	Train cost = 0.645019,	Accuracy = 0.623684
	Test cost = 0.694226,	Accuracy = 0.541816
Epoch = 7
	Train cost = 0.638469,	Accuracy = 0.632065
	Test cost = 0.695689,	Accuracy = 0.538738
Epoch = 8
	Train cost = 0.628814,	Accuracy = 0.649688
	Test cost = 0.697756,	Accuracy = 0.537712
Epoch = 9
	Train cost = 0.619295,	Accuracy = 0.665377
	Test cost = 0.704181,	Accuracy = 0.537712
Epoch = 10
	Train cost = 0.609996,	Accuracy = 0.673114
	Test cost = 0.714137,	Accuracy = 0.529502
Epoch = 11
	Train cost = 0.601331,	Accuracy = 0.676553
	Test cost = 0.723944,	Accuracy = 0.514110
Epoch = 12
	Train cost = 0.592392,	Accuracy = 0.682570
	Test cost = 0.736561,	Accuracy = 0.538738
Epoch = 13
	Train cost = 0.587677,	Accuracy = 0.684075
	Test cost = 0.749958,	Accuracy = 0.502822
Epoch = 14
	Train cost = 0.581906,	Accuracy = 0.689877
	Test cost = 0.766902,	Accuracy = 0.493586
Epoch = 15
	Train cost = 0.582750,	Accuracy = 0.696325
	Test cost = 0.761587,	Accuracy = 0.491534
(10206, 300, 148) (1049, 300, 148)
bi-naive
Compiling function
Compilation done 1
Compilation done 2
Epoch = 1
	Train cost = 0.693073,	Accuracy = 0.529394
	Test cost = 0.695040,	Accuracy = 0.470925
Epoch = 2
	Train cost = 0.685511,	Accuracy = 0.555850
	Test cost = 0.684489,	Accuracy = 0.541468
Epoch = 3
	Train cost = 0.670262,	Accuracy = 0.602685
	Test cost = 0.679798,	Accuracy = 0.558627
Epoch = 4
	Train cost = 0.661372,	Accuracy = 0.618950
	Test cost = 0.675907,	Accuracy = 0.600572
Epoch = 5
	Train cost = 0.655172,	Accuracy = 0.622673
	Test cost = 0.673214,	Accuracy = 0.600572
Epoch = 6
	Train cost = 0.648313,	Accuracy = 0.639330
	Test cost = 0.672993,	Accuracy = 0.600572
Epoch = 7
	Train cost = 0.641926,	Accuracy = 0.649324
	Test cost = 0.673462,	Accuracy = 0.619638
Epoch = 8
	Train cost = 0.635653,	Accuracy = 0.655595
	Test cost = 0.674099,	Accuracy = 0.619638
Epoch = 9
	Train cost = 0.629226,	Accuracy = 0.664805
	Test cost = 0.675506,	Accuracy = 0.625357
Epoch = 10
	Train cost = 0.622831,	Accuracy = 0.662453
	Test cost = 0.678569,	Accuracy = 0.625357
Epoch = 11
	Train cost = 0.616512,	Accuracy = 0.664217
	Test cost = 0.683405,	Accuracy = 0.625357
Epoch = 12
	Train cost = 0.610038,	Accuracy = 0.674995
	Test cost = 0.688718,	Accuracy = 0.596759
Epoch = 13
	Train cost = 0.603252,	Accuracy = 0.673035
	Test cost = 0.694670,	Accuracy = 0.625357
Epoch = 14
	Train cost = 0.596508,	Accuracy = 0.686361
	Test cost = 0.701621,	Accuracy = 0.589133
Epoch = 15
	Train cost = 0.590396,	Accuracy = 0.692240
	Test cost = 0.709569,	Accuracy = 0.589133
(10099, 300, 148) (1156, 300, 148)
bi-naive
Compiling function
Compilation done 1
Compilation done 2
Epoch = 1
	Train cost = 0.689337,	Accuracy = 0.538964
	Test cost = 0.688051,	Accuracy = 0.539792
Epoch = 2
	Train cost = 0.675010,	Accuracy = 0.610556
	Test cost = 0.683298,	Accuracy = 0.558824
Epoch = 3
	Train cost = 0.659132,	Accuracy = 0.613922
	Test cost = 0.680923,	Accuracy = 0.588235
Epoch = 4
	Train cost = 0.652059,	Accuracy = 0.626795
	Test cost = 0.681003,	Accuracy = 0.588235
Epoch = 5
	Train cost = 0.646538,	Accuracy = 0.637687
	Test cost = 0.682312,	Accuracy = 0.588235
Epoch = 6
	Train cost = 0.641002,	Accuracy = 0.637885
	Test cost = 0.684402,	Accuracy = 0.577855
Epoch = 7
	Train cost = 0.635681,	Accuracy = 0.638479
	Test cost = 0.687118,	Accuracy = 0.577855
Epoch = 8
	Train cost = 0.630473,	Accuracy = 0.650758
	Test cost = 0.690142,	Accuracy = 0.564014
Epoch = 9
	Train cost = 0.625475,	Accuracy = 0.655312
	Test cost = 0.693177,	Accuracy = 0.577855
Epoch = 10
	Train cost = 0.620998,	Accuracy = 0.665214
	Test cost = 0.696641,	Accuracy = 0.595156
Epoch = 11
	Train cost = 0.616977,	Accuracy = 0.661650
	Test cost = 0.701055,	Accuracy = 0.583045
Epoch = 12
	Train cost = 0.612772,	Accuracy = 0.671750
	Test cost = 0.706391,	Accuracy = 0.589965
Epoch = 13
	Train cost = 0.608019,	Accuracy = 0.672938
	Test cost = 0.711948,	Accuracy = 0.593426
Epoch = 14
	Train cost = 0.603213,	Accuracy = 0.672542
	Test cost = 0.716548,	Accuracy = 0.584775
Epoch = 15
	Train cost = 0.598182,	Accuracy = 0.671948
	Test cost = 0.720866,	Accuracy = 0.596886
(10409, 300, 148) (846, 300, 148)
bi-naive
Compiling function
Compilation done 1
Compilation done 2
Epoch = 1
	Train cost = 0.688524,	Accuracy = 0.548179
	Test cost = 0.693788,	Accuracy = 0.573286
Epoch = 2
	Train cost = 0.671272,	Accuracy = 0.592372
	Test cost = 0.711820,	Accuracy = 0.514184
Epoch = 3
	Train cost = 0.648139,	Accuracy = 0.629647
	Test cost = 0.720374,	Accuracy = 0.549645
Epoch = 4
	Train cost = 0.634163,	Accuracy = 0.638582
	Test cost = 0.733781,	Accuracy = 0.549645
Epoch = 5
	Train cost = 0.625546,	Accuracy = 0.651167
	Test cost = 0.743067,	Accuracy = 0.573286
Epoch = 6
	Train cost = 0.618363,	Accuracy = 0.666923
	Test cost = 0.758924,	Accuracy = 0.507092
Epoch = 7
	Train cost = 0.610201,	Accuracy = 0.670574
	Test cost = 0.770124,	Accuracy = 0.483452
Epoch = 8
	Train cost = 0.602722,	Accuracy = 0.687770
	Test cost = 0.782929,	Accuracy = 0.483452
Epoch = 9
	Train cost = 0.597093,	Accuracy = 0.697954
	Test cost = 0.804277,	Accuracy = 0.457447
Epoch = 10
	Train cost = 0.596495,	Accuracy = 0.685465
	Test cost = 0.825834,	Accuracy = 0.457447
Epoch = 11
	Train cost = 0.593629,	Accuracy = 0.691805
	Test cost = 0.843880,	Accuracy = 0.481087
Epoch = 12
	Train cost = 0.587475,	Accuracy = 0.703718
	Test cost = 0.867410,	Accuracy = 0.459811
Epoch = 13
	Train cost = 0.581538,	Accuracy = 0.710443
	Test cost = 0.889012,	Accuracy = 0.459811
Epoch = 14
	Train cost = 0.577196,	Accuracy = 0.715054
	Test cost = 0.913801,	Accuracy = 0.459811
Epoch = 15
	Train cost = 0.572000,	Accuracy = 0.717360
	Test cost = 0.931856,	Accuracy = 0.459811
(10086, 300, 148) (1169, 300, 148)
bi-naive
Compiling function
Compilation done 1
Compilation done 2
Epoch = 1
	Train cost = 0.690490,	Accuracy = 0.528158
	Test cost = 0.660736,	Accuracy = 0.577417
Epoch = 2
	Train cost = 0.680282,	Accuracy = 0.574757
	Test cost = 0.651406,	Accuracy = 0.603935
Epoch = 3
	Train cost = 0.666011,	Accuracy = 0.605691
	Test cost = 0.653286,	Accuracy = 0.644140
Epoch = 4
	Train cost = 0.661657,	Accuracy = 0.614813
	Test cost = 0.642845,	Accuracy = 0.609923
Epoch = 5
	Train cost = 0.651790,	Accuracy = 0.636030
	Test cost = 0.642181,	Accuracy = 0.630453
Epoch = 6
	Train cost = 0.643169,	Accuracy = 0.640393
	Test cost = 0.650446,	Accuracy = 0.615056
Epoch = 7
	Train cost = 0.634558,	Accuracy = 0.648523
	Test cost = 0.654881,	Accuracy = 0.615056
Epoch = 8
	Train cost = 0.629303,	Accuracy = 0.656454
	Test cost = 0.662694,	Accuracy = 0.592814
Epoch = 9
	Train cost = 0.623369,	Accuracy = 0.665774
	Test cost = 0.665964,	Accuracy = 0.592814
Epoch = 10
	Train cost = 0.616798,	Accuracy = 0.672516
	Test cost = 0.665398,	Accuracy = 0.592814
Epoch = 11
	Train cost = 0.609854,	Accuracy = 0.676681
	Test cost = 0.667717,	Accuracy = 0.606501
Epoch = 12
	Train cost = 0.604767,	Accuracy = 0.685604
	Test cost = 0.670728,	Accuracy = 0.599658
Epoch = 13
	Train cost = 0.598856,	Accuracy = 0.693734
	Test cost = 0.676923,	Accuracy = 0.585971
Epoch = 14
	Train cost = 0.592503,	Accuracy = 0.690958
	Test cost = 0.686716,	Accuracy = 0.585971
Epoch = 15
	Train cost = 0.590098,	Accuracy = 0.694725
	Test cost = 0.694017,	Accuracy = 0.579127
(9475, 300, 148) (1780, 300, 148)
bi-naive
Compiling function
Compilation done 1
Compilation done 2
Epoch = 1
	Train cost = 0.690498,	Accuracy = 0.531293
	Test cost = 0.696141,	Accuracy = 0.516854
Epoch = 2
	Train cost = 0.679065,	Accuracy = 0.546491
	Test cost = 0.683556,	Accuracy = 0.552809
Epoch = 3
	Train cost = 0.667250,	Accuracy = 0.583219
	Test cost = 0.680192,	Accuracy = 0.577528
Epoch = 4
	Train cost = 0.657149,	Accuracy = 0.616992
	Test cost = 0.678238,	Accuracy = 0.592135
Epoch = 5
	Train cost = 0.648885,	Accuracy = 0.623536
	Test cost = 0.677870,	Accuracy = 0.592135
Epoch = 6
	Train cost = 0.640976,	Accuracy = 0.631557
	Test cost = 0.678267,	Accuracy = 0.578652
Epoch = 7
	Train cost = 0.632694,	Accuracy = 0.649077
	Test cost = 0.685965,	Accuracy = 0.569663
Epoch = 8
	Train cost = 0.628222,	Accuracy = 0.642744
	Test cost = 0.674653,	Accuracy = 0.600000
Epoch = 9
	Train cost = 0.617410,	Accuracy = 0.668918
	Test cost = 0.684995,	Accuracy = 0.568539
Epoch = 10
	Train cost = 0.615401,	Accuracy = 0.669763
	Test cost = 0.680133,	Accuracy = 0.566292
Epoch = 11
	Train cost = 0.607141,	Accuracy = 0.677150
	Test cost = 0.678964,	Accuracy = 0.560674
Epoch = 12
	Train cost = 0.599362,	Accuracy = 0.682216
	Test cost = 0.682833,	Accuracy = 0.560674
Epoch = 13
	Train cost = 0.591421,	Accuracy = 0.691715
	Test cost = 0.691563,	Accuracy = 0.552809
Epoch = 14
	Train cost = 0.583409,	Accuracy = 0.702480
	Test cost = 0.707964,	Accuracy = 0.524719
Epoch = 15
	Train cost = 0.576558,	Accuracy = 0.708602
	Test cost = 0.727337,	Accuracy = 0.521348
(10784, 300, 148) (471, 300, 148)
bi-naive
Compiling function
Compilation done 1
Compilation done 2
Epoch = 1
	Train cost = 0.691611,	Accuracy = 0.526614
	Test cost = 0.701357,	Accuracy = 0.503185
Epoch = 2
	Train cost = 0.682599,	Accuracy = 0.574277
	Test cost = 0.711557,	Accuracy = 0.515924
Epoch = 3
	Train cost = 0.666978,	Accuracy = 0.590041
	Test cost = 0.716133,	Accuracy = 0.456476
Epoch = 4
	Train cost = 0.658114,	Accuracy = 0.611183
	Test cost = 0.721683,	Accuracy = 0.507431
Epoch = 5
	Train cost = 0.652909,	Accuracy = 0.625649
	Test cost = 0.717521,	Accuracy = 0.515924
Epoch = 6
	Train cost = 0.653043,	Accuracy = 0.627318
	Test cost = 0.724683,	Accuracy = 0.511677
Epoch = 7
	Train cost = 0.641420,	Accuracy = 0.645864
	Test cost = 0.720741,	Accuracy = 0.494692
Epoch = 8
	Train cost = 0.638523,	Accuracy = 0.639930
	Test cost = 0.732983,	Accuracy = 0.490446
Epoch = 9
	Train cost = 0.629434,	Accuracy = 0.657177
	Test cost = 0.723902,	Accuracy = 0.439490
Epoch = 10
	Train cost = 0.626907,	Accuracy = 0.669603
	Test cost = 0.733377,	Accuracy = 0.430998
Epoch = 11
	Train cost = 0.617978,	Accuracy = 0.674981
	Test cost = 0.743073,	Accuracy = 0.430998
Epoch = 12
	Train cost = 0.611025,	Accuracy = 0.674796
	Test cost = 0.745803,	Accuracy = 0.430998
Epoch = 13
	Train cost = 0.604925,	Accuracy = 0.677949
	Test cost = 0.748503,	Accuracy = 0.490446
Epoch = 14
	Train cost = 0.598873,	Accuracy = 0.685924
	Test cost = 0.752574,	Accuracy = 0.498938
Epoch = 15
	Train cost = 0.592991,	Accuracy = 0.689447
	Test cost = 0.763735,	Accuracy = 0.498938
(10888, 300, 148) (367, 300, 148)
bi-naive
Compiling function
Compilation done 1
Compilation done 2
Epoch = 1
	Train cost = 0.690774,	Accuracy = 0.531135
	Test cost = 0.688098,	Accuracy = 0.602180
Epoch = 2
	Train cost = 0.682822,	Accuracy = 0.566220
	Test cost = 0.685328,	Accuracy = 0.602180
Epoch = 3
	Train cost = 0.672437,	Accuracy = 0.595977
	Test cost = 0.694906,	Accuracy = 0.547684
Epoch = 4
	Train cost = 0.661930,	Accuracy = 0.622612
	Test cost = 0.673207,	Accuracy = 0.547684
Epoch = 5
	Train cost = 0.655284,	Accuracy = 0.624265
	Test cost = 0.672909,	Accuracy = 0.547684
Epoch = 6
	Train cost = 0.647684,	Accuracy = 0.630327
	Test cost = 0.672298,	Accuracy = 0.547684
Epoch = 7
	Train cost = 0.640980,	Accuracy = 0.645389
	Test cost = 0.671931,	Accuracy = 0.547684
Epoch = 8
	Train cost = 0.633872,	Accuracy = 0.656962
	Test cost = 0.671362,	Accuracy = 0.602180
Epoch = 9
	Train cost = 0.627413,	Accuracy = 0.662105
	Test cost = 0.673153,	Accuracy = 0.602180
Epoch = 10
	Train cost = 0.622576,	Accuracy = 0.666881
	Test cost = 0.673452,	Accuracy = 0.602180
Epoch = 11
	Train cost = 0.619550,	Accuracy = 0.671106
	Test cost = 0.678666,	Accuracy = 0.547684
Epoch = 12
	Train cost = 0.614305,	Accuracy = 0.677168
	Test cost = 0.702780,	Accuracy = 0.476839
Epoch = 13
	Train cost = 0.609038,	Accuracy = 0.682862
	Test cost = 0.722276,	Accuracy = 0.476839
Epoch = 14
	Train cost = 0.603599,	Accuracy = 0.689475
	Test cost = 0.717237,	Accuracy = 0.476839
Epoch = 15
	Train cost = 0.598775,	Accuracy = 0.688189
	Test cost = 0.723211,	Accuracy = 0.476839
(10894, 300, 148) (361, 300, 148)
bi-naive
Compiling function
Compilation done 1
Compilation done 2
Epoch = 1
	Train cost = 0.690627,	Accuracy = 0.530200
	Test cost = 0.685104,	Accuracy = 0.639889
Epoch = 2
	Train cost = 0.681046,	Accuracy = 0.577198
	Test cost = 0.702483,	Accuracy = 0.581717
Epoch = 3
	Train cost = 0.670112,	Accuracy = 0.600698
	Test cost = 0.705832,	Accuracy = 0.581717
Epoch = 4
	Train cost = 0.663925,	Accuracy = 0.618322
	Test cost = 0.667445,	Accuracy = 0.639889
Epoch = 5
	Train cost = 0.652537,	Accuracy = 0.642188
	Test cost = 0.667130,	Accuracy = 0.639889
Epoch = 6
	Train cost = 0.642942,	Accuracy = 0.650633
	Test cost = 0.663874,	Accuracy = 0.639889
Epoch = 7
	Train cost = 0.634628,	Accuracy = 0.651735
	Test cost = 0.653954,	Accuracy = 0.639889
Epoch = 8
	Train cost = 0.626923,	Accuracy = 0.661098
	Test cost = 0.651030,	Accuracy = 0.639889
Epoch = 9
	Train cost = 0.620374,	Accuracy = 0.663484
	Test cost = 0.644409,	Accuracy = 0.639889
Epoch = 10
	Train cost = 0.614597,	Accuracy = 0.669543
	Test cost = 0.643831,	Accuracy = 0.639889
Epoch = 11
	Train cost = 0.609049,	Accuracy = 0.677988
	Test cost = 0.639839,	Accuracy = 0.639889
Epoch = 12
	Train cost = 0.604190,	Accuracy = 0.690839
	Test cost = 0.646704,	Accuracy = 0.639889
Epoch = 13
	Train cost = 0.597557,	Accuracy = 0.694878
	Test cost = 0.641603,	Accuracy = 0.653740
Epoch = 14
	Train cost = 0.592026,	Accuracy = 0.695796
	Test cost = 0.638431,	Accuracy = 0.642659
Epoch = 15
	Train cost = 0.586184,	Accuracy = 0.703139
	Test cost = 0.630732,	Accuracy = 0.628809
