nohup: ignoring input
Using gpu device 3: GeForce GTX TITAN X (CNMeM is disabled, cuDNN 5103)
/usr/local/lib/python2.7/dist-packages/theano/sandbox/cuda/__init__.py:600: UserWarning: Your cuDNN version is more recent than the one Theano officially supports. If you see any problems, try updating Theano or downgrading cuDNN to version 5.
  warnings.warn(warn)
gemo ba
../data_info/AMT_Batch3_results_large.csv
../data_info/AMT_Batch1_results_large.csv
../data_info/AMT_Batch2_results_large.csv
../data_info/AMT_Batch4_results_large.csv
D10S1
D10S2
D11S1
D11S2
D12S1
D12S2
D16S2
D17S1
D18S1
D3S1
D3S2
D4S1
D4S2
D5S1
D5S2
D6S1
D6S2
D7S1
D7S2
D8S1
D8S2
D9S1
D9S2
3
(1556, 76, 427) (1556,)
4
(411, 76, 427) (411,)
7
(1908, 76, 427) (1908,)
8
(761, 76, 427) (761,)
9
(1183, 76, 427) (1183,)
10
(846, 76, 427) (846,)
11
(1133, 76, 427) (1133,)
12
(260, 76, 427) (260,)
16
(422, 76, 427) (422,)
17
(361, 76, 427) (361,)
18
(308, 76, 427) (308,)
(7593, 76, 427) (1556, 76, 427)
bi-naive
Compiling function
Compilation done 1
Compilation done 2
Epoch = 1
	Train cost = 0.695058,	Accuracy = 0.537600
	Test cost = 0.700365,	Accuracy = 0.375964
Epoch = 2
	Train cost = 0.692450,	Accuracy = 0.527723
	Test cost = 0.703804,	Accuracy = 0.381105
Epoch = 3
	Train cost = 0.690577,	Accuracy = 0.542342
	Test cost = 0.708702,	Accuracy = 0.415810
Epoch = 4
	Train cost = 0.686467,	Accuracy = 0.565521
	Test cost = 0.715641,	Accuracy = 0.399100
Epoch = 5
	Train cost = 0.683555,	Accuracy = 0.571842
	Test cost = 0.716075,	Accuracy = 0.405527
Epoch = 6
	Train cost = 0.683644,	Accuracy = 0.564467
	Test cost = 0.719235,	Accuracy = 0.423522
Epoch = 7
	Train cost = 0.681785,	Accuracy = 0.576584
	Test cost = 0.725075,	Accuracy = 0.365681
Epoch = 8
	Train cost = 0.681709,	Accuracy = 0.572369
	Test cost = 0.724538,	Accuracy = 0.375964
Epoch = 9
	Train cost = 0.682582,	Accuracy = 0.558936
	Test cost = 0.725842,	Accuracy = 0.405527
Epoch = 10
	Train cost = 0.680062,	Accuracy = 0.566311
	Test cost = 0.732883,	Accuracy = 0.396530
Epoch = 11
	Train cost = 0.677930,	Accuracy = 0.577110
	Test cost = 0.732416,	Accuracy = 0.341260
Epoch = 12
	Train cost = 0.680960,	Accuracy = 0.553668
	Test cost = 0.729251,	Accuracy = 0.378535
Epoch = 13
	Train cost = 0.680579,	Accuracy = 0.563150
	Test cost = 0.732718,	Accuracy = 0.396530
Epoch = 14
	Train cost = 0.677032,	Accuracy = 0.573423
	Test cost = 0.734477,	Accuracy = 0.360540
Epoch = 15
	Train cost = 0.679615,	Accuracy = 0.563677
	Test cost = 0.730607,	Accuracy = 0.341260
(8738, 76, 427) (411, 76, 427)
bi-naive
Compiling function
Compilation done 1
Compilation done 2
Epoch = 1
	Train cost = 0.689090,	Accuracy = 0.534104
	Test cost = 0.706060,	Accuracy = 0.420925
Epoch = 2
	Train cost = 0.685870,	Accuracy = 0.559052
	Test cost = 0.701347,	Accuracy = 0.420925
Epoch = 3
	Train cost = 0.683361,	Accuracy = 0.549668
	Test cost = 0.717142,	Accuracy = 0.503650
Epoch = 4
	Train cost = 0.683187,	Accuracy = 0.552186
	Test cost = 0.714896,	Accuracy = 0.425791
Epoch = 5
	Train cost = 0.685339,	Accuracy = 0.552186
	Test cost = 0.723710,	Accuracy = 0.503650
Epoch = 6
	Train cost = 0.683652,	Accuracy = 0.554246
	Test cost = 0.697665,	Accuracy = 0.547445
Epoch = 7
	Train cost = 0.686834,	Accuracy = 0.564088
	Test cost = 0.689604,	Accuracy = 0.450122
Epoch = 8
	Train cost = 0.683597,	Accuracy = 0.543488
	Test cost = 0.689207,	Accuracy = 0.479319
Epoch = 9
	Train cost = 0.680178,	Accuracy = 0.567063
	Test cost = 0.685850,	Accuracy = 0.508516
Epoch = 10
	Train cost = 0.679403,	Accuracy = 0.560197
	Test cost = 0.682735,	Accuracy = 0.523114
Epoch = 11
	Train cost = 0.677141,	Accuracy = 0.565461
	Test cost = 0.696028,	Accuracy = 0.406326
Epoch = 12
	Train cost = 0.674257,	Accuracy = 0.565919
	Test cost = 0.689253,	Accuracy = 0.547445
Epoch = 13
	Train cost = 0.680311,	Accuracy = 0.552415
	Test cost = 0.721718,	Accuracy = 0.474453
Epoch = 14
	Train cost = 0.682480,	Accuracy = 0.550126
	Test cost = 0.694664,	Accuracy = 0.518248
Epoch = 15
	Train cost = 0.681279,	Accuracy = 0.568894
	Test cost = 0.707211,	Accuracy = 0.459854
(7241, 76, 427) (1908, 76, 427)
bi-naive
Compiling function
Compilation done 1
Compilation done 2
Epoch = 1
	Train cost = 0.698665,	Accuracy = 0.516918
	Test cost = 0.692344,	Accuracy = 0.506813
Epoch = 2
	Train cost = 0.690224,	Accuracy = 0.524099
	Test cost = 0.692383,	Accuracy = 0.495283
Epoch = 3
	Train cost = 0.691243,	Accuracy = 0.555172
	Test cost = 0.691924,	Accuracy = 0.480608
Epoch = 4
	Train cost = 0.687749,	Accuracy = 0.557658
	Test cost = 0.693738,	Accuracy = 0.495283
Epoch = 5
	Train cost = 0.683802,	Accuracy = 0.556139
	Test cost = 0.701732,	Accuracy = 0.521488
Epoch = 6
	Train cost = 0.684170,	Accuracy = 0.539704
	Test cost = 0.688746,	Accuracy = 0.499476
Epoch = 7
	Train cost = 0.686612,	Accuracy = 0.525342
	Test cost = 0.716090,	Accuracy = 0.501572
Epoch = 8
	Train cost = 0.684772,	Accuracy = 0.534733
	Test cost = 0.687553,	Accuracy = 0.542453
Epoch = 9
