nohup: ignoring input
Using gpu device 1: GeForce GTX TITAN X (CNMeM is disabled, cuDNN 5103)
/usr/local/lib/python2.7/dist-packages/theano/sandbox/cuda/__init__.py:600: UserWarning: Your cuDNN version is more recent than the one Theano officially supports. If you see any problems, try updating Theano or downgrading cuDNN to version 5.
  warnings.warn(warn)
hog ba
../data_info/AMT_Batch3_results_large.csv
../data_info/AMT_Batch1_results_large.csv
../data_info/AMT_Batch2_results_large.csv
../data_info/AMT_Batch4_results_large.csv
D10S1
D10S2
D11S1
D11S2
D12S1
D12S2
D16S2
D17S1
D18S1
D3S1
D3S2
D4S1
D4S2
D5S1
D5S2
D6S1
D6S2
D7S1
D7S2
D8S1
D8S2
D9S1
D9S2
3
(1645, 76, 1360) (1645,)
4
(577, 76, 1360) (577,)
7
(1813, 76, 1360) (1813,)
8
(1014, 76, 1360) (1014,)
9
(1100, 76, 1360) (1100,)
10
(876, 76, 1360) (876,)
11
(1138, 76, 1360) (1138,)
12
(1724, 76, 1360) (1724,)
16
(456, 76, 1360) (456,)
17
(348, 76, 1360) (348,)
18
(355, 76, 1360) (355,)
(9401, 76, 1360) (1645, 76, 1360)
bi-naive
Compiling function
Compilation done 1
Compilation done 2
Epoch = 1
	Train cost = 0.721343,	Accuracy = 0.513562
	Test cost = 0.693835,	Accuracy = 0.516109
Epoch = 2
	Train cost = 0.679631,	Accuracy = 0.588448
	Test cost = 0.683834,	Accuracy = 0.557447
Epoch = 3
	Train cost = 0.654020,	Accuracy = 0.640038
	Test cost = 0.673563,	Accuracy = 0.604863
Epoch = 4
	Train cost = 0.620301,	Accuracy = 0.670248
	Test cost = 0.669685,	Accuracy = 0.631611
Epoch = 5
	Train cost = 0.597133,	Accuracy = 0.695245
	Test cost = 0.679432,	Accuracy = 0.608511
Epoch = 6
	Train cost = 0.544083,	Accuracy = 0.736730
	Test cost = 0.679752,	Accuracy = 0.625532
Epoch = 7
	Train cost = 0.530704,	Accuracy = 0.750771
	Test cost = 0.709474,	Accuracy = 0.573252
Epoch = 8
	Train cost = 0.504516,	Accuracy = 0.760877
	Test cost = 0.747455,	Accuracy = 0.510030
Epoch = 9
	Train cost = 0.497176,	Accuracy = 0.760877
	Test cost = 0.721435,	Accuracy = 0.576900
Epoch = 10
	Train cost = 0.510865,	Accuracy = 0.752367
	Test cost = 0.748041,	Accuracy = 0.524620
Epoch = 11
	Train cost = 0.483440,	Accuracy = 0.767472
	Test cost = 0.729971,	Accuracy = 0.595137
Epoch = 12
	Train cost = 0.490526,	Accuracy = 0.768961
	Test cost = 0.743348,	Accuracy = 0.547720
Epoch = 13
	Train cost = 0.471411,	Accuracy = 0.777577
	Test cost = 0.807890,	Accuracy = 0.524620
Epoch = 14
	Train cost = 0.475942,	Accuracy = 0.772152
	Test cost = 0.753996,	Accuracy = 0.531915
Epoch = 15
	Train cost = 0.464431,	Accuracy = 0.780449
	Test cost = 0.729649,	Accuracy = 0.596353
(10469, 76, 1360) (577, 76, 1360)
bi-naive
Compiling function
Compilation done 1
Compilation done 2
Epoch = 1
	Train cost = 0.693515,	Accuracy = 0.499188
	Test cost = 0.668114,	Accuracy = 0.705373
Epoch = 2
	Train cost = 0.677980,	Accuracy = 0.580953
	Test cost = 0.638423,	Accuracy = 0.705373
Epoch = 3
	Train cost = 0.662504,	Accuracy = 0.633298
	Test cost = 0.657368,	Accuracy = 0.722704
Epoch = 4
	Train cost = 0.661689,	Accuracy = 0.598720
	Test cost = 0.622652,	Accuracy = 0.714038
Epoch = 5
	Train cost = 0.625452,	Accuracy = 0.677238
	Test cost = 0.652171,	Accuracy = 0.714038
Epoch = 6
	Train cost = 0.601347,	Accuracy = 0.694431
	Test cost = 0.654265,	Accuracy = 0.592721
Epoch = 7
	Train cost = 0.569503,	Accuracy = 0.703219
	Test cost = 0.659168,	Accuracy = 0.592721
Epoch = 8
	Train cost = 0.542847,	Accuracy = 0.738370
	Test cost = 0.688504,	Accuracy = 0.506066
Epoch = 9
	Train cost = 0.529719,	Accuracy = 0.745821
	Test cost = 0.699535,	Accuracy = 0.506066
Epoch = 10
	Train cost = 0.510421,	Accuracy = 0.759958
	Test cost = 0.724387,	Accuracy = 0.474870
Epoch = 11
	Train cost = 0.532219,	Accuracy = 0.739708
	Test cost = 0.682110,	Accuracy = 0.506066
Epoch = 12
	Train cost = 0.560464,	Accuracy = 0.755373
	Test cost = 0.678931,	Accuracy = 0.506066
Epoch = 13
	Train cost = 0.570456,	Accuracy = 0.726144
	Test cost = 0.680660,	Accuracy = 0.519931
Epoch = 14
	Train cost = 0.489522,	Accuracy = 0.765498
	Test cost = 0.713024,	Accuracy = 0.474870
Epoch = 15
	Train cost = 0.502295,	Accuracy = 0.753081
	Test cost = 0.693822,	Accuracy = 0.454073
(9233, 76, 1360) (1813, 76, 1360)
bi-naive
Compiling function
Compilation done 1
Compilation done 2
Epoch = 1
	Train cost = 0.690919,	Accuracy = 0.548251
	Test cost = 0.696637,	Accuracy = 0.552124
Epoch = 2
	Train cost = 0.665095,	Accuracy = 0.642911
	Test cost = 0.827307,	Accuracy = 0.518478
Epoch = 3
	Train cost = 0.636132,	Accuracy = 0.674970
	Test cost = 0.827839,	Accuracy = 0.453392
Epoch = 4
	Train cost = 0.610886,	Accuracy = 0.691216
	Test cost = 0.743007,	Accuracy = 0.508549
Epoch = 5
	Train cost = 0.592589,	Accuracy = 0.700964
	Test cost = 0.727881,	Accuracy = 0.523993
Epoch = 6
	Train cost = 0.574002,	Accuracy = 0.710712
	Test cost = 0.753778,	Accuracy = 0.476558
Epoch = 7
	Train cost = 0.538429,	Accuracy = 0.738871
	Test cost = 0.804820,	Accuracy = 0.488693
Epoch = 8
	Train cost = 0.528990,	Accuracy = 0.755334
	Test cost = 0.822145,	Accuracy = 0.456702
Epoch = 9
	Train cost = 0.509764,	Accuracy = 0.765948
	Test cost = 0.789969,	Accuracy = 0.501931
Epoch = 10
	Train cost = 0.523075,	Accuracy = 0.751652
	Test cost = 0.828888,	Accuracy = 0.485383
Epoch = 11
	Train cost = 0.492678,	Accuracy = 0.764432
	Test cost = 0.921252,	Accuracy = 0.467733
Epoch = 12
	Train cost = 0.500162,	Accuracy = 0.766165
	Test cost = 0.870128,	Accuracy = 0.461114
Epoch = 13
	Train cost = 0.478655,	Accuracy = 0.763782
	Test cost = 0.994937,	Accuracy = 0.475455
Epoch = 14
	Train cost = 0.482164,	Accuracy = 0.761183
	Test cost = 0.862170,	Accuracy = 0.482074
Epoch = 15
	Train cost = 0.474220,	Accuracy = 0.776129
	Test cost = 0.965710,	Accuracy = 0.446773
(10032, 76, 1360) (1014, 76, 1360)
bi-naive
Compiling function
Compilation done 1
Compilation done 2
Epoch = 1
	Train cost = 0.695463,	Accuracy = 0.548943
	Test cost = 0.680113,	Accuracy = 0.588757
Epoch = 2
	Train cost = 0.663318,	Accuracy = 0.606559
	Test cost = 0.687509,	Accuracy = 0.537475
Epoch = 3
	Train cost = 0.625016,	Accuracy = 0.670554
	Test cost = 0.836351,	Accuracy = 0.470414
Epoch = 4
	Train cost = 0.600485,	Accuracy = 0.689294
	Test cost = 0.765986,	Accuracy = 0.458580
Epoch = 5
	Train cost = 0.575478,	Accuracy = 0.718401
	Test cost = 0.763455,	Accuracy = 0.513807
Epoch = 6
	Train cost = 0.562758,	Accuracy = 0.725578
	Test cost = 0.742302,	Accuracy = 0.446746
Epoch = 7
	Train cost = 0.551947,	Accuracy = 0.730762
	Test cost = 0.769808,	Accuracy = 0.438856
Epoch = 8
	Train cost = 0.546954,	Accuracy = 0.731559
	Test cost = 0.740804,	Accuracy = 0.472387
Epoch = 9
	Train cost = 0.527382,	Accuracy = 0.742923
	Test cost = 0.738951,	Accuracy = 0.444773
Epoch = 10
	Train cost = 0.523834,	Accuracy = 0.740730
	Test cost = 0.737369,	Accuracy = 0.421105
Epoch = 11
	Train cost = 0.509242,	Accuracy = 0.746910
	Test cost = 0.722490,	Accuracy = 0.525641
Epoch = 12
	Train cost = 0.506144,	Accuracy = 0.759470
	Test cost = 0.778023,	Accuracy = 0.464497
Epoch = 13
	Train cost = 0.499729,	Accuracy = 0.755482
	Test cost = 0.823468,	Accuracy = 0.425049
Epoch = 14
	Train cost = 0.502692,	Accuracy = 0.754486
	Test cost = 0.811865,	Accuracy = 0.466469
Epoch = 15
	Train cost = 0.495176,	Accuracy = 0.758872
	Test cost = 0.827870,	Accuracy = 0.535503
(9946, 76, 1360) (1100, 76, 1360)
bi-naive
Compiling function
Compilation done 1
Compilation done 2
Epoch = 1
	Train cost = 0.689361,	Accuracy = 0.558617
	Test cost = 0.725301,	Accuracy = 0.403636
Epoch = 2
	Train cost = 0.651108,	Accuracy = 0.623969
	Test cost = 0.731379,	Accuracy = 0.421818
Epoch = 3
	Train cost = 0.624100,	Accuracy = 0.653730
	Test cost = 0.762423,	Accuracy = 0.478182
Epoch = 4
	Train cost = 0.642067,	Accuracy = 0.641263
	Test cost = 0.753819,	Accuracy = 0.450909
Epoch = 5
	Train cost = 0.599056,	Accuracy = 0.696964
	Test cost = 0.715094,	Accuracy = 0.563636
Epoch = 6
	Train cost = 0.575104,	Accuracy = 0.718882
	Test cost = 0.691919,	Accuracy = 0.638182
Epoch = 7
	Train cost = 0.554392,	Accuracy = 0.741404
	Test cost = 0.661376,	Accuracy = 0.669091
Epoch = 8
	Train cost = 0.538210,	Accuracy = 0.753469
	Test cost = 0.713073,	Accuracy = 0.605455
Epoch = 9
	Train cost = 0.526600,	Accuracy = 0.745224
	Test cost = 0.670755,	Accuracy = 0.620000
Epoch = 10
	Train cost = 0.516251,	Accuracy = 0.742007
	Test cost = 0.699470,	Accuracy = 0.594545
Epoch = 11
	Train cost = 0.500008,	Accuracy = 0.756686
	Test cost = 0.702017,	Accuracy = 0.689091
Epoch = 12
	Train cost = 0.507571,	Accuracy = 0.747235
	Test cost = 0.681427,	Accuracy = 0.636364
Epoch = 13
	Train cost = 0.494693,	Accuracy = 0.758697
	Test cost = 0.671171,	Accuracy = 0.587273
Epoch = 14
	Train cost = 0.493809,	Accuracy = 0.755882
	Test cost = 0.699873,	Accuracy = 0.560000
Epoch = 15
	Train cost = 0.485352,	Accuracy = 0.761512
	Test cost = 0.692182,	Accuracy = 0.596364
(10170, 76, 1360) (876, 76, 1360)
bi-naive
Compiling function
Compilation done 1
Compilation done 2
Epoch = 1
	Train cost = 0.688954,	Accuracy = 0.560177
	Test cost = 0.638781,	Accuracy = 0.608447
Epoch = 2
	Train cost = 0.648044,	Accuracy = 0.633727
	Test cost = 0.648710,	Accuracy = 0.608447
Epoch = 3
	Train cost = 0.610516,	Accuracy = 0.687217
	Test cost = 0.699268,	Accuracy = 0.617580
Epoch = 4
	Train cost = 0.575143,	Accuracy = 0.721632
	Test cost = 0.676208,	Accuracy = 0.665525
Epoch = 5
	Train cost = 0.566134,	Accuracy = 0.733038
	Test cost = 0.693053,	Accuracy = 0.640411
Epoch = 6
	Train cost = 0.542747,	Accuracy = 0.738741
	Test cost = 0.715626,	Accuracy = 0.626712
Epoch = 7
	Train cost = 0.542021,	Accuracy = 0.737758
	Test cost = 0.975344,	Accuracy = 0.594749
Epoch = 8
	Train cost = 0.542043,	Accuracy = 0.749164
	Test cost = 0.679012,	Accuracy = 0.594749
Epoch = 9
	Train cost = 0.542052,	Accuracy = 0.749361
	Test cost = 0.714660,	Accuracy = 0.549087
Epoch = 10
	Train cost = 0.533866,	Accuracy = 0.746214
	Test cost = 0.780673,	Accuracy = 0.569635
Epoch = 11
	Train cost = 0.506560,	Accuracy = 0.767650
	Test cost = 0.680254,	Accuracy = 0.635845
Epoch = 12
	Train cost = 0.506455,	Accuracy = 0.754277
	Test cost = 0.728968,	Accuracy = 0.514840
Epoch = 13
	Train cost = 0.502930,	Accuracy = 0.760570
	Test cost = 0.682754,	Accuracy = 0.594749
Epoch = 14
	Train cost = 0.476532,	Accuracy = 0.775713
	Test cost = 0.695071,	Accuracy = 0.578767
Epoch = 15
	Train cost = 0.480550,	Accuracy = 0.770010
	Test cost = 0.751917,	Accuracy = 0.496575
(9908, 76, 1360) (1138, 76, 1360)
bi-naive
Compiling function
Compilation done 1
Compilation done 2
Epoch = 1
	Train cost = 0.687568,	Accuracy = 0.553997
	Test cost = 0.664420,	Accuracy = 0.637083
Epoch = 2
	Train cost = 0.655244,	Accuracy = 0.609306
	Test cost = 0.666884,	Accuracy = 0.600176
Epoch = 3
	Train cost = 0.642721,	Accuracy = 0.645842
	Test cost = 0.665119,	Accuracy = 0.593146
Epoch = 4
	Train cost = 0.616687,	Accuracy = 0.664614
	Test cost = 0.655186,	Accuracy = 0.603691
Epoch = 5
	Train cost = 0.578010,	Accuracy = 0.700949
	Test cost = 0.674440,	Accuracy = 0.580844
Epoch = 6
	Train cost = 0.552826,	Accuracy = 0.740109
	Test cost = 0.692323,	Accuracy = 0.633568
Epoch = 7
	Train cost = 0.528324,	Accuracy = 0.739503
	Test cost = 0.703786,	Accuracy = 0.640598
Epoch = 8
	Train cost = 0.508078,	Accuracy = 0.737889
	Test cost = 0.680639,	Accuracy = 0.603691
Epoch = 9
	Train cost = 0.502162,	Accuracy = 0.744348
	Test cost = 0.669672,	Accuracy = 0.638840
Epoch = 10
	Train cost = 0.480556,	Accuracy = 0.760295
	Test cost = 0.670945,	Accuracy = 0.614236
Epoch = 11
	Train cost = 0.475574,	Accuracy = 0.766754
	Test cost = 0.656672,	Accuracy = 0.642355
Epoch = 12
	Train cost = 0.470979,	Accuracy = 0.765139
	Test cost = 0.675691,	Accuracy = 0.631810
Epoch = 13
	Train cost = 0.469085,	Accuracy = 0.765139
	Test cost = 0.692818,	Accuracy = 0.605448
Epoch = 14
	Train cost = 0.464461,	Accuracy = 0.768975
	Test cost = 0.672439,	Accuracy = 0.628295
Epoch = 15
	Train cost = 0.460716,	Accuracy = 0.773214
	Test cost = 0.686709,	Accuracy = 0.615993
(9322, 76, 1360) (1724, 76, 1360)
bi-naive
Compiling function
Compilation done 1
Compilation done 2
Epoch = 1
	Train cost = 0.689810,	Accuracy = 0.545698
	Test cost = 0.637795,	Accuracy = 0.624710
Epoch = 2
	Train cost = 0.653707,	Accuracy = 0.640742
	Test cost = 0.607933,	Accuracy = 0.667633
Epoch = 3
	Train cost = 0.616674,	Accuracy = 0.674212
	Test cost = 0.601536,	Accuracy = 0.624710
Epoch = 4
	Train cost = 0.607247,	Accuracy = 0.670564
	Test cost = 0.602392,	Accuracy = 0.683875
Epoch = 5
	Train cost = 0.575382,	Accuracy = 0.710041
	Test cost = 0.602873,	Accuracy = 0.627030
Epoch = 6
	Train cost = 0.562815,	Accuracy = 0.729779
	Test cost = 0.606114,	Accuracy = 0.664153
Epoch = 7
	Train cost = 0.554838,	Accuracy = 0.729135
	Test cost = 0.610220,	Accuracy = 0.657193
Epoch = 8
	Train cost = 0.534589,	Accuracy = 0.743725
	Test cost = 0.621838,	Accuracy = 0.635151
Epoch = 9
	Train cost = 0.529841,	Accuracy = 0.746943
	Test cost = 0.586362,	Accuracy = 0.667633
Epoch = 10
	Train cost = 0.520666,	Accuracy = 0.751448
	Test cost = 0.575350,	Accuracy = 0.698956
Epoch = 11
	Train cost = 0.508531,	Accuracy = 0.750590
	Test cost = 0.602352,	Accuracy = 0.694316
Epoch = 12
	Train cost = 0.513101,	Accuracy = 0.744583
	Test cost = 0.606237,	Accuracy = 0.686195
Epoch = 13
	Train cost = 0.510983,	Accuracy = 0.747801
	Test cost = 0.614277,	Accuracy = 0.628190
Epoch = 14
	Train cost = 0.500391,	Accuracy = 0.751877
	Test cost = 0.617541,	Accuracy = 0.669954
Epoch = 15
	Train cost = 0.497671,	Accuracy = 0.756812
	Test cost = 0.589701,	Accuracy = 0.737239
(10590, 76, 1360) (456, 76, 1360)
bi-naive
Compiling function
Compilation done 1
Compilation done 2
Epoch = 1
	Train cost = 0.687420,	Accuracy = 0.538055
	Test cost = 0.709841,	Accuracy = 0.394737
Epoch = 2
	Train cost = 0.649465,	Accuracy = 0.642304
	Test cost = 0.958715,	Accuracy = 0.342105
Epoch = 3
	Train cost = 0.600276,	Accuracy = 0.686686
	Test cost = 0.783563,	Accuracy = 0.394737
Epoch = 4
	Train cost = 0.606379,	Accuracy = 0.680076
	Test cost = 0.817779,	Accuracy = 0.456140
Epoch = 5
	Train cost = 0.570966,	Accuracy = 0.706327
	Test cost = 0.823078,	Accuracy = 0.416667
Epoch = 6
	Train cost = 0.557496,	Accuracy = 0.725401
	Test cost = 0.899753,	Accuracy = 0.407895
Epoch = 7
	Train cost = 0.550024,	Accuracy = 0.745609
	Test cost = 0.826842,	Accuracy = 0.416667
Epoch = 8
	Train cost = 0.539562,	Accuracy = 0.731256
	Test cost = 0.919199,	Accuracy = 0.469298
Epoch = 9
	Train cost = 0.534818,	Accuracy = 0.738055
	Test cost = 0.798327,	Accuracy = 0.500000
Epoch = 10
	Train cost = 0.520046,	Accuracy = 0.737866
	Test cost = 0.779480,	Accuracy = 0.517544
Epoch = 11
	Train cost = 0.509088,	Accuracy = 0.753352
	Test cost = 0.781610,	Accuracy = 0.500000
Epoch = 12
	Train cost = 0.495831,	Accuracy = 0.764873
	Test cost = 0.816157,	Accuracy = 0.421053
Epoch = 13
	Train cost = 0.490255,	Accuracy = 0.770538
	Test cost = 0.821006,	Accuracy = 0.434211
Epoch = 14
	Train cost = 0.484378,	Accuracy = 0.762606
	Test cost = 0.788494,	Accuracy = 0.521930
Epoch = 15
	Train cost = 0.489504,	Accuracy = 0.759396
	Test cost = 0.796339,	Accuracy = 0.500000
(10698, 76, 1360) (348, 76, 1360)
bi-naive
Compiling function
Compilation done 1
Compilation done 2
Epoch = 1
	Train cost = 0.687857,	Accuracy = 0.538044
	Test cost = 0.658417,	Accuracy = 0.620690
Epoch = 2
	Train cost = 0.649257,	Accuracy = 0.640681
	Test cost = 0.636372,	Accuracy = 0.563218
Epoch = 3
	Train cost = 0.616971,	Accuracy = 0.675827
	Test cost = 0.671164,	Accuracy = 0.563218
Epoch = 4
	Train cost = 0.596431,	Accuracy = 0.701440
	Test cost = 0.716895,	Accuracy = 0.563218
Epoch = 5
	Train cost = 0.584831,	Accuracy = 0.708544
	Test cost = 0.811537,	Accuracy = 0.465517
Epoch = 6
	Train cost = 0.566598,	Accuracy = 0.720882
	Test cost = 0.937536,	Accuracy = 0.408046
Epoch = 7
	Train cost = 0.552442,	Accuracy = 0.725182
	Test cost = 0.736818,	Accuracy = 0.534483
Epoch = 8
	Train cost = 0.538559,	Accuracy = 0.737334
	Test cost = 0.824876,	Accuracy = 0.626437
Epoch = 9
	Train cost = 0.532722,	Accuracy = 0.739764
	Test cost = 0.651337,	Accuracy = 0.620690
Epoch = 10
	Train cost = 0.518611,	Accuracy = 0.749486
	Test cost = 0.710779,	Accuracy = 0.597701
Epoch = 11
	Train cost = 0.533414,	Accuracy = 0.744812
	Test cost = 0.632428,	Accuracy = 0.557471
Epoch = 12
	Train cost = 0.525929,	Accuracy = 0.752664
	Test cost = 0.692137,	Accuracy = 0.551724
Epoch = 13
	Train cost = 0.507653,	Accuracy = 0.761264
	Test cost = 0.785390,	Accuracy = 0.471264
Epoch = 14
	Train cost = 0.498727,	Accuracy = 0.758460
	Test cost = 0.576781,	Accuracy = 0.626437
Epoch = 15
	Train cost = 0.508768,	Accuracy = 0.753599
	Test cost = 0.671249,	Accuracy = 0.620690
(10691, 76, 1360) (355, 76, 1360)
bi-naive
Compiling function
Compilation done 1
Compilation done 2
Epoch = 1
	Train cost = 0.686659,	Accuracy = 0.543167
	Test cost = 0.695919,	Accuracy = 0.515493
Epoch = 2
	Train cost = 0.658996,	Accuracy = 0.624170
	Test cost = 0.646848,	Accuracy = 0.692958
Epoch = 3
	Train cost = 0.632495,	Accuracy = 0.639697
	Test cost = 0.677100,	Accuracy = 0.614085
Epoch = 4
	Train cost = 0.600259,	Accuracy = 0.699935
	Test cost = 0.969382,	Accuracy = 0.394366
Epoch = 5
	Train cost = 0.593295,	Accuracy = 0.708914
	Test cost = 0.706594,	Accuracy = 0.535211
Epoch = 6
	Train cost = 0.596456,	Accuracy = 0.688710
	Test cost = 0.778403,	Accuracy = 0.456338
Epoch = 7
	Train cost = 0.565421,	Accuracy = 0.723319
	Test cost = 0.702706,	Accuracy = 0.535211
Epoch = 8
	Train cost = 0.563831,	Accuracy = 0.722196
	Test cost = 0.792471,	Accuracy = 0.535211
Epoch = 9
	Train cost = 0.573722,	Accuracy = 0.723506
	Test cost = 0.750004,	Accuracy = 0.540845
Epoch = 10
	Train cost = 0.554682,	Accuracy = 0.741091
	Test cost = 0.708423,	Accuracy = 0.630986
Epoch = 11
	Train cost = 0.539223,	Accuracy = 0.739033
	Test cost = 0.777703,	Accuracy = 0.602817
Epoch = 12
	Train cost = 0.529778,	Accuracy = 0.748574
	Test cost = 0.791874,	Accuracy = 0.630986
Epoch = 13
	Train cost = 0.508234,	Accuracy = 0.752315
	Test cost = 0.749263,	Accuracy = 0.630986
Epoch = 14
	Train cost = 0.502200,	Accuracy = 0.752689
	Test cost = 0.719641,	Accuracy = 0.552113
Epoch = 15
	Train cost = 0.508247,	Accuracy = 0.757740
	Test cost = 0.797830,	Accuracy = 0.456338
